# kdesrc-build running: 'make' '-j' '8'
# from directory: /home/szybet/kdesrc/build/frameworks/kirigami
Installing in /mnt/HDD/Project/Public/okulartry/okular-things. Run /home/szybet/kdesrc/build/frameworks/kirigami/prefix.sh to set the environment for kirigami2.
Installing in /mnt/HDD/Project/Public/okulartry/okular-things. Run /home/szybet/kdesrc/build/frameworks/kirigami/prefix.sh to set the environment for kirigami2.
-- Could NOT find OpenMP_C (missing: OpenMP_C_FLAGS OpenMP_C_LIB_NAMES) 
-- Could NOT find OpenMP_CXX (missing: OpenMP_CXX_FLAGS OpenMP_CXX_LIB_NAMES) 
-- Could NOT find OpenMP (missing: OpenMP_C_FOUND OpenMP_CXX_FOUND) 
-- The following RUNTIME packages have been found:

 * QtGraphicalEffects-QMLModule, QML module 'QtGraphicalEffects' is a runtime dependency.

-- The following OPTIONAL packages have been found:

 * Qt5DBus

-- The following REQUIRED packages have been found:

 * ECM (required version >= 5.106.0), Extra CMake Modules., <https://commits.kde.org/extra-cmake-modules>
 * Qt5Network (required version >= 5.15.2)
 * Qt5Qml (required version >= 5.15.2)
 * Qt5QmlModels (required version >= 5.15.2)
 * Qt5Quick
 * Qt5Gui
 * Qt5Widgets (required version >= 5.15.2)
 * Qt5Svg
 * Qt5QuickControls2
 * Qt5Concurrent
 * Qt5 (required version >= 5.15.2)
 * Qt5Core
 * Qt5LinguistTools

-- The following features have been disabled:

 * QtGuiOpenGL, QtGui built with support for OpenGL
 * QCH, API documentation in QCH format (for e.g. Qt Assistant, Qt Creator & KDevelop)

-- The following OPTIONAL packages have not been found:

 * OpenMP, Multi-platform shared-memory parallel programming in C/C++ and Fortran
   Accelerates palette generation in Kirigami.ImageColors

-- Configuring done (0.4s)
-- Generating done (0.1s)
-- Build files have been written to: /home/szybet/kdesrc/build/frameworks/kirigami
[  3%] Built target translations_1
[  3%] Built target translations_3
[  3%] Built target translations_5
[  4%] Built target translations_2
[  5%] Built target translations_4
[  6%] Built target translations_6
[  7%] Built target translations_7
[  8%] Built target translations_8
[  9%] Built target translations_13
[ 10%] Built target translations_10
[ 11%] Built target translations_11
[ 12%] Built target translations_12
[ 15%] Built target translations_9
[ 15%] Built target translations_15
[ 15%] Built target translations_14
[ 16%] Built target translations_16
[ 17%] Built target translations_18
[ 18%] Built target translations_21
[ 19%] Built target translations_22
[ 20%] Built target translations_17
[ 21%] Built target translations_19
[ 22%] Built target translations_20
[ 23%] Built target translations_24
[ 25%] Built target translations_23
[ 26%] Built target translations_25
[ 27%] Built target translations_28
[ 28%] Built target translations_26
[ 29%] Built target translations_27
[ 30%] Built target translations_29
[ 31%] Built target translations_30
[ 32%] Built target translations_32
[ 33%] Built target translations_31
[ 34%] Built target translations_33
[ 35%] Built target translations_34
[ 36%] Built target translations_36
[ 37%] Built target translations_37
[ 38%] Built target translations_35
[ 40%] Built target translations_39
[ 40%] Built target translations_38
[ 41%] Built target translations_40
[ 42%] Built target translations_41
[ 43%] Built target translations_42
[ 44%] Built target translations_43
[ 45%] Built target translations_45
[ 46%] Built target translations_44
[ 47%] Automatic MOC for target KF5Kirigami2
[ 50%] Built target translations_47
[ 50%] Built target translations_46
[ 51%] Generating kirigami.tar.bz2
[ 51%] Built target KF5Kirigami2_autogen
[ 51%] Built target kirigami_kapptemplate
[ 67%] Built target KF5Kirigami2
[ 68%] Automatic MOC for target KirigamiPlugin
[ 68%] Built target KirigamiPlugin_autogen
[100%] Built target KirigamiPlugin
