# kdesrc-build running: 'make' '-j' '8'
# from directory: /home/szybet/kdesrc/build/frameworks/kjobwidgets
[  0%] Generating ECMPoQm/af/kjobwidgets5_qt.qm
[  1%] Generating ECMPoQm/ar/kjobwidgets5_qt.qm
[  3%] Generating ECMPoQm/az/kjobwidgets5_qt.qm
[  3%] Generating ECMPoQm/as/kjobwidgets5_qt.qm
[  4%] Generating ECMPoQm/be@latin/kjobwidgets5_qt.qm
[  5%] Generating ECMPoQm/bn/kjobwidgets5_qt.qm
[  5%] Generating ECMPoQm/be/kjobwidgets5_qt.qm
[  6%] Generating ECMPoQm/bg/kjobwidgets5_qt.qm
[  6%] Built target translations_4
[  6%] Built target translations_2
[  6%] Built target translations_7
[  7%] Generating ECMPoQm/bn_IN/kjobwidgets5_qt.qm
[  8%] Generating ECMPoQm/bs/kjobwidgets5_qt.qm
Removed plural forms as the target language has less forms.
If this sounds wrong, possibly the target language is not set or recognized.
[  9%] Generating ECMPoQm/br/kjobwidgets5_qt.qm
[  9%] Built target translations_11
[  9%] Generating ECMPoQm/ca/kjobwidgets5_qt.qm
[  9%] Built target translations_5
[  9%] Built target translations_6
[  9%] Built target translations_3
[  9%] Built target translations_8
[  9%] Built target translations_12
[  9%] Built target translations_1
[ 10%] Generating ECMPoQm/ca@valencia/kjobwidgets5_qt.qm
[ 11%] Generating ECMPoQm/crh/kjobwidgets5_qt.qm
[ 12%] Generating ECMPoQm/cs/kjobwidgets5_qt.qm
[ 12%] Generating ECMPoQm/csb/kjobwidgets5_qt.qm
[ 13%] Generating ECMPoQm/cy/kjobwidgets5_qt.qm
[ 13%] Built target translations_9
[ 13%] Built target translations_13
[ 14%] Generating ECMPoQm/da/kjobwidgets5_qt.qm
[ 14%] Built target translations_15
[ 15%] Generating ECMPoQm/de/kjobwidgets5_qt.qm
[ 15%] Generating ECMPoQm/el/kjobwidgets5_qt.qm
[ 16%] Generating ECMPoQm/en/kjobwidgets5_qt.qm
[ 16%] Built target translations_10
Removed plural forms as the target language has less forms.
If this sounds wrong, possibly the target language is not set or recognized.
Removed plural forms as the target language has less forms.
If this sounds wrong, possibly the target language is not set or recognized.
[ 16%] Built target translations_21
[ 17%] Generating ECMPoQm/en_GB/kjobwidgets5_qt.qm
[ 18%] Generating ECMPoQm/eo/kjobwidgets5_qt.qm
[ 18%] Built target translations_14
[ 18%] Built target translations_23
[ 18%] Built target translations_16
[ 18%] Generating ECMPoQm/es/kjobwidgets5_qt.qm
[ 20%] Generating ECMPoQm/et/kjobwidgets5_qt.qm
[ 20%] Generating ECMPoQm/eu/kjobwidgets5_qt.qm
[ 19%] Built target translations_19
[ 20%] Built target translations_17
[ 20%] Built target translations_18
[ 21%] Generating ECMPoQm/fi/kjobwidgets5_qt.qm
[ 22%] Generating ECMPoQm/fa/kjobwidgets5_qt.qm
[ 22%] Generating ECMPoQm/fr/kjobwidgets5_qt.qm
[ 22%] Built target translations_20
[ 22%] Built target translations_22
[ 23%] Generating ECMPoQm/fy/kjobwidgets5_qt.qm
[ 24%] Generating ECMPoQm/ga/kjobwidgets5_qt.qm
[ 24%] Built target translations_24
[ 24%] Built target translations_26
[ 24%] Generating ECMPoQm/gd/kjobwidgets5_qt.qm
[ 25%] Generating ECMPoQm/gl/kjobwidgets5_qt.qm
[ 25%] Built target translations_32
[ 25%] Built target translations_25
[ 25%] Built target translations_29
[ 25%] Built target translations_28
[ 26%] Generating ECMPoQm/gu/kjobwidgets5_qt.qm
[ 26%] Built target translations_27
Removed plural forms as the target language has less forms.
If this sounds wrong, possibly the target language is not set or recognized.
[ 26%] Built target translations_30
[ 27%] Generating ECMPoQm/ha/kjobwidgets5_qt.qm
[ 28%] Generating ECMPoQm/hi/kjobwidgets5_qt.qm
[ 28%] Generating ECMPoQm/he/kjobwidgets5_qt.qm
[ 29%] Generating ECMPoQm/hne/kjobwidgets5_qt.qm
[ 29%] Built target translations_35
[ 30%] Generating ECMPoQm/hr/kjobwidgets5_qt.qm
[ 30%] Built target translations_36
[ 31%] Generating ECMPoQm/hsb/kjobwidgets5_qt.qm
[ 31%] Built target translations_31
[ 31%] Generating ECMPoQm/hu/kjobwidgets5_qt.qm
[ 31%] Built target translations_33
[ 32%] Generating ECMPoQm/hy/kjobwidgets5_qt.qm
Removed plural forms as the target language has less forms.
If this sounds wrong, possibly the target language is not set or recognized.
[ 33%] Generating ECMPoQm/ia/kjobwidgets5_qt.qm
Removed plural forms as the target language has less forms.
If this sounds wrong, possibly the target language is not set or recognized.
Removed plural forms as the target language has less forms.
If this sounds wrong, possibly the target language is not set or recognized.
[ 33%] Built target translations_34
[ 33%] Built target translations_37
[ 33%] Built target translations_38
[ 34%] Generating ECMPoQm/id/kjobwidgets5_qt.qm
Removed plural forms as the target language has less forms.
If this sounds wrong, possibly the target language is not set or recognized.
[ 34%] Built target translations_39
[ 34%] Generating ECMPoQm/is/kjobwidgets5_qt.qm
[ 35%] Generating ECMPoQm/it/kjobwidgets5_qt.qm
[ 35%] Built target translations_41
[ 35%] Built target translations_40
[ 36%] Generating ECMPoQm/ja/kjobwidgets5_qt.qm
Removed plural forms as the target language has less forms.
If this sounds wrong, possibly the target language is not set or recognized.
[ 37%] Generating ECMPoQm/ka/kjobwidgets5_qt.qm
[ 38%] Generating ECMPoQm/kk/kjobwidgets5_qt.qm
[ 38%] Built target translations_42
[ 38%] Built target translations_47
[ 38%] Built target translations_43
Removed plural forms as the target language has less forms.
If this sounds wrong, possibly the target language is not set or recognized.
[ 40%] Generating ECMPoQm/kn/kjobwidgets5_qt.qm
[ 40%] Generating ECMPoQm/km/kjobwidgets5_qt.qm
[ 40%] Built target translations_48
[ 41%] Generating ECMPoQm/ko/kjobwidgets5_qt.qm
[ 41%] Built target translations_45
[ 41%] Generating ECMPoQm/ku/kjobwidgets5_qt.qm
[ 41%] Built target translations_44
[ 42%] Generating ECMPoQm/lb/kjobwidgets5_qt.qm
[ 42%] Built target translations_52
[ 43%] Generating ECMPoQm/lt/kjobwidgets5_qt.qm
[ 43%] Built target translations_46
Removed plural forms as the target language has less forms.
If this sounds wrong, possibly the target language is not set or recognized.
[ 44%] Generating ECMPoQm/lv/kjobwidgets5_qt.qm
[ 44%] Built target translations_55
[ 45%] Built target translations_49
[ 45%] Generating ECMPoQm/mai/kjobwidgets5_qt.qm
[ 45%] Built target translations_50
[ 45%] Generating ECMPoQm/mk/kjobwidgets5_qt.qm
[ 46%] Generating ECMPoQm/ml/kjobwidgets5_qt.qm
[ 46%] Built target translations_51
[ 47%] Generating ECMPoQm/mr/kjobwidgets5_qt.qm
[ 47%] Generating ECMPoQm/ms/kjobwidgets5_qt.qm
Removed plural forms as the target language has less forms.
If this sounds wrong, possibly the target language is not set or recognized.
[ 47%] Built target translations_53
[ 48%] Generating ECMPoQm/nb/kjobwidgets5_qt.qm
[ 48%] Built target translations_57
[ 48%] Built target translations_62
[ 48%] Built target translations_56
Removed plural forms as the target language has less forms.
If this sounds wrong, possibly the target language is not set or recognized.
[ 48%] Built target translations_54
[ 50%] Generating ECMPoQm/nds/kjobwidgets5_qt.qm
[ 50%] Built target translations_59
[ 51%] Generating ECMPoQm/ne/kjobwidgets5_qt.qm
[ 51%] Built target translations_58
[ 52%] Generating ECMPoQm/nl/kjobwidgets5_qt.qm
[ 52%] Generating ECMPoQm/nn/kjobwidgets5_qt.qm
[ 53%] Generating ECMPoQm/oc/kjobwidgets5_qt.qm
[ 54%] Generating ECMPoQm/or/kjobwidgets5_qt.qm
[ 54%] Built target translations_61
[ 54%] Built target translations_60
[ 54%] Built target translations_66
[ 55%] Generating ECMPoQm/pa/kjobwidgets5_qt.qm
Removed plural forms as the target language has less forms.
If this sounds wrong, possibly the target language is not set or recognized.
[ 56%] Generating ECMPoQm/ps/kjobwidgets5_qt.qm
[ 56%] Generating ECMPoQm/pl/kjobwidgets5_qt.qm
[ 56%] Built target translations_67
[ 56%] Built target translations_65
[ 56%] Built target translations_63
[ 56%] Built target translations_64
[ 57%] Generating ECMPoQm/pt/kjobwidgets5_qt.qm
[ 57%] Built target translations_68
[ 58%] Generating ECMPoQm/pt_BR/kjobwidgets5_qt.qm
[ 58%] Built target translations_72
[ 58%] Generating ECMPoQm/ro/kjobwidgets5_qt.qm
[ 59%] Generating ECMPoQm/ru/kjobwidgets5_qt.qm
[ 60%] Generating ECMPoQm/se/kjobwidgets5_qt.qm
[ 61%] Generating ECMPoQm/si/kjobwidgets5_qt.qm
[ 61%] Built target translations_69
[ 61%] Built target translations_71
[ 61%] Built target translations_70
[ 61%] Built target translations_73
[ 61%] Built target translations_76
[ 62%] Generating ECMPoQm/sk/kjobwidgets5_qt.qm
[ 63%] Generating ECMPoQm/sq/kjobwidgets5_qt.qm
[ 63%] Generating ECMPoQm/sl/kjobwidgets5_qt.qm
[ 64%] Generating ECMPoQm/sr/kjobwidgets5_qt.qm
Removed plural forms as the target language has less forms.
If this sounds wrong, possibly the target language is not set or recognized.
[ 64%] Generating ECMPoQm/sr@ijekavian/kjobwidgets5_qt.qm
[ 64%] Built target translations_81
[ 64%] Built target translations_82
[ 64%] Built target translations_77
[ 64%] Built target translations_74
[ 64%] Built target translations_75
[ 65%] Generating ECMPoQm/sr@ijekavianlatin/kjobwidgets5_qt.qm
[ 65%] Built target translations_80
[ 66%] Generating ECMPoQm/sr@latin/kjobwidgets5_qt.qm
[ 66%] Built target translations_78
[ 67%] Generating ECMPoQm/sv/kjobwidgets5_qt.qm
[ 67%] Built target translations_83
[ 67%] Built target translations_79
[ 68%] Generating ECMPoQm/ta/kjobwidgets5_qt.qm
[ 68%] Generating ECMPoQm/te/kjobwidgets5_qt.qm
[ 69%] Generating ECMPoQm/th/kjobwidgets5_qt.qm
[ 69%] Built target translations_85
[ 70%] Generating ECMPoQm/tg/kjobwidgets5_qt.qm
[ 70%] Built target translations_84
[ 71%] Generating ECMPoQm/tt/kjobwidgets5_qt.qm
[ 71%] Generating ECMPoQm/tr/kjobwidgets5_qt.qm
Removed plural forms as the target language has less forms.
If this sounds wrong, possibly the target language is not set or recognized.
[ 72%] Generating ECMPoQm/ug/kjobwidgets5_qt.qm
Removed plural forms as the target language has less forms.
If this sounds wrong, possibly the target language is not set or recognized.
[ 73%] Generating ECMPoQm/uk/kjobwidgets5_qt.qm
[ 73%] Built target translations_90
Removed plural forms as the target language has less forms.
If this sounds wrong, possibly the target language is not set or recognized.
[ 74%] Generating ECMPoQm/uz/kjobwidgets5_qt.qm
Removed plural forms as the target language has less forms.
If this sounds wrong, possibly the target language is not set or recognized.
[ 74%] Built target translations_86
[ 74%] Built target translations_93
[ 74%] Built target translations_87
[ 74%] Built target translations_88
[ 75%] Generating ECMPoQm/vi/kjobwidgets5_qt.qm
[ 75%] Built target translations_89
[ 75%] Generating ECMPoQm/uz@cyrillic/kjobwidgets5_qt.qm
[ 75%] Built target translations_91
[ 75%] Built target translations_92
[ 76%] Generating ECMPoQm/xh/kjobwidgets5_qt.qm
[ 77%] Generating ECMPoQm/wa/kjobwidgets5_qt.qm
[ 77%] Built target translations_96
[ 78%] Generating ECMPoQm/zh_CN/kjobwidgets5_qt.qm
[ 79%] Generating ECMPoQm/zh_HK/kjobwidgets5_qt.qm
[ 80%] Generating ECMPoQm/zh_TW/kjobwidgets5_qt.qm
[ 81%] Automatic MOC for target KF5JobWidgets
[ 81%] Built target translations_99
[ 81%] Built target translations_101
[ 81%] Built target translations_94
[ 81%] Built target translations_95
[ 81%] Built target translations_98
[ 81%] Built target translations_97
[ 81%] Built target translations_100
[ 81%] Built target KF5JobWidgets_autogen
[ 85%] Generating jobviewserverv2interface.cpp, jobviewserverv2interface.h
[ 85%] Generating jobviewv3iface.cpp, jobviewv3iface.h
[ 85%] Generating jobviewserverinterface.cpp, jobviewserverinterface.h
[ 85%] Generating jobviewiface.cpp, jobviewiface.h
[ 86%] Generating jobviewv3iface.moc
[ 86%] Generating jobviewserverinterface.moc
[ 86%] Generating jobviewserverv2interface.moc
[ 87%] Generating jobviewiface.moc
[ 88%] Building CXX object src/CMakeFiles/KF5JobWidgets.dir/ECMQmLoader-kjobwidgets5_qt.cpp.o
[ 89%] Building CXX object src/CMakeFiles/KF5JobWidgets.dir/kabstractwidgetjobtracker.cpp.o
[ 88%] Building CXX object src/CMakeFiles/KF5JobWidgets.dir/kdialogjobuidelegate.cpp.o
[ 90%] Building CXX object src/CMakeFiles/KF5JobWidgets.dir/kjobtrackerformatters.cpp.o
[ 90%] Building CXX object src/CMakeFiles/KF5JobWidgets.dir/kjobwidgets.cpp.o
[ 91%] Building CXX object src/CMakeFiles/KF5JobWidgets.dir/KF5JobWidgets_autogen/mocs_compilation.cpp.o
[ 92%] Building CXX object src/CMakeFiles/KF5JobWidgets.dir/kwidgetjobtracker.cpp.o
[ 93%] Building CXX object src/CMakeFiles/KF5JobWidgets.dir/kstatusbarjobtracker.cpp.o
[ 94%] Building CXX object src/CMakeFiles/KF5JobWidgets.dir/jobviewserverinterface.cpp.o
[ 95%] Building CXX object src/CMakeFiles/KF5JobWidgets.dir/jobviewiface.cpp.o
[ 95%] Building CXX object src/CMakeFiles/KF5JobWidgets.dir/jobviewserverv2interface.cpp.o
[ 96%] Building CXX object src/CMakeFiles/KF5JobWidgets.dir/jobviewv3iface.cpp.o
[ 97%] Building CXX object src/CMakeFiles/KF5JobWidgets.dir/kuiserverjobtracker.cpp.o
[ 98%] Building CXX object src/CMakeFiles/KF5JobWidgets.dir/kuiserverv2jobtracker.cpp.o
[ 98%] Building CXX object src/CMakeFiles/KF5JobWidgets.dir/debug.cpp.o
[100%] Linking CXX shared library ../bin/libKF5JobWidgets.so
[100%] Built target KF5JobWidgets
