# kdesrc-build running: 'make' 'install/fast'
# from directory: /home/szybet/kdesrc/build/frameworks/khtml
Install the project...
-- Install configuration: "Debug"
-- Up-to-date: /mnt/HDD/Project/Public/okulartry/okular-things/share/locale
-- Up-to-date: /mnt/HDD/Project/Public/okulartry/okular-things/share/locale/da
-- Up-to-date: /mnt/HDD/Project/Public/okulartry/okular-things/share/locale/da/LC_MESSAGES
-- Installing: /mnt/HDD/Project/Public/okulartry/okular-things/share/locale/da/LC_MESSAGES/khtml5.mo
-- Up-to-date: /mnt/HDD/Project/Public/okulartry/okular-things/share/locale/ie
-- Up-to-date: /mnt/HDD/Project/Public/okulartry/okular-things/share/locale/ie/LC_MESSAGES
-- Installing: /mnt/HDD/Project/Public/okulartry/okular-things/share/locale/ie/LC_MESSAGES/khtml5.mo
-- Up-to-date: /mnt/HDD/Project/Public/okulartry/okular-things/share/locale/mai
-- Up-to-date: /mnt/HDD/Project/Public/okulartry/okular-things/share/locale/mai/LC_MESSAGES
-- Installing: /mnt/HDD/Project/Public/okulartry/okular-things/share/locale/mai/LC_MESSAGES/khtml5.mo
-- Up-to-date: /mnt/HDD/Project/Public/okulartry/okular-things/share/locale/tr
-- Up-to-date: /mnt/HDD/Project/Public/okulartry/okular-things/share/locale/tr/LC_MESSAGES
-- Installing: /mnt/HDD/Project/Public/okulartry/okular-things/share/locale/tr/LC_MESSAGES/khtml5.mo
-- Up-to-date: /mnt/HDD/Project/Public/okulartry/okular-things/share/locale/ko
-- Up-to-date: /mnt/HDD/Project/Public/okulartry/okular-things/share/locale/ko/LC_MESSAGES
-- Installing: /mnt/HDD/Project/Public/okulartry/okular-things/share/locale/ko/LC_MESSAGES/khtml5.mo
-- Up-to-date: /mnt/HDD/Project/Public/okulartry/okular-things/share/locale/id
-- Up-to-date: /mnt/HDD/Project/Public/okulartry/okular-things/share/locale/id/LC_MESSAGES
-- Installing: /mnt/HDD/Project/Public/okulartry/okular-things/share/locale/id/LC_MESSAGES/khtml5.mo
-- Up-to-date: /mnt/HDD/Project/Public/okulartry/okular-things/share/locale/cs
-- Up-to-date: /mnt/HDD/Project/Public/okulartry/okular-things/share/locale/cs/LC_MESSAGES
-- Installing: /mnt/HDD/Project/Public/okulartry/okular-things/share/locale/cs/LC_MESSAGES/khtml5.mo
-- Up-to-date: /mnt/HDD/Project/Public/okulartry/okular-things/share/locale/cy
-- Up-to-date: /mnt/HDD/Project/Public/okulartry/okular-things/share/locale/cy/LC_MESSAGES
-- Installing: /mnt/HDD/Project/Public/okulartry/okular-things/share/locale/cy/LC_MESSAGES/khtml5.mo
-- Up-to-date: /mnt/HDD/Project/Public/okulartry/okular-things/share/locale/zh_TW
-- Up-to-date: /mnt/HDD/Project/Public/okulartry/okular-things/share/locale/zh_TW/LC_MESSAGES
-- Installing: /mnt/HDD/Project/Public/okulartry/okular-things/share/locale/zh_TW/LC_MESSAGES/khtml5.mo
-- Up-to-date: /mnt/HDD/Project/Public/okulartry/okular-things/share/locale/tt
-- Up-to-date: /mnt/HDD/Project/Public/okulartry/okular-things/share/locale/tt/LC_MESSAGES
-- Installing: /mnt/HDD/Project/Public/okulartry/okular-things/share/locale/tt/LC_MESSAGES/khtml5.mo
-- Up-to-date: /mnt/HDD/Project/Public/okulartry/okular-things/share/locale/sr
-- Up-to-date: /mnt/HDD/Project/Public/okulartry/okular-things/share/locale/sr/LC_MESSAGES
-- Installing: /mnt/HDD/Project/Public/okulartry/okular-things/share/locale/sr/LC_MESSAGES/khtml5.mo
-- Up-to-date: /mnt/HDD/Project/Public/okulartry/okular-things/share/locale/pl
-- Up-to-date: /mnt/HDD/Project/Public/okulartry/okular-things/share/locale/pl/LC_MESSAGES
-- Installing: /mnt/HDD/Project/Public/okulartry/okular-things/share/locale/pl/LC_MESSAGES/khtml5.mo
-- Up-to-date: /mnt/HDD/Project/Public/okulartry/okular-things/share/locale/as
-- Up-to-date: /mnt/HDD/Project/Public/okulartry/okular-things/share/locale/as/LC_MESSAGES
-- Installing: /mnt/HDD/Project/Public/okulartry/okular-things/share/locale/as/LC_MESSAGES/khtml5.mo
-- Up-to-date: /mnt/HDD/Project/Public/okulartry/okular-things/share/locale/af
-- Up-to-date: /mnt/HDD/Project/Public/okulartry/okular-things/share/locale/af/LC_MESSAGES
-- Installing: /mnt/HDD/Project/Public/okulartry/okular-things/share/locale/af/LC_MESSAGES/khtml5.mo
-- Up-to-date: /mnt/HDD/Project/Public/okulartry/okular-things/share/locale/tg
-- Up-to-date: /mnt/HDD/Project/Public/okulartry/okular-things/share/locale/tg/LC_MESSAGES
-- Installing: /mnt/HDD/Project/Public/okulartry/okular-things/share/locale/tg/LC_MESSAGES/khtml5.mo
-- Up-to-date: /mnt/HDD/Project/Public/okulartry/okular-things/share/locale/zh_CN
-- Up-to-date: /mnt/HDD/Project/Public/okulartry/okular-things/share/locale/zh_CN/LC_MESSAGES
-- Installing: /mnt/HDD/Project/Public/okulartry/okular-things/share/locale/zh_CN/LC_MESSAGES/khtml5.mo
-- Up-to-date: /mnt/HDD/Project/Public/okulartry/okular-things/share/locale/ne
-- Up-to-date: /mnt/HDD/Project/Public/okulartry/okular-things/share/locale/ne/LC_MESSAGES
-- Installing: /mnt/HDD/Project/Public/okulartry/okular-things/share/locale/ne/LC_MESSAGES/khtml5.mo
-- Up-to-date: /mnt/HDD/Project/Public/okulartry/okular-things/share/locale/pt_BR
-- Up-to-date: /mnt/HDD/Project/Public/okulartry/okular-things/share/locale/pt_BR/LC_MESSAGES
-- Installing: /mnt/HDD/Project/Public/okulartry/okular-things/share/locale/pt_BR/LC_MESSAGES/khtml5.mo
-- Up-to-date: /mnt/HDD/Project/Public/okulartry/okular-things/share/locale/br
-- Up-to-date: /mnt/HDD/Project/Public/okulartry/okular-things/share/locale/br/LC_MESSAGES
-- Installing: /mnt/HDD/Project/Public/okulartry/okular-things/share/locale/br/LC_MESSAGES/khtml5.mo
-- Up-to-date: /mnt/HDD/Project/Public/okulartry/okular-things/share/locale/kk
-- Up-to-date: /mnt/HDD/Project/Public/okulartry/okular-things/share/locale/kk/LC_MESSAGES
-- Installing: /mnt/HDD/Project/Public/okulartry/okular-things/share/locale/kk/LC_MESSAGES/khtml5.mo
-- Up-to-date: /mnt/HDD/Project/Public/okulartry/okular-things/share/locale/lb
-- Up-to-date: /mnt/HDD/Project/Public/okulartry/okular-things/share/locale/lb/LC_MESSAGES
-- Installing: /mnt/HDD/Project/Public/okulartry/okular-things/share/locale/lb/LC_MESSAGES/khtml5.mo
-- Up-to-date: /mnt/HDD/Project/Public/okulartry/okular-things/share/locale/it
-- Up-to-date: /mnt/HDD/Project/Public/okulartry/okular-things/share/locale/it/LC_MESSAGES
-- Installing: /mnt/HDD/Project/Public/okulartry/okular-things/share/locale/it/LC_MESSAGES/khtml5.mo
-- Up-to-date: /mnt/HDD/Project/Public/okulartry/okular-things/share/locale/ml
-- Up-to-date: /mnt/HDD/Project/Public/okulartry/okular-things/share/locale/ml/LC_MESSAGES
-- Installing: /mnt/HDD/Project/Public/okulartry/okular-things/share/locale/ml/LC_MESSAGES/khtml5.mo
-- Up-to-date: /mnt/HDD/Project/Public/okulartry/okular-things/share/locale/be@latin
-- Up-to-date: /mnt/HDD/Project/Public/okulartry/okular-things/share/locale/be@latin/LC_MESSAGES
-- Installing: /mnt/HDD/Project/Public/okulartry/okular-things/share/locale/be@latin/LC_MESSAGES/khtml5.mo
-- Up-to-date: /mnt/HDD/Project/Public/okulartry/okular-things/share/locale/be
-- Up-to-date: /mnt/HDD/Project/Public/okulartry/okular-things/share/locale/be/LC_MESSAGES
-- Installing: /mnt/HDD/Project/Public/okulartry/okular-things/share/locale/be/LC_MESSAGES/khtml5.mo
-- Up-to-date: /mnt/HDD/Project/Public/okulartry/okular-things/share/locale/lv
-- Up-to-date: /mnt/HDD/Project/Public/okulartry/okular-things/share/locale/lv/LC_MESSAGES
-- Installing: /mnt/HDD/Project/Public/okulartry/okular-things/share/locale/lv/LC_MESSAGES/khtml5.mo
-- Up-to-date: /mnt/HDD/Project/Public/okulartry/okular-things/share/locale/ru
-- Up-to-date: /mnt/HDD/Project/Public/okulartry/okular-things/share/locale/ru/LC_MESSAGES
-- Installing: /mnt/HDD/Project/Public/okulartry/okular-things/share/locale/ru/LC_MESSAGES/khtml5.mo
-- Up-to-date: /mnt/HDD/Project/Public/okulartry/okular-things/share/locale/vi
-- Up-to-date: /mnt/HDD/Project/Public/okulartry/okular-things/share/locale/vi/LC_MESSAGES
-- Installing: /mnt/HDD/Project/Public/okulartry/okular-things/share/locale/vi/LC_MESSAGES/khtml5.mo
-- Up-to-date: /mnt/HDD/Project/Public/okulartry/okular-things/share/locale/fr
-- Up-to-date: /mnt/HDD/Project/Public/okulartry/okular-things/share/locale/fr/LC_MESSAGES
-- Installing: /mnt/HDD/Project/Public/okulartry/okular-things/share/locale/fr/LC_MESSAGES/khtml5.mo
-- Up-to-date: /mnt/HDD/Project/Public/okulartry/okular-things/share/locale/hi
-- Up-to-date: /mnt/HDD/Project/Public/okulartry/okular-things/share/locale/hi/LC_MESSAGES
-- Installing: /mnt/HDD/Project/Public/okulartry/okular-things/share/locale/hi/LC_MESSAGES/khtml5.mo
-- Up-to-date: /mnt/HDD/Project/Public/okulartry/okular-things/share/locale/si
-- Up-to-date: /mnt/HDD/Project/Public/okulartry/okular-things/share/locale/si/LC_MESSAGES
-- Installing: /mnt/HDD/Project/Public/okulartry/okular-things/share/locale/si/LC_MESSAGES/khtml5.mo
-- Up-to-date: /mnt/HDD/Project/Public/okulartry/okular-things/share/locale/ro
-- Up-to-date: /mnt/HDD/Project/Public/okulartry/okular-things/share/locale/ro/LC_MESSAGES
-- Installing: /mnt/HDD/Project/Public/okulartry/okular-things/share/locale/ro/LC_MESSAGES/khtml5.mo
-- Up-to-date: /mnt/HDD/Project/Public/okulartry/okular-things/share/locale/ga
-- Up-to-date: /mnt/HDD/Project/Public/okulartry/okular-things/share/locale/ga/LC_MESSAGES
-- Installing: /mnt/HDD/Project/Public/okulartry/okular-things/share/locale/ga/LC_MESSAGES/khtml5.mo
-- Up-to-date: /mnt/HDD/Project/Public/okulartry/okular-things/share/locale/hne
-- Up-to-date: /mnt/HDD/Project/Public/okulartry/okular-things/share/locale/hne/LC_MESSAGES
-- Installing: /mnt/HDD/Project/Public/okulartry/okular-things/share/locale/hne/LC_MESSAGES/khtml5.mo
-- Up-to-date: /mnt/HDD/Project/Public/okulartry/okular-things/share/locale/bn
-- Up-to-date: /mnt/HDD/Project/Public/okulartry/okular-things/share/locale/bn/LC_MESSAGES
-- Installing: /mnt/HDD/Project/Public/okulartry/okular-things/share/locale/bn/LC_MESSAGES/khtml5.mo
-- Up-to-date: /mnt/HDD/Project/Public/okulartry/okular-things/share/locale/pa
-- Up-to-date: /mnt/HDD/Project/Public/okulartry/okular-things/share/locale/pa/LC_MESSAGES
-- Installing: /mnt/HDD/Project/Public/okulartry/okular-things/share/locale/pa/LC_MESSAGES/khtml5.mo
-- Up-to-date: /mnt/HDD/Project/Public/okulartry/okular-things/share/locale/wa
-- Up-to-date: /mnt/HDD/Project/Public/okulartry/okular-things/share/locale/wa/LC_MESSAGES
-- Installing: /mnt/HDD/Project/Public/okulartry/okular-things/share/locale/wa/LC_MESSAGES/khtml5.mo
-- Up-to-date: /mnt/HDD/Project/Public/okulartry/okular-things/share/locale/es
-- Up-to-date: /mnt/HDD/Project/Public/okulartry/okular-things/share/locale/es/LC_MESSAGES
-- Installing: /mnt/HDD/Project/Public/okulartry/okular-things/share/locale/es/LC_MESSAGES/khtml5.mo
-- Up-to-date: /mnt/HDD/Project/Public/okulartry/okular-things/share/locale/ia
-- Up-to-date: /mnt/HDD/Project/Public/okulartry/okular-things/share/locale/ia/LC_MESSAGES
-- Installing: /mnt/HDD/Project/Public/okulartry/okular-things/share/locale/ia/LC_MESSAGES/khtml5.mo
-- Up-to-date: /mnt/HDD/Project/Public/okulartry/okular-things/share/locale/mr
-- Up-to-date: /mnt/HDD/Project/Public/okulartry/okular-things/share/locale/mr/LC_MESSAGES
-- Installing: /mnt/HDD/Project/Public/okulartry/okular-things/share/locale/mr/LC_MESSAGES/khtml5.mo
-- Up-to-date: /mnt/HDD/Project/Public/okulartry/okular-things/share/locale/fi
-- Up-to-date: /mnt/HDD/Project/Public/okulartry/okular-things/share/locale/fi/LC_MESSAGES
-- Installing: /mnt/HDD/Project/Public/okulartry/okular-things/share/locale/fi/LC_MESSAGES/khtml5.mo
-- Up-to-date: /mnt/HDD/Project/Public/okulartry/okular-things/share/locale/bs
-- Up-to-date: /mnt/HDD/Project/Public/okulartry/okular-things/share/locale/bs/LC_MESSAGES
-- Installing: /mnt/HDD/Project/Public/okulartry/okular-things/share/locale/bs/LC_MESSAGES/khtml5.mo
-- Up-to-date: /mnt/HDD/Project/Public/okulartry/okular-things/share/locale/nn
-- Up-to-date: /mnt/HDD/Project/Public/okulartry/okular-things/share/locale/nn/LC_MESSAGES
-- Installing: /mnt/HDD/Project/Public/okulartry/okular-things/share/locale/nn/LC_MESSAGES/khtml5.mo
-- Up-to-date: /mnt/HDD/Project/Public/okulartry/okular-things/share/locale/ja
-- Up-to-date: /mnt/HDD/Project/Public/okulartry/okular-things/share/locale/ja/LC_MESSAGES
-- Installing: /mnt/HDD/Project/Public/okulartry/okular-things/share/locale/ja/LC_MESSAGES/khtml5.mo
-- Up-to-date: /mnt/HDD/Project/Public/okulartry/okular-things/share/locale/xh
-- Up-to-date: /mnt/HDD/Project/Public/okulartry/okular-things/share/locale/xh/LC_MESSAGES
-- Installing: /mnt/HDD/Project/Public/okulartry/okular-things/share/locale/xh/LC_MESSAGES/khtml5.mo
-- Up-to-date: /mnt/HDD/Project/Public/okulartry/okular-things/share/locale/crh
-- Up-to-date: /mnt/HDD/Project/Public/okulartry/okular-things/share/locale/crh/LC_MESSAGES
-- Installing: /mnt/HDD/Project/Public/okulartry/okular-things/share/locale/crh/LC_MESSAGES/khtml5.mo
-- Up-to-date: /mnt/HDD/Project/Public/okulartry/okular-things/share/locale/csb
-- Up-to-date: /mnt/HDD/Project/Public/okulartry/okular-things/share/locale/csb/LC_MESSAGES
-- Installing: /mnt/HDD/Project/Public/okulartry/okular-things/share/locale/csb/LC_MESSAGES/khtml5.mo
-- Up-to-date: /mnt/HDD/Project/Public/okulartry/okular-things/share/locale/el
-- Up-to-date: /mnt/HDD/Project/Public/okulartry/okular-things/share/locale/el/LC_MESSAGES
-- Installing: /mnt/HDD/Project/Public/okulartry/okular-things/share/locale/el/LC_MESSAGES/khtml5.mo
-- Up-to-date: /mnt/HDD/Project/Public/okulartry/okular-things/share/locale/fy
-- Up-to-date: /mnt/HDD/Project/Public/okulartry/okular-things/share/locale/fy/LC_MESSAGES
-- Installing: /mnt/HDD/Project/Public/okulartry/okular-things/share/locale/fy/LC_MESSAGES/khtml5.mo
-- Up-to-date: /mnt/HDD/Project/Public/okulartry/okular-things/share/locale/uk
-- Up-to-date: /mnt/HDD/Project/Public/okulartry/okular-things/share/locale/uk/LC_MESSAGES
-- Installing: /mnt/HDD/Project/Public/okulartry/okular-things/share/locale/uk/LC_MESSAGES/khtml5.mo
-- Up-to-date: /mnt/HDD/Project/Public/okulartry/okular-things/share/locale/sk
-- Up-to-date: /mnt/HDD/Project/Public/okulartry/okular-things/share/locale/sk/LC_MESSAGES
-- Installing: /mnt/HDD/Project/Public/okulartry/okular-things/share/locale/sk/LC_MESSAGES/khtml5.mo
-- Up-to-date: /mnt/HDD/Project/Public/okulartry/okular-things/share/locale/gu
-- Up-to-date: /mnt/HDD/Project/Public/okulartry/okular-things/share/locale/gu/LC_MESSAGES
-- Installing: /mnt/HDD/Project/Public/okulartry/okular-things/share/locale/gu/LC_MESSAGES/khtml5.mo
-- Up-to-date: /mnt/HDD/Project/Public/okulartry/okular-things/share/locale/et
-- Up-to-date: /mnt/HDD/Project/Public/okulartry/okular-things/share/locale/et/LC_MESSAGES
-- Installing: /mnt/HDD/Project/Public/okulartry/okular-things/share/locale/et/LC_MESSAGES/khtml5.mo
-- Up-to-date: /mnt/HDD/Project/Public/okulartry/okular-things/share/locale/sl
-- Up-to-date: /mnt/HDD/Project/Public/okulartry/okular-things/share/locale/sl/LC_MESSAGES
-- Installing: /mnt/HDD/Project/Public/okulartry/okular-things/share/locale/sl/LC_MESSAGES/khtml5.mo
-- Up-to-date: /mnt/HDD/Project/Public/okulartry/okular-things/share/locale/de
-- Up-to-date: /mnt/HDD/Project/Public/okulartry/okular-things/share/locale/de/LC_MESSAGES
-- Installing: /mnt/HDD/Project/Public/okulartry/okular-things/share/locale/de/LC_MESSAGES/khtml5.mo
-- Up-to-date: /mnt/HDD/Project/Public/okulartry/okular-things/share/locale/ar
-- Up-to-date: /mnt/HDD/Project/Public/okulartry/okular-things/share/locale/ar/LC_MESSAGES
-- Installing: /mnt/HDD/Project/Public/okulartry/okular-things/share/locale/ar/LC_MESSAGES/khtml5.mo
-- Up-to-date: /mnt/HDD/Project/Public/okulartry/okular-things/share/locale/nb
-- Up-to-date: /mnt/HDD/Project/Public/okulartry/okular-things/share/locale/nb/LC_MESSAGES
-- Installing: /mnt/HDD/Project/Public/okulartry/okular-things/share/locale/nb/LC_MESSAGES/khtml5.mo
-- Up-to-date: /mnt/HDD/Project/Public/okulartry/okular-things/share/locale/fa
-- Up-to-date: /mnt/HDD/Project/Public/okulartry/okular-things/share/locale/fa/LC_MESSAGES
-- Installing: /mnt/HDD/Project/Public/okulartry/okular-things/share/locale/fa/LC_MESSAGES/khtml5.mo
-- Up-to-date: /mnt/HDD/Project/Public/okulartry/okular-things/share/locale/bn_IN
-- Up-to-date: /mnt/HDD/Project/Public/okulartry/okular-things/share/locale/bn_IN/LC_MESSAGES
-- Installing: /mnt/HDD/Project/Public/okulartry/okular-things/share/locale/bn_IN/LC_MESSAGES/khtml5.mo
-- Up-to-date: /mnt/HDD/Project/Public/okulartry/okular-things/share/locale/eu
-- Up-to-date: /mnt/HDD/Project/Public/okulartry/okular-things/share/locale/eu/LC_MESSAGES
-- Installing: /mnt/HDD/Project/Public/okulartry/okular-things/share/locale/eu/LC_MESSAGES/khtml5.mo
-- Up-to-date: /mnt/HDD/Project/Public/okulartry/okular-things/share/locale/hu
-- Up-to-date: /mnt/HDD/Project/Public/okulartry/okular-things/share/locale/hu/LC_MESSAGES
-- Installing: /mnt/HDD/Project/Public/okulartry/okular-things/share/locale/hu/LC_MESSAGES/khtml5.mo
-- Up-to-date: /mnt/HDD/Project/Public/okulartry/okular-things/share/locale/sq
-- Up-to-date: /mnt/HDD/Project/Public/okulartry/okular-things/share/locale/sq/LC_MESSAGES
-- Installing: /mnt/HDD/Project/Public/okulartry/okular-things/share/locale/sq/LC_MESSAGES/khtml5.mo
-- Up-to-date: /mnt/HDD/Project/Public/okulartry/okular-things/share/locale/lt
-- Up-to-date: /mnt/HDD/Project/Public/okulartry/okular-things/share/locale/lt/LC_MESSAGES
-- Installing: /mnt/HDD/Project/Public/okulartry/okular-things/share/locale/lt/LC_MESSAGES/khtml5.mo
-- Up-to-date: /mnt/HDD/Project/Public/okulartry/okular-things/share/locale/en_GB
-- Up-to-date: /mnt/HDD/Project/Public/okulartry/okular-things/share/locale/en_GB/LC_MESSAGES
-- Installing: /mnt/HDD/Project/Public/okulartry/okular-things/share/locale/en_GB/LC_MESSAGES/khtml5.mo
-- Up-to-date: /mnt/HDD/Project/Public/okulartry/okular-things/share/locale/sr@latin
-- Up-to-date: /mnt/HDD/Project/Public/okulartry/okular-things/share/locale/sr@latin/LC_MESSAGES
-- Installing: /mnt/HDD/Project/Public/okulartry/okular-things/share/locale/sr@latin/LC_MESSAGES/khtml5.mo
-- Up-to-date: /mnt/HDD/Project/Public/okulartry/okular-things/share/locale/oc
-- Up-to-date: /mnt/HDD/Project/Public/okulartry/okular-things/share/locale/oc/LC_MESSAGES
-- Installing: /mnt/HDD/Project/Public/okulartry/okular-things/share/locale/oc/LC_MESSAGES/khtml5.mo
-- Up-to-date: /mnt/HDD/Project/Public/okulartry/okular-things/share/locale/sr@ijekavianlatin
-- Up-to-date: /mnt/HDD/Project/Public/okulartry/okular-things/share/locale/sr@ijekavianlatin/LC_MESSAGES
-- Installing: /mnt/HDD/Project/Public/okulartry/okular-things/share/locale/sr@ijekavianlatin/LC_MESSAGES/khtml5.mo
-- Up-to-date: /mnt/HDD/Project/Public/okulartry/okular-things/share/locale/zh_HK
-- Up-to-date: /mnt/HDD/Project/Public/okulartry/okular-things/share/locale/zh_HK/LC_MESSAGES
-- Installing: /mnt/HDD/Project/Public/okulartry/okular-things/share/locale/zh_HK/LC_MESSAGES/khtml5.mo
-- Up-to-date: /mnt/HDD/Project/Public/okulartry/okular-things/share/locale/ug
-- Up-to-date: /mnt/HDD/Project/Public/okulartry/okular-things/share/locale/ug/LC_MESSAGES
-- Installing: /mnt/HDD/Project/Public/okulartry/okular-things/share/locale/ug/LC_MESSAGES/khtml5.mo
-- Up-to-date: /mnt/HDD/Project/Public/okulartry/okular-things/share/locale/mk
-- Up-to-date: /mnt/HDD/Project/Public/okulartry/okular-things/share/locale/mk/LC_MESSAGES
-- Installing: /mnt/HDD/Project/Public/okulartry/okular-things/share/locale/mk/LC_MESSAGES/khtml5.mo
-- Up-to-date: /mnt/HDD/Project/Public/okulartry/okular-things/share/locale/sv
-- Up-to-date: /mnt/HDD/Project/Public/okulartry/okular-things/share/locale/sv/LC_MESSAGES
-- Installing: /mnt/HDD/Project/Public/okulartry/okular-things/share/locale/sv/LC_MESSAGES/khtml5.mo
-- Up-to-date: /mnt/HDD/Project/Public/okulartry/okular-things/share/locale/ku
-- Up-to-date: /mnt/HDD/Project/Public/okulartry/okular-things/share/locale/ku/LC_MESSAGES
-- Installing: /mnt/HDD/Project/Public/okulartry/okular-things/share/locale/ku/LC_MESSAGES/khtml5.mo
-- Up-to-date: /mnt/HDD/Project/Public/okulartry/okular-things/share/locale/km
-- Up-to-date: /mnt/HDD/Project/Public/okulartry/okular-things/share/locale/km/LC_MESSAGES
-- Installing: /mnt/HDD/Project/Public/okulartry/okular-things/share/locale/km/LC_MESSAGES/khtml5.mo
-- Up-to-date: /mnt/HDD/Project/Public/okulartry/okular-things/share/locale/eo
-- Up-to-date: /mnt/HDD/Project/Public/okulartry/okular-things/share/locale/eo/LC_MESSAGES
-- Installing: /mnt/HDD/Project/Public/okulartry/okular-things/share/locale/eo/LC_MESSAGES/khtml5.mo
-- Up-to-date: /mnt/HDD/Project/Public/okulartry/okular-things/share/locale/ca
-- Up-to-date: /mnt/HDD/Project/Public/okulartry/okular-things/share/locale/ca/LC_MESSAGES
-- Installing: /mnt/HDD/Project/Public/okulartry/okular-things/share/locale/ca/LC_MESSAGES/khtml5.mo
-- Up-to-date: /mnt/HDD/Project/Public/okulartry/okular-things/share/locale/ka
-- Up-to-date: /mnt/HDD/Project/Public/okulartry/okular-things/share/locale/ka/LC_MESSAGES
-- Installing: /mnt/HDD/Project/Public/okulartry/okular-things/share/locale/ka/LC_MESSAGES/khtml5.mo
-- Up-to-date: /mnt/HDD/Project/Public/okulartry/okular-things/share/locale/gl
-- Up-to-date: /mnt/HDD/Project/Public/okulartry/okular-things/share/locale/gl/LC_MESSAGES
-- Installing: /mnt/HDD/Project/Public/okulartry/okular-things/share/locale/gl/LC_MESSAGES/khtml5.mo
-- Up-to-date: /mnt/HDD/Project/Public/okulartry/okular-things/share/locale/ha
-- Up-to-date: /mnt/HDD/Project/Public/okulartry/okular-things/share/locale/ha/LC_MESSAGES
-- Installing: /mnt/HDD/Project/Public/okulartry/okular-things/share/locale/ha/LC_MESSAGES/khtml5.mo
-- Up-to-date: /mnt/HDD/Project/Public/okulartry/okular-things/share/locale/az
-- Up-to-date: /mnt/HDD/Project/Public/okulartry/okular-things/share/locale/az/LC_MESSAGES
-- Installing: /mnt/HDD/Project/Public/okulartry/okular-things/share/locale/az/LC_MESSAGES/khtml5.mo
-- Up-to-date: /mnt/HDD/Project/Public/okulartry/okular-things/share/locale/kn
-- Up-to-date: /mnt/HDD/Project/Public/okulartry/okular-things/share/locale/kn/LC_MESSAGES
-- Installing: /mnt/HDD/Project/Public/okulartry/okular-things/share/locale/kn/LC_MESSAGES/khtml5.mo
-- Up-to-date: /mnt/HDD/Project/Public/okulartry/okular-things/share/locale/nds
-- Up-to-date: /mnt/HDD/Project/Public/okulartry/okular-things/share/locale/nds/LC_MESSAGES
-- Installing: /mnt/HDD/Project/Public/okulartry/okular-things/share/locale/nds/LC_MESSAGES/khtml5.mo
-- Up-to-date: /mnt/HDD/Project/Public/okulartry/okular-things/share/locale/te
-- Up-to-date: /mnt/HDD/Project/Public/okulartry/okular-things/share/locale/te/LC_MESSAGES
-- Installing: /mnt/HDD/Project/Public/okulartry/okular-things/share/locale/te/LC_MESSAGES/khtml5.mo
-- Up-to-date: /mnt/HDD/Project/Public/okulartry/okular-things/share/locale/or
-- Up-to-date: /mnt/HDD/Project/Public/okulartry/okular-things/share/locale/or/LC_MESSAGES
-- Installing: /mnt/HDD/Project/Public/okulartry/okular-things/share/locale/or/LC_MESSAGES/khtml5.mo
-- Up-to-date: /mnt/HDD/Project/Public/okulartry/okular-things/share/locale/bg
-- Up-to-date: /mnt/HDD/Project/Public/okulartry/okular-things/share/locale/bg/LC_MESSAGES
-- Installing: /mnt/HDD/Project/Public/okulartry/okular-things/share/locale/bg/LC_MESSAGES/khtml5.mo
-- Up-to-date: /mnt/HDD/Project/Public/okulartry/okular-things/share/locale/hy
-- Up-to-date: /mnt/HDD/Project/Public/okulartry/okular-things/share/locale/hy/LC_MESSAGES
-- Installing: /mnt/HDD/Project/Public/okulartry/okular-things/share/locale/hy/LC_MESSAGES/khtml5.mo
-- Up-to-date: /mnt/HDD/Project/Public/okulartry/okular-things/share/locale/pt
-- Up-to-date: /mnt/HDD/Project/Public/okulartry/okular-things/share/locale/pt/LC_MESSAGES
-- Installing: /mnt/HDD/Project/Public/okulartry/okular-things/share/locale/pt/LC_MESSAGES/khtml5.mo
-- Up-to-date: /mnt/HDD/Project/Public/okulartry/okular-things/share/locale/gd
-- Up-to-date: /mnt/HDD/Project/Public/okulartry/okular-things/share/locale/gd/LC_MESSAGES
-- Installing: /mnt/HDD/Project/Public/okulartry/okular-things/share/locale/gd/LC_MESSAGES/khtml5.mo
-- Up-to-date: /mnt/HDD/Project/Public/okulartry/okular-things/share/locale/th
-- Up-to-date: /mnt/HDD/Project/Public/okulartry/okular-things/share/locale/th/LC_MESSAGES
-- Installing: /mnt/HDD/Project/Public/okulartry/okular-things/share/locale/th/LC_MESSAGES/khtml5.mo
-- Up-to-date: /mnt/HDD/Project/Public/okulartry/okular-things/share/locale/hsb
-- Up-to-date: /mnt/HDD/Project/Public/okulartry/okular-things/share/locale/hsb/LC_MESSAGES
-- Installing: /mnt/HDD/Project/Public/okulartry/okular-things/share/locale/hsb/LC_MESSAGES/khtml5.mo
-- Up-to-date: /mnt/HDD/Project/Public/okulartry/okular-things/share/locale/he
-- Up-to-date: /mnt/HDD/Project/Public/okulartry/okular-things/share/locale/he/LC_MESSAGES
-- Installing: /mnt/HDD/Project/Public/okulartry/okular-things/share/locale/he/LC_MESSAGES/khtml5.mo
-- Up-to-date: /mnt/HDD/Project/Public/okulartry/okular-things/share/locale/uz@cyrillic
-- Up-to-date: /mnt/HDD/Project/Public/okulartry/okular-things/share/locale/uz@cyrillic/LC_MESSAGES
-- Installing: /mnt/HDD/Project/Public/okulartry/okular-things/share/locale/uz@cyrillic/LC_MESSAGES/khtml5.mo
-- Up-to-date: /mnt/HDD/Project/Public/okulartry/okular-things/share/locale/sr@ijekavian
-- Up-to-date: /mnt/HDD/Project/Public/okulartry/okular-things/share/locale/sr@ijekavian/LC_MESSAGES
-- Installing: /mnt/HDD/Project/Public/okulartry/okular-things/share/locale/sr@ijekavian/LC_MESSAGES/khtml5.mo
-- Up-to-date: /mnt/HDD/Project/Public/okulartry/okular-things/share/locale/ms
-- Up-to-date: /mnt/HDD/Project/Public/okulartry/okular-things/share/locale/ms/LC_MESSAGES
-- Installing: /mnt/HDD/Project/Public/okulartry/okular-things/share/locale/ms/LC_MESSAGES/khtml5.mo
-- Up-to-date: /mnt/HDD/Project/Public/okulartry/okular-things/share/locale/ps
-- Up-to-date: /mnt/HDD/Project/Public/okulartry/okular-things/share/locale/ps/LC_MESSAGES
-- Installing: /mnt/HDD/Project/Public/okulartry/okular-things/share/locale/ps/LC_MESSAGES/khtml5.mo
-- Up-to-date: /mnt/HDD/Project/Public/okulartry/okular-things/share/locale/se
-- Up-to-date: /mnt/HDD/Project/Public/okulartry/okular-things/share/locale/se/LC_MESSAGES
-- Installing: /mnt/HDD/Project/Public/okulartry/okular-things/share/locale/se/LC_MESSAGES/khtml5.mo
-- Up-to-date: /mnt/HDD/Project/Public/okulartry/okular-things/share/locale/nl
-- Up-to-date: /mnt/HDD/Project/Public/okulartry/okular-things/share/locale/nl/LC_MESSAGES
-- Installing: /mnt/HDD/Project/Public/okulartry/okular-things/share/locale/nl/LC_MESSAGES/khtml5.mo
-- Up-to-date: /mnt/HDD/Project/Public/okulartry/okular-things/share/locale/hr
-- Up-to-date: /mnt/HDD/Project/Public/okulartry/okular-things/share/locale/hr/LC_MESSAGES
-- Installing: /mnt/HDD/Project/Public/okulartry/okular-things/share/locale/hr/LC_MESSAGES/khtml5.mo
-- Up-to-date: /mnt/HDD/Project/Public/okulartry/okular-things/share/locale/ca@valencia
-- Up-to-date: /mnt/HDD/Project/Public/okulartry/okular-things/share/locale/ca@valencia/LC_MESSAGES
-- Installing: /mnt/HDD/Project/Public/okulartry/okular-things/share/locale/ca@valencia/LC_MESSAGES/khtml5.mo
-- Up-to-date: /mnt/HDD/Project/Public/okulartry/okular-things/share/locale/is
-- Up-to-date: /mnt/HDD/Project/Public/okulartry/okular-things/share/locale/is/LC_MESSAGES
-- Installing: /mnt/HDD/Project/Public/okulartry/okular-things/share/locale/is/LC_MESSAGES/khtml5.mo
-- Up-to-date: /mnt/HDD/Project/Public/okulartry/okular-things/share/locale/uz
-- Up-to-date: /mnt/HDD/Project/Public/okulartry/okular-things/share/locale/uz/LC_MESSAGES
-- Installing: /mnt/HDD/Project/Public/okulartry/okular-things/share/locale/uz/LC_MESSAGES/khtml5.mo
-- Up-to-date: /mnt/HDD/Project/Public/okulartry/okular-things/share/locale/ta
-- Up-to-date: /mnt/HDD/Project/Public/okulartry/okular-things/share/locale/ta/LC_MESSAGES
-- Installing: /mnt/HDD/Project/Public/okulartry/okular-things/share/locale/ta/LC_MESSAGES/khtml5.mo
-- Installing: /mnt/HDD/Project/Public/okulartry/okular-things/share/kf5/khtml/css/html4.css
-- Installing: /mnt/HDD/Project/Public/okulartry/okular-things/share/kf5/khtml/css/quirks.css
-- Installing: /mnt/HDD/Project/Public/okulartry/okular-things/share/kf5/khtml/css/presentational.css
-- Installing: /mnt/HDD/Project/Public/okulartry/okular-things/lib/plugins/kf5/parts/kmultipart.so
-- Set runtime path of "/mnt/HDD/Project/Public/okulartry/okular-things/lib/plugins/kf5/parts/kmultipart.so" to "/mnt/HDD/Project/Public/okulartry/okular-things/lib:/home/build/inkbox/compiled-binaries/arm-kobo-linux-gnueabihf/arm-kobo-linux-gnueabihf/sysroot/lib"
-- Installing: /mnt/HDD/Project/Public/okulartry/okular-things/share/kservices5/kmultipart.desktop
-- Installing: /mnt/HDD/Project/Public/okulartry/okular-things/lib/plugins/kf5/parts/khtmlpart.so
-- Set runtime path of "/mnt/HDD/Project/Public/okulartry/okular-things/lib/plugins/kf5/parts/khtmlpart.so" to "/mnt/HDD/Project/Public/okulartry/okular-things/lib:/home/build/inkbox/compiled-binaries/arm-kobo-linux-gnueabihf/arm-kobo-linux-gnueabihf/sysroot/lib"
-- Installing: /mnt/HDD/Project/Public/okulartry/okular-things/lib/plugins/kf5/parts/khtmlimagepart.so
-- Set runtime path of "/mnt/HDD/Project/Public/okulartry/okular-things/lib/plugins/kf5/parts/khtmlimagepart.so" to "/mnt/HDD/Project/Public/okulartry/okular-things/lib:/home/build/inkbox/compiled-binaries/arm-kobo-linux-gnueabihf/arm-kobo-linux-gnueabihf/sysroot/lib"
-- Installing: /mnt/HDD/Project/Public/okulartry/okular-things/lib/plugins/kf5/parts/khtmladaptorpart.so
-- Set runtime path of "/mnt/HDD/Project/Public/okulartry/okular-things/lib/plugins/kf5/parts/khtmladaptorpart.so" to "/mnt/HDD/Project/Public/okulartry/okular-things/lib:/home/build/inkbox/compiled-binaries/arm-kobo-linux-gnueabihf/arm-kobo-linux-gnueabihf/sysroot/lib"
-- Installing: /mnt/HDD/Project/Public/okulartry/okular-things/lib/libKF5KHtml.so.5.107.0
-- Installing: /mnt/HDD/Project/Public/okulartry/okular-things/lib/libKF5KHtml.so.5
-- Set runtime path of "/mnt/HDD/Project/Public/okulartry/okular-things/lib/libKF5KHtml.so.5.107.0" to "/mnt/HDD/Project/Public/okulartry/okular-things/lib:/home/build/inkbox/compiled-binaries/arm-kobo-linux-gnueabihf/arm-kobo-linux-gnueabihf/sysroot/lib:/home/build/inkbox/compiled-binaries/arm-kobo-linux-gnueabihf/arm-kobo-linux-gnueabihf/sysroot/usr/local/lib"
-- Installing: /mnt/HDD/Project/Public/okulartry/okular-things/lib/libKF5KHtml.so
-- Installing: /mnt/HDD/Project/Public/okulartry/okular-things/include/KF5/KHtml/khtml_export.h
-- Installing: /mnt/HDD/Project/Public/okulartry/okular-things/include/KF5/KHtml/khtml_debug.h
-- Installing: /mnt/HDD/Project/Public/okulartry/okular-things/include/KF5/KHtml/khtml_part.h
-- Installing: /mnt/HDD/Project/Public/okulartry/okular-things/include/KF5/KHtml/khtml_events.h
-- Installing: /mnt/HDD/Project/Public/okulartry/okular-things/include/KF5/KHtml/khtml_settings.h
-- Installing: /mnt/HDD/Project/Public/okulartry/okular-things/include/KF5/KHtml/khtmldefaults.h
-- Installing: /mnt/HDD/Project/Public/okulartry/okular-things/include/KF5/KHtml/kencodingdetector.h
-- Installing: /mnt/HDD/Project/Public/okulartry/okular-things/include/KF5/KHtml/KHTMLPart
-- Installing: /mnt/HDD/Project/Public/okulartry/okular-things/include/KF5/KHtml/KHTMLView
-- Installing: /mnt/HDD/Project/Public/okulartry/okular-things/include/KF5/KHtml/KHTMLSettings
-- Installing: /mnt/HDD/Project/Public/okulartry/okular-things/include/KF5/KHtml/khtmlpart.h
-- Installing: /mnt/HDD/Project/Public/okulartry/okular-things/include/KF5/KHtml/khtmlview.h
-- Installing: /mnt/HDD/Project/Public/okulartry/okular-things/include/KF5/KHtml/khtmlsettings.h
-- Installing: /mnt/HDD/Project/Public/okulartry/okular-things/include/KF5/KHtml/dom/dom_exception.h
-- Installing: /mnt/HDD/Project/Public/okulartry/okular-things/include/KF5/KHtml/dom/html_base.h
-- Installing: /mnt/HDD/Project/Public/okulartry/okular-things/include/KF5/KHtml/dom/html_inline.h
-- Installing: /mnt/HDD/Project/Public/okulartry/okular-things/include/KF5/KHtml/dom/css_rule.h
-- Installing: /mnt/HDD/Project/Public/okulartry/okular-things/include/KF5/KHtml/dom/dom_html.h
-- Installing: /mnt/HDD/Project/Public/okulartry/okular-things/include/KF5/KHtml/dom/html_block.h
-- Installing: /mnt/HDD/Project/Public/okulartry/okular-things/include/KF5/KHtml/dom/html_list.h
-- Installing: /mnt/HDD/Project/Public/okulartry/okular-things/include/KF5/KHtml/dom/css_stylesheet.h
-- Installing: /mnt/HDD/Project/Public/okulartry/okular-things/include/KF5/KHtml/dom/dom_misc.h
-- Installing: /mnt/HDD/Project/Public/okulartry/okular-things/include/KF5/KHtml/dom/html_document.h
-- Installing: /mnt/HDD/Project/Public/okulartry/okular-things/include/KF5/KHtml/dom/html_misc.h
-- Installing: /mnt/HDD/Project/Public/okulartry/okular-things/include/KF5/KHtml/dom/css_value.h
-- Installing: /mnt/HDD/Project/Public/okulartry/okular-things/include/KF5/KHtml/dom/dom_node.h
-- Installing: /mnt/HDD/Project/Public/okulartry/okular-things/include/KF5/KHtml/dom/html_element.h
-- Installing: /mnt/HDD/Project/Public/okulartry/okular-things/include/KF5/KHtml/dom/html_object.h
-- Installing: /mnt/HDD/Project/Public/okulartry/okular-things/include/KF5/KHtml/dom/dom_core.h
-- Installing: /mnt/HDD/Project/Public/okulartry/okular-things/include/KF5/KHtml/dom/dom_string.h
-- Installing: /mnt/HDD/Project/Public/okulartry/okular-things/include/KF5/KHtml/dom/html_form.h
-- Installing: /mnt/HDD/Project/Public/okulartry/okular-things/include/KF5/KHtml/dom/html_table.h
-- Installing: /mnt/HDD/Project/Public/okulartry/okular-things/include/KF5/KHtml/dom/dom_doc.h
-- Installing: /mnt/HDD/Project/Public/okulartry/okular-things/include/KF5/KHtml/dom/dom_text.h
-- Installing: /mnt/HDD/Project/Public/okulartry/okular-things/include/KF5/KHtml/dom/html_head.h
-- Installing: /mnt/HDD/Project/Public/okulartry/okular-things/include/KF5/KHtml/dom/dom_element.h
-- Installing: /mnt/HDD/Project/Public/okulartry/okular-things/include/KF5/KHtml/dom/dom_xml.h
-- Installing: /mnt/HDD/Project/Public/okulartry/okular-things/include/KF5/KHtml/dom/html_image.h
-- Installing: /mnt/HDD/Project/Public/okulartry/okular-things/include/KF5/KHtml/dom/dom2_range.h
-- Installing: /mnt/HDD/Project/Public/okulartry/okular-things/include/KF5/KHtml/dom/dom2_traversal.h
-- Installing: /mnt/HDD/Project/Public/okulartry/okular-things/include/KF5/KHtml/dom/dom2_events.h
-- Installing: /mnt/HDD/Project/Public/okulartry/okular-things/include/KF5/KHtml/dom/dom2_views.h
-- Installing: /mnt/HDD/Project/Public/okulartry/okular-things/share/qlogging-categories5/khtml.categories
-- Installing: /mnt/HDD/Project/Public/okulartry/okular-things/share/qlogging-categories5/khtml.renamecategories
-- Installing: /mnt/HDD/Project/Public/okulartry/okular-things/share/kservices5/khtml.desktop
-- Installing: /mnt/HDD/Project/Public/okulartry/okular-things/share/kservices5/khtmlimage.desktop
-- Installing: /mnt/HDD/Project/Public/okulartry/okular-things/share/kservices5/khtmladaptorpart.desktop
-- Installing: /mnt/HDD/Project/Public/okulartry/okular-things/share/kf5/khtml/error.html
-- Installing: /mnt/HDD/Project/Public/okulartry/okular-things/etc/xdg/khtmlrc
-- Installing: /mnt/HDD/Project/Public/okulartry/okular-things/mkspecs/modules/qt_KHtml.pri
-- Installing: /mnt/HDD/Project/Public/okulartry/okular-things/lib/cmake/KF5KHtml/KF5KHtmlConfig.cmake
-- Installing: /mnt/HDD/Project/Public/okulartry/okular-things/lib/cmake/KF5KHtml/KF5KHtmlConfigVersion.cmake
-- Installing: /mnt/HDD/Project/Public/okulartry/okular-things/lib/cmake/KF5KHtml/KF5KHtmlTargets.cmake
-- Installing: /mnt/HDD/Project/Public/okulartry/okular-things/lib/cmake/KF5KHtml/KF5KHtmlTargets-debug.cmake
-- Installing: /mnt/HDD/Project/Public/okulartry/okular-things/include/KF5/KHtml/khtml_version.h
