# kdesrc-build running: 'make' '-j' '8'
# from directory: /home/szybet/kdesrc/build/frameworks/kxmlgui
-- 

Installing in /mnt/HDD/Project/Public/okulartry/okular-things. Run /home/szybet/kdesrc/build/frameworks/kxmlgui/prefix.sh to set the environment for KXmlGui.
-- The following REQUIRED packages have been found:

 * ECM (required version >= 5.106.0), Extra CMake Modules., <https://commits.kde.org/extra-cmake-modules>
 * Qt5Network
 * Qt5PrintSupport
 * Qt5 (required version >= 5.15.2)
 * Qt5Core (required version >= 5.15.2)
 * Qt5Widgets (required version >= 5.15.2)
 * KF5ItemViews (required version >= 5.106.0)
 * Qt5Xml (required version >= 5.15.2)
 * Qt5DBus (required version >= 5.15.2)
 * KF5CoreAddons (required version >= 5.106.0)
 * KF5Config (required version >= 5.106.0)
 * KF5ConfigWidgets (required version >= 5.106.0)
 * Qt5Gui (required version >= 5.15.2)
 * KF5GuiAddons (required version >= 5.106.0)
 * Gettext
 * KF5I18n (required version >= 5.106.0)
 * KF5IconThemes (required version >= 5.106.0)
 * KF5WidgetsAddons (required version >= 5.106.0)
 * KF5GlobalAccel (required version >= 5.106.0)

-- The following features have been disabled:

 * QCH, API documentation in QCH format (for e.g. Qt Assistant, Qt Creator & KDevelop)
 * DESIGNERPLUGIN, Build plugin for Qt Designer

-- Configuring done (0.3s)
-- Generating done (0.0s)
-- Build files have been written to: /home/szybet/kdesrc/build/frameworks/kxmlgui
[  5%] Automatic MOC for target KF5XmlGui
[  7%] Automatic MOC for target ksendbugmail
[  5%] Generating ts...
[  7%] Generating mo...
[  7%] Built target ksendbugmail_autogen
[  7%] Built target tsfiles-c6090ddd75a8ae84c3fd16dc0511905e
[  7%] Built target pofiles-c6090ddd75a8ae84c3fd16dc0511905e
[  7%] Built target KF5XmlGui_autogen
[  8%] Linking CXX executable ../../bin/ksendbugmail
[ 94%] Built target KF5XmlGui
[100%] Built target ksendbugmail
