# kdesrc-build running: 'make' 'install/fast'
# from directory: /home/szybet/kdesrc/build/frameworks/purpose
Install the project...
-- Install configuration: "Debug"
-- Installing: /mnt/HDD/Project/Public/okulartry/okular-things/lib/libKF5Purpose.so.5.107.0
-- Installing: /mnt/HDD/Project/Public/okulartry/okular-things/lib/libKF5Purpose.so.5
-- Set runtime path of "/mnt/HDD/Project/Public/okulartry/okular-things/lib/libKF5Purpose.so.5.107.0" to "/mnt/HDD/Project/Public/okulartry/okular-things/lib:/home/build/inkbox/compiled-binaries/arm-kobo-linux-gnueabihf/arm-kobo-linux-gnueabihf/sysroot/lib"
-- Installing: /mnt/HDD/Project/Public/okulartry/okular-things/lib/libKF5Purpose.so
-- Installing: /mnt/HDD/Project/Public/okulartry/okular-things/include/KF5/purpose/Purpose/PluginBase
-- Installing: /mnt/HDD/Project/Public/okulartry/okular-things/include/KF5/purpose/Purpose/AlternativesModel
-- Installing: /mnt/HDD/Project/Public/okulartry/okular-things/include/KF5/purpose/Purpose/Job
-- Installing: /mnt/HDD/Project/Public/okulartry/okular-things/include/KF5/purpose/Purpose/Configuration
-- Installing: /mnt/HDD/Project/Public/okulartry/okular-things/include/KF5/purpose/purpose/purpose_export.h
-- Installing: /mnt/HDD/Project/Public/okulartry/okular-things/include/KF5/purpose/purpose/pluginbase.h
-- Installing: /mnt/HDD/Project/Public/okulartry/okular-things/include/KF5/purpose/purpose/alternativesmodel.h
-- Installing: /mnt/HDD/Project/Public/okulartry/okular-things/include/KF5/purpose/purpose/job.h
-- Installing: /mnt/HDD/Project/Public/okulartry/okular-things/include/KF5/purpose/purpose/configuration.h
-- Installing: /mnt/HDD/Project/Public/okulartry/okular-things/lib/libexec/kf5/purposeprocess
-- Set runtime path of "/mnt/HDD/Project/Public/okulartry/okular-things/lib/libexec/kf5/purposeprocess" to "/mnt/HDD/Project/Public/okulartry/okular-things/lib:/home/build/inkbox/compiled-binaries/arm-kobo-linux-gnueabihf/arm-kobo-linux-gnueabihf/sysroot/lib"
-- Installing: /mnt/HDD/Project/Public/okulartry/okular-things/lib/plugins/kf5/purpose/saveasplugin.so
-- Set runtime path of "/mnt/HDD/Project/Public/okulartry/okular-things/lib/plugins/kf5/purpose/saveasplugin.so" to "/mnt/HDD/Project/Public/okulartry/okular-things/lib:/home/build/inkbox/compiled-binaries/arm-kobo-linux-gnueabihf/arm-kobo-linux-gnueabihf/sysroot/lib"
-- Installing: /mnt/HDD/Project/Public/okulartry/okular-things/share/purpose/saveasplugin_config.qml
-- Installing: /mnt/HDD/Project/Public/okulartry/okular-things/lib/plugins/kf5/purpose/imgurplugin.so
-- Set runtime path of "/mnt/HDD/Project/Public/okulartry/okular-things/lib/plugins/kf5/purpose/imgurplugin.so" to "/mnt/HDD/Project/Public/okulartry/okular-things/lib:/home/build/inkbox/compiled-binaries/arm-kobo-linux-gnueabihf/arm-kobo-linux-gnueabihf/sysroot/lib"
-- Installing: /mnt/HDD/Project/Public/okulartry/okular-things/lib/plugins/kf5/purpose/pastebinplugin.so
-- Set runtime path of "/mnt/HDD/Project/Public/okulartry/okular-things/lib/plugins/kf5/purpose/pastebinplugin.so" to "/mnt/HDD/Project/Public/okulartry/okular-things/lib:/home/build/inkbox/compiled-binaries/arm-kobo-linux-gnueabihf/arm-kobo-linux-gnueabihf/sysroot/lib"
-- Installing: /mnt/HDD/Project/Public/okulartry/okular-things/lib/plugins/kf5/purpose/ktpsendfileplugin.so
-- Set runtime path of "/mnt/HDD/Project/Public/okulartry/okular-things/lib/plugins/kf5/purpose/ktpsendfileplugin.so" to "/mnt/HDD/Project/Public/okulartry/okular-things/lib:/home/build/inkbox/compiled-binaries/arm-kobo-linux-gnueabihf/arm-kobo-linux-gnueabihf/sysroot/lib"
-- Installing: /mnt/HDD/Project/Public/okulartry/okular-things/lib/plugins/kf5/purpose/kdeconnectplugin.so
-- Set runtime path of "/mnt/HDD/Project/Public/okulartry/okular-things/lib/plugins/kf5/purpose/kdeconnectplugin.so" to "/mnt/HDD/Project/Public/okulartry/okular-things/lib:/home/build/inkbox/compiled-binaries/arm-kobo-linux-gnueabihf/arm-kobo-linux-gnueabihf/sysroot/lib"
-- Installing: /mnt/HDD/Project/Public/okulartry/okular-things/share/purpose/kdeconnectplugin_config.qml
-- Installing: /mnt/HDD/Project/Public/okulartry/okular-things/share/icons/hicolor/16x16/apps/reviewboard-purpose.png
-- Installing: /mnt/HDD/Project/Public/okulartry/okular-things/share/icons/hicolor/128x128/apps/reviewboard-purpose.png
-- Installing: /mnt/HDD/Project/Public/okulartry/okular-things/lib/plugins/kf5/purpose/reviewboardplugin.so
-- Set runtime path of "/mnt/HDD/Project/Public/okulartry/okular-things/lib/plugins/kf5/purpose/reviewboardplugin.so" to "/mnt/HDD/Project/Public/okulartry/okular-things/lib:/home/build/inkbox/compiled-binaries/arm-kobo-linux-gnueabihf/arm-kobo-linux-gnueabihf/sysroot/lib"
-- Installing: /mnt/HDD/Project/Public/okulartry/okular-things/share/purpose/reviewboardplugin_config.qml
-- Installing: /mnt/HDD/Project/Public/okulartry/okular-things/lib/libReviewboardHelpers.so.5.107.0
-- Installing: /mnt/HDD/Project/Public/okulartry/okular-things/lib/libReviewboardHelpers.so.5
-- Set runtime path of "/mnt/HDD/Project/Public/okulartry/okular-things/lib/libReviewboardHelpers.so.5.107.0" to "/mnt/HDD/Project/Public/okulartry/okular-things/lib:/home/build/inkbox/compiled-binaries/arm-kobo-linux-gnueabihf/arm-kobo-linux-gnueabihf/sysroot/lib"
-- Installing: /mnt/HDD/Project/Public/okulartry/okular-things/lib/qml/org/kde/purpose/reviewboard/librbpurposequickplugin.so
-- Set runtime path of "/mnt/HDD/Project/Public/okulartry/okular-things/lib/qml/org/kde/purpose/reviewboard/librbpurposequickplugin.so" to "/mnt/HDD/Project/Public/okulartry/okular-things/lib:/home/build/inkbox/compiled-binaries/arm-kobo-linux-gnueabihf/arm-kobo-linux-gnueabihf/sysroot/lib"
-- Installing: /mnt/HDD/Project/Public/okulartry/okular-things/lib/qml/org/kde/purpose/reviewboard/qmldir
-- Installing: /mnt/HDD/Project/Public/okulartry/okular-things/share/icons/hicolor/16x16/apps/phabricator-purpose.png
-- Installing: /mnt/HDD/Project/Public/okulartry/okular-things/share/icons/hicolor/128x128/apps/phabricator-purpose.png
-- Installing: /mnt/HDD/Project/Public/okulartry/okular-things/lib/plugins/kf5/purpose/phabricatorplugin.so
-- Set runtime path of "/mnt/HDD/Project/Public/okulartry/okular-things/lib/plugins/kf5/purpose/phabricatorplugin.so" to "/mnt/HDD/Project/Public/okulartry/okular-things/lib:/home/build/inkbox/compiled-binaries/arm-kobo-linux-gnueabihf/arm-kobo-linux-gnueabihf/sysroot/lib"
-- Installing: /mnt/HDD/Project/Public/okulartry/okular-things/share/purpose/phabricatorplugin_config.qml
-- Installing: /mnt/HDD/Project/Public/okulartry/okular-things/lib/libPhabricatorHelpers.so.5.107.0
-- Installing: /mnt/HDD/Project/Public/okulartry/okular-things/lib/libPhabricatorHelpers.so.5
-- Set runtime path of "/mnt/HDD/Project/Public/okulartry/okular-things/lib/libPhabricatorHelpers.so.5.107.0" to "/mnt/HDD/Project/Public/okulartry/okular-things/lib:/home/build/inkbox/compiled-binaries/arm-kobo-linux-gnueabihf/arm-kobo-linux-gnueabihf/sysroot/lib"
-- Installing: /mnt/HDD/Project/Public/okulartry/okular-things/lib/qml/org/kde/purpose/phabricator/libphabricatorquickplugin.so
-- Set runtime path of "/mnt/HDD/Project/Public/okulartry/okular-things/lib/qml/org/kde/purpose/phabricator/libphabricatorquickplugin.so" to "/mnt/HDD/Project/Public/okulartry/okular-things/lib:/home/build/inkbox/compiled-binaries/arm-kobo-linux-gnueabihf/arm-kobo-linux-gnueabihf/sysroot/lib"
-- Installing: /mnt/HDD/Project/Public/okulartry/okular-things/lib/qml/org/kde/purpose/phabricator/qmldir
-- Installing: /mnt/HDD/Project/Public/okulartry/okular-things/lib/plugins/kf5/purpose/emailplugin.so
-- Set runtime path of "/mnt/HDD/Project/Public/okulartry/okular-things/lib/plugins/kf5/purpose/emailplugin.so" to "/mnt/HDD/Project/Public/okulartry/okular-things/lib:/home/build/inkbox/compiled-binaries/arm-kobo-linux-gnueabihf/arm-kobo-linux-gnueabihf/sysroot/lib"
-- Installing: /mnt/HDD/Project/Public/okulartry/okular-things/lib/plugins/kf5/purpose/telegramplugin.so
-- Set runtime path of "/mnt/HDD/Project/Public/okulartry/okular-things/lib/plugins/kf5/purpose/telegramplugin.so" to "/mnt/HDD/Project/Public/okulartry/okular-things/lib:/home/build/inkbox/compiled-binaries/arm-kobo-linux-gnueabihf/arm-kobo-linux-gnueabihf/sysroot/lib"
-- Installing: /mnt/HDD/Project/Public/okulartry/okular-things/lib/plugins/kf5/purpose/kdeconnectsmsplugin.so
-- Set runtime path of "/mnt/HDD/Project/Public/okulartry/okular-things/lib/plugins/kf5/purpose/kdeconnectsmsplugin.so" to "/mnt/HDD/Project/Public/okulartry/okular-things/lib:/home/build/inkbox/compiled-binaries/arm-kobo-linux-gnueabihf/arm-kobo-linux-gnueabihf/sysroot/lib"
-- Installing: /mnt/HDD/Project/Public/okulartry/okular-things/lib/plugins/kf5/purpose/barcodeplugin.so
-- Set runtime path of "/mnt/HDD/Project/Public/okulartry/okular-things/lib/plugins/kf5/purpose/barcodeplugin.so" to "/mnt/HDD/Project/Public/okulartry/okular-things/lib:/home/build/inkbox/compiled-binaries/arm-kobo-linux-gnueabihf/arm-kobo-linux-gnueabihf/sysroot/lib"
-- Installing: /mnt/HDD/Project/Public/okulartry/okular-things/share/purpose/barcodeplugin_config.qml
-- Installing: /mnt/HDD/Project/Public/okulartry/okular-things/lib/plugins/kf5/purpose/twitterplugin.so
-- Set runtime path of "/mnt/HDD/Project/Public/okulartry/okular-things/lib/plugins/kf5/purpose/twitterplugin.so" to "/mnt/HDD/Project/Public/okulartry/okular-things/lib:/home/build/inkbox/compiled-binaries/arm-kobo-linux-gnueabihf/arm-kobo-linux-gnueabihf/sysroot/lib"
-- Installing: /mnt/HDD/Project/Public/okulartry/okular-things/lib/plugins/kf5/purpose/bluetoothplugin.so
-- Set runtime path of "/mnt/HDD/Project/Public/okulartry/okular-things/lib/plugins/kf5/purpose/bluetoothplugin.so" to "/mnt/HDD/Project/Public/okulartry/okular-things/lib:/home/build/inkbox/compiled-binaries/arm-kobo-linux-gnueabihf/arm-kobo-linux-gnueabihf/sysroot/lib"
-- Installing: /mnt/HDD/Project/Public/okulartry/okular-things/share/purpose/bluetoothplugin_config.qml
-- Installing: /mnt/HDD/Project/Public/okulartry/okular-things/lib/qml/org/kde/purpose/qmldir
-- Installing: /mnt/HDD/Project/Public/okulartry/okular-things/lib/qml/org/kde/purpose/libpurposequickplugin.so
-- Set runtime path of "/mnt/HDD/Project/Public/okulartry/okular-things/lib/qml/org/kde/purpose/libpurposequickplugin.so" to "/mnt/HDD/Project/Public/okulartry/okular-things/lib:/home/build/inkbox/compiled-binaries/arm-kobo-linux-gnueabihf/arm-kobo-linux-gnueabihf/sysroot/lib"
-- Installing: /mnt/HDD/Project/Public/okulartry/okular-things/lib/qml/org/kde/purpose/AlternativesView.qml
-- Installing: /mnt/HDD/Project/Public/okulartry/okular-things/lib/qml/org/kde/purpose/JobView.qml
-- Installing: /mnt/HDD/Project/Public/okulartry/okular-things/lib/libKF5PurposeWidgets.so.5.107.0
-- Installing: /mnt/HDD/Project/Public/okulartry/okular-things/lib/libKF5PurposeWidgets.so.5
-- Set runtime path of "/mnt/HDD/Project/Public/okulartry/okular-things/lib/libKF5PurposeWidgets.so.5.107.0" to "/mnt/HDD/Project/Public/okulartry/okular-things/lib:/home/build/inkbox/compiled-binaries/arm-kobo-linux-gnueabihf/arm-kobo-linux-gnueabihf/sysroot/lib"
-- Installing: /mnt/HDD/Project/Public/okulartry/okular-things/lib/libKF5PurposeWidgets.so
-- Installing: /mnt/HDD/Project/Public/okulartry/okular-things/include/KF5/purposewidgets/Purpose/Menu
-- Installing: /mnt/HDD/Project/Public/okulartry/okular-things/include/KF5/purposewidgets/purpose/purposewidgets_export.h
-- Installing: /mnt/HDD/Project/Public/okulartry/okular-things/include/KF5/purposewidgets/purpose/menu.h
-- Installing: /mnt/HDD/Project/Public/okulartry/okular-things/include/KF5/purposewidgets/PurposeWidgets/Menu
-- Installing: /mnt/HDD/Project/Public/okulartry/okular-things/include/KF5/purposewidgets/purposewidgets/menu.h
-- Installing: /mnt/HDD/Project/Public/okulartry/okular-things/lib/plugins/kf5/kfileitemaction/sharefileitemaction.so
-- Set runtime path of "/mnt/HDD/Project/Public/okulartry/okular-things/lib/plugins/kf5/kfileitemaction/sharefileitemaction.so" to "/mnt/HDD/Project/Public/okulartry/okular-things/lib:/home/build/inkbox/compiled-binaries/arm-kobo-linux-gnueabihf/arm-kobo-linux-gnueabihf/sysroot/lib"
-- Installing: /mnt/HDD/Project/Public/okulartry/okular-things/share/qlogging-categories5/purpose.categories
-- Installing: /mnt/HDD/Project/Public/okulartry/okular-things/share/qlogging-categories5/purpose.renamecategories
-- Up-to-date: /mnt/HDD/Project/Public/okulartry/okular-things/share/locale
-- Up-to-date: /mnt/HDD/Project/Public/okulartry/okular-things/share/locale/da
-- Up-to-date: /mnt/HDD/Project/Public/okulartry/okular-things/share/locale/da/LC_MESSAGES
-- Installing: /mnt/HDD/Project/Public/okulartry/okular-things/share/locale/da/LC_MESSAGES/purpose_kdeconnect.mo
-- Installing: /mnt/HDD/Project/Public/okulartry/okular-things/share/locale/da/LC_MESSAGES/libpurpose_quick.mo
-- Installing: /mnt/HDD/Project/Public/okulartry/okular-things/share/locale/da/LC_MESSAGES/purpose_youtube.mo
-- Installing: /mnt/HDD/Project/Public/okulartry/okular-things/share/locale/da/LC_MESSAGES/purpose_ktp-sendfile.mo
-- Installing: /mnt/HDD/Project/Public/okulartry/okular-things/share/locale/da/LC_MESSAGES/purpose_bluetooth.mo
-- Installing: /mnt/HDD/Project/Public/okulartry/okular-things/share/locale/da/LC_MESSAGES/purpose_nextcloud.mo
-- Installing: /mnt/HDD/Project/Public/okulartry/okular-things/share/locale/da/LC_MESSAGES/purpose_imgur.mo
-- Installing: /mnt/HDD/Project/Public/okulartry/okular-things/share/locale/da/LC_MESSAGES/purpose_saveas.mo
-- Installing: /mnt/HDD/Project/Public/okulartry/okular-things/share/locale/da/LC_MESSAGES/purpose-fileitemaction.mo
-- Installing: /mnt/HDD/Project/Public/okulartry/okular-things/share/locale/da/LC_MESSAGES/purpose_phabricator.mo
-- Installing: /mnt/HDD/Project/Public/okulartry/okular-things/share/locale/da/LC_MESSAGES/libpurpose_widgets.mo
-- Installing: /mnt/HDD/Project/Public/okulartry/okular-things/share/locale/da/LC_MESSAGES/purpose_pastebin.mo
-- Installing: /mnt/HDD/Project/Public/okulartry/okular-things/share/locale/da/LC_MESSAGES/purpose_kdeconnectsms.mo
-- Installing: /mnt/HDD/Project/Public/okulartry/okular-things/share/locale/da/LC_MESSAGES/purpose_reviewboard.mo
-- Up-to-date: /mnt/HDD/Project/Public/okulartry/okular-things/share/locale/tr
-- Up-to-date: /mnt/HDD/Project/Public/okulartry/okular-things/share/locale/tr/LC_MESSAGES
-- Installing: /mnt/HDD/Project/Public/okulartry/okular-things/share/locale/tr/LC_MESSAGES/purpose_kdeconnect.mo
-- Installing: /mnt/HDD/Project/Public/okulartry/okular-things/share/locale/tr/LC_MESSAGES/libpurpose_quick.mo
-- Installing: /mnt/HDD/Project/Public/okulartry/okular-things/share/locale/tr/LC_MESSAGES/purpose_youtube.mo
-- Installing: /mnt/HDD/Project/Public/okulartry/okular-things/share/locale/tr/LC_MESSAGES/purpose_ktp-sendfile.mo
-- Installing: /mnt/HDD/Project/Public/okulartry/okular-things/share/locale/tr/LC_MESSAGES/purpose_bluetooth.mo
-- Installing: /mnt/HDD/Project/Public/okulartry/okular-things/share/locale/tr/LC_MESSAGES/purpose_nextcloud.mo
-- Installing: /mnt/HDD/Project/Public/okulartry/okular-things/share/locale/tr/LC_MESSAGES/purpose_imgur.mo
-- Installing: /mnt/HDD/Project/Public/okulartry/okular-things/share/locale/tr/LC_MESSAGES/purpose_saveas.mo
-- Installing: /mnt/HDD/Project/Public/okulartry/okular-things/share/locale/tr/LC_MESSAGES/purpose-fileitemaction.mo
-- Installing: /mnt/HDD/Project/Public/okulartry/okular-things/share/locale/tr/LC_MESSAGES/purpose_phabricator.mo
-- Installing: /mnt/HDD/Project/Public/okulartry/okular-things/share/locale/tr/LC_MESSAGES/libpurpose_widgets.mo
-- Installing: /mnt/HDD/Project/Public/okulartry/okular-things/share/locale/tr/LC_MESSAGES/purpose_pastebin.mo
-- Installing: /mnt/HDD/Project/Public/okulartry/okular-things/share/locale/tr/LC_MESSAGES/purpose_barcode.mo
-- Installing: /mnt/HDD/Project/Public/okulartry/okular-things/share/locale/tr/LC_MESSAGES/purpose_kdeconnectsms.mo
-- Installing: /mnt/HDD/Project/Public/okulartry/okular-things/share/locale/tr/LC_MESSAGES/purpose_reviewboard.mo
-- Up-to-date: /mnt/HDD/Project/Public/okulartry/okular-things/share/locale/ko
-- Up-to-date: /mnt/HDD/Project/Public/okulartry/okular-things/share/locale/ko/LC_MESSAGES
-- Installing: /mnt/HDD/Project/Public/okulartry/okular-things/share/locale/ko/LC_MESSAGES/purpose_kdeconnect.mo
-- Installing: /mnt/HDD/Project/Public/okulartry/okular-things/share/locale/ko/LC_MESSAGES/libpurpose_quick.mo
-- Installing: /mnt/HDD/Project/Public/okulartry/okular-things/share/locale/ko/LC_MESSAGES/purpose_youtube.mo
-- Installing: /mnt/HDD/Project/Public/okulartry/okular-things/share/locale/ko/LC_MESSAGES/purpose_ktp-sendfile.mo
-- Installing: /mnt/HDD/Project/Public/okulartry/okular-things/share/locale/ko/LC_MESSAGES/purpose_bluetooth.mo
-- Installing: /mnt/HDD/Project/Public/okulartry/okular-things/share/locale/ko/LC_MESSAGES/purpose_nextcloud.mo
-- Installing: /mnt/HDD/Project/Public/okulartry/okular-things/share/locale/ko/LC_MESSAGES/purpose_imgur.mo
-- Installing: /mnt/HDD/Project/Public/okulartry/okular-things/share/locale/ko/LC_MESSAGES/purpose_saveas.mo
-- Installing: /mnt/HDD/Project/Public/okulartry/okular-things/share/locale/ko/LC_MESSAGES/purpose-fileitemaction.mo
-- Installing: /mnt/HDD/Project/Public/okulartry/okular-things/share/locale/ko/LC_MESSAGES/purpose_phabricator.mo
-- Installing: /mnt/HDD/Project/Public/okulartry/okular-things/share/locale/ko/LC_MESSAGES/libpurpose_widgets.mo
-- Installing: /mnt/HDD/Project/Public/okulartry/okular-things/share/locale/ko/LC_MESSAGES/purpose_pastebin.mo
-- Installing: /mnt/HDD/Project/Public/okulartry/okular-things/share/locale/ko/LC_MESSAGES/purpose_barcode.mo
-- Installing: /mnt/HDD/Project/Public/okulartry/okular-things/share/locale/ko/LC_MESSAGES/purpose_kdeconnectsms.mo
-- Installing: /mnt/HDD/Project/Public/okulartry/okular-things/share/locale/ko/LC_MESSAGES/purpose_reviewboard.mo
-- Up-to-date: /mnt/HDD/Project/Public/okulartry/okular-things/share/locale/id
-- Up-to-date: /mnt/HDD/Project/Public/okulartry/okular-things/share/locale/id/LC_MESSAGES
-- Installing: /mnt/HDD/Project/Public/okulartry/okular-things/share/locale/id/LC_MESSAGES/purpose_kdeconnect.mo
-- Installing: /mnt/HDD/Project/Public/okulartry/okular-things/share/locale/id/LC_MESSAGES/libpurpose_quick.mo
-- Installing: /mnt/HDD/Project/Public/okulartry/okular-things/share/locale/id/LC_MESSAGES/purpose_youtube.mo
-- Installing: /mnt/HDD/Project/Public/okulartry/okular-things/share/locale/id/LC_MESSAGES/purpose_ktp-sendfile.mo
-- Installing: /mnt/HDD/Project/Public/okulartry/okular-things/share/locale/id/LC_MESSAGES/purpose_bluetooth.mo
-- Installing: /mnt/HDD/Project/Public/okulartry/okular-things/share/locale/id/LC_MESSAGES/purpose_nextcloud.mo
-- Installing: /mnt/HDD/Project/Public/okulartry/okular-things/share/locale/id/LC_MESSAGES/purpose_imgur.mo
-- Installing: /mnt/HDD/Project/Public/okulartry/okular-things/share/locale/id/LC_MESSAGES/purpose_saveas.mo
-- Installing: /mnt/HDD/Project/Public/okulartry/okular-things/share/locale/id/LC_MESSAGES/purpose-fileitemaction.mo
-- Installing: /mnt/HDD/Project/Public/okulartry/okular-things/share/locale/id/LC_MESSAGES/purpose_phabricator.mo
-- Installing: /mnt/HDD/Project/Public/okulartry/okular-things/share/locale/id/LC_MESSAGES/libpurpose_widgets.mo
-- Installing: /mnt/HDD/Project/Public/okulartry/okular-things/share/locale/id/LC_MESSAGES/purpose_pastebin.mo
-- Installing: /mnt/HDD/Project/Public/okulartry/okular-things/share/locale/id/LC_MESSAGES/purpose_kdeconnectsms.mo
-- Installing: /mnt/HDD/Project/Public/okulartry/okular-things/share/locale/id/LC_MESSAGES/purpose_reviewboard.mo
-- Up-to-date: /mnt/HDD/Project/Public/okulartry/okular-things/share/locale/cs
-- Up-to-date: /mnt/HDD/Project/Public/okulartry/okular-things/share/locale/cs/LC_MESSAGES
-- Installing: /mnt/HDD/Project/Public/okulartry/okular-things/share/locale/cs/LC_MESSAGES/purpose_kdeconnect.mo
-- Installing: /mnt/HDD/Project/Public/okulartry/okular-things/share/locale/cs/LC_MESSAGES/libpurpose_quick.mo
-- Installing: /mnt/HDD/Project/Public/okulartry/okular-things/share/locale/cs/LC_MESSAGES/purpose_youtube.mo
-- Installing: /mnt/HDD/Project/Public/okulartry/okular-things/share/locale/cs/LC_MESSAGES/purpose_ktp-sendfile.mo
-- Installing: /mnt/HDD/Project/Public/okulartry/okular-things/share/locale/cs/LC_MESSAGES/purpose_bluetooth.mo
-- Installing: /mnt/HDD/Project/Public/okulartry/okular-things/share/locale/cs/LC_MESSAGES/purpose_nextcloud.mo
-- Installing: /mnt/HDD/Project/Public/okulartry/okular-things/share/locale/cs/LC_MESSAGES/purpose_imgur.mo
-- Installing: /mnt/HDD/Project/Public/okulartry/okular-things/share/locale/cs/LC_MESSAGES/purpose_saveas.mo
-- Installing: /mnt/HDD/Project/Public/okulartry/okular-things/share/locale/cs/LC_MESSAGES/purpose-fileitemaction.mo
-- Installing: /mnt/HDD/Project/Public/okulartry/okular-things/share/locale/cs/LC_MESSAGES/purpose_phabricator.mo
-- Installing: /mnt/HDD/Project/Public/okulartry/okular-things/share/locale/cs/LC_MESSAGES/libpurpose_widgets.mo
-- Installing: /mnt/HDD/Project/Public/okulartry/okular-things/share/locale/cs/LC_MESSAGES/purpose_pastebin.mo
-- Installing: /mnt/HDD/Project/Public/okulartry/okular-things/share/locale/cs/LC_MESSAGES/purpose_barcode.mo
-- Installing: /mnt/HDD/Project/Public/okulartry/okular-things/share/locale/cs/LC_MESSAGES/purpose_kdeconnectsms.mo
-- Installing: /mnt/HDD/Project/Public/okulartry/okular-things/share/locale/cs/LC_MESSAGES/purpose_reviewboard.mo
-- Up-to-date: /mnt/HDD/Project/Public/okulartry/okular-things/share/locale/zh_TW
-- Up-to-date: /mnt/HDD/Project/Public/okulartry/okular-things/share/locale/zh_TW/LC_MESSAGES
-- Installing: /mnt/HDD/Project/Public/okulartry/okular-things/share/locale/zh_TW/LC_MESSAGES/purpose_kdeconnect.mo
-- Installing: /mnt/HDD/Project/Public/okulartry/okular-things/share/locale/zh_TW/LC_MESSAGES/libpurpose_quick.mo
-- Installing: /mnt/HDD/Project/Public/okulartry/okular-things/share/locale/zh_TW/LC_MESSAGES/purpose_youtube.mo
-- Installing: /mnt/HDD/Project/Public/okulartry/okular-things/share/locale/zh_TW/LC_MESSAGES/purpose_ktp-sendfile.mo
-- Installing: /mnt/HDD/Project/Public/okulartry/okular-things/share/locale/zh_TW/LC_MESSAGES/purpose_bluetooth.mo
-- Installing: /mnt/HDD/Project/Public/okulartry/okular-things/share/locale/zh_TW/LC_MESSAGES/purpose_nextcloud.mo
-- Installing: /mnt/HDD/Project/Public/okulartry/okular-things/share/locale/zh_TW/LC_MESSAGES/purpose_imgur.mo
-- Installing: /mnt/HDD/Project/Public/okulartry/okular-things/share/locale/zh_TW/LC_MESSAGES/purpose_saveas.mo
-- Installing: /mnt/HDD/Project/Public/okulartry/okular-things/share/locale/zh_TW/LC_MESSAGES/purpose-fileitemaction.mo
-- Installing: /mnt/HDD/Project/Public/okulartry/okular-things/share/locale/zh_TW/LC_MESSAGES/purpose_phabricator.mo
-- Installing: /mnt/HDD/Project/Public/okulartry/okular-things/share/locale/zh_TW/LC_MESSAGES/libpurpose_widgets.mo
-- Installing: /mnt/HDD/Project/Public/okulartry/okular-things/share/locale/zh_TW/LC_MESSAGES/purpose_pastebin.mo
-- Installing: /mnt/HDD/Project/Public/okulartry/okular-things/share/locale/zh_TW/LC_MESSAGES/purpose_barcode.mo
-- Installing: /mnt/HDD/Project/Public/okulartry/okular-things/share/locale/zh_TW/LC_MESSAGES/purpose_kdeconnectsms.mo
-- Installing: /mnt/HDD/Project/Public/okulartry/okular-things/share/locale/zh_TW/LC_MESSAGES/purpose_reviewboard.mo
-- Up-to-date: /mnt/HDD/Project/Public/okulartry/okular-things/share/locale/pl
-- Up-to-date: /mnt/HDD/Project/Public/okulartry/okular-things/share/locale/pl/LC_MESSAGES
-- Installing: /mnt/HDD/Project/Public/okulartry/okular-things/share/locale/pl/LC_MESSAGES/purpose_kdeconnect.mo
-- Installing: /mnt/HDD/Project/Public/okulartry/okular-things/share/locale/pl/LC_MESSAGES/libpurpose_quick.mo
-- Installing: /mnt/HDD/Project/Public/okulartry/okular-things/share/locale/pl/LC_MESSAGES/purpose_youtube.mo
-- Installing: /mnt/HDD/Project/Public/okulartry/okular-things/share/locale/pl/LC_MESSAGES/purpose_ktp-sendfile.mo
-- Installing: /mnt/HDD/Project/Public/okulartry/okular-things/share/locale/pl/LC_MESSAGES/purpose_bluetooth.mo
-- Installing: /mnt/HDD/Project/Public/okulartry/okular-things/share/locale/pl/LC_MESSAGES/purpose_nextcloud.mo
-- Installing: /mnt/HDD/Project/Public/okulartry/okular-things/share/locale/pl/LC_MESSAGES/purpose_imgur.mo
-- Installing: /mnt/HDD/Project/Public/okulartry/okular-things/share/locale/pl/LC_MESSAGES/purpose_saveas.mo
-- Installing: /mnt/HDD/Project/Public/okulartry/okular-things/share/locale/pl/LC_MESSAGES/purpose-fileitemaction.mo
-- Installing: /mnt/HDD/Project/Public/okulartry/okular-things/share/locale/pl/LC_MESSAGES/purpose_phabricator.mo
-- Installing: /mnt/HDD/Project/Public/okulartry/okular-things/share/locale/pl/LC_MESSAGES/libpurpose_widgets.mo
-- Installing: /mnt/HDD/Project/Public/okulartry/okular-things/share/locale/pl/LC_MESSAGES/purpose_pastebin.mo
-- Installing: /mnt/HDD/Project/Public/okulartry/okular-things/share/locale/pl/LC_MESSAGES/purpose_barcode.mo
-- Installing: /mnt/HDD/Project/Public/okulartry/okular-things/share/locale/pl/LC_MESSAGES/purpose_kdeconnectsms.mo
-- Installing: /mnt/HDD/Project/Public/okulartry/okular-things/share/locale/pl/LC_MESSAGES/purpose_reviewboard.mo
-- Up-to-date: /mnt/HDD/Project/Public/okulartry/okular-things/share/locale/tg
-- Up-to-date: /mnt/HDD/Project/Public/okulartry/okular-things/share/locale/tg/LC_MESSAGES
-- Installing: /mnt/HDD/Project/Public/okulartry/okular-things/share/locale/tg/LC_MESSAGES/purpose_kdeconnect.mo
-- Installing: /mnt/HDD/Project/Public/okulartry/okular-things/share/locale/tg/LC_MESSAGES/libpurpose_quick.mo
-- Installing: /mnt/HDD/Project/Public/okulartry/okular-things/share/locale/tg/LC_MESSAGES/purpose_youtube.mo
-- Installing: /mnt/HDD/Project/Public/okulartry/okular-things/share/locale/tg/LC_MESSAGES/purpose_ktp-sendfile.mo
-- Installing: /mnt/HDD/Project/Public/okulartry/okular-things/share/locale/tg/LC_MESSAGES/purpose_bluetooth.mo
-- Installing: /mnt/HDD/Project/Public/okulartry/okular-things/share/locale/tg/LC_MESSAGES/purpose_nextcloud.mo
-- Installing: /mnt/HDD/Project/Public/okulartry/okular-things/share/locale/tg/LC_MESSAGES/purpose_imgur.mo
-- Installing: /mnt/HDD/Project/Public/okulartry/okular-things/share/locale/tg/LC_MESSAGES/purpose_saveas.mo
-- Installing: /mnt/HDD/Project/Public/okulartry/okular-things/share/locale/tg/LC_MESSAGES/purpose-fileitemaction.mo
-- Installing: /mnt/HDD/Project/Public/okulartry/okular-things/share/locale/tg/LC_MESSAGES/purpose_phabricator.mo
-- Installing: /mnt/HDD/Project/Public/okulartry/okular-things/share/locale/tg/LC_MESSAGES/libpurpose_widgets.mo
-- Installing: /mnt/HDD/Project/Public/okulartry/okular-things/share/locale/tg/LC_MESSAGES/purpose_pastebin.mo
-- Installing: /mnt/HDD/Project/Public/okulartry/okular-things/share/locale/tg/LC_MESSAGES/purpose_kdeconnectsms.mo
-- Installing: /mnt/HDD/Project/Public/okulartry/okular-things/share/locale/tg/LC_MESSAGES/purpose_reviewboard.mo
-- Up-to-date: /mnt/HDD/Project/Public/okulartry/okular-things/share/locale/zh_CN
-- Up-to-date: /mnt/HDD/Project/Public/okulartry/okular-things/share/locale/zh_CN/LC_MESSAGES
-- Installing: /mnt/HDD/Project/Public/okulartry/okular-things/share/locale/zh_CN/LC_MESSAGES/purpose_kdeconnect.mo
-- Installing: /mnt/HDD/Project/Public/okulartry/okular-things/share/locale/zh_CN/LC_MESSAGES/libpurpose_quick.mo
-- Installing: /mnt/HDD/Project/Public/okulartry/okular-things/share/locale/zh_CN/LC_MESSAGES/purpose_youtube.mo
-- Installing: /mnt/HDD/Project/Public/okulartry/okular-things/share/locale/zh_CN/LC_MESSAGES/purpose_ktp-sendfile.mo
-- Installing: /mnt/HDD/Project/Public/okulartry/okular-things/share/locale/zh_CN/LC_MESSAGES/purpose_bluetooth.mo
-- Installing: /mnt/HDD/Project/Public/okulartry/okular-things/share/locale/zh_CN/LC_MESSAGES/purpose_nextcloud.mo
-- Installing: /mnt/HDD/Project/Public/okulartry/okular-things/share/locale/zh_CN/LC_MESSAGES/purpose_imgur.mo
-- Installing: /mnt/HDD/Project/Public/okulartry/okular-things/share/locale/zh_CN/LC_MESSAGES/purpose_saveas.mo
-- Installing: /mnt/HDD/Project/Public/okulartry/okular-things/share/locale/zh_CN/LC_MESSAGES/purpose-fileitemaction.mo
-- Installing: /mnt/HDD/Project/Public/okulartry/okular-things/share/locale/zh_CN/LC_MESSAGES/purpose_phabricator.mo
-- Installing: /mnt/HDD/Project/Public/okulartry/okular-things/share/locale/zh_CN/LC_MESSAGES/libpurpose_widgets.mo
-- Installing: /mnt/HDD/Project/Public/okulartry/okular-things/share/locale/zh_CN/LC_MESSAGES/purpose_pastebin.mo
-- Installing: /mnt/HDD/Project/Public/okulartry/okular-things/share/locale/zh_CN/LC_MESSAGES/purpose_barcode.mo
-- Installing: /mnt/HDD/Project/Public/okulartry/okular-things/share/locale/zh_CN/LC_MESSAGES/purpose_kdeconnectsms.mo
-- Installing: /mnt/HDD/Project/Public/okulartry/okular-things/share/locale/zh_CN/LC_MESSAGES/purpose_reviewboard.mo
-- Up-to-date: /mnt/HDD/Project/Public/okulartry/okular-things/share/locale/pt_BR
-- Up-to-date: /mnt/HDD/Project/Public/okulartry/okular-things/share/locale/pt_BR/LC_MESSAGES
-- Installing: /mnt/HDD/Project/Public/okulartry/okular-things/share/locale/pt_BR/LC_MESSAGES/purpose_kdeconnect.mo
-- Installing: /mnt/HDD/Project/Public/okulartry/okular-things/share/locale/pt_BR/LC_MESSAGES/libpurpose_quick.mo
-- Installing: /mnt/HDD/Project/Public/okulartry/okular-things/share/locale/pt_BR/LC_MESSAGES/purpose_youtube.mo
-- Installing: /mnt/HDD/Project/Public/okulartry/okular-things/share/locale/pt_BR/LC_MESSAGES/purpose_ktp-sendfile.mo
-- Installing: /mnt/HDD/Project/Public/okulartry/okular-things/share/locale/pt_BR/LC_MESSAGES/purpose_bluetooth.mo
-- Installing: /mnt/HDD/Project/Public/okulartry/okular-things/share/locale/pt_BR/LC_MESSAGES/purpose_nextcloud.mo
-- Installing: /mnt/HDD/Project/Public/okulartry/okular-things/share/locale/pt_BR/LC_MESSAGES/purpose_imgur.mo
-- Installing: /mnt/HDD/Project/Public/okulartry/okular-things/share/locale/pt_BR/LC_MESSAGES/purpose_saveas.mo
-- Installing: /mnt/HDD/Project/Public/okulartry/okular-things/share/locale/pt_BR/LC_MESSAGES/purpose-fileitemaction.mo
-- Installing: /mnt/HDD/Project/Public/okulartry/okular-things/share/locale/pt_BR/LC_MESSAGES/purpose_phabricator.mo
-- Installing: /mnt/HDD/Project/Public/okulartry/okular-things/share/locale/pt_BR/LC_MESSAGES/libpurpose_widgets.mo
-- Installing: /mnt/HDD/Project/Public/okulartry/okular-things/share/locale/pt_BR/LC_MESSAGES/purpose_pastebin.mo
-- Installing: /mnt/HDD/Project/Public/okulartry/okular-things/share/locale/pt_BR/LC_MESSAGES/purpose_barcode.mo
-- Installing: /mnt/HDD/Project/Public/okulartry/okular-things/share/locale/pt_BR/LC_MESSAGES/purpose_kdeconnectsms.mo
-- Installing: /mnt/HDD/Project/Public/okulartry/okular-things/share/locale/pt_BR/LC_MESSAGES/purpose_reviewboard.mo
-- Up-to-date: /mnt/HDD/Project/Public/okulartry/okular-things/share/locale/it
-- Up-to-date: /mnt/HDD/Project/Public/okulartry/okular-things/share/locale/it/LC_MESSAGES
-- Installing: /mnt/HDD/Project/Public/okulartry/okular-things/share/locale/it/LC_MESSAGES/purpose_kdeconnect.mo
-- Installing: /mnt/HDD/Project/Public/okulartry/okular-things/share/locale/it/LC_MESSAGES/libpurpose_quick.mo
-- Installing: /mnt/HDD/Project/Public/okulartry/okular-things/share/locale/it/LC_MESSAGES/purpose_youtube.mo
-- Installing: /mnt/HDD/Project/Public/okulartry/okular-things/share/locale/it/LC_MESSAGES/purpose_ktp-sendfile.mo
-- Installing: /mnt/HDD/Project/Public/okulartry/okular-things/share/locale/it/LC_MESSAGES/purpose_bluetooth.mo
-- Installing: /mnt/HDD/Project/Public/okulartry/okular-things/share/locale/it/LC_MESSAGES/purpose_nextcloud.mo
-- Installing: /mnt/HDD/Project/Public/okulartry/okular-things/share/locale/it/LC_MESSAGES/purpose_imgur.mo
-- Installing: /mnt/HDD/Project/Public/okulartry/okular-things/share/locale/it/LC_MESSAGES/purpose_saveas.mo
-- Installing: /mnt/HDD/Project/Public/okulartry/okular-things/share/locale/it/LC_MESSAGES/purpose-fileitemaction.mo
-- Installing: /mnt/HDD/Project/Public/okulartry/okular-things/share/locale/it/LC_MESSAGES/purpose_phabricator.mo
-- Installing: /mnt/HDD/Project/Public/okulartry/okular-things/share/locale/it/LC_MESSAGES/libpurpose_widgets.mo
-- Installing: /mnt/HDD/Project/Public/okulartry/okular-things/share/locale/it/LC_MESSAGES/purpose_pastebin.mo
-- Installing: /mnt/HDD/Project/Public/okulartry/okular-things/share/locale/it/LC_MESSAGES/purpose_barcode.mo
-- Installing: /mnt/HDD/Project/Public/okulartry/okular-things/share/locale/it/LC_MESSAGES/purpose_kdeconnectsms.mo
-- Installing: /mnt/HDD/Project/Public/okulartry/okular-things/share/locale/it/LC_MESSAGES/purpose_reviewboard.mo
-- Up-to-date: /mnt/HDD/Project/Public/okulartry/okular-things/share/locale/ml
-- Up-to-date: /mnt/HDD/Project/Public/okulartry/okular-things/share/locale/ml/LC_MESSAGES
-- Installing: /mnt/HDD/Project/Public/okulartry/okular-things/share/locale/ml/LC_MESSAGES/purpose_kdeconnect.mo
-- Installing: /mnt/HDD/Project/Public/okulartry/okular-things/share/locale/ml/LC_MESSAGES/libpurpose_quick.mo
-- Installing: /mnt/HDD/Project/Public/okulartry/okular-things/share/locale/ml/LC_MESSAGES/purpose_youtube.mo
-- Installing: /mnt/HDD/Project/Public/okulartry/okular-things/share/locale/ml/LC_MESSAGES/purpose_ktp-sendfile.mo
-- Installing: /mnt/HDD/Project/Public/okulartry/okular-things/share/locale/ml/LC_MESSAGES/purpose_bluetooth.mo
-- Installing: /mnt/HDD/Project/Public/okulartry/okular-things/share/locale/ml/LC_MESSAGES/purpose_nextcloud.mo
-- Installing: /mnt/HDD/Project/Public/okulartry/okular-things/share/locale/ml/LC_MESSAGES/purpose_imgur.mo
-- Installing: /mnt/HDD/Project/Public/okulartry/okular-things/share/locale/ml/LC_MESSAGES/purpose_saveas.mo
-- Installing: /mnt/HDD/Project/Public/okulartry/okular-things/share/locale/ml/LC_MESSAGES/purpose-fileitemaction.mo
-- Installing: /mnt/HDD/Project/Public/okulartry/okular-things/share/locale/ml/LC_MESSAGES/purpose_phabricator.mo
-- Installing: /mnt/HDD/Project/Public/okulartry/okular-things/share/locale/ml/LC_MESSAGES/libpurpose_widgets.mo
-- Installing: /mnt/HDD/Project/Public/okulartry/okular-things/share/locale/ml/LC_MESSAGES/purpose_pastebin.mo
-- Installing: /mnt/HDD/Project/Public/okulartry/okular-things/share/locale/ml/LC_MESSAGES/purpose_kdeconnectsms.mo
-- Installing: /mnt/HDD/Project/Public/okulartry/okular-things/share/locale/ml/LC_MESSAGES/purpose_reviewboard.mo
-- Up-to-date: /mnt/HDD/Project/Public/okulartry/okular-things/share/locale/ru
-- Up-to-date: /mnt/HDD/Project/Public/okulartry/okular-things/share/locale/ru/LC_MESSAGES
-- Installing: /mnt/HDD/Project/Public/okulartry/okular-things/share/locale/ru/LC_MESSAGES/purpose_kdeconnect.mo
-- Installing: /mnt/HDD/Project/Public/okulartry/okular-things/share/locale/ru/LC_MESSAGES/libpurpose_quick.mo
-- Installing: /mnt/HDD/Project/Public/okulartry/okular-things/share/locale/ru/LC_MESSAGES/purpose_youtube.mo
-- Installing: /mnt/HDD/Project/Public/okulartry/okular-things/share/locale/ru/LC_MESSAGES/purpose_ktp-sendfile.mo
-- Installing: /mnt/HDD/Project/Public/okulartry/okular-things/share/locale/ru/LC_MESSAGES/purpose_bluetooth.mo
-- Installing: /mnt/HDD/Project/Public/okulartry/okular-things/share/locale/ru/LC_MESSAGES/purpose_nextcloud.mo
-- Installing: /mnt/HDD/Project/Public/okulartry/okular-things/share/locale/ru/LC_MESSAGES/purpose_imgur.mo
-- Installing: /mnt/HDD/Project/Public/okulartry/okular-things/share/locale/ru/LC_MESSAGES/purpose_saveas.mo
-- Installing: /mnt/HDD/Project/Public/okulartry/okular-things/share/locale/ru/LC_MESSAGES/purpose-fileitemaction.mo
-- Installing: /mnt/HDD/Project/Public/okulartry/okular-things/share/locale/ru/LC_MESSAGES/purpose_phabricator.mo
-- Installing: /mnt/HDD/Project/Public/okulartry/okular-things/share/locale/ru/LC_MESSAGES/libpurpose_widgets.mo
-- Installing: /mnt/HDD/Project/Public/okulartry/okular-things/share/locale/ru/LC_MESSAGES/purpose_pastebin.mo
-- Installing: /mnt/HDD/Project/Public/okulartry/okular-things/share/locale/ru/LC_MESSAGES/purpose_barcode.mo
-- Installing: /mnt/HDD/Project/Public/okulartry/okular-things/share/locale/ru/LC_MESSAGES/purpose_kdeconnectsms.mo
-- Installing: /mnt/HDD/Project/Public/okulartry/okular-things/share/locale/ru/LC_MESSAGES/purpose_reviewboard.mo
-- Up-to-date: /mnt/HDD/Project/Public/okulartry/okular-things/share/locale/fr
-- Up-to-date: /mnt/HDD/Project/Public/okulartry/okular-things/share/locale/fr/LC_MESSAGES
-- Installing: /mnt/HDD/Project/Public/okulartry/okular-things/share/locale/fr/LC_MESSAGES/purpose_kdeconnect.mo
-- Installing: /mnt/HDD/Project/Public/okulartry/okular-things/share/locale/fr/LC_MESSAGES/libpurpose_quick.mo
-- Installing: /mnt/HDD/Project/Public/okulartry/okular-things/share/locale/fr/LC_MESSAGES/purpose_youtube.mo
-- Installing: /mnt/HDD/Project/Public/okulartry/okular-things/share/locale/fr/LC_MESSAGES/purpose_ktp-sendfile.mo
-- Installing: /mnt/HDD/Project/Public/okulartry/okular-things/share/locale/fr/LC_MESSAGES/purpose_bluetooth.mo
-- Installing: /mnt/HDD/Project/Public/okulartry/okular-things/share/locale/fr/LC_MESSAGES/purpose_nextcloud.mo
-- Installing: /mnt/HDD/Project/Public/okulartry/okular-things/share/locale/fr/LC_MESSAGES/purpose_imgur.mo
-- Installing: /mnt/HDD/Project/Public/okulartry/okular-things/share/locale/fr/LC_MESSAGES/purpose_saveas.mo
-- Installing: /mnt/HDD/Project/Public/okulartry/okular-things/share/locale/fr/LC_MESSAGES/purpose-fileitemaction.mo
-- Installing: /mnt/HDD/Project/Public/okulartry/okular-things/share/locale/fr/LC_MESSAGES/purpose_phabricator.mo
-- Installing: /mnt/HDD/Project/Public/okulartry/okular-things/share/locale/fr/LC_MESSAGES/libpurpose_widgets.mo
-- Installing: /mnt/HDD/Project/Public/okulartry/okular-things/share/locale/fr/LC_MESSAGES/purpose_pastebin.mo
-- Installing: /mnt/HDD/Project/Public/okulartry/okular-things/share/locale/fr/LC_MESSAGES/purpose_barcode.mo
-- Installing: /mnt/HDD/Project/Public/okulartry/okular-things/share/locale/fr/LC_MESSAGES/purpose_kdeconnectsms.mo
-- Installing: /mnt/HDD/Project/Public/okulartry/okular-things/share/locale/fr/LC_MESSAGES/purpose_reviewboard.mo
-- Up-to-date: /mnt/HDD/Project/Public/okulartry/okular-things/share/locale/ro
-- Up-to-date: /mnt/HDD/Project/Public/okulartry/okular-things/share/locale/ro/LC_MESSAGES
-- Installing: /mnt/HDD/Project/Public/okulartry/okular-things/share/locale/ro/LC_MESSAGES/purpose_kdeconnect.mo
-- Installing: /mnt/HDD/Project/Public/okulartry/okular-things/share/locale/ro/LC_MESSAGES/libpurpose_quick.mo
-- Installing: /mnt/HDD/Project/Public/okulartry/okular-things/share/locale/ro/LC_MESSAGES/purpose_youtube.mo
-- Installing: /mnt/HDD/Project/Public/okulartry/okular-things/share/locale/ro/LC_MESSAGES/purpose_ktp-sendfile.mo
-- Installing: /mnt/HDD/Project/Public/okulartry/okular-things/share/locale/ro/LC_MESSAGES/purpose_bluetooth.mo
-- Installing: /mnt/HDD/Project/Public/okulartry/okular-things/share/locale/ro/LC_MESSAGES/purpose_nextcloud.mo
-- Installing: /mnt/HDD/Project/Public/okulartry/okular-things/share/locale/ro/LC_MESSAGES/purpose_imgur.mo
-- Installing: /mnt/HDD/Project/Public/okulartry/okular-things/share/locale/ro/LC_MESSAGES/purpose_saveas.mo
-- Installing: /mnt/HDD/Project/Public/okulartry/okular-things/share/locale/ro/LC_MESSAGES/purpose-fileitemaction.mo
-- Installing: /mnt/HDD/Project/Public/okulartry/okular-things/share/locale/ro/LC_MESSAGES/libpurpose_widgets.mo
-- Installing: /mnt/HDD/Project/Public/okulartry/okular-things/share/locale/ro/LC_MESSAGES/purpose_pastebin.mo
-- Installing: /mnt/HDD/Project/Public/okulartry/okular-things/share/locale/ro/LC_MESSAGES/purpose_barcode.mo
-- Installing: /mnt/HDD/Project/Public/okulartry/okular-things/share/locale/ro/LC_MESSAGES/purpose_kdeconnectsms.mo
-- Up-to-date: /mnt/HDD/Project/Public/okulartry/okular-things/share/locale/es
-- Up-to-date: /mnt/HDD/Project/Public/okulartry/okular-things/share/locale/es/LC_MESSAGES
-- Installing: /mnt/HDD/Project/Public/okulartry/okular-things/share/locale/es/LC_MESSAGES/purpose_kdeconnect.mo
-- Installing: /mnt/HDD/Project/Public/okulartry/okular-things/share/locale/es/LC_MESSAGES/libpurpose_quick.mo
-- Installing: /mnt/HDD/Project/Public/okulartry/okular-things/share/locale/es/LC_MESSAGES/purpose_youtube.mo
-- Installing: /mnt/HDD/Project/Public/okulartry/okular-things/share/locale/es/LC_MESSAGES/purpose_ktp-sendfile.mo
-- Installing: /mnt/HDD/Project/Public/okulartry/okular-things/share/locale/es/LC_MESSAGES/purpose_bluetooth.mo
-- Installing: /mnt/HDD/Project/Public/okulartry/okular-things/share/locale/es/LC_MESSAGES/purpose_nextcloud.mo
-- Installing: /mnt/HDD/Project/Public/okulartry/okular-things/share/locale/es/LC_MESSAGES/purpose_imgur.mo
-- Installing: /mnt/HDD/Project/Public/okulartry/okular-things/share/locale/es/LC_MESSAGES/purpose_saveas.mo
-- Installing: /mnt/HDD/Project/Public/okulartry/okular-things/share/locale/es/LC_MESSAGES/purpose-fileitemaction.mo
-- Installing: /mnt/HDD/Project/Public/okulartry/okular-things/share/locale/es/LC_MESSAGES/purpose_phabricator.mo
-- Installing: /mnt/HDD/Project/Public/okulartry/okular-things/share/locale/es/LC_MESSAGES/libpurpose_widgets.mo
-- Installing: /mnt/HDD/Project/Public/okulartry/okular-things/share/locale/es/LC_MESSAGES/purpose_pastebin.mo
-- Installing: /mnt/HDD/Project/Public/okulartry/okular-things/share/locale/es/LC_MESSAGES/purpose_barcode.mo
-- Installing: /mnt/HDD/Project/Public/okulartry/okular-things/share/locale/es/LC_MESSAGES/purpose_kdeconnectsms.mo
-- Installing: /mnt/HDD/Project/Public/okulartry/okular-things/share/locale/es/LC_MESSAGES/purpose_reviewboard.mo
-- Up-to-date: /mnt/HDD/Project/Public/okulartry/okular-things/share/locale/ia
-- Up-to-date: /mnt/HDD/Project/Public/okulartry/okular-things/share/locale/ia/LC_MESSAGES
-- Installing: /mnt/HDD/Project/Public/okulartry/okular-things/share/locale/ia/LC_MESSAGES/purpose_kdeconnect.mo
-- Installing: /mnt/HDD/Project/Public/okulartry/okular-things/share/locale/ia/LC_MESSAGES/libpurpose_quick.mo
-- Installing: /mnt/HDD/Project/Public/okulartry/okular-things/share/locale/ia/LC_MESSAGES/purpose_youtube.mo
-- Installing: /mnt/HDD/Project/Public/okulartry/okular-things/share/locale/ia/LC_MESSAGES/purpose_ktp-sendfile.mo
-- Installing: /mnt/HDD/Project/Public/okulartry/okular-things/share/locale/ia/LC_MESSAGES/purpose_bluetooth.mo
-- Installing: /mnt/HDD/Project/Public/okulartry/okular-things/share/locale/ia/LC_MESSAGES/purpose_nextcloud.mo
-- Installing: /mnt/HDD/Project/Public/okulartry/okular-things/share/locale/ia/LC_MESSAGES/purpose_imgur.mo
-- Installing: /mnt/HDD/Project/Public/okulartry/okular-things/share/locale/ia/LC_MESSAGES/purpose_saveas.mo
-- Installing: /mnt/HDD/Project/Public/okulartry/okular-things/share/locale/ia/LC_MESSAGES/purpose-fileitemaction.mo
-- Installing: /mnt/HDD/Project/Public/okulartry/okular-things/share/locale/ia/LC_MESSAGES/purpose_phabricator.mo
-- Installing: /mnt/HDD/Project/Public/okulartry/okular-things/share/locale/ia/LC_MESSAGES/libpurpose_widgets.mo
-- Installing: /mnt/HDD/Project/Public/okulartry/okular-things/share/locale/ia/LC_MESSAGES/purpose_pastebin.mo
-- Installing: /mnt/HDD/Project/Public/okulartry/okular-things/share/locale/ia/LC_MESSAGES/purpose_barcode.mo
-- Installing: /mnt/HDD/Project/Public/okulartry/okular-things/share/locale/ia/LC_MESSAGES/purpose_kdeconnectsms.mo
-- Installing: /mnt/HDD/Project/Public/okulartry/okular-things/share/locale/ia/LC_MESSAGES/purpose_reviewboard.mo
-- Up-to-date: /mnt/HDD/Project/Public/okulartry/okular-things/share/locale/fi
-- Up-to-date: /mnt/HDD/Project/Public/okulartry/okular-things/share/locale/fi/LC_MESSAGES
-- Installing: /mnt/HDD/Project/Public/okulartry/okular-things/share/locale/fi/LC_MESSAGES/purpose_kdeconnect.mo
-- Installing: /mnt/HDD/Project/Public/okulartry/okular-things/share/locale/fi/LC_MESSAGES/libpurpose_quick.mo
-- Installing: /mnt/HDD/Project/Public/okulartry/okular-things/share/locale/fi/LC_MESSAGES/purpose_youtube.mo
-- Installing: /mnt/HDD/Project/Public/okulartry/okular-things/share/locale/fi/LC_MESSAGES/purpose_ktp-sendfile.mo
-- Installing: /mnt/HDD/Project/Public/okulartry/okular-things/share/locale/fi/LC_MESSAGES/purpose_bluetooth.mo
-- Installing: /mnt/HDD/Project/Public/okulartry/okular-things/share/locale/fi/LC_MESSAGES/purpose_nextcloud.mo
-- Installing: /mnt/HDD/Project/Public/okulartry/okular-things/share/locale/fi/LC_MESSAGES/purpose_imgur.mo
-- Installing: /mnt/HDD/Project/Public/okulartry/okular-things/share/locale/fi/LC_MESSAGES/purpose_saveas.mo
-- Installing: /mnt/HDD/Project/Public/okulartry/okular-things/share/locale/fi/LC_MESSAGES/purpose-fileitemaction.mo
-- Installing: /mnt/HDD/Project/Public/okulartry/okular-things/share/locale/fi/LC_MESSAGES/purpose_phabricator.mo
-- Installing: /mnt/HDD/Project/Public/okulartry/okular-things/share/locale/fi/LC_MESSAGES/libpurpose_widgets.mo
-- Installing: /mnt/HDD/Project/Public/okulartry/okular-things/share/locale/fi/LC_MESSAGES/purpose_pastebin.mo
-- Installing: /mnt/HDD/Project/Public/okulartry/okular-things/share/locale/fi/LC_MESSAGES/purpose_barcode.mo
-- Installing: /mnt/HDD/Project/Public/okulartry/okular-things/share/locale/fi/LC_MESSAGES/purpose_kdeconnectsms.mo
-- Installing: /mnt/HDD/Project/Public/okulartry/okular-things/share/locale/fi/LC_MESSAGES/purpose_reviewboard.mo
-- Up-to-date: /mnt/HDD/Project/Public/okulartry/okular-things/share/locale/nn
-- Up-to-date: /mnt/HDD/Project/Public/okulartry/okular-things/share/locale/nn/LC_MESSAGES
-- Installing: /mnt/HDD/Project/Public/okulartry/okular-things/share/locale/nn/LC_MESSAGES/purpose_kdeconnect.mo
-- Installing: /mnt/HDD/Project/Public/okulartry/okular-things/share/locale/nn/LC_MESSAGES/libpurpose_quick.mo
-- Installing: /mnt/HDD/Project/Public/okulartry/okular-things/share/locale/nn/LC_MESSAGES/purpose_youtube.mo
-- Installing: /mnt/HDD/Project/Public/okulartry/okular-things/share/locale/nn/LC_MESSAGES/purpose_ktp-sendfile.mo
-- Installing: /mnt/HDD/Project/Public/okulartry/okular-things/share/locale/nn/LC_MESSAGES/purpose_bluetooth.mo
-- Installing: /mnt/HDD/Project/Public/okulartry/okular-things/share/locale/nn/LC_MESSAGES/purpose_nextcloud.mo
-- Installing: /mnt/HDD/Project/Public/okulartry/okular-things/share/locale/nn/LC_MESSAGES/purpose_imgur.mo
-- Installing: /mnt/HDD/Project/Public/okulartry/okular-things/share/locale/nn/LC_MESSAGES/purpose_saveas.mo
-- Installing: /mnt/HDD/Project/Public/okulartry/okular-things/share/locale/nn/LC_MESSAGES/purpose-fileitemaction.mo
-- Installing: /mnt/HDD/Project/Public/okulartry/okular-things/share/locale/nn/LC_MESSAGES/purpose_phabricator.mo
-- Installing: /mnt/HDD/Project/Public/okulartry/okular-things/share/locale/nn/LC_MESSAGES/libpurpose_widgets.mo
-- Installing: /mnt/HDD/Project/Public/okulartry/okular-things/share/locale/nn/LC_MESSAGES/purpose_pastebin.mo
-- Installing: /mnt/HDD/Project/Public/okulartry/okular-things/share/locale/nn/LC_MESSAGES/purpose_barcode.mo
-- Installing: /mnt/HDD/Project/Public/okulartry/okular-things/share/locale/nn/LC_MESSAGES/purpose_kdeconnectsms.mo
-- Installing: /mnt/HDD/Project/Public/okulartry/okular-things/share/locale/nn/LC_MESSAGES/purpose_reviewboard.mo
-- Up-to-date: /mnt/HDD/Project/Public/okulartry/okular-things/share/locale/ja
-- Up-to-date: /mnt/HDD/Project/Public/okulartry/okular-things/share/locale/ja/LC_MESSAGES
-- Installing: /mnt/HDD/Project/Public/okulartry/okular-things/share/locale/ja/LC_MESSAGES/purpose_kdeconnect.mo
-- Installing: /mnt/HDD/Project/Public/okulartry/okular-things/share/locale/ja/LC_MESSAGES/libpurpose_quick.mo
-- Installing: /mnt/HDD/Project/Public/okulartry/okular-things/share/locale/ja/LC_MESSAGES/purpose_youtube.mo
-- Installing: /mnt/HDD/Project/Public/okulartry/okular-things/share/locale/ja/LC_MESSAGES/purpose_ktp-sendfile.mo
-- Installing: /mnt/HDD/Project/Public/okulartry/okular-things/share/locale/ja/LC_MESSAGES/purpose_bluetooth.mo
-- Installing: /mnt/HDD/Project/Public/okulartry/okular-things/share/locale/ja/LC_MESSAGES/purpose_nextcloud.mo
-- Installing: /mnt/HDD/Project/Public/okulartry/okular-things/share/locale/ja/LC_MESSAGES/purpose_imgur.mo
-- Installing: /mnt/HDD/Project/Public/okulartry/okular-things/share/locale/ja/LC_MESSAGES/purpose_saveas.mo
-- Installing: /mnt/HDD/Project/Public/okulartry/okular-things/share/locale/ja/LC_MESSAGES/purpose-fileitemaction.mo
-- Installing: /mnt/HDD/Project/Public/okulartry/okular-things/share/locale/ja/LC_MESSAGES/purpose_phabricator.mo
-- Installing: /mnt/HDD/Project/Public/okulartry/okular-things/share/locale/ja/LC_MESSAGES/libpurpose_widgets.mo
-- Installing: /mnt/HDD/Project/Public/okulartry/okular-things/share/locale/ja/LC_MESSAGES/purpose_pastebin.mo
-- Installing: /mnt/HDD/Project/Public/okulartry/okular-things/share/locale/ja/LC_MESSAGES/purpose_barcode.mo
-- Installing: /mnt/HDD/Project/Public/okulartry/okular-things/share/locale/ja/LC_MESSAGES/purpose_kdeconnectsms.mo
-- Installing: /mnt/HDD/Project/Public/okulartry/okular-things/share/locale/ja/LC_MESSAGES/purpose_reviewboard.mo
-- Up-to-date: /mnt/HDD/Project/Public/okulartry/okular-things/share/locale/el
-- Up-to-date: /mnt/HDD/Project/Public/okulartry/okular-things/share/locale/el/LC_MESSAGES
-- Installing: /mnt/HDD/Project/Public/okulartry/okular-things/share/locale/el/LC_MESSAGES/purpose_kdeconnect.mo
-- Installing: /mnt/HDD/Project/Public/okulartry/okular-things/share/locale/el/LC_MESSAGES/libpurpose_quick.mo
-- Installing: /mnt/HDD/Project/Public/okulartry/okular-things/share/locale/el/LC_MESSAGES/purpose_youtube.mo
-- Installing: /mnt/HDD/Project/Public/okulartry/okular-things/share/locale/el/LC_MESSAGES/purpose_ktp-sendfile.mo
-- Installing: /mnt/HDD/Project/Public/okulartry/okular-things/share/locale/el/LC_MESSAGES/purpose_bluetooth.mo
-- Installing: /mnt/HDD/Project/Public/okulartry/okular-things/share/locale/el/LC_MESSAGES/purpose_nextcloud.mo
-- Installing: /mnt/HDD/Project/Public/okulartry/okular-things/share/locale/el/LC_MESSAGES/purpose_imgur.mo
-- Installing: /mnt/HDD/Project/Public/okulartry/okular-things/share/locale/el/LC_MESSAGES/purpose_saveas.mo
-- Installing: /mnt/HDD/Project/Public/okulartry/okular-things/share/locale/el/LC_MESSAGES/purpose-fileitemaction.mo
-- Installing: /mnt/HDD/Project/Public/okulartry/okular-things/share/locale/el/LC_MESSAGES/purpose_phabricator.mo
-- Installing: /mnt/HDD/Project/Public/okulartry/okular-things/share/locale/el/LC_MESSAGES/libpurpose_widgets.mo
-- Installing: /mnt/HDD/Project/Public/okulartry/okular-things/share/locale/el/LC_MESSAGES/purpose_pastebin.mo
-- Installing: /mnt/HDD/Project/Public/okulartry/okular-things/share/locale/el/LC_MESSAGES/purpose_barcode.mo
-- Installing: /mnt/HDD/Project/Public/okulartry/okular-things/share/locale/el/LC_MESSAGES/purpose_kdeconnectsms.mo
-- Installing: /mnt/HDD/Project/Public/okulartry/okular-things/share/locale/el/LC_MESSAGES/purpose_reviewboard.mo
-- Up-to-date: /mnt/HDD/Project/Public/okulartry/okular-things/share/locale/uk
-- Up-to-date: /mnt/HDD/Project/Public/okulartry/okular-things/share/locale/uk/LC_MESSAGES
-- Installing: /mnt/HDD/Project/Public/okulartry/okular-things/share/locale/uk/LC_MESSAGES/purpose_kdeconnect.mo
-- Installing: /mnt/HDD/Project/Public/okulartry/okular-things/share/locale/uk/LC_MESSAGES/libpurpose_quick.mo
-- Installing: /mnt/HDD/Project/Public/okulartry/okular-things/share/locale/uk/LC_MESSAGES/purpose_youtube.mo
-- Installing: /mnt/HDD/Project/Public/okulartry/okular-things/share/locale/uk/LC_MESSAGES/purpose_ktp-sendfile.mo
-- Installing: /mnt/HDD/Project/Public/okulartry/okular-things/share/locale/uk/LC_MESSAGES/purpose_bluetooth.mo
-- Installing: /mnt/HDD/Project/Public/okulartry/okular-things/share/locale/uk/LC_MESSAGES/purpose_nextcloud.mo
-- Installing: /mnt/HDD/Project/Public/okulartry/okular-things/share/locale/uk/LC_MESSAGES/purpose_imgur.mo
-- Installing: /mnt/HDD/Project/Public/okulartry/okular-things/share/locale/uk/LC_MESSAGES/purpose_saveas.mo
-- Installing: /mnt/HDD/Project/Public/okulartry/okular-things/share/locale/uk/LC_MESSAGES/purpose-fileitemaction.mo
-- Installing: /mnt/HDD/Project/Public/okulartry/okular-things/share/locale/uk/LC_MESSAGES/purpose_phabricator.mo
-- Installing: /mnt/HDD/Project/Public/okulartry/okular-things/share/locale/uk/LC_MESSAGES/libpurpose_widgets.mo
-- Installing: /mnt/HDD/Project/Public/okulartry/okular-things/share/locale/uk/LC_MESSAGES/purpose_pastebin.mo
-- Installing: /mnt/HDD/Project/Public/okulartry/okular-things/share/locale/uk/LC_MESSAGES/purpose_barcode.mo
-- Installing: /mnt/HDD/Project/Public/okulartry/okular-things/share/locale/uk/LC_MESSAGES/purpose_kdeconnectsms.mo
-- Installing: /mnt/HDD/Project/Public/okulartry/okular-things/share/locale/uk/LC_MESSAGES/purpose_reviewboard.mo
-- Up-to-date: /mnt/HDD/Project/Public/okulartry/okular-things/share/locale/sk
-- Up-to-date: /mnt/HDD/Project/Public/okulartry/okular-things/share/locale/sk/LC_MESSAGES
-- Installing: /mnt/HDD/Project/Public/okulartry/okular-things/share/locale/sk/LC_MESSAGES/purpose_kdeconnect.mo
-- Installing: /mnt/HDD/Project/Public/okulartry/okular-things/share/locale/sk/LC_MESSAGES/libpurpose_quick.mo
-- Installing: /mnt/HDD/Project/Public/okulartry/okular-things/share/locale/sk/LC_MESSAGES/purpose_youtube.mo
-- Installing: /mnt/HDD/Project/Public/okulartry/okular-things/share/locale/sk/LC_MESSAGES/purpose_ktp-sendfile.mo
-- Installing: /mnt/HDD/Project/Public/okulartry/okular-things/share/locale/sk/LC_MESSAGES/purpose_bluetooth.mo
-- Installing: /mnt/HDD/Project/Public/okulartry/okular-things/share/locale/sk/LC_MESSAGES/purpose_nextcloud.mo
-- Installing: /mnt/HDD/Project/Public/okulartry/okular-things/share/locale/sk/LC_MESSAGES/purpose_imgur.mo
-- Installing: /mnt/HDD/Project/Public/okulartry/okular-things/share/locale/sk/LC_MESSAGES/purpose_saveas.mo
-- Installing: /mnt/HDD/Project/Public/okulartry/okular-things/share/locale/sk/LC_MESSAGES/purpose-fileitemaction.mo
-- Installing: /mnt/HDD/Project/Public/okulartry/okular-things/share/locale/sk/LC_MESSAGES/purpose_phabricator.mo
-- Installing: /mnt/HDD/Project/Public/okulartry/okular-things/share/locale/sk/LC_MESSAGES/libpurpose_widgets.mo
-- Installing: /mnt/HDD/Project/Public/okulartry/okular-things/share/locale/sk/LC_MESSAGES/purpose_pastebin.mo
-- Installing: /mnt/HDD/Project/Public/okulartry/okular-things/share/locale/sk/LC_MESSAGES/purpose_barcode.mo
-- Installing: /mnt/HDD/Project/Public/okulartry/okular-things/share/locale/sk/LC_MESSAGES/purpose_kdeconnectsms.mo
-- Installing: /mnt/HDD/Project/Public/okulartry/okular-things/share/locale/sk/LC_MESSAGES/purpose_reviewboard.mo
-- Up-to-date: /mnt/HDD/Project/Public/okulartry/okular-things/share/locale/et
-- Up-to-date: /mnt/HDD/Project/Public/okulartry/okular-things/share/locale/et/LC_MESSAGES
-- Installing: /mnt/HDD/Project/Public/okulartry/okular-things/share/locale/et/LC_MESSAGES/purpose_kdeconnect.mo
-- Installing: /mnt/HDD/Project/Public/okulartry/okular-things/share/locale/et/LC_MESSAGES/libpurpose_quick.mo
-- Installing: /mnt/HDD/Project/Public/okulartry/okular-things/share/locale/et/LC_MESSAGES/purpose_youtube.mo
-- Installing: /mnt/HDD/Project/Public/okulartry/okular-things/share/locale/et/LC_MESSAGES/purpose_ktp-sendfile.mo
-- Installing: /mnt/HDD/Project/Public/okulartry/okular-things/share/locale/et/LC_MESSAGES/purpose_bluetooth.mo
-- Installing: /mnt/HDD/Project/Public/okulartry/okular-things/share/locale/et/LC_MESSAGES/purpose_nextcloud.mo
-- Installing: /mnt/HDD/Project/Public/okulartry/okular-things/share/locale/et/LC_MESSAGES/purpose_imgur.mo
-- Installing: /mnt/HDD/Project/Public/okulartry/okular-things/share/locale/et/LC_MESSAGES/purpose_saveas.mo
-- Installing: /mnt/HDD/Project/Public/okulartry/okular-things/share/locale/et/LC_MESSAGES/purpose-fileitemaction.mo
-- Installing: /mnt/HDD/Project/Public/okulartry/okular-things/share/locale/et/LC_MESSAGES/purpose_phabricator.mo
-- Installing: /mnt/HDD/Project/Public/okulartry/okular-things/share/locale/et/LC_MESSAGES/libpurpose_widgets.mo
-- Installing: /mnt/HDD/Project/Public/okulartry/okular-things/share/locale/et/LC_MESSAGES/purpose_pastebin.mo
-- Installing: /mnt/HDD/Project/Public/okulartry/okular-things/share/locale/et/LC_MESSAGES/purpose_kdeconnectsms.mo
-- Installing: /mnt/HDD/Project/Public/okulartry/okular-things/share/locale/et/LC_MESSAGES/purpose_reviewboard.mo
-- Up-to-date: /mnt/HDD/Project/Public/okulartry/okular-things/share/locale/sl
-- Up-to-date: /mnt/HDD/Project/Public/okulartry/okular-things/share/locale/sl/LC_MESSAGES
-- Installing: /mnt/HDD/Project/Public/okulartry/okular-things/share/locale/sl/LC_MESSAGES/purpose_kdeconnect.mo
-- Installing: /mnt/HDD/Project/Public/okulartry/okular-things/share/locale/sl/LC_MESSAGES/libpurpose_quick.mo
-- Installing: /mnt/HDD/Project/Public/okulartry/okular-things/share/locale/sl/LC_MESSAGES/purpose_youtube.mo
-- Installing: /mnt/HDD/Project/Public/okulartry/okular-things/share/locale/sl/LC_MESSAGES/purpose_ktp-sendfile.mo
-- Installing: /mnt/HDD/Project/Public/okulartry/okular-things/share/locale/sl/LC_MESSAGES/purpose_bluetooth.mo
-- Installing: /mnt/HDD/Project/Public/okulartry/okular-things/share/locale/sl/LC_MESSAGES/purpose_nextcloud.mo
-- Installing: /mnt/HDD/Project/Public/okulartry/okular-things/share/locale/sl/LC_MESSAGES/purpose_imgur.mo
-- Installing: /mnt/HDD/Project/Public/okulartry/okular-things/share/locale/sl/LC_MESSAGES/purpose_saveas.mo
-- Installing: /mnt/HDD/Project/Public/okulartry/okular-things/share/locale/sl/LC_MESSAGES/purpose-fileitemaction.mo
-- Installing: /mnt/HDD/Project/Public/okulartry/okular-things/share/locale/sl/LC_MESSAGES/purpose_phabricator.mo
-- Installing: /mnt/HDD/Project/Public/okulartry/okular-things/share/locale/sl/LC_MESSAGES/libpurpose_widgets.mo
-- Installing: /mnt/HDD/Project/Public/okulartry/okular-things/share/locale/sl/LC_MESSAGES/purpose_pastebin.mo
-- Installing: /mnt/HDD/Project/Public/okulartry/okular-things/share/locale/sl/LC_MESSAGES/purpose_barcode.mo
-- Installing: /mnt/HDD/Project/Public/okulartry/okular-things/share/locale/sl/LC_MESSAGES/purpose_kdeconnectsms.mo
-- Installing: /mnt/HDD/Project/Public/okulartry/okular-things/share/locale/sl/LC_MESSAGES/purpose_reviewboard.mo
-- Up-to-date: /mnt/HDD/Project/Public/okulartry/okular-things/share/locale/de
-- Up-to-date: /mnt/HDD/Project/Public/okulartry/okular-things/share/locale/de/LC_MESSAGES
-- Installing: /mnt/HDD/Project/Public/okulartry/okular-things/share/locale/de/LC_MESSAGES/purpose_kdeconnect.mo
-- Installing: /mnt/HDD/Project/Public/okulartry/okular-things/share/locale/de/LC_MESSAGES/libpurpose_quick.mo
-- Installing: /mnt/HDD/Project/Public/okulartry/okular-things/share/locale/de/LC_MESSAGES/purpose_youtube.mo
-- Installing: /mnt/HDD/Project/Public/okulartry/okular-things/share/locale/de/LC_MESSAGES/purpose_ktp-sendfile.mo
-- Installing: /mnt/HDD/Project/Public/okulartry/okular-things/share/locale/de/LC_MESSAGES/purpose_bluetooth.mo
-- Installing: /mnt/HDD/Project/Public/okulartry/okular-things/share/locale/de/LC_MESSAGES/purpose_nextcloud.mo
-- Installing: /mnt/HDD/Project/Public/okulartry/okular-things/share/locale/de/LC_MESSAGES/purpose_imgur.mo
-- Installing: /mnt/HDD/Project/Public/okulartry/okular-things/share/locale/de/LC_MESSAGES/purpose_saveas.mo
-- Installing: /mnt/HDD/Project/Public/okulartry/okular-things/share/locale/de/LC_MESSAGES/purpose-fileitemaction.mo
-- Installing: /mnt/HDD/Project/Public/okulartry/okular-things/share/locale/de/LC_MESSAGES/purpose_phabricator.mo
-- Installing: /mnt/HDD/Project/Public/okulartry/okular-things/share/locale/de/LC_MESSAGES/libpurpose_widgets.mo
-- Installing: /mnt/HDD/Project/Public/okulartry/okular-things/share/locale/de/LC_MESSAGES/purpose_pastebin.mo
-- Installing: /mnt/HDD/Project/Public/okulartry/okular-things/share/locale/de/LC_MESSAGES/purpose_barcode.mo
-- Installing: /mnt/HDD/Project/Public/okulartry/okular-things/share/locale/de/LC_MESSAGES/purpose_kdeconnectsms.mo
-- Installing: /mnt/HDD/Project/Public/okulartry/okular-things/share/locale/de/LC_MESSAGES/purpose_reviewboard.mo
-- Up-to-date: /mnt/HDD/Project/Public/okulartry/okular-things/share/locale/ar
-- Up-to-date: /mnt/HDD/Project/Public/okulartry/okular-things/share/locale/ar/LC_MESSAGES
-- Installing: /mnt/HDD/Project/Public/okulartry/okular-things/share/locale/ar/LC_MESSAGES/purpose_kdeconnect.mo
-- Installing: /mnt/HDD/Project/Public/okulartry/okular-things/share/locale/ar/LC_MESSAGES/libpurpose_quick.mo
-- Installing: /mnt/HDD/Project/Public/okulartry/okular-things/share/locale/ar/LC_MESSAGES/purpose_youtube.mo
-- Installing: /mnt/HDD/Project/Public/okulartry/okular-things/share/locale/ar/LC_MESSAGES/purpose_ktp-sendfile.mo
-- Installing: /mnt/HDD/Project/Public/okulartry/okular-things/share/locale/ar/LC_MESSAGES/purpose_bluetooth.mo
-- Installing: /mnt/HDD/Project/Public/okulartry/okular-things/share/locale/ar/LC_MESSAGES/purpose_nextcloud.mo
-- Installing: /mnt/HDD/Project/Public/okulartry/okular-things/share/locale/ar/LC_MESSAGES/purpose_imgur.mo
-- Installing: /mnt/HDD/Project/Public/okulartry/okular-things/share/locale/ar/LC_MESSAGES/purpose_saveas.mo
-- Installing: /mnt/HDD/Project/Public/okulartry/okular-things/share/locale/ar/LC_MESSAGES/purpose-fileitemaction.mo
-- Installing: /mnt/HDD/Project/Public/okulartry/okular-things/share/locale/ar/LC_MESSAGES/purpose_phabricator.mo
-- Installing: /mnt/HDD/Project/Public/okulartry/okular-things/share/locale/ar/LC_MESSAGES/libpurpose_widgets.mo
-- Installing: /mnt/HDD/Project/Public/okulartry/okular-things/share/locale/ar/LC_MESSAGES/purpose_pastebin.mo
-- Installing: /mnt/HDD/Project/Public/okulartry/okular-things/share/locale/ar/LC_MESSAGES/purpose_barcode.mo
-- Installing: /mnt/HDD/Project/Public/okulartry/okular-things/share/locale/ar/LC_MESSAGES/purpose_kdeconnectsms.mo
-- Installing: /mnt/HDD/Project/Public/okulartry/okular-things/share/locale/ar/LC_MESSAGES/purpose_reviewboard.mo
-- Up-to-date: /mnt/HDD/Project/Public/okulartry/okular-things/share/locale/nb
-- Up-to-date: /mnt/HDD/Project/Public/okulartry/okular-things/share/locale/nb/LC_MESSAGES
-- Installing: /mnt/HDD/Project/Public/okulartry/okular-things/share/locale/nb/LC_MESSAGES/purpose_reviewboard.mo
-- Up-to-date: /mnt/HDD/Project/Public/okulartry/okular-things/share/locale/eu
-- Up-to-date: /mnt/HDD/Project/Public/okulartry/okular-things/share/locale/eu/LC_MESSAGES
-- Installing: /mnt/HDD/Project/Public/okulartry/okular-things/share/locale/eu/LC_MESSAGES/purpose_kdeconnect.mo
-- Installing: /mnt/HDD/Project/Public/okulartry/okular-things/share/locale/eu/LC_MESSAGES/libpurpose_quick.mo
-- Installing: /mnt/HDD/Project/Public/okulartry/okular-things/share/locale/eu/LC_MESSAGES/purpose_youtube.mo
-- Installing: /mnt/HDD/Project/Public/okulartry/okular-things/share/locale/eu/LC_MESSAGES/purpose_ktp-sendfile.mo
-- Installing: /mnt/HDD/Project/Public/okulartry/okular-things/share/locale/eu/LC_MESSAGES/purpose_bluetooth.mo
-- Installing: /mnt/HDD/Project/Public/okulartry/okular-things/share/locale/eu/LC_MESSAGES/purpose_nextcloud.mo
-- Installing: /mnt/HDD/Project/Public/okulartry/okular-things/share/locale/eu/LC_MESSAGES/purpose_imgur.mo
-- Installing: /mnt/HDD/Project/Public/okulartry/okular-things/share/locale/eu/LC_MESSAGES/purpose_saveas.mo
-- Installing: /mnt/HDD/Project/Public/okulartry/okular-things/share/locale/eu/LC_MESSAGES/purpose-fileitemaction.mo
-- Installing: /mnt/HDD/Project/Public/okulartry/okular-things/share/locale/eu/LC_MESSAGES/purpose_phabricator.mo
-- Installing: /mnt/HDD/Project/Public/okulartry/okular-things/share/locale/eu/LC_MESSAGES/libpurpose_widgets.mo
-- Installing: /mnt/HDD/Project/Public/okulartry/okular-things/share/locale/eu/LC_MESSAGES/purpose_pastebin.mo
-- Installing: /mnt/HDD/Project/Public/okulartry/okular-things/share/locale/eu/LC_MESSAGES/purpose_barcode.mo
-- Installing: /mnt/HDD/Project/Public/okulartry/okular-things/share/locale/eu/LC_MESSAGES/purpose_kdeconnectsms.mo
-- Installing: /mnt/HDD/Project/Public/okulartry/okular-things/share/locale/eu/LC_MESSAGES/purpose_reviewboard.mo
-- Up-to-date: /mnt/HDD/Project/Public/okulartry/okular-things/share/locale/hu
-- Up-to-date: /mnt/HDD/Project/Public/okulartry/okular-things/share/locale/hu/LC_MESSAGES
-- Installing: /mnt/HDD/Project/Public/okulartry/okular-things/share/locale/hu/LC_MESSAGES/purpose_kdeconnect.mo
-- Installing: /mnt/HDD/Project/Public/okulartry/okular-things/share/locale/hu/LC_MESSAGES/libpurpose_quick.mo
-- Installing: /mnt/HDD/Project/Public/okulartry/okular-things/share/locale/hu/LC_MESSAGES/purpose_youtube.mo
-- Installing: /mnt/HDD/Project/Public/okulartry/okular-things/share/locale/hu/LC_MESSAGES/purpose_ktp-sendfile.mo
-- Installing: /mnt/HDD/Project/Public/okulartry/okular-things/share/locale/hu/LC_MESSAGES/purpose_bluetooth.mo
-- Installing: /mnt/HDD/Project/Public/okulartry/okular-things/share/locale/hu/LC_MESSAGES/purpose_nextcloud.mo
-- Installing: /mnt/HDD/Project/Public/okulartry/okular-things/share/locale/hu/LC_MESSAGES/purpose_imgur.mo
-- Installing: /mnt/HDD/Project/Public/okulartry/okular-things/share/locale/hu/LC_MESSAGES/purpose_saveas.mo
-- Installing: /mnt/HDD/Project/Public/okulartry/okular-things/share/locale/hu/LC_MESSAGES/purpose-fileitemaction.mo
-- Installing: /mnt/HDD/Project/Public/okulartry/okular-things/share/locale/hu/LC_MESSAGES/purpose_phabricator.mo
-- Installing: /mnt/HDD/Project/Public/okulartry/okular-things/share/locale/hu/LC_MESSAGES/libpurpose_widgets.mo
-- Installing: /mnt/HDD/Project/Public/okulartry/okular-things/share/locale/hu/LC_MESSAGES/purpose_pastebin.mo
-- Installing: /mnt/HDD/Project/Public/okulartry/okular-things/share/locale/hu/LC_MESSAGES/purpose_barcode.mo
-- Installing: /mnt/HDD/Project/Public/okulartry/okular-things/share/locale/hu/LC_MESSAGES/purpose_kdeconnectsms.mo
-- Installing: /mnt/HDD/Project/Public/okulartry/okular-things/share/locale/hu/LC_MESSAGES/purpose_reviewboard.mo
-- Up-to-date: /mnt/HDD/Project/Public/okulartry/okular-things/share/locale/sq
-- Up-to-date: /mnt/HDD/Project/Public/okulartry/okular-things/share/locale/sq/LC_MESSAGES
-- Installing: /mnt/HDD/Project/Public/okulartry/okular-things/share/locale/sq/LC_MESSAGES/purpose_youtube.mo
-- Up-to-date: /mnt/HDD/Project/Public/okulartry/okular-things/share/locale/lt
-- Up-to-date: /mnt/HDD/Project/Public/okulartry/okular-things/share/locale/lt/LC_MESSAGES
-- Installing: /mnt/HDD/Project/Public/okulartry/okular-things/share/locale/lt/LC_MESSAGES/purpose_kdeconnect.mo
-- Installing: /mnt/HDD/Project/Public/okulartry/okular-things/share/locale/lt/LC_MESSAGES/libpurpose_quick.mo
-- Installing: /mnt/HDD/Project/Public/okulartry/okular-things/share/locale/lt/LC_MESSAGES/purpose_youtube.mo
-- Installing: /mnt/HDD/Project/Public/okulartry/okular-things/share/locale/lt/LC_MESSAGES/purpose_ktp-sendfile.mo
-- Installing: /mnt/HDD/Project/Public/okulartry/okular-things/share/locale/lt/LC_MESSAGES/purpose_bluetooth.mo
-- Installing: /mnt/HDD/Project/Public/okulartry/okular-things/share/locale/lt/LC_MESSAGES/purpose_nextcloud.mo
-- Installing: /mnt/HDD/Project/Public/okulartry/okular-things/share/locale/lt/LC_MESSAGES/purpose_imgur.mo
-- Installing: /mnt/HDD/Project/Public/okulartry/okular-things/share/locale/lt/LC_MESSAGES/purpose_saveas.mo
-- Installing: /mnt/HDD/Project/Public/okulartry/okular-things/share/locale/lt/LC_MESSAGES/purpose-fileitemaction.mo
-- Installing: /mnt/HDD/Project/Public/okulartry/okular-things/share/locale/lt/LC_MESSAGES/purpose_phabricator.mo
-- Installing: /mnt/HDD/Project/Public/okulartry/okular-things/share/locale/lt/LC_MESSAGES/libpurpose_widgets.mo
-- Installing: /mnt/HDD/Project/Public/okulartry/okular-things/share/locale/lt/LC_MESSAGES/purpose_pastebin.mo
-- Installing: /mnt/HDD/Project/Public/okulartry/okular-things/share/locale/lt/LC_MESSAGES/purpose_barcode.mo
-- Installing: /mnt/HDD/Project/Public/okulartry/okular-things/share/locale/lt/LC_MESSAGES/purpose_kdeconnectsms.mo
-- Installing: /mnt/HDD/Project/Public/okulartry/okular-things/share/locale/lt/LC_MESSAGES/purpose_reviewboard.mo
-- Up-to-date: /mnt/HDD/Project/Public/okulartry/okular-things/share/locale/en_GB
-- Up-to-date: /mnt/HDD/Project/Public/okulartry/okular-things/share/locale/en_GB/LC_MESSAGES
-- Installing: /mnt/HDD/Project/Public/okulartry/okular-things/share/locale/en_GB/LC_MESSAGES/purpose_kdeconnect.mo
-- Installing: /mnt/HDD/Project/Public/okulartry/okular-things/share/locale/en_GB/LC_MESSAGES/libpurpose_quick.mo
-- Installing: /mnt/HDD/Project/Public/okulartry/okular-things/share/locale/en_GB/LC_MESSAGES/purpose_youtube.mo
-- Installing: /mnt/HDD/Project/Public/okulartry/okular-things/share/locale/en_GB/LC_MESSAGES/purpose_ktp-sendfile.mo
-- Installing: /mnt/HDD/Project/Public/okulartry/okular-things/share/locale/en_GB/LC_MESSAGES/purpose_bluetooth.mo
-- Installing: /mnt/HDD/Project/Public/okulartry/okular-things/share/locale/en_GB/LC_MESSAGES/purpose_nextcloud.mo
-- Installing: /mnt/HDD/Project/Public/okulartry/okular-things/share/locale/en_GB/LC_MESSAGES/purpose_imgur.mo
-- Installing: /mnt/HDD/Project/Public/okulartry/okular-things/share/locale/en_GB/LC_MESSAGES/purpose_saveas.mo
-- Installing: /mnt/HDD/Project/Public/okulartry/okular-things/share/locale/en_GB/LC_MESSAGES/purpose-fileitemaction.mo
-- Installing: /mnt/HDD/Project/Public/okulartry/okular-things/share/locale/en_GB/LC_MESSAGES/purpose_phabricator.mo
-- Installing: /mnt/HDD/Project/Public/okulartry/okular-things/share/locale/en_GB/LC_MESSAGES/libpurpose_widgets.mo
-- Installing: /mnt/HDD/Project/Public/okulartry/okular-things/share/locale/en_GB/LC_MESSAGES/purpose_pastebin.mo
-- Installing: /mnt/HDD/Project/Public/okulartry/okular-things/share/locale/en_GB/LC_MESSAGES/purpose_barcode.mo
-- Installing: /mnt/HDD/Project/Public/okulartry/okular-things/share/locale/en_GB/LC_MESSAGES/purpose_kdeconnectsms.mo
-- Installing: /mnt/HDD/Project/Public/okulartry/okular-things/share/locale/en_GB/LC_MESSAGES/purpose_reviewboard.mo
-- Up-to-date: /mnt/HDD/Project/Public/okulartry/okular-things/share/locale/sv
-- Up-to-date: /mnt/HDD/Project/Public/okulartry/okular-things/share/locale/sv/LC_MESSAGES
-- Installing: /mnt/HDD/Project/Public/okulartry/okular-things/share/locale/sv/LC_MESSAGES/purpose_kdeconnect.mo
-- Installing: /mnt/HDD/Project/Public/okulartry/okular-things/share/locale/sv/LC_MESSAGES/libpurpose_quick.mo
-- Installing: /mnt/HDD/Project/Public/okulartry/okular-things/share/locale/sv/LC_MESSAGES/purpose_youtube.mo
-- Installing: /mnt/HDD/Project/Public/okulartry/okular-things/share/locale/sv/LC_MESSAGES/purpose_ktp-sendfile.mo
-- Installing: /mnt/HDD/Project/Public/okulartry/okular-things/share/locale/sv/LC_MESSAGES/purpose_bluetooth.mo
-- Installing: /mnt/HDD/Project/Public/okulartry/okular-things/share/locale/sv/LC_MESSAGES/purpose_nextcloud.mo
-- Installing: /mnt/HDD/Project/Public/okulartry/okular-things/share/locale/sv/LC_MESSAGES/purpose_imgur.mo
-- Installing: /mnt/HDD/Project/Public/okulartry/okular-things/share/locale/sv/LC_MESSAGES/purpose_saveas.mo
-- Installing: /mnt/HDD/Project/Public/okulartry/okular-things/share/locale/sv/LC_MESSAGES/purpose-fileitemaction.mo
-- Installing: /mnt/HDD/Project/Public/okulartry/okular-things/share/locale/sv/LC_MESSAGES/purpose_phabricator.mo
-- Installing: /mnt/HDD/Project/Public/okulartry/okular-things/share/locale/sv/LC_MESSAGES/libpurpose_widgets.mo
-- Installing: /mnt/HDD/Project/Public/okulartry/okular-things/share/locale/sv/LC_MESSAGES/purpose_pastebin.mo
-- Installing: /mnt/HDD/Project/Public/okulartry/okular-things/share/locale/sv/LC_MESSAGES/purpose_barcode.mo
-- Installing: /mnt/HDD/Project/Public/okulartry/okular-things/share/locale/sv/LC_MESSAGES/purpose_kdeconnectsms.mo
-- Installing: /mnt/HDD/Project/Public/okulartry/okular-things/share/locale/sv/LC_MESSAGES/purpose_reviewboard.mo
-- Up-to-date: /mnt/HDD/Project/Public/okulartry/okular-things/share/locale/ca
-- Up-to-date: /mnt/HDD/Project/Public/okulartry/okular-things/share/locale/ca/LC_MESSAGES
-- Installing: /mnt/HDD/Project/Public/okulartry/okular-things/share/locale/ca/LC_MESSAGES/purpose_kdeconnect.mo
-- Installing: /mnt/HDD/Project/Public/okulartry/okular-things/share/locale/ca/LC_MESSAGES/libpurpose_quick.mo
-- Installing: /mnt/HDD/Project/Public/okulartry/okular-things/share/locale/ca/LC_MESSAGES/purpose_youtube.mo
-- Installing: /mnt/HDD/Project/Public/okulartry/okular-things/share/locale/ca/LC_MESSAGES/purpose_ktp-sendfile.mo
-- Installing: /mnt/HDD/Project/Public/okulartry/okular-things/share/locale/ca/LC_MESSAGES/purpose_bluetooth.mo
-- Installing: /mnt/HDD/Project/Public/okulartry/okular-things/share/locale/ca/LC_MESSAGES/purpose_nextcloud.mo
-- Installing: /mnt/HDD/Project/Public/okulartry/okular-things/share/locale/ca/LC_MESSAGES/purpose_imgur.mo
-- Installing: /mnt/HDD/Project/Public/okulartry/okular-things/share/locale/ca/LC_MESSAGES/purpose_saveas.mo
-- Installing: /mnt/HDD/Project/Public/okulartry/okular-things/share/locale/ca/LC_MESSAGES/purpose-fileitemaction.mo
-- Installing: /mnt/HDD/Project/Public/okulartry/okular-things/share/locale/ca/LC_MESSAGES/purpose_phabricator.mo
-- Installing: /mnt/HDD/Project/Public/okulartry/okular-things/share/locale/ca/LC_MESSAGES/libpurpose_widgets.mo
-- Installing: /mnt/HDD/Project/Public/okulartry/okular-things/share/locale/ca/LC_MESSAGES/purpose_pastebin.mo
-- Installing: /mnt/HDD/Project/Public/okulartry/okular-things/share/locale/ca/LC_MESSAGES/purpose_barcode.mo
-- Installing: /mnt/HDD/Project/Public/okulartry/okular-things/share/locale/ca/LC_MESSAGES/purpose_kdeconnectsms.mo
-- Installing: /mnt/HDD/Project/Public/okulartry/okular-things/share/locale/ca/LC_MESSAGES/purpose_reviewboard.mo
-- Up-to-date: /mnt/HDD/Project/Public/okulartry/okular-things/share/locale/ka
-- Up-to-date: /mnt/HDD/Project/Public/okulartry/okular-things/share/locale/ka/LC_MESSAGES
-- Installing: /mnt/HDD/Project/Public/okulartry/okular-things/share/locale/ka/LC_MESSAGES/purpose_kdeconnect.mo
-- Installing: /mnt/HDD/Project/Public/okulartry/okular-things/share/locale/ka/LC_MESSAGES/libpurpose_quick.mo
-- Installing: /mnt/HDD/Project/Public/okulartry/okular-things/share/locale/ka/LC_MESSAGES/purpose_youtube.mo
-- Installing: /mnt/HDD/Project/Public/okulartry/okular-things/share/locale/ka/LC_MESSAGES/purpose_ktp-sendfile.mo
-- Installing: /mnt/HDD/Project/Public/okulartry/okular-things/share/locale/ka/LC_MESSAGES/purpose_bluetooth.mo
-- Installing: /mnt/HDD/Project/Public/okulartry/okular-things/share/locale/ka/LC_MESSAGES/purpose_nextcloud.mo
-- Installing: /mnt/HDD/Project/Public/okulartry/okular-things/share/locale/ka/LC_MESSAGES/purpose_imgur.mo
-- Installing: /mnt/HDD/Project/Public/okulartry/okular-things/share/locale/ka/LC_MESSAGES/purpose_saveas.mo
-- Installing: /mnt/HDD/Project/Public/okulartry/okular-things/share/locale/ka/LC_MESSAGES/purpose-fileitemaction.mo
-- Installing: /mnt/HDD/Project/Public/okulartry/okular-things/share/locale/ka/LC_MESSAGES/purpose_phabricator.mo
-- Installing: /mnt/HDD/Project/Public/okulartry/okular-things/share/locale/ka/LC_MESSAGES/libpurpose_widgets.mo
-- Installing: /mnt/HDD/Project/Public/okulartry/okular-things/share/locale/ka/LC_MESSAGES/purpose_pastebin.mo
-- Installing: /mnt/HDD/Project/Public/okulartry/okular-things/share/locale/ka/LC_MESSAGES/purpose_barcode.mo
-- Installing: /mnt/HDD/Project/Public/okulartry/okular-things/share/locale/ka/LC_MESSAGES/purpose_kdeconnectsms.mo
-- Installing: /mnt/HDD/Project/Public/okulartry/okular-things/share/locale/ka/LC_MESSAGES/purpose_reviewboard.mo
-- Up-to-date: /mnt/HDD/Project/Public/okulartry/okular-things/share/locale/gl
-- Up-to-date: /mnt/HDD/Project/Public/okulartry/okular-things/share/locale/gl/LC_MESSAGES
-- Installing: /mnt/HDD/Project/Public/okulartry/okular-things/share/locale/gl/LC_MESSAGES/purpose_kdeconnect.mo
-- Installing: /mnt/HDD/Project/Public/okulartry/okular-things/share/locale/gl/LC_MESSAGES/libpurpose_quick.mo
-- Installing: /mnt/HDD/Project/Public/okulartry/okular-things/share/locale/gl/LC_MESSAGES/purpose_youtube.mo
-- Installing: /mnt/HDD/Project/Public/okulartry/okular-things/share/locale/gl/LC_MESSAGES/purpose_ktp-sendfile.mo
-- Installing: /mnt/HDD/Project/Public/okulartry/okular-things/share/locale/gl/LC_MESSAGES/purpose_bluetooth.mo
-- Installing: /mnt/HDD/Project/Public/okulartry/okular-things/share/locale/gl/LC_MESSAGES/purpose_nextcloud.mo
-- Installing: /mnt/HDD/Project/Public/okulartry/okular-things/share/locale/gl/LC_MESSAGES/purpose_imgur.mo
-- Installing: /mnt/HDD/Project/Public/okulartry/okular-things/share/locale/gl/LC_MESSAGES/purpose_saveas.mo
-- Installing: /mnt/HDD/Project/Public/okulartry/okular-things/share/locale/gl/LC_MESSAGES/purpose-fileitemaction.mo
-- Installing: /mnt/HDD/Project/Public/okulartry/okular-things/share/locale/gl/LC_MESSAGES/purpose_phabricator.mo
-- Installing: /mnt/HDD/Project/Public/okulartry/okular-things/share/locale/gl/LC_MESSAGES/libpurpose_widgets.mo
-- Installing: /mnt/HDD/Project/Public/okulartry/okular-things/share/locale/gl/LC_MESSAGES/purpose_pastebin.mo
-- Installing: /mnt/HDD/Project/Public/okulartry/okular-things/share/locale/gl/LC_MESSAGES/purpose_barcode.mo
-- Installing: /mnt/HDD/Project/Public/okulartry/okular-things/share/locale/gl/LC_MESSAGES/purpose_kdeconnectsms.mo
-- Installing: /mnt/HDD/Project/Public/okulartry/okular-things/share/locale/gl/LC_MESSAGES/purpose_reviewboard.mo
-- Up-to-date: /mnt/HDD/Project/Public/okulartry/okular-things/share/locale/az
-- Up-to-date: /mnt/HDD/Project/Public/okulartry/okular-things/share/locale/az/LC_MESSAGES
-- Installing: /mnt/HDD/Project/Public/okulartry/okular-things/share/locale/az/LC_MESSAGES/purpose_kdeconnect.mo
-- Installing: /mnt/HDD/Project/Public/okulartry/okular-things/share/locale/az/LC_MESSAGES/libpurpose_quick.mo
-- Installing: /mnt/HDD/Project/Public/okulartry/okular-things/share/locale/az/LC_MESSAGES/purpose_youtube.mo
-- Installing: /mnt/HDD/Project/Public/okulartry/okular-things/share/locale/az/LC_MESSAGES/purpose_ktp-sendfile.mo
-- Installing: /mnt/HDD/Project/Public/okulartry/okular-things/share/locale/az/LC_MESSAGES/purpose_bluetooth.mo
-- Installing: /mnt/HDD/Project/Public/okulartry/okular-things/share/locale/az/LC_MESSAGES/purpose_nextcloud.mo
-- Installing: /mnt/HDD/Project/Public/okulartry/okular-things/share/locale/az/LC_MESSAGES/purpose_imgur.mo
-- Installing: /mnt/HDD/Project/Public/okulartry/okular-things/share/locale/az/LC_MESSAGES/purpose_saveas.mo
-- Installing: /mnt/HDD/Project/Public/okulartry/okular-things/share/locale/az/LC_MESSAGES/purpose-fileitemaction.mo
-- Installing: /mnt/HDD/Project/Public/okulartry/okular-things/share/locale/az/LC_MESSAGES/purpose_phabricator.mo
-- Installing: /mnt/HDD/Project/Public/okulartry/okular-things/share/locale/az/LC_MESSAGES/libpurpose_widgets.mo
-- Installing: /mnt/HDD/Project/Public/okulartry/okular-things/share/locale/az/LC_MESSAGES/purpose_pastebin.mo
-- Installing: /mnt/HDD/Project/Public/okulartry/okular-things/share/locale/az/LC_MESSAGES/purpose_barcode.mo
-- Installing: /mnt/HDD/Project/Public/okulartry/okular-things/share/locale/az/LC_MESSAGES/purpose_kdeconnectsms.mo
-- Installing: /mnt/HDD/Project/Public/okulartry/okular-things/share/locale/az/LC_MESSAGES/purpose_reviewboard.mo
-- Up-to-date: /mnt/HDD/Project/Public/okulartry/okular-things/share/locale/bg
-- Up-to-date: /mnt/HDD/Project/Public/okulartry/okular-things/share/locale/bg/LC_MESSAGES
-- Installing: /mnt/HDD/Project/Public/okulartry/okular-things/share/locale/bg/LC_MESSAGES/purpose_kdeconnect.mo
-- Installing: /mnt/HDD/Project/Public/okulartry/okular-things/share/locale/bg/LC_MESSAGES/libpurpose_quick.mo
-- Installing: /mnt/HDD/Project/Public/okulartry/okular-things/share/locale/bg/LC_MESSAGES/purpose_youtube.mo
-- Installing: /mnt/HDD/Project/Public/okulartry/okular-things/share/locale/bg/LC_MESSAGES/purpose_ktp-sendfile.mo
-- Installing: /mnt/HDD/Project/Public/okulartry/okular-things/share/locale/bg/LC_MESSAGES/purpose_bluetooth.mo
-- Installing: /mnt/HDD/Project/Public/okulartry/okular-things/share/locale/bg/LC_MESSAGES/purpose_nextcloud.mo
-- Installing: /mnt/HDD/Project/Public/okulartry/okular-things/share/locale/bg/LC_MESSAGES/purpose_imgur.mo
-- Installing: /mnt/HDD/Project/Public/okulartry/okular-things/share/locale/bg/LC_MESSAGES/purpose_saveas.mo
-- Installing: /mnt/HDD/Project/Public/okulartry/okular-things/share/locale/bg/LC_MESSAGES/purpose-fileitemaction.mo
-- Installing: /mnt/HDD/Project/Public/okulartry/okular-things/share/locale/bg/LC_MESSAGES/purpose_phabricator.mo
-- Installing: /mnt/HDD/Project/Public/okulartry/okular-things/share/locale/bg/LC_MESSAGES/libpurpose_widgets.mo
-- Installing: /mnt/HDD/Project/Public/okulartry/okular-things/share/locale/bg/LC_MESSAGES/purpose_pastebin.mo
-- Installing: /mnt/HDD/Project/Public/okulartry/okular-things/share/locale/bg/LC_MESSAGES/purpose_barcode.mo
-- Installing: /mnt/HDD/Project/Public/okulartry/okular-things/share/locale/bg/LC_MESSAGES/purpose_kdeconnectsms.mo
-- Installing: /mnt/HDD/Project/Public/okulartry/okular-things/share/locale/bg/LC_MESSAGES/purpose_reviewboard.mo
-- Up-to-date: /mnt/HDD/Project/Public/okulartry/okular-things/share/locale/pt
-- Up-to-date: /mnt/HDD/Project/Public/okulartry/okular-things/share/locale/pt/LC_MESSAGES
-- Installing: /mnt/HDD/Project/Public/okulartry/okular-things/share/locale/pt/LC_MESSAGES/purpose_kdeconnect.mo
-- Installing: /mnt/HDD/Project/Public/okulartry/okular-things/share/locale/pt/LC_MESSAGES/libpurpose_quick.mo
-- Installing: /mnt/HDD/Project/Public/okulartry/okular-things/share/locale/pt/LC_MESSAGES/purpose_youtube.mo
-- Installing: /mnt/HDD/Project/Public/okulartry/okular-things/share/locale/pt/LC_MESSAGES/purpose_ktp-sendfile.mo
-- Installing: /mnt/HDD/Project/Public/okulartry/okular-things/share/locale/pt/LC_MESSAGES/purpose_bluetooth.mo
-- Installing: /mnt/HDD/Project/Public/okulartry/okular-things/share/locale/pt/LC_MESSAGES/purpose_nextcloud.mo
-- Installing: /mnt/HDD/Project/Public/okulartry/okular-things/share/locale/pt/LC_MESSAGES/purpose_imgur.mo
-- Installing: /mnt/HDD/Project/Public/okulartry/okular-things/share/locale/pt/LC_MESSAGES/purpose_saveas.mo
-- Installing: /mnt/HDD/Project/Public/okulartry/okular-things/share/locale/pt/LC_MESSAGES/purpose-fileitemaction.mo
-- Installing: /mnt/HDD/Project/Public/okulartry/okular-things/share/locale/pt/LC_MESSAGES/purpose_phabricator.mo
-- Installing: /mnt/HDD/Project/Public/okulartry/okular-things/share/locale/pt/LC_MESSAGES/libpurpose_widgets.mo
-- Installing: /mnt/HDD/Project/Public/okulartry/okular-things/share/locale/pt/LC_MESSAGES/purpose_pastebin.mo
-- Installing: /mnt/HDD/Project/Public/okulartry/okular-things/share/locale/pt/LC_MESSAGES/purpose_barcode.mo
-- Installing: /mnt/HDD/Project/Public/okulartry/okular-things/share/locale/pt/LC_MESSAGES/purpose_kdeconnectsms.mo
-- Installing: /mnt/HDD/Project/Public/okulartry/okular-things/share/locale/pt/LC_MESSAGES/purpose_reviewboard.mo
-- Up-to-date: /mnt/HDD/Project/Public/okulartry/okular-things/share/locale/nl
-- Up-to-date: /mnt/HDD/Project/Public/okulartry/okular-things/share/locale/nl/LC_MESSAGES
-- Installing: /mnt/HDD/Project/Public/okulartry/okular-things/share/locale/nl/LC_MESSAGES/purpose_kdeconnect.mo
-- Installing: /mnt/HDD/Project/Public/okulartry/okular-things/share/locale/nl/LC_MESSAGES/libpurpose_quick.mo
-- Installing: /mnt/HDD/Project/Public/okulartry/okular-things/share/locale/nl/LC_MESSAGES/purpose_youtube.mo
-- Installing: /mnt/HDD/Project/Public/okulartry/okular-things/share/locale/nl/LC_MESSAGES/purpose_ktp-sendfile.mo
-- Installing: /mnt/HDD/Project/Public/okulartry/okular-things/share/locale/nl/LC_MESSAGES/purpose_bluetooth.mo
-- Installing: /mnt/HDD/Project/Public/okulartry/okular-things/share/locale/nl/LC_MESSAGES/purpose_nextcloud.mo
-- Installing: /mnt/HDD/Project/Public/okulartry/okular-things/share/locale/nl/LC_MESSAGES/purpose_imgur.mo
-- Installing: /mnt/HDD/Project/Public/okulartry/okular-things/share/locale/nl/LC_MESSAGES/purpose_saveas.mo
-- Installing: /mnt/HDD/Project/Public/okulartry/okular-things/share/locale/nl/LC_MESSAGES/purpose-fileitemaction.mo
-- Installing: /mnt/HDD/Project/Public/okulartry/okular-things/share/locale/nl/LC_MESSAGES/purpose_phabricator.mo
-- Installing: /mnt/HDD/Project/Public/okulartry/okular-things/share/locale/nl/LC_MESSAGES/libpurpose_widgets.mo
-- Installing: /mnt/HDD/Project/Public/okulartry/okular-things/share/locale/nl/LC_MESSAGES/purpose_pastebin.mo
-- Installing: /mnt/HDD/Project/Public/okulartry/okular-things/share/locale/nl/LC_MESSAGES/purpose_barcode.mo
-- Installing: /mnt/HDD/Project/Public/okulartry/okular-things/share/locale/nl/LC_MESSAGES/purpose_kdeconnectsms.mo
-- Installing: /mnt/HDD/Project/Public/okulartry/okular-things/share/locale/nl/LC_MESSAGES/purpose_reviewboard.mo
-- Up-to-date: /mnt/HDD/Project/Public/okulartry/okular-things/share/locale/ca@valencia
-- Up-to-date: /mnt/HDD/Project/Public/okulartry/okular-things/share/locale/ca@valencia/LC_MESSAGES
-- Installing: /mnt/HDD/Project/Public/okulartry/okular-things/share/locale/ca@valencia/LC_MESSAGES/purpose_kdeconnect.mo
-- Installing: /mnt/HDD/Project/Public/okulartry/okular-things/share/locale/ca@valencia/LC_MESSAGES/libpurpose_quick.mo
-- Installing: /mnt/HDD/Project/Public/okulartry/okular-things/share/locale/ca@valencia/LC_MESSAGES/purpose_youtube.mo
-- Installing: /mnt/HDD/Project/Public/okulartry/okular-things/share/locale/ca@valencia/LC_MESSAGES/purpose_ktp-sendfile.mo
-- Installing: /mnt/HDD/Project/Public/okulartry/okular-things/share/locale/ca@valencia/LC_MESSAGES/purpose_bluetooth.mo
-- Installing: /mnt/HDD/Project/Public/okulartry/okular-things/share/locale/ca@valencia/LC_MESSAGES/purpose_nextcloud.mo
-- Installing: /mnt/HDD/Project/Public/okulartry/okular-things/share/locale/ca@valencia/LC_MESSAGES/purpose_imgur.mo
-- Installing: /mnt/HDD/Project/Public/okulartry/okular-things/share/locale/ca@valencia/LC_MESSAGES/purpose_saveas.mo
-- Installing: /mnt/HDD/Project/Public/okulartry/okular-things/share/locale/ca@valencia/LC_MESSAGES/purpose-fileitemaction.mo
-- Installing: /mnt/HDD/Project/Public/okulartry/okular-things/share/locale/ca@valencia/LC_MESSAGES/purpose_phabricator.mo
-- Installing: /mnt/HDD/Project/Public/okulartry/okular-things/share/locale/ca@valencia/LC_MESSAGES/libpurpose_widgets.mo
-- Installing: /mnt/HDD/Project/Public/okulartry/okular-things/share/locale/ca@valencia/LC_MESSAGES/purpose_pastebin.mo
-- Installing: /mnt/HDD/Project/Public/okulartry/okular-things/share/locale/ca@valencia/LC_MESSAGES/purpose_barcode.mo
-- Installing: /mnt/HDD/Project/Public/okulartry/okular-things/share/locale/ca@valencia/LC_MESSAGES/purpose_kdeconnectsms.mo
-- Installing: /mnt/HDD/Project/Public/okulartry/okular-things/share/locale/ca@valencia/LC_MESSAGES/purpose_reviewboard.mo
-- Up-to-date: /mnt/HDD/Project/Public/okulartry/okular-things/share/locale/ta
-- Up-to-date: /mnt/HDD/Project/Public/okulartry/okular-things/share/locale/ta/LC_MESSAGES
-- Installing: /mnt/HDD/Project/Public/okulartry/okular-things/share/locale/ta/LC_MESSAGES/purpose_bluetooth.mo
-- Installing: /mnt/HDD/Project/Public/okulartry/okular-things/share/locale/ta/LC_MESSAGES/purpose_saveas.mo
-- Installing: /mnt/HDD/Project/Public/okulartry/okular-things/share/locale/ta/LC_MESSAGES/purpose-fileitemaction.mo
-- Installing: /mnt/HDD/Project/Public/okulartry/okular-things/share/locale/ta/LC_MESSAGES/libpurpose_widgets.mo
-- Installing: /mnt/HDD/Project/Public/okulartry/okular-things/share/locale/ta/LC_MESSAGES/purpose_pastebin.mo
-- Installing: /mnt/HDD/Project/Public/okulartry/okular-things/share/locale/ta/LC_MESSAGES/purpose_kdeconnectsms.mo
-- Installing: /mnt/HDD/Project/Public/okulartry/okular-things/lib/cmake/KF5Purpose/KF5PurposeConfig.cmake
-- Installing: /mnt/HDD/Project/Public/okulartry/okular-things/lib/cmake/KF5Purpose/KF5PurposeConfigVersion.cmake
-- Installing: /mnt/HDD/Project/Public/okulartry/okular-things/lib/cmake/KF5Purpose/KF5PurposeTargets.cmake
-- Installing: /mnt/HDD/Project/Public/okulartry/okular-things/lib/cmake/KF5Purpose/KF5PurposeTargets-debug.cmake
-- Installing: /mnt/HDD/Project/Public/okulartry/okular-things/include/KF5/purpose/purpose_version.h
-- Installing: /mnt/HDD/Project/Public/okulartry/okular-things/lib/cmake/KDEExperimentalPurpose/KDEExperimentalPurposeConfig.cmake
