# kdesrc-build running: 'cmake' '-B' '.' '-S' '/home/szybet/kdesrc/kdesupport/phonon' '-G' 'Unix Makefiles' '-DCMAKE_EXPORT_COMPILE_COMMANDS:BOOL=ON' '-DCMAKE_TOOLCHAIN_FILE=/mnt/HDD/Project/Public/okulartry/kobo.cmake' '-DCMAKE_CXX_FLAGS:STRING=-pipe' '-DCMAKE_INSTALL_PREFIX=/mnt/HDD/Project/Public/okulartry/okular-things' '-DCMAKE_PREFIX_PATH=/home/build/inkbox/compiled-binaries/qt-bin/'
# from directory: /home/szybet/kdesrc/build/kdesupport/phonon
-- The C compiler identification is GNU 11.2.0
-- The CXX compiler identification is GNU 11.2.0
-- Detecting C compiler ABI info
-- Detecting C compiler ABI info - done
-- Check for working C compiler: /home/build/inkbox/compiled-binaries/arm-kobo-linux-gnueabihf/bin/arm-kobo-linux-gnueabihf-gcc - skipped
-- Detecting C compile features
-- Detecting C compile features - done
-- Detecting CXX compiler ABI info
-- Detecting CXX compiler ABI info - done
-- Check for working CXX compiler: /home/build/inkbox/compiled-binaries/arm-kobo-linux-gnueabihf/bin/arm-kobo-linux-gnueabihf-g++ - skipped
-- Detecting CXX compile features
-- Detecting CXX compile features - done
-- 

Installing in /mnt/HDD/Project/Public/okulartry/okular-things. Run /home/szybet/kdesrc/build/kdesupport/phonon/prefix.sh to set the environment for Phonon.
-- Setting build type to 'Debug' as none was specified.
-- Looking for __GLIBC__
-- Looking for __GLIBC__ - found
-- Performing Test _OFFT_IS_64BIT
-- Performing Test _OFFT_IS_64BIT - Failed
-- Performing Test HAVE_DATE_TIME
-- Performing Test HAVE_DATE_TIME - Success
CMake Warning at CMakeLists.txt:88 (find_package):
  Found package configuration file:

    /lib/cmake/Qt5Designer/Qt5DesignerConfig.cmake

  but it set Qt5Designer_FOUND to FALSE so package "Qt5Designer" is
  considered to be NOT FOUND.


-- Could NOT find PulseAudio (missing: PulseAudio_LIBRARIES PulseAudio_INCLUDE_DIRS) (Required is at least version "0.9.15")
-- Warning: Property DESCRIPTION for package PulseAudio already set to "Sound server, for sound stream routing and mixing", overriding it with "A cross-platform, networked sound server"
-- Warning: Property URL already set to "https://www.freedesktop.org/wiki/Software/PulseAudio", overriding it with "http://www.pulseaudio.org"
-- Found GLIB2: /home/build/inkbox/compiled-binaries/arm-kobo-linux-gnueabihf/arm-kobo-linux-gnueabihf/sysroot/usr/local/lib/libglib-2.0.so  
-- Warning: Property DESCRIPTION for package GLIB2 already set to "Event loop and utility library", overriding it with "GLib 2 is required to compile the pulseaudio for Phonon"
-- Warning: Property URL already set to "https://wiki.gnome.org/Projects/GLib", overriding it with "http://www.gtk.org/download/"
-- The following OPTIONAL packages have been found:

 * Qt5UiPlugin (required version >= 5.15.9)
 * Qt5Xml (required version >= 5.15.9)

-- The following RECOMMENDED packages have been found:

 * GLIB2, GLib 2 is required to compile the pulseaudio for Phonon, <http://www.gtk.org/download/>

-- The following REQUIRED packages have been found:

 * ECM (required version >= 5.90), Extra CMake Modules, <https://api.kde.org/frameworks/extra-cmake-modules/html/index.html>
 * Qt5Core (required version >= 5.15.0), Qt5 core module, <https://www.qt.io/download>
 * Qt5Gui (required version >= 5.15.0), Qt5 GUI module, <https://www.qt.io/download>
 * Qt5Widgets (required version >= 5.15.0), Qt5 widgets module, <https://www.qt.io/download>
 * Qt5LinguistTools

-- The following RECOMMENDED packages have not been found:

 * Qt5Designer (required version >= 5.15.0), Needed to build the Qt Designer plugin, <https://www.qt.io/download>
 * PulseAudio (required version >= 0.9.15), A cross-platform, networked sound server, <http://www.pulseaudio.org>

-- Configuring done (0.9s)
-- Generating done (0.1s)
-- Build files have been written to: /home/szybet/kdesrc/build/kdesupport/phonon
