This file contains any messages produced by compilers while
running configure, to aid debugging if configure makes a mistake.

It was created by package-unused configure version-unused, which was
generated by GNU Autoconf 2.69.  Invocation command line was

  $ /mnt/HDD/Project/Public/okulartry/binutils-gdb/libbacktrace/configure --srcdir=.././libbacktrace --cache-file=./config.cache --with-gnu-as --with-gnu-ld --prefix=/home/build/inkbox/compiled-binaries/arm-kobo-linux-gnueabihf/arm-kobo-linux-gnueabihf/sysroot/ --with-build-sysroot=/home/build/inkbox/compiled-binaries/arm-kobo-linux-gnueabihf/arm-kobo-linux-gnueabihf/sysroot/ --program-transform-name=s,y,y, --disable-option-checking --disable-year2038 --build=x86_64-pc-linux-gnu --host=arm-linux-gnueabihf --target=arm-linux-gnueabihf

## --------- ##
## Platform. ##
## --------- ##

hostname = hyperbookszyb
uname -m = x86_64
uname -r = 6.1.28-1-lts
uname -s = Linux
uname -v = #1 SMP PREEMPT_DYNAMIC Thu, 11 May 2023 15:52:41 +0000

/usr/bin/uname -p = unknown
/bin/uname -X     = unknown

/bin/arch              = unknown
/usr/bin/arch -k       = unknown
/usr/convex/getsysinfo = unknown
/usr/bin/hostinfo      = unknown
/bin/machine           = unknown
/usr/bin/oslevel       = unknown
/bin/universe          = unknown

PATH: /home/szybet/kde/src/kdesrc-build
PATH: /home/szybet/.cargo/bin
PATH: /sbin
PATH: /bin
PATH: /usr/local/sbin
PATH: /usr/local/bin
PATH: /usr/bin
PATH: /usr/sbin
PATH: /home/szybet/.dotnet/tools
PATH: /usr/lib/jvm/default/bin
PATH: /usr/bin/site_perl
PATH: /usr/bin/vendor_perl
PATH: /usr/bin/core_perl
PATH: /usr/lib/rustup/bin
PATH: /home/build/inkbox/compiled-binaries/arm-kobo-linux-gnueabihf/bin/
PATH: /home/build/inkbox/compiled-binaries/qt-bin/qt-linux-5.15.2-kobo/bin/


## ----------- ##
## Core tests. ##
## ----------- ##

configure:2457: loading cache ./config.cache
configure:2618: checking build system type
configure:2632: result: x86_64-pc-linux-gnu
configure:2652: checking host system type
configure:2665: result: arm-unknown-linux-gnueabihf
configure:2685: checking target system type
configure:2698: result: arm-unknown-linux-gnueabihf
configure:2738: checking for arm-linux-gnueabihf-gcc
configure:2765: result: arm-kobo-linux-gnueabihf-gcc
configure:3034: checking for C compiler version
configure:3043: arm-kobo-linux-gnueabihf-gcc --version >&5
arm-kobo-linux-gnueabihf-gcc (crosstool-NG 1.24.0.519_3e2d99d - NiLuJe) 11.2.0
Copyright (C) 2021 Free Software Foundation, Inc.
This is free software; see the source for copying conditions.  There is NO
warranty; not even for MERCHANTABILITY or FITNESS FOR A PARTICULAR PURPOSE.

configure:3054: $? = 0
configure:3043: arm-kobo-linux-gnueabihf-gcc -v >&5
Using built-in specs.
COLLECT_GCC=arm-kobo-linux-gnueabihf-gcc
COLLECT_LTO_WRAPPER=/mnt/HDD/Project/inkbox-build/inkbox/compiled-binaries/arm-kobo-linux-gnueabihf/bin/../libexec/gcc/arm-kobo-linux-gnueabihf/11.2.0/lto-wrapper
Target: arm-kobo-linux-gnueabihf
Configured with: /home/nicolas/Development/kox/koxtoolchain/build/kobo/.build/arm-kobo-linux-gnueabihf/src/gcc/configure --build=x86_64-build_pc-linux-gnu --host=x86_64-build_pc-linux-gnu --target=arm-kobo-linux-gnueabihf --prefix=/home/nicolas/x-tools/arm-kobo-linux-gnueabihf --exec_prefix=/home/nicolas/x-tools/arm-kobo-linux-gnueabihf --with-sysroot=/home/nicolas/x-tools/arm-kobo-linux-gnueabihf/arm-kobo-linux-gnueabihf/sysroot --enable-languages=c,c++ --with-cpu=cortex-a8 --with-fpu=neon --with-float=hard --with-pkgversion='crosstool-NG 1.24.0.519_3e2d99d - NiLuJe' --enable-__cxa_atexit --disable-libmudflap --disable-libgomp --disable-libssp --disable-libquadmath --disable-libquadmath-support --disable-libsanitizer --disable-libmpx --with-gmp=/home/nicolas/Development/kox/koxtoolchain/build/kobo/.build/arm-kobo-linux-gnueabihf/buildtools --with-mpfr=/home/nicolas/Development/kox/koxtoolchain/build/kobo/.build/arm-kobo-linux-gnueabihf/buildtools --with-mpc=/home/nicolas/Development/kox/koxtoolchain/build/kobo/.build/arm-kobo-linux-gnueabihf/buildtools --with-isl=no --with-cloog=no --enable-lto --enable-threads=posix --with-linker-hash-style=gnu --enable-plugin --enable-gold --disable-nls --disable-multilib --with-diagnostics-color=always --with-local-prefix=/home/nicolas/x-tools/arm-kobo-linux-gnueabihf/arm-kobo-linux-gnueabihf/sysroot --enable-long-long --with-mode=thumb
Thread model: posix
Supported LTO compression algorithms: zlib zstd
gcc version 11.2.0 (crosstool-NG 1.24.0.519_3e2d99d - NiLuJe) 
configure:3054: $? = 0
configure:3043: arm-kobo-linux-gnueabihf-gcc -V >&5
[01m[Karm-kobo-linux-gnueabihf-gcc:[m[K [01;31m[Kerror: [m[Kunrecognized command-line option '[01m[K-V[m[K'
[01m[Karm-kobo-linux-gnueabihf-gcc:[m[K [01;31m[Kfatal error: [m[Kno input files
compilation terminated.
configure:3054: $? = 1
configure:3043: arm-kobo-linux-gnueabihf-gcc -qversion >&5
[01m[Karm-kobo-linux-gnueabihf-gcc:[m[K [01;31m[Kerror: [m[Kunrecognized command-line option '[01m[K-qversion[m[K'; did you mean '[01m[K--version[m[K'?
[01m[Karm-kobo-linux-gnueabihf-gcc:[m[K [01;31m[Kfatal error: [m[Kno input files
compilation terminated.
configure:3054: $? = 1
configure:3074: checking whether the C compiler works
configure:3096: arm-kobo-linux-gnueabihf-gcc -g -O2        conftest.c  >&5
configure:3100: $? = 0
configure:3148: result: yes
configure:3151: checking for C compiler default output file name
configure:3153: result: a.out
configure:3159: checking for suffix of executables
configure:3166: arm-kobo-linux-gnueabihf-gcc -o conftest -g -O2        conftest.c  >&5
configure:3170: $? = 0
configure:3192: result: 
configure:3214: checking whether we are cross compiling
configure:3252: result: yes
configure:3257: checking for suffix of object files
configure:3304: result: o
configure:3308: checking whether we are using the GNU C compiler
configure:3336: result: yes
configure:3345: checking whether arm-kobo-linux-gnueabihf-gcc accepts -g
configure:3406: result: yes
configure:3423: checking for arm-kobo-linux-gnueabihf-gcc option to accept ISO C89
configure:3499: result: none needed
configure:3524: checking whether arm-kobo-linux-gnueabihf-gcc understands -c and -o together
configure:3561: result: yes
configure:3584: checking how to run the C preprocessor
configure:3654: result: arm-kobo-linux-gnueabihf-gcc -E
configure:3674: arm-kobo-linux-gnueabihf-gcc -E  conftest.c
configure:3674: $? = 0
configure:3688: arm-kobo-linux-gnueabihf-gcc -E  conftest.c
[01m[Kconftest.c:9:10:[m[K [01;31m[Kfatal error: [m[Kac_nonexistent.h: No such file or directory
    9 | #include [01;31m[K<ac_nonexistent.h>[m[K
      |          [01;31m[K^~~~~~~~~~~~~~~~~~[m[K
compilation terminated.
configure:3688: $? = 1
configure: failed program was:
| /* confdefs.h */
| #define PACKAGE_NAME "package-unused"
| #define PACKAGE_TARNAME "libbacktrace"
| #define PACKAGE_VERSION "version-unused"
| #define PACKAGE_STRING "package-unused version-unused"
| #define PACKAGE_BUGREPORT ""
| #define PACKAGE_URL ""
| /* end confdefs.h.  */
| #include <ac_nonexistent.h>
configure:3717: checking for grep that handles long lines and -e
configure:3775: result: /sbin/grep
configure:3780: checking for egrep
configure:3842: result: /sbin/grep -E
configure:3847: checking for ANSI C header files
configure:3951: result: yes
configure:3964: checking for sys/types.h
configure:3964: result: yes
configure:3964: checking for sys/stat.h
configure:3964: result: yes
configure:3964: checking for stdlib.h
configure:3964: result: yes
configure:3964: checking for string.h
configure:3964: result: yes
configure:3964: checking for memory.h
configure:3964: result: yes
configure:3964: checking for strings.h
configure:3964: result: yes
configure:3964: checking for inttypes.h
configure:3964: result: yes
configure:3964: checking for stdint.h
configure:3964: result: yes
configure:3964: checking for unistd.h
configure:3964: result: yes
configure:3977: checking for minix/config.h
configure:3977: result: no
configure:3998: checking whether it is safe to define __EXTENSIONS__
configure:4023: result: yes
configure:4066: checking for a BSD-compatible install
configure:4134: result: /bin/install -c
configure:4145: checking whether build environment is sane
configure:4200: result: yes
configure:4256: checking for arm-linux-gnueabihf-strip
configure:4283: result: strip
configure:4348: checking for a thread-safe mkdir -p
configure:4387: result: /sbin/mkdir -p
configure:4394: checking for gawk
configure:4421: result: gawk
configure:4432: checking whether make sets $(MAKE)
configure:4454: result: yes
configure:4483: checking whether make supports nested variables
configure:4500: result: yes
configure:4619: checking whether to enable maintainer-specific portions of Makefiles
configure:4628: result: no
configure:4662: checking for arm-linux-gnueabihf-gcc
configure:4689: result: arm-kobo-linux-gnueabihf-gcc
configure:4958: checking for C compiler version
configure:4967: arm-kobo-linux-gnueabihf-gcc --version >&5
arm-kobo-linux-gnueabihf-gcc (crosstool-NG 1.24.0.519_3e2d99d - NiLuJe) 11.2.0
Copyright (C) 2021 Free Software Foundation, Inc.
This is free software; see the source for copying conditions.  There is NO
warranty; not even for MERCHANTABILITY or FITNESS FOR A PARTICULAR PURPOSE.

configure:4978: $? = 0
configure:4967: arm-kobo-linux-gnueabihf-gcc -v >&5
Using built-in specs.
COLLECT_GCC=arm-kobo-linux-gnueabihf-gcc
COLLECT_LTO_WRAPPER=/mnt/HDD/Project/inkbox-build/inkbox/compiled-binaries/arm-kobo-linux-gnueabihf/bin/../libexec/gcc/arm-kobo-linux-gnueabihf/11.2.0/lto-wrapper
Target: arm-kobo-linux-gnueabihf
Configured with: /home/nicolas/Development/kox/koxtoolchain/build/kobo/.build/arm-kobo-linux-gnueabihf/src/gcc/configure --build=x86_64-build_pc-linux-gnu --host=x86_64-build_pc-linux-gnu --target=arm-kobo-linux-gnueabihf --prefix=/home/nicolas/x-tools/arm-kobo-linux-gnueabihf --exec_prefix=/home/nicolas/x-tools/arm-kobo-linux-gnueabihf --with-sysroot=/home/nicolas/x-tools/arm-kobo-linux-gnueabihf/arm-kobo-linux-gnueabihf/sysroot --enable-languages=c,c++ --with-cpu=cortex-a8 --with-fpu=neon --with-float=hard --with-pkgversion='crosstool-NG 1.24.0.519_3e2d99d - NiLuJe' --enable-__cxa_atexit --disable-libmudflap --disable-libgomp --disable-libssp --disable-libquadmath --disable-libquadmath-support --disable-libsanitizer --disable-libmpx --with-gmp=/home/nicolas/Development/kox/koxtoolchain/build/kobo/.build/arm-kobo-linux-gnueabihf/buildtools --with-mpfr=/home/nicolas/Development/kox/koxtoolchain/build/kobo/.build/arm-kobo-linux-gnueabihf/buildtools --with-mpc=/home/nicolas/Development/kox/koxtoolchain/build/kobo/.build/arm-kobo-linux-gnueabihf/buildtools --with-isl=no --with-cloog=no --enable-lto --enable-threads=posix --with-linker-hash-style=gnu --enable-plugin --enable-gold --disable-nls --disable-multilib --with-diagnostics-color=always --with-local-prefix=/home/nicolas/x-tools/arm-kobo-linux-gnueabihf/arm-kobo-linux-gnueabihf/sysroot --enable-long-long --with-mode=thumb
Thread model: posix
Supported LTO compression algorithms: zlib zstd
gcc version 11.2.0 (crosstool-NG 1.24.0.519_3e2d99d - NiLuJe) 
configure:4978: $? = 0
configure:4967: arm-kobo-linux-gnueabihf-gcc -V >&5
[01m[Karm-kobo-linux-gnueabihf-gcc:[m[K [01;31m[Kerror: [m[Kunrecognized command-line option '[01m[K-V[m[K'
[01m[Karm-kobo-linux-gnueabihf-gcc:[m[K [01;31m[Kfatal error: [m[Kno input files
compilation terminated.
configure:4978: $? = 1
configure:4967: arm-kobo-linux-gnueabihf-gcc -qversion >&5
[01m[Karm-kobo-linux-gnueabihf-gcc:[m[K [01;31m[Kerror: [m[Kunrecognized command-line option '[01m[K-qversion[m[K'; did you mean '[01m[K--version[m[K'?
[01m[Karm-kobo-linux-gnueabihf-gcc:[m[K [01;31m[Kfatal error: [m[Kno input files
compilation terminated.
configure:4978: $? = 1
configure:4982: checking whether we are using the GNU C compiler
configure:5010: result: yes
configure:5019: checking whether arm-kobo-linux-gnueabihf-gcc accepts -g
configure:5080: result: yes
configure:5097: checking for arm-kobo-linux-gnueabihf-gcc option to accept ISO C89
configure:5173: result: none needed
configure:5198: checking whether arm-kobo-linux-gnueabihf-gcc understands -c and -o together
configure:5235: result: yes
configure:5259: checking for arm-linux-gnueabihf-ranlib
configure:5286: result: arm-kobo-linux-gnueabihf-ranlib --plugin /mnt/HDD/Project/inkbox-build/inkbox/compiled-binaries/arm-kobo-linux-gnueabihf/bin/../libexec/gcc/arm-kobo-linux-gnueabihf/11.2.0/liblto_plugin.so
configure:5353: checking for gawk
configure:5380: result: gawk
configure:5397: checking for dwz
configure:5427: result: no
configure:5487: checking how to print strings
configure:5514: result: printf
configure:5535: checking for a sed that does not truncate output
configure:5599: result: /sbin/sed
configure:5617: checking for fgrep
configure:5679: result: /sbin/grep -F
configure:5714: checking for ld used by arm-kobo-linux-gnueabihf-gcc
configure:5781: result: arm-kobo-linux-gnueabihf-ld
configure:5788: checking if the linker (arm-kobo-linux-gnueabihf-ld) is GNU ld
configure:5803: result: yes
configure:5815: checking for BSD- or MS-compatible name lister (nm)
configure:5871: result: no
configure:5885: checking for arm-linux-gnueabihf-dumpbin
configure:5915: result: no
configure:5885: checking for arm-linux-gnueabihf-link
configure:5915: result: no
configure:5929: checking for dumpbin
configure:5956: result: link -dump
configure:5972: WARNING: using cross tools not prefixed with host triplet
configure:6001: checking the name lister (arm-linux-gnueabihf-nm) interface
configure:6021: result: BSD nm
configure:6024: checking whether ln -s works
configure:6028: result: yes
configure:6036: checking the maximum length of command line arguments
configure:6161: result: 1572864
configure:6178: checking whether the shell understands some XSI constructs
configure:6188: result: yes
configure:6192: checking whether the shell understands "+="
configure:6198: result: yes
configure:6233: checking for arm-kobo-linux-gnueabihf-ld option to reload object files
configure:6240: result: -r
configure:6269: checking for arm-linux-gnueabihf-objdump
configure:6296: result: arm-linux-gnueabihf-objdump
configure:6368: checking how to recognize dependent libraries
configure:6569: result: pass_all
configure:6602: checking for arm-linux-gnueabihf-ar
configure:6629: result: arm-kobo-linux-gnueabihf-ar --plugin /mnt/HDD/Project/inkbox-build/inkbox/compiled-binaries/arm-kobo-linux-gnueabihf/bin/../libexec/gcc/arm-kobo-linux-gnueabihf/11.2.0/liblto_plugin.so
configure:6720: checking for arm-linux-gnueabihf-strip
configure:6747: result: strip
configure:6819: checking for arm-linux-gnueabihf-ranlib
configure:6846: result: arm-kobo-linux-gnueabihf-ranlib --plugin /mnt/HDD/Project/inkbox-build/inkbox/compiled-binaries/arm-kobo-linux-gnueabihf/bin/../libexec/gcc/arm-kobo-linux-gnueabihf/11.2.0/liblto_plugin.so
configure:6993: checking command to parse arm-linux-gnueabihf-nm output from arm-kobo-linux-gnueabihf-gcc object
configure:7213: result: failed
configure:8064: checking for dlfcn.h
configure:8064: result: yes
configure:8251: checking for objdir
configure:8266: result: .libs
configure:8537: checking if arm-kobo-linux-gnueabihf-gcc supports -fno-rtti -fno-exceptions
configure:8572: result: no
configure:8592: checking for arm-kobo-linux-gnueabihf-gcc option to produce PIC
configure:8878: result: -fPIC -DPIC
configure:8890: checking if arm-kobo-linux-gnueabihf-gcc PIC flag -fPIC -DPIC works
configure:8925: result: yes
configure:8949: checking if arm-kobo-linux-gnueabihf-gcc static flag -static works
configure:8977: result: yes
configure:8992: checking if arm-kobo-linux-gnueabihf-gcc supports -c -o file.o
configure:9039: result: yes
configure:9047: checking if arm-kobo-linux-gnueabihf-gcc supports -c -o file.o
configure:9094: result: yes
configure:9127: checking whether the arm-kobo-linux-gnueabihf-gcc linker (arm-kobo-linux-gnueabihf-ld) supports shared libraries
configure:10198: result: yes
configure:10235: checking whether -lc should be explicitly linked in
configure:10278: result: no
configure:10443: checking dynamic linker characteristics
configure:11106: result: GNU/Linux ld.so
configure:11213: checking how to hardcode library paths into programs
configure:11238: result: immediate
configure:11778: checking whether stripping libraries is possible
configure:11783: result: yes
configure:11818: checking if libtool supports shared libraries
configure:11820: result: yes
configure:11823: checking whether to build shared libraries
configure:11844: result: yes
configure:11847: checking whether to build static libraries
configure:11851: result: yes
configure:11895: checking for special C compiler options needed for large files
configure:11940: result: no
configure:11946: checking for _FILE_OFFSET_BITS value needed for large files
configure:12003: result: 64
configure:12096: checking for unwind.h
configure:12096: result: yes
configure:12098: checking for _Unwind_Backtrace
configure:12098: result: yes
configure:12119: checking for -funwind-tables option
configure:12145: result: yes
configure:12150: checking for -frandom-seed=string option
configure:12176: result: yes
configure:12293: checking whether arm-kobo-linux-gnueabihf-gcc supports -W
configure:12319: result: yes
configure:12293: checking whether arm-kobo-linux-gnueabihf-gcc supports -Wall
configure:12319: result: yes
configure:12293: checking whether arm-kobo-linux-gnueabihf-gcc supports -Wwrite-strings
configure:12319: result: yes
configure:12293: checking whether arm-kobo-linux-gnueabihf-gcc supports -Wstrict-prototypes
configure:12319: result: yes
configure:12293: checking whether arm-kobo-linux-gnueabihf-gcc supports -Wmissing-prototypes
configure:12319: result: yes
configure:12293: checking whether arm-kobo-linux-gnueabihf-gcc supports -Wold-style-definition
configure:12319: result: yes
configure:12293: checking whether arm-kobo-linux-gnueabihf-gcc supports -Wmissing-format-attribute
configure:12319: result: yes
configure:12293: checking whether arm-kobo-linux-gnueabihf-gcc supports -Wcast-qual
configure:12319: result: yes
configure:12380: checking for _Unwind_GetIPInfo
configure:12395: arm-kobo-linux-gnueabihf-gcc -o conftest -g -O2     -Werror-implicit-function-declaration    conftest.c  >&5
configure:12395: $? = 0
configure:12403: result: yes
configure:12436: checking for CET support
configure:12630: result: no
configure:12646: checking __sync extensions
configure:12679: result: yes
configure:12691: checking __atomic extensions
configure:12720: result: yes
configure:12731: checking output filetype
configure:12759: result: elf32
configure:12841: checking for uintmax_t
configure:12841: arm-kobo-linux-gnueabihf-gcc -c -g -O2      conftest.c >&5
configure:12841: $? = 0
configure:12841: arm-kobo-linux-gnueabihf-gcc -c -g -O2      conftest.c >&5
[01m[Kconftest.c:[m[K In function '[01m[Kmain[m[K':
[01m[Kconftest.c:38:24:[m[K [01;31m[Kerror: [m[Kexpected expression before '[01m[K)[m[K' token
   38 | if (sizeof ((uintmax_t)[01;31m[K)[m[K)
      |                        [01;31m[K^[m[K
configure:12841: $? = 1
configure: failed program was:
| /* confdefs.h */
| #define PACKAGE_NAME "package-unused"
| #define PACKAGE_TARNAME "libbacktrace"
| #define PACKAGE_VERSION "version-unused"
| #define PACKAGE_STRING "package-unused version-unused"
| #define PACKAGE_BUGREPORT ""
| #define PACKAGE_URL ""
| #define STDC_HEADERS 1
| #define HAVE_SYS_TYPES_H 1
| #define HAVE_SYS_STAT_H 1
| #define HAVE_STDLIB_H 1
| #define HAVE_STRING_H 1
| #define HAVE_MEMORY_H 1
| #define HAVE_STRINGS_H 1
| #define HAVE_INTTYPES_H 1
| #define HAVE_STDINT_H 1
| #define HAVE_UNISTD_H 1
| #define __EXTENSIONS__ 1
| #define _ALL_SOURCE 1
| #define _GNU_SOURCE 1
| #define _POSIX_PTHREAD_SEMANTICS 1
| #define _TANDEM_SOURCE 1
| #define HAVE_DLFCN_H 1
| #define LT_OBJDIR ".libs/"
| #define _FILE_OFFSET_BITS 64
| #define HAVE_GETIPINFO 1
| #define HAVE_SYNC_FUNCTIONS 1
| #define HAVE_ATOMIC_FUNCTIONS 1
| #define BACKTRACE_ELF_SIZE 32
| #define BACKTRACE_XCOFF_SIZE unused
| /* end confdefs.h.  */
| #include <sys/types.h>
| #include <stdint.h>
| 
| int
| main ()
| {
| if (sizeof ((uintmax_t)))
| 	    return 0;
|   ;
|   return 0;
| }
configure:12841: result: yes
configure:12850: checking for uintptr_t
configure:12850: arm-kobo-linux-gnueabihf-gcc -c -g -O2      conftest.c >&5
configure:12850: $? = 0
configure:12850: arm-kobo-linux-gnueabihf-gcc -c -g -O2      conftest.c >&5
[01m[Kconftest.c:[m[K In function '[01m[Kmain[m[K':
[01m[Kconftest.c:38:24:[m[K [01;31m[Kerror: [m[Kexpected expression before '[01m[K)[m[K' token
   38 | if (sizeof ((uintptr_t)[01;31m[K)[m[K)
      |                        [01;31m[K^[m[K
configure:12850: $? = 1
configure: failed program was:
| /* confdefs.h */
| #define PACKAGE_NAME "package-unused"
| #define PACKAGE_TARNAME "libbacktrace"
| #define PACKAGE_VERSION "version-unused"
| #define PACKAGE_STRING "package-unused version-unused"
| #define PACKAGE_BUGREPORT ""
| #define PACKAGE_URL ""
| #define STDC_HEADERS 1
| #define HAVE_SYS_TYPES_H 1
| #define HAVE_SYS_STAT_H 1
| #define HAVE_STDLIB_H 1
| #define HAVE_STRING_H 1
| #define HAVE_MEMORY_H 1
| #define HAVE_STRINGS_H 1
| #define HAVE_INTTYPES_H 1
| #define HAVE_STDINT_H 1
| #define HAVE_UNISTD_H 1
| #define __EXTENSIONS__ 1
| #define _ALL_SOURCE 1
| #define _GNU_SOURCE 1
| #define _POSIX_PTHREAD_SEMANTICS 1
| #define _TANDEM_SOURCE 1
| #define HAVE_DLFCN_H 1
| #define LT_OBJDIR ".libs/"
| #define _FILE_OFFSET_BITS 64
| #define HAVE_GETIPINFO 1
| #define HAVE_SYNC_FUNCTIONS 1
| #define HAVE_ATOMIC_FUNCTIONS 1
| #define BACKTRACE_ELF_SIZE 32
| #define BACKTRACE_XCOFF_SIZE unused
| /* end confdefs.h.  */
| #include <sys/types.h>
| #include <stdint.h>
| 
| int
| main ()
| {
| if (sizeof ((uintptr_t)))
| 	    return 0;
|   ;
|   return 0;
| }
configure:12850: result: yes
configure:12859: checking for int_least32_t
configure:12859: arm-kobo-linux-gnueabihf-gcc -c -g -O2      conftest.c >&5
configure:12859: $? = 0
configure:12859: arm-kobo-linux-gnueabihf-gcc -c -g -O2      conftest.c >&5
[01m[Kconftest.c:[m[K In function '[01m[Kmain[m[K':
[01m[Kconftest.c:38:28:[m[K [01;31m[Kerror: [m[Kexpected expression before '[01m[K)[m[K' token
   38 | if (sizeof ((int_least32_t)[01;31m[K)[m[K)
      |                            [01;31m[K^[m[K
configure:12859: $? = 1
configure: failed program was:
| /* confdefs.h */
| #define PACKAGE_NAME "package-unused"
| #define PACKAGE_TARNAME "libbacktrace"
| #define PACKAGE_VERSION "version-unused"
| #define PACKAGE_STRING "package-unused version-unused"
| #define PACKAGE_BUGREPORT ""
| #define PACKAGE_URL ""
| #define STDC_HEADERS 1
| #define HAVE_SYS_TYPES_H 1
| #define HAVE_SYS_STAT_H 1
| #define HAVE_STDLIB_H 1
| #define HAVE_STRING_H 1
| #define HAVE_MEMORY_H 1
| #define HAVE_STRINGS_H 1
| #define HAVE_INTTYPES_H 1
| #define HAVE_STDINT_H 1
| #define HAVE_UNISTD_H 1
| #define __EXTENSIONS__ 1
| #define _ALL_SOURCE 1
| #define _GNU_SOURCE 1
| #define _POSIX_PTHREAD_SEMANTICS 1
| #define _TANDEM_SOURCE 1
| #define HAVE_DLFCN_H 1
| #define LT_OBJDIR ".libs/"
| #define _FILE_OFFSET_BITS 64
| #define HAVE_GETIPINFO 1
| #define HAVE_SYNC_FUNCTIONS 1
| #define HAVE_ATOMIC_FUNCTIONS 1
| #define BACKTRACE_ELF_SIZE 32
| #define BACKTRACE_XCOFF_SIZE unused
| /* end confdefs.h.  */
| #include <sys/types.h>
| #include <stdint.h>
| 
| int
| main ()
| {
| if (sizeof ((int_least32_t)))
| 	    return 0;
|   ;
|   return 0;
| }
configure:12859: result: yes
configure:12868: checking for int_fast32_t
configure:12868: arm-kobo-linux-gnueabihf-gcc -c -g -O2      conftest.c >&5
configure:12868: $? = 0
configure:12868: arm-kobo-linux-gnueabihf-gcc -c -g -O2      conftest.c >&5
[01m[Kconftest.c:[m[K In function '[01m[Kmain[m[K':
[01m[Kconftest.c:38:27:[m[K [01;31m[Kerror: [m[Kexpected expression before '[01m[K)[m[K' token
   38 | if (sizeof ((int_fast32_t)[01;31m[K)[m[K)
      |                           [01;31m[K^[m[K
configure:12868: $? = 1
configure: failed program was:
| /* confdefs.h */
| #define PACKAGE_NAME "package-unused"
| #define PACKAGE_TARNAME "libbacktrace"
| #define PACKAGE_VERSION "version-unused"
| #define PACKAGE_STRING "package-unused version-unused"
| #define PACKAGE_BUGREPORT ""
| #define PACKAGE_URL ""
| #define STDC_HEADERS 1
| #define HAVE_SYS_TYPES_H 1
| #define HAVE_SYS_STAT_H 1
| #define HAVE_STDLIB_H 1
| #define HAVE_STRING_H 1
| #define HAVE_MEMORY_H 1
| #define HAVE_STRINGS_H 1
| #define HAVE_INTTYPES_H 1
| #define HAVE_STDINT_H 1
| #define HAVE_UNISTD_H 1
| #define __EXTENSIONS__ 1
| #define _ALL_SOURCE 1
| #define _GNU_SOURCE 1
| #define _POSIX_PTHREAD_SEMANTICS 1
| #define _TANDEM_SOURCE 1
| #define HAVE_DLFCN_H 1
| #define LT_OBJDIR ".libs/"
| #define _FILE_OFFSET_BITS 64
| #define HAVE_GETIPINFO 1
| #define HAVE_SYNC_FUNCTIONS 1
| #define HAVE_ATOMIC_FUNCTIONS 1
| #define BACKTRACE_ELF_SIZE 32
| #define BACKTRACE_XCOFF_SIZE unused
| /* end confdefs.h.  */
| #include <sys/types.h>
| #include <stdint.h>
| 
| int
| main ()
| {
| if (sizeof ((int_fast32_t)))
| 	    return 0;
|   ;
|   return 0;
| }
configure:12868: result: yes
configure:12877: checking for uint64_t
configure:12877: arm-kobo-linux-gnueabihf-gcc -c -g -O2      conftest.c >&5
configure:12877: $? = 0
configure:12877: arm-kobo-linux-gnueabihf-gcc -c -g -O2      conftest.c >&5
[01m[Kconftest.c:[m[K In function '[01m[Kmain[m[K':
[01m[Kconftest.c:38:23:[m[K [01;31m[Kerror: [m[Kexpected expression before '[01m[K)[m[K' token
   38 | if (sizeof ((uint64_t)[01;31m[K)[m[K)
      |                       [01;31m[K^[m[K
configure:12877: $? = 1
configure: failed program was:
| /* confdefs.h */
| #define PACKAGE_NAME "package-unused"
| #define PACKAGE_TARNAME "libbacktrace"
| #define PACKAGE_VERSION "version-unused"
| #define PACKAGE_STRING "package-unused version-unused"
| #define PACKAGE_BUGREPORT ""
| #define PACKAGE_URL ""
| #define STDC_HEADERS 1
| #define HAVE_SYS_TYPES_H 1
| #define HAVE_SYS_STAT_H 1
| #define HAVE_STDLIB_H 1
| #define HAVE_STRING_H 1
| #define HAVE_MEMORY_H 1
| #define HAVE_STRINGS_H 1
| #define HAVE_INTTYPES_H 1
| #define HAVE_STDINT_H 1
| #define HAVE_UNISTD_H 1
| #define __EXTENSIONS__ 1
| #define _ALL_SOURCE 1
| #define _GNU_SOURCE 1
| #define _POSIX_PTHREAD_SEMANTICS 1
| #define _TANDEM_SOURCE 1
| #define HAVE_DLFCN_H 1
| #define LT_OBJDIR ".libs/"
| #define _FILE_OFFSET_BITS 64
| #define HAVE_GETIPINFO 1
| #define HAVE_SYNC_FUNCTIONS 1
| #define HAVE_ATOMIC_FUNCTIONS 1
| #define BACKTRACE_ELF_SIZE 32
| #define BACKTRACE_XCOFF_SIZE unused
| /* end confdefs.h.  */
| #include <sys/types.h>
| #include <stdint.h>
| 
| int
| main ()
| {
| if (sizeof ((uint64_t)))
| 	    return 0;
|   ;
|   return 0;
| }
configure:12877: result: yes
configure:12958: checking what to include in gstdint.h
configure:12986: result: stdint.h (already complete)
configure:13232: checking for sys/mman.h
configure:13232: result: yes
configure:13255: checking for mmap
configure:13255: result: yes
configure:13278: arm-kobo-linux-gnueabihf-gcc -E  conftest.c
configure:13278: $? = 0
configure:13297: checking for link.h
configure:13297: result: yes
configure:13326: checking for dl_iterate_phdr
configure:13326: result: yes
configure:13344: checking for mach-o/dyld.h
configure:13344: result: no
configure:13358: checking for sys/ldr.h
configure:13358: result: no
configure:13409: checking for fcntl
configure:13409: result: yes
configure:13423: checking whether strnlen is declared
configure:13423: result: yes
configure:13433: checking whether getpagesize is declared
configure:13433: result: yes
configure:13447: checking for lstat
configure:13447: result: yes
configure:13447: checking for readlink
configure:13447: result: yes
configure:13464: checking for getexecname
configure:13464: result: no
configure:13480: checking for KERN_PROC
configure:13506: result: no
configure:13514: checking for KERN_PROG_ARGS
configure:13540: result: no
configure:13551: checking for clock_gettime
configure:13551: result: no
configure:13566: checking for clock_gettime in -lrt
configure:13600: result: yes
configure:13612: checking whether -pthread is supported
configure:13631: result: yes
configure:13648: checking whether -gdwarf-5 is supported
configure:13675: result: yes
configure:13686: checking for compress in -lz
configure:13720: result: yes
configure:13737: checking whether --compress-debug-sections is supported
configure:13764: result: yes
configure:13778: checking for objcopy
configure:13805: result: objcopy
configure:13815: checking for readelf
configure:13842: result: arm-linux-gnueabihf-readelf
configure:13850: checking whether objcopy supports debuglink
configure:13865: result: yes
configure:13879: checking for dsymutil
configure:13906: result: arm-linux-gnueabihf-dsymutil
configure:13926: checking for nm
configure:13953: result: arm-linux-gnueabihf-nm
configure:13964: checking for xz
configure:13991: result: xz
configure:14009: checking for comm
configure:14036: result: comm
configure:14062: checking for lzma_auto_decoder in -llzma
configure:14096: result: yes
configure:14113: checking whether tests can run
configure:14142: result: no
configure:14269: checking that generated files are newer than configure
configure:14275: result: done
configure:14346: creating ./config.status

## ---------------------- ##
## Running config.status. ##
## ---------------------- ##

This file was extended by package-unused config.status version-unused, which was
generated by GNU Autoconf 2.69.  Invocation command line was

  CONFIG_FILES    = 
  CONFIG_HEADERS  = 
  CONFIG_LINKS    = 
  CONFIG_COMMANDS = 
  $ ./config.status 

on hyperbookszyb

config.status:1172: creating Makefile
config.status:1172: creating backtrace-supported.h
config.status:1172: creating install-debuginfo-for-buildid.sh
config.status:1172: creating config.h
config.status:1353: config.h is unchanged
config.status:1401: executing libtool commands
config.status:1401: executing gstdint.h commands
config.status:1401: executing default commands

## ---------------- ##
## Cache variables. ##
## ---------------- ##

ac_cv_build=x86_64-pc-linux-gnu
ac_cv_c_compiler_gnu=yes
ac_cv_env_CC_set=set
ac_cv_env_CC_value=arm-kobo-linux-gnueabihf-gcc
ac_cv_env_CFLAGS_set=set
ac_cv_env_CFLAGS_value='-g -O2    '
ac_cv_env_CPPFLAGS_set=
ac_cv_env_CPPFLAGS_value=
ac_cv_env_CPP_set=
ac_cv_env_CPP_value=
ac_cv_env_DSYMUTIL_set=set
ac_cv_env_DSYMUTIL_value=arm-linux-gnueabihf-dsymutil
ac_cv_env_LDFLAGS_set=set
ac_cv_env_LDFLAGS_value=' '
ac_cv_env_LIBS_set=
ac_cv_env_LIBS_value=
ac_cv_env_NM_set=set
ac_cv_env_NM_value=arm-linux-gnueabihf-nm
ac_cv_env_OBJCOPY_set=set
ac_cv_env_OBJCOPY_value=
ac_cv_env_build_alias_set=set
ac_cv_env_build_alias_value=x86_64-pc-linux-gnu
ac_cv_env_host_alias_set=set
ac_cv_env_host_alias_value=arm-linux-gnueabihf
ac_cv_env_target_alias_set=set
ac_cv_env_target_alias_value=arm-linux-gnueabihf
ac_cv_func__Unwind_Backtrace=yes
ac_cv_func_clock_gettime=no
ac_cv_func_dl_iterate_phdr=yes
ac_cv_func_fcntl=yes
ac_cv_func_getexecname=no
ac_cv_func_lstat=yes
ac_cv_func_mmap=yes
ac_cv_func_readlink=yes
ac_cv_have_decl_getpagesize=yes
ac_cv_have_decl_strnlen=yes
ac_cv_header_dlfcn_h=yes
ac_cv_header_inttypes_h=yes
ac_cv_header_link_h=yes
ac_cv_header_mach_o_dyld_h=no
ac_cv_header_memory_h=yes
ac_cv_header_minix_config_h=no
ac_cv_header_stdc=yes
ac_cv_header_stdint_h=yes
ac_cv_header_stdlib_h=yes
ac_cv_header_string_h=yes
ac_cv_header_strings_h=yes
ac_cv_header_sys_ldr_h=no
ac_cv_header_sys_mman_h=yes
ac_cv_header_sys_stat_h=yes
ac_cv_header_sys_types_h=yes
ac_cv_header_unistd_h=yes
ac_cv_header_unwind_h=yes
ac_cv_host=arm-unknown-linux-gnueabihf
ac_cv_lib_lzma_lzma_auto_decoder=yes
ac_cv_lib_rt_clock_gettime=yes
ac_cv_lib_z_compress=yes
ac_cv_objext=o
ac_cv_path_EGREP='/sbin/grep -E'
ac_cv_path_FGREP='/sbin/grep -F'
ac_cv_path_GREP=/sbin/grep
ac_cv_path_SED=/sbin/sed
ac_cv_path_mkdir=/sbin/mkdir
ac_cv_prog_AR='arm-kobo-linux-gnueabihf-ar --plugin /mnt/HDD/Project/inkbox-build/inkbox/compiled-binaries/arm-kobo-linux-gnueabihf/bin/../libexec/gcc/arm-kobo-linux-gnueabihf/11.2.0/liblto_plugin.so'
ac_cv_prog_AWK=gawk
ac_cv_prog_CC=arm-kobo-linux-gnueabihf-gcc
ac_cv_prog_COMM=comm
ac_cv_prog_CPP='arm-kobo-linux-gnueabihf-gcc -E'
ac_cv_prog_DSYMUTIL=arm-linux-gnueabihf-dsymutil
ac_cv_prog_NM=arm-linux-gnueabihf-nm
ac_cv_prog_OBJCOPY=objcopy
ac_cv_prog_OBJDUMP=arm-linux-gnueabihf-objdump
ac_cv_prog_RANLIB='arm-kobo-linux-gnueabihf-ranlib --plugin /mnt/HDD/Project/inkbox-build/inkbox/compiled-binaries/arm-kobo-linux-gnueabihf/bin/../libexec/gcc/arm-kobo-linux-gnueabihf/11.2.0/liblto_plugin.so'
ac_cv_prog_READELF=arm-linux-gnueabihf-readelf
ac_cv_prog_STRIP=strip
ac_cv_prog_XZ=xz
ac_cv_prog_ac_ct_DUMPBIN='link -dump'
ac_cv_prog_ac_ct_STRIP=strip
ac_cv_prog_cc_c89=
ac_cv_prog_cc_g=yes
ac_cv_prog_make_make_set=yes
ac_cv_safe_to_define___extensions__=yes
ac_cv_sys_file_offset_bits=64
ac_cv_sys_largefile_CC=no
ac_cv_target=arm-unknown-linux-gnueabihf
ac_cv_type_int_fast32_t=yes
ac_cv_type_int_least32_t=yes
ac_cv_type_u_int64_t=no
ac_cv_type_uint64_t=yes
ac_cv_type_uintmax_t=yes
ac_cv_type_uintptr_t=yes
acx_cv_header_stdint=stdint.h
acx_cv_header_stdint_kind='(already complete)'
acx_cv_prog_cc_warning__W=yes
acx_cv_prog_cc_warning__Wall=yes
acx_cv_prog_cc_warning__Wcast_qual=yes
acx_cv_prog_cc_warning__Wmissing_format_attribute=yes
acx_cv_prog_cc_warning__Wmissing_prototypes=yes
acx_cv_prog_cc_warning__Wold_style_definition=yes
acx_cv_prog_cc_warning__Wstrict_prototypes=yes
acx_cv_prog_cc_warning__Wwrite_strings=yes
am_cv_make_support_nested_variables=yes
am_cv_prog_cc_c_o=yes
libbacktrace_cv_c_random_seed_string=yes
libbacktrace_cv_c_unwind_tables=yes
libbacktrace_cv_lib_dwarf5=yes
libbacktrace_cv_objcopy_debuglink=yes
libbacktrace_cv_proc=no
libbacktrace_cv_procargs=no
libbacktrace_cv_sys_atomic=yes
libbacktrace_cv_sys_filetype=elf32
libbacktrace_cv_sys_native=no
libbacktrace_cv_sys_sync=yes
libgo_cv_ld_compress=yes
libgo_cv_lib_pthread=yes
lt_cv_archive_cmds_need_lc=no
lt_cv_deplibs_check_method=pass_all
lt_cv_file_magic_cmd='$MAGIC_CMD'
lt_cv_file_magic_test_file=
lt_cv_ld_reload_flag=-r
lt_cv_nm_interface='BSD nm'
lt_cv_objdir=.libs
lt_cv_path_LD=arm-kobo-linux-gnueabihf-ld
lt_cv_path_NM=no
lt_cv_prog_compiler_c_o=yes
lt_cv_prog_compiler_pic_works=yes
lt_cv_prog_compiler_rtti_exceptions=no
lt_cv_prog_compiler_static_works=yes
lt_cv_prog_gnu_ld=yes
lt_cv_shlibpath_overrides_runpath=no
lt_cv_sys_global_symbol_pipe=
lt_cv_sys_global_symbol_to_c_name_address='sed -n -e '\''s/^: \([^ ]*\) $/  {\"\1\", (void *) 0},/p'\'' -e '\''s/^[BCDEGRST]* \([^ ]*\) \([^ ]*\)$/  {"\2", (void *) \&\2},/p'\'''
lt_cv_sys_global_symbol_to_c_name_address_lib_prefix='sed -n -e '\''s/^: \([^ ]*\) $/  {\"\1\", (void *) 0},/p'\'' -e '\''s/^[BCDEGRST]* \([^ ]*\) \(lib[^ ]*\)$/  {"\2", (void *) \&\2},/p'\'' -e '\''s/^[BCDEGRST]* \([^ ]*\) \([^ ]*\)$/  {"lib\2", (void *) \&\2},/p'\'''
lt_cv_sys_global_symbol_to_cdecl=
lt_cv_sys_max_cmd_len=1572864

## ----------------- ##
## Output variables. ##
## ----------------- ##

ACLOCAL='${SHELL} /mnt/HDD/Project/Public/okulartry/binutils-gdb/missing aclocal-1.15'
ALLOC_FILE='mmap.lo'
AMTAR='$${TAR-tar}'
AM_BACKSLASH='\'
AM_DEFAULT_V='$(AM_DEFAULT_VERBOSITY)'
AM_DEFAULT_VERBOSITY='1'
AM_V='$(V)'
AR='arm-kobo-linux-gnueabihf-ar --plugin /mnt/HDD/Project/inkbox-build/inkbox/compiled-binaries/arm-kobo-linux-gnueabihf/bin/../libexec/gcc/arm-kobo-linux-gnueabihf/11.2.0/liblto_plugin.so --plugin /mnt/HDD/Project/inkbox-build/inkbox/compiled-binaries/arm-kobo-linux-gnueabihf/bin/../libexec/gcc/arm-kobo-linux-gnueabihf/11.2.0/liblto_plugin.so'
AUTOCONF='${SHELL} /mnt/HDD/Project/Public/okulartry/binutils-gdb/missing autoconf'
AUTOHEADER='${SHELL} /mnt/HDD/Project/Public/okulartry/binutils-gdb/missing autoheader'
AUTOMAKE='${SHELL} /mnt/HDD/Project/Public/okulartry/binutils-gdb/missing automake-1.15'
AWK='gawk'
BACKTRACE_FILE='backtrace.lo simple.lo'
BACKTRACE_SUPPORTED='1'
BACKTRACE_SUPPORTS_DATA='1'
BACKTRACE_SUPPORTS_THREADS='1'
BACKTRACE_USES_MALLOC='0'
CC='arm-kobo-linux-gnueabihf-gcc'
CET_HOST_FLAGS=''
CFLAGS='-g -O2    '
CLOCK_GETTIME_LINK='-lrt'
COMM='comm'
CPP='arm-kobo-linux-gnueabihf-gcc -E'
CPPFLAGS=''
CYGPATH_W='echo'
DEFS='-DHAVE_CONFIG_H'
DSYMUTIL='arm-linux-gnueabihf-dsymutil'
DUMPBIN=':'
DWZ=''
ECHO_C=''
ECHO_N='-n'
ECHO_T=''
EGREP='/sbin/grep -E'
EXEEXT=''
EXTRA_FLAGS='-funwind-tables -frandom-seed=$@'
FGREP='/sbin/grep -F'
FORMAT_FILE='elf.lo'
GREP='/sbin/grep'
HAVE_COMM_FALSE='#'
HAVE_COMM_TRUE=''
HAVE_COMPRESSED_DEBUG_FALSE='#'
HAVE_COMPRESSED_DEBUG_TRUE=''
HAVE_DWARF5_FALSE='#'
HAVE_DWARF5_TRUE=''
HAVE_DWZ_FALSE=''
HAVE_DWZ_TRUE='#'
HAVE_ELF_FALSE='#'
HAVE_ELF_TRUE=''
HAVE_LIBLZMA_FALSE='#'
HAVE_LIBLZMA_TRUE=''
HAVE_MINIDEBUG_FALSE='#'
HAVE_MINIDEBUG_TRUE=''
HAVE_OBJCOPY_DEBUGLINK_FALSE='#'
HAVE_OBJCOPY_DEBUGLINK_TRUE=''
HAVE_PTHREAD_FALSE='#'
HAVE_PTHREAD_TRUE=''
HAVE_XZ_FALSE='#'
HAVE_XZ_TRUE=''
HAVE_ZLIB_FALSE='#'
HAVE_ZLIB_TRUE=''
INSTALL_DATA='/bin/install -c -m 644'
INSTALL_PROGRAM='/bin/install -c'
INSTALL_SCRIPT='/bin/install -c'
INSTALL_STRIP_PROGRAM='$(install_sh) -c -s'
LD='arm-kobo-linux-gnueabihf-ld'
LDFLAGS=' '
LIBOBJS=''
LIBS=''
LIBTOOL='$(SHELL) $(top_builddir)/libtool'
LIPO=''
LN_S='ln -s'
LTLIBOBJS=''
MAINT='#'
MAINTAINER_MODE_FALSE=''
MAINTAINER_MODE_TRUE='#'
MAKEINFO='makeinfo --split-size=5000000'
MKDIR_P='/sbin/mkdir -p'
NATIVE_FALSE=''
NATIVE_TRUE='#'
NM='arm-linux-gnueabihf-nm'
NMEDIT=''
OBJCOPY='objcopy'
OBJDUMP='arm-linux-gnueabihf-objdump'
OBJEXT='o'
OTOOL64=''
OTOOL='arm-linux-gnueabihf-otool'
PACKAGE='libbacktrace'
PACKAGE_BUGREPORT=''
PACKAGE_NAME='package-unused'
PACKAGE_STRING='package-unused version-unused'
PACKAGE_TARNAME='libbacktrace'
PACKAGE_URL=''
PACKAGE_VERSION='version-unused'
PATH_SEPARATOR=':'
PIC_FLAG=''
PTHREAD_CFLAGS='-pthread'
RANLIB='arm-kobo-linux-gnueabihf-ranlib --plugin /mnt/HDD/Project/inkbox-build/inkbox/compiled-binaries/arm-kobo-linux-gnueabihf/bin/../libexec/gcc/arm-kobo-linux-gnueabihf/11.2.0/liblto_plugin.so --plugin /mnt/HDD/Project/inkbox-build/inkbox/compiled-binaries/arm-kobo-linux-gnueabihf/bin/../libexec/gcc/arm-kobo-linux-gnueabihf/11.2.0/liblto_plugin.so'
READELF='arm-linux-gnueabihf-readelf'
SED='/sbin/sed'
SET_MAKE=''
SHELL='/bin/sh'
STRIP='strip'
USE_DSYMUTIL_FALSE=''
USE_DSYMUTIL_TRUE='#'
VERSION='version-unused'
VIEW_FILE='mmapio.lo'
WARN_FLAGS='-W -Wall -Wwrite-strings -Wstrict-prototypes -Wmissing-prototypes -Wold-style-definition -Wmissing-format-attribute -Wcast-qual'
XZ='xz'
ac_ct_CC=''
ac_ct_DUMPBIN='link -dump'
am__EXEEXT_FALSE=''
am__EXEEXT_TRUE='#'
am__isrc=''
am__leading_dot='.'
am__tar='$${TAR-tar} chof - "$$tardir"'
am__untar='$${TAR-tar} xf -'
bindir='${exec_prefix}/bin'
build='x86_64-pc-linux-gnu'
build_alias='x86_64-pc-linux-gnu'
build_cpu='x86_64'
build_os='linux-gnu'
build_vendor='pc'
datadir='${datarootdir}'
datarootdir='${prefix}/share'
docdir='${datarootdir}/doc/${PACKAGE_TARNAME}'
dvidir='${docdir}'
exec_prefix='${prefix}'
host='arm-unknown-linux-gnueabihf'
host_alias='arm-linux-gnueabihf'
host_cpu='arm'
host_os='linux-gnueabihf'
host_vendor='unknown'
htmldir='${docdir}'
includedir='${prefix}/include'
infodir='${datarootdir}/info'
install_sh='${SHELL} /mnt/HDD/Project/Public/okulartry/binutils-gdb/install-sh'
libdir='${exec_prefix}/lib'
libexecdir='${exec_prefix}/libexec'
libtool_VERSION='1:0:0'
localedir='${datarootdir}/locale'
localstatedir='${prefix}/var'
mandir='${datarootdir}/man'
mkdir_p='$(MKDIR_P)'
multi_basedir=''
oldincludedir='/usr/include'
pdfdir='${docdir}'
prefix='/home/build/inkbox/compiled-binaries/arm-kobo-linux-gnueabihf/arm-kobo-linux-gnueabihf/sysroot'
program_transform_name='s,y,y,'
psdir='${docdir}'
sbindir='${exec_prefix}/sbin'
sharedstatedir='${prefix}/com'
sysconfdir='${prefix}/etc'
target='arm-unknown-linux-gnueabihf'
target_alias='arm-linux-gnueabihf'
target_cpu='arm'
target_os='linux-gnueabihf'
target_vendor='unknown'

## ----------- ##
## confdefs.h. ##
## ----------- ##

/* confdefs.h */
#define PACKAGE_NAME "package-unused"
#define PACKAGE_TARNAME "libbacktrace"
#define PACKAGE_VERSION "version-unused"
#define PACKAGE_STRING "package-unused version-unused"
#define PACKAGE_BUGREPORT ""
#define PACKAGE_URL ""
#define STDC_HEADERS 1
#define HAVE_SYS_TYPES_H 1
#define HAVE_SYS_STAT_H 1
#define HAVE_STDLIB_H 1
#define HAVE_STRING_H 1
#define HAVE_MEMORY_H 1
#define HAVE_STRINGS_H 1
#define HAVE_INTTYPES_H 1
#define HAVE_STDINT_H 1
#define HAVE_UNISTD_H 1
#define __EXTENSIONS__ 1
#define _ALL_SOURCE 1
#define _GNU_SOURCE 1
#define _POSIX_PTHREAD_SEMANTICS 1
#define _TANDEM_SOURCE 1
#define HAVE_DLFCN_H 1
#define LT_OBJDIR ".libs/"
#define _FILE_OFFSET_BITS 64
#define HAVE_GETIPINFO 1
#define HAVE_SYNC_FUNCTIONS 1
#define HAVE_ATOMIC_FUNCTIONS 1
#define BACKTRACE_ELF_SIZE 32
#define BACKTRACE_XCOFF_SIZE unused
#define HAVE_SYS_MMAN_H 1
#define HAVE_LINK_H 1
#define HAVE_DL_ITERATE_PHDR 1
#define HAVE_FCNTL 1
#define HAVE_DECL_STRNLEN 1
#define HAVE_DECL_GETPAGESIZE 1
#define HAVE_LSTAT 1
#define HAVE_READLINK 1
#define HAVE_CLOCK_GETTIME 1
#define HAVE_ZLIB 1
#define HAVE_LIBLZMA 1

configure: exit 0
