This file contains any messages produced by compilers while
running configure, to aid debugging if configure makes a mistake.

It was created by sim configure 0, which was
generated by GNU Autoconf 2.69.  Invocation command line was

  $ /mnt/HDD/Project/Public/okulartry/binutils-gdb/sim/configure --srcdir=.././sim --cache-file=./config.cache --with-gnu-as --with-gnu-ld --prefix=/home/build/inkbox/compiled-binaries/arm-kobo-linux-gnueabihf/arm-kobo-linux-gnueabihf/sysroot/ --with-build-sysroot=/home/build/inkbox/compiled-binaries/arm-kobo-linux-gnueabihf/arm-kobo-linux-gnueabihf/sysroot/ --program-transform-name=s,y,y, --disable-option-checking --disable-year2038 --build=x86_64-pc-linux-gnu --host=arm-linux-gnueabihf --target=arm-linux-gnueabihf

## --------- ##
## Platform. ##
## --------- ##

hostname = hyperbookszyb
uname -m = x86_64
uname -r = 6.1.28-1-lts
uname -s = Linux
uname -v = #1 SMP PREEMPT_DYNAMIC Thu, 11 May 2023 15:52:41 +0000

/usr/bin/uname -p = unknown
/bin/uname -X     = unknown

/bin/arch              = unknown
/usr/bin/arch -k       = unknown
/usr/convex/getsysinfo = unknown
/usr/bin/hostinfo      = unknown
/bin/machine           = unknown
/usr/bin/oslevel       = unknown
/bin/universe          = unknown

PATH: /home/szybet/kde/src/kdesrc-build
PATH: /home/szybet/.cargo/bin
PATH: /sbin
PATH: /bin
PATH: /usr/local/sbin
PATH: /usr/local/bin
PATH: /usr/bin
PATH: /usr/sbin
PATH: /home/szybet/.dotnet/tools
PATH: /usr/lib/jvm/default/bin
PATH: /usr/bin/site_perl
PATH: /usr/bin/vendor_perl
PATH: /usr/bin/core_perl
PATH: /usr/lib/rustup/bin
PATH: /home/build/inkbox/compiled-binaries/arm-kobo-linux-gnueabihf/bin/
PATH: /home/build/inkbox/compiled-binaries/qt-bin/qt-linux-5.15.2-kobo/bin/


## ----------- ##
## Core tests. ##
## ----------- ##

configure:2863: loading cache ./config.cache
configure:3127: checking build system type
configure:3141: result: x86_64-pc-linux-gnu
configure:3161: checking host system type
configure:3174: result: arm-unknown-linux-gnueabihf
configure:3194: checking target system type
configure:3207: result: arm-unknown-linux-gnueabihf
configure:3244: checking for arm-linux-gnueabihf-gcc
configure:3271: result: arm-kobo-linux-gnueabihf-gcc
configure:3540: checking for C compiler version
configure:3549: arm-kobo-linux-gnueabihf-gcc --version >&5
arm-kobo-linux-gnueabihf-gcc (crosstool-NG 1.24.0.519_3e2d99d - NiLuJe) 11.2.0
Copyright (C) 2021 Free Software Foundation, Inc.
This is free software; see the source for copying conditions.  There is NO
warranty; not even for MERCHANTABILITY or FITNESS FOR A PARTICULAR PURPOSE.

configure:3560: $? = 0
configure:3549: arm-kobo-linux-gnueabihf-gcc -v >&5
Using built-in specs.
COLLECT_GCC=arm-kobo-linux-gnueabihf-gcc
COLLECT_LTO_WRAPPER=/mnt/HDD/Project/inkbox-build/inkbox/compiled-binaries/arm-kobo-linux-gnueabihf/bin/../libexec/gcc/arm-kobo-linux-gnueabihf/11.2.0/lto-wrapper
Target: arm-kobo-linux-gnueabihf
Configured with: /home/nicolas/Development/kox/koxtoolchain/build/kobo/.build/arm-kobo-linux-gnueabihf/src/gcc/configure --build=x86_64-build_pc-linux-gnu --host=x86_64-build_pc-linux-gnu --target=arm-kobo-linux-gnueabihf --prefix=/home/nicolas/x-tools/arm-kobo-linux-gnueabihf --exec_prefix=/home/nicolas/x-tools/arm-kobo-linux-gnueabihf --with-sysroot=/home/nicolas/x-tools/arm-kobo-linux-gnueabihf/arm-kobo-linux-gnueabihf/sysroot --enable-languages=c,c++ --with-cpu=cortex-a8 --with-fpu=neon --with-float=hard --with-pkgversion='crosstool-NG 1.24.0.519_3e2d99d - NiLuJe' --enable-__cxa_atexit --disable-libmudflap --disable-libgomp --disable-libssp --disable-libquadmath --disable-libquadmath-support --disable-libsanitizer --disable-libmpx --with-gmp=/home/nicolas/Development/kox/koxtoolchain/build/kobo/.build/arm-kobo-linux-gnueabihf/buildtools --with-mpfr=/home/nicolas/Development/kox/koxtoolchain/build/kobo/.build/arm-kobo-linux-gnueabihf/buildtools --with-mpc=/home/nicolas/Development/kox/koxtoolchain/build/kobo/.build/arm-kobo-linux-gnueabihf/buildtools --with-isl=no --with-cloog=no --enable-lto --enable-threads=posix --with-linker-hash-style=gnu --enable-plugin --enable-gold --disable-nls --disable-multilib --with-diagnostics-color=always --with-local-prefix=/home/nicolas/x-tools/arm-kobo-linux-gnueabihf/arm-kobo-linux-gnueabihf/sysroot --enable-long-long --with-mode=thumb
Thread model: posix
Supported LTO compression algorithms: zlib zstd
gcc version 11.2.0 (crosstool-NG 1.24.0.519_3e2d99d - NiLuJe) 
configure:3560: $? = 0
configure:3549: arm-kobo-linux-gnueabihf-gcc -V >&5
[01m[Karm-kobo-linux-gnueabihf-gcc:[m[K [01;31m[Kerror: [m[Kunrecognized command-line option '[01m[K-V[m[K'
[01m[Karm-kobo-linux-gnueabihf-gcc:[m[K [01;31m[Kfatal error: [m[Kno input files
compilation terminated.
configure:3560: $? = 1
configure:3549: arm-kobo-linux-gnueabihf-gcc -qversion >&5
[01m[Karm-kobo-linux-gnueabihf-gcc:[m[K [01;31m[Kerror: [m[Kunrecognized command-line option '[01m[K-qversion[m[K'; did you mean '[01m[K--version[m[K'?
[01m[Karm-kobo-linux-gnueabihf-gcc:[m[K [01;31m[Kfatal error: [m[Kno input files
compilation terminated.
configure:3560: $? = 1
configure:3580: checking whether the C compiler works
configure:3602: arm-kobo-linux-gnueabihf-gcc -g -O2        conftest.c  >&5
configure:3606: $? = 0
configure:3654: result: yes
configure:3657: checking for C compiler default output file name
configure:3659: result: a.out
configure:3665: checking for suffix of executables
configure:3672: arm-kobo-linux-gnueabihf-gcc -o conftest -g -O2        conftest.c  >&5
configure:3676: $? = 0
configure:3698: result: 
configure:3720: checking whether we are cross compiling
configure:3758: result: yes
configure:3763: checking for suffix of object files
configure:3810: result: o
configure:3814: checking whether we are using the GNU C compiler
configure:3842: result: yes
configure:3851: checking whether arm-kobo-linux-gnueabihf-gcc accepts -g
configure:3912: result: yes
configure:3929: checking for arm-kobo-linux-gnueabihf-gcc option to accept ISO C89
configure:4005: result: none needed
configure:4030: checking whether arm-kobo-linux-gnueabihf-gcc understands -c and -o together
configure:4067: result: yes
configure:4090: checking how to run the C preprocessor
configure:4160: result: arm-kobo-linux-gnueabihf-gcc -E
configure:4180: arm-kobo-linux-gnueabihf-gcc -E  conftest.c
configure:4180: $? = 0
configure:4194: arm-kobo-linux-gnueabihf-gcc -E  conftest.c
[01m[Kconftest.c:11:10:[m[K [01;31m[Kfatal error: [m[Kac_nonexistent.h: No such file or directory
   11 | #include [01;31m[K<ac_nonexistent.h>[m[K
      |          [01;31m[K^~~~~~~~~~~~~~~~~~[m[K
compilation terminated.
configure:4194: $? = 1
configure: failed program was:
| /* confdefs.h */
| #define PACKAGE_NAME "sim"
| #define PACKAGE_TARNAME "sim"
| #define PACKAGE_VERSION "0"
| #define PACKAGE_STRING "sim 0"
| #define PACKAGE_BUGREPORT "https://sourceware.org/bugzilla/enter_bug.cgi?product=gdb&component=sim"
| #define PACKAGE_URL "https://sourceware.org/gdb/wiki/Sim/"
| #define PKGVERSION "(SIM) "
| #define REPORT_BUGS_TO "<https://sourceware.org/bugzilla/enter_bug.cgi?product=gdb&component=sim>"
| /* end confdefs.h.  */
| #include <ac_nonexistent.h>
configure:4223: checking for grep that handles long lines and -e
configure:4281: result: /sbin/grep
configure:4286: checking for egrep
configure:4348: result: /sbin/grep -E
configure:4353: checking for ANSI C header files
configure:4457: result: yes
configure:4470: checking for sys/types.h
configure:4470: result: yes
configure:4470: checking for sys/stat.h
configure:4470: result: yes
configure:4470: checking for stdlib.h
configure:4470: result: yes
configure:4470: checking for string.h
configure:4470: result: yes
configure:4470: checking for memory.h
configure:4470: result: yes
configure:4470: checking for strings.h
configure:4470: result: yes
configure:4470: checking for inttypes.h
configure:4470: result: yes
configure:4470: checking for stdint.h
configure:4470: result: yes
configure:4470: checking for unistd.h
configure:4470: result: yes
configure:4483: checking for minix/config.h
configure:4483: result: no
configure:4504: checking whether it is safe to define __EXTENSIONS__
configure:4529: result: yes
configure:4567: checking for a BSD-compatible install
configure:4635: result: /bin/install -c
configure:4650: checking whether byte ordering is bigendian
configure:4856: result: no
configure:4880: checking for arm-linux-gnueabihf-dtc
configure:4910: result: no
configure:4920: checking for dtc
configure:4950: result: no
configure:4996: checking for arm-linux-gnueabihf-ar
configure:5023: result: arm-kobo-linux-gnueabihf-ar --plugin /mnt/HDD/Project/inkbox-build/inkbox/compiled-binaries/arm-kobo-linux-gnueabihf/bin/../libexec/gcc/arm-kobo-linux-gnueabihf/11.2.0/liblto_plugin.so
configure:5088: checking for arm-linux-gnueabihf-ranlib
configure:5115: result: arm-kobo-linux-gnueabihf-ranlib --plugin /mnt/HDD/Project/inkbox-build/inkbox/compiled-binaries/arm-kobo-linux-gnueabihf/bin/../libexec/gcc/arm-kobo-linux-gnueabihf/11.2.0/liblto_plugin.so
configure:5188: checking for arm-linux-gnueabihf-pkg-config
configure:5221: result: no
configure:5231: checking for pkg-config
configure:5261: result: /sbin/pkg-config
configure:5273: WARNING: using cross tools not prefixed with host triplet
configure:5286: checking pkg-config is at least version 0.9.0
configure:5289: result: yes
configure:5303: checking whether C11 is supported by default
configure:5313: arm-kobo-linux-gnueabihf-gcc -c -g -O2      conftest.c >&5
configure:5313: $? = 0
configure:5314: result: yes
configure:5353: checking for dlfcn.h
configure:5353: result: yes
configure:5353: checking for fcntl.h
configure:5353: result: yes
configure:5353: checking for fpu_control.h
configure:5353: result: yes
configure:5353: checking for termios.h
configure:5353: result: yes
configure:5353: checking for unistd.h
configure:5353: result: yes
configure:5353: checking for utime.h
configure:5353: result: yes
configure:5353: checking for linux/if_tun.h
configure:5353: result: yes
configure:5353: checking for linux/mii.h
configure:5353: result: yes
configure:5353: checking for linux/types.h
configure:5353: result: yes
configure:5353: checking for net/if.h
configure:5353: result: yes
configure:5353: checking for netinet/in.h
configure:5353: result: yes
configure:5353: checking for netinet/tcp.h
configure:5353: result: yes
configure:5353: checking for sys/ioctl.h
configure:5353: result: yes
configure:5353: checking for sys/mman.h
configure:5353: result: yes
configure:5353: checking for sys/mount.h
configure:5353: result: yes
configure:5353: checking for sys/param.h
configure:5353: result: yes
configure:5353: checking for sys/resource.h
configure:5353: result: yes
configure:5353: checking for sys/socket.h
configure:5353: result: yes
configure:5353: checking for sys/stat.h
configure:5353: result: yes
configure:5353: checking for sys/statfs.h
configure:5353: result: yes
configure:5353: checking for sys/termio.h
configure:5353: result: no
configure:5353: checking for sys/termios.h
configure:5353: result: yes
configure:5353: checking for sys/types.h
configure:5353: result: yes
configure:5353: checking for sys/vfs.h
configure:5353: result: yes
configure:5418: checking for __setfpucw
configure:5418: result: no
configure:5418: checking for access
configure:5418: result: yes
configure:5418: checking for aint
configure:5418: result: no
configure:5418: checking for anint
configure:5418: result: no
configure:5418: checking for cfgetispeed
configure:5418: result: yes
configure:5418: checking for cfgetospeed
configure:5418: result: yes
configure:5418: checking for cfsetispeed
configure:5418: result: yes
configure:5418: checking for cfsetospeed
configure:5418: result: yes
configure:5418: checking for chdir
configure:5418: result: yes
configure:5418: checking for chmod
configure:5418: result: yes
configure:5418: checking for dup
configure:5418: result: yes
configure:5418: checking for dup2
configure:5418: result: yes
configure:5418: checking for execv
configure:5418: result: yes
configure:5418: checking for execve
configure:5418: result: yes
configure:5418: checking for fcntl
configure:5418: result: yes
configure:5418: checking for fork
configure:5418: result: yes
configure:5418: checking for fstat
configure:5418: result: yes
configure:5418: checking for fstatfs
configure:5418: result: yes
configure:5418: checking for ftruncate
configure:5418: result: yes
configure:5418: checking for getdirentries
configure:5418: result: yes
configure:5418: checking for getegid
configure:5418: result: yes
configure:5418: checking for geteuid
configure:5418: result: yes
configure:5418: checking for getgid
configure:5418: result: yes
configure:5418: checking for getpid
configure:5418: result: yes
configure:5418: checking for getppid
configure:5418: result: yes
configure:5418: checking for getrusage
configure:5418: result: yes
configure:5418: checking for gettimeofday
configure:5418: result: yes
configure:5418: checking for getuid
configure:5418: result: yes
configure:5418: checking for ioctl
configure:5418: result: yes
configure:5418: checking for kill
configure:5418: result: yes
configure:5418: checking for link
configure:5418: result: yes
configure:5418: checking for lseek
configure:5418: result: yes
configure:5418: checking for lstat
configure:5418: result: yes
configure:5418: checking for mkdir
configure:5418: result: yes
configure:5418: checking for mmap
configure:5418: result: yes
configure:5418: checking for munmap
configure:5418: result: yes
configure:5418: checking for pipe
configure:5418: result: yes
configure:5418: checking for posix_fallocate
configure:5418: result: yes
configure:5418: checking for pread
configure:5418: result: yes
configure:5418: checking for rmdir
configure:5418: result: yes
configure:5418: checking for setregid
configure:5418: result: yes
configure:5418: checking for setreuid
configure:5418: result: yes
configure:5418: checking for setgid
configure:5418: result: yes
configure:5418: checking for setuid
configure:5418: result: yes
configure:5418: checking for sigaction
configure:5418: result: yes
configure:5418: checking for sigprocmask
configure:5418: result: yes
configure:5418: checking for sqrt
configure:5418: result: no
configure:5418: checking for stat
configure:5418: result: yes
configure:5418: checking for strsignal
configure:5418: result: yes
configure:5418: checking for symlink
configure:5418: result: yes
configure:5418: checking for tcdrain
configure:5418: result: yes
configure:5418: checking for tcflow
configure:5418: result: yes
configure:5418: checking for tcflush
configure:5418: result: yes
configure:5418: checking for tcgetattr
configure:5418: result: yes
configure:5418: checking for tcgetpgrp
configure:5418: result: yes
configure:5418: checking for tcsendbreak
configure:5418: result: yes
configure:5418: checking for tcsetattr
configure:5418: result: yes
configure:5418: checking for tcsetpgrp
configure:5418: result: yes
configure:5418: checking for time
configure:5418: result: yes
configure:5418: checking for truncate
configure:5418: result: yes
configure:5418: checking for umask
configure:5418: result: yes
configure:5418: checking for unlink
configure:5418: result: yes
configure:5418: checking for utime
configure:5418: result: yes
configure:5553: checking whether struct tm is in sys/time.h or time.h
configure:5580: result: time.h
configure:5588: checking for uid_t in sys/types.h
configure:5607: result: yes
configure:5664: checking how to print strings
configure:5691: result: printf
configure:5712: checking for a sed that does not truncate output
configure:5776: result: /sbin/sed
configure:5794: checking for fgrep
configure:5856: result: /sbin/grep -F
configure:5891: checking for ld used by arm-kobo-linux-gnueabihf-gcc
configure:5958: result: arm-kobo-linux-gnueabihf-ld
configure:5965: checking if the linker (arm-kobo-linux-gnueabihf-ld) is GNU ld
configure:5980: result: yes
configure:5992: checking for BSD- or MS-compatible name lister (nm)
configure:6048: result: no
configure:6062: checking for arm-linux-gnueabihf-dumpbin
configure:6092: result: no
configure:6062: checking for arm-linux-gnueabihf-link
configure:6092: result: no
configure:6106: checking for dumpbin
configure:6133: result: link -dump
configure:6178: checking the name lister (arm-linux-gnueabihf-nm) interface
configure:6198: result: BSD nm
configure:6201: checking whether ln -s works
configure:6205: result: yes
configure:6213: checking the maximum length of command line arguments
configure:6338: result: 1572864
configure:6355: checking whether the shell understands some XSI constructs
configure:6365: result: yes
configure:6369: checking whether the shell understands "+="
configure:6375: result: yes
configure:6410: checking for arm-kobo-linux-gnueabihf-ld option to reload object files
configure:6417: result: -r
configure:6446: checking for arm-linux-gnueabihf-objdump
configure:6473: result: arm-linux-gnueabihf-objdump
configure:6545: checking how to recognize dependent libraries
configure:6746: result: pass_all
configure:6779: checking for arm-linux-gnueabihf-ar
configure:6806: result: arm-kobo-linux-gnueabihf-ar --plugin /mnt/HDD/Project/inkbox-build/inkbox/compiled-binaries/arm-kobo-linux-gnueabihf/bin/../libexec/gcc/arm-kobo-linux-gnueabihf/11.2.0/liblto_plugin.so
configure:6897: checking for arm-linux-gnueabihf-strip
configure:6924: result: strip
configure:6996: checking for arm-linux-gnueabihf-ranlib
configure:7023: result: arm-kobo-linux-gnueabihf-ranlib --plugin /mnt/HDD/Project/inkbox-build/inkbox/compiled-binaries/arm-kobo-linux-gnueabihf/bin/../libexec/gcc/arm-kobo-linux-gnueabihf/11.2.0/liblto_plugin.so
configure:7145: checking for gawk
configure:7172: result: gawk
configure:7212: checking command to parse arm-linux-gnueabihf-nm output from arm-kobo-linux-gnueabihf-gcc object
configure:7432: result: failed
configure:8283: checking for dlfcn.h
configure:8283: result: yes
configure:8298: checking for dirent.h that defines DIR
configure:8325: result: yes
configure:8338: checking for library containing opendir
configure:8386: result: none required
configure:8456: checking for struct stat.st_blksize
configure:8456: result: yes
configure:8469: checking for struct stat.st_blocks
configure:8469: result: yes
configure:8489: checking for struct stat.st_rdev
configure:8489: result: yes
configure:8502: checking for struct tm.tm_zone
configure:8502: result: yes
configure:8570: checking for struct stat.st_dev
configure:8570: result: yes
configure:8585: checking for struct stat.st_ino
configure:8585: result: yes
configure:8600: checking for struct stat.st_mode
configure:8600: result: yes
configure:8615: checking for struct stat.st_nlink
configure:8615: result: yes
configure:8630: checking for struct stat.st_uid
configure:8630: result: yes
configure:8645: checking for struct stat.st_gid
configure:8645: result: yes
configure:8660: checking for struct stat.st_rdev
configure:8660: result: yes
configure:8675: checking for struct stat.st_size
configure:8675: result: yes
configure:8690: checking for struct stat.st_blksize
configure:8690: result: yes
configure:8705: checking for struct stat.st_blocks
configure:8705: result: yes
configure:8720: checking for struct stat.st_atime
configure:8720: result: yes
configure:8735: checking for struct stat.st_mtime
configure:8735: result: yes
configure:8750: checking for struct stat.st_ctime
configure:8750: result: yes
configure:8767: checking for __int128
configure:8767: result: no
configure:8777: checking for socklen_t
configure:8777: result: yes
configure:8791: checking type of array argument to getgroups
configure:8850: result: gid_t
configure:8858: checking for mode_t
configure:8858: result: yes
configure:8869: checking for off_t
configure:8869: result: yes
configure:8880: checking for pid_t
configure:8880: result: yes
configure:8891: checking return type of signal handlers
configure:8916: result: void
configure:8924: checking for size_t
configure:8924: result: yes
configure:8935: checking for uid_t in sys/types.h
configure:8954: result: yes
configure:9142: checking for objdir
configure:9157: result: .libs
configure:9428: checking if arm-kobo-linux-gnueabihf-gcc supports -fno-rtti -fno-exceptions
configure:9463: result: no
configure:9483: checking for arm-kobo-linux-gnueabihf-gcc option to produce PIC
configure:9769: result: -fPIC -DPIC
configure:9781: checking if arm-kobo-linux-gnueabihf-gcc PIC flag -fPIC -DPIC works
configure:9816: result: yes
configure:9840: checking if arm-kobo-linux-gnueabihf-gcc static flag -static works
configure:9868: result: yes
configure:9883: checking if arm-kobo-linux-gnueabihf-gcc supports -c -o file.o
configure:9930: result: yes
configure:9938: checking if arm-kobo-linux-gnueabihf-gcc supports -c -o file.o
configure:9985: result: yes
configure:10018: checking whether the arm-kobo-linux-gnueabihf-gcc linker (arm-kobo-linux-gnueabihf-ld) supports shared libraries
configure:11089: result: yes
configure:11126: checking whether -lc should be explicitly linked in
configure:11169: result: no
configure:11334: checking dynamic linker characteristics
configure:11997: result: GNU/Linux ld.so
configure:12104: checking how to hardcode library paths into programs
configure:12129: result: immediate
configure:12669: checking whether stripping libraries is possible
configure:12674: result: yes
configure:12709: checking if libtool supports shared libraries
configure:12711: result: yes
configure:12714: checking whether to build shared libraries
configure:12735: result: yes
configure:12738: checking whether to build static libraries
configure:12742: result: yes
configure:12778: checking for library containing bind
configure:12826: result: none required
configure:12834: checking for library containing gethostbyname
configure:12882: result: none required
configure:12890: checking for library containing fabs
configure:12938: result: -lm
configure:12946: checking for library containing log2
configure:12994: result: none required
configure:13003: checking for library containing dlopen
configure:13051: result: -ldl
configure:13364: checking for cygwin
configure:13385: result: no
configure:13388: checking for library containing tgetent
configure:13436: result: no
configure:13504: checking whether to enable maintainer-specific portions of Makefiles
configure:13513: result: no
configure:13528: checking whether build environment is sane
configure:13583: result: yes
configure:13629: checking for arm-linux-gnueabihf-strip
configure:13656: result: strip
configure:13721: checking for a thread-safe mkdir -p
configure:13760: result: /sbin/mkdir -p
configure:13763: checking whether make sets $(MAKE)
configure:13785: result: yes
configure:13815: checking for style of include used by make
configure:13843: result: GNU
configure:13877: checking whether make supports nested variables
configure:13894: result: yes
configure:13979: checking dependency style of arm-kobo-linux-gnueabihf-gcc
configure:14090: result: gcc3
configure:14159: checking whether make supports nested variables
configure:14176: result: yes
configure:14261: checking where to find the target cc
configure:14271: result: pre-installed
configure:14303: checking where to find the target as
configure:14313: result: pre-installed
configure:14345: checking where to find the target ld
configure:14355: result: pre-installed
configure:15778: checking whether to force sim alignment
configure:15795: result: no
configure:15799: checking whether to enable sim asserts
configure:15815: result: 1
configure:15851: checking for sim debug setting
configure:15874: result: 0
configure:15877: checking whether to force sim endianness
configure:15894: result: no
configure:15898: checking default sim environment setting
configure:15916: result: ALL_ENVIRONMENT
configure:15919: checking for sim hardware settings
configure:15946: result: yes
configure:15953: checking sim inline settings
configure:15981: result: -DDEFAULT_INLINE=0
configure:15986: checking for sim profile settings
configure:16020: result: -1
configure:16023: checking whether to check reserved bits in instruction
configure:16035: result: yes
configure:16048: checking for sim cache size
configure:16066: result: 16384
configure:16069: checking for sim stdio debug behavior
configure:16085: result: 0
configure:16088: checking for sim trace settings
configure:16115: result: ~TRACE_debug
configure:16190: checking compiler warning flags
configure:16211: arm-kobo-linux-gnueabihf-gcc -c -g -O2     -Werror -Wall  conftest.c >&5
configure:16211: $? = 0
configure:16211: arm-kobo-linux-gnueabihf-gcc -c -g -O2     -Werror -Wdeclaration-after-statement  conftest.c >&5
configure:16211: $? = 0
configure:16211: arm-kobo-linux-gnueabihf-gcc -c -g -O2     -Werror -Wpointer-arith  conftest.c >&5
configure:16211: $? = 0
configure:16211: arm-kobo-linux-gnueabihf-gcc -c -g -O2     -Werror -Wno-unused  conftest.c >&5
configure:16211: $? = 0
configure:16211: arm-kobo-linux-gnueabihf-gcc -c -g -O2     -Werror -Wunused-value  conftest.c >&5
configure:16211: $? = 0
configure:16211: arm-kobo-linux-gnueabihf-gcc -c -g -O2     -Werror -Wunused-function  conftest.c >&5
configure:16211: $? = 0
configure:16211: arm-kobo-linux-gnueabihf-gcc -c -g -O2     -Werror -Wno-switch  conftest.c >&5
configure:16211: $? = 0
configure:16211: arm-kobo-linux-gnueabihf-gcc -c -g -O2     -Werror -Wno-char-subscripts  conftest.c >&5
configure:16211: $? = 0
configure:16211: arm-kobo-linux-gnueabihf-gcc -c -g -O2     -Werror -Wempty-body  conftest.c >&5
configure:16211: $? = 0
configure:16211: arm-kobo-linux-gnueabihf-gcc -c -g -O2     -Werror -Wunused-but-set-parameter  conftest.c >&5
configure:16211: $? = 0
configure:16211: arm-kobo-linux-gnueabihf-gcc -c -g -O2     -Werror -Wno-error=maybe-uninitialized  conftest.c >&5
configure:16211: $? = 0
configure:16211: arm-kobo-linux-gnueabihf-gcc -c -g -O2     -Werror -Wmissing-declarations  conftest.c >&5
configure:16211: $? = 0
configure:16211: arm-kobo-linux-gnueabihf-gcc -c -g -O2     -Werror -Wmissing-prototypes  conftest.c >&5
configure:16211: $? = 0
configure:16211: arm-kobo-linux-gnueabihf-gcc -c -g -O2     -Werror -Wdeclaration-after-statement  conftest.c >&5
configure:16211: $? = 0
configure:16211: arm-kobo-linux-gnueabihf-gcc -c -g -O2     -Werror -Wmissing-parameter-type  conftest.c >&5
configure:16211: $? = 0
configure:16211: arm-kobo-linux-gnueabihf-gcc -c -g -O2     -Werror -Wpointer-sign  conftest.c >&5
configure:16211: $? = 0
configure:16211: arm-kobo-linux-gnueabihf-gcc -c -g -O2     -Werror -Wold-style-declaration  conftest.c >&5
configure:16211: $? = 0
configure:16211: arm-kobo-linux-gnueabihf-gcc -c -g -O2     -Werror -Wold-style-definition  conftest.c >&5
[01m[Kconftest.c:[m[K In function '[01m[Kmain[m[K':
[01m[Kconftest.c:150:1:[m[K [01;31m[Kerror: [m[Kold-style function definition [[01;31m[K-Werror=old-style-definition[m[K]
  150 | [01;31m[Kmain[m[K ()
      | [01;31m[K^~~~[m[K
cc1: all warnings being treated as errors
configure:16211: $? = 1
configure: failed program was:
| /* confdefs.h */
| #define PACKAGE_NAME "sim"
| #define PACKAGE_TARNAME "sim"
| #define PACKAGE_VERSION "0"
| #define PACKAGE_STRING "sim 0"
| #define PACKAGE_BUGREPORT "https://sourceware.org/bugzilla/enter_bug.cgi?product=gdb&component=sim"
| #define PACKAGE_URL "https://sourceware.org/gdb/wiki/Sim/"
| #define PKGVERSION "(SIM) "
| #define REPORT_BUGS_TO "<https://sourceware.org/bugzilla/enter_bug.cgi?product=gdb&component=sim>"
| #define STDC_HEADERS 1
| #define HAVE_SYS_TYPES_H 1
| #define HAVE_SYS_STAT_H 1
| #define HAVE_STDLIB_H 1
| #define HAVE_STRING_H 1
| #define HAVE_MEMORY_H 1
| #define HAVE_STRINGS_H 1
| #define HAVE_INTTYPES_H 1
| #define HAVE_STDINT_H 1
| #define HAVE_UNISTD_H 1
| #define __EXTENSIONS__ 1
| #define _ALL_SOURCE 1
| #define _GNU_SOURCE 1
| #define _POSIX_PTHREAD_SEMANTICS 1
| #define _TANDEM_SOURCE 1
| #define HAVE_DLFCN_H 1
| #define HAVE_FCNTL_H 1
| #define HAVE_FPU_CONTROL_H 1
| #define HAVE_TERMIOS_H 1
| #define HAVE_UNISTD_H 1
| #define HAVE_UTIME_H 1
| #define HAVE_LINUX_IF_TUN_H 1
| #define HAVE_LINUX_MII_H 1
| #define HAVE_LINUX_TYPES_H 1
| #define HAVE_NET_IF_H 1
| #define HAVE_NETINET_IN_H 1
| #define HAVE_NETINET_TCP_H 1
| #define HAVE_SYS_IOCTL_H 1
| #define HAVE_SYS_MMAN_H 1
| #define HAVE_SYS_MOUNT_H 1
| #define HAVE_SYS_PARAM_H 1
| #define HAVE_SYS_RESOURCE_H 1
| #define HAVE_SYS_SOCKET_H 1
| #define HAVE_SYS_STAT_H 1
| #define HAVE_SYS_STATFS_H 1
| #define HAVE_SYS_TERMIOS_H 1
| #define HAVE_SYS_TYPES_H 1
| #define HAVE_SYS_VFS_H 1
| #define HAVE_ACCESS 1
| #define HAVE_CFGETISPEED 1
| #define HAVE_CFGETOSPEED 1
| #define HAVE_CFSETISPEED 1
| #define HAVE_CFSETOSPEED 1
| #define HAVE_CHDIR 1
| #define HAVE_CHMOD 1
| #define HAVE_DUP 1
| #define HAVE_DUP2 1
| #define HAVE_EXECV 1
| #define HAVE_EXECVE 1
| #define HAVE_FCNTL 1
| #define HAVE_FORK 1
| #define HAVE_FSTAT 1
| #define HAVE_FSTATFS 1
| #define HAVE_FTRUNCATE 1
| #define HAVE_GETDIRENTRIES 1
| #define HAVE_GETEGID 1
| #define HAVE_GETEUID 1
| #define HAVE_GETGID 1
| #define HAVE_GETPID 1
| #define HAVE_GETPPID 1
| #define HAVE_GETRUSAGE 1
| #define HAVE_GETTIMEOFDAY 1
| #define HAVE_GETUID 1
| #define HAVE_IOCTL 1
| #define HAVE_KILL 1
| #define HAVE_LINK 1
| #define HAVE_LSEEK 1
| #define HAVE_LSTAT 1
| #define HAVE_MKDIR 1
| #define HAVE_MMAP 1
| #define HAVE_MUNMAP 1
| #define HAVE_PIPE 1
| #define HAVE_POSIX_FALLOCATE 1
| #define HAVE_PREAD 1
| #define HAVE_RMDIR 1
| #define HAVE_SETREGID 1
| #define HAVE_SETREUID 1
| #define HAVE_SETGID 1
| #define HAVE_SETUID 1
| #define HAVE_SIGACTION 1
| #define HAVE_SIGPROCMASK 1
| #define HAVE_STAT 1
| #define HAVE_STRSIGNAL 1
| #define HAVE_SYMLINK 1
| #define HAVE_TCDRAIN 1
| #define HAVE_TCFLOW 1
| #define HAVE_TCFLUSH 1
| #define HAVE_TCGETATTR 1
| #define HAVE_TCGETPGRP 1
| #define HAVE_TCSENDBREAK 1
| #define HAVE_TCSETATTR 1
| #define HAVE_TCSETPGRP 1
| #define HAVE_TIME 1
| #define HAVE_TRUNCATE 1
| #define HAVE_UMASK 1
| #define HAVE_UNLINK 1
| #define HAVE_UTIME 1
| #define HAVE_DLFCN_H 1
| #define HAVE_DIRENT_H 1
| #define HAVE_STRUCT_STAT_ST_BLKSIZE 1
| #define HAVE_ST_BLKSIZE 1
| #define HAVE_STRUCT_STAT_ST_BLOCKS 1
| #define HAVE_ST_BLOCKS 1
| #define HAVE_STRUCT_STAT_ST_RDEV 1
| #define HAVE_ST_RDEV 1
| #define HAVE_STRUCT_TM_TM_ZONE 1
| #define HAVE_TM_ZONE 1
| #define HAVE_STRUCT_STAT_ST_DEV 1
| #define HAVE_STRUCT_STAT_ST_INO 1
| #define HAVE_STRUCT_STAT_ST_MODE 1
| #define HAVE_STRUCT_STAT_ST_NLINK 1
| #define HAVE_STRUCT_STAT_ST_UID 1
| #define HAVE_STRUCT_STAT_ST_GID 1
| #define HAVE_STRUCT_STAT_ST_RDEV 1
| #define HAVE_STRUCT_STAT_ST_SIZE 1
| #define HAVE_STRUCT_STAT_ST_BLKSIZE 1
| #define HAVE_STRUCT_STAT_ST_BLOCKS 1
| #define HAVE_STRUCT_STAT_ST_ATIME 1
| #define HAVE_STRUCT_STAT_ST_MTIME 1
| #define HAVE_STRUCT_STAT_ST_CTIME 1
| #define HAVE_SOCKLEN_T 1
| #define GETGROUPS_T gid_t
| #define RETSIGTYPE void
| #define LT_OBJDIR ".libs/"
| #define PACKAGE "sim"
| #define VERSION "0"
| #define WITH_ALIGNMENT 0
| #define WITH_ASSERT 1
| #define WITH_DEBUG 0
| #define WITH_TARGET_BYTE_ORDER BFD_ENDIAN_UNKNOWN
| #define WITH_ENVIRONMENT ALL_ENVIRONMENT
| #define PROFILE 1
| #define WITH_PROFILE -1
| #define WITH_RESERVED_BITS 1
| #define WITH_SCACHE 16384
| #define WITH_STDIO 0
| #define WITH_TRACE ~TRACE_debug
| /* end confdefs.h.  */
| 
| int
| main ()
| {
| 
|   ;
|   return 0;
| }
configure:16211: arm-kobo-linux-gnueabihf-gcc -c -g -O2     -Werror -Wformat-nonliteral  conftest.c >&5
[01m[Kcc1:[m[K [01;31m[Kerror: [m[K'[01m[K-Wformat-nonliteral[m[K' ignored without '[01m[K-Wformat[m[K' [[01;31m[K-Werror=format-nonliteral[m[K]
cc1: all warnings being treated as errors
configure:16211: $? = 1
configure: failed program was:
| /* confdefs.h */
| #define PACKAGE_NAME "sim"
| #define PACKAGE_TARNAME "sim"
| #define PACKAGE_VERSION "0"
| #define PACKAGE_STRING "sim 0"
| #define PACKAGE_BUGREPORT "https://sourceware.org/bugzilla/enter_bug.cgi?product=gdb&component=sim"
| #define PACKAGE_URL "https://sourceware.org/gdb/wiki/Sim/"
| #define PKGVERSION "(SIM) "
| #define REPORT_BUGS_TO "<https://sourceware.org/bugzilla/enter_bug.cgi?product=gdb&component=sim>"
| #define STDC_HEADERS 1
| #define HAVE_SYS_TYPES_H 1
| #define HAVE_SYS_STAT_H 1
| #define HAVE_STDLIB_H 1
| #define HAVE_STRING_H 1
| #define HAVE_MEMORY_H 1
| #define HAVE_STRINGS_H 1
| #define HAVE_INTTYPES_H 1
| #define HAVE_STDINT_H 1
| #define HAVE_UNISTD_H 1
| #define __EXTENSIONS__ 1
| #define _ALL_SOURCE 1
| #define _GNU_SOURCE 1
| #define _POSIX_PTHREAD_SEMANTICS 1
| #define _TANDEM_SOURCE 1
| #define HAVE_DLFCN_H 1
| #define HAVE_FCNTL_H 1
| #define HAVE_FPU_CONTROL_H 1
| #define HAVE_TERMIOS_H 1
| #define HAVE_UNISTD_H 1
| #define HAVE_UTIME_H 1
| #define HAVE_LINUX_IF_TUN_H 1
| #define HAVE_LINUX_MII_H 1
| #define HAVE_LINUX_TYPES_H 1
| #define HAVE_NET_IF_H 1
| #define HAVE_NETINET_IN_H 1
| #define HAVE_NETINET_TCP_H 1
| #define HAVE_SYS_IOCTL_H 1
| #define HAVE_SYS_MMAN_H 1
| #define HAVE_SYS_MOUNT_H 1
| #define HAVE_SYS_PARAM_H 1
| #define HAVE_SYS_RESOURCE_H 1
| #define HAVE_SYS_SOCKET_H 1
| #define HAVE_SYS_STAT_H 1
| #define HAVE_SYS_STATFS_H 1
| #define HAVE_SYS_TERMIOS_H 1
| #define HAVE_SYS_TYPES_H 1
| #define HAVE_SYS_VFS_H 1
| #define HAVE_ACCESS 1
| #define HAVE_CFGETISPEED 1
| #define HAVE_CFGETOSPEED 1
| #define HAVE_CFSETISPEED 1
| #define HAVE_CFSETOSPEED 1
| #define HAVE_CHDIR 1
| #define HAVE_CHMOD 1
| #define HAVE_DUP 1
| #define HAVE_DUP2 1
| #define HAVE_EXECV 1
| #define HAVE_EXECVE 1
| #define HAVE_FCNTL 1
| #define HAVE_FORK 1
| #define HAVE_FSTAT 1
| #define HAVE_FSTATFS 1
| #define HAVE_FTRUNCATE 1
| #define HAVE_GETDIRENTRIES 1
| #define HAVE_GETEGID 1
| #define HAVE_GETEUID 1
| #define HAVE_GETGID 1
| #define HAVE_GETPID 1
| #define HAVE_GETPPID 1
| #define HAVE_GETRUSAGE 1
| #define HAVE_GETTIMEOFDAY 1
| #define HAVE_GETUID 1
| #define HAVE_IOCTL 1
| #define HAVE_KILL 1
| #define HAVE_LINK 1
| #define HAVE_LSEEK 1
| #define HAVE_LSTAT 1
| #define HAVE_MKDIR 1
| #define HAVE_MMAP 1
| #define HAVE_MUNMAP 1
| #define HAVE_PIPE 1
| #define HAVE_POSIX_FALLOCATE 1
| #define HAVE_PREAD 1
| #define HAVE_RMDIR 1
| #define HAVE_SETREGID 1
| #define HAVE_SETREUID 1
| #define HAVE_SETGID 1
| #define HAVE_SETUID 1
| #define HAVE_SIGACTION 1
| #define HAVE_SIGPROCMASK 1
| #define HAVE_STAT 1
| #define HAVE_STRSIGNAL 1
| #define HAVE_SYMLINK 1
| #define HAVE_TCDRAIN 1
| #define HAVE_TCFLOW 1
| #define HAVE_TCFLUSH 1
| #define HAVE_TCGETATTR 1
| #define HAVE_TCGETPGRP 1
| #define HAVE_TCSENDBREAK 1
| #define HAVE_TCSETATTR 1
| #define HAVE_TCSETPGRP 1
| #define HAVE_TIME 1
| #define HAVE_TRUNCATE 1
| #define HAVE_UMASK 1
| #define HAVE_UNLINK 1
| #define HAVE_UTIME 1
| #define HAVE_DLFCN_H 1
| #define HAVE_DIRENT_H 1
| #define HAVE_STRUCT_STAT_ST_BLKSIZE 1
| #define HAVE_ST_BLKSIZE 1
| #define HAVE_STRUCT_STAT_ST_BLOCKS 1
| #define HAVE_ST_BLOCKS 1
| #define HAVE_STRUCT_STAT_ST_RDEV 1
| #define HAVE_ST_RDEV 1
| #define HAVE_STRUCT_TM_TM_ZONE 1
| #define HAVE_TM_ZONE 1
| #define HAVE_STRUCT_STAT_ST_DEV 1
| #define HAVE_STRUCT_STAT_ST_INO 1
| #define HAVE_STRUCT_STAT_ST_MODE 1
| #define HAVE_STRUCT_STAT_ST_NLINK 1
| #define HAVE_STRUCT_STAT_ST_UID 1
| #define HAVE_STRUCT_STAT_ST_GID 1
| #define HAVE_STRUCT_STAT_ST_RDEV 1
| #define HAVE_STRUCT_STAT_ST_SIZE 1
| #define HAVE_STRUCT_STAT_ST_BLKSIZE 1
| #define HAVE_STRUCT_STAT_ST_BLOCKS 1
| #define HAVE_STRUCT_STAT_ST_ATIME 1
| #define HAVE_STRUCT_STAT_ST_MTIME 1
| #define HAVE_STRUCT_STAT_ST_CTIME 1
| #define HAVE_SOCKLEN_T 1
| #define GETGROUPS_T gid_t
| #define RETSIGTYPE void
| #define LT_OBJDIR ".libs/"
| #define PACKAGE "sim"
| #define VERSION "0"
| #define WITH_ALIGNMENT 0
| #define WITH_ASSERT 1
| #define WITH_DEBUG 0
| #define WITH_TARGET_BYTE_ORDER BFD_ENDIAN_UNKNOWN
| #define WITH_ENVIRONMENT ALL_ENVIRONMENT
| #define PROFILE 1
| #define WITH_PROFILE -1
| #define WITH_RESERVED_BITS 1
| #define WITH_SCACHE 16384
| #define WITH_STDIO 0
| #define WITH_TRACE ~TRACE_debug
| /* end confdefs.h.  */
| 
| int
| main ()
| {
| 
|   ;
|   return 0;
| }
configure:16218: result:  -Wall -Wdeclaration-after-statement -Wpointer-arith -Wno-unused -Wunused-value -Wunused-function -Wno-switch -Wno-char-subscripts -Wempty-body -Wunused-but-set-parameter -Wno-error=maybe-uninitialized -Wmissing-declarations -Wmissing-prototypes -Wdeclaration-after-statement -Wmissing-parameter-type -Wpointer-sign -Wold-style-declaration -Werror
configure:16223: checking for a known getopt prototype in unistd.h
configure:16247: result: yes
configure:16258: checking whether sim frv should dump cpu state on unknown traps
configure:16274: result: no
configure:16279: checking riscv bitsize
configure:16288: result: 64
configure:16292: checking whether sim rx should be cycle accurate
configure:16304: result: yes
configure:16424: checking that generated files are newer than configure
configure:16430: result: done
configure:16593: creating ./config.status

## ---------------------- ##
## Running config.status. ##
## ---------------------- ##

This file was extended by sim config.status 0, which was
generated by GNU Autoconf 2.69.  Invocation command line was

  CONFIG_FILES    = 
  CONFIG_HEADERS  = 
  CONFIG_LINKS    = 
  CONFIG_COMMANDS = 
  $ ./config.status 

on hyperbookszyb

config.status:1584: creating Make-common.sim
config.status:1584: creating arm/Makefile.sim
config.status:1584: creating arm/.gdbinit
config.status:1584: creating arch-subdir.mk
config.status:1584: creating Makefile
config.status:1584: creating .gdbinit
config.status:1584: creating config.h
config.status:1765: config.h is unchanged
config.status:1813: executing libtool commands
config.status:1813: executing depfiles commands
config.status:1813: executing arm/Makefile commands
config.status:1813: executing depdir-arm commands

## ---------------- ##
## Cache variables. ##
## ---------------- ##

ac_cv_build=x86_64-pc-linux-gnu
ac_cv_c_bigendian=no
ac_cv_c_compiler_gnu=yes
ac_cv_env_AS_FOR_TARGET_AARCH64_set=
ac_cv_env_AS_FOR_TARGET_AARCH64_value=
ac_cv_env_AS_FOR_TARGET_ARM_set=
ac_cv_env_AS_FOR_TARGET_ARM_value=
ac_cv_env_AS_FOR_TARGET_AVR_set=
ac_cv_env_AS_FOR_TARGET_AVR_value=
ac_cv_env_AS_FOR_TARGET_BFIN_set=
ac_cv_env_AS_FOR_TARGET_BFIN_value=
ac_cv_env_AS_FOR_TARGET_BPF_set=
ac_cv_env_AS_FOR_TARGET_BPF_value=
ac_cv_env_AS_FOR_TARGET_CR16_set=
ac_cv_env_AS_FOR_TARGET_CR16_value=
ac_cv_env_AS_FOR_TARGET_CRIS_set=
ac_cv_env_AS_FOR_TARGET_CRIS_value=
ac_cv_env_AS_FOR_TARGET_D10V_set=
ac_cv_env_AS_FOR_TARGET_D10V_value=
ac_cv_env_AS_FOR_TARGET_ERC32_set=
ac_cv_env_AS_FOR_TARGET_ERC32_value=
ac_cv_env_AS_FOR_TARGET_EXAMPLE_SYNACOR_set=
ac_cv_env_AS_FOR_TARGET_EXAMPLE_SYNACOR_value=
ac_cv_env_AS_FOR_TARGET_FRV_set=
ac_cv_env_AS_FOR_TARGET_FRV_value=
ac_cv_env_AS_FOR_TARGET_FT32_set=
ac_cv_env_AS_FOR_TARGET_FT32_value=
ac_cv_env_AS_FOR_TARGET_H8300_set=
ac_cv_env_AS_FOR_TARGET_H8300_value=
ac_cv_env_AS_FOR_TARGET_IQ2000_set=
ac_cv_env_AS_FOR_TARGET_IQ2000_value=
ac_cv_env_AS_FOR_TARGET_LM32_set=
ac_cv_env_AS_FOR_TARGET_LM32_value=
ac_cv_env_AS_FOR_TARGET_M32C_set=
ac_cv_env_AS_FOR_TARGET_M32C_value=
ac_cv_env_AS_FOR_TARGET_M32R_set=
ac_cv_env_AS_FOR_TARGET_M32R_value=
ac_cv_env_AS_FOR_TARGET_M68HC11_set=
ac_cv_env_AS_FOR_TARGET_M68HC11_value=
ac_cv_env_AS_FOR_TARGET_MCORE_set=
ac_cv_env_AS_FOR_TARGET_MCORE_value=
ac_cv_env_AS_FOR_TARGET_MICROBLAZE_set=
ac_cv_env_AS_FOR_TARGET_MICROBLAZE_value=
ac_cv_env_AS_FOR_TARGET_MIPS_set=
ac_cv_env_AS_FOR_TARGET_MIPS_value=
ac_cv_env_AS_FOR_TARGET_MN10300_set=
ac_cv_env_AS_FOR_TARGET_MN10300_value=
ac_cv_env_AS_FOR_TARGET_MOXIE_set=
ac_cv_env_AS_FOR_TARGET_MOXIE_value=
ac_cv_env_AS_FOR_TARGET_MSP430_set=
ac_cv_env_AS_FOR_TARGET_MSP430_value=
ac_cv_env_AS_FOR_TARGET_OR1K_set=
ac_cv_env_AS_FOR_TARGET_OR1K_value=
ac_cv_env_AS_FOR_TARGET_PPC_set=
ac_cv_env_AS_FOR_TARGET_PPC_value=
ac_cv_env_AS_FOR_TARGET_PRU_set=
ac_cv_env_AS_FOR_TARGET_PRU_value=
ac_cv_env_AS_FOR_TARGET_RISCV_set=
ac_cv_env_AS_FOR_TARGET_RISCV_value=
ac_cv_env_AS_FOR_TARGET_RL78_set=
ac_cv_env_AS_FOR_TARGET_RL78_value=
ac_cv_env_AS_FOR_TARGET_RX_set=
ac_cv_env_AS_FOR_TARGET_RX_value=
ac_cv_env_AS_FOR_TARGET_SH_set=
ac_cv_env_AS_FOR_TARGET_SH_value=
ac_cv_env_AS_FOR_TARGET_V850_set=
ac_cv_env_AS_FOR_TARGET_V850_value=
ac_cv_env_CC_FOR_TARGET_AARCH64_set=
ac_cv_env_CC_FOR_TARGET_AARCH64_value=
ac_cv_env_CC_FOR_TARGET_ARM_set=
ac_cv_env_CC_FOR_TARGET_ARM_value=
ac_cv_env_CC_FOR_TARGET_AVR_set=
ac_cv_env_CC_FOR_TARGET_AVR_value=
ac_cv_env_CC_FOR_TARGET_BFIN_set=
ac_cv_env_CC_FOR_TARGET_BFIN_value=
ac_cv_env_CC_FOR_TARGET_BPF_set=
ac_cv_env_CC_FOR_TARGET_BPF_value=
ac_cv_env_CC_FOR_TARGET_CR16_set=
ac_cv_env_CC_FOR_TARGET_CR16_value=
ac_cv_env_CC_FOR_TARGET_CRIS_set=
ac_cv_env_CC_FOR_TARGET_CRIS_value=
ac_cv_env_CC_FOR_TARGET_D10V_set=
ac_cv_env_CC_FOR_TARGET_D10V_value=
ac_cv_env_CC_FOR_TARGET_ERC32_set=
ac_cv_env_CC_FOR_TARGET_ERC32_value=
ac_cv_env_CC_FOR_TARGET_EXAMPLE_SYNACOR_set=
ac_cv_env_CC_FOR_TARGET_EXAMPLE_SYNACOR_value=
ac_cv_env_CC_FOR_TARGET_FRV_set=
ac_cv_env_CC_FOR_TARGET_FRV_value=
ac_cv_env_CC_FOR_TARGET_FT32_set=
ac_cv_env_CC_FOR_TARGET_FT32_value=
ac_cv_env_CC_FOR_TARGET_H8300_set=
ac_cv_env_CC_FOR_TARGET_H8300_value=
ac_cv_env_CC_FOR_TARGET_IQ2000_set=
ac_cv_env_CC_FOR_TARGET_IQ2000_value=
ac_cv_env_CC_FOR_TARGET_LM32_set=
ac_cv_env_CC_FOR_TARGET_LM32_value=
ac_cv_env_CC_FOR_TARGET_M32C_set=
ac_cv_env_CC_FOR_TARGET_M32C_value=
ac_cv_env_CC_FOR_TARGET_M32R_set=
ac_cv_env_CC_FOR_TARGET_M32R_value=
ac_cv_env_CC_FOR_TARGET_M68HC11_set=
ac_cv_env_CC_FOR_TARGET_M68HC11_value=
ac_cv_env_CC_FOR_TARGET_MCORE_set=
ac_cv_env_CC_FOR_TARGET_MCORE_value=
ac_cv_env_CC_FOR_TARGET_MICROBLAZE_set=
ac_cv_env_CC_FOR_TARGET_MICROBLAZE_value=
ac_cv_env_CC_FOR_TARGET_MIPS_set=
ac_cv_env_CC_FOR_TARGET_MIPS_value=
ac_cv_env_CC_FOR_TARGET_MN10300_set=
ac_cv_env_CC_FOR_TARGET_MN10300_value=
ac_cv_env_CC_FOR_TARGET_MOXIE_set=
ac_cv_env_CC_FOR_TARGET_MOXIE_value=
ac_cv_env_CC_FOR_TARGET_MSP430_set=
ac_cv_env_CC_FOR_TARGET_MSP430_value=
ac_cv_env_CC_FOR_TARGET_OR1K_set=
ac_cv_env_CC_FOR_TARGET_OR1K_value=
ac_cv_env_CC_FOR_TARGET_PPC_set=
ac_cv_env_CC_FOR_TARGET_PPC_value=
ac_cv_env_CC_FOR_TARGET_PRU_set=
ac_cv_env_CC_FOR_TARGET_PRU_value=
ac_cv_env_CC_FOR_TARGET_RISCV_set=
ac_cv_env_CC_FOR_TARGET_RISCV_value=
ac_cv_env_CC_FOR_TARGET_RL78_set=
ac_cv_env_CC_FOR_TARGET_RL78_value=
ac_cv_env_CC_FOR_TARGET_RX_set=
ac_cv_env_CC_FOR_TARGET_RX_value=
ac_cv_env_CC_FOR_TARGET_SH_set=
ac_cv_env_CC_FOR_TARGET_SH_value=
ac_cv_env_CC_FOR_TARGET_V850_set=
ac_cv_env_CC_FOR_TARGET_V850_value=
ac_cv_env_CC_set=set
ac_cv_env_CC_value=arm-kobo-linux-gnueabihf-gcc
ac_cv_env_CFLAGS_set=set
ac_cv_env_CFLAGS_value='-g -O2    '
ac_cv_env_CPPFLAGS_set=
ac_cv_env_CPPFLAGS_value=
ac_cv_env_CPP_set=
ac_cv_env_CPP_value=
ac_cv_env_LDFLAGS_set=set
ac_cv_env_LDFLAGS_value=' '
ac_cv_env_LD_FOR_TARGET_AARCH64_set=
ac_cv_env_LD_FOR_TARGET_AARCH64_value=
ac_cv_env_LD_FOR_TARGET_ARM_set=
ac_cv_env_LD_FOR_TARGET_ARM_value=
ac_cv_env_LD_FOR_TARGET_AVR_set=
ac_cv_env_LD_FOR_TARGET_AVR_value=
ac_cv_env_LD_FOR_TARGET_BFIN_set=
ac_cv_env_LD_FOR_TARGET_BFIN_value=
ac_cv_env_LD_FOR_TARGET_BPF_set=
ac_cv_env_LD_FOR_TARGET_BPF_value=
ac_cv_env_LD_FOR_TARGET_CR16_set=
ac_cv_env_LD_FOR_TARGET_CR16_value=
ac_cv_env_LD_FOR_TARGET_CRIS_set=
ac_cv_env_LD_FOR_TARGET_CRIS_value=
ac_cv_env_LD_FOR_TARGET_D10V_set=
ac_cv_env_LD_FOR_TARGET_D10V_value=
ac_cv_env_LD_FOR_TARGET_ERC32_set=
ac_cv_env_LD_FOR_TARGET_ERC32_value=
ac_cv_env_LD_FOR_TARGET_EXAMPLE_SYNACOR_set=
ac_cv_env_LD_FOR_TARGET_EXAMPLE_SYNACOR_value=
ac_cv_env_LD_FOR_TARGET_FRV_set=
ac_cv_env_LD_FOR_TARGET_FRV_value=
ac_cv_env_LD_FOR_TARGET_FT32_set=
ac_cv_env_LD_FOR_TARGET_FT32_value=
ac_cv_env_LD_FOR_TARGET_H8300_set=
ac_cv_env_LD_FOR_TARGET_H8300_value=
ac_cv_env_LD_FOR_TARGET_IQ2000_set=
ac_cv_env_LD_FOR_TARGET_IQ2000_value=
ac_cv_env_LD_FOR_TARGET_LM32_set=
ac_cv_env_LD_FOR_TARGET_LM32_value=
ac_cv_env_LD_FOR_TARGET_M32C_set=
ac_cv_env_LD_FOR_TARGET_M32C_value=
ac_cv_env_LD_FOR_TARGET_M32R_set=
ac_cv_env_LD_FOR_TARGET_M32R_value=
ac_cv_env_LD_FOR_TARGET_M68HC11_set=
ac_cv_env_LD_FOR_TARGET_M68HC11_value=
ac_cv_env_LD_FOR_TARGET_MCORE_set=
ac_cv_env_LD_FOR_TARGET_MCORE_value=
ac_cv_env_LD_FOR_TARGET_MICROBLAZE_set=
ac_cv_env_LD_FOR_TARGET_MICROBLAZE_value=
ac_cv_env_LD_FOR_TARGET_MIPS_set=
ac_cv_env_LD_FOR_TARGET_MIPS_value=
ac_cv_env_LD_FOR_TARGET_MN10300_set=
ac_cv_env_LD_FOR_TARGET_MN10300_value=
ac_cv_env_LD_FOR_TARGET_MOXIE_set=
ac_cv_env_LD_FOR_TARGET_MOXIE_value=
ac_cv_env_LD_FOR_TARGET_MSP430_set=
ac_cv_env_LD_FOR_TARGET_MSP430_value=
ac_cv_env_LD_FOR_TARGET_OR1K_set=
ac_cv_env_LD_FOR_TARGET_OR1K_value=
ac_cv_env_LD_FOR_TARGET_PPC_set=
ac_cv_env_LD_FOR_TARGET_PPC_value=
ac_cv_env_LD_FOR_TARGET_PRU_set=
ac_cv_env_LD_FOR_TARGET_PRU_value=
ac_cv_env_LD_FOR_TARGET_RISCV_set=
ac_cv_env_LD_FOR_TARGET_RISCV_value=
ac_cv_env_LD_FOR_TARGET_RL78_set=
ac_cv_env_LD_FOR_TARGET_RL78_value=
ac_cv_env_LD_FOR_TARGET_RX_set=
ac_cv_env_LD_FOR_TARGET_RX_value=
ac_cv_env_LD_FOR_TARGET_SH_set=
ac_cv_env_LD_FOR_TARGET_SH_value=
ac_cv_env_LD_FOR_TARGET_V850_set=
ac_cv_env_LD_FOR_TARGET_V850_value=
ac_cv_env_LIBS_set=
ac_cv_env_LIBS_value=
ac_cv_env_PKG_CONFIG_LIBDIR_set=
ac_cv_env_PKG_CONFIG_LIBDIR_value=
ac_cv_env_PKG_CONFIG_PATH_set=set
ac_cv_env_PKG_CONFIG_PATH_value=
ac_cv_env_PKG_CONFIG_set=
ac_cv_env_PKG_CONFIG_value=
ac_cv_env_SDL_CFLAGS_set=
ac_cv_env_SDL_CFLAGS_value=
ac_cv_env_SDL_LIBS_set=
ac_cv_env_SDL_LIBS_value=
ac_cv_env_build_alias_set=set
ac_cv_env_build_alias_value=x86_64-pc-linux-gnu
ac_cv_env_host_alias_set=set
ac_cv_env_host_alias_value=arm-linux-gnueabihf
ac_cv_env_target_alias_set=set
ac_cv_env_target_alias_value=arm-linux-gnueabihf
ac_cv_func___setfpucw=no
ac_cv_func_access=yes
ac_cv_func_aint=no
ac_cv_func_anint=no
ac_cv_func_cfgetispeed=yes
ac_cv_func_cfgetospeed=yes
ac_cv_func_cfsetispeed=yes
ac_cv_func_cfsetospeed=yes
ac_cv_func_chdir=yes
ac_cv_func_chmod=yes
ac_cv_func_dup2=yes
ac_cv_func_dup=yes
ac_cv_func_execv=yes
ac_cv_func_execve=yes
ac_cv_func_fcntl=yes
ac_cv_func_fork=yes
ac_cv_func_fstat=yes
ac_cv_func_fstatfs=yes
ac_cv_func_ftruncate=yes
ac_cv_func_getdirentries=yes
ac_cv_func_getegid=yes
ac_cv_func_geteuid=yes
ac_cv_func_getgid=yes
ac_cv_func_getpid=yes
ac_cv_func_getppid=yes
ac_cv_func_getrusage=yes
ac_cv_func_gettimeofday=yes
ac_cv_func_getuid=yes
ac_cv_func_ioctl=yes
ac_cv_func_kill=yes
ac_cv_func_link=yes
ac_cv_func_lseek=yes
ac_cv_func_lstat=yes
ac_cv_func_mkdir=yes
ac_cv_func_mmap=yes
ac_cv_func_munmap=yes
ac_cv_func_pipe=yes
ac_cv_func_posix_fallocate=yes
ac_cv_func_pread=yes
ac_cv_func_rmdir=yes
ac_cv_func_setgid=yes
ac_cv_func_setregid=yes
ac_cv_func_setreuid=yes
ac_cv_func_setuid=yes
ac_cv_func_sigaction=yes
ac_cv_func_sigprocmask=yes
ac_cv_func_sqrt=no
ac_cv_func_stat=yes
ac_cv_func_strsignal=yes
ac_cv_func_symlink=yes
ac_cv_func_tcdrain=yes
ac_cv_func_tcflow=yes
ac_cv_func_tcflush=yes
ac_cv_func_tcgetattr=yes
ac_cv_func_tcgetpgrp=yes
ac_cv_func_tcsendbreak=yes
ac_cv_func_tcsetattr=yes
ac_cv_func_tcsetpgrp=yes
ac_cv_func_time=yes
ac_cv_func_truncate=yes
ac_cv_func_umask=yes
ac_cv_func_unlink=yes
ac_cv_func_utime=yes
ac_cv_header_dirent_dirent_h=yes
ac_cv_header_dlfcn_h=yes
ac_cv_header_fcntl_h=yes
ac_cv_header_fpu_control_h=yes
ac_cv_header_inttypes_h=yes
ac_cv_header_linux_if_tun_h=yes
ac_cv_header_linux_mii_h=yes
ac_cv_header_linux_types_h=yes
ac_cv_header_memory_h=yes
ac_cv_header_minix_config_h=no
ac_cv_header_net_if_h=yes
ac_cv_header_netinet_in_h=yes
ac_cv_header_netinet_tcp_h=yes
ac_cv_header_stdc=yes
ac_cv_header_stdint_h=yes
ac_cv_header_stdlib_h=yes
ac_cv_header_string_h=yes
ac_cv_header_strings_h=yes
ac_cv_header_sys_ioctl_h=yes
ac_cv_header_sys_mman_h=yes
ac_cv_header_sys_mount_h=yes
ac_cv_header_sys_param_h=yes
ac_cv_header_sys_resource_h=yes
ac_cv_header_sys_socket_h=yes
ac_cv_header_sys_stat_h=yes
ac_cv_header_sys_statfs_h=yes
ac_cv_header_sys_termio_h=no
ac_cv_header_sys_termios_h=yes
ac_cv_header_sys_types_h=yes
ac_cv_header_sys_vfs_h=yes
ac_cv_header_termios_h=yes
ac_cv_header_unistd_h=yes
ac_cv_header_utime_h=yes
ac_cv_host=arm-unknown-linux-gnueabihf
ac_cv_member_struct_stat_st_atime=yes
ac_cv_member_struct_stat_st_blksize=yes
ac_cv_member_struct_stat_st_blocks=yes
ac_cv_member_struct_stat_st_ctime=yes
ac_cv_member_struct_stat_st_dev=yes
ac_cv_member_struct_stat_st_gid=yes
ac_cv_member_struct_stat_st_ino=yes
ac_cv_member_struct_stat_st_mode=yes
ac_cv_member_struct_stat_st_mtime=yes
ac_cv_member_struct_stat_st_nlink=yes
ac_cv_member_struct_stat_st_rdev=yes
ac_cv_member_struct_stat_st_size=yes
ac_cv_member_struct_stat_st_uid=yes
ac_cv_member_struct_tm_tm_zone=yes
ac_cv_objext=o
ac_cv_path_EGREP='/sbin/grep -E'
ac_cv_path_FGREP='/sbin/grep -F'
ac_cv_path_GREP=/sbin/grep
ac_cv_path_SED=/sbin/sed
ac_cv_path_ac_pt_PKG_CONFIG=/sbin/pkg-config
ac_cv_path_mkdir=/sbin/mkdir
ac_cv_prog_AR='arm-kobo-linux-gnueabihf-ar --plugin /mnt/HDD/Project/inkbox-build/inkbox/compiled-binaries/arm-kobo-linux-gnueabihf/bin/../libexec/gcc/arm-kobo-linux-gnueabihf/11.2.0/liblto_plugin.so'
ac_cv_prog_AWK=gawk
ac_cv_prog_CC=arm-kobo-linux-gnueabihf-gcc
ac_cv_prog_CPP='arm-kobo-linux-gnueabihf-gcc -E'
ac_cv_prog_OBJDUMP=arm-linux-gnueabihf-objdump
ac_cv_prog_RANLIB='arm-kobo-linux-gnueabihf-ranlib --plugin /mnt/HDD/Project/inkbox-build/inkbox/compiled-binaries/arm-kobo-linux-gnueabihf/bin/../libexec/gcc/arm-kobo-linux-gnueabihf/11.2.0/liblto_plugin.so'
ac_cv_prog_STRIP=strip
ac_cv_prog_ac_ct_DUMPBIN='link -dump'
ac_cv_prog_ac_ct_STRIP=strip
ac_cv_prog_cc_c89=
ac_cv_prog_cc_g=yes
ac_cv_prog_make_make_set=yes
ac_cv_safe_to_define___extensions__=yes
ac_cv_search_bind='none required'
ac_cv_search_dlopen=-ldl
ac_cv_search_fabs=-lm
ac_cv_search_gethostbyname='none required'
ac_cv_search_log2='none required'
ac_cv_search_opendir='none required'
ac_cv_search_tgetent=no
ac_cv_struct_tm=time.h
ac_cv_target=arm-unknown-linux-gnueabihf
ac_cv_type___int128=no
ac_cv_type_getgroups=gid_t
ac_cv_type_mode_t=yes
ac_cv_type_off_t=yes
ac_cv_type_pid_t=yes
ac_cv_type_signal=void
ac_cv_type_size_t=yes
ac_cv_type_socklen_t=yes
ac_cv_type_uid_t=yes
am_cv_CC_dependencies_compiler_type=gcc3
am_cv_make_support_nested_variables=yes
am_cv_prog_cc_c_o=yes
lt_cv_archive_cmds_need_lc=no
lt_cv_deplibs_check_method=pass_all
lt_cv_file_magic_cmd='$MAGIC_CMD'
lt_cv_file_magic_test_file=
lt_cv_ld_reload_flag=-r
lt_cv_nm_interface='BSD nm'
lt_cv_objdir=.libs
lt_cv_path_LD=arm-kobo-linux-gnueabihf-ld
lt_cv_path_NM=no
lt_cv_prog_compiler_c_o=yes
lt_cv_prog_compiler_pic_works=yes
lt_cv_prog_compiler_rtti_exceptions=no
lt_cv_prog_compiler_static_works=yes
lt_cv_prog_gnu_ld=yes
lt_cv_shlibpath_overrides_runpath=no
lt_cv_sys_global_symbol_pipe=
lt_cv_sys_global_symbol_to_c_name_address='sed -n -e '\''s/^: \([^ ]*\) $/  {\"\1\", (void *) 0},/p'\'' -e '\''s/^[BCDEGRST]* \([^ ]*\) \([^ ]*\)$/  {"\2", (void *) \&\2},/p'\'''
lt_cv_sys_global_symbol_to_c_name_address_lib_prefix='sed -n -e '\''s/^: \([^ ]*\) $/  {\"\1\", (void *) 0},/p'\'' -e '\''s/^[BCDEGRST]* \([^ ]*\) \(lib[^ ]*\)$/  {"\2", (void *) \&\2},/p'\'' -e '\''s/^[BCDEGRST]* \([^ ]*\) \([^ ]*\)$/  {"lib\2", (void *) \&\2},/p'\'''
lt_cv_sys_global_symbol_to_cdecl=
lt_cv_sys_max_cmd_len=1572864
sim_cv_decl_getopt_unistd_h=yes
sim_cv_os_cygwin=no

## ----------------- ##
## Output variables. ##
## ----------------- ##

ACLOCAL='${SHELL} /mnt/HDD/Project/Public/okulartry/binutils-gdb/missing aclocal-1.15'
AMDEPBACKSLASH='\'
AMDEP_FALSE='#'
AMDEP_TRUE=''
AMTAR='$${TAR-tar}'
AM_BACKSLASH='\'
AM_DEFAULT_V='$(AM_DEFAULT_VERBOSITY)'
AM_DEFAULT_VERBOSITY='0'
AM_V='$(V)'
AR='arm-kobo-linux-gnueabihf-ar --plugin /mnt/HDD/Project/inkbox-build/inkbox/compiled-binaries/arm-kobo-linux-gnueabihf/bin/../libexec/gcc/arm-kobo-linux-gnueabihf/11.2.0/liblto_plugin.so --plugin /mnt/HDD/Project/inkbox-build/inkbox/compiled-binaries/arm-kobo-linux-gnueabihf/bin/../libexec/gcc/arm-kobo-linux-gnueabihf/11.2.0/liblto_plugin.so'
AR_FOR_BUILD='ar'
AS_FOR_TARGET='as'
AS_FOR_TARGET_AARCH64=''
AS_FOR_TARGET_ARM='$(AS_FOR_TARGET)'
AS_FOR_TARGET_AVR=''
AS_FOR_TARGET_BFIN=''
AS_FOR_TARGET_BPF=''
AS_FOR_TARGET_CR16=''
AS_FOR_TARGET_CRIS=''
AS_FOR_TARGET_D10V=''
AS_FOR_TARGET_ERC32=''
AS_FOR_TARGET_EXAMPLE_SYNACOR=''
AS_FOR_TARGET_FRV=''
AS_FOR_TARGET_FT32=''
AS_FOR_TARGET_H8300=''
AS_FOR_TARGET_IQ2000=''
AS_FOR_TARGET_LM32=''
AS_FOR_TARGET_M32C=''
AS_FOR_TARGET_M32R=''
AS_FOR_TARGET_M68HC11=''
AS_FOR_TARGET_MCORE=''
AS_FOR_TARGET_MICROBLAZE=''
AS_FOR_TARGET_MIPS=''
AS_FOR_TARGET_MN10300=''
AS_FOR_TARGET_MOXIE=''
AS_FOR_TARGET_MSP430=''
AS_FOR_TARGET_OR1K=''
AS_FOR_TARGET_PPC=''
AS_FOR_TARGET_PRU=''
AS_FOR_TARGET_RISCV=''
AS_FOR_TARGET_RL78=''
AS_FOR_TARGET_RX=''
AS_FOR_TARGET_SH=''
AS_FOR_TARGET_V850=''
AUTOCONF='${SHELL} /mnt/HDD/Project/Public/okulartry/binutils-gdb/missing autoconf'
AUTOHEADER='${SHELL} /mnt/HDD/Project/Public/okulartry/binutils-gdb/missing autoheader'
AUTOMAKE='${SHELL} /mnt/HDD/Project/Public/okulartry/binutils-gdb/missing automake-1.15'
AWK='gawk'
CC='arm-kobo-linux-gnueabihf-gcc'
CCDEPMODE='depmode=gcc3'
CC_FOR_BUILD='gcc'
CC_FOR_TARGET='cc'
CC_FOR_TARGET_AARCH64=''
CC_FOR_TARGET_ARM='$(CC_FOR_TARGET)'
CC_FOR_TARGET_AVR=''
CC_FOR_TARGET_BFIN=''
CC_FOR_TARGET_BPF=''
CC_FOR_TARGET_CR16=''
CC_FOR_TARGET_CRIS=''
CC_FOR_TARGET_D10V=''
CC_FOR_TARGET_ERC32=''
CC_FOR_TARGET_EXAMPLE_SYNACOR=''
CC_FOR_TARGET_FRV=''
CC_FOR_TARGET_FT32=''
CC_FOR_TARGET_H8300=''
CC_FOR_TARGET_IQ2000=''
CC_FOR_TARGET_LM32=''
CC_FOR_TARGET_M32C=''
CC_FOR_TARGET_M32R=''
CC_FOR_TARGET_M68HC11=''
CC_FOR_TARGET_MCORE=''
CC_FOR_TARGET_MICROBLAZE=''
CC_FOR_TARGET_MIPS=''
CC_FOR_TARGET_MN10300=''
CC_FOR_TARGET_MOXIE=''
CC_FOR_TARGET_MSP430=''
CC_FOR_TARGET_OR1K=''
CC_FOR_TARGET_PPC=''
CC_FOR_TARGET_PRU=''
CC_FOR_TARGET_RISCV=''
CC_FOR_TARGET_RL78=''
CC_FOR_TARGET_RX=''
CC_FOR_TARGET_SH=''
CC_FOR_TARGET_V850=''
CFLAGS='-g -O2    '
CFLAGS_FOR_BUILD='-g -O'
CGEN_MAINT='#'
CPP='arm-kobo-linux-gnueabihf-gcc -E'
CPPFLAGS=''
CPPFLAGS_FOR_BUILD=''
CYGPATH_W='echo'
C_DIALECT=''
DEFS='-DHAVE_CONFIG_H'
DEPDIR='.deps'
DSYMUTIL='arm-linux-gnueabihf-dsymutil'
DTC=''
DUMPBIN=':'
ECHO_C=''
ECHO_N='-n'
ECHO_T=''
EGREP='/sbin/grep -E'
ENABLE_SIM_FALSE='#'
ENABLE_SIM_TRUE=''
EXEEXT=''
FGREP='/sbin/grep -F'
GREP='/sbin/grep'
INSTALL_DATA='/bin/install -c -m 644'
INSTALL_PROGRAM='/bin/install -c'
INSTALL_SCRIPT='/bin/install -c'
INSTALL_STRIP_PROGRAM='$(install_sh) -c -s'
LD='arm-kobo-linux-gnueabihf-ld'
LDFLAGS=' '
LDFLAGS_FOR_BUILD=''
LD_FOR_TARGET='ld'
LD_FOR_TARGET_AARCH64=''
LD_FOR_TARGET_ARM='$(LD_FOR_TARGET)'
LD_FOR_TARGET_AVR=''
LD_FOR_TARGET_BFIN=''
LD_FOR_TARGET_BPF=''
LD_FOR_TARGET_CR16=''
LD_FOR_TARGET_CRIS=''
LD_FOR_TARGET_D10V=''
LD_FOR_TARGET_ERC32=''
LD_FOR_TARGET_EXAMPLE_SYNACOR=''
LD_FOR_TARGET_FRV=''
LD_FOR_TARGET_FT32=''
LD_FOR_TARGET_H8300=''
LD_FOR_TARGET_IQ2000=''
LD_FOR_TARGET_LM32=''
LD_FOR_TARGET_M32C=''
LD_FOR_TARGET_M32R=''
LD_FOR_TARGET_M68HC11=''
LD_FOR_TARGET_MCORE=''
LD_FOR_TARGET_MICROBLAZE=''
LD_FOR_TARGET_MIPS=''
LD_FOR_TARGET_MN10300=''
LD_FOR_TARGET_MOXIE=''
LD_FOR_TARGET_MSP430=''
LD_FOR_TARGET_OR1K=''
LD_FOR_TARGET_PPC=''
LD_FOR_TARGET_PRU=''
LD_FOR_TARGET_RISCV=''
LD_FOR_TARGET_RL78=''
LD_FOR_TARGET_RX=''
LD_FOR_TARGET_SH=''
LD_FOR_TARGET_V850=''
LIBOBJS=''
LIBS='-ldl -lm '
LIBTOOL='$(SHELL) $(top_builddir)/libtool'
LIPO=''
LN_S='ln -s'
LTLIBOBJS=''
MAINT='#'
MAINTAINER_MODE_FALSE=''
MAINTAINER_MODE_TRUE='#'
MAKEINFO='makeinfo --split-size=5000000'
MKDIR_P='/sbin/mkdir -p'
NM='arm-linux-gnueabihf-nm'
NMEDIT=''
OBJDUMP='arm-linux-gnueabihf-objdump'
OBJEXT='o'
OTOOL64=''
OTOOL='arm-linux-gnueabihf-otool'
PACKAGE='sim'
PACKAGE_BUGREPORT='https://sourceware.org/bugzilla/enter_bug.cgi?product=gdb&component=sim'
PACKAGE_NAME='sim'
PACKAGE_STRING='sim 0'
PACKAGE_TARNAME='sim'
PACKAGE_URL='https://sourceware.org/gdb/wiki/Sim/'
PACKAGE_VERSION='0'
PATH_SEPARATOR=':'
PKGVERSION='(SIM) '
PKG_CONFIG='/sbin/pkg-config'
PKG_CONFIG_LIBDIR=''
PKG_CONFIG_PATH=''
RANLIB='arm-kobo-linux-gnueabihf-ranlib --plugin /mnt/HDD/Project/inkbox-build/inkbox/compiled-binaries/arm-kobo-linux-gnueabihf/bin/../libexec/gcc/arm-kobo-linux-gnueabihf/11.2.0/liblto_plugin.so --plugin /mnt/HDD/Project/inkbox-build/inkbox/compiled-binaries/arm-kobo-linux-gnueabihf/bin/../libexec/gcc/arm-kobo-linux-gnueabihf/11.2.0/liblto_plugin.so'
RANLIB_FOR_BUILD='ranlib'
READLINE_CFLAGS='-I$(READLINE_SRC)/..'
READLINE_LIB='../readline/readline/libreadline.a'
REPORT_BUGS_TEXI='@uref{https://sourceware.org/bugzilla/enter_bug.cgi?product=gdb&component=sim}'
REPORT_BUGS_TO='<https://sourceware.org/bugzilla/enter_bug.cgi?product=gdb&component=sim>'
SDL_CFLAGS=''
SDL_LIBS=''
SED='/sbin/sed'
SET_MAKE=''
SHELL='/bin/sh'
SIM_COMMON_BUILD_FALSE='#'
SIM_COMMON_BUILD_TRUE=''
SIM_ENABLED_ARCHES=' arm'
SIM_ENABLE_ARCH_aarch64_FALSE=''
SIM_ENABLE_ARCH_aarch64_TRUE='#'
SIM_ENABLE_ARCH_arm_FALSE='#'
SIM_ENABLE_ARCH_arm_TRUE=''
SIM_ENABLE_ARCH_avr_FALSE=''
SIM_ENABLE_ARCH_avr_TRUE='#'
SIM_ENABLE_ARCH_bfin_FALSE=''
SIM_ENABLE_ARCH_bfin_TRUE='#'
SIM_ENABLE_ARCH_bpf_FALSE=''
SIM_ENABLE_ARCH_bpf_TRUE='#'
SIM_ENABLE_ARCH_cr16_FALSE=''
SIM_ENABLE_ARCH_cr16_TRUE='#'
SIM_ENABLE_ARCH_cris_FALSE=''
SIM_ENABLE_ARCH_cris_TRUE='#'
SIM_ENABLE_ARCH_d10v_FALSE=''
SIM_ENABLE_ARCH_d10v_TRUE='#'
SIM_ENABLE_ARCH_erc32_FALSE=''
SIM_ENABLE_ARCH_erc32_TRUE='#'
SIM_ENABLE_ARCH_examples_FALSE=''
SIM_ENABLE_ARCH_examples_TRUE='#'
SIM_ENABLE_ARCH_frv_FALSE=''
SIM_ENABLE_ARCH_frv_TRUE='#'
SIM_ENABLE_ARCH_ft32_FALSE=''
SIM_ENABLE_ARCH_ft32_TRUE='#'
SIM_ENABLE_ARCH_h8300_FALSE=''
SIM_ENABLE_ARCH_h8300_TRUE='#'
SIM_ENABLE_ARCH_iq2000_FALSE=''
SIM_ENABLE_ARCH_iq2000_TRUE='#'
SIM_ENABLE_ARCH_lm32_FALSE=''
SIM_ENABLE_ARCH_lm32_TRUE='#'
SIM_ENABLE_ARCH_m32c_FALSE=''
SIM_ENABLE_ARCH_m32c_TRUE='#'
SIM_ENABLE_ARCH_m32r_FALSE=''
SIM_ENABLE_ARCH_m32r_TRUE='#'
SIM_ENABLE_ARCH_m68hc11_FALSE=''
SIM_ENABLE_ARCH_m68hc11_TRUE='#'
SIM_ENABLE_ARCH_mcore_FALSE=''
SIM_ENABLE_ARCH_mcore_TRUE='#'
SIM_ENABLE_ARCH_microblaze_FALSE=''
SIM_ENABLE_ARCH_microblaze_TRUE='#'
SIM_ENABLE_ARCH_mips_FALSE=''
SIM_ENABLE_ARCH_mips_TRUE='#'
SIM_ENABLE_ARCH_mn10300_FALSE=''
SIM_ENABLE_ARCH_mn10300_TRUE='#'
SIM_ENABLE_ARCH_moxie_FALSE=''
SIM_ENABLE_ARCH_moxie_TRUE='#'
SIM_ENABLE_ARCH_msp430_FALSE=''
SIM_ENABLE_ARCH_msp430_TRUE='#'
SIM_ENABLE_ARCH_or1k_FALSE=''
SIM_ENABLE_ARCH_or1k_TRUE='#'
SIM_ENABLE_ARCH_ppc_FALSE=''
SIM_ENABLE_ARCH_ppc_TRUE='#'
SIM_ENABLE_ARCH_pru_FALSE=''
SIM_ENABLE_ARCH_pru_TRUE='#'
SIM_ENABLE_ARCH_riscv_FALSE=''
SIM_ENABLE_ARCH_riscv_TRUE='#'
SIM_ENABLE_ARCH_rl78_FALSE=''
SIM_ENABLE_ARCH_rl78_TRUE='#'
SIM_ENABLE_ARCH_rx_FALSE=''
SIM_ENABLE_ARCH_rx_TRUE='#'
SIM_ENABLE_ARCH_sh_FALSE=''
SIM_ENABLE_ARCH_sh_TRUE='#'
SIM_ENABLE_ARCH_v850_FALSE=''
SIM_ENABLE_ARCH_v850_TRUE='#'
SIM_ENABLE_HW_FALSE='#'
SIM_ENABLE_HW_TRUE=''
SIM_ENABLE_IGEN_FALSE=''
SIM_ENABLE_IGEN_TRUE='#'
SIM_FRV_TRAPDUMP_FLAGS='-DTRAPDUMP=0'
SIM_HW_CFLAGS='-DWITH_HW=1 -DHAVE_DV_SOCKSER'
SIM_HW_SOCKSER='dv-sockser.o'
SIM_INLINE='-DDEFAULT_INLINE=0'
SIM_PRIMARY_TARGET='arm'
SIM_RISCV_BITSIZE='64'
SIM_RX_CYCLE_ACCURATE_FLAGS='-DCYCLE_ACCURATE'
SIM_SUBDIRS=' arm'
SIM_TOOLCHAIN_VARS=' AS_FOR_TARGET_AARCH64 LD_FOR_TARGET_AARCH64 CC_FOR_TARGET_AARCH64 AS_FOR_TARGET_ARM LD_FOR_TARGET_ARM CC_FOR_TARGET_ARM AS_FOR_TARGET_AVR LD_FOR_TARGET_AVR CC_FOR_TARGET_AVR AS_FOR_TARGET_BFIN LD_FOR_TARGET_BFIN CC_FOR_TARGET_BFIN AS_FOR_TARGET_BPF LD_FOR_TARGET_BPF CC_FOR_TARGET_BPF AS_FOR_TARGET_CR16 LD_FOR_TARGET_CR16 CC_FOR_TARGET_CR16 AS_FOR_TARGET_CRIS LD_FOR_TARGET_CRIS CC_FOR_TARGET_CRIS AS_FOR_TARGET_D10V LD_FOR_TARGET_D10V CC_FOR_TARGET_D10V AS_FOR_TARGET_FRV LD_FOR_TARGET_FRV CC_FOR_TARGET_FRV AS_FOR_TARGET_FT32 LD_FOR_TARGET_FT32 CC_FOR_TARGET_FT32 AS_FOR_TARGET_H8300 LD_FOR_TARGET_H8300 CC_FOR_TARGET_H8300 AS_FOR_TARGET_IQ2000 LD_FOR_TARGET_IQ2000 CC_FOR_TARGET_IQ2000 AS_FOR_TARGET_LM32 LD_FOR_TARGET_LM32 CC_FOR_TARGET_LM32 AS_FOR_TARGET_M32C LD_FOR_TARGET_M32C CC_FOR_TARGET_M32C AS_FOR_TARGET_M32R LD_FOR_TARGET_M32R CC_FOR_TARGET_M32R AS_FOR_TARGET_M68HC11 LD_FOR_TARGET_M68HC11 CC_FOR_TARGET_M68HC11 AS_FOR_TARGET_MCORE LD_FOR_TARGET_MCORE CC_FOR_TARGET_MCORE AS_FOR_TARGET_MICROBLAZE LD_FOR_TARGET_MICROBLAZE CC_FOR_TARGET_MICROBLAZE AS_FOR_TARGET_MIPS LD_FOR_TARGET_MIPS CC_FOR_TARGET_MIPS AS_FOR_TARGET_MN10300 LD_FOR_TARGET_MN10300 CC_FOR_TARGET_MN10300 AS_FOR_TARGET_MOXIE LD_FOR_TARGET_MOXIE CC_FOR_TARGET_MOXIE AS_FOR_TARGET_MSP430 LD_FOR_TARGET_MSP430 CC_FOR_TARGET_MSP430 AS_FOR_TARGET_OR1K LD_FOR_TARGET_OR1K CC_FOR_TARGET_OR1K AS_FOR_TARGET_PPC LD_FOR_TARGET_PPC CC_FOR_TARGET_PPC AS_FOR_TARGET_PRU LD_FOR_TARGET_PRU CC_FOR_TARGET_PRU AS_FOR_TARGET_RISCV LD_FOR_TARGET_RISCV CC_FOR_TARGET_RISCV AS_FOR_TARGET_RL78 LD_FOR_TARGET_RL78 CC_FOR_TARGET_RL78 AS_FOR_TARGET_RX LD_FOR_TARGET_RX CC_FOR_TARGET_RX AS_FOR_TARGET_SH LD_FOR_TARGET_SH CC_FOR_TARGET_SH AS_FOR_TARGET_ERC32 LD_FOR_TARGET_ERC32 CC_FOR_TARGET_ERC32 AS_FOR_TARGET_V850 LD_FOR_TARGET_V850 CC_FOR_TARGET_V850'
STRIP='strip'
TERMCAP_LIB=''
VERSION='0'
WARN_CFLAGS=' -Wall -Wdeclaration-after-statement -Wpointer-arith -Wno-unused -Wunused-value -Wunused-function -Wno-switch -Wno-char-subscripts -Wempty-body -Wunused-but-set-parameter -Wno-error=maybe-uninitialized -Wmissing-declarations -Wmissing-prototypes -Wdeclaration-after-statement -Wmissing-parameter-type -Wpointer-sign -Wold-style-declaration'
WERROR_CFLAGS='-Werror'
ac_ct_CC=''
ac_ct_DUMPBIN='link -dump'
am__EXEEXT_FALSE=''
am__EXEEXT_TRUE='#'
am__fastdepCC_FALSE='#'
am__fastdepCC_TRUE=''
am__include='include'
am__isrc=''
am__leading_dot='.'
am__nodep='_no'
am__quote=''
am__tar='$${TAR-tar} chof - "$$tardir"'
am__untar='$${TAR-tar} xf -'
bindir='${exec_prefix}/bin'
build='x86_64-pc-linux-gnu'
build_alias='x86_64-pc-linux-gnu'
build_cpu='x86_64'
build_os='linux-gnu'
build_vendor='pc'
cgen='guile'
cgendir='$(srcdir)/../../cgen'
datadir='${datarootdir}'
datarootdir='${prefix}/share'
docdir='${datarootdir}/doc/${PACKAGE_TARNAME}'
dvidir='${docdir}'
exec_prefix='${prefix}'
host='arm-unknown-linux-gnueabihf'
host_alias='arm-linux-gnueabihf'
host_cpu='arm'
host_os='linux-gnueabihf'
host_vendor='unknown'
htmldir='${docdir}'
include_makefile='include'
includedir='${prefix}/include'
infodir='${datarootdir}/info'
install_sh='${SHELL} /mnt/HDD/Project/Public/okulartry/binutils-gdb/install-sh'
libdir='${exec_prefix}/lib'
libexecdir='${exec_prefix}/libexec'
localedir='${datarootdir}/locale'
localstatedir='${prefix}/var'
mandir='${datarootdir}/man'
mkdir_p='$(MKDIR_P)'
oldincludedir='/usr/include'
pdfdir='${docdir}'
prefix='/home/build/inkbox/compiled-binaries/arm-kobo-linux-gnueabihf/arm-kobo-linux-gnueabihf/sysroot'
program_transform_name='s,y,y,'
psdir='${docdir}'
sbindir='${exec_prefix}/sbin'
sharedstatedir='${prefix}/com'
sim_bitsize=''
sim_float=''
subdirs=''
sysconfdir='${prefix}/etc'
target='arm-unknown-linux-gnueabihf'
target_alias='arm-linux-gnueabihf'
target_cpu='arm'
target_os='linux-gnueabihf'
target_vendor='unknown'

## ----------- ##
## confdefs.h. ##
## ----------- ##

/* confdefs.h */
#define PACKAGE_NAME "sim"
#define PACKAGE_TARNAME "sim"
#define PACKAGE_VERSION "0"
#define PACKAGE_STRING "sim 0"
#define PACKAGE_BUGREPORT "https://sourceware.org/bugzilla/enter_bug.cgi?product=gdb&component=sim"
#define PACKAGE_URL "https://sourceware.org/gdb/wiki/Sim/"
#define PKGVERSION "(SIM) "
#define REPORT_BUGS_TO "<https://sourceware.org/bugzilla/enter_bug.cgi?product=gdb&component=sim>"
#define STDC_HEADERS 1
#define HAVE_SYS_TYPES_H 1
#define HAVE_SYS_STAT_H 1
#define HAVE_STDLIB_H 1
#define HAVE_STRING_H 1
#define HAVE_MEMORY_H 1
#define HAVE_STRINGS_H 1
#define HAVE_INTTYPES_H 1
#define HAVE_STDINT_H 1
#define HAVE_UNISTD_H 1
#define __EXTENSIONS__ 1
#define _ALL_SOURCE 1
#define _GNU_SOURCE 1
#define _POSIX_PTHREAD_SEMANTICS 1
#define _TANDEM_SOURCE 1
#define HAVE_DLFCN_H 1
#define HAVE_FCNTL_H 1
#define HAVE_FPU_CONTROL_H 1
#define HAVE_TERMIOS_H 1
#define HAVE_UNISTD_H 1
#define HAVE_UTIME_H 1
#define HAVE_LINUX_IF_TUN_H 1
#define HAVE_LINUX_MII_H 1
#define HAVE_LINUX_TYPES_H 1
#define HAVE_NET_IF_H 1
#define HAVE_NETINET_IN_H 1
#define HAVE_NETINET_TCP_H 1
#define HAVE_SYS_IOCTL_H 1
#define HAVE_SYS_MMAN_H 1
#define HAVE_SYS_MOUNT_H 1
#define HAVE_SYS_PARAM_H 1
#define HAVE_SYS_RESOURCE_H 1
#define HAVE_SYS_SOCKET_H 1
#define HAVE_SYS_STAT_H 1
#define HAVE_SYS_STATFS_H 1
#define HAVE_SYS_TERMIOS_H 1
#define HAVE_SYS_TYPES_H 1
#define HAVE_SYS_VFS_H 1
#define HAVE_ACCESS 1
#define HAVE_CFGETISPEED 1
#define HAVE_CFGETOSPEED 1
#define HAVE_CFSETISPEED 1
#define HAVE_CFSETOSPEED 1
#define HAVE_CHDIR 1
#define HAVE_CHMOD 1
#define HAVE_DUP 1
#define HAVE_DUP2 1
#define HAVE_EXECV 1
#define HAVE_EXECVE 1
#define HAVE_FCNTL 1
#define HAVE_FORK 1
#define HAVE_FSTAT 1
#define HAVE_FSTATFS 1
#define HAVE_FTRUNCATE 1
#define HAVE_GETDIRENTRIES 1
#define HAVE_GETEGID 1
#define HAVE_GETEUID 1
#define HAVE_GETGID 1
#define HAVE_GETPID 1
#define HAVE_GETPPID 1
#define HAVE_GETRUSAGE 1
#define HAVE_GETTIMEOFDAY 1
#define HAVE_GETUID 1
#define HAVE_IOCTL 1
#define HAVE_KILL 1
#define HAVE_LINK 1
#define HAVE_LSEEK 1
#define HAVE_LSTAT 1
#define HAVE_MKDIR 1
#define HAVE_MMAP 1
#define HAVE_MUNMAP 1
#define HAVE_PIPE 1
#define HAVE_POSIX_FALLOCATE 1
#define HAVE_PREAD 1
#define HAVE_RMDIR 1
#define HAVE_SETREGID 1
#define HAVE_SETREUID 1
#define HAVE_SETGID 1
#define HAVE_SETUID 1
#define HAVE_SIGACTION 1
#define HAVE_SIGPROCMASK 1
#define HAVE_STAT 1
#define HAVE_STRSIGNAL 1
#define HAVE_SYMLINK 1
#define HAVE_TCDRAIN 1
#define HAVE_TCFLOW 1
#define HAVE_TCFLUSH 1
#define HAVE_TCGETATTR 1
#define HAVE_TCGETPGRP 1
#define HAVE_TCSENDBREAK 1
#define HAVE_TCSETATTR 1
#define HAVE_TCSETPGRP 1
#define HAVE_TIME 1
#define HAVE_TRUNCATE 1
#define HAVE_UMASK 1
#define HAVE_UNLINK 1
#define HAVE_UTIME 1
#define HAVE_DLFCN_H 1
#define HAVE_DIRENT_H 1
#define HAVE_STRUCT_STAT_ST_BLKSIZE 1
#define HAVE_ST_BLKSIZE 1
#define HAVE_STRUCT_STAT_ST_BLOCKS 1
#define HAVE_ST_BLOCKS 1
#define HAVE_STRUCT_STAT_ST_RDEV 1
#define HAVE_ST_RDEV 1
#define HAVE_STRUCT_TM_TM_ZONE 1
#define HAVE_TM_ZONE 1
#define HAVE_STRUCT_STAT_ST_DEV 1
#define HAVE_STRUCT_STAT_ST_INO 1
#define HAVE_STRUCT_STAT_ST_MODE 1
#define HAVE_STRUCT_STAT_ST_NLINK 1
#define HAVE_STRUCT_STAT_ST_UID 1
#define HAVE_STRUCT_STAT_ST_GID 1
#define HAVE_STRUCT_STAT_ST_RDEV 1
#define HAVE_STRUCT_STAT_ST_SIZE 1
#define HAVE_STRUCT_STAT_ST_BLKSIZE 1
#define HAVE_STRUCT_STAT_ST_BLOCKS 1
#define HAVE_STRUCT_STAT_ST_ATIME 1
#define HAVE_STRUCT_STAT_ST_MTIME 1
#define HAVE_STRUCT_STAT_ST_CTIME 1
#define HAVE_SOCKLEN_T 1
#define GETGROUPS_T gid_t
#define RETSIGTYPE void
#define LT_OBJDIR ".libs/"
#define PACKAGE "sim"
#define VERSION "0"
#define WITH_ALIGNMENT 0
#define WITH_ASSERT 1
#define WITH_DEBUG 0
#define WITH_TARGET_BYTE_ORDER BFD_ENDIAN_UNKNOWN
#define WITH_ENVIRONMENT ALL_ENVIRONMENT
#define PROFILE 1
#define WITH_PROFILE -1
#define WITH_RESERVED_BITS 1
#define WITH_SCACHE 16384
#define WITH_STDIO 0
#define WITH_TRACE ~TRACE_debug
#define HAVE_DECL_GETOPT 1

configure: exit 0
