# kdesrc-build running: 'make' '-j' '8'
# from directory: /home/szybet/kdesrc/build/frameworks/kauth
-- 

Installing in /mnt/HDD/Project/Public/okulartry/okular-things. Run /home/szybet/kdesrc/build/frameworks/kauth/prefix.sh to set the environment for KAuth.
-- Building PolkitQt5-1 KAuth backend
-- The following RECOMMENDED packages have been found:

 * PolkitQt5-1, PolicyKit API for Qt, <http://techbase.kde.org/Polkit-Qt-1>
   Support for executing privileged actions in a controlled way (KAuth). This is required to make KAuth work, and hence enable certain workspace functionalities

-- The following REQUIRED packages have been found:

 * ECM (required version >= 5.106.0), Extra CMake Modules., <https://commits.kde.org/extra-cmake-modules>
 * Qt5DBus (required version >= 5.15.2)
 * Qt5Gui (required version >= 5.15.2)
 * Qt5Widgets
 * Qt5 (required version >= 5.15.2)
 * Qt5Core (required version >= 5.15.2)
 * KF5CoreAddons (required version >= 5.106.0)
 * Qt5LinguistTools

-- The following features have been disabled:

 * QCH, API documentation in QCH format (for e.g. Qt Assistant, Qt Creator & KDevelop)

-- Configuring done (0.1s)
CMake Warning at src/CMakeLists.txt:199 (add_library):
  Cannot generate a safe runtime search path for target kauth_backend_plugin
  because there is a cycle in the constraint graph:

    dir 0 is [/mnt/HDD/Project/Public/okulartry/okular-things/lib]
      dir 1 must precede it due to runtime library [libKF5CoreAddons.so.5]
      dir 2 must precede it due to runtime library [libKF5AuthCore.so.5]
    dir 1 is [/home/build/inkbox/compiled-binaries/arm-kobo-linux-gnueabihf/arm-kobo-linux-gnueabihf/sysroot/lib]
      dir 0 must precede it due to runtime library [libpolkit-qt5-core-1.so.1]
      dir 2 must precede it due to runtime library [libKF5AuthCore.so.5]
    dir 2 is [/home/szybet/kdesrc/build/frameworks/kauth/bin]

  Some of these libraries may not be found correctly.


-- Generating done (0.1s)
-- Build files have been written to: /home/szybet/kdesrc/build/frameworks/kauth
[  1%] Built target translations_4
[  2%] Built target translations_1
[  3%] Built target translations_2
[  4%] Built target translations_6
[  4%] Built target translations_5
[  4%] Built target translations_3
[  4%] Built target translations_8
[  5%] Built target translations_7
[  6%] Built target translations_11
[  7%] Built target translations_10
[  8%] Built target translations_9
[  9%] Built target translations_12
[  9%] Built target translations_13
[ 10%] Built target translations_14
[ 11%] Built target translations_15
[ 12%] Built target translations_17
[ 12%] Built target translations_16
[ 13%] Built target translations_18
[ 13%] Built target translations_19
[ 13%] Built target translations_21
[ 14%] Built target translations_20
[ 15%] Built target translations_22
[ 16%] Built target translations_23
[ 17%] Built target translations_25
[ 17%] Built target translations_24
[ 18%] Built target translations_26
[ 18%] Built target translations_27
[ 19%] Built target translations_29
[ 20%] Built target translations_28
[ 21%] Built target translations_30
[ 21%] Built target translations_33
[ 22%] Built target translations_32
[ 23%] Built target translations_31
[ 24%] Built target translations_34
[ 25%] Built target translations_37
[ 25%] Built target translations_36
[ 26%] Built target translations_35
[ 27%] Built target translations_38
[ 27%] Built target translations_39
[ 28%] Built target translations_40
[ 29%] Built target translations_42
[ 29%] Built target translations_44
[ 30%] Built target translations_43
[ 30%] Built target translations_41
[ 31%] Built target translations_45
[ 32%] Built target translations_46
[ 33%] Built target translations_48
[ 34%] Built target translations_50
[ 35%] Built target translations_49
[ 35%] Built target translations_47
[ 35%] Built target translations_52
[ 36%] Built target translations_51
[ 37%] Built target translations_53
[ 38%] Built target translations_55
[ 38%] Built target translations_54
[ 39%] Built target translations_57
[ 39%] Built target translations_58
[ 40%] Built target translations_56
[ 41%] Built target translations_59
[ 41%] Built target translations_60
[ 41%] Built target translations_63
[ 42%] Built target translations_62
[ 43%] Built target translations_61
[ 44%] Built target translations_64
[ 45%] Built target translations_65
[ 45%] Built target translations_66
[ 46%] Built target translations_67
[ 47%] Built target translations_68
[ 47%] Built target translations_69
[ 48%] Built target translations_70
[ 48%] Built target translations_71
[ 49%] Built target translations_72
[ 50%] Built target translations_73
[ 50%] Built target translations_74
[ 52%] Built target translations_76
[ 52%] Built target translations_75
[ 52%] Built target translations_77
[ 53%] Built target translations_78
[ 54%] Built target translations_79
[ 54%] Built target translations_82
[ 55%] Built target translations_81
[ 56%] Built target translations_80
[ 57%] Built target translations_84
[ 58%] Built target translations_83
[ 58%] Built target translations_85
[ 59%] Built target translations_86
[ 59%] Built target translations_88
[ 60%] Built target translations_89
[ 61%] Built target translations_87
[ 63%] Built target translations_92
[ 63%] Built target translations_91
[ 63%] Built target translations_90
[ 63%] Built target translations_93
[ 64%] Built target translations_94
[ 66%] Built target translations_97
[ 66%] Built target translations_95
[ 67%] Built target translations_98
[ 68%] Built target translations_99
[ 68%] Built target translations_96
[ 68%] Automatic MOC for target kauth-policy-gen
[ 68%] Built target translations_100
[ 69%] Automatic MOC for target KF5AuthCore
[ 69%] Built target kauth-policy-gen_autogen
[ 69%] Built target KF5AuthCore_autogen
[ 70%] Linking CXX executable ../bin/kauth-policy-gen
[ 78%] Built target KF5AuthCore
[ 79%] Automatic MOC for target client
[ 80%] Automatic MOC for target helper
[ 80%] Automatic MOC for target KF5AuthWidgets
[ 80%] Automatic MOC for target kauth_backend_plugin
[ 80%] Built target client_autogen
[ 80%] Built target KF5AuthWidgets_autogen
[ 80%] Built target kauth_backend_plugin_autogen
[ 80%] Built target helper_autogen
[ 80%] Linking CXX executable ../bin/client
[ 80%] Linking CXX executable ../bin/helper
[ 83%] Built target KF5AuthWidgets
[ 87%] Built target kauth_backend_plugin
[ 87%] Automatic MOC for target kauth_helper_plugin
[ 89%] Built target kauth-policy-gen
[ 89%] Built target kauth_helper_plugin_autogen
[ 95%] Built target kauth_helper_plugin
[ 97%] Built target client
[100%] Built target helper
