This file contains any messages produced by compilers while
running configure, to aid debugging if configure makes a mistake.

It was created by libsframe configure BFD_VERSION, which was
generated by GNU Autoconf 2.69.  Invocation command line was

  $ /mnt/HDD/Project/Public/okulartry/binutils-gdb/libsframe/configure --srcdir=.././libsframe --cache-file=./config.cache --with-gnu-as --with-gnu-ld --prefix=/home/build/inkbox/compiled-binaries/arm-kobo-linux-gnueabihf/arm-kobo-linux-gnueabihf/sysroot/ --with-build-sysroot=/home/build/inkbox/compiled-binaries/arm-kobo-linux-gnueabihf/arm-kobo-linux-gnueabihf/sysroot/ --program-transform-name=s,y,y, --disable-option-checking --disable-year2038 --build=x86_64-pc-linux-gnu --host=arm-linux-gnueabihf --target=arm-linux-gnueabihf

## --------- ##
## Platform. ##
## --------- ##

hostname = hyperbookszyb
uname -m = x86_64
uname -r = 6.1.28-1-lts
uname -s = Linux
uname -v = #1 SMP PREEMPT_DYNAMIC Thu, 11 May 2023 15:52:41 +0000

/usr/bin/uname -p = unknown
/bin/uname -X     = unknown

/bin/arch              = unknown
/usr/bin/arch -k       = unknown
/usr/convex/getsysinfo = unknown
/usr/bin/hostinfo      = unknown
/bin/machine           = unknown
/usr/bin/oslevel       = unknown
/bin/universe          = unknown

PATH: /home/szybet/kde/src/kdesrc-build
PATH: /home/szybet/.cargo/bin
PATH: /sbin
PATH: /bin
PATH: /usr/local/sbin
PATH: /usr/local/bin
PATH: /usr/bin
PATH: /usr/sbin
PATH: /home/szybet/.dotnet/tools
PATH: /usr/lib/jvm/default/bin
PATH: /usr/bin/site_perl
PATH: /usr/bin/vendor_perl
PATH: /usr/bin/core_perl
PATH: /usr/lib/rustup/bin
PATH: /home/build/inkbox/compiled-binaries/arm-kobo-linux-gnueabihf/bin/
PATH: /home/build/inkbox/compiled-binaries/qt-bin/qt-linux-5.15.2-kobo/bin/


## ----------- ##
## Core tests. ##
## ----------- ##

configure:2182: loading cache ./config.cache
configure:2310: checking for arm-linux-gnueabihf-gcc
configure:2337: result: arm-kobo-linux-gnueabihf-gcc
configure:2606: checking for C compiler version
configure:2615: arm-kobo-linux-gnueabihf-gcc --version >&5
arm-kobo-linux-gnueabihf-gcc (crosstool-NG 1.24.0.519_3e2d99d - NiLuJe) 11.2.0
Copyright (C) 2021 Free Software Foundation, Inc.
This is free software; see the source for copying conditions.  There is NO
warranty; not even for MERCHANTABILITY or FITNESS FOR A PARTICULAR PURPOSE.

configure:2626: $? = 0
configure:2615: arm-kobo-linux-gnueabihf-gcc -v >&5
Using built-in specs.
COLLECT_GCC=arm-kobo-linux-gnueabihf-gcc
COLLECT_LTO_WRAPPER=/mnt/HDD/Project/inkbox-build/inkbox/compiled-binaries/arm-kobo-linux-gnueabihf/bin/../libexec/gcc/arm-kobo-linux-gnueabihf/11.2.0/lto-wrapper
Target: arm-kobo-linux-gnueabihf
Configured with: /home/nicolas/Development/kox/koxtoolchain/build/kobo/.build/arm-kobo-linux-gnueabihf/src/gcc/configure --build=x86_64-build_pc-linux-gnu --host=x86_64-build_pc-linux-gnu --target=arm-kobo-linux-gnueabihf --prefix=/home/nicolas/x-tools/arm-kobo-linux-gnueabihf --exec_prefix=/home/nicolas/x-tools/arm-kobo-linux-gnueabihf --with-sysroot=/home/nicolas/x-tools/arm-kobo-linux-gnueabihf/arm-kobo-linux-gnueabihf/sysroot --enable-languages=c,c++ --with-cpu=cortex-a8 --with-fpu=neon --with-float=hard --with-pkgversion='crosstool-NG 1.24.0.519_3e2d99d - NiLuJe' --enable-__cxa_atexit --disable-libmudflap --disable-libgomp --disable-libssp --disable-libquadmath --disable-libquadmath-support --disable-libsanitizer --disable-libmpx --with-gmp=/home/nicolas/Development/kox/koxtoolchain/build/kobo/.build/arm-kobo-linux-gnueabihf/buildtools --with-mpfr=/home/nicolas/Development/kox/koxtoolchain/build/kobo/.build/arm-kobo-linux-gnueabihf/buildtools --with-mpc=/home/nicolas/Development/kox/koxtoolchain/build/kobo/.build/arm-kobo-linux-gnueabihf/buildtools --with-isl=no --with-cloog=no --enable-lto --enable-threads=posix --with-linker-hash-style=gnu --enable-plugin --enable-gold --disable-nls --disable-multilib --with-diagnostics-color=always --with-local-prefix=/home/nicolas/x-tools/arm-kobo-linux-gnueabihf/arm-kobo-linux-gnueabihf/sysroot --enable-long-long --with-mode=thumb
Thread model: posix
Supported LTO compression algorithms: zlib zstd
gcc version 11.2.0 (crosstool-NG 1.24.0.519_3e2d99d - NiLuJe) 
configure:2626: $? = 0
configure:2615: arm-kobo-linux-gnueabihf-gcc -V >&5
[01m[Karm-kobo-linux-gnueabihf-gcc:[m[K [01;31m[Kerror: [m[Kunrecognized command-line option '[01m[K-V[m[K'
[01m[Karm-kobo-linux-gnueabihf-gcc:[m[K [01;31m[Kfatal error: [m[Kno input files
compilation terminated.
configure:2626: $? = 1
configure:2615: arm-kobo-linux-gnueabihf-gcc -qversion >&5
[01m[Karm-kobo-linux-gnueabihf-gcc:[m[K [01;31m[Kerror: [m[Kunrecognized command-line option '[01m[K-qversion[m[K'; did you mean '[01m[K--version[m[K'?
[01m[Karm-kobo-linux-gnueabihf-gcc:[m[K [01;31m[Kfatal error: [m[Kno input files
compilation terminated.
configure:2626: $? = 1
configure:2646: checking whether the C compiler works
configure:2668: arm-kobo-linux-gnueabihf-gcc -g -O2        conftest.c  >&5
configure:2672: $? = 0
configure:2720: result: yes
configure:2723: checking for C compiler default output file name
configure:2725: result: a.out
configure:2731: checking for suffix of executables
configure:2738: arm-kobo-linux-gnueabihf-gcc -o conftest -g -O2        conftest.c  >&5
configure:2742: $? = 0
configure:2764: result: 
configure:2786: checking whether we are cross compiling
configure:2824: result: yes
configure:2829: checking for suffix of object files
configure:2876: result: o
configure:2880: checking whether we are using the GNU C compiler
configure:2908: result: yes
configure:2917: checking whether arm-kobo-linux-gnueabihf-gcc accepts -g
configure:2978: result: yes
configure:2995: checking for arm-kobo-linux-gnueabihf-gcc option to accept ISO C89
configure:3071: result: none needed
configure:3096: checking whether arm-kobo-linux-gnueabihf-gcc understands -c and -o together
configure:3133: result: yes
configure:3156: checking how to run the C preprocessor
configure:3226: result: arm-kobo-linux-gnueabihf-gcc -E
configure:3246: arm-kobo-linux-gnueabihf-gcc -E  conftest.c
configure:3246: $? = 0
configure:3260: arm-kobo-linux-gnueabihf-gcc -E  conftest.c
[01m[Kconftest.c:9:10:[m[K [01;31m[Kfatal error: [m[Kac_nonexistent.h: No such file or directory
    9 | #include [01;31m[K<ac_nonexistent.h>[m[K
      |          [01;31m[K^~~~~~~~~~~~~~~~~~[m[K
compilation terminated.
configure:3260: $? = 1
configure: failed program was:
| /* confdefs.h */
| #define PACKAGE_NAME "libsframe"
| #define PACKAGE_TARNAME "libsframe"
| #define PACKAGE_VERSION "BFD_VERSION"
| #define PACKAGE_STRING "libsframe BFD_VERSION"
| #define PACKAGE_BUGREPORT ""
| #define PACKAGE_URL ""
| /* end confdefs.h.  */
| #include <ac_nonexistent.h>
configure:3289: checking for grep that handles long lines and -e
configure:3347: result: /sbin/grep
configure:3352: checking for egrep
configure:3414: result: /sbin/grep -E
configure:3419: checking for ANSI C header files
configure:3523: result: yes
configure:3536: checking for sys/types.h
configure:3536: result: yes
configure:3536: checking for sys/stat.h
configure:3536: result: yes
configure:3536: checking for stdlib.h
configure:3536: result: yes
configure:3536: checking for string.h
configure:3536: result: yes
configure:3536: checking for memory.h
configure:3536: result: yes
configure:3536: checking for strings.h
configure:3536: result: yes
configure:3536: checking for inttypes.h
configure:3536: result: yes
configure:3536: checking for stdint.h
configure:3536: result: yes
configure:3536: checking for unistd.h
configure:3536: result: yes
configure:3549: checking for minix/config.h
configure:3549: result: no
configure:3570: checking whether it is safe to define __EXTENSIONS__
configure:3595: result: yes
configure:3625: checking for a BSD-compatible install
configure:3693: result: /bin/install -c
configure:3704: checking whether build environment is sane
configure:3759: result: yes
configure:3815: checking for arm-linux-gnueabihf-strip
configure:3842: result: strip
configure:3907: checking for a thread-safe mkdir -p
configure:3946: result: /sbin/mkdir -p
configure:3953: checking for gawk
configure:3980: result: gawk
configure:3991: checking whether make sets $(MAKE)
configure:4013: result: yes
configure:4043: checking for style of include used by make
configure:4071: result: GNU
configure:4105: checking whether make supports nested variables
configure:4122: result: yes
configure:4207: checking dependency style of arm-kobo-linux-gnueabihf-gcc
configure:4318: result: gcc3
configure:4378: checking whether make sets $(MAKE)
configure:4400: result: yes
configure:4417: checking for arm-linux-gnueabihf-gcc
configure:4444: result: arm-kobo-linux-gnueabihf-gcc
configure:4713: checking for C compiler version
configure:4722: arm-kobo-linux-gnueabihf-gcc --version >&5
arm-kobo-linux-gnueabihf-gcc (crosstool-NG 1.24.0.519_3e2d99d - NiLuJe) 11.2.0
Copyright (C) 2021 Free Software Foundation, Inc.
This is free software; see the source for copying conditions.  There is NO
warranty; not even for MERCHANTABILITY or FITNESS FOR A PARTICULAR PURPOSE.

configure:4733: $? = 0
configure:4722: arm-kobo-linux-gnueabihf-gcc -v >&5
Using built-in specs.
COLLECT_GCC=arm-kobo-linux-gnueabihf-gcc
COLLECT_LTO_WRAPPER=/mnt/HDD/Project/inkbox-build/inkbox/compiled-binaries/arm-kobo-linux-gnueabihf/bin/../libexec/gcc/arm-kobo-linux-gnueabihf/11.2.0/lto-wrapper
Target: arm-kobo-linux-gnueabihf
Configured with: /home/nicolas/Development/kox/koxtoolchain/build/kobo/.build/arm-kobo-linux-gnueabihf/src/gcc/configure --build=x86_64-build_pc-linux-gnu --host=x86_64-build_pc-linux-gnu --target=arm-kobo-linux-gnueabihf --prefix=/home/nicolas/x-tools/arm-kobo-linux-gnueabihf --exec_prefix=/home/nicolas/x-tools/arm-kobo-linux-gnueabihf --with-sysroot=/home/nicolas/x-tools/arm-kobo-linux-gnueabihf/arm-kobo-linux-gnueabihf/sysroot --enable-languages=c,c++ --with-cpu=cortex-a8 --with-fpu=neon --with-float=hard --with-pkgversion='crosstool-NG 1.24.0.519_3e2d99d - NiLuJe' --enable-__cxa_atexit --disable-libmudflap --disable-libgomp --disable-libssp --disable-libquadmath --disable-libquadmath-support --disable-libsanitizer --disable-libmpx --with-gmp=/home/nicolas/Development/kox/koxtoolchain/build/kobo/.build/arm-kobo-linux-gnueabihf/buildtools --with-mpfr=/home/nicolas/Development/kox/koxtoolchain/build/kobo/.build/arm-kobo-linux-gnueabihf/buildtools --with-mpc=/home/nicolas/Development/kox/koxtoolchain/build/kobo/.build/arm-kobo-linux-gnueabihf/buildtools --with-isl=no --with-cloog=no --enable-lto --enable-threads=posix --with-linker-hash-style=gnu --enable-plugin --enable-gold --disable-nls --disable-multilib --with-diagnostics-color=always --with-local-prefix=/home/nicolas/x-tools/arm-kobo-linux-gnueabihf/arm-kobo-linux-gnueabihf/sysroot --enable-long-long --with-mode=thumb
Thread model: posix
Supported LTO compression algorithms: zlib zstd
gcc version 11.2.0 (crosstool-NG 1.24.0.519_3e2d99d - NiLuJe) 
configure:4733: $? = 0
configure:4722: arm-kobo-linux-gnueabihf-gcc -V >&5
[01m[Karm-kobo-linux-gnueabihf-gcc:[m[K [01;31m[Kerror: [m[Kunrecognized command-line option '[01m[K-V[m[K'
[01m[Karm-kobo-linux-gnueabihf-gcc:[m[K [01;31m[Kfatal error: [m[Kno input files
compilation terminated.
configure:4733: $? = 1
configure:4722: arm-kobo-linux-gnueabihf-gcc -qversion >&5
[01m[Karm-kobo-linux-gnueabihf-gcc:[m[K [01;31m[Kerror: [m[Kunrecognized command-line option '[01m[K-qversion[m[K'; did you mean '[01m[K--version[m[K'?
[01m[Karm-kobo-linux-gnueabihf-gcc:[m[K [01;31m[Kfatal error: [m[Kno input files
compilation terminated.
configure:4733: $? = 1
configure:4737: checking whether we are using the GNU C compiler
configure:4765: result: yes
configure:4774: checking whether arm-kobo-linux-gnueabihf-gcc accepts -g
configure:4835: result: yes
configure:4852: checking for arm-kobo-linux-gnueabihf-gcc option to accept ISO C89
configure:4928: result: none needed
configure:4953: checking whether arm-kobo-linux-gnueabihf-gcc understands -c and -o together
configure:4990: result: yes
configure:5010: checking for arm-linux-gnueabihf-ranlib
configure:5037: result: arm-kobo-linux-gnueabihf-ranlib --plugin /mnt/HDD/Project/inkbox-build/inkbox/compiled-binaries/arm-kobo-linux-gnueabihf/bin/../libexec/gcc/arm-kobo-linux-gnueabihf/11.2.0/liblto_plugin.so
configure:5104: checking for arm-linux-gnueabihf-ar
configure:5131: result: arm-kobo-linux-gnueabihf-ar --plugin /mnt/HDD/Project/inkbox-build/inkbox/compiled-binaries/arm-kobo-linux-gnueabihf/bin/../libexec/gcc/arm-kobo-linux-gnueabihf/11.2.0/liblto_plugin.so
configure:5201: checking the archiver (arm-kobo-linux-gnueabihf-ar --plugin /mnt/HDD/Project/inkbox-build/inkbox/compiled-binaries/arm-kobo-linux-gnueabihf/bin/../libexec/gcc/arm-kobo-linux-gnueabihf/11.2.0/liblto_plugin.so) interface
configure:5250: result: ar
configure:5332: checking build system type
configure:5346: result: x86_64-pc-linux-gnu
configure:5366: checking host system type
configure:5379: result: arm-unknown-linux-gnueabihf
configure:5420: checking how to print strings
configure:5447: result: printf
configure:5468: checking for a sed that does not truncate output
configure:5532: result: /sbin/sed
configure:5550: checking for fgrep
configure:5612: result: /sbin/grep -F
configure:5647: checking for ld used by arm-kobo-linux-gnueabihf-gcc
configure:5714: result: arm-kobo-linux-gnueabihf-ld
configure:5721: checking if the linker (arm-kobo-linux-gnueabihf-ld) is GNU ld
configure:5736: result: yes
configure:5748: checking for BSD- or MS-compatible name lister (nm)
configure:5804: result: no
configure:5818: checking for arm-linux-gnueabihf-dumpbin
configure:5848: result: no
configure:5818: checking for arm-linux-gnueabihf-link
configure:5848: result: no
configure:5862: checking for dumpbin
configure:5889: result: link -dump
configure:5905: WARNING: using cross tools not prefixed with host triplet
configure:5934: checking the name lister (arm-linux-gnueabihf-nm) interface
configure:5954: result: BSD nm
configure:5957: checking whether ln -s works
configure:5961: result: yes
configure:5969: checking the maximum length of command line arguments
configure:6094: result: 1572864
configure:6111: checking whether the shell understands some XSI constructs
configure:6121: result: yes
configure:6125: checking whether the shell understands "+="
configure:6131: result: yes
configure:6166: checking for arm-kobo-linux-gnueabihf-ld option to reload object files
configure:6173: result: -r
configure:6202: checking for arm-linux-gnueabihf-objdump
configure:6229: result: arm-linux-gnueabihf-objdump
configure:6301: checking how to recognize dependent libraries
configure:6502: result: pass_all
configure:6535: checking for arm-linux-gnueabihf-ar
configure:6562: result: arm-kobo-linux-gnueabihf-ar --plugin /mnt/HDD/Project/inkbox-build/inkbox/compiled-binaries/arm-kobo-linux-gnueabihf/bin/../libexec/gcc/arm-kobo-linux-gnueabihf/11.2.0/liblto_plugin.so
configure:6653: checking for arm-linux-gnueabihf-strip
configure:6680: result: strip
configure:6752: checking for arm-linux-gnueabihf-ranlib
configure:6779: result: arm-kobo-linux-gnueabihf-ranlib --plugin /mnt/HDD/Project/inkbox-build/inkbox/compiled-binaries/arm-kobo-linux-gnueabihf/bin/../libexec/gcc/arm-kobo-linux-gnueabihf/11.2.0/liblto_plugin.so
configure:6926: checking command to parse arm-linux-gnueabihf-nm output from arm-kobo-linux-gnueabihf-gcc object
configure:7146: result: failed
configure:7997: checking for dlfcn.h
configure:7997: result: yes
configure:8154: checking for objdir
configure:8169: result: .libs
configure:8440: checking if arm-kobo-linux-gnueabihf-gcc supports -fno-rtti -fno-exceptions
configure:8475: result: no
configure:8495: checking for arm-kobo-linux-gnueabihf-gcc option to produce PIC
configure:8781: result: -fPIC -DPIC
configure:8793: checking if arm-kobo-linux-gnueabihf-gcc PIC flag -fPIC -DPIC works
configure:8828: result: yes
configure:8852: checking if arm-kobo-linux-gnueabihf-gcc static flag -static works
configure:8880: result: yes
configure:8895: checking if arm-kobo-linux-gnueabihf-gcc supports -c -o file.o
configure:8942: result: yes
configure:8950: checking if arm-kobo-linux-gnueabihf-gcc supports -c -o file.o
configure:8997: result: yes
configure:9030: checking whether the arm-kobo-linux-gnueabihf-gcc linker (arm-kobo-linux-gnueabihf-ld) supports shared libraries
configure:10101: result: yes
configure:10346: checking dynamic linker characteristics
configure:11009: result: GNU/Linux ld.so
configure:11116: checking how to hardcode library paths into programs
configure:11141: result: immediate
configure:11681: checking whether stripping libraries is possible
configure:11686: result: yes
configure:11721: checking if libtool supports shared libraries
configure:11723: result: yes
configure:11726: checking whether to build shared libraries
configure:11747: result: no
configure:11750: checking whether to build static libraries
configure:11754: result: yes
configure:11796: checking for special C compiler options needed for large files
configure:11841: result: no
configure:11847: checking for _FILE_OFFSET_BITS value needed for large files
configure:11904: result: 64
configure:11995: checking for aclocal
configure:12022: result: ${SHELL} /mnt/HDD/Project/Public/okulartry/binutils-gdb/missing aclocal-1.15
configure:12038: checking for autoconf
configure:12065: result: ${SHELL} /mnt/HDD/Project/Public/okulartry/binutils-gdb/missing autoconf
configure:12081: checking for autoheader
configure:12108: result: ${SHELL} /mnt/HDD/Project/Public/okulartry/binutils-gdb/missing autoheader
configure:12141: checking whether arm-kobo-linux-gnueabihf-gcc supports -Wall
configure:12167: result: yes
configure:12141: checking whether arm-kobo-linux-gnueabihf-gcc supports -Wextra
configure:12167: result: yes
configure:12141: checking whether arm-kobo-linux-gnueabihf-gcc supports -Wwrite-strings
configure:12167: result: yes
configure:12141: checking whether arm-kobo-linux-gnueabihf-gcc supports -Wmissing-format-attribute
configure:12167: result: yes
configure:12141: checking whether arm-kobo-linux-gnueabihf-gcc supports -Wstrict-prototypes
configure:12167: result: yes
configure:12141: checking whether arm-kobo-linux-gnueabihf-gcc supports -Wmissing-prototypes
configure:12167: result: yes
configure:12184: checking for incompatibility between DejaGnu and GCC
configure:12186: result: no
configure:12201: arm-kobo-linux-gnueabihf-gcc -o conftest -g -O2        conftest.c  >&5
[01m[Kconftest.c:29:10:[m[K [01;31m[Kfatal error: [m[Kdejagnu.h: No such file or directory
   29 | #include [01;31m[K<dejagnu.h>[m[K
      |          [01;31m[K^~~~~~~~~~~[m[K
compilation terminated.
configure:12201: $? = 1
configure: failed program was:
| /* confdefs.h */
| #define PACKAGE_NAME "libsframe"
| #define PACKAGE_TARNAME "libsframe"
| #define PACKAGE_VERSION "BFD_VERSION"
| #define PACKAGE_STRING "libsframe BFD_VERSION"
| #define PACKAGE_BUGREPORT ""
| #define PACKAGE_URL ""
| #define STDC_HEADERS 1
| #define HAVE_SYS_TYPES_H 1
| #define HAVE_SYS_STAT_H 1
| #define HAVE_STDLIB_H 1
| #define HAVE_STRING_H 1
| #define HAVE_MEMORY_H 1
| #define HAVE_STRINGS_H 1
| #define HAVE_INTTYPES_H 1
| #define HAVE_STDINT_H 1
| #define HAVE_UNISTD_H 1
| #define __EXTENSIONS__ 1
| #define _ALL_SOURCE 1
| #define _GNU_SOURCE 1
| #define _POSIX_PTHREAD_SEMANTICS 1
| #define _TANDEM_SOURCE 1
| #define PACKAGE "libsframe"
| #define VERSION "BFD_VERSION"
| #define HAVE_DLFCN_H 1
| #define LT_OBJDIR ".libs/"
| #define _FILE_OFFSET_BITS 64
| /* end confdefs.h.  */
| #include <dejagnu.h>
| int
| main ()
| {
| pass ("test foo");
| 	       return 0;
|   ;
|   return 0;
| }
configure:12208: result: no
configure:12233: checking for makeinfo
configure:12260: result: makeinfo --split-size=5000000
configure:12300: checking whether to enable maintainer-specific portions of Makefiles
configure:12309: result: no
configure:12337: checking whether to install libbfd
configure:12350: result: no
configure:12385: checking for stdlib.h
configure:12385: result: yes
configure:12385: checking for unistd.h
configure:12385: result: yes
configure:12385: checking for sys/param.h
configure:12385: result: yes
configure:12405: checking for getpagesize
configure:12405: result: yes
configure:12414: checking for working mmap
configure:12571: result: no
configure:12583: checking for byteswap.h
configure:12583: result: yes
configure:12583: checking for endian.h
configure:12583: result: yes
configure:12594: checking whether bswap_16 is declared
configure:12594: result: yes
configure:12605: checking whether bswap_32 is declared
configure:12605: result: yes
configure:12616: checking whether bswap_64 is declared
configure:12616: result: yes
configure:12734: checking that generated files are newer than configure
configure:12740: result: done
configure:12779: creating ./config.status

## ---------------------- ##
## Running config.status. ##
## ---------------------- ##

This file was extended by libsframe config.status BFD_VERSION, which was
generated by GNU Autoconf 2.69.  Invocation command line was

  CONFIG_FILES    = 
  CONFIG_HEADERS  = 
  CONFIG_LINKS    = 
  CONFIG_COMMANDS = 
  $ ./config.status 

on hyperbookszyb

config.status:1099: creating Makefile
config.status:1099: creating config.h
config.status:1280: config.h is unchanged
config.status:1328: executing depfiles commands
config.status:1328: executing libtool commands

## ---------------- ##
## Cache variables. ##
## ---------------- ##

ac_cv_build=x86_64-pc-linux-gnu
ac_cv_c_compiler_gnu=yes
ac_cv_dejagnu_compat=no
ac_cv_env_CC_set=set
ac_cv_env_CC_value=arm-kobo-linux-gnueabihf-gcc
ac_cv_env_CFLAGS_set=set
ac_cv_env_CFLAGS_value='-g -O2    '
ac_cv_env_CPPFLAGS_set=
ac_cv_env_CPPFLAGS_value=
ac_cv_env_CPP_set=
ac_cv_env_CPP_value=
ac_cv_env_LDFLAGS_set=set
ac_cv_env_LDFLAGS_value=' '
ac_cv_env_LIBS_set=
ac_cv_env_LIBS_value=
ac_cv_env_build_alias_set=set
ac_cv_env_build_alias_value=x86_64-pc-linux-gnu
ac_cv_env_host_alias_set=set
ac_cv_env_host_alias_value=arm-linux-gnueabihf
ac_cv_env_target_alias_set=set
ac_cv_env_target_alias_value=arm-linux-gnueabihf
ac_cv_func_getpagesize=yes
ac_cv_func_mmap_fixed_mapped=no
ac_cv_have_decl_bswap_16=yes
ac_cv_have_decl_bswap_32=yes
ac_cv_have_decl_bswap_64=yes
ac_cv_header_byteswap_h=yes
ac_cv_header_dlfcn_h=yes
ac_cv_header_endian_h=yes
ac_cv_header_inttypes_h=yes
ac_cv_header_memory_h=yes
ac_cv_header_minix_config_h=no
ac_cv_header_stdc=yes
ac_cv_header_stdint_h=yes
ac_cv_header_stdlib_h=yes
ac_cv_header_string_h=yes
ac_cv_header_strings_h=yes
ac_cv_header_sys_param_h=yes
ac_cv_header_sys_stat_h=yes
ac_cv_header_sys_types_h=yes
ac_cv_header_unistd_h=yes
ac_cv_host=arm-unknown-linux-gnueabihf
ac_cv_objext=o
ac_cv_path_EGREP='/sbin/grep -E'
ac_cv_path_FGREP='/sbin/grep -F'
ac_cv_path_GREP=/sbin/grep
ac_cv_path_SED=/sbin/sed
ac_cv_path_mkdir=/sbin/mkdir
ac_cv_prog_ACLOCAL='${SHELL} /mnt/HDD/Project/Public/okulartry/binutils-gdb/missing aclocal-1.15'
ac_cv_prog_AR='arm-kobo-linux-gnueabihf-ar --plugin /mnt/HDD/Project/inkbox-build/inkbox/compiled-binaries/arm-kobo-linux-gnueabihf/bin/../libexec/gcc/arm-kobo-linux-gnueabihf/11.2.0/liblto_plugin.so'
ac_cv_prog_AUTOCONF='${SHELL} /mnt/HDD/Project/Public/okulartry/binutils-gdb/missing autoconf'
ac_cv_prog_AUTOHEADER='${SHELL} /mnt/HDD/Project/Public/okulartry/binutils-gdb/missing autoheader'
ac_cv_prog_AWK=gawk
ac_cv_prog_CC=arm-kobo-linux-gnueabihf-gcc
ac_cv_prog_CPP='arm-kobo-linux-gnueabihf-gcc -E'
ac_cv_prog_MAKEINFO='makeinfo --split-size=5000000'
ac_cv_prog_OBJDUMP=arm-linux-gnueabihf-objdump
ac_cv_prog_RANLIB='arm-kobo-linux-gnueabihf-ranlib --plugin /mnt/HDD/Project/inkbox-build/inkbox/compiled-binaries/arm-kobo-linux-gnueabihf/bin/../libexec/gcc/arm-kobo-linux-gnueabihf/11.2.0/liblto_plugin.so'
ac_cv_prog_STRIP=strip
ac_cv_prog_ac_ct_DUMPBIN='link -dump'
ac_cv_prog_ac_ct_STRIP=strip
ac_cv_prog_cc_c89=
ac_cv_prog_cc_g=yes
ac_cv_prog_make_make_set=yes
ac_cv_safe_to_define___extensions__=yes
ac_cv_sys_file_offset_bits=64
ac_cv_sys_largefile_CC=no
acx_cv_prog_cc_warning__Wall=yes
acx_cv_prog_cc_warning__Wextra=yes
acx_cv_prog_cc_warning__Wmissing_format_attribute=yes
acx_cv_prog_cc_warning__Wmissing_prototypes=yes
acx_cv_prog_cc_warning__Wstrict_prototypes=yes
acx_cv_prog_cc_warning__Wwrite_strings=yes
am_cv_CC_dependencies_compiler_type=gcc3
am_cv_ar_interface=ar
am_cv_make_support_nested_variables=yes
am_cv_prog_cc_c_o=yes
lt_cv_deplibs_check_method=pass_all
lt_cv_file_magic_cmd='$MAGIC_CMD'
lt_cv_file_magic_test_file=
lt_cv_ld_reload_flag=-r
lt_cv_nm_interface='BSD nm'
lt_cv_objdir=.libs
lt_cv_path_LD=arm-kobo-linux-gnueabihf-ld
lt_cv_path_NM=no
lt_cv_prog_compiler_c_o=yes
lt_cv_prog_compiler_pic_works=yes
lt_cv_prog_compiler_rtti_exceptions=no
lt_cv_prog_compiler_static_works=yes
lt_cv_prog_gnu_ld=yes
lt_cv_shlibpath_overrides_runpath=no
lt_cv_sys_global_symbol_pipe=
lt_cv_sys_global_symbol_to_c_name_address='sed -n -e '\''s/^: \([^ ]*\) $/  {\"\1\", (void *) 0},/p'\'' -e '\''s/^[BCDEGRST]* \([^ ]*\) \([^ ]*\)$/  {"\2", (void *) \&\2},/p'\'''
lt_cv_sys_global_symbol_to_c_name_address_lib_prefix='sed -n -e '\''s/^: \([^ ]*\) $/  {\"\1\", (void *) 0},/p'\'' -e '\''s/^[BCDEGRST]* \([^ ]*\) \(lib[^ ]*\)$/  {"\2", (void *) \&\2},/p'\'' -e '\''s/^[BCDEGRST]* \([^ ]*\) \([^ ]*\)$/  {"lib\2", (void *) \&\2},/p'\'''
lt_cv_sys_global_symbol_to_cdecl=
lt_cv_sys_max_cmd_len=1572864

## ----------------- ##
## Output variables. ##
## ----------------- ##

ACLOCAL='${SHELL} /mnt/HDD/Project/Public/okulartry/binutils-gdb/missing aclocal-1.15'
AMDEPBACKSLASH='\'
AMDEP_FALSE='#'
AMDEP_TRUE=''
AMTAR='$${TAR-tar}'
AM_BACKSLASH='\'
AM_DEFAULT_V='$(AM_DEFAULT_VERBOSITY)'
AM_DEFAULT_VERBOSITY='1'
AM_V='$(V)'
AR='arm-kobo-linux-gnueabihf-ar --plugin /mnt/HDD/Project/inkbox-build/inkbox/compiled-binaries/arm-kobo-linux-gnueabihf/bin/../libexec/gcc/arm-kobo-linux-gnueabihf/11.2.0/liblto_plugin.so --plugin /mnt/HDD/Project/inkbox-build/inkbox/compiled-binaries/arm-kobo-linux-gnueabihf/bin/../libexec/gcc/arm-kobo-linux-gnueabihf/11.2.0/liblto_plugin.so'
AUTOCONF='${SHELL} /mnt/HDD/Project/Public/okulartry/binutils-gdb/missing autoconf'
AUTOHEADER='${SHELL} /mnt/HDD/Project/Public/okulartry/binutils-gdb/missing autoheader'
AUTOMAKE='${SHELL} /mnt/HDD/Project/Public/okulartry/binutils-gdb/missing automake-1.15'
AWK='gawk'
BUILD_INFO_FALSE='#'
BUILD_INFO_TRUE=''
CC='arm-kobo-linux-gnueabihf-gcc'
CCDEPMODE='depmode=gcc3'
CFLAGS='-g -O2    '
COMPAT_DEJAGNU='no'
CPP='arm-kobo-linux-gnueabihf-gcc -E'
CPPFLAGS=''
CYGPATH_W='echo'
DEFS='-DHAVE_CONFIG_H'
DEPDIR='.deps'
DSYMUTIL='arm-linux-gnueabihf-dsymutil'
DUMPBIN=':'
ECHO_C=''
ECHO_N='-n'
ECHO_T=''
EGREP='/sbin/grep -E'
EXEEXT=''
FGREP='/sbin/grep -F'
GREP='/sbin/grep'
HAVE_COMPAT_DEJAGNU_FALSE=''
HAVE_COMPAT_DEJAGNU_TRUE='#'
INSTALL_DATA='/bin/install -c -m 644'
INSTALL_LIBBFD_FALSE=''
INSTALL_LIBBFD_TRUE='#'
INSTALL_PROGRAM='/bin/install -c'
INSTALL_SCRIPT='/bin/install -c'
INSTALL_STRIP_PROGRAM='$(install_sh) -c -s'
LD='arm-kobo-linux-gnueabihf-ld'
LDFLAGS=' '
LIBOBJS=''
LIBS=''
LIBTOOL='$(SHELL) $(top_builddir)/libtool'
LIPO=''
LN_S='ln -s'
LTLIBOBJS=''
MAINT='#'
MAINTAINER_MODE_FALSE=''
MAINTAINER_MODE_TRUE='#'
MAKEINFO='makeinfo --split-size=5000000'
MKDIR_P='/sbin/mkdir -p'
NM='arm-linux-gnueabihf-nm'
NMEDIT=''
OBJDUMP='arm-linux-gnueabihf-objdump'
OBJEXT='o'
OTOOL64=''
OTOOL='arm-linux-gnueabihf-otool'
PACKAGE='libsframe'
PACKAGE_BUGREPORT=''
PACKAGE_NAME='libsframe'
PACKAGE_STRING='libsframe BFD_VERSION'
PACKAGE_TARNAME='libsframe'
PACKAGE_URL=''
PACKAGE_VERSION='BFD_VERSION'
PATH_SEPARATOR=':'
RANLIB='arm-kobo-linux-gnueabihf-ranlib --plugin /mnt/HDD/Project/inkbox-build/inkbox/compiled-binaries/arm-kobo-linux-gnueabihf/bin/../libexec/gcc/arm-kobo-linux-gnueabihf/11.2.0/liblto_plugin.so --plugin /mnt/HDD/Project/inkbox-build/inkbox/compiled-binaries/arm-kobo-linux-gnueabihf/bin/../libexec/gcc/arm-kobo-linux-gnueabihf/11.2.0/liblto_plugin.so'
SED='/sbin/sed'
SET_MAKE=''
SHELL='/bin/sh'
STRIP='strip'
VERSION='BFD_VERSION'
ac_ct_AR=''
ac_ct_CC=''
ac_ct_DUMPBIN='link -dump'
ac_libsframe_warn_cflags='-Wall -Wextra -Wwrite-strings -Wmissing-format-attribute -Wstrict-prototypes -Wmissing-prototypes'
am__EXEEXT_FALSE=''
am__EXEEXT_TRUE='#'
am__fastdepCC_FALSE='#'
am__fastdepCC_TRUE=''
am__include='include'
am__isrc=''
am__leading_dot='.'
am__nodep='_no'
am__quote=''
am__tar='$${TAR-tar} chof - "$$tardir"'
am__untar='$${TAR-tar} xf -'
bfdincludedir='$(exec_prefix)/$(host_noncanonical)/$(target_noncanonical)/include'
bfdlibdir='$(exec_prefix)/$(host_noncanonical)/$(target_noncanonical)/lib'
bindir='${exec_prefix}/bin'
build='x86_64-pc-linux-gnu'
build_alias='x86_64-pc-linux-gnu'
build_cpu='x86_64'
build_os='linux-gnu'
build_vendor='pc'
datadir='${datarootdir}'
datarootdir='${prefix}/share'
docdir='${datarootdir}/doc/${PACKAGE_TARNAME}'
dvidir='${docdir}'
exec_prefix='${prefix}'
host='arm-unknown-linux-gnueabihf'
host_alias='arm-linux-gnueabihf'
host_cpu='arm'
host_noncanonical='arm-linux-gnueabihf'
host_os='linux-gnueabihf'
host_vendor='unknown'
htmldir='${docdir}'
includedir='${prefix}/include'
infodir='${datarootdir}/info'
install_sh='${SHELL} /mnt/HDD/Project/Public/okulartry/binutils-gdb/install-sh'
libdir='${exec_prefix}/lib'
libexecdir='${exec_prefix}/libexec'
localedir='${datarootdir}/locale'
localstatedir='${prefix}/var'
mandir='${datarootdir}/man'
mkdir_p='$(MKDIR_P)'
oldincludedir='/usr/include'
pdfdir='${docdir}'
prefix='/home/build/inkbox/compiled-binaries/arm-kobo-linux-gnueabihf/arm-kobo-linux-gnueabihf/sysroot'
program_transform_name='s,y,y,'
psdir='${docdir}'
sbindir='${exec_prefix}/sbin'
sharedstatedir='${prefix}/com'
sysconfdir='${prefix}/etc'
target_alias='arm-linux-gnueabihf'
target_noncanonical='arm-linux-gnueabihf'

## ----------- ##
## confdefs.h. ##
## ----------- ##

/* confdefs.h */
#define PACKAGE_NAME "libsframe"
#define PACKAGE_TARNAME "libsframe"
#define PACKAGE_VERSION "BFD_VERSION"
#define PACKAGE_STRING "libsframe BFD_VERSION"
#define PACKAGE_BUGREPORT ""
#define PACKAGE_URL ""
#define STDC_HEADERS 1
#define HAVE_SYS_TYPES_H 1
#define HAVE_SYS_STAT_H 1
#define HAVE_STDLIB_H 1
#define HAVE_STRING_H 1
#define HAVE_MEMORY_H 1
#define HAVE_STRINGS_H 1
#define HAVE_INTTYPES_H 1
#define HAVE_STDINT_H 1
#define HAVE_UNISTD_H 1
#define __EXTENSIONS__ 1
#define _ALL_SOURCE 1
#define _GNU_SOURCE 1
#define _POSIX_PTHREAD_SEMANTICS 1
#define _TANDEM_SOURCE 1
#define PACKAGE "libsframe"
#define VERSION "BFD_VERSION"
#define HAVE_DLFCN_H 1
#define LT_OBJDIR ".libs/"
#define _FILE_OFFSET_BITS 64
#define HAVE_STDLIB_H 1
#define HAVE_UNISTD_H 1
#define HAVE_SYS_PARAM_H 1
#define HAVE_GETPAGESIZE 1
#define HAVE_BYTESWAP_H 1
#define HAVE_ENDIAN_H 1
#define HAVE_DECL_BSWAP_16 1
#define HAVE_DECL_BSWAP_32 1
#define HAVE_DECL_BSWAP_64 1

configure: exit 0
