# kdesrc-build running: 'make' '-j' '8'
# from directory: /home/szybet/kdesrc/build/frameworks/ki18n
[  1%] Automatic MOC for target ktranscript
[  4%] Generating ts...
[  5%] Automatic MOC for target KF5I18n
[  5%] Generating mo...
-- copying... /home/szybet/kdesrc/frameworks/ki18n/po/ca/scripts/ki18n5/ki18n5.js DESTINATION /home/szybet/kdesrc/build/frameworks/ki18n/locale/ca/LC_SCRIPTS/ki18n5
-- copying... /home/szybet/kdesrc/frameworks/ki18n/po/ca@valencia/scripts/ki18n5/ki18n5.js DESTINATION /home/szybet/kdesrc/build/frameworks/ki18n/locale/ca@valencia/LC_SCRIPTS/ki18n5
-- copying... /home/szybet/kdesrc/frameworks/ki18n/po/fi/scripts/ki18n5/general.pmap DESTINATION /home/szybet/kdesrc/build/frameworks/ki18n/locale/fi/LC_SCRIPTS/ki18n5
-- copying... /home/szybet/kdesrc/frameworks/ki18n/po/fi/scripts/ki18n5/ki18n5.js DESTINATION /home/szybet/kdesrc/build/frameworks/ki18n/locale/fi/LC_SCRIPTS/ki18n5
-- copying... /home/szybet/kdesrc/frameworks/ki18n/po/gd/scripts/ki18n5/ki18n5.js DESTINATION /home/szybet/kdesrc/build/frameworks/ki18n/locale/gd/LC_SCRIPTS/ki18n5
-- copying... /home/szybet/kdesrc/frameworks/ki18n/po/ja/scripts/ki18n5/ki18n5.js DESTINATION /home/szybet/kdesrc/build/frameworks/ki18n/locale/ja/LC_SCRIPTS/ki18n5
-- copying... /home/szybet/kdesrc/frameworks/ki18n/po/ko/scripts/ki18n5/ki18n5.js DESTINATION /home/szybet/kdesrc/build/frameworks/ki18n/locale/ko/LC_SCRIPTS/ki18n5
-- copying... /home/szybet/kdesrc/frameworks/ki18n/po/nb/scripts/ki18n5/ki18n5.js DESTINATION /home/szybet/kdesrc/build/frameworks/ki18n/locale/nb/LC_SCRIPTS/ki18n5
-- copying... /home/szybet/kdesrc/frameworks/ki18n/po/nn/scripts/ki18n5/ki18n5.js DESTINATION /home/szybet/kdesrc/build/frameworks/ki18n/locale/nn/LC_SCRIPTS/ki18n5
-- copying... /home/szybet/kdesrc/frameworks/ki18n/po/nn/scripts/ki18n5/skjermelement.pmap DESTINATION /home/szybet/kdesrc/build/frameworks/ki18n/locale/nn/LC_SCRIPTS/ki18n5
-- copying... /home/szybet/kdesrc/frameworks/ki18n/po/ru/scripts/ki18n5/ki18n5.js DESTINATION /home/szybet/kdesrc/build/frameworks/ki18n/locale/ru/LC_SCRIPTS/ki18n5
-- copying... /home/szybet/kdesrc/frameworks/ki18n/po/sr/scripts/ki18n5/ki18n5.js DESTINATION /home/szybet/kdesrc/build/frameworks/ki18n/locale/sr/LC_SCRIPTS/ki18n5
-- copying... /home/szybet/kdesrc/frameworks/ki18n/po/sr/scripts/ki18n5/trapnakron.pmap DESTINATION /home/szybet/kdesrc/build/frameworks/ki18n/locale/sr/LC_SCRIPTS/ki18n5
-- copying... /home/szybet/kdesrc/frameworks/ki18n/po/sr@ijekavian/scripts/ki18n5/ki18n5.js DESTINATION /home/szybet/kdesrc/build/frameworks/ki18n/locale/sr@ijekavian/LC_SCRIPTS/ki18n5
-- copying... /home/szybet/kdesrc/frameworks/ki18n/po/sr@ijekavian/scripts/ki18n5/trapnakron.pmap DESTINATION /home/szybet/kdesrc/build/frameworks/ki18n/locale/sr@ijekavian/LC_SCRIPTS/ki18n5
-- copying... /home/szybet/kdesrc/frameworks/ki18n/po/sr@ijekavianlatin/scripts/ki18n5/ki18n5.js DESTINATION /home/szybet/kdesrc/build/frameworks/ki18n/locale/sr@ijekavianlatin/LC_SCRIPTS/ki18n5
-- copying... /home/szybet/kdesrc/frameworks/ki18n/po/sr@ijekavianlatin/scripts/ki18n5/trapnakron.pmap DESTINATION /home/szybet/kdesrc/build/frameworks/ki18n/locale/sr@ijekavianlatin/LC_SCRIPTS/ki18n5
-- copying... /home/szybet/kdesrc/frameworks/ki18n/po/sr@latin/scripts/ki18n5/ki18n5.js DESTINATION /home/szybet/kdesrc/build/frameworks/ki18n/locale/sr@latin/LC_SCRIPTS/ki18n5
-- copying... /home/szybet/kdesrc/frameworks/ki18n/po/sr@latin/scripts/ki18n5/trapnakron.pmap DESTINATION /home/szybet/kdesrc/build/frameworks/ki18n/locale/sr@latin/LC_SCRIPTS/ki18n5
-- copying... /home/szybet/kdesrc/frameworks/ki18n/po/uk/scripts/ki18n5/ki18n5.js DESTINATION /home/szybet/kdesrc/build/frameworks/ki18n/locale/uk/LC_SCRIPTS/ki18n5
[  5%] Built target ktranscript_autogen
[  5%] Built target KF5I18n_autogen
[  5%] Built target tsfiles-cfa32f4b8ec2d9b64b08c8957696e9b3
[  5%] Built target pofiles-cfa32f4b8ec2d9b64b08c8957696e9b3
[ 10%] Built target ktranscript
[ 25%] Built target KF5I18n
[ 26%] Automatic MOC for target KF5I18nLocaleData
[ 28%] Automatic MOC for target ki18n-declarativetest
[ 29%] Automatic MOC for target ki18n-ktranscripttest
[ 30%] Automatic MOC for target ki18n-klocalizedstringtest
[ 33%] Automatic MOC for target ki18n-klazylocalizedstringtest
[ 33%] Automatic MOC for target ki18n-ktranscriptcleantest
[ 33%] Built target ki18n-klocalizedstringtest_autogen
[ 33%] Built target ki18n-ktranscripttest_autogen
[ 33%] Built target ki18n-declarativetest_autogen
[ 33%] Built target KF5I18nLocaleData_autogen
[ 33%] Built target ki18n-ktranscriptcleantest_autogen
[ 33%] Built target ki18n-klazylocalizedstringtest_autogen
[ 41%] Built target ki18n-ktranscripttest
[ 42%] Built target ki18n-declarativetest
[ 46%] Built target ki18n-klazylocalizedstringtest
[ 50%] Built target ki18n-klocalizedstringtest
[ 66%] Built target KF5I18nLocaleData
[ 73%] Built target ki18n-ktranscriptcleantest
[ 74%] Automatic MOC for target kcountrytest
[ 76%] Automatic MOC for target ki18nlocaledataqmlplugin
[ 77%] Automatic MOC for target ktimezonetest
[ 78%] Automatic MOC for target kcountrysubdivisiontest
[ 80%] Automatic MOC for target kcatalogtest
[ 80%] Built target kcountrytest_autogen
[ 80%] Built target ki18nlocaledataqmlplugin_autogen
[ 80%] Built target kcountrysubdivisiontest_autogen
[ 80%] Built target ktimezonetest_autogen
[ 80%] Built target kcatalogtest_autogen
[ 84%] Built target kcountrytest
[ 88%] Built target ki18nlocaledataqmlplugin
[ 92%] Built target kcountrysubdivisiontest
[ 96%] Built target kcatalogtest
[100%] Built target ktimezonetest
