# kdesrc-build running: 'make' 'install/fast'
# from directory: /home/szybet/kdesrc/build/frameworks/kwallet
Install the project...
-- Install configuration: "Debug"
-- Up-to-date: /mnt/HDD/Project/Public/okulartry/okular-things/share/locale
-- Up-to-date: /mnt/HDD/Project/Public/okulartry/okular-things/share/locale/da
-- Up-to-date: /mnt/HDD/Project/Public/okulartry/okular-things/share/locale/da/LC_MESSAGES
-- Up-to-date: /mnt/HDD/Project/Public/okulartry/okular-things/share/locale/da/LC_MESSAGES/kwalletd5.mo
-- Up-to-date: /mnt/HDD/Project/Public/okulartry/okular-things/share/locale/da/LC_MESSAGES/kwallet-query.mo
-- Up-to-date: /mnt/HDD/Project/Public/okulartry/okular-things/share/locale/mai
-- Up-to-date: /mnt/HDD/Project/Public/okulartry/okular-things/share/locale/mai/LC_MESSAGES
-- Up-to-date: /mnt/HDD/Project/Public/okulartry/okular-things/share/locale/mai/LC_MESSAGES/kwalletd5.mo
-- Up-to-date: /mnt/HDD/Project/Public/okulartry/okular-things/share/locale/tr
-- Up-to-date: /mnt/HDD/Project/Public/okulartry/okular-things/share/locale/tr/LC_MESSAGES
-- Up-to-date: /mnt/HDD/Project/Public/okulartry/okular-things/share/locale/tr/LC_MESSAGES/kwalletd5.mo
-- Up-to-date: /mnt/HDD/Project/Public/okulartry/okular-things/share/locale/tr/LC_MESSAGES/kwallet-query.mo
-- Up-to-date: /mnt/HDD/Project/Public/okulartry/okular-things/share/locale/ko
-- Up-to-date: /mnt/HDD/Project/Public/okulartry/okular-things/share/locale/ko/LC_MESSAGES
-- Up-to-date: /mnt/HDD/Project/Public/okulartry/okular-things/share/locale/ko/LC_MESSAGES/kwalletd5.mo
-- Up-to-date: /mnt/HDD/Project/Public/okulartry/okular-things/share/locale/ko/LC_MESSAGES/kwallet-query.mo
-- Up-to-date: /mnt/HDD/Project/Public/okulartry/okular-things/share/locale/id
-- Up-to-date: /mnt/HDD/Project/Public/okulartry/okular-things/share/locale/id/LC_MESSAGES
-- Up-to-date: /mnt/HDD/Project/Public/okulartry/okular-things/share/locale/id/LC_MESSAGES/kwalletd5.mo
-- Up-to-date: /mnt/HDD/Project/Public/okulartry/okular-things/share/locale/id/LC_MESSAGES/kwallet-query.mo
-- Up-to-date: /mnt/HDD/Project/Public/okulartry/okular-things/share/locale/cs
-- Up-to-date: /mnt/HDD/Project/Public/okulartry/okular-things/share/locale/cs/LC_MESSAGES
-- Up-to-date: /mnt/HDD/Project/Public/okulartry/okular-things/share/locale/cs/LC_MESSAGES/kwalletd5.mo
-- Up-to-date: /mnt/HDD/Project/Public/okulartry/okular-things/share/locale/cs/LC_MESSAGES/kwallet-query.mo
-- Up-to-date: /mnt/HDD/Project/Public/okulartry/okular-things/share/locale/zh_TW
-- Up-to-date: /mnt/HDD/Project/Public/okulartry/okular-things/share/locale/zh_TW/LC_MESSAGES
-- Up-to-date: /mnt/HDD/Project/Public/okulartry/okular-things/share/locale/zh_TW/LC_MESSAGES/kwalletd5.mo
-- Up-to-date: /mnt/HDD/Project/Public/okulartry/okular-things/share/locale/zh_TW/LC_MESSAGES/kwallet-query.mo
-- Up-to-date: /mnt/HDD/Project/Public/okulartry/okular-things/share/locale/sr
-- Up-to-date: /mnt/HDD/Project/Public/okulartry/okular-things/share/locale/sr/LC_MESSAGES
-- Up-to-date: /mnt/HDD/Project/Public/okulartry/okular-things/share/locale/sr/LC_MESSAGES/kwalletd5.mo
-- Up-to-date: /mnt/HDD/Project/Public/okulartry/okular-things/share/locale/sr/LC_MESSAGES/kwallet-query.mo
-- Up-to-date: /mnt/HDD/Project/Public/okulartry/okular-things/share/locale/pl
-- Up-to-date: /mnt/HDD/Project/Public/okulartry/okular-things/share/locale/pl/LC_MESSAGES
-- Up-to-date: /mnt/HDD/Project/Public/okulartry/okular-things/share/locale/pl/LC_MESSAGES/kwalletd5.mo
-- Up-to-date: /mnt/HDD/Project/Public/okulartry/okular-things/share/locale/pl/LC_MESSAGES/kwallet-query.mo
-- Up-to-date: /mnt/HDD/Project/Public/okulartry/okular-things/share/locale/tg
-- Up-to-date: /mnt/HDD/Project/Public/okulartry/okular-things/share/locale/tg/LC_MESSAGES
-- Up-to-date: /mnt/HDD/Project/Public/okulartry/okular-things/share/locale/tg/LC_MESSAGES/kwalletd5.mo
-- Up-to-date: /mnt/HDD/Project/Public/okulartry/okular-things/share/locale/tg/LC_MESSAGES/kwallet-query.mo
-- Up-to-date: /mnt/HDD/Project/Public/okulartry/okular-things/share/locale/zh_CN
-- Up-to-date: /mnt/HDD/Project/Public/okulartry/okular-things/share/locale/zh_CN/LC_MESSAGES
-- Up-to-date: /mnt/HDD/Project/Public/okulartry/okular-things/share/locale/zh_CN/LC_MESSAGES/kwalletd5.mo
-- Up-to-date: /mnt/HDD/Project/Public/okulartry/okular-things/share/locale/zh_CN/LC_MESSAGES/kwallet-query.mo
-- Up-to-date: /mnt/HDD/Project/Public/okulartry/okular-things/share/locale/pt_BR
-- Up-to-date: /mnt/HDD/Project/Public/okulartry/okular-things/share/locale/pt_BR/LC_MESSAGES
-- Up-to-date: /mnt/HDD/Project/Public/okulartry/okular-things/share/locale/pt_BR/LC_MESSAGES/kwalletd5.mo
-- Up-to-date: /mnt/HDD/Project/Public/okulartry/okular-things/share/locale/pt_BR/LC_MESSAGES/kwallet-query.mo
-- Up-to-date: /mnt/HDD/Project/Public/okulartry/okular-things/share/locale/kk
-- Up-to-date: /mnt/HDD/Project/Public/okulartry/okular-things/share/locale/kk/LC_MESSAGES
-- Up-to-date: /mnt/HDD/Project/Public/okulartry/okular-things/share/locale/kk/LC_MESSAGES/kwalletd5.mo
-- Up-to-date: /mnt/HDD/Project/Public/okulartry/okular-things/share/locale/it
-- Up-to-date: /mnt/HDD/Project/Public/okulartry/okular-things/share/locale/it/LC_MESSAGES
-- Up-to-date: /mnt/HDD/Project/Public/okulartry/okular-things/share/locale/it/LC_MESSAGES/kwalletd5.mo
-- Up-to-date: /mnt/HDD/Project/Public/okulartry/okular-things/share/locale/it/LC_MESSAGES/kwallet-query.mo
-- Up-to-date: /mnt/HDD/Project/Public/okulartry/okular-things/share/locale/ml
-- Up-to-date: /mnt/HDD/Project/Public/okulartry/okular-things/share/locale/ml/LC_MESSAGES
-- Up-to-date: /mnt/HDD/Project/Public/okulartry/okular-things/share/locale/ml/LC_MESSAGES/kwalletd5.mo
-- Up-to-date: /mnt/HDD/Project/Public/okulartry/okular-things/share/locale/ml/LC_MESSAGES/kwallet-query.mo
-- Up-to-date: /mnt/HDD/Project/Public/okulartry/okular-things/share/locale/be
-- Up-to-date: /mnt/HDD/Project/Public/okulartry/okular-things/share/locale/be/LC_MESSAGES
-- Up-to-date: /mnt/HDD/Project/Public/okulartry/okular-things/share/locale/be/LC_MESSAGES/kwalletd5.mo
-- Up-to-date: /mnt/HDD/Project/Public/okulartry/okular-things/share/locale/lv
-- Up-to-date: /mnt/HDD/Project/Public/okulartry/okular-things/share/locale/lv/LC_MESSAGES
-- Up-to-date: /mnt/HDD/Project/Public/okulartry/okular-things/share/locale/lv/LC_MESSAGES/kwalletd5.mo
-- Up-to-date: /mnt/HDD/Project/Public/okulartry/okular-things/share/locale/ru
-- Up-to-date: /mnt/HDD/Project/Public/okulartry/okular-things/share/locale/ru/LC_MESSAGES
-- Up-to-date: /mnt/HDD/Project/Public/okulartry/okular-things/share/locale/ru/LC_MESSAGES/kwalletd5.mo
-- Up-to-date: /mnt/HDD/Project/Public/okulartry/okular-things/share/locale/ru/LC_MESSAGES/kwallet-query.mo
-- Up-to-date: /mnt/HDD/Project/Public/okulartry/okular-things/share/locale/vi
-- Up-to-date: /mnt/HDD/Project/Public/okulartry/okular-things/share/locale/vi/LC_MESSAGES
-- Up-to-date: /mnt/HDD/Project/Public/okulartry/okular-things/share/locale/vi/LC_MESSAGES/kwalletd5.mo
-- Up-to-date: /mnt/HDD/Project/Public/okulartry/okular-things/share/locale/vi/LC_MESSAGES/kwallet-query.mo
-- Up-to-date: /mnt/HDD/Project/Public/okulartry/okular-things/share/locale/fr
-- Up-to-date: /mnt/HDD/Project/Public/okulartry/okular-things/share/locale/fr/LC_MESSAGES
-- Up-to-date: /mnt/HDD/Project/Public/okulartry/okular-things/share/locale/fr/LC_MESSAGES/kwalletd5.mo
-- Up-to-date: /mnt/HDD/Project/Public/okulartry/okular-things/share/locale/fr/LC_MESSAGES/kwallet-query.mo
-- Up-to-date: /mnt/HDD/Project/Public/okulartry/okular-things/share/locale/hi
-- Up-to-date: /mnt/HDD/Project/Public/okulartry/okular-things/share/locale/hi/LC_MESSAGES
-- Up-to-date: /mnt/HDD/Project/Public/okulartry/okular-things/share/locale/hi/LC_MESSAGES/kwalletd5.mo
-- Up-to-date: /mnt/HDD/Project/Public/okulartry/okular-things/share/locale/si
-- Up-to-date: /mnt/HDD/Project/Public/okulartry/okular-things/share/locale/si/LC_MESSAGES
-- Up-to-date: /mnt/HDD/Project/Public/okulartry/okular-things/share/locale/si/LC_MESSAGES/kwalletd5.mo
-- Up-to-date: /mnt/HDD/Project/Public/okulartry/okular-things/share/locale/ro
-- Up-to-date: /mnt/HDD/Project/Public/okulartry/okular-things/share/locale/ro/LC_MESSAGES
-- Up-to-date: /mnt/HDD/Project/Public/okulartry/okular-things/share/locale/ro/LC_MESSAGES/kwalletd5.mo
-- Up-to-date: /mnt/HDD/Project/Public/okulartry/okular-things/share/locale/ro/LC_MESSAGES/kwallet-query.mo
-- Up-to-date: /mnt/HDD/Project/Public/okulartry/okular-things/share/locale/ga
-- Up-to-date: /mnt/HDD/Project/Public/okulartry/okular-things/share/locale/ga/LC_MESSAGES
-- Up-to-date: /mnt/HDD/Project/Public/okulartry/okular-things/share/locale/ga/LC_MESSAGES/kwalletd5.mo
-- Up-to-date: /mnt/HDD/Project/Public/okulartry/okular-things/share/locale/bn
-- Up-to-date: /mnt/HDD/Project/Public/okulartry/okular-things/share/locale/bn/LC_MESSAGES
-- Up-to-date: /mnt/HDD/Project/Public/okulartry/okular-things/share/locale/bn/LC_MESSAGES/kwalletd5.mo
-- Up-to-date: /mnt/HDD/Project/Public/okulartry/okular-things/share/locale/pa
-- Up-to-date: /mnt/HDD/Project/Public/okulartry/okular-things/share/locale/pa/LC_MESSAGES
-- Up-to-date: /mnt/HDD/Project/Public/okulartry/okular-things/share/locale/pa/LC_MESSAGES/kwalletd5.mo
-- Up-to-date: /mnt/HDD/Project/Public/okulartry/okular-things/share/locale/pa/LC_MESSAGES/kwallet-query.mo
-- Up-to-date: /mnt/HDD/Project/Public/okulartry/okular-things/share/locale/wa
-- Up-to-date: /mnt/HDD/Project/Public/okulartry/okular-things/share/locale/wa/LC_MESSAGES
-- Up-to-date: /mnt/HDD/Project/Public/okulartry/okular-things/share/locale/wa/LC_MESSAGES/kwalletd5.mo
-- Up-to-date: /mnt/HDD/Project/Public/okulartry/okular-things/share/locale/es
-- Up-to-date: /mnt/HDD/Project/Public/okulartry/okular-things/share/locale/es/LC_MESSAGES
-- Up-to-date: /mnt/HDD/Project/Public/okulartry/okular-things/share/locale/es/LC_MESSAGES/kwalletd5.mo
-- Up-to-date: /mnt/HDD/Project/Public/okulartry/okular-things/share/locale/es/LC_MESSAGES/kwallet-query.mo
-- Up-to-date: /mnt/HDD/Project/Public/okulartry/okular-things/share/locale/ia
-- Up-to-date: /mnt/HDD/Project/Public/okulartry/okular-things/share/locale/ia/LC_MESSAGES
-- Up-to-date: /mnt/HDD/Project/Public/okulartry/okular-things/share/locale/ia/LC_MESSAGES/kwalletd5.mo
-- Up-to-date: /mnt/HDD/Project/Public/okulartry/okular-things/share/locale/ia/LC_MESSAGES/kwallet-query.mo
-- Up-to-date: /mnt/HDD/Project/Public/okulartry/okular-things/share/locale/mr
-- Up-to-date: /mnt/HDD/Project/Public/okulartry/okular-things/share/locale/mr/LC_MESSAGES
-- Up-to-date: /mnt/HDD/Project/Public/okulartry/okular-things/share/locale/mr/LC_MESSAGES/kwalletd5.mo
-- Up-to-date: /mnt/HDD/Project/Public/okulartry/okular-things/share/locale/fi
-- Up-to-date: /mnt/HDD/Project/Public/okulartry/okular-things/share/locale/fi/LC_MESSAGES
-- Up-to-date: /mnt/HDD/Project/Public/okulartry/okular-things/share/locale/fi/LC_MESSAGES/kwalletd5.mo
-- Up-to-date: /mnt/HDD/Project/Public/okulartry/okular-things/share/locale/fi/LC_MESSAGES/kwallet-query.mo
-- Up-to-date: /mnt/HDD/Project/Public/okulartry/okular-things/share/locale/bs
-- Up-to-date: /mnt/HDD/Project/Public/okulartry/okular-things/share/locale/bs/LC_MESSAGES
-- Up-to-date: /mnt/HDD/Project/Public/okulartry/okular-things/share/locale/bs/LC_MESSAGES/kwalletd5.mo
-- Up-to-date: /mnt/HDD/Project/Public/okulartry/okular-things/share/locale/nn
-- Up-to-date: /mnt/HDD/Project/Public/okulartry/okular-things/share/locale/nn/LC_MESSAGES
-- Up-to-date: /mnt/HDD/Project/Public/okulartry/okular-things/share/locale/nn/LC_MESSAGES/kwalletd5.mo
-- Up-to-date: /mnt/HDD/Project/Public/okulartry/okular-things/share/locale/nn/LC_MESSAGES/kwallet-query.mo
-- Up-to-date: /mnt/HDD/Project/Public/okulartry/okular-things/share/locale/ja
-- Up-to-date: /mnt/HDD/Project/Public/okulartry/okular-things/share/locale/ja/LC_MESSAGES
-- Up-to-date: /mnt/HDD/Project/Public/okulartry/okular-things/share/locale/ja/LC_MESSAGES/kwalletd5.mo
-- Up-to-date: /mnt/HDD/Project/Public/okulartry/okular-things/share/locale/ja/LC_MESSAGES/kwallet-query.mo
-- Up-to-date: /mnt/HDD/Project/Public/okulartry/okular-things/share/locale/el
-- Up-to-date: /mnt/HDD/Project/Public/okulartry/okular-things/share/locale/el/LC_MESSAGES
-- Up-to-date: /mnt/HDD/Project/Public/okulartry/okular-things/share/locale/el/LC_MESSAGES/kwalletd5.mo
-- Up-to-date: /mnt/HDD/Project/Public/okulartry/okular-things/share/locale/el/LC_MESSAGES/kwallet-query.mo
-- Up-to-date: /mnt/HDD/Project/Public/okulartry/okular-things/share/locale/fy
-- Up-to-date: /mnt/HDD/Project/Public/okulartry/okular-things/share/locale/fy/LC_MESSAGES
-- Up-to-date: /mnt/HDD/Project/Public/okulartry/okular-things/share/locale/fy/LC_MESSAGES/kwalletd5.mo
-- Up-to-date: /mnt/HDD/Project/Public/okulartry/okular-things/share/locale/uk
-- Up-to-date: /mnt/HDD/Project/Public/okulartry/okular-things/share/locale/uk/LC_MESSAGES
-- Up-to-date: /mnt/HDD/Project/Public/okulartry/okular-things/share/locale/uk/LC_MESSAGES/kwalletd5.mo
-- Up-to-date: /mnt/HDD/Project/Public/okulartry/okular-things/share/locale/uk/LC_MESSAGES/kwallet-query.mo
-- Up-to-date: /mnt/HDD/Project/Public/okulartry/okular-things/share/locale/sk
-- Up-to-date: /mnt/HDD/Project/Public/okulartry/okular-things/share/locale/sk/LC_MESSAGES
-- Up-to-date: /mnt/HDD/Project/Public/okulartry/okular-things/share/locale/sk/LC_MESSAGES/kwalletd5.mo
-- Up-to-date: /mnt/HDD/Project/Public/okulartry/okular-things/share/locale/sk/LC_MESSAGES/kwallet-query.mo
-- Up-to-date: /mnt/HDD/Project/Public/okulartry/okular-things/share/locale/gu
-- Up-to-date: /mnt/HDD/Project/Public/okulartry/okular-things/share/locale/gu/LC_MESSAGES
-- Up-to-date: /mnt/HDD/Project/Public/okulartry/okular-things/share/locale/gu/LC_MESSAGES/kwalletd5.mo
-- Up-to-date: /mnt/HDD/Project/Public/okulartry/okular-things/share/locale/et
-- Up-to-date: /mnt/HDD/Project/Public/okulartry/okular-things/share/locale/et/LC_MESSAGES
-- Up-to-date: /mnt/HDD/Project/Public/okulartry/okular-things/share/locale/et/LC_MESSAGES/kwalletd5.mo
-- Up-to-date: /mnt/HDD/Project/Public/okulartry/okular-things/share/locale/et/LC_MESSAGES/kwallet-query.mo
-- Up-to-date: /mnt/HDD/Project/Public/okulartry/okular-things/share/locale/sl
-- Up-to-date: /mnt/HDD/Project/Public/okulartry/okular-things/share/locale/sl/LC_MESSAGES
-- Up-to-date: /mnt/HDD/Project/Public/okulartry/okular-things/share/locale/sl/LC_MESSAGES/kwalletd5.mo
-- Up-to-date: /mnt/HDD/Project/Public/okulartry/okular-things/share/locale/sl/LC_MESSAGES/kwallet-query.mo
-- Up-to-date: /mnt/HDD/Project/Public/okulartry/okular-things/share/locale/de
-- Up-to-date: /mnt/HDD/Project/Public/okulartry/okular-things/share/locale/de/LC_MESSAGES
-- Up-to-date: /mnt/HDD/Project/Public/okulartry/okular-things/share/locale/de/LC_MESSAGES/kwalletd5.mo
-- Up-to-date: /mnt/HDD/Project/Public/okulartry/okular-things/share/locale/de/LC_MESSAGES/kwallet-query.mo
-- Up-to-date: /mnt/HDD/Project/Public/okulartry/okular-things/share/locale/ar
-- Up-to-date: /mnt/HDD/Project/Public/okulartry/okular-things/share/locale/ar/LC_MESSAGES
-- Up-to-date: /mnt/HDD/Project/Public/okulartry/okular-things/share/locale/ar/LC_MESSAGES/kwalletd5.mo
-- Up-to-date: /mnt/HDD/Project/Public/okulartry/okular-things/share/locale/ar/LC_MESSAGES/kwallet-query.mo
-- Up-to-date: /mnt/HDD/Project/Public/okulartry/okular-things/share/locale/nb
-- Up-to-date: /mnt/HDD/Project/Public/okulartry/okular-things/share/locale/nb/LC_MESSAGES
-- Up-to-date: /mnt/HDD/Project/Public/okulartry/okular-things/share/locale/nb/LC_MESSAGES/kwalletd5.mo
-- Up-to-date: /mnt/HDD/Project/Public/okulartry/okular-things/share/locale/fa
-- Up-to-date: /mnt/HDD/Project/Public/okulartry/okular-things/share/locale/fa/LC_MESSAGES
-- Up-to-date: /mnt/HDD/Project/Public/okulartry/okular-things/share/locale/fa/LC_MESSAGES/kwalletd5.mo
-- Up-to-date: /mnt/HDD/Project/Public/okulartry/okular-things/share/locale/bn_IN
-- Up-to-date: /mnt/HDD/Project/Public/okulartry/okular-things/share/locale/bn_IN/LC_MESSAGES
-- Up-to-date: /mnt/HDD/Project/Public/okulartry/okular-things/share/locale/bn_IN/LC_MESSAGES/kwalletd5.mo
-- Up-to-date: /mnt/HDD/Project/Public/okulartry/okular-things/share/locale/eu
-- Up-to-date: /mnt/HDD/Project/Public/okulartry/okular-things/share/locale/eu/LC_MESSAGES
-- Up-to-date: /mnt/HDD/Project/Public/okulartry/okular-things/share/locale/eu/LC_MESSAGES/kwalletd5.mo
-- Up-to-date: /mnt/HDD/Project/Public/okulartry/okular-things/share/locale/eu/LC_MESSAGES/kwallet-query.mo
-- Up-to-date: /mnt/HDD/Project/Public/okulartry/okular-things/share/locale/hu
-- Up-to-date: /mnt/HDD/Project/Public/okulartry/okular-things/share/locale/hu/LC_MESSAGES
-- Up-to-date: /mnt/HDD/Project/Public/okulartry/okular-things/share/locale/hu/LC_MESSAGES/kwalletd5.mo
-- Up-to-date: /mnt/HDD/Project/Public/okulartry/okular-things/share/locale/hu/LC_MESSAGES/kwallet-query.mo
-- Up-to-date: /mnt/HDD/Project/Public/okulartry/okular-things/share/locale/sq
-- Up-to-date: /mnt/HDD/Project/Public/okulartry/okular-things/share/locale/sq/LC_MESSAGES
-- Up-to-date: /mnt/HDD/Project/Public/okulartry/okular-things/share/locale/sq/LC_MESSAGES/kwalletd5.mo
-- Up-to-date: /mnt/HDD/Project/Public/okulartry/okular-things/share/locale/lt
-- Up-to-date: /mnt/HDD/Project/Public/okulartry/okular-things/share/locale/lt/LC_MESSAGES
-- Up-to-date: /mnt/HDD/Project/Public/okulartry/okular-things/share/locale/lt/LC_MESSAGES/kwalletd5.mo
-- Up-to-date: /mnt/HDD/Project/Public/okulartry/okular-things/share/locale/lt/LC_MESSAGES/kwallet-query.mo
-- Up-to-date: /mnt/HDD/Project/Public/okulartry/okular-things/share/locale/en_GB
-- Up-to-date: /mnt/HDD/Project/Public/okulartry/okular-things/share/locale/en_GB/LC_MESSAGES
-- Up-to-date: /mnt/HDD/Project/Public/okulartry/okular-things/share/locale/en_GB/LC_MESSAGES/kwalletd5.mo
-- Up-to-date: /mnt/HDD/Project/Public/okulartry/okular-things/share/locale/en_GB/LC_MESSAGES/kwallet-query.mo
-- Up-to-date: /mnt/HDD/Project/Public/okulartry/okular-things/share/locale/sr@latin
-- Up-to-date: /mnt/HDD/Project/Public/okulartry/okular-things/share/locale/sr@latin/LC_MESSAGES
-- Up-to-date: /mnt/HDD/Project/Public/okulartry/okular-things/share/locale/sr@latin/LC_MESSAGES/kwalletd5.mo
-- Up-to-date: /mnt/HDD/Project/Public/okulartry/okular-things/share/locale/sr@latin/LC_MESSAGES/kwallet-query.mo
-- Up-to-date: /mnt/HDD/Project/Public/okulartry/okular-things/share/locale/sr@ijekavianlatin
-- Up-to-date: /mnt/HDD/Project/Public/okulartry/okular-things/share/locale/sr@ijekavianlatin/LC_MESSAGES
-- Up-to-date: /mnt/HDD/Project/Public/okulartry/okular-things/share/locale/sr@ijekavianlatin/LC_MESSAGES/kwalletd5.mo
-- Up-to-date: /mnt/HDD/Project/Public/okulartry/okular-things/share/locale/sr@ijekavianlatin/LC_MESSAGES/kwallet-query.mo
-- Up-to-date: /mnt/HDD/Project/Public/okulartry/okular-things/share/locale/ug
-- Up-to-date: /mnt/HDD/Project/Public/okulartry/okular-things/share/locale/ug/LC_MESSAGES
-- Up-to-date: /mnt/HDD/Project/Public/okulartry/okular-things/share/locale/ug/LC_MESSAGES/kwalletd5.mo
-- Up-to-date: /mnt/HDD/Project/Public/okulartry/okular-things/share/locale/mk
-- Up-to-date: /mnt/HDD/Project/Public/okulartry/okular-things/share/locale/mk/LC_MESSAGES
-- Up-to-date: /mnt/HDD/Project/Public/okulartry/okular-things/share/locale/mk/LC_MESSAGES/kwalletd5.mo
-- Up-to-date: /mnt/HDD/Project/Public/okulartry/okular-things/share/locale/sv
-- Up-to-date: /mnt/HDD/Project/Public/okulartry/okular-things/share/locale/sv/LC_MESSAGES
-- Up-to-date: /mnt/HDD/Project/Public/okulartry/okular-things/share/locale/sv/LC_MESSAGES/kwalletd5.mo
-- Up-to-date: /mnt/HDD/Project/Public/okulartry/okular-things/share/locale/sv/LC_MESSAGES/kwallet-query.mo
-- Up-to-date: /mnt/HDD/Project/Public/okulartry/okular-things/share/locale/ku
-- Up-to-date: /mnt/HDD/Project/Public/okulartry/okular-things/share/locale/ku/LC_MESSAGES
-- Up-to-date: /mnt/HDD/Project/Public/okulartry/okular-things/share/locale/ku/LC_MESSAGES/kwalletd5.mo
-- Up-to-date: /mnt/HDD/Project/Public/okulartry/okular-things/share/locale/km
-- Up-to-date: /mnt/HDD/Project/Public/okulartry/okular-things/share/locale/km/LC_MESSAGES
-- Up-to-date: /mnt/HDD/Project/Public/okulartry/okular-things/share/locale/km/LC_MESSAGES/kwalletd5.mo
-- Up-to-date: /mnt/HDD/Project/Public/okulartry/okular-things/share/locale/eo
-- Up-to-date: /mnt/HDD/Project/Public/okulartry/okular-things/share/locale/eo/LC_MESSAGES
-- Up-to-date: /mnt/HDD/Project/Public/okulartry/okular-things/share/locale/eo/LC_MESSAGES/kwalletd5.mo
-- Up-to-date: /mnt/HDD/Project/Public/okulartry/okular-things/share/locale/ca
-- Up-to-date: /mnt/HDD/Project/Public/okulartry/okular-things/share/locale/ca/LC_MESSAGES
-- Up-to-date: /mnt/HDD/Project/Public/okulartry/okular-things/share/locale/ca/LC_MESSAGES/kwalletd5.mo
-- Up-to-date: /mnt/HDD/Project/Public/okulartry/okular-things/share/locale/ca/LC_MESSAGES/kwallet-query.mo
-- Up-to-date: /mnt/HDD/Project/Public/okulartry/okular-things/share/locale/ka
-- Up-to-date: /mnt/HDD/Project/Public/okulartry/okular-things/share/locale/ka/LC_MESSAGES
-- Up-to-date: /mnt/HDD/Project/Public/okulartry/okular-things/share/locale/ka/LC_MESSAGES/kwalletd5.mo
-- Up-to-date: /mnt/HDD/Project/Public/okulartry/okular-things/share/locale/ka/LC_MESSAGES/kwallet-query.mo
-- Up-to-date: /mnt/HDD/Project/Public/okulartry/okular-things/share/locale/gl
-- Up-to-date: /mnt/HDD/Project/Public/okulartry/okular-things/share/locale/gl/LC_MESSAGES
-- Up-to-date: /mnt/HDD/Project/Public/okulartry/okular-things/share/locale/gl/LC_MESSAGES/kwalletd5.mo
-- Up-to-date: /mnt/HDD/Project/Public/okulartry/okular-things/share/locale/gl/LC_MESSAGES/kwallet-query.mo
-- Up-to-date: /mnt/HDD/Project/Public/okulartry/okular-things/share/locale/az
-- Up-to-date: /mnt/HDD/Project/Public/okulartry/okular-things/share/locale/az/LC_MESSAGES
-- Up-to-date: /mnt/HDD/Project/Public/okulartry/okular-things/share/locale/az/LC_MESSAGES/kwalletd5.mo
-- Up-to-date: /mnt/HDD/Project/Public/okulartry/okular-things/share/locale/az/LC_MESSAGES/kwallet-query.mo
-- Up-to-date: /mnt/HDD/Project/Public/okulartry/okular-things/share/locale/kn
-- Up-to-date: /mnt/HDD/Project/Public/okulartry/okular-things/share/locale/kn/LC_MESSAGES
-- Up-to-date: /mnt/HDD/Project/Public/okulartry/okular-things/share/locale/kn/LC_MESSAGES/kwalletd5.mo
-- Up-to-date: /mnt/HDD/Project/Public/okulartry/okular-things/share/locale/nds
-- Up-to-date: /mnt/HDD/Project/Public/okulartry/okular-things/share/locale/nds/LC_MESSAGES
-- Up-to-date: /mnt/HDD/Project/Public/okulartry/okular-things/share/locale/nds/LC_MESSAGES/kwalletd5.mo
-- Up-to-date: /mnt/HDD/Project/Public/okulartry/okular-things/share/locale/te
-- Up-to-date: /mnt/HDD/Project/Public/okulartry/okular-things/share/locale/te/LC_MESSAGES
-- Up-to-date: /mnt/HDD/Project/Public/okulartry/okular-things/share/locale/te/LC_MESSAGES/kwalletd5.mo
-- Up-to-date: /mnt/HDD/Project/Public/okulartry/okular-things/share/locale/or
-- Up-to-date: /mnt/HDD/Project/Public/okulartry/okular-things/share/locale/or/LC_MESSAGES
-- Up-to-date: /mnt/HDD/Project/Public/okulartry/okular-things/share/locale/or/LC_MESSAGES/kwalletd5.mo
-- Up-to-date: /mnt/HDD/Project/Public/okulartry/okular-things/share/locale/bg
-- Up-to-date: /mnt/HDD/Project/Public/okulartry/okular-things/share/locale/bg/LC_MESSAGES
-- Up-to-date: /mnt/HDD/Project/Public/okulartry/okular-things/share/locale/bg/LC_MESSAGES/kwalletd5.mo
-- Up-to-date: /mnt/HDD/Project/Public/okulartry/okular-things/share/locale/bg/LC_MESSAGES/kwallet-query.mo
-- Up-to-date: /mnt/HDD/Project/Public/okulartry/okular-things/share/locale/pt
-- Up-to-date: /mnt/HDD/Project/Public/okulartry/okular-things/share/locale/pt/LC_MESSAGES
-- Up-to-date: /mnt/HDD/Project/Public/okulartry/okular-things/share/locale/pt/LC_MESSAGES/kwalletd5.mo
-- Up-to-date: /mnt/HDD/Project/Public/okulartry/okular-things/share/locale/pt/LC_MESSAGES/kwallet-query.mo
-- Up-to-date: /mnt/HDD/Project/Public/okulartry/okular-things/share/locale/gd
-- Up-to-date: /mnt/HDD/Project/Public/okulartry/okular-things/share/locale/gd/LC_MESSAGES
-- Up-to-date: /mnt/HDD/Project/Public/okulartry/okular-things/share/locale/gd/LC_MESSAGES/kwalletd5.mo
-- Up-to-date: /mnt/HDD/Project/Public/okulartry/okular-things/share/locale/gd/LC_MESSAGES/kwallet-query.mo
-- Up-to-date: /mnt/HDD/Project/Public/okulartry/okular-things/share/locale/th
-- Up-to-date: /mnt/HDD/Project/Public/okulartry/okular-things/share/locale/th/LC_MESSAGES
-- Up-to-date: /mnt/HDD/Project/Public/okulartry/okular-things/share/locale/th/LC_MESSAGES/kwalletd5.mo
-- Up-to-date: /mnt/HDD/Project/Public/okulartry/okular-things/share/locale/hsb
-- Up-to-date: /mnt/HDD/Project/Public/okulartry/okular-things/share/locale/hsb/LC_MESSAGES
-- Up-to-date: /mnt/HDD/Project/Public/okulartry/okular-things/share/locale/hsb/LC_MESSAGES/kwalletd5.mo
-- Up-to-date: /mnt/HDD/Project/Public/okulartry/okular-things/share/locale/he
-- Up-to-date: /mnt/HDD/Project/Public/okulartry/okular-things/share/locale/he/LC_MESSAGES
-- Up-to-date: /mnt/HDD/Project/Public/okulartry/okular-things/share/locale/he/LC_MESSAGES/kwalletd5.mo
-- Up-to-date: /mnt/HDD/Project/Public/okulartry/okular-things/share/locale/sr@ijekavian
-- Up-to-date: /mnt/HDD/Project/Public/okulartry/okular-things/share/locale/sr@ijekavian/LC_MESSAGES
-- Up-to-date: /mnt/HDD/Project/Public/okulartry/okular-things/share/locale/sr@ijekavian/LC_MESSAGES/kwalletd5.mo
-- Up-to-date: /mnt/HDD/Project/Public/okulartry/okular-things/share/locale/sr@ijekavian/LC_MESSAGES/kwallet-query.mo
-- Up-to-date: /mnt/HDD/Project/Public/okulartry/okular-things/share/locale/ms
-- Up-to-date: /mnt/HDD/Project/Public/okulartry/okular-things/share/locale/ms/LC_MESSAGES
-- Up-to-date: /mnt/HDD/Project/Public/okulartry/okular-things/share/locale/ms/LC_MESSAGES/kwalletd5.mo
-- Up-to-date: /mnt/HDD/Project/Public/okulartry/okular-things/share/locale/nl
-- Up-to-date: /mnt/HDD/Project/Public/okulartry/okular-things/share/locale/nl/LC_MESSAGES
-- Up-to-date: /mnt/HDD/Project/Public/okulartry/okular-things/share/locale/nl/LC_MESSAGES/kwalletd5.mo
-- Up-to-date: /mnt/HDD/Project/Public/okulartry/okular-things/share/locale/nl/LC_MESSAGES/kwallet-query.mo
-- Up-to-date: /mnt/HDD/Project/Public/okulartry/okular-things/share/locale/hr
-- Up-to-date: /mnt/HDD/Project/Public/okulartry/okular-things/share/locale/hr/LC_MESSAGES
-- Up-to-date: /mnt/HDD/Project/Public/okulartry/okular-things/share/locale/hr/LC_MESSAGES/kwalletd5.mo
-- Up-to-date: /mnt/HDD/Project/Public/okulartry/okular-things/share/locale/ca@valencia
-- Up-to-date: /mnt/HDD/Project/Public/okulartry/okular-things/share/locale/ca@valencia/LC_MESSAGES
-- Up-to-date: /mnt/HDD/Project/Public/okulartry/okular-things/share/locale/ca@valencia/LC_MESSAGES/kwalletd5.mo
-- Up-to-date: /mnt/HDD/Project/Public/okulartry/okular-things/share/locale/ca@valencia/LC_MESSAGES/kwallet-query.mo
-- Up-to-date: /mnt/HDD/Project/Public/okulartry/okular-things/share/locale/is
-- Up-to-date: /mnt/HDD/Project/Public/okulartry/okular-things/share/locale/is/LC_MESSAGES
-- Up-to-date: /mnt/HDD/Project/Public/okulartry/okular-things/share/locale/is/LC_MESSAGES/kwalletd5.mo
-- Up-to-date: /mnt/HDD/Project/Public/okulartry/okular-things/include/KF5/KWallet/kwallet_version.h
-- Up-to-date: /mnt/HDD/Project/Public/okulartry/okular-things/share/dbus-1/interfaces/kf5_org.kde.KWallet.xml
-- Up-to-date: /mnt/HDD/Project/Public/okulartry/okular-things/lib/libKF5Wallet.so.5.107.0
-- Up-to-date: /mnt/HDD/Project/Public/okulartry/okular-things/lib/libKF5Wallet.so.5
-- Up-to-date: /mnt/HDD/Project/Public/okulartry/okular-things/lib/libKF5Wallet.so
-- Up-to-date: /mnt/HDD/Project/Public/okulartry/okular-things/include/KF5/KWallet/kwallet_export.h
-- Up-to-date: /mnt/HDD/Project/Public/okulartry/okular-things/include/KF5/KWallet/KWallet
-- Up-to-date: /mnt/HDD/Project/Public/okulartry/okular-things/include/KF5/KWallet/kwallet.h
-- Up-to-date: /mnt/HDD/Project/Public/okulartry/okular-things/lib/cmake/KF5Wallet/KF5WalletConfig.cmake
-- Up-to-date: /mnt/HDD/Project/Public/okulartry/okular-things/lib/cmake/KF5Wallet/KF5WalletConfigVersion.cmake
-- Up-to-date: /mnt/HDD/Project/Public/okulartry/okular-things/lib/cmake/KF5Wallet/KF5WalletTargets.cmake
-- Up-to-date: /mnt/HDD/Project/Public/okulartry/okular-things/lib/cmake/KF5Wallet/KF5WalletTargets-debug.cmake
-- Up-to-date: /mnt/HDD/Project/Public/okulartry/okular-things/mkspecs/modules/qt_KWallet.pri
-- Up-to-date: /mnt/HDD/Project/Public/okulartry/okular-things/share/qlogging-categories5/kwallet.categories
-- Up-to-date: /mnt/HDD/Project/Public/okulartry/okular-things/share/qlogging-categories5/kwallet.renamecategories
