# kdesrc-build running: 'make' '-j' '8'
# from directory: /home/szybet/kdesrc/build/frameworks/karchive
-- 

Installing in /mnt/HDD/Project/Public/okulartry/okular-things. Run /home/szybet/kdesrc/build/frameworks/karchive/prefix.sh to set the environment for KArchive.
-- Could NOT find BZip2 (missing: BZIP2_LIBRARIES BZIP2_INCLUDE_DIR) 
-- The following features have been enabled:

 * LibZstd, Support for zstd compressed files and data streams

-- The following OPTIONAL packages have been found:

 * LibLZMA, Support for xz compressed files and data streams, <https://tukaani.org/xz/>
   Support for xz compressed files and data streams
 * PkgConfig
 * Qt5Network

-- The following REQUIRED packages have been found:

 * ECM (required version >= 5.106.0), Extra CMake Modules., <https://commits.kde.org/extra-cmake-modules>
 * ZLIB, Support for gzip compressed files and data streams, <https://www.zlib.net>
   Support for gzip compressed files and data streams
 * Qt5Core
 * Qt5LinguistTools

-- The following features have been disabled:

 * QCH, API documentation in QCH format (for e.g. Qt Assistant, Qt Creator & KDevelop)

-- The following RECOMMENDED packages have not been found:

 * BZip2, Support for BZip2 compressed files and data streams, <https://sourceware.org/bzip2/>
   Support for BZip2 compressed files and data streams

-- Configuring done (0.3s)
-- Generating done (0.2s)
-- Build files have been written to: /home/szybet/kdesrc/build/frameworks/karchive
[  1%] Built target translations_2
[  2%] Built target translations_1
[  3%] Built target translations_3
[  4%] Built target translations_4
[  5%] Built target translations_5
[  7%] Built target translations_6
[  8%] Built target translations_7
[  9%] Built target translations_8
[ 10%] Built target translations_9
[ 11%] Built target translations_11
[ 12%] Built target translations_12
[ 14%] Built target translations_10
[ 15%] Built target translations_14
[ 16%] Built target translations_13
[ 17%] Built target translations_16
[ 18%] Built target translations_15
[ 20%] Built target translations_18
[ 22%] Built target translations_22
[ 22%] Built target translations_17
[ 23%] Built target translations_20
[ 24%] Built target translations_21
[ 25%] Built target translations_19
[ 27%] Built target translations_23
[ 28%] Built target translations_24
[ 29%] Built target translations_25
[ 30%] Automatic MOC for target KF5Archive
[ 31%] Automatic MOC for target klimitediodevicetest
[ 31%] Built target KF5Archive_autogen
[ 31%] Built target klimitediodevicetest_autogen
[ 32%] Linking CXX executable ../bin/klimitediodevicetest
[ 54%] Built target KF5Archive
[ 55%] Automatic MOC for target karchivetest
[ 56%] Automatic MOC for target kfiltertest
[ 57%] Automatic MOC for target kcompressiondevicetest
[ 60%] Automatic MOC for target krcctest
[ 60%] Automatic MOC for target kartest
[ 61%] Automatic MOC for target ktartest
[ 62%] Automatic MOC for target deprecatedtest
[ 62%] Built target krcctest_autogen
[ 62%] Built target kfiltertest_autogen
[ 62%] Built target kartest_autogen
[ 62%] Built target karchivetest_autogen
[ 62%] Built target kcompressiondevicetest_autogen
[ 62%] Built target ktartest_autogen
[ 62%] Built target deprecatedtest_autogen
[ 63%] Automatic MOC for target kziptest
[ 64%] Automatic MOC for target k7ziptest
[ 65%] Linking CXX executable ../bin/krcctest
[ 65%] Built target kziptest_autogen
[ 67%] Linking CXX executable ../bin/kartest
[ 67%] Built target k7ziptest_autogen
[ 68%] Linking CXX executable ../bin/kfiltertest
[ 69%] Linking CXX executable ../bin/karchivetest
[ 70%] Linking CXX executable ../bin/kcompressiondevicetest
[ 71%] Linking CXX executable ../bin/ktartest
[ 72%] Linking CXX executable ../bin/kziptest
[ 76%] Built target klimitediodevicetest
[ 77%] Linking CXX executable ../bin/k7ziptest
[ 80%] Built target krcctest
[ 82%] Built target ktartest
[ 84%] Built target kartest
[ 87%] Built target kfiltertest
[ 89%] Built target kziptest
[ 90%] Linking CXX executable ../bin/deprecatedtest
[ 92%] Built target karchivetest
[ 95%] Built target k7ziptest
[ 97%] Built target kcompressiondevicetest
[100%] Built target deprecatedtest
