# kdesrc-build running: 'make' '-j' '8'
# from directory: /home/szybet/kdesrc/build/frameworks/kwallet
[  1%] Automatic MOC for target kwalletbackend5
[  3%] Generating mo...
[  3%] Generating ts...
[  4%] Automatic MOC for target KF5Wallet
[  4%] Built target tsfiles-d7cba7fa33fd2290ceaea516854289f6
[  4%] Built target kwalletbackend5_autogen
[  6%] Building CXX object src/runtime/kwalletd/backend/CMakeFiles/kwalletbackend5.dir/kwalletbackend5_autogen/mocs_compilation.cpp.o
[  7%] Building CXX object src/runtime/kwalletd/backend/CMakeFiles/kwalletbackend5.dir/blockcipher.cc.o
[ 11%] Building CXX object src/runtime/kwalletd/backend/CMakeFiles/kwalletbackend5.dir/blowfish.cc.o
[ 11%] Building CXX object src/runtime/kwalletd/backend/CMakeFiles/kwalletbackend5.dir/kwalletentry.cc.o
[ 12%] Building CXX object src/runtime/kwalletd/backend/CMakeFiles/kwalletbackend5.dir/sha1.cc.o
[ 14%] Building CXX object src/runtime/kwalletd/backend/CMakeFiles/kwalletbackend5.dir/cbc.cc.o
[ 15%] Building CXX object src/runtime/kwalletd/backend/CMakeFiles/kwalletbackend5.dir/kwalletbackend.cc.o
[ 17%] Building CXX object src/runtime/kwalletd/backend/CMakeFiles/kwalletbackend5.dir/backendpersisthandler.cpp.o
[01m[K/home/szybet/kdesrc/frameworks/kwallet/src/runtime/kwalletd/backend/sha1.cc:[m[K In member function '[01m[Kconst unsigned char* SHA1::hash()[m[K':
[01m[K/home/szybet/kdesrc/frameworks/kwallet/src/runtime/kwalletd/backend/sha1.cc:323:20:[m[K [01;35m[Kwarning: [m[Kcast from '[01m[Kunsigned char*[m[K' to '[01m[Kuint32_t*[m[K' {aka '[01m[Kunsigned int*[m[K'} increases required alignment of target type [[01;35m[K-Wcast-align[m[K]
  323 | #define X(a) do { *[01;35m[K(uint32_t *)p[m[K = _h##a; p += 4; } while (0)
      |                    [01;35m[K^~~~~~~~~~~~~[m[K
[01m[K/home/szybet/kdesrc/frameworks/kwallet/src/runtime/kwalletd/backend/sha1.cc:330:5:[m[K [01;36m[Knote: [m[Kin expansion of macro '[01m[KX[m[K'
  330 |     [01;36m[KX[m[K(0);
      |     [01;36m[K^[m[K
[01m[K/home/szybet/kdesrc/frameworks/kwallet/src/runtime/kwalletd/backend/sha1.cc:323:20:[m[K [01;35m[Kwarning: [m[Kcast from '[01m[Kunsigned char*[m[K' to '[01m[Kuint32_t*[m[K' {aka '[01m[Kunsigned int*[m[K'} increases required alignment of target type [[01;35m[K-Wcast-align[m[K]
  323 | #define X(a) do { *[01;35m[K(uint32_t *)p[m[K = _h##a; p += 4; } while (0)
      |                    [01;35m[K^~~~~~~~~~~~~[m[K
[01m[K/home/szybet/kdesrc/frameworks/kwallet/src/runtime/kwalletd/backend/sha1.cc:331:5:[m[K [01;36m[Knote: [m[Kin expansion of macro '[01m[KX[m[K'
  331 |     [01;36m[KX[m[K(1);
      |     [01;36m[K^[m[K
[01m[K/home/szybet/kdesrc/frameworks/kwallet/src/runtime/kwalletd/backend/sha1.cc:323:20:[m[K [01;35m[Kwarning: [m[Kcast from '[01m[Kunsigned char*[m[K' to '[01m[Kuint32_t*[m[K' {aka '[01m[Kunsigned int*[m[K'} increases required alignment of target type [[01;35m[K-Wcast-align[m[K]
  323 | #define X(a) do { *[01;35m[K(uint32_t *)p[m[K = _h##a; p += 4; } while (0)
      |                    [01;35m[K^~~~~~~~~~~~~[m[K
[01m[K/home/szybet/kdesrc/frameworks/kwallet/src/runtime/kwalletd/backend/sha1.cc:332:5:[m[K [01;36m[Knote: [m[Kin expansion of macro '[01m[KX[m[K'
  332 |     [01;36m[KX[m[K(2);
      |     [01;36m[K^[m[K
[01m[K/home/szybet/kdesrc/frameworks/kwallet/src/runtime/kwalletd/backend/sha1.cc:323:20:[m[K [01;35m[Kwarning: [m[Kcast from '[01m[Kunsigned char*[m[K' to '[01m[Kuint32_t*[m[K' {aka '[01m[Kunsigned int*[m[K'} increases required alignment of target type [[01;35m[K-Wcast-align[m[K]
  323 | #define X(a) do { *[01;35m[K(uint32_t *)p[m[K = _h##a; p += 4; } while (0)
      |                    [01;35m[K^~~~~~~~~~~~~[m[K
[01m[K/home/szybet/kdesrc/frameworks/kwallet/src/runtime/kwalletd/backend/sha1.cc:333:5:[m[K [01;36m[Knote: [m[Kin expansion of macro '[01m[KX[m[K'
  333 |     [01;36m[KX[m[K(3);
      |     [01;36m[K^[m[K
[01m[K/home/szybet/kdesrc/frameworks/kwallet/src/runtime/kwalletd/backend/sha1.cc:323:20:[m[K [01;35m[Kwarning: [m[Kcast from '[01m[Kunsigned char*[m[K' to '[01m[Kuint32_t*[m[K' {aka '[01m[Kunsigned int*[m[K'} increases required alignment of target type [[01;35m[K-Wcast-align[m[K]
  323 | #define X(a) do { *[01;35m[K(uint32_t *)p[m[K = _h##a; p += 4; } while (0)
      |                    [01;35m[K^~~~~~~~~~~~~[m[K
[01m[K/home/szybet/kdesrc/frameworks/kwallet/src/runtime/kwalletd/backend/sha1.cc:334:5:[m[K [01;36m[Knote: [m[Kin expansion of macro '[01m[KX[m[K'
  334 |     [01;36m[KX[m[K(4);
      |     [01;36m[K^[m[K
[ 19%] Building CXX object src/runtime/kwalletd/backend/CMakeFiles/kwalletbackend5.dir/kwalletbackend_debug.cpp.o
[ 19%] Built target pofiles-d7cba7fa33fd2290ceaea516854289f6
In file included from [01m[K/home/szybet/kdesrc/frameworks/kwallet/src/runtime/kwalletd/backend/kwalletbackend.cc:8[m[K:
[01m[K/home/szybet/kdesrc/frameworks/kwallet/src/runtime/kwalletd/backend/kwalletbackend.h:19:10:[m[K [01;31m[Kfatal error: [m[Kgpgme++/key.h: No such file or directory
   19 | #include [01;31m[K<gpgme++/key.h>[m[K
      |          [01;31m[K^~~~~~~~~~~~~~~[m[K
compilation terminated.
make[2]: *** [src/runtime/kwalletd/backend/CMakeFiles/kwalletbackend5.dir/build.make:160: src/runtime/kwalletd/backend/CMakeFiles/kwalletbackend5.dir/kwalletbackend.cc.o] Error 1
make[2]: *** Waiting for unfinished jobs....
[ 19%] Built target KF5Wallet_autogen
[ 20%] Generating kwallet_interface.cpp, kwallet_interface.h
[01m[K/home/szybet/kdesrc/frameworks/kwallet/src/runtime/kwalletd/backend/backendpersisthandler.cpp:19:10:[m[K [01;31m[Kfatal error: [m[Kgpgme++/context.h: No such file or directory
   19 | #include [01;31m[K<gpgme++/context.h>[m[K
      |          [01;31m[K^~~~~~~~~~~~~~~~~~~[m[K
compilation terminated.
make[2]: *** [src/runtime/kwalletd/backend/CMakeFiles/kwalletbackend5.dir/build.make:174: src/runtime/kwalletd/backend/CMakeFiles/kwalletbackend5.dir/backendpersisthandler.cpp.o] Error 1
[ 20%] Generating kwallet_interface.moc
[ 22%] Building CXX object src/api/KWallet/CMakeFiles/KF5Wallet.dir/KF5Wallet_autogen/mocs_compilation.cpp.o
[ 23%] Building CXX object src/api/KWallet/CMakeFiles/KF5Wallet.dir/kwallet_interface.cpp.o
[ 25%] Building CXX object src/api/KWallet/CMakeFiles/KF5Wallet.dir/kwallet_api_debug.cpp.o
[ 26%] Building CXX object src/api/KWallet/CMakeFiles/KF5Wallet.dir/kwallet.cpp.o
make[1]: *** [CMakeFiles/Makefile2:528: src/runtime/kwalletd/backend/CMakeFiles/kwalletbackend5.dir/all] Error 2
make[1]: *** Waiting for unfinished jobs....
[01m[K/home/szybet/kdesrc/frameworks/kwallet/src/api/KWallet/kwallet.cpp:[m[K In static member function '[01m[Kstatic void KWallet::Wallet::changePassword(const QString&, WId)[m[K':
[01m[K/home/szybet/kdesrc/frameworks/kwallet/src/api/KWallet/kwallet.cpp:351:20:[m[K [01;35m[Kwarning: [m[K'[01m[Kstatic void KWindowSystem::allowExternalProcessWindowActivation(int)[m[K' is deprecated: Since 5.104. Not implemented [[01;35m[K-Wdeprecated-declarations[m[K]
  351 |     KWindowSystem::[01;35m[KallowExternalProcessWindowActivation[m[K();
      |                    [01;35m[K^~~~~~~~~~~~~~~~~~~~~~~~~~~~~~~~~~~~[m[K
In file included from [01m[K/home/szybet/kdesrc/frameworks/kwallet/src/api/KWallet/kwallet.cpp:21[m[K:
[01m[K/home/build/inkbox/compiled-binaries/arm-kobo-linux-gnueabihf/arm-kobo-linux-gnueabihf/sysroot/include/KF5/KWindowSystem/kwindowsystem.h:739:17:[m[K [01;36m[Knote: [m[Kdeclared here
  739 |     static void [01;36m[KallowExternalProcessWindowActivation[m[K(int pid = -1);
      |                 [01;36m[K^~~~~~~~~~~~~~~~~~~~~~~~~~~~~~~~~~~~[m[K
[01m[K/home/szybet/kdesrc/frameworks/kwallet/src/api/KWallet/kwallet.cpp:351:56:[m[K [01;35m[Kwarning: [m[K'[01m[Kstatic void KWindowSystem::allowExternalProcessWindowActivation(int)[m[K' is deprecated: Since 5.104. Not implemented [[01;35m[K-Wdeprecated-declarations[m[K]
  351 |     [01;35m[KKWindowSystem::allowExternalProcessWindowActivation()[m[K;
      |     [01;35m[K~~~~~~~~~~~~~~~~~~~~~~~~~~~~~~~~~~~~~~~~~~~~~~~~~~~^~[m[K
In file included from [01m[K/home/szybet/kdesrc/frameworks/kwallet/src/api/KWallet/kwallet.cpp:21[m[K:
[01m[K/home/build/inkbox/compiled-binaries/arm-kobo-linux-gnueabihf/arm-kobo-linux-gnueabihf/sysroot/include/KF5/KWindowSystem/kwindowsystem.h:739:17:[m[K [01;36m[Knote: [m[Kdeclared here
  739 |     static void [01;36m[KallowExternalProcessWindowActivation[m[K(int pid = -1);
      |                 [01;36m[K^~~~~~~~~~~~~~~~~~~~~~~~~~~~~~~~~~~~[m[K
[01m[K/home/szybet/kdesrc/frameworks/kwallet/src/api/KWallet/kwallet.cpp:[m[K In static member function '[01m[Kstatic KWallet::Wallet* KWallet::Wallet::openWallet(const QString&, WId, KWallet::Wallet::OpenType)[m[K':
[01m[K/home/szybet/kdesrc/frameworks/kwallet/src/api/KWallet/kwallet.cpp:501:24:[m[K [01;35m[Kwarning: [m[K'[01m[Kstatic void KWindowSystem::allowExternalProcessWindowActivation(int)[m[K' is deprecated: Since 5.104. Not implemented [[01;35m[K-Wdeprecated-declarations[m[K]
  501 |         KWindowSystem::[01;35m[KallowExternalProcessWindowActivation[m[K();
      |                        [01;35m[K^~~~~~~~~~~~~~~~~~~~~~~~~~~~~~~~~~~~[m[K
In file included from [01m[K/home/szybet/kdesrc/frameworks/kwallet/src/api/KWallet/kwallet.cpp:21[m[K:
[01m[K/home/build/inkbox/compiled-binaries/arm-kobo-linux-gnueabihf/arm-kobo-linux-gnueabihf/sysroot/include/KF5/KWindowSystem/kwindowsystem.h:739:17:[m[K [01;36m[Knote: [m[Kdeclared here
  739 |     static void [01;36m[KallowExternalProcessWindowActivation[m[K(int pid = -1);
      |                 [01;36m[K^~~~~~~~~~~~~~~~~~~~~~~~~~~~~~~~~~~~[m[K
[01m[K/home/szybet/kdesrc/frameworks/kwallet/src/api/KWallet/kwallet.cpp:501:60:[m[K [01;35m[Kwarning: [m[K'[01m[Kstatic void KWindowSystem::allowExternalProcessWindowActivation(int)[m[K' is deprecated: Since 5.104. Not implemented [[01;35m[K-Wdeprecated-declarations[m[K]
  501 |         [01;35m[KKWindowSystem::allowExternalProcessWindowActivation()[m[K;
      |         [01;35m[K~~~~~~~~~~~~~~~~~~~~~~~~~~~~~~~~~~~~~~~~~~~~~~~~~~~^~[m[K
In file included from [01m[K/home/szybet/kdesrc/frameworks/kwallet/src/api/KWallet/kwallet.cpp:21[m[K:
[01m[K/home/build/inkbox/compiled-binaries/arm-kobo-linux-gnueabihf/arm-kobo-linux-gnueabihf/sysroot/include/KF5/KWindowSystem/kwindowsystem.h:739:17:[m[K [01;36m[Knote: [m[Kdeclared here
  739 |     static void [01;36m[KallowExternalProcessWindowActivation[m[K(int pid = -1);
      |                 [01;36m[K^~~~~~~~~~~~~~~~~~~~~~~~~~~~~~~~~~~~[m[K
[01m[K/home/szybet/kdesrc/frameworks/kwallet/src/api/KWallet/kwallet.cpp:[m[K In member function '[01m[Kvirtual void KWallet::Wallet::requestChangePassword(WId)[m[K':
[01m[K/home/szybet/kdesrc/frameworks/kwallet/src/api/KWallet/kwallet.cpp:721:24:[m[K [01;35m[Kwarning: [m[K'[01m[Kstatic void KWindowSystem::allowExternalProcessWindowActivation(int)[m[K' is deprecated: Since 5.104. Not implemented [[01;35m[K-Wdeprecated-declarations[m[K]
  721 |         KWindowSystem::[01;35m[KallowExternalProcessWindowActivation[m[K();
      |                        [01;35m[K^~~~~~~~~~~~~~~~~~~~~~~~~~~~~~~~~~~~[m[K
In file included from [01m[K/home/szybet/kdesrc/frameworks/kwallet/src/api/KWallet/kwallet.cpp:21[m[K:
[01m[K/home/build/inkbox/compiled-binaries/arm-kobo-linux-gnueabihf/arm-kobo-linux-gnueabihf/sysroot/include/KF5/KWindowSystem/kwindowsystem.h:739:17:[m[K [01;36m[Knote: [m[Kdeclared here
  739 |     static void [01;36m[KallowExternalProcessWindowActivation[m[K(int pid = -1);
      |                 [01;36m[K^~~~~~~~~~~~~~~~~~~~~~~~~~~~~~~~~~~~[m[K
[01m[K/home/szybet/kdesrc/frameworks/kwallet/src/api/KWallet/kwallet.cpp:721:60:[m[K [01;35m[Kwarning: [m[K'[01m[Kstatic void KWindowSystem::allowExternalProcessWindowActivation(int)[m[K' is deprecated: Since 5.104. Not implemented [[01;35m[K-Wdeprecated-declarations[m[K]
  721 |         [01;35m[KKWindowSystem::allowExternalProcessWindowActivation()[m[K;
      |         [01;35m[K~~~~~~~~~~~~~~~~~~~~~~~~~~~~~~~~~~~~~~~~~~~~~~~~~~~^~[m[K
In file included from [01m[K/home/szybet/kdesrc/frameworks/kwallet/src/api/KWallet/kwallet.cpp:21[m[K:
[01m[K/home/build/inkbox/compiled-binaries/arm-kobo-linux-gnueabihf/arm-kobo-linux-gnueabihf/sysroot/include/KF5/KWindowSystem/kwindowsystem.h:739:17:[m[K [01;36m[Knote: [m[Kdeclared here
  739 |     static void [01;36m[KallowExternalProcessWindowActivation[m[K(int pid = -1);
      |                 [01;36m[K^~~~~~~~~~~~~~~~~~~~~~~~~~~~~~~~~~~~[m[K
In file included from [01m[K/home/build/inkbox/compiled-binaries/arm-kobo-linux-gnueabihf/arm-kobo-linux-gnueabihf/sysroot/include/QtCore/qobject.h:54[m[K,
                 from [01m[K/home/build/inkbox/compiled-binaries/arm-kobo-linux-gnueabihf/arm-kobo-linux-gnueabihf/sysroot/include/QtCore/QObject:1[m[K,
                 from [01m[K/home/szybet/kdesrc/frameworks/kwallet/src/api/KWallet/kwallet.h:12[m[K,
                 from [01m[K/home/szybet/kdesrc/frameworks/kwallet/src/api/KWallet/kwallet.cpp:11[m[K:
[01m[K/home/build/inkbox/compiled-binaries/arm-kobo-linux-gnueabihf/arm-kobo-linux-gnueabihf/sysroot/include/QtCore/qmetatype.h:[m[K In static member function '[01m[Kstatic int QtMetaTypePrivate::QAssociativeIterableImpl::sizeImpl(const void*) [with T = QMap<QString, QVariant>][m[K':
[01m[K/home/build/inkbox/compiled-binaries/arm-kobo-linux-gnueabihf/arm-kobo-linux-gnueabihf/sysroot/include/QtCore/qmetatype.h:1310:31:[m[K [01;36m[Knote: [m[Kparameter passing for argument of type '[01m[KQMap<QString, QVariant>::const_iterator[m[K' changed in GCC 7.1
 1310 |     { return int([01;36m[Kstd::distance(static_cast<const T*>(p)->begin(),[m[K
      |                  [01;36m[K~~~~~~~~~~~~~^~~~~~~~~~~~~~~~~~~~~~~~~~~~~~~~~~~[m[K
 1311 | [01;36m[K                               static_cast<const T*>(p)->end())[m[K); }
      |                                [01;36m[K~~~~~~~~~~~~~~~~~~~~~~~~~~~~~~~~[m[K
[01m[K/home/build/inkbox/compiled-binaries/arm-kobo-linux-gnueabihf/arm-kobo-linux-gnueabihf/sysroot/include/QtCore/qmetatype.h:[m[K In static member function '[01m[Kstatic void QtMetaTypePrivate::QAssociativeIterableImpl::findImpl(const void*, const void*, void**) [with T = QMap<QString, QVariant>][m[K':
[01m[K/home/build/inkbox/compiled-binaries/arm-kobo-linux-gnueabihf/arm-kobo-linux-gnueabihf/sysroot/include/QtCore/qmetatype.h:1315:56:[m[K [01;36m[Knote: [m[Kparameter passing for argument of type '[01m[KQMap<QString, QVariant>::const_iterator[m[K' changed in GCC 7.1
 1315 |     { [01;36m[KIteratorOwner<typename T::const_iterator>::assign(iterator,[m[K
      |       [01;36m[K~~~~~~~~~~~~~~~~~~~~~~~~~~~~~~~~~~~~~~~~~~~~~~~~~^~~~~~~~~~[m[K
 1316 | [01;36m[K                                                        static_cast<const T*>(container)->find(*static_cast<const typename T::key_type*>(p)))[m[K; }
      |                                                         [01;36m[K~~~~~~~~~~~~~~~~~~~~~~~~~~~~~~~~~~~~~~~~~~~~~~~~~~~~~~~~~~~~~~~~~~~~~~~~~~~~~~~~~~~~~[m[K
[01m[K/home/build/inkbox/compiled-binaries/arm-kobo-linux-gnueabihf/arm-kobo-linux-gnueabihf/sysroot/include/QtCore/qmetatype.h:[m[K In static member function '[01m[Kstatic void QtMetaTypePrivate::QAssociativeIterableImpl::beginImpl(const void*, void**) [with T = QMap<QString, QVariant>][m[K':
[01m[K/home/build/inkbox/compiled-binaries/arm-kobo-linux-gnueabihf/arm-kobo-linux-gnueabihf/sysroot/include/QtCore/qmetatype.h:1327:56:[m[K [01;36m[Knote: [m[Kparameter passing for argument of type '[01m[KQMap<QString, QVariant>::const_iterator[m[K' changed in GCC 7.1
 1327 |     { [01;36m[KIteratorOwner<typename T::const_iterator>::assign(iterator, static_cast<const T*>(container)->begin())[m[K; }
      |       [01;36m[K~~~~~~~~~~~~~~~~~~~~~~~~~~~~~~~~~~~~~~~~~~~~~~~~~^~~~~~~~~~~~~~~~~~~~~~~~~~~~~~~~~~~~~~~~~~~~~~~~~~~~~[m[K
[01m[K/home/build/inkbox/compiled-binaries/arm-kobo-linux-gnueabihf/arm-kobo-linux-gnueabihf/sysroot/include/QtCore/qmetatype.h:[m[K In static member function '[01m[Kstatic void QtMetaTypePrivate::QAssociativeIterableImpl::endImpl(const void*, void**) [with T = QMap<QString, QVariant>][m[K':
[01m[K/home/build/inkbox/compiled-binaries/arm-kobo-linux-gnueabihf/arm-kobo-linux-gnueabihf/sysroot/include/QtCore/qmetatype.h:1331:56:[m[K [01;36m[Knote: [m[Kparameter passing for argument of type '[01m[KQMap<QString, QVariant>::const_iterator[m[K' changed in GCC 7.1
 1331 |     { [01;36m[KIteratorOwner<typename T::const_iterator>::assign(iterator, static_cast<const T*>(container)->end())[m[K; }
      |       [01;36m[K~~~~~~~~~~~~~~~~~~~~~~~~~~~~~~~~~~~~~~~~~~~~~~~~~^~~~~~~~~~~~~~~~~~~~~~~~~~~~~~~~~~~~~~~~~~~~~~~~~~~[m[K
[01m[K/home/build/inkbox/compiled-binaries/arm-kobo-linux-gnueabihf/arm-kobo-linux-gnueabihf/sysroot/include/QtCore/qmetatype.h:[m[K In static member function '[01m[Kstatic int QtMetaTypePrivate::QAssociativeIterableImpl::sizeImpl(const void*) [with T = QHash<QString, QVariant>][m[K':
[01m[K/home/build/inkbox/compiled-binaries/arm-kobo-linux-gnueabihf/arm-kobo-linux-gnueabihf/sysroot/include/QtCore/qmetatype.h:1310:31:[m[K [01;36m[Knote: [m[Kparameter passing for argument of type '[01m[KQHash<QString, QVariant>::const_iterator[m[K' changed in GCC 7.1
 1310 |     { return int([01;36m[Kstd::distance(static_cast<const T*>(p)->begin(),[m[K
      |                  [01;36m[K~~~~~~~~~~~~~^~~~~~~~~~~~~~~~~~~~~~~~~~~~~~~~~~~[m[K
 1311 | [01;36m[K                               static_cast<const T*>(p)->end())[m[K); }
      |                                [01;36m[K~~~~~~~~~~~~~~~~~~~~~~~~~~~~~~~~[m[K
[01m[K/home/build/inkbox/compiled-binaries/arm-kobo-linux-gnueabihf/arm-kobo-linux-gnueabihf/sysroot/include/QtCore/qmetatype.h:[m[K In static member function '[01m[Kstatic void QtMetaTypePrivate::QAssociativeIterableImpl::findImpl(const void*, const void*, void**) [with T = QHash<QString, QVariant>][m[K':
[01m[K/home/build/inkbox/compiled-binaries/arm-kobo-linux-gnueabihf/arm-kobo-linux-gnueabihf/sysroot/include/QtCore/qmetatype.h:1315:56:[m[K [01;36m[Knote: [m[Kparameter passing for argument of type '[01m[KQHash<QString, QVariant>::const_iterator[m[K' changed in GCC 7.1
 1315 |     { [01;36m[KIteratorOwner<typename T::const_iterator>::assign(iterator,[m[K
      |       [01;36m[K~~~~~~~~~~~~~~~~~~~~~~~~~~~~~~~~~~~~~~~~~~~~~~~~~^~~~~~~~~~[m[K
 1316 | [01;36m[K                                                        static_cast<const T*>(container)->find(*static_cast<const typename T::key_type*>(p)))[m[K; }
      |                                                         [01;36m[K~~~~~~~~~~~~~~~~~~~~~~~~~~~~~~~~~~~~~~~~~~~~~~~~~~~~~~~~~~~~~~~~~~~~~~~~~~~~~~~~~~~~~[m[K
[01m[K/home/build/inkbox/compiled-binaries/arm-kobo-linux-gnueabihf/arm-kobo-linux-gnueabihf/sysroot/include/QtCore/qmetatype.h:[m[K In static member function '[01m[Kstatic void QtMetaTypePrivate::QAssociativeIterableImpl::beginImpl(const void*, void**) [with T = QHash<QString, QVariant>][m[K':
[01m[K/home/build/inkbox/compiled-binaries/arm-kobo-linux-gnueabihf/arm-kobo-linux-gnueabihf/sysroot/include/QtCore/qmetatype.h:1327:56:[m[K [01;36m[Knote: [m[Kparameter passing for argument of type '[01m[KQHash<QString, QVariant>::const_iterator[m[K' changed in GCC 7.1
 1327 |     { [01;36m[KIteratorOwner<typename T::const_iterator>::assign(iterator, static_cast<const T*>(container)->begin())[m[K; }
      |       [01;36m[K~~~~~~~~~~~~~~~~~~~~~~~~~~~~~~~~~~~~~~~~~~~~~~~~~^~~~~~~~~~~~~~~~~~~~~~~~~~~~~~~~~~~~~~~~~~~~~~~~~~~~~[m[K
[01m[K/home/build/inkbox/compiled-binaries/arm-kobo-linux-gnueabihf/arm-kobo-linux-gnueabihf/sysroot/include/QtCore/qmetatype.h:[m[K In static member function '[01m[Kstatic void QtMetaTypePrivate::QAssociativeIterableImpl::endImpl(const void*, void**) [with T = QHash<QString, QVariant>][m[K':
[01m[K/home/build/inkbox/compiled-binaries/arm-kobo-linux-gnueabihf/arm-kobo-linux-gnueabihf/sysroot/include/QtCore/qmetatype.h:1331:56:[m[K [01;36m[Knote: [m[Kparameter passing for argument of type '[01m[KQHash<QString, QVariant>::const_iterator[m[K' changed in GCC 7.1
 1331 |     { [01;36m[KIteratorOwner<typename T::const_iterator>::assign(iterator, static_cast<const T*>(container)->end())[m[K; }
      |       [01;36m[K~~~~~~~~~~~~~~~~~~~~~~~~~~~~~~~~~~~~~~~~~~~~~~~~~^~~~~~~~~~~~~~~~~~~~~~~~~~~~~~~~~~~~~~~~~~~~~~~~~~~[m[K
In file included from [01m[K/mnt/HDD/Project/inkbox-build/inkbox/compiled-binaries/arm-kobo-linux-gnueabihf/arm-kobo-linux-gnueabihf/include/c++/11.2.0/bits/stl_algobase.h:66[m[K,
                 from [01m[K/mnt/HDD/Project/inkbox-build/inkbox/compiled-binaries/arm-kobo-linux-gnueabihf/arm-kobo-linux-gnueabihf/include/c++/11.2.0/algorithm:61[m[K,
                 from [01m[K/home/build/inkbox/compiled-binaries/arm-kobo-linux-gnueabihf/arm-kobo-linux-gnueabihf/sysroot/include/QtCore/qglobal.h:142[m[K,
                 from [01m[K/home/build/inkbox/compiled-binaries/arm-kobo-linux-gnueabihf/arm-kobo-linux-gnueabihf/sysroot/include/QtCore/qnamespace.h:43[m[K,
                 from [01m[K/home/build/inkbox/compiled-binaries/arm-kobo-linux-gnueabihf/arm-kobo-linux-gnueabihf/sysroot/include/QtCore/qobjectdefs.h:48[m[K,
                 from [01m[K/home/build/inkbox/compiled-binaries/arm-kobo-linux-gnueabihf/arm-kobo-linux-gnueabihf/sysroot/include/QtCore/qobject.h:46[m[K,
                 from [01m[K/home/build/inkbox/compiled-binaries/arm-kobo-linux-gnueabihf/arm-kobo-linux-gnueabihf/sysroot/include/QtCore/QObject:1[m[K,
                 from [01m[K/home/szybet/kdesrc/frameworks/kwallet/src/api/KWallet/kwallet.h:12[m[K,
                 from [01m[K/home/szybet/kdesrc/frameworks/kwallet/src/api/KWallet/kwallet.cpp:11[m[K:
[01m[K/mnt/HDD/Project/inkbox-build/inkbox/compiled-binaries/arm-kobo-linux-gnueabihf/arm-kobo-linux-gnueabihf/include/c++/11.2.0/bits/stl_iterator_base_funcs.h:[m[K In function '[01m[Kconstexpr typename std::iterator_traits< <template-parameter-1-1> >::difference_type std::distance(_InputIterator, _InputIterator) [with _InputIterator = QMap<QString, QVariant>::const_iterator][m[K':
[01m[K/mnt/HDD/Project/inkbox-build/inkbox/compiled-binaries/arm-kobo-linux-gnueabihf/arm-kobo-linux-gnueabihf/include/c++/11.2.0/bits/stl_iterator_base_funcs.h:138:5:[m[K [01;36m[Knote: [m[Kparameter passing for argument of type '[01m[KQMap<QString, QVariant>::const_iterator[m[K' changed in GCC 7.1
  138 |     [01;36m[Kdistance[m[K(_InputIterator __first, _InputIterator __last)
      |     [01;36m[K^~~~~~~~[m[K
[01m[K/mnt/HDD/Project/inkbox-build/inkbox/compiled-binaries/arm-kobo-linux-gnueabihf/arm-kobo-linux-gnueabihf/include/c++/11.2.0/bits/stl_iterator_base_funcs.h:138:5:[m[K [01;36m[Knote: [m[Kparameter passing for argument of type '[01m[KQMap<QString, QVariant>::const_iterator[m[K' changed in GCC 7.1
[01m[K/mnt/HDD/Project/inkbox-build/inkbox/compiled-binaries/arm-kobo-linux-gnueabihf/arm-kobo-linux-gnueabihf/include/c++/11.2.0/bits/stl_iterator_base_funcs.h:141:29:[m[K [01;36m[Knote: [m[Kparameter passing for argument of type '[01m[KQMap<QString, QVariant>::const_iterator[m[K' changed in GCC 7.1
  141 |       return [01;36m[Kstd::__distance(__first, __last,[m[K
      |              [01;36m[K~~~~~~~~~~~~~~~^~~~~~~~~~~~~~~~~[m[K
  142 | [01;36m[K                             std::__iterator_category(__first))[m[K;
      |                              [01;36m[K~~~~~~~~~~~~~~~~~~~~~~~~~~~~~~~~~~[m[K
In file included from [01m[K/home/build/inkbox/compiled-binaries/arm-kobo-linux-gnueabihf/arm-kobo-linux-gnueabihf/sysroot/include/QtCore/qobject.h:54[m[K,
                 from [01m[K/home/build/inkbox/compiled-binaries/arm-kobo-linux-gnueabihf/arm-kobo-linux-gnueabihf/sysroot/include/QtCore/QObject:1[m[K,
                 from [01m[K/home/szybet/kdesrc/frameworks/kwallet/src/api/KWallet/kwallet.h:12[m[K,
                 from [01m[K/home/szybet/kdesrc/frameworks/kwallet/src/api/KWallet/kwallet.cpp:11[m[K:
[01m[K/home/build/inkbox/compiled-binaries/arm-kobo-linux-gnueabihf/arm-kobo-linux-gnueabihf/sysroot/include/QtCore/qmetatype.h:[m[K In static member function '[01m[Kstatic void QtMetaTypePrivate::IteratorOwnerCommon<const_iterator>::assign(void**, const_iterator) [with const_iterator = QMap<QString, QVariant>::const_iterator][m[K':
[01m[K/home/build/inkbox/compiled-binaries/arm-kobo-linux-gnueabihf/arm-kobo-linux-gnueabihf/sysroot/include/QtCore/qmetatype.h:878:17:[m[K [01;36m[Knote: [m[Kparameter passing for argument of type '[01m[KQMap<QString, QVariant>::const_iterator[m[K' changed in GCC 7.1
  878 |     static void [01;36m[Kassign[m[K(void **ptr, const_iterator iterator)
      |                 [01;36m[K^~~~~~[m[K
In file included from [01m[K/mnt/HDD/Project/inkbox-build/inkbox/compiled-binaries/arm-kobo-linux-gnueabihf/arm-kobo-linux-gnueabihf/include/c++/11.2.0/bits/stl_algobase.h:66[m[K,
                 from [01m[K/mnt/HDD/Project/inkbox-build/inkbox/compiled-binaries/arm-kobo-linux-gnueabihf/arm-kobo-linux-gnueabihf/include/c++/11.2.0/algorithm:61[m[K,
                 from [01m[K/home/build/inkbox/compiled-binaries/arm-kobo-linux-gnueabihf/arm-kobo-linux-gnueabihf/sysroot/include/QtCore/qglobal.h:142[m[K,
                 from [01m[K/home/build/inkbox/compiled-binaries/arm-kobo-linux-gnueabihf/arm-kobo-linux-gnueabihf/sysroot/include/QtCore/qnamespace.h:43[m[K,
                 from [01m[K/home/build/inkbox/compiled-binaries/arm-kobo-linux-gnueabihf/arm-kobo-linux-gnueabihf/sysroot/include/QtCore/qobjectdefs.h:48[m[K,
                 from [01m[K/home/build/inkbox/compiled-binaries/arm-kobo-linux-gnueabihf/arm-kobo-linux-gnueabihf/sysroot/include/QtCore/qobject.h:46[m[K,
                 from [01m[K/home/build/inkbox/compiled-binaries/arm-kobo-linux-gnueabihf/arm-kobo-linux-gnueabihf/sysroot/include/QtCore/QObject:1[m[K,
                 from [01m[K/home/szybet/kdesrc/frameworks/kwallet/src/api/KWallet/kwallet.h:12[m[K,
                 from [01m[K/home/szybet/kdesrc/frameworks/kwallet/src/api/KWallet/kwallet.cpp:11[m[K:
[01m[K/mnt/HDD/Project/inkbox-build/inkbox/compiled-binaries/arm-kobo-linux-gnueabihf/arm-kobo-linux-gnueabihf/include/c++/11.2.0/bits/stl_iterator_base_funcs.h:[m[K In function '[01m[Kconstexpr typename std::iterator_traits< <template-parameter-1-1> >::difference_type std::distance(_InputIterator, _InputIterator) [with _InputIterator = QHash<QString, QVariant>::const_iterator][m[K':
[01m[K/mnt/HDD/Project/inkbox-build/inkbox/compiled-binaries/arm-kobo-linux-gnueabihf/arm-kobo-linux-gnueabihf/include/c++/11.2.0/bits/stl_iterator_base_funcs.h:138:5:[m[K [01;36m[Knote: [m[Kparameter passing for argument of type '[01m[KQHash<QString, QVariant>::const_iterator[m[K' changed in GCC 7.1
  138 |     [01;36m[Kdistance[m[K(_InputIterator __first, _InputIterator __last)
      |     [01;36m[K^~~~~~~~[m[K
[01m[K/mnt/HDD/Project/inkbox-build/inkbox/compiled-binaries/arm-kobo-linux-gnueabihf/arm-kobo-linux-gnueabihf/include/c++/11.2.0/bits/stl_iterator_base_funcs.h:138:5:[m[K [01;36m[Knote: [m[Kparameter passing for argument of type '[01m[KQHash<QString, QVariant>::const_iterator[m[K' changed in GCC 7.1
[01m[K/mnt/HDD/Project/inkbox-build/inkbox/compiled-binaries/arm-kobo-linux-gnueabihf/arm-kobo-linux-gnueabihf/include/c++/11.2.0/bits/stl_iterator_base_funcs.h:141:29:[m[K [01;36m[Knote: [m[Kparameter passing for argument of type '[01m[KQHash<QString, QVariant>::const_iterator[m[K' changed in GCC 7.1
  141 |       return [01;36m[Kstd::__distance(__first, __last,[m[K
      |              [01;36m[K~~~~~~~~~~~~~~~^~~~~~~~~~~~~~~~~[m[K
  142 | [01;36m[K                             std::__iterator_category(__first))[m[K;
      |                              [01;36m[K~~~~~~~~~~~~~~~~~~~~~~~~~~~~~~~~~~[m[K
In file included from [01m[K/home/build/inkbox/compiled-binaries/arm-kobo-linux-gnueabihf/arm-kobo-linux-gnueabihf/sysroot/include/QtCore/qobject.h:54[m[K,
                 from [01m[K/home/build/inkbox/compiled-binaries/arm-kobo-linux-gnueabihf/arm-kobo-linux-gnueabihf/sysroot/include/QtCore/QObject:1[m[K,
                 from [01m[K/home/szybet/kdesrc/frameworks/kwallet/src/api/KWallet/kwallet.h:12[m[K,
                 from [01m[K/home/szybet/kdesrc/frameworks/kwallet/src/api/KWallet/kwallet.cpp:11[m[K:
[01m[K/home/build/inkbox/compiled-binaries/arm-kobo-linux-gnueabihf/arm-kobo-linux-gnueabihf/sysroot/include/QtCore/qmetatype.h:[m[K In static member function '[01m[Kstatic void QtMetaTypePrivate::IteratorOwnerCommon<const_iterator>::assign(void**, const_iterator) [with const_iterator = QHash<QString, QVariant>::const_iterator][m[K':
[01m[K/home/build/inkbox/compiled-binaries/arm-kobo-linux-gnueabihf/arm-kobo-linux-gnueabihf/sysroot/include/QtCore/qmetatype.h:878:17:[m[K [01;36m[Knote: [m[Kparameter passing for argument of type '[01m[KQHash<QString, QVariant>::const_iterator[m[K' changed in GCC 7.1
  878 |     static void [01;36m[Kassign[m[K(void **ptr, const_iterator iterator)
      |                 [01;36m[K^~~~~~[m[K
In file included from [01m[K/mnt/HDD/Project/inkbox-build/inkbox/compiled-binaries/arm-kobo-linux-gnueabihf/arm-kobo-linux-gnueabihf/include/c++/11.2.0/bits/stl_algobase.h:66[m[K,
                 from [01m[K/mnt/HDD/Project/inkbox-build/inkbox/compiled-binaries/arm-kobo-linux-gnueabihf/arm-kobo-linux-gnueabihf/include/c++/11.2.0/algorithm:61[m[K,
                 from [01m[K/home/build/inkbox/compiled-binaries/arm-kobo-linux-gnueabihf/arm-kobo-linux-gnueabihf/sysroot/include/QtCore/qglobal.h:142[m[K,
                 from [01m[K/home/build/inkbox/compiled-binaries/arm-kobo-linux-gnueabihf/arm-kobo-linux-gnueabihf/sysroot/include/QtCore/qnamespace.h:43[m[K,
                 from [01m[K/home/build/inkbox/compiled-binaries/arm-kobo-linux-gnueabihf/arm-kobo-linux-gnueabihf/sysroot/include/QtCore/qobjectdefs.h:48[m[K,
                 from [01m[K/home/build/inkbox/compiled-binaries/arm-kobo-linux-gnueabihf/arm-kobo-linux-gnueabihf/sysroot/include/QtCore/qobject.h:46[m[K,
                 from [01m[K/home/build/inkbox/compiled-binaries/arm-kobo-linux-gnueabihf/arm-kobo-linux-gnueabihf/sysroot/include/QtCore/QObject:1[m[K,
                 from [01m[K/home/szybet/kdesrc/frameworks/kwallet/src/api/KWallet/kwallet.h:12[m[K,
                 from [01m[K/home/szybet/kdesrc/frameworks/kwallet/src/api/KWallet/kwallet.cpp:11[m[K:
[01m[K/mnt/HDD/Project/inkbox-build/inkbox/compiled-binaries/arm-kobo-linux-gnueabihf/arm-kobo-linux-gnueabihf/include/c++/11.2.0/bits/stl_iterator_base_funcs.h:[m[K In function '[01m[Kconstexpr typename std::iterator_traits< <template-parameter-1-1> >::difference_type std::__distance(_InputIterator, _InputIterator, std::input_iterator_tag) [with _InputIterator = QMap<QString, QVariant>::const_iterator][m[K':
[01m[K/mnt/HDD/Project/inkbox-build/inkbox/compiled-binaries/arm-kobo-linux-gnueabihf/arm-kobo-linux-gnueabihf/include/c++/11.2.0/bits/stl_iterator_base_funcs.h:80:5:[m[K [01;36m[Knote: [m[Kparameter passing for argument of type '[01m[KQMap<QString, QVariant>::const_iterator[m[K' changed in GCC 7.1
   80 |     [01;36m[K__distance[m[K(_InputIterator __first, _InputIterator __last,
      |     [01;36m[K^~~~~~~~~~[m[K
[01m[K/mnt/HDD/Project/inkbox-build/inkbox/compiled-binaries/arm-kobo-linux-gnueabihf/arm-kobo-linux-gnueabihf/include/c++/11.2.0/bits/stl_iterator_base_funcs.h:80:5:[m[K [01;36m[Knote: [m[Kparameter passing for argument of type '[01m[KQMap<QString, QVariant>::const_iterator[m[K' changed in GCC 7.1
[01m[K/mnt/HDD/Project/inkbox-build/inkbox/compiled-binaries/arm-kobo-linux-gnueabihf/arm-kobo-linux-gnueabihf/include/c++/11.2.0/bits/stl_iterator_base_funcs.h:[m[K In function '[01m[Kconstexpr typename std::iterator_traits< <template-parameter-1-1> >::difference_type std::__distance(_InputIterator, _InputIterator, std::input_iterator_tag) [with _InputIterator = QHash<QString, QVariant>::const_iterator][m[K':
[01m[K/mnt/HDD/Project/inkbox-build/inkbox/compiled-binaries/arm-kobo-linux-gnueabihf/arm-kobo-linux-gnueabihf/include/c++/11.2.0/bits/stl_iterator_base_funcs.h:80:5:[m[K [01;36m[Knote: [m[Kparameter passing for argument of type '[01m[KQHash<QString, QVariant>::const_iterator[m[K' changed in GCC 7.1
[01m[K/mnt/HDD/Project/inkbox-build/inkbox/compiled-binaries/arm-kobo-linux-gnueabihf/arm-kobo-linux-gnueabihf/include/c++/11.2.0/bits/stl_iterator_base_funcs.h:80:5:[m[K [01;36m[Knote: [m[Kparameter passing for argument of type '[01m[KQHash<QString, QVariant>::const_iterator[m[K' changed in GCC 7.1
[ 28%] Linking CXX shared library ../../../bin/libKF5Wallet.so
[ 28%] Built target KF5Wallet
make: *** [Makefile:136: all] Error 2
