# kdesrc-build running: 'cmake' '-B' '.' '-S' '/home/szybet/kdesrc/frameworks/kwallet' '-G' 'Unix Makefiles' '-DCMAKE_EXPORT_COMPILE_COMMANDS:BOOL=ON' '-DCMAKE_TOOLCHAIN_FILE=/mnt/HDD/Project/Public/okulartry/kobo.cmake' '-DCMAKE_CXX_FLAGS:STRING=-pipe' '-DCMAKE_INSTALL_PREFIX=/mnt/HDD/Project/Public/okulartry/okular-things' '-DCMAKE_PREFIX_PATH=/home/build/inkbox/compiled-binaries/qt-bin/'
# from directory: /home/szybet/kdesrc/build/frameworks/kwallet
-- The C compiler identification is GNU 11.2.0
-- The CXX compiler identification is GNU 11.2.0
-- Detecting C compiler ABI info
-- Detecting C compiler ABI info - done
-- Check for working C compiler: /home/build/inkbox/compiled-binaries/arm-kobo-linux-gnueabihf/bin/arm-kobo-linux-gnueabihf-gcc - skipped
-- Detecting C compile features
-- Detecting C compile features - done
-- Detecting CXX compiler ABI info
-- Detecting CXX compiler ABI info - done
-- Check for working CXX compiler: /home/build/inkbox/compiled-binaries/arm-kobo-linux-gnueabihf/bin/arm-kobo-linux-gnueabihf-g++ - skipped
-- Detecting CXX compile features
-- Detecting CXX compile features - done
-- 

Installing in /mnt/HDD/Project/Public/okulartry/okular-things. Run /home/szybet/kdesrc/build/frameworks/kwallet/prefix.sh to set the environment for KWallet.
-- Setting build type to 'Debug' as none was specified.
-- Looking for __GLIBC__
-- Looking for __GLIBC__ - found
-- Performing Test _OFFT_IS_64BIT
-- Performing Test _OFFT_IS_64BIT - Failed
-- Performing Test HAVE_DATE_TIME
-- Performing Test HAVE_DATE_TIME - Success
-- Performing Test BSYMBOLICFUNCTIONS_AVAILABLE
-- Performing Test BSYMBOLICFUNCTIONS_AVAILABLE - Success
-- Found Gettext: /sbin/msgmerge (found version "0.21.1") 
-- Performing Test COMPILER_HAS_HIDDEN_VISIBILITY
-- Performing Test COMPILER_HAS_HIDDEN_VISIBILITY - Success
-- Performing Test COMPILER_HAS_HIDDEN_INLINE_VISIBILITY
-- Performing Test COMPILER_HAS_HIDDEN_INLINE_VISIBILITY - Success
-- Performing Test COMPILER_HAS_DEPRECATED_ATTR
-- Performing Test COMPILER_HAS_DEPRECATED_ATTR - Success
-- Looking for explicit_bzero
-- Looking for explicit_bzero - not found
-- Looking for RtlSecureZeroMemory
-- Looking for RtlSecureZeroMemory - not found
GPG support enabled
-- Looking for include file stdint.h
-- Looking for include file stdint.h - found
-- Looking for include file sys/bitypes.h
-- Looking for include file sys/bitypes.h - found
-- Found LibGcrypt: /home/build/inkbox/compiled-binaries/arm-kobo-linux-gnueabihf/arm-kobo-linux-gnueabihf/sysroot/lib/libgcrypt.so (found suitable version "1.11.0", minimum required is "1.5.0") 
-- The following OPTIONAL packages have been found:

 * Gpgmepp (required version >= 1.7.0)

-- The following REQUIRED packages have been found:

 * ECM (required version >= 5.106.0), Extra CMake Modules., <https://invent.kde.org/frameworks/extra-cmake-modules>
 * Qt5Gui
 * KF5ConfigWidgets (required version >= 5.106.0)
 * KF5DBusAddons (required version >= 5.106.0)
 * KF5Service (required version >= 5.106.0)
 * KF5WindowSystem (required version >= 5.106.0)
 * Qt5Core
 * Qt5Widgets
 * Qt5DBus
 * Qt5 (required version >= 5.15.2)
 * KF5CoreAddons (required version >= 5.106.0)
 * Gettext
 * KF5I18n (required version >= 5.106.0)
 * KF5Notifications (required version >= 5.106.0)
 * KF5WidgetsAddons (required version >= 5.106.0)
 * LibGcrypt (required version >= 1.5.0), A general purpose cryptographic library based on the code from GnuPG., <http://www.gnu.org/software/libgcrypt/>
   kwalletd needs libgcrypt to perform PBKDF2-SHA512 hashing
 * Qca-qt5
 * Qt5Test
 * KF5Config

-- The following features have been disabled:

 * QCH, API documentation in QCH format (for e.g. Qt Assistant, Qt Creator & KDevelop)

-- Configuring done (6.1s)
-- Generating done (0.1s)
-- Build files have been written to: /home/szybet/kdesrc/build/frameworks/kwallet
