This file contains any messages produced by compilers while
running configure, to aid debugging if configure makes a mistake.

It was created by libtirpc configure 1.2.6, which was
generated by GNU Autoconf 2.71.  Invocation command line was

  $ ./configure --prefix=/home/build/inkbox/compiled-binaries/arm-kobo-linux-gnueabihf/arm-kobo-linux-gnueabihf/sysroot --host=arm-linux-gnueabihf --disable-gssapi

## --------- ##
## Platform. ##
## --------- ##

hostname = hyperbookszyb
uname -m = x86_64
uname -r = 6.1.28-1-lts
uname -s = Linux
uname -v = #1 SMP PREEMPT_DYNAMIC Thu, 11 May 2023 15:52:41 +0000

/usr/bin/uname -p = unknown
/bin/uname -X     = unknown

/bin/arch              = unknown
/usr/bin/arch -k       = unknown
/usr/convex/getsysinfo = unknown
/usr/bin/hostinfo      = unknown
/bin/machine           = unknown
/usr/bin/oslevel       = unknown
/bin/universe          = unknown

PATH: /home/szybet/kde/src/kdesrc-build/
PATH: /home/szybet/.cargo/bin/
PATH: /sbin/
PATH: /bin/
PATH: /usr/local/sbin/
PATH: /usr/local/bin/
PATH: /usr/bin/
PATH: /usr/sbin/
PATH: /home/szybet/.dotnet/tools/
PATH: /usr/lib/jvm/default/bin/
PATH: /usr/bin/site_perl/
PATH: /usr/bin/vendor_perl/
PATH: /usr/bin/core_perl/
PATH: /usr/lib/rustup/bin/
PATH: /home/build/inkbox/compiled-binaries/arm-kobo-linux-gnueabihf/bin/
PATH: /home/build/inkbox/compiled-binaries/qt-bin/qt-linux-5.15.2-kobo/bin/


## ----------- ##
## Core tests. ##
## ----------- ##

configure:2374: looking for aux files: ltmain.sh config.guess config.sub compile missing install-sh
configure:2387:  trying ./
configure:2416:   ./ltmain.sh found
configure:2416:   ./config.guess found
configure:2416:   ./config.sub found
configure:2416:   ./compile found
configure:2416:   ./missing found
configure:2398:   ./install-sh found
configure:2545: checking for a BSD-compatible install
configure:2618: result: /bin/install -c
configure:2629: checking whether build environment is sane
configure:2684: result: yes
configure:2740: checking for arm-linux-gnueabihf-strip
configure:2775: result: no
configure:2785: checking for strip
configure:2806: found /sbin/strip
configure:2817: result: strip
configure:2843: checking for a race-free mkdir -p
configure:2887: result: /sbin/mkdir -p
configure:2894: checking for gawk
configure:2915: found /sbin/gawk
configure:2926: result: gawk
configure:2937: checking whether make sets $(MAKE)
configure:2960: result: yes
configure:2990: checking whether make supports nested variables
configure:3008: result: yes
configure:3156: checking whether make supports nested variables
configure:3174: result: yes
configure:3204: checking for arm-linux-gnueabihf-gcc
configure:3236: result: arm-kobo-linux-gnueabihf-gcc
configure:3634: checking for C compiler version
configure:3643: arm-kobo-linux-gnueabihf-gcc --version >&5
arm-kobo-linux-gnueabihf-gcc (crosstool-NG 1.24.0.519_3e2d99d - NiLuJe) 11.2.0
Copyright (C) 2021 Free Software Foundation, Inc.
This is free software; see the source for copying conditions.  There is NO
warranty; not even for MERCHANTABILITY or FITNESS FOR A PARTICULAR PURPOSE.

configure:3654: $? = 0
configure:3643: arm-kobo-linux-gnueabihf-gcc -v >&5
Using built-in specs.
COLLECT_GCC=arm-kobo-linux-gnueabihf-gcc
COLLECT_LTO_WRAPPER=/mnt/HDD/Project/inkbox-build/inkbox/compiled-binaries/arm-kobo-linux-gnueabihf/bin/../libexec/gcc/arm-kobo-linux-gnueabihf/11.2.0/lto-wrapper
Target: arm-kobo-linux-gnueabihf
Configured with: /home/nicolas/Development/kox/koxtoolchain/build/kobo/.build/arm-kobo-linux-gnueabihf/src/gcc/configure --build=x86_64-build_pc-linux-gnu --host=x86_64-build_pc-linux-gnu --target=arm-kobo-linux-gnueabihf --prefix=/home/nicolas/x-tools/arm-kobo-linux-gnueabihf --exec_prefix=/home/nicolas/x-tools/arm-kobo-linux-gnueabihf --with-sysroot=/home/nicolas/x-tools/arm-kobo-linux-gnueabihf/arm-kobo-linux-gnueabihf/sysroot --enable-languages=c,c++ --with-cpu=cortex-a8 --with-fpu=neon --with-float=hard --with-pkgversion='crosstool-NG 1.24.0.519_3e2d99d - NiLuJe' --enable-__cxa_atexit --disable-libmudflap --disable-libgomp --disable-libssp --disable-libquadmath --disable-libquadmath-support --disable-libsanitizer --disable-libmpx --with-gmp=/home/nicolas/Development/kox/koxtoolchain/build/kobo/.build/arm-kobo-linux-gnueabihf/buildtools --with-mpfr=/home/nicolas/Development/kox/koxtoolchain/build/kobo/.build/arm-kobo-linux-gnueabihf/buildtools --with-mpc=/home/nicolas/Development/kox/koxtoolchain/build/kobo/.build/arm-kobo-linux-gnueabihf/buildtools --with-isl=no --with-cloog=no --enable-lto --enable-threads=posix --with-linker-hash-style=gnu --enable-plugin --enable-gold --disable-nls --disable-multilib --with-diagnostics-color=always --with-local-prefix=/home/nicolas/x-tools/arm-kobo-linux-gnueabihf/arm-kobo-linux-gnueabihf/sysroot --enable-long-long --with-mode=thumb
Thread model: posix
Supported LTO compression algorithms: zlib zstd
gcc version 11.2.0 (crosstool-NG 1.24.0.519_3e2d99d - NiLuJe) 
configure:3654: $? = 0
configure:3643: arm-kobo-linux-gnueabihf-gcc -V >&5
[01m[Karm-kobo-linux-gnueabihf-gcc:[m[K [01;31m[Kerror: [m[Kunrecognized command-line option '[01m[K-V[m[K'
[01m[Karm-kobo-linux-gnueabihf-gcc:[m[K [01;31m[Kfatal error: [m[Kno input files
compilation terminated.
configure:3654: $? = 1
configure:3643: arm-kobo-linux-gnueabihf-gcc -qversion >&5
[01m[Karm-kobo-linux-gnueabihf-gcc:[m[K [01;31m[Kerror: [m[Kunrecognized command-line option '[01m[K-qversion[m[K'; did you mean '[01m[K--version[m[K'?
[01m[Karm-kobo-linux-gnueabihf-gcc:[m[K [01;31m[Kfatal error: [m[Kno input files
compilation terminated.
configure:3654: $? = 1
configure:3643: arm-kobo-linux-gnueabihf-gcc -version >&5
[01m[Karm-kobo-linux-gnueabihf-gcc:[m[K [01;31m[Kerror: [m[Kunrecognized command-line option '[01m[K-version[m[K'
[01m[Karm-kobo-linux-gnueabihf-gcc:[m[K [01;31m[Kfatal error: [m[Kno input files
compilation terminated.
configure:3654: $? = 1
configure:3674: checking whether the C compiler works
configure:3696: arm-kobo-linux-gnueabihf-gcc    conftest.c  >&5
configure:3700: $? = 0
configure:3750: result: yes
configure:3753: checking for C compiler default output file name
configure:3755: result: a.out
configure:3761: checking for suffix of executables
configure:3768: arm-kobo-linux-gnueabihf-gcc -o conftest    conftest.c  >&5
configure:3772: $? = 0
configure:3795: result: 
configure:3817: checking whether we are cross compiling
configure:3825: arm-kobo-linux-gnueabihf-gcc -o conftest    conftest.c  >&5
configure:3829: $? = 0
configure:3836: ./conftest
./configure: line 3838: ./conftest: cannot execute binary file: Exec format error
configure:3840: $? = 126
configure:3855: result: yes
configure:3860: checking for suffix of object files
configure:3883: arm-kobo-linux-gnueabihf-gcc -c   conftest.c >&5
configure:3887: $? = 0
configure:3909: result: o
configure:3913: checking whether the compiler supports GNU C
configure:3933: arm-kobo-linux-gnueabihf-gcc -c   conftest.c >&5
configure:3933: $? = 0
configure:3943: result: yes
configure:3954: checking whether arm-kobo-linux-gnueabihf-gcc accepts -g
configure:3975: arm-kobo-linux-gnueabihf-gcc -c -g  conftest.c >&5
configure:3975: $? = 0
configure:4019: result: yes
configure:4039: checking for arm-kobo-linux-gnueabihf-gcc option to enable C11 features
configure:4054: arm-kobo-linux-gnueabihf-gcc  -c -g -O2  conftest.c >&5
configure:4054: $? = 0
configure:4072: result: none needed
configure:4188: checking whether arm-kobo-linux-gnueabihf-gcc understands -c and -o together
configure:4211: arm-kobo-linux-gnueabihf-gcc -c conftest.c -o conftest2.o
configure:4214: $? = 0
configure:4211: arm-kobo-linux-gnueabihf-gcc -c conftest.c -o conftest2.o
configure:4214: $? = 0
configure:4226: result: yes
configure:4246: checking whether make supports the include directive
configure:4261: make -f confmf.GNU && cat confinc.out
this is the am__doit target
configure:4264: $? = 0
configure:4283: result: yes (GNU style)
configure:4309: checking dependency style of arm-kobo-linux-gnueabihf-gcc
configure:4421: result: gcc3
configure:4469: checking for stdio.h
configure:4469: arm-kobo-linux-gnueabihf-gcc -c -g -O2  conftest.c >&5
configure:4469: $? = 0
configure:4469: result: yes
configure:4469: checking for stdlib.h
configure:4469: arm-kobo-linux-gnueabihf-gcc -c -g -O2  conftest.c >&5
configure:4469: $? = 0
configure:4469: result: yes
configure:4469: checking for string.h
configure:4469: arm-kobo-linux-gnueabihf-gcc -c -g -O2  conftest.c >&5
configure:4469: $? = 0
configure:4469: result: yes
configure:4469: checking for inttypes.h
configure:4469: arm-kobo-linux-gnueabihf-gcc -c -g -O2  conftest.c >&5
configure:4469: $? = 0
configure:4469: result: yes
configure:4469: checking for stdint.h
configure:4469: arm-kobo-linux-gnueabihf-gcc -c -g -O2  conftest.c >&5
configure:4469: $? = 0
configure:4469: result: yes
configure:4469: checking for strings.h
configure:4469: arm-kobo-linux-gnueabihf-gcc -c -g -O2  conftest.c >&5
configure:4469: $? = 0
configure:4469: result: yes
configure:4469: checking for sys/stat.h
configure:4469: arm-kobo-linux-gnueabihf-gcc -c -g -O2  conftest.c >&5
configure:4469: $? = 0
configure:4469: result: yes
configure:4469: checking for sys/types.h
configure:4469: arm-kobo-linux-gnueabihf-gcc -c -g -O2  conftest.c >&5
configure:4469: $? = 0
configure:4469: result: yes
configure:4469: checking for unistd.h
configure:4469: arm-kobo-linux-gnueabihf-gcc -c -g -O2  conftest.c >&5
configure:4469: $? = 0
configure:4469: result: yes
configure:4494: checking for gssapi/gssapi.h
configure:4494: arm-kobo-linux-gnueabihf-gcc -c -g -O2  conftest.c >&5
[01m[Kconftest.c:49:10:[m[K [01;31m[Kfatal error: [m[Kgssapi/gssapi.h: No such file or directory
   49 | #include [01;31m[K<gssapi/gssapi.h>[m[K
      |          [01;31m[K^~~~~~~~~~~~~~~~~[m[K
compilation terminated.
configure:4494: $? = 1
configure: failed program was:
| /* confdefs.h */
| #define PACKAGE_NAME "libtirpc"
| #define PACKAGE_TARNAME "libtirpc"
| #define PACKAGE_VERSION "1.2.6"
| #define PACKAGE_STRING "libtirpc 1.2.6"
| #define PACKAGE_BUGREPORT ""
| #define PACKAGE_URL ""
| #define PACKAGE "libtirpc"
| #define VERSION "1.2.6"
| #define HAVE_STDIO_H 1
| #define HAVE_STDLIB_H 1
| #define HAVE_STRING_H 1
| #define HAVE_INTTYPES_H 1
| #define HAVE_STDINT_H 1
| #define HAVE_STRINGS_H 1
| #define HAVE_SYS_STAT_H 1
| #define HAVE_SYS_TYPES_H 1
| #define HAVE_UNISTD_H 1
| #define STDC_HEADERS 1
| /* end confdefs.h.  */
| #include <stddef.h>
| #ifdef HAVE_STDIO_H
| # include <stdio.h>
| #endif
| #ifdef HAVE_STDLIB_H
| # include <stdlib.h>
| #endif
| #ifdef HAVE_STRING_H
| # include <string.h>
| #endif
| #ifdef HAVE_INTTYPES_H
| # include <inttypes.h>
| #endif
| #ifdef HAVE_STDINT_H
| # include <stdint.h>
| #endif
| #ifdef HAVE_STRINGS_H
| # include <strings.h>
| #endif
| #ifdef HAVE_SYS_TYPES_H
| # include <sys/types.h>
| #endif
| #ifdef HAVE_SYS_STAT_H
| # include <sys/stat.h>
| #endif
| #ifdef HAVE_UNISTD_H
| # include <unistd.h>
| #endif
| #include <gssapi/gssapi.h>
configure:4494: result: no
configure:4702: checking build system type
configure:4717: result: x86_64-pc-linux-gnu
configure:4779: checking host system type
configure:4793: result: arm-unknown-linux-gnueabihf
configure:4834: checking how to print strings
configure:4861: result: printf
configure:4882: checking for a sed that does not truncate output
configure:4952: result: /sbin/sed
configure:4970: checking for grep that handles long lines and -e
configure:5034: result: /sbin/grep
configure:5039: checking for egrep
configure:5107: result: /sbin/grep -E
configure:5112: checking for fgrep
configure:5180: result: /sbin/grep -F
configure:5216: checking for ld used by arm-kobo-linux-gnueabihf-gcc
configure:5284: result: /mnt/HDD/Project/inkbox-build/inkbox/compiled-binaries/arm-kobo-linux-gnueabihf/arm-kobo-linux-gnueabihf/bin/ld
configure:5291: checking if the linker (/mnt/HDD/Project/inkbox-build/inkbox/compiled-binaries/arm-kobo-linux-gnueabihf/arm-kobo-linux-gnueabihf/bin/ld) is GNU ld
configure:5307: result: yes
configure:5319: checking for BSD- or MS-compatible name lister (nm)
configure:5374: result: no
configure:5388: checking for arm-linux-gnueabihf-dumpbin
configure:5423: result: no
configure:5388: checking for arm-linux-gnueabihf-link
configure:5423: result: no
configure:5437: checking for dumpbin
configure:5472: result: no
configure:5437: checking for link
configure:5458: found /sbin/link
configure:5469: result: link -dump
configure:5485: WARNING: using cross tools not prefixed with host triplet
configure:5514: checking the name lister (nm) interface
configure:5522: arm-kobo-linux-gnueabihf-gcc -c -g -O2  conftest.c >&5
configure:5525: nm "conftest.o"
configure:5528: output
00000000 b $d
00000000 B some_variable
configure:5535: result: BSD nm
configure:5538: checking whether ln -s works
configure:5542: result: yes
configure:5550: checking the maximum length of command line arguments
configure:5682: result: 1572864
configure:5730: checking how to convert x86_64-pc-linux-gnu file names to arm-unknown-linux-gnueabihf format
configure:5771: result: func_convert_file_noop
configure:5778: checking how to convert x86_64-pc-linux-gnu file names to toolchain format
configure:5799: result: func_convert_file_noop
configure:5806: checking for /mnt/HDD/Project/inkbox-build/inkbox/compiled-binaries/arm-kobo-linux-gnueabihf/arm-kobo-linux-gnueabihf/bin/ld option to reload object files
configure:5814: result: -r
configure:5848: checking for arm-linux-gnueabihf-file
configure:5883: result: no
configure:5893: checking for file
configure:5914: found /sbin/file
configure:5925: result: file
configure:5956: checking for arm-linux-gnueabihf-objdump
configure:5991: result: no
configure:6001: checking for objdump
configure:6022: found /sbin/objdump
configure:6033: result: objdump
configure:6065: checking how to recognize dependent libraries
configure:6266: result: pass_all
configure:6311: checking for arm-linux-gnueabihf-dlltool
configure:6346: result: no
configure:6356: checking for dlltool
configure:6391: result: no
configure:6421: checking how to associate runtime and link libraries
configure:6449: result: printf %s\n
configure:6465: checking for arm-linux-gnueabihf-ar
configure:6497: result: arm-kobo-linux-gnueabihf-ar
configure:6599: checking for archiver @FILE support
configure:6617: arm-kobo-linux-gnueabihf-gcc -c -g -O2  conftest.c >&5
configure:6617: $? = 0
configure:6621: arm-kobo-linux-gnueabihf-ar cr libconftest.a @conftest.lst >&5
configure:6624: $? = 0
configure:6629: arm-kobo-linux-gnueabihf-ar cr libconftest.a @conftest.lst >&5
arm-kobo-linux-gnueabihf-ar: conftest.o: No such file or directory
configure:6632: $? = 1
configure:6644: result: @
configure:6662: checking for arm-linux-gnueabihf-strip
configure:6694: result: strip
configure:6771: checking for arm-linux-gnueabihf-ranlib
configure:6803: result: arm-kobo-linux-gnueabihf-ranlib
configure:6950: checking command to parse nm output from arm-kobo-linux-gnueabihf-gcc object
configure:7104: arm-kobo-linux-gnueabihf-gcc -c -g -O2  conftest.c >&5
configure:7107: $? = 0
configure:7111: nm conftest.o \| /sbin/sed -n -e 's/^.*[ ]\([ABCDGIRSTW][ABCDGIRSTW]*\)[ ][ ]*\([_A-Za-z][_A-Za-z0-9]*\)$/\1 \2 \2/p' | /sbin/sed '/ __gnu_lto/d' \> conftest.nm
configure:7114: $? = 0
configure:7180: arm-kobo-linux-gnueabihf-gcc -o conftest -g -O2   conftest.c conftstm.o >&5
configure:7183: $? = 0
configure:7221: result: ok
configure:7268: checking for sysroot
configure:7299: result: no
configure:7306: checking for a working dd
configure:7350: result: /sbin/dd
configure:7354: checking how to truncate binary pipes
configure:7370: result: /sbin/dd bs=4096 count=1
configure:7662: checking for arm-linux-gnueabihf-mt
configure:7697: result: no
configure:7707: checking for mt
configure:7742: result: no
configure:7762: checking if : is a manifest tool
configure:7769: : '-?'
configure:7777: result: no
configure:8498: checking for dlfcn.h
configure:8498: arm-kobo-linux-gnueabihf-gcc -c -g -O2  conftest.c >&5
configure:8498: $? = 0
configure:8498: result: yes
configure:8757: checking for objdir
configure:8773: result: .libs
configure:9033: checking if arm-kobo-linux-gnueabihf-gcc supports -fno-rtti -fno-exceptions
configure:9052: arm-kobo-linux-gnueabihf-gcc -c -g -O2  -fno-rtti -fno-exceptions conftest.c >&5
[01m[Kcc1:[m[K [01;35m[Kwarning: [m[Kcommand-line option '[01m[K-fno-rtti[m[K' is valid for C++/D/ObjC++ but not for C
configure:9056: $? = 0
configure:9069: result: no
configure:9427: checking for arm-kobo-linux-gnueabihf-gcc option to produce PIC
configure:9435: result: -fPIC -DPIC
configure:9443: checking if arm-kobo-linux-gnueabihf-gcc PIC flag -fPIC -DPIC works
configure:9462: arm-kobo-linux-gnueabihf-gcc -c -g -O2  -fPIC -DPIC -DPIC conftest.c >&5
configure:9466: $? = 0
configure:9479: result: yes
configure:9508: checking if arm-kobo-linux-gnueabihf-gcc static flag -static works
configure:9537: result: yes
configure:9552: checking if arm-kobo-linux-gnueabihf-gcc supports -c -o file.o
configure:9574: arm-kobo-linux-gnueabihf-gcc -c -g -O2  -o out/conftest2.o conftest.c >&5
configure:9578: $? = 0
configure:9600: result: yes
configure:9608: checking if arm-kobo-linux-gnueabihf-gcc supports -c -o file.o
configure:9656: result: yes
configure:9689: checking whether the arm-kobo-linux-gnueabihf-gcc linker (/mnt/HDD/Project/inkbox-build/inkbox/compiled-binaries/arm-kobo-linux-gnueabihf/arm-kobo-linux-gnueabihf/bin/ld) supports shared libraries
configure:10957: result: yes
configure:10994: checking whether -lc should be explicitly linked in
configure:11003: arm-kobo-linux-gnueabihf-gcc -c -g -O2  conftest.c >&5
configure:11006: $? = 0
configure:11021: arm-kobo-linux-gnueabihf-gcc -shared  -fPIC -DPIC conftest.o  -v -Wl,-soname -Wl,conftest -o conftest 2\>\&1 \| /sbin/grep  -lc  \>/dev/null 2\>\&1
configure:11024: $? = 0
configure:11038: result: no
configure:11198: checking dynamic linker characteristics
configure:11780: arm-kobo-linux-gnueabihf-gcc -o conftest -g -O2   -Wl,-rpath -Wl,/foo conftest.c  >&5
configure:11780: $? = 0
configure:12019: result: GNU/Linux ld.so
configure:12141: checking how to hardcode library paths into programs
configure:12166: result: immediate
configure:12718: checking whether stripping libraries is possible
configure:12727: result: yes
configure:12769: checking if libtool supports shared libraries
configure:12771: result: yes
configure:12774: checking whether to build shared libraries
configure:12799: result: yes
configure:12802: checking whether to build static libraries
configure:12806: result: yes
configure:12846: checking for dirent.h that defines DIR
configure:12866: arm-kobo-linux-gnueabihf-gcc -c -g -O2  conftest.c >&5
configure:12866: $? = 0
configure:12875: result: yes
configure:12889: checking for library containing opendir
configure:12919: arm-kobo-linux-gnueabihf-gcc -o conftest -g -O2   conftest.c  >&5
configure:12919: $? = 0
configure:12939: result: none required
configure:13011: checking for arpa/inet.h
configure:13011: arm-kobo-linux-gnueabihf-gcc -c -g -O2  conftest.c >&5
configure:13011: $? = 0
configure:13011: result: yes
configure:13017: checking for fcntl.h
configure:13017: arm-kobo-linux-gnueabihf-gcc -c -g -O2  conftest.c >&5
configure:13017: $? = 0
configure:13017: result: yes
configure:13023: checking for libintl.h
configure:13023: arm-kobo-linux-gnueabihf-gcc -c -g -O2  conftest.c >&5
configure:13023: $? = 0
configure:13023: result: yes
configure:13029: checking for limits.h
configure:13029: arm-kobo-linux-gnueabihf-gcc -c -g -O2  conftest.c >&5
configure:13029: $? = 0
configure:13029: result: yes
configure:13035: checking for locale.h
configure:13035: arm-kobo-linux-gnueabihf-gcc -c -g -O2  conftest.c >&5
configure:13035: $? = 0
configure:13035: result: yes
configure:13041: checking for netdb.h
configure:13041: arm-kobo-linux-gnueabihf-gcc -c -g -O2  conftest.c >&5
configure:13041: $? = 0
configure:13041: result: yes
configure:13047: checking for netinet/in.h
configure:13047: arm-kobo-linux-gnueabihf-gcc -c -g -O2  conftest.c >&5
configure:13047: $? = 0
configure:13047: result: yes
configure:13053: checking for stddef.h
configure:13053: arm-kobo-linux-gnueabihf-gcc -c -g -O2  conftest.c >&5
configure:13053: $? = 0
configure:13053: result: yes
configure:13059: checking for stdint.h
configure:13059: result: yes
configure:13065: checking for stdlib.h
configure:13065: result: yes
configure:13071: checking for string.h
configure:13071: result: yes
configure:13077: checking for sys/ioctl.h
configure:13077: arm-kobo-linux-gnueabihf-gcc -c -g -O2  conftest.c >&5
configure:13077: $? = 0
configure:13077: result: yes
configure:13083: checking for sys/param.h
configure:13083: arm-kobo-linux-gnueabihf-gcc -c -g -O2  conftest.c >&5
configure:13083: $? = 0
configure:13083: result: yes
configure:13089: checking for sys/socket.h
configure:13089: arm-kobo-linux-gnueabihf-gcc -c -g -O2  conftest.c >&5
configure:13089: $? = 0
configure:13089: result: yes
configure:13095: checking for sys/time.h
configure:13095: arm-kobo-linux-gnueabihf-gcc -c -g -O2  conftest.c >&5
configure:13095: $? = 0
configure:13095: result: yes
configure:13101: checking for syslog.h
configure:13101: arm-kobo-linux-gnueabihf-gcc -c -g -O2  conftest.c >&5
configure:13101: $? = 0
configure:13101: result: yes
configure:13107: checking for unistd.h
configure:13107: result: yes
configure:13113: checking for features.h
configure:13113: arm-kobo-linux-gnueabihf-gcc -c -g -O2  conftest.c >&5
configure:13113: $? = 0
configure:13113: result: yes
configure:13119: checking for gssapi/gssapi_ext.h
configure:13119: arm-kobo-linux-gnueabihf-gcc -c -g -O2  conftest.c >&5
[01m[Kconftest.c:71:10:[m[K [01;31m[Kfatal error: [m[Kgssapi/gssapi_ext.h: No such file or directory
   71 | #include [01;31m[K<gssapi/gssapi_ext.h>[m[K
      |          [01;31m[K^~~~~~~~~~~~~~~~~~~~~[m[K
compilation terminated.
configure:13119: $? = 1
configure: failed program was:
| /* confdefs.h */
| #define PACKAGE_NAME "libtirpc"
| #define PACKAGE_TARNAME "libtirpc"
| #define PACKAGE_VERSION "1.2.6"
| #define PACKAGE_STRING "libtirpc 1.2.6"
| #define PACKAGE_BUGREPORT ""
| #define PACKAGE_URL ""
| #define PACKAGE "libtirpc"
| #define VERSION "1.2.6"
| #define HAVE_STDIO_H 1
| #define HAVE_STDLIB_H 1
| #define HAVE_STRING_H 1
| #define HAVE_INTTYPES_H 1
| #define HAVE_STDINT_H 1
| #define HAVE_STRINGS_H 1
| #define HAVE_SYS_STAT_H 1
| #define HAVE_SYS_TYPES_H 1
| #define HAVE_UNISTD_H 1
| #define STDC_HEADERS 1
| #define INET6 1
| #define HAVE_DLFCN_H 1
| #define LT_OBJDIR ".libs/"
| #define HAVE_DIRENT_H 1
| #define HAVE_ARPA_INET_H 1
| #define HAVE_FCNTL_H 1
| #define HAVE_LIBINTL_H 1
| #define HAVE_LIMITS_H 1
| #define HAVE_LOCALE_H 1
| #define HAVE_NETDB_H 1
| #define HAVE_NETINET_IN_H 1
| #define HAVE_STDDEF_H 1
| #define HAVE_STDINT_H 1
| #define HAVE_STDLIB_H 1
| #define HAVE_STRING_H 1
| #define HAVE_SYS_IOCTL_H 1
| #define HAVE_SYS_PARAM_H 1
| #define HAVE_SYS_SOCKET_H 1
| #define HAVE_SYS_TIME_H 1
| #define HAVE_SYSLOG_H 1
| #define HAVE_UNISTD_H 1
| #define HAVE_FEATURES_H 1
| /* end confdefs.h.  */
| #include <stddef.h>
| #ifdef HAVE_STDIO_H
| # include <stdio.h>
| #endif
| #ifdef HAVE_STDLIB_H
| # include <stdlib.h>
| #endif
| #ifdef HAVE_STRING_H
| # include <string.h>
| #endif
| #ifdef HAVE_INTTYPES_H
| # include <inttypes.h>
| #endif
| #ifdef HAVE_STDINT_H
| # include <stdint.h>
| #endif
| #ifdef HAVE_STRINGS_H
| # include <strings.h>
| #endif
| #ifdef HAVE_SYS_TYPES_H
| # include <sys/types.h>
| #endif
| #ifdef HAVE_SYS_STAT_H
| # include <sys/stat.h>
| #endif
| #ifdef HAVE_UNISTD_H
| # include <unistd.h>
| #endif
| #include <gssapi/gssapi_ext.h>
configure:13119: result: no
configure:13126: checking for pthread_create in -lpthread
configure:13149: arm-kobo-linux-gnueabihf-gcc -o conftest -g -O2   conftest.c -lpthread   >&5
configure:13149: $? = 0
configure:13159: result: yes
configure:13169: checking for getrpcbyname
configure:13169: arm-kobo-linux-gnueabihf-gcc -o conftest -g -O2   conftest.c -lpthread  >&5
configure:13169: $? = 0
configure:13169: result: yes
configure:13175: checking for getrpcbynumber
configure:13175: arm-kobo-linux-gnueabihf-gcc -o conftest -g -O2   conftest.c -lpthread  >&5
configure:13175: $? = 0
configure:13175: result: yes
configure:13181: checking for setrpcent
configure:13181: arm-kobo-linux-gnueabihf-gcc -o conftest -g -O2   conftest.c -lpthread  >&5
configure:13181: $? = 0
configure:13181: result: yes
configure:13187: checking for endrpcent
configure:13187: arm-kobo-linux-gnueabihf-gcc -o conftest -g -O2   conftest.c -lpthread  >&5
configure:13187: $? = 0
configure:13187: result: yes
configure:13193: checking for getrpcent
configure:13193: arm-kobo-linux-gnueabihf-gcc -o conftest -g -O2   conftest.c -lpthread  >&5
configure:13193: $? = 0
configure:13193: result: yes
configure:13306: checking that generated files are newer than configure
configure:13312: result: done
configure:13351: creating ./config.status

## ---------------------- ##
## Running config.status. ##
## ---------------------- ##

This file was extended by libtirpc config.status 1.2.6, which was
generated by GNU Autoconf 2.71.  Invocation command line was

  CONFIG_FILES    = 
  CONFIG_HEADERS  = 
  CONFIG_LINKS    = 
  CONFIG_COMMANDS = 
  $ ./config.status 

on hyperbookszyb

config.status:1125: creating Makefile
config.status:1125: creating src/Makefile
config.status:1125: creating man/Makefile
config.status:1125: creating doc/Makefile
config.status:1125: creating libtirpc.pc
config.status:1125: creating config.h
config.status:1354: executing depfiles commands
config.status:1431: cd src       && sed -e '/# am--include-marker/d' Makefile         | make -f - am--depfiles
config.status:1436: $? = 0
config.status:1354: executing libtool commands

## ---------------- ##
## Cache variables. ##
## ---------------- ##

ac_cv_build=x86_64-pc-linux-gnu
ac_cv_c_compiler_gnu=yes
ac_cv_env_CC_set=set
ac_cv_env_CC_value=arm-kobo-linux-gnueabihf-gcc
ac_cv_env_CFLAGS_set=
ac_cv_env_CFLAGS_value=
ac_cv_env_CPPFLAGS_set=
ac_cv_env_CPPFLAGS_value=
ac_cv_env_LDFLAGS_set=
ac_cv_env_LDFLAGS_value=
ac_cv_env_LIBS_set=
ac_cv_env_LIBS_value=
ac_cv_env_LT_SYS_LIBRARY_PATH_set=
ac_cv_env_LT_SYS_LIBRARY_PATH_value=
ac_cv_env_build_alias_set=
ac_cv_env_build_alias_value=
ac_cv_env_host_alias_set=set
ac_cv_env_host_alias_value=arm-linux-gnueabihf
ac_cv_env_target_alias_set=
ac_cv_env_target_alias_value=
ac_cv_func_endrpcent=yes
ac_cv_func_getrpcbyname=yes
ac_cv_func_getrpcbynumber=yes
ac_cv_func_getrpcent=yes
ac_cv_func_setrpcent=yes
ac_cv_header_arpa_inet_h=yes
ac_cv_header_dirent_dirent_h=yes
ac_cv_header_dlfcn_h=yes
ac_cv_header_fcntl_h=yes
ac_cv_header_features_h=yes
ac_cv_header_gssapi_gssapi_ext_h=no
ac_cv_header_gssapi_gssapi_h=no
ac_cv_header_inttypes_h=yes
ac_cv_header_libintl_h=yes
ac_cv_header_limits_h=yes
ac_cv_header_locale_h=yes
ac_cv_header_netdb_h=yes
ac_cv_header_netinet_in_h=yes
ac_cv_header_stddef_h=yes
ac_cv_header_stdint_h=yes
ac_cv_header_stdio_h=yes
ac_cv_header_stdlib_h=yes
ac_cv_header_string_h=yes
ac_cv_header_strings_h=yes
ac_cv_header_sys_ioctl_h=yes
ac_cv_header_sys_param_h=yes
ac_cv_header_sys_socket_h=yes
ac_cv_header_sys_stat_h=yes
ac_cv_header_sys_time_h=yes
ac_cv_header_sys_types_h=yes
ac_cv_header_syslog_h=yes
ac_cv_header_unistd_h=yes
ac_cv_host=arm-unknown-linux-gnueabihf
ac_cv_lib_pthread_pthread_create=yes
ac_cv_objext=o
ac_cv_path_EGREP='/sbin/grep -E'
ac_cv_path_FGREP='/sbin/grep -F'
ac_cv_path_GREP=/sbin/grep
ac_cv_path_SED=/sbin/sed
ac_cv_path_install='/bin/install -c'
ac_cv_path_lt_DD=/sbin/dd
ac_cv_path_mkdir=/sbin/mkdir
ac_cv_prog_AR=arm-kobo-linux-gnueabihf-ar
ac_cv_prog_AWK=gawk
ac_cv_prog_CC=arm-kobo-linux-gnueabihf-gcc
ac_cv_prog_RANLIB=arm-kobo-linux-gnueabihf-ranlib
ac_cv_prog_STRIP=strip
ac_cv_prog_ac_ct_DUMPBIN='link -dump'
ac_cv_prog_ac_ct_FILECMD=file
ac_cv_prog_ac_ct_OBJDUMP=objdump
ac_cv_prog_ac_ct_STRIP=strip
ac_cv_prog_cc_c11=
ac_cv_prog_cc_g=yes
ac_cv_prog_cc_stdc=
ac_cv_prog_make_make_set=yes
ac_cv_search_opendir='none required'
am_cv_CC_dependencies_compiler_type=gcc3
am_cv_make_support_nested_variables=yes
am_cv_prog_cc_c_o=yes
lt_cv_ar_at_file=@
lt_cv_archive_cmds_need_lc=no
lt_cv_deplibs_check_method=pass_all
lt_cv_file_magic_cmd='$MAGIC_CMD'
lt_cv_file_magic_test_file=
lt_cv_ld_reload_flag=-r
lt_cv_nm_interface='BSD nm'
lt_cv_objdir=.libs
lt_cv_path_LD=/mnt/HDD/Project/inkbox-build/inkbox/compiled-binaries/arm-kobo-linux-gnueabihf/arm-kobo-linux-gnueabihf/bin/ld
lt_cv_path_NM=no
lt_cv_path_mainfest_tool=no
lt_cv_prog_compiler_c_o=yes
lt_cv_prog_compiler_pic='-fPIC -DPIC'
lt_cv_prog_compiler_pic_works=yes
lt_cv_prog_compiler_rtti_exceptions=no
lt_cv_prog_compiler_static_works=yes
lt_cv_prog_gnu_ld=yes
lt_cv_sharedlib_from_linklib_cmd='printf %s\n'
lt_cv_shlibpath_overrides_runpath=no
lt_cv_sys_global_symbol_pipe='/sbin/sed -n -e '\''s/^.*[	 ]\([ABCDGIRSTW][ABCDGIRSTW]*\)[	 ][	 ]*\([_A-Za-z][_A-Za-z0-9]*\)$/\1 \2 \2/p'\'' | /sbin/sed '\''/ __gnu_lto/d'\'''
lt_cv_sys_global_symbol_to_c_name_address='/sbin/sed -n -e '\''s/^: \(.*\) .*$/  {"\1", (void *) 0},/p'\'' -e '\''s/^[ABCDGIRSTW][ABCDGIRSTW]* .* \(.*\)$/  {"\1", (void *) \&\1},/p'\'''
lt_cv_sys_global_symbol_to_c_name_address_lib_prefix='/sbin/sed -n -e '\''s/^: \(.*\) .*$/  {"\1", (void *) 0},/p'\'' -e '\''s/^[ABCDGIRSTW][ABCDGIRSTW]* .* \(lib.*\)$/  {"\1", (void *) \&\1},/p'\'' -e '\''s/^[ABCDGIRSTW][ABCDGIRSTW]* .* \(.*\)$/  {"lib\1", (void *) \&\1},/p'\'''
lt_cv_sys_global_symbol_to_cdecl='/sbin/sed -n -e '\''s/^T .* \(.*\)$/extern int \1();/p'\'' -e '\''s/^[ABCDGIRSTW][ABCDGIRSTW]* .* \(.*\)$/extern char \1;/p'\'''
lt_cv_sys_global_symbol_to_import=
lt_cv_sys_max_cmd_len=1572864
lt_cv_to_host_file_cmd=func_convert_file_noop
lt_cv_to_tool_file_cmd=func_convert_file_noop
lt_cv_truncate_bin='/sbin/dd bs=4096 count=1'

## ----------------- ##
## Output variables. ##
## ----------------- ##

ACLOCAL='${SHELL} '\''/mnt/HDD/Project/Public/okulartry/libtirpc/missing'\'' aclocal-1.16'
AMDEPBACKSLASH='\'
AMDEP_FALSE='#'
AMDEP_TRUE=''
AMTAR='$${TAR-tar}'
AM_BACKSLASH='\'
AM_DEFAULT_V='$(AM_DEFAULT_VERBOSITY)'
AM_DEFAULT_VERBOSITY='0'
AM_V='$(V)'
AR='arm-kobo-linux-gnueabihf-ar'
AUTHDES_FALSE=''
AUTHDES_TRUE='#'
AUTOCONF='${SHELL} '\''/mnt/HDD/Project/Public/okulartry/libtirpc/missing'\'' autoconf'
AUTOHEADER='${SHELL} '\''/mnt/HDD/Project/Public/okulartry/libtirpc/missing'\'' autoheader'
AUTOMAKE='${SHELL} '\''/mnt/HDD/Project/Public/okulartry/libtirpc/missing'\'' automake-1.16'
AWK='gawk'
CC='arm-kobo-linux-gnueabihf-gcc'
CCDEPMODE='depmode=gcc3'
CFLAGS='-g -O2'
CPPFLAGS=''
CSCOPE='cscope'
CTAGS='ctags'
CYGPATH_W='echo'
DEFS='-DHAVE_CONFIG_H'
DEPDIR='.deps'
DLLTOOL='false'
DSYMUTIL=''
DUMPBIN=':'
ECHO_C=''
ECHO_N='-n'
ECHO_T=''
EGREP='/sbin/grep -E'
ETAGS='etags'
EXEEXT=''
FGREP='/sbin/grep -F'
FILECMD='file'
GREP='/sbin/grep'
GSSAPI_CFLAGS=''
GSSAPI_LIBS=''
GSS_FALSE=''
GSS_TRUE='#'
INET6_FALSE='#'
INET6_TRUE=''
INSTALL_DATA='${INSTALL} -m 644'
INSTALL_PROGRAM='${INSTALL}'
INSTALL_SCRIPT='${INSTALL}'
INSTALL_STRIP_PROGRAM='$(install_sh) -c -s'
KRB5_CONFIG=''
LD='/mnt/HDD/Project/inkbox-build/inkbox/compiled-binaries/arm-kobo-linux-gnueabihf/arm-kobo-linux-gnueabihf/bin/ld'
LDFLAGS=''
LDFLAG_NOUNDEFINED='-Wl,--no-undefined'
LIBOBJS=''
LIBS='-lpthread '
LIBTOOL='$(SHELL) $(top_builddir)/libtool'
LIPO=''
LN_S='ln -s'
LTLIBOBJS=''
LT_SYS_LIBRARY_PATH=''
LT_VERSION_INFO='3:0:0'
MAKEINFO='${SHELL} '\''/mnt/HDD/Project/Public/okulartry/libtirpc/missing'\'' makeinfo'
MANIFEST_TOOL=':'
MKDIR_P='/sbin/mkdir -p'
NM='nm'
NMEDIT=''
OBJDUMP='objdump'
OBJEXT='o'
OTOOL64=''
OTOOL=''
PACKAGE='libtirpc'
PACKAGE_BUGREPORT=''
PACKAGE_NAME='libtirpc'
PACKAGE_STRING='libtirpc 1.2.6'
PACKAGE_TARNAME='libtirpc'
PACKAGE_URL=''
PACKAGE_VERSION='1.2.6'
PATH_SEPARATOR=':'
RANLIB='arm-kobo-linux-gnueabihf-ranlib'
SED='/sbin/sed'
SET_MAKE=''
SHELL='/bin/sh'
STRIP='strip'
SYMVERS_FALSE='#'
SYMVERS_TRUE=''
VERSION='1.2.6'
ac_ct_AR=''
ac_ct_CC=''
ac_ct_DUMPBIN='link -dump'
am__EXEEXT_FALSE=''
am__EXEEXT_TRUE='#'
am__fastdepCC_FALSE='#'
am__fastdepCC_TRUE=''
am__include='include'
am__isrc=''
am__leading_dot='.'
am__nodep='_no'
am__quote=''
am__tar='$${TAR-tar} chof - "$$tardir"'
am__untar='$${TAR-tar} xf -'
bindir='${exec_prefix}/bin'
build='x86_64-pc-linux-gnu'
build_alias=''
build_cpu='x86_64'
build_os='linux-gnu'
build_vendor='pc'
datadir='${datarootdir}'
datarootdir='${prefix}/share'
docdir='${datarootdir}/doc/${PACKAGE_TARNAME}'
dvidir='${docdir}'
exec_prefix='${prefix}'
host='arm-unknown-linux-gnueabihf'
host_alias='arm-linux-gnueabihf'
host_cpu='arm'
host_os='linux-gnueabihf'
host_vendor='unknown'
htmldir='${docdir}'
includedir='${prefix}/include'
infodir='${datarootdir}/info'
install_sh='${SHELL} /mnt/HDD/Project/Public/okulartry/libtirpc/install-sh'
libdir='${exec_prefix}/lib'
libexecdir='${exec_prefix}/libexec'
localedir='${datarootdir}/locale'
localstatedir='${prefix}/var'
mandir='${datarootdir}/man'
mkdir_p='$(MKDIR_P)'
oldincludedir='/usr/include'
pdfdir='${docdir}'
prefix='/home/build/inkbox/compiled-binaries/arm-kobo-linux-gnueabihf/arm-kobo-linux-gnueabihf/sysroot'
program_transform_name='s,x,x,'
psdir='${docdir}'
runstatedir='${localstatedir}/run'
sbindir='${exec_prefix}/sbin'
sharedstatedir='${prefix}/com'
sysconfdir='${prefix}/etc'
target_alias=''

## ----------- ##
## confdefs.h. ##
## ----------- ##

/* confdefs.h */
#define PACKAGE_NAME "libtirpc"
#define PACKAGE_TARNAME "libtirpc"
#define PACKAGE_VERSION "1.2.6"
#define PACKAGE_STRING "libtirpc 1.2.6"
#define PACKAGE_BUGREPORT ""
#define PACKAGE_URL ""
#define PACKAGE "libtirpc"
#define VERSION "1.2.6"
#define HAVE_STDIO_H 1
#define HAVE_STDLIB_H 1
#define HAVE_STRING_H 1
#define HAVE_INTTYPES_H 1
#define HAVE_STDINT_H 1
#define HAVE_STRINGS_H 1
#define HAVE_SYS_STAT_H 1
#define HAVE_SYS_TYPES_H 1
#define HAVE_UNISTD_H 1
#define STDC_HEADERS 1
#define INET6 1
#define HAVE_DLFCN_H 1
#define LT_OBJDIR ".libs/"
#define HAVE_DIRENT_H 1
#define HAVE_ARPA_INET_H 1
#define HAVE_FCNTL_H 1
#define HAVE_LIBINTL_H 1
#define HAVE_LIMITS_H 1
#define HAVE_LOCALE_H 1
#define HAVE_NETDB_H 1
#define HAVE_NETINET_IN_H 1
#define HAVE_STDDEF_H 1
#define HAVE_STDINT_H 1
#define HAVE_STDLIB_H 1
#define HAVE_STRING_H 1
#define HAVE_SYS_IOCTL_H 1
#define HAVE_SYS_PARAM_H 1
#define HAVE_SYS_SOCKET_H 1
#define HAVE_SYS_TIME_H 1
#define HAVE_SYSLOG_H 1
#define HAVE_UNISTD_H 1
#define HAVE_FEATURES_H 1
#define HAVE_LIBPTHREAD 1
#define HAVE_GETRPCBYNAME 1
#define HAVE_GETRPCBYNUMBER 1
#define HAVE_SETRPCENT 1
#define HAVE_ENDRPCENT 1
#define HAVE_GETRPCENT 1

configure: exit 0
