# kdesrc-build running: 'make' '-j' '8'
# from directory: /home/szybet/kdesrc/build/frameworks/kconfigwidgets
-- 

Installing in /mnt/HDD/Project/Public/okulartry/okular-things. Run /home/szybet/kdesrc/build/frameworks/kconfigwidgets/prefix.sh to set the environment for KConfigWidgets.
-- The following REQUIRED packages have been found:

 * ECM (required version >= 5.106.0), Extra CMake Modules., <https://commits.kde.org/extra-cmake-modules>
 * Qt5 (required version >= 5.15.2)
 * Qt5Core (required version >= 5.15.2)
 * KF5Codecs (required version >= 5.106.0)
 * Qt5DBus (required version >= 5.15.2)
 * KF5Config (required version >= 5.106.0)
 * Qt5Gui (required version >= 5.15.2)
 * KF5GuiAddons (required version >= 5.106.0)
 * Gettext
 * KF5I18n (required version >= 5.106.0)
 * Qt5Widgets (required version >= 5.15.2)
 * KF5WidgetsAddons (required version >= 5.106.0)
 * KF5CoreAddons (required version >= 5.106.0)
 * KF5Auth (required version >= 5.106.0)

-- The following features have been disabled:

 * QCH, API documentation in QCH format (for e.g. Qt Assistant, Qt Creator & KDevelop)
 * DESIGNERPLUGIN, Build plugin for Qt Designer

-- Configuring done (0.1s)
-- Generating done (0.0s)
-- Build files have been written to: /home/szybet/kdesrc/build/frameworks/kconfigwidgets
[ 10%] Generating mo...
[ 10%] Generating ts...
[ 10%] Automatic MOC for target KF5ConfigWidgets
[ 10%] Built target tsfiles-8d8c3442b1b958997ffe00e56a4b21e3
[ 10%] Built target pofiles-8d8c3442b1b958997ffe00e56a4b21e3
[ 10%] Built target KF5ConfigWidgets_autogen
[100%] Built target KF5ConfigWidgets
