# kdesrc-build running: 'cmake' '-B' '.' '-S' '/home/szybet/kdesrc/frameworks/khtml' '-G' 'Unix Makefiles' '-DCMAKE_EXPORT_COMPILE_COMMANDS:BOOL=ON' '-DCMAKE_TOOLCHAIN_FILE=/mnt/HDD/Project/Public/okulartry/kobo.cmake' '-DCMAKE_CXX_FLAGS:STRING=-pipe' '-DCMAKE_INSTALL_PREFIX=/mnt/HDD/Project/Public/okulartry/okular-things' '-DCMAKE_PREFIX_PATH=/home/build/inkbox/compiled-binaries/qt-bin/'
# from directory: /home/szybet/kdesrc/build/frameworks/khtml
-- The C compiler identification is GNU 11.2.0
-- The CXX compiler identification is GNU 11.2.0
-- Detecting C compiler ABI info
-- Detecting C compiler ABI info - done
-- Check for working C compiler: /home/build/inkbox/compiled-binaries/arm-kobo-linux-gnueabihf/bin/arm-kobo-linux-gnueabihf-gcc - skipped
-- Detecting C compile features
-- Detecting C compile features - done
-- Detecting CXX compiler ABI info
-- Detecting CXX compiler ABI info - done
-- Check for working CXX compiler: /home/build/inkbox/compiled-binaries/arm-kobo-linux-gnueabihf/bin/arm-kobo-linux-gnueabihf-g++ - skipped
-- Detecting CXX compile features
-- Detecting CXX compile features - done
-- 

Installing in /mnt/HDD/Project/Public/okulartry/okular-things. Run /home/szybet/kdesrc/build/frameworks/khtml/prefix.sh to set the environment for KHtml.
-- Setting build type to 'Debug' as none was specified.
-- Looking for __GLIBC__
-- Looking for __GLIBC__ - found
-- Performing Test _OFFT_IS_64BIT
-- Performing Test _OFFT_IS_64BIT - Failed
-- Performing Test HAVE_DATE_TIME
-- Performing Test HAVE_DATE_TIME - Success
-- Performing Test BSYMBOLICFUNCTIONS_AVAILABLE
-- Performing Test BSYMBOLICFUNCTIONS_AVAILABLE - Success
-- Found Gettext: /sbin/msgmerge (found version "0.21.1") 
-- Found Perl: /sbin/perl (found version "5.36.1") 
-- Found JPEG: /home/build/inkbox/compiled-binaries/arm-kobo-linux-gnueabihf/arm-kobo-linux-gnueabihf/sysroot/lib/libjpeg.so (found version "90") 
-- Found GIF: /home/build/inkbox/compiled-binaries/arm-kobo-linux-gnueabihf/arm-kobo-linux-gnueabihf/sysroot/usr/local/lib/libgif.so (found version "5.2.1") 
-- Found ZLIB: /home/build/inkbox/compiled-binaries/arm-kobo-linux-gnueabihf/arm-kobo-linux-gnueabihf/sysroot/lib/libz.so (found version "1.2.12")  
-- Found PNG: /home/build/inkbox/compiled-binaries/arm-kobo-linux-gnueabihf/arm-kobo-linux-gnueabihf/sysroot/lib/libpng.so (found version "1.6.40.git") 
-- Found Gperf: /sbin/gperf (found version "3.1") 
-- Performing Test _flag_present
-- Performing Test _flag_present - Success
-- Found OpenSSL: /home/build/inkbox/compiled-binaries/arm-kobo-linux-gnueabihf/arm-kobo-linux-gnueabihf/sysroot/usr/lib/libcrypto.so (found version "1.1.1n")  
-- Performing Test COMPILER_HAS_HIDDEN_VISIBILITY
-- Performing Test COMPILER_HAS_HIDDEN_VISIBILITY - Success
-- Performing Test COMPILER_HAS_HIDDEN_INLINE_VISIBILITY
-- Performing Test COMPILER_HAS_HIDDEN_INLINE_VISIBILITY - Success
-- Performing Test COMPILER_HAS_DEPRECATED_ATTR
-- Performing Test COMPILER_HAS_DEPRECATED_ATTR - Success
CMake Warning at /home/build/inkbox/compiled-binaries/arm-kobo-linux-gnueabihf/arm-kobo-linux-gnueabihf/sysroot/lib/cmake/KF5CoreAddons/KF5CoreAddonsMacros.cmake:37 (message):
  kcoreaddons_desktop_to_json is deprecated and will be removed in KF6.
  Convert the desktop files to JSON in source using the desktoptojson
  executable
Call Stack (most recent call first):
  src/CMakeLists.txt:737 (kcoreaddons_desktop_to_json)


CMake Warning at /home/build/inkbox/compiled-binaries/arm-kobo-linux-gnueabihf/arm-kobo-linux-gnueabihf/sysroot/lib/cmake/KF5CoreAddons/KF5CoreAddonsMacros.cmake:37 (message):
  kcoreaddons_desktop_to_json is deprecated and will be removed in KF6.
  Convert the desktop files to JSON in source using the desktoptojson
  executable
Call Stack (most recent call first):
  src/CMakeLists.txt:759 (kcoreaddons_desktop_to_json)


-- The following OPTIONAL packages have been found:

 * ZLIB

-- The following RECOMMENDED packages have been found:

 * OpenSSL, Support for secure network communications (SSL and TLS), <https://openssl.org/>
   KDE uses OpenSSL for the bulk of secure communications, including secure web browsing via HTTPS

-- The following REQUIRED packages have been found:

 * ECM (required version >= 5.106.0), Extra CMake Modules., <https://commits.kde.org/extra-cmake-modules>
 * Qt5PrintSupport
 * Qt5 (required version >= 5.15.2)
 * KF5Archive (required version >= 5.106.0)
 * KF5IconThemes (required version >= 5.106.0)
 * Qt5Xml (required version >= 5.15.2)
 * Qt5DBus (required version >= 5.15.2)
 * KF5Codecs (required version >= 5.106.0)
 * Qt5Gui (required version >= 5.15.2)
 * Qt5Network (required version >= 5.15.2)
 * KF5JS (required version >= 5.106.0)
 * KF5Notifications (required version >= 5.106.0)
 * KF5KIO (required version >= 5.106.0)
 * Gettext
 * KF5I18n (required version >= 5.106.0)
 * KF5Parts (required version >= 5.106.0)
 * KF5Sonnet (required version >= 5.106.0)
 * KF5TextWidgets (required version >= 5.106.0)
 * KF5Wallet (required version >= 5.106.0)
 * KF5WidgetsAddons (required version >= 5.106.0)
 * KF5WindowSystem (required version >= 5.106.0)
 * KF5XmlGui (required version >= 5.106.0)
 * KF5GlobalAccel (required version >= 5.106.0)
 * Perl, <https://www.perl.org/>
   Required for generating JS bindings for elements
 * Qt5Core
 * Qt5Widgets
 * Phonon4Qt5 (required version >= 4.6.60), Qt Multimedia Library, <https://phonon.kde.org/>
   Required for HTML5 multimedia elements
 * JPEG, JPEG decoding library, <https://www.ijg.org>
   Required for decoding and displaying JPEG images
 * GIF, GIF decoding library, <https://sourceforge.net/projects/giflib>
   Required for decoding and displaying GIF images
 * PNG, PNG decoding library, <http://www.libpng.org/pub/png>
   Required for decoding and displaying PNG images
 * Gperf, Perfect hash function generator, <https://www.gnu.org/software/gperf/>

-- Configuring done (1.4s)
-- Generating done (0.1s)
-- Build files have been written to: /home/szybet/kdesrc/build/frameworks/khtml
