# kdesrc-build running: 'make' '-j' '8'
# from directory: /home/szybet/kdesrc/build/frameworks/kwidgetsaddons
-- 

Installing in /mnt/HDD/Project/Public/okulartry/okular-things. Run /home/szybet/kdesrc/build/frameworks/kwidgetsaddons/prefix.sh to set the environment for KWidgetsAddons.
-- The following REQUIRED packages have been found:

 * ECM (required version >= 5.106.0), Extra CMake Modules., <https://commits.kde.org/extra-cmake-modules>
 * Qt5Gui (required version >= 5.15.2)
 * Qt5Widgets
 * Qt5 (required version >= 5.15.2)
 * Qt5LinguistTools

-- The following features have been disabled:

 * QCH, API documentation in QCH format (for e.g. Qt Assistant, Qt Creator & KDevelop)
 * DESIGNERPLUGIN, Build plugin for Qt Designer

-- Configuring done (0.1s)
-- Generating done (0.1s)
-- Build files have been written to: /home/szybet/kdesrc/build/frameworks/kwidgetsaddons
[  0%] Built target translations_3
[  1%] Built target translations_1
[  1%] Built target translations_5
[  3%] Built target translations_4
[  3%] Built target translations_2
[  3%] Built target translations_6
[  5%] Built target translations_8
[  5%] Built target translations_7
[  6%] Built target translations_10
[  6%] Built target translations_9
[  6%] Built target translations_11
[  7%] Built target translations_13
[  7%] Built target translations_12
[  7%] Built target translations_15
[  8%] Built target translations_14
[  9%] Built target translations_16
[ 10%] Built target translations_18
[ 10%] Built target translations_17
[ 11%] Built target translations_19
[ 11%] Built target translations_20
[ 11%] Built target translations_21
[ 12%] Built target translations_23
[ 12%] Built target translations_22
[ 12%] Built target translations_24
[ 13%] Built target translations_25
[ 14%] Built target translations_27
[ 14%] Built target translations_26
[ 14%] Built target translations_28
[ 15%] Built target translations_30
[ 16%] Built target translations_32
[ 16%] Built target translations_31
[ 17%] Built target translations_29
[ 17%] Built target translations_33
[ 17%] Built target translations_35
[ 18%] Built target translations_34
[ 19%] Built target translations_36
[ 19%] Built target translations_37
[ 20%] Built target translations_38
[ 20%] Built target translations_39
[ 21%] Built target translations_40
[ 22%] Built target translations_41
[ 22%] Built target translations_42
[ 22%] Built target translations_43
[ 23%] Built target translations_44
[ 23%] Built target translations_45
[ 24%] Built target translations_46
[ 24%] Built target translations_47
[ 25%] Built target translations_48
[ 25%] Built target translations_50
[ 25%] Built target translations_49
[ 26%] Built target translations_51
[ 27%] Built target translations_53
[ 27%] Built target translations_52
[ 27%] Built target translations_54
[ 28%] Built target translations_55
[ 28%] Built target translations_56
[ 28%] Built target translations_58
[ 28%] Built target translations_61
[ 29%] Built target translations_57
[ 30%] Built target translations_59
[ 31%] Built target translations_60
[ 32%] Built target translations_62
[ 33%] Built target translations_64
[ 33%] Built target translations_63
[ 33%] Built target translations_65
[ 33%] Built target translations_67
[ 33%] Built target translations_69
[ 34%] Built target translations_68
[ 35%] Built target translations_70
[ 35%] Built target translations_71
[ 36%] Built target translations_66
[ 37%] Built target translations_72
[ 37%] Built target translations_73
[ 38%] Built target translations_74
[ 37%] Built target translations_75
[ 38%] Built target translations_77
[ 40%] Built target translations_76
[ 40%] Built target translations_78
[ 40%] Built target translations_80
[ 40%] Built target translations_79
[ 40%] Built target translations_82
[ 42%] Built target translations_83
[ 42%] Built target translations_81
[ 42%] Built target translations_84
[ 42%] Built target translations_86
[ 43%] Built target translations_85
[ 44%] Built target translations_87
[ 44%] Built target translations_88
[ 45%] Built target translations_89
[ 46%] Built target translations_90
[ 46%] Built target translations_91
[ 46%] Built target translations_93
[ 47%] Built target translations_92
[ 48%] Built target translations_94
[ 49%] Built target translations_96
[ 49%] Built target translations_95
[ 49%] Built target translations_97
[ 50%] Built target translations_98
[ 51%] Built target translations_100
[ 52%] Automatic MOC for target KF5WidgetsAddons
[ 53%] Built target translations_99
[ 53%] Built target KF5WidgetsAddons_autogen
[100%] Built target KF5WidgetsAddons
