This file contains any messages produced by compilers while
running configure, to aid debugging if configure makes a mistake.

It was created by gas configure 2.39.50, which was
generated by GNU Autoconf 2.69.  Invocation command line was

  $ /mnt/HDD/Project/Public/okulartry/binutils-gdb/gas/configure --srcdir=.././gas --cache-file=./config.cache --with-gnu-as --with-gnu-ld --prefix=/home/build/inkbox/compiled-binaries/arm-kobo-linux-gnueabihf/arm-kobo-linux-gnueabihf/sysroot/ --with-build-sysroot=/home/build/inkbox/compiled-binaries/arm-kobo-linux-gnueabihf/arm-kobo-linux-gnueabihf/sysroot/ --program-transform-name=s,y,y, --disable-option-checking --disable-year2038 --build=x86_64-pc-linux-gnu --host=arm-linux-gnueabihf --target=arm-linux-gnueabihf

## --------- ##
## Platform. ##
## --------- ##

hostname = hyperbookszyb
uname -m = x86_64
uname -r = 6.1.28-1-lts
uname -s = Linux
uname -v = #1 SMP PREEMPT_DYNAMIC Thu, 11 May 2023 15:52:41 +0000

/usr/bin/uname -p = unknown
/bin/uname -X     = unknown

/bin/arch              = unknown
/usr/bin/arch -k       = unknown
/usr/convex/getsysinfo = unknown
/usr/bin/hostinfo      = unknown
/bin/machine           = unknown
/usr/bin/oslevel       = unknown
/bin/universe          = unknown

PATH: /home/szybet/kde/src/kdesrc-build
PATH: /home/szybet/.cargo/bin
PATH: /sbin
PATH: /bin
PATH: /usr/local/sbin
PATH: /usr/local/bin
PATH: /usr/bin
PATH: /usr/sbin
PATH: /home/szybet/.dotnet/tools
PATH: /usr/lib/jvm/default/bin
PATH: /usr/bin/site_perl
PATH: /usr/bin/vendor_perl
PATH: /usr/bin/core_perl
PATH: /usr/lib/rustup/bin
PATH: /home/build/inkbox/compiled-binaries/arm-kobo-linux-gnueabihf/bin/
PATH: /home/build/inkbox/compiled-binaries/qt-bin/qt-linux-5.15.2-kobo/bin/


## ----------- ##
## Core tests. ##
## ----------- ##

configure:2281: loading cache ./config.cache
configure:2400: checking build system type
configure:2414: result: x86_64-pc-linux-gnu
configure:2434: checking host system type
configure:2447: result: arm-unknown-linux-gnueabihf
configure:2467: checking target system type
configure:2480: result: arm-unknown-linux-gnueabihf
configure:2523: checking for a BSD-compatible install
configure:2591: result: /bin/install -c
configure:2602: checking whether build environment is sane
configure:2657: result: yes
configure:2716: checking for arm-linux-gnueabihf-strip
configure:2743: result: strip
configure:2808: checking for a thread-safe mkdir -p
configure:2847: result: /sbin/mkdir -p
configure:2854: checking for gawk
configure:2881: result: gawk
configure:2892: checking whether make sets $(MAKE)
configure:2914: result: yes
configure:2943: checking whether make supports nested variables
configure:2960: result: yes
configure:3097: checking whether make supports nested variables
configure:3114: result: yes
configure:3134: checking for arm-linux-gnueabihf-gcc
configure:3161: result: arm-kobo-linux-gnueabihf-gcc
configure:3430: checking for C compiler version
configure:3439: arm-kobo-linux-gnueabihf-gcc --version >&5
arm-kobo-linux-gnueabihf-gcc (crosstool-NG 1.24.0.519_3e2d99d - NiLuJe) 11.2.0
Copyright (C) 2021 Free Software Foundation, Inc.
This is free software; see the source for copying conditions.  There is NO
warranty; not even for MERCHANTABILITY or FITNESS FOR A PARTICULAR PURPOSE.

configure:3450: $? = 0
configure:3439: arm-kobo-linux-gnueabihf-gcc -v >&5
Using built-in specs.
COLLECT_GCC=arm-kobo-linux-gnueabihf-gcc
COLLECT_LTO_WRAPPER=/mnt/HDD/Project/inkbox-build/inkbox/compiled-binaries/arm-kobo-linux-gnueabihf/bin/../libexec/gcc/arm-kobo-linux-gnueabihf/11.2.0/lto-wrapper
Target: arm-kobo-linux-gnueabihf
Configured with: /home/nicolas/Development/kox/koxtoolchain/build/kobo/.build/arm-kobo-linux-gnueabihf/src/gcc/configure --build=x86_64-build_pc-linux-gnu --host=x86_64-build_pc-linux-gnu --target=arm-kobo-linux-gnueabihf --prefix=/home/nicolas/x-tools/arm-kobo-linux-gnueabihf --exec_prefix=/home/nicolas/x-tools/arm-kobo-linux-gnueabihf --with-sysroot=/home/nicolas/x-tools/arm-kobo-linux-gnueabihf/arm-kobo-linux-gnueabihf/sysroot --enable-languages=c,c++ --with-cpu=cortex-a8 --with-fpu=neon --with-float=hard --with-pkgversion='crosstool-NG 1.24.0.519_3e2d99d - NiLuJe' --enable-__cxa_atexit --disable-libmudflap --disable-libgomp --disable-libssp --disable-libquadmath --disable-libquadmath-support --disable-libsanitizer --disable-libmpx --with-gmp=/home/nicolas/Development/kox/koxtoolchain/build/kobo/.build/arm-kobo-linux-gnueabihf/buildtools --with-mpfr=/home/nicolas/Development/kox/koxtoolchain/build/kobo/.build/arm-kobo-linux-gnueabihf/buildtools --with-mpc=/home/nicolas/Development/kox/koxtoolchain/build/kobo/.build/arm-kobo-linux-gnueabihf/buildtools --with-isl=no --with-cloog=no --enable-lto --enable-threads=posix --with-linker-hash-style=gnu --enable-plugin --enable-gold --disable-nls --disable-multilib --with-diagnostics-color=always --with-local-prefix=/home/nicolas/x-tools/arm-kobo-linux-gnueabihf/arm-kobo-linux-gnueabihf/sysroot --enable-long-long --with-mode=thumb
Thread model: posix
Supported LTO compression algorithms: zlib zstd
gcc version 11.2.0 (crosstool-NG 1.24.0.519_3e2d99d - NiLuJe) 
configure:3450: $? = 0
configure:3439: arm-kobo-linux-gnueabihf-gcc -V >&5
[01m[Karm-kobo-linux-gnueabihf-gcc:[m[K [01;31m[Kerror: [m[Kunrecognized command-line option '[01m[K-V[m[K'
[01m[Karm-kobo-linux-gnueabihf-gcc:[m[K [01;31m[Kfatal error: [m[Kno input files
compilation terminated.
configure:3450: $? = 1
configure:3439: arm-kobo-linux-gnueabihf-gcc -qversion >&5
[01m[Karm-kobo-linux-gnueabihf-gcc:[m[K [01;31m[Kerror: [m[Kunrecognized command-line option '[01m[K-qversion[m[K'; did you mean '[01m[K--version[m[K'?
[01m[Karm-kobo-linux-gnueabihf-gcc:[m[K [01;31m[Kfatal error: [m[Kno input files
compilation terminated.
configure:3450: $? = 1
configure:3470: checking whether the C compiler works
configure:3492: arm-kobo-linux-gnueabihf-gcc -g -O2        conftest.c  >&5
configure:3496: $? = 0
configure:3544: result: yes
configure:3547: checking for C compiler default output file name
configure:3549: result: a.out
configure:3555: checking for suffix of executables
configure:3562: arm-kobo-linux-gnueabihf-gcc -o conftest -g -O2        conftest.c  >&5
configure:3566: $? = 0
configure:3588: result: 
configure:3610: checking whether we are cross compiling
configure:3648: result: yes
configure:3653: checking for suffix of object files
configure:3700: result: o
configure:3704: checking whether we are using the GNU C compiler
configure:3732: result: yes
configure:3741: checking whether arm-kobo-linux-gnueabihf-gcc accepts -g
configure:3802: result: yes
configure:3819: checking for arm-kobo-linux-gnueabihf-gcc option to accept ISO C89
configure:3895: result: none needed
configure:3920: checking whether arm-kobo-linux-gnueabihf-gcc understands -c and -o together
configure:3957: result: yes
configure:3985: checking for style of include used by make
configure:4013: result: GNU
configure:4039: checking dependency style of arm-kobo-linux-gnueabihf-gcc
configure:4150: result: gcc3
configure:4171: checking how to run the C preprocessor
configure:4241: result: arm-kobo-linux-gnueabihf-gcc -E
configure:4261: arm-kobo-linux-gnueabihf-gcc -E  conftest.c
configure:4261: $? = 0
configure:4275: arm-kobo-linux-gnueabihf-gcc -E  conftest.c
[01m[Kconftest.c:11:10:[m[K [01;31m[Kfatal error: [m[Kac_nonexistent.h: No such file or directory
   11 | #include [01;31m[K<ac_nonexistent.h>[m[K
      |          [01;31m[K^~~~~~~~~~~~~~~~~~[m[K
compilation terminated.
configure:4275: $? = 1
configure: failed program was:
| /* confdefs.h */
| #define PACKAGE_NAME "gas"
| #define PACKAGE_TARNAME "gas"
| #define PACKAGE_VERSION "2.39.50"
| #define PACKAGE_STRING "gas 2.39.50"
| #define PACKAGE_BUGREPORT ""
| #define PACKAGE_URL ""
| #define PACKAGE "gas"
| #define VERSION "2.39.50"
| /* end confdefs.h.  */
| #include <ac_nonexistent.h>
configure:4304: checking for grep that handles long lines and -e
configure:4362: result: /sbin/grep
configure:4367: checking for egrep
configure:4429: result: /sbin/grep -E
configure:4434: checking for ANSI C header files
configure:4538: result: yes
configure:4551: checking for sys/types.h
configure:4551: result: yes
configure:4551: checking for sys/stat.h
configure:4551: result: yes
configure:4551: checking for stdlib.h
configure:4551: result: yes
configure:4551: checking for string.h
configure:4551: result: yes
configure:4551: checking for memory.h
configure:4551: result: yes
configure:4551: checking for strings.h
configure:4551: result: yes
configure:4551: checking for inttypes.h
configure:4551: result: yes
configure:4551: checking for stdint.h
configure:4551: result: yes
configure:4551: checking for unistd.h
configure:4551: result: yes
configure:4564: checking for minix/config.h
configure:4564: result: no
configure:4585: checking whether it is safe to define __EXTENSIONS__
configure:4610: result: yes
configure:4673: checking how to print strings
configure:4700: result: printf
configure:4721: checking for a sed that does not truncate output
configure:4785: result: /sbin/sed
configure:4803: checking for fgrep
configure:4865: result: /sbin/grep -F
configure:4900: checking for ld used by arm-kobo-linux-gnueabihf-gcc
configure:4967: result: arm-kobo-linux-gnueabihf-ld
configure:4974: checking if the linker (arm-kobo-linux-gnueabihf-ld) is GNU ld
configure:4989: result: yes
configure:5001: checking for BSD- or MS-compatible name lister (nm)
configure:5057: result: no
configure:5071: checking for arm-linux-gnueabihf-dumpbin
configure:5101: result: no
configure:5071: checking for arm-linux-gnueabihf-link
configure:5101: result: no
configure:5115: checking for dumpbin
configure:5142: result: link -dump
configure:5158: WARNING: using cross tools not prefixed with host triplet
configure:5187: checking the name lister (arm-linux-gnueabihf-nm) interface
configure:5207: result: BSD nm
configure:5210: checking whether ln -s works
configure:5214: result: yes
configure:5222: checking the maximum length of command line arguments
configure:5347: result: 1572864
configure:5364: checking whether the shell understands some XSI constructs
configure:5374: result: yes
configure:5378: checking whether the shell understands "+="
configure:5384: result: yes
configure:5419: checking for arm-kobo-linux-gnueabihf-ld option to reload object files
configure:5426: result: -r
configure:5455: checking for arm-linux-gnueabihf-objdump
configure:5482: result: arm-linux-gnueabihf-objdump
configure:5554: checking how to recognize dependent libraries
configure:5755: result: pass_all
configure:5788: checking for arm-linux-gnueabihf-ar
configure:5815: result: arm-kobo-linux-gnueabihf-ar --plugin /mnt/HDD/Project/inkbox-build/inkbox/compiled-binaries/arm-kobo-linux-gnueabihf/bin/../libexec/gcc/arm-kobo-linux-gnueabihf/11.2.0/liblto_plugin.so
configure:5906: checking for arm-linux-gnueabihf-strip
configure:5933: result: strip
configure:6005: checking for arm-linux-gnueabihf-ranlib
configure:6032: result: arm-kobo-linux-gnueabihf-ranlib --plugin /mnt/HDD/Project/inkbox-build/inkbox/compiled-binaries/arm-kobo-linux-gnueabihf/bin/../libexec/gcc/arm-kobo-linux-gnueabihf/11.2.0/liblto_plugin.so
configure:6179: checking command to parse arm-linux-gnueabihf-nm output from arm-kobo-linux-gnueabihf-gcc object
configure:6399: result: failed
configure:7250: checking for dlfcn.h
configure:7250: result: yes
configure:7437: checking for objdir
configure:7452: result: .libs
configure:7723: checking if arm-kobo-linux-gnueabihf-gcc supports -fno-rtti -fno-exceptions
configure:7758: result: no
configure:7778: checking for arm-kobo-linux-gnueabihf-gcc option to produce PIC
configure:8064: result: -fPIC -DPIC
configure:8076: checking if arm-kobo-linux-gnueabihf-gcc PIC flag -fPIC -DPIC works
configure:8111: result: yes
configure:8135: checking if arm-kobo-linux-gnueabihf-gcc static flag -static works
configure:8163: result: yes
configure:8178: checking if arm-kobo-linux-gnueabihf-gcc supports -c -o file.o
configure:8225: result: yes
configure:8233: checking if arm-kobo-linux-gnueabihf-gcc supports -c -o file.o
configure:8280: result: yes
configure:8313: checking whether the arm-kobo-linux-gnueabihf-gcc linker (arm-kobo-linux-gnueabihf-ld) supports shared libraries
configure:9384: result: yes
configure:9421: checking whether -lc should be explicitly linked in
configure:9464: result: no
configure:9629: checking dynamic linker characteristics
configure:10292: result: GNU/Linux ld.so
configure:10399: checking how to hardcode library paths into programs
configure:10424: result: immediate
configure:10964: checking whether stripping libraries is possible
configure:10969: result: yes
configure:11004: checking if libtool supports shared libraries
configure:11006: result: yes
configure:11009: checking whether to build shared libraries
configure:11030: result: yes
configure:11033: checking whether to build static libraries
configure:11037: result: yes
configure:11085: checking for dlfcn.h
configure:11085: result: yes
configure:11098: checking for windows.h
configure:11098: result: no
configure:11125: checking for library containing dlsym
configure:11173: result: -ldl
configure:11245: checking for special C compiler options needed for large files
configure:11290: result: no
configure:11296: checking for _FILE_OFFSET_BITS value needed for large files
configure:11353: result: 64
configure:11439: checking how to compare bootstrapped objects
configure:11464: result: cmp --ignore-initial=16 $$f1 $$f2
configure:11796: checking whether byte ordering is bigendian
configure:12002: result: no
configure:12953: checking for bison
configure:12980: result: bison -y
configure:12996: checking for flex
configure:13023: result: flex
configure:13062: flex conftest.l
configure:13066: $? = 0
configure:13068: checking lex output file root
configure:13082: result: lex.yy
configure:13087: checking lex library
configure:13111: result: none needed
configure:13117: checking whether yytext is a pointer
configure:13142: result: no
configure:13170: checking whether NLS is requested
configure:13176: result: yes
configure:13182: checking for catalogs to be installed
configure:13214: result:  es fi fr id ja ru rw sv tr uk zh_CN es fi fr id ja ru rw sv tr uk zh_CN
configure:13241: checking whether NLS is requested
configure:13250: result: yes
configure:13288: checking for msgfmt
configure:13319: result: /sbin/msgfmt
configure:13328: checking for gmsgfmt
configure:13359: result: /sbin/msgfmt
configure:13399: checking for xgettext
configure:13430: result: /sbin/xgettext
configure:13470: checking for msgmerge
configure:13500: result: /sbin/msgmerge
configure:13537: checking whether to enable maintainer-specific portions of Makefiles
configure:13546: result: no
configure:13572: checking for memory.h
configure:13572: result: yes
configure:13572: checking for sys/stat.h
configure:13572: result: yes
configure:13572: checking for sys/types.h
configure:13572: result: yes
configure:13572: checking for unistd.h
configure:13572: result: yes
configure:13585: checking whether compiling a cross-assembler
configure:13595: result: no
configure:13600: checking for strsignal
configure:13600: result: yes
configure:13611: checking for LC_MESSAGES
configure:13635: result: yes
configure:13786: checking for working assert macro
configure:13820: result: yes
configure:13841: checking for a known getopt prototype in unistd.h
configure:13865: result: yes
configure:13874: checking whether declaration is required for environ
configure:13902: result: no
configure:13911: checking whether declaration is required for ffs
configure:13939: result: no
configure:13948: checking whether asprintf is declared
configure:13948: result: yes
configure:13958: checking whether mempcpy is declared
configure:13958: result: yes
configure:13968: checking whether stpcpy is declared
configure:13968: result: yes
configure:14017: checking for arm-linux-gnueabihf-pkg-config
configure:14050: result: no
configure:14060: checking for pkg-config
configure:14090: result: /sbin/pkg-config
configure:14115: checking pkg-config is at least version 0.9.0
configure:14118: result: yes
configure:14139: checking for libzstd >= 1.4.0
configure:14146: $PKG_CONFIG --exists --print-errors "libzstd >= 1.4.0"
configure:14149: $? = 0
configure:14163: $PKG_CONFIG --exists --print-errors "libzstd >= 1.4.0"
configure:14166: $? = 0
configure:14191: arm-kobo-linux-gnueabihf-gcc -o conftest -g -O2        -lzstd  conftest.c -ldl  >&5
configure:14191: $? = 0
configure:14236: result: yes
configure:14289: checking for struct stat.st_mtim.tv_sec in sys/stat.h
configure:14321: result: yes
configure:14324: checking for struct stat.st_mtim.tv_nsec in sys/stat.h
configure:14356: result: yes
configure:14475: checking that generated files are newer than configure
configure:14481: result: done
configure:14513: creating ./config.status

## ---------------------- ##
## Running config.status. ##
## ---------------------- ##

This file was extended by gas config.status 2.39.50, which was
generated by GNU Autoconf 2.69.  Invocation command line was

  CONFIG_FILES    = 
  CONFIG_HEADERS  = 
  CONFIG_LINKS    = 
  CONFIG_COMMANDS = 
  $ ./config.status 

on hyperbookszyb

config.status:1173: creating .gdbinit
config.status:1173: creating Makefile
config.status:1173: creating po/Makefile.in
config.status:1173: creating config.h
config.status:1354: config.h is unchanged
config.status:1402: executing depfiles commands
config.status:1402: executing libtool commands
config.status:1402: executing default-1 commands
config.status:1402: executing default commands

## ---------------- ##
## Cache variables. ##
## ---------------- ##

ac_cv_build=x86_64-pc-linux-gnu
ac_cv_c_bigendian=no
ac_cv_c_compiler_gnu=yes
ac_cv_env_CC_set=set
ac_cv_env_CC_value=arm-kobo-linux-gnueabihf-gcc
ac_cv_env_CFLAGS_set=set
ac_cv_env_CFLAGS_value='-g -O2    '
ac_cv_env_CPPFLAGS_set=
ac_cv_env_CPPFLAGS_value=
ac_cv_env_CPP_set=
ac_cv_env_CPP_value=
ac_cv_env_LDFLAGS_set=set
ac_cv_env_LDFLAGS_value=' '
ac_cv_env_LIBS_set=
ac_cv_env_LIBS_value=
ac_cv_env_PKG_CONFIG_LIBDIR_set=
ac_cv_env_PKG_CONFIG_LIBDIR_value=
ac_cv_env_PKG_CONFIG_PATH_set=set
ac_cv_env_PKG_CONFIG_PATH_value=
ac_cv_env_PKG_CONFIG_set=
ac_cv_env_PKG_CONFIG_value=
ac_cv_env_YACC_set=set
ac_cv_env_YACC_value='bison -y'
ac_cv_env_YFLAGS_set=
ac_cv_env_YFLAGS_value=
ac_cv_env_ZSTD_CFLAGS_set=
ac_cv_env_ZSTD_CFLAGS_value=
ac_cv_env_ZSTD_LIBS_set=
ac_cv_env_ZSTD_LIBS_value=
ac_cv_env_build_alias_set=set
ac_cv_env_build_alias_value=x86_64-pc-linux-gnu
ac_cv_env_host_alias_set=set
ac_cv_env_host_alias_value=arm-linux-gnueabihf
ac_cv_env_target_alias_set=set
ac_cv_env_target_alias_value=arm-linux-gnueabihf
ac_cv_func_strsignal=yes
ac_cv_have_decl_asprintf=yes
ac_cv_have_decl_mempcpy=yes
ac_cv_have_decl_stpcpy=yes
ac_cv_header_dlfcn_h=yes
ac_cv_header_inttypes_h=yes
ac_cv_header_memory_h=yes
ac_cv_header_minix_config_h=no
ac_cv_header_stdc=yes
ac_cv_header_stdint_h=yes
ac_cv_header_stdlib_h=yes
ac_cv_header_string_h=yes
ac_cv_header_strings_h=yes
ac_cv_header_sys_stat_h=yes
ac_cv_header_sys_types_h=yes
ac_cv_header_unistd_h=yes
ac_cv_header_windows_h=no
ac_cv_host=arm-unknown-linux-gnueabihf
ac_cv_lib_lex='none needed'
ac_cv_objext=o
ac_cv_path_EGREP='/sbin/grep -E'
ac_cv_path_FGREP='/sbin/grep -F'
ac_cv_path_GMSGFMT=/sbin/msgfmt
ac_cv_path_GREP=/sbin/grep
ac_cv_path_MSGFMT=/sbin/msgfmt
ac_cv_path_MSGMERGE=/sbin/msgmerge
ac_cv_path_SED=/sbin/sed
ac_cv_path_XGETTEXT=/sbin/xgettext
ac_cv_path_ac_pt_PKG_CONFIG=/sbin/pkg-config
ac_cv_path_mkdir=/sbin/mkdir
ac_cv_prog_AR='arm-kobo-linux-gnueabihf-ar --plugin /mnt/HDD/Project/inkbox-build/inkbox/compiled-binaries/arm-kobo-linux-gnueabihf/bin/../libexec/gcc/arm-kobo-linux-gnueabihf/11.2.0/liblto_plugin.so'
ac_cv_prog_AWK=gawk
ac_cv_prog_CC=arm-kobo-linux-gnueabihf-gcc
ac_cv_prog_CPP='arm-kobo-linux-gnueabihf-gcc -E'
ac_cv_prog_LEX=flex
ac_cv_prog_OBJDUMP=arm-linux-gnueabihf-objdump
ac_cv_prog_RANLIB='arm-kobo-linux-gnueabihf-ranlib --plugin /mnt/HDD/Project/inkbox-build/inkbox/compiled-binaries/arm-kobo-linux-gnueabihf/bin/../libexec/gcc/arm-kobo-linux-gnueabihf/11.2.0/liblto_plugin.so'
ac_cv_prog_STRIP=strip
ac_cv_prog_YACC='bison -y'
ac_cv_prog_ac_ct_DUMPBIN='link -dump'
ac_cv_prog_ac_ct_STRIP=strip
ac_cv_prog_cc_c89=
ac_cv_prog_cc_g=yes
ac_cv_prog_lex_root=lex.yy
ac_cv_prog_lex_yytext_pointer=no
ac_cv_prog_make_make_set=yes
ac_cv_safe_to_define___extensions__=yes
ac_cv_search_dlsym=-ldl
ac_cv_sys_file_offset_bits=64
ac_cv_sys_largefile_CC=no
ac_cv_target=arm-unknown-linux-gnueabihf
am_cv_CC_dependencies_compiler_type=gcc3
am_cv_make_support_nested_variables=yes
am_cv_prog_cc_c_o=yes
am_cv_val_LC_MESSAGES=yes
gas_cv_assert_ok=yes
gas_cv_decl_getopt_unistd_h=yes
gas_cv_decl_needed_environ=no
gas_cv_decl_needed_ffs=no
gas_cv_have_sys_stat_type_member_st_mtim_tv_nsec=yes
gas_cv_have_sys_stat_type_member_st_mtim_tv_sec=yes
gcc_cv_prog_cmp_skip='cmp --ignore-initial=16 $$f1 $$f2'
lt_cv_archive_cmds_need_lc=no
lt_cv_deplibs_check_method=pass_all
lt_cv_file_magic_cmd='$MAGIC_CMD'
lt_cv_file_magic_test_file=
lt_cv_ld_reload_flag=-r
lt_cv_nm_interface='BSD nm'
lt_cv_objdir=.libs
lt_cv_path_LD=arm-kobo-linux-gnueabihf-ld
lt_cv_path_NM=no
lt_cv_prog_compiler_c_o=yes
lt_cv_prog_compiler_pic_works=yes
lt_cv_prog_compiler_rtti_exceptions=no
lt_cv_prog_compiler_static_works=yes
lt_cv_prog_gnu_ld=yes
lt_cv_shlibpath_overrides_runpath=no
lt_cv_sys_global_symbol_pipe=
lt_cv_sys_global_symbol_to_c_name_address='sed -n -e '\''s/^: \([^ ]*\) $/  {\"\1\", (void *) 0},/p'\'' -e '\''s/^[BCDEGRST]* \([^ ]*\) \([^ ]*\)$/  {"\2", (void *) \&\2},/p'\'''
lt_cv_sys_global_symbol_to_c_name_address_lib_prefix='sed -n -e '\''s/^: \([^ ]*\) $/  {\"\1\", (void *) 0},/p'\'' -e '\''s/^[BCDEGRST]* \([^ ]*\) \(lib[^ ]*\)$/  {"\2", (void *) \&\2},/p'\'' -e '\''s/^[BCDEGRST]* \([^ ]*\) \([^ ]*\)$/  {"lib\2", (void *) \&\2},/p'\'''
lt_cv_sys_global_symbol_to_cdecl=
lt_cv_sys_max_cmd_len=1572864
pkg_cv_ZSTD_CFLAGS=
pkg_cv_ZSTD_LIBS='-lzstd '

## ----------------- ##
## Output variables. ##
## ----------------- ##

ACLOCAL='${SHELL} /mnt/HDD/Project/Public/okulartry/binutils-gdb/missing aclocal-1.15'
AMDEPBACKSLASH='\'
AMDEP_FALSE='#'
AMDEP_TRUE=''
AMTAR='$${TAR-tar}'
AM_BACKSLASH='\'
AM_DEFAULT_V='$(AM_DEFAULT_VERBOSITY)'
AM_DEFAULT_VERBOSITY='0'
AM_V='$(V)'
AR='arm-kobo-linux-gnueabihf-ar --plugin /mnt/HDD/Project/inkbox-build/inkbox/compiled-binaries/arm-kobo-linux-gnueabihf/bin/../libexec/gcc/arm-kobo-linux-gnueabihf/11.2.0/liblto_plugin.so --plugin /mnt/HDD/Project/inkbox-build/inkbox/compiled-binaries/arm-kobo-linux-gnueabihf/bin/../libexec/gcc/arm-kobo-linux-gnueabihf/11.2.0/liblto_plugin.so'
AUTOCONF='${SHELL} /mnt/HDD/Project/Public/okulartry/binutils-gdb/missing autoconf'
AUTOHEADER='${SHELL} /mnt/HDD/Project/Public/okulartry/binutils-gdb/missing autoheader'
AUTOMAKE='${SHELL} /mnt/HDD/Project/Public/okulartry/binutils-gdb/missing automake-1.15'
AWK='gawk'
CATALOGS=' es.gmo fi.gmo fr.gmo id.gmo ja.gmo ru.gmo rw.gmo sv.gmo tr.gmo uk.gmo zh_CN.gmo es.gmo fi.gmo fr.gmo id.gmo ja.gmo ru.gmo rw.gmo sv.gmo tr.gmo uk.gmo zh_CN.gmo'
CATOBJEXT='.gmo'
CC='arm-kobo-linux-gnueabihf-gcc'
CCDEPMODE='depmode=gcc3'
CFLAGS='-g -O2    '
CPP='arm-kobo-linux-gnueabihf-gcc -E'
CPPFLAGS=''
CYGPATH_W='echo'
DATADIRNAME='share'
DEFS='-DHAVE_CONFIG_H'
DEPDIR='.deps'
DSYMUTIL='arm-linux-gnueabihf-dsymutil'
DUMPBIN=':'
ECHO_C=''
ECHO_N='-n'
ECHO_T=''
EGREP='/sbin/grep -E'
EXEEXT=''
FGREP='/sbin/grep -F'
GDBINIT='.gdbinit'
GENCAT='gencat'
GENINSRC_NEVER_FALSE=''
GENINSRC_NEVER_TRUE='#'
GMSGFMT='/sbin/msgfmt'
GREP='/sbin/grep'
INCINTL=''
INSTALL_DATA='/bin/install -c -m 644'
INSTALL_PROGRAM='/bin/install -c'
INSTALL_SCRIPT='/bin/install -c'
INSTALL_STRIP_PROGRAM='$(install_sh) -c -s'
INSTOBJEXT='.mo'
LARGEFILE_CPPFLAGS=''
LD='arm-kobo-linux-gnueabihf-ld'
LDFLAGS=' '
LEX='flex'
LEXLIB=''
LEX_OUTPUT_ROOT='lex.yy'
LIBINTL=''
LIBINTL_DEP=''
LIBM=''
LIBOBJS=''
LIBS='-ldl '
LIBTOOL='$(SHELL) $(top_builddir)/libtool'
LIPO=''
LN_S='ln -s'
LTLIBOBJS=''
MAINT='#'
MAINTAINER_MODE_FALSE=''
MAINTAINER_MODE_TRUE='#'
MAKEINFO='makeinfo --split-size=5000000'
MKDIR_P='/sbin/mkdir -p'
MKINSTALLDIRS='$(top_builddir)/../mkinstalldirs'
MSGFMT='/sbin/msgfmt'
MSGMERGE='/sbin/msgmerge'
NM='arm-linux-gnueabihf-nm'
NMEDIT=''
NO_WERROR=''
OBJDUMP='arm-linux-gnueabihf-objdump'
OBJEXT='o'
OPCODES_LIB='../opcodes/libopcodes.la'
OTOOL64=''
OTOOL='arm-linux-gnueabihf-otool'
PACKAGE='gas'
PACKAGE_BUGREPORT=''
PACKAGE_NAME='gas'
PACKAGE_STRING='gas 2.39.50'
PACKAGE_TARNAME='gas'
PACKAGE_URL=''
PACKAGE_VERSION='2.39.50'
PATH_SEPARATOR=':'
PKG_CONFIG='/sbin/pkg-config'
PKG_CONFIG_LIBDIR=''
PKG_CONFIG_PATH=''
POSUB='po'
RANLIB='arm-kobo-linux-gnueabihf-ranlib --plugin /mnt/HDD/Project/inkbox-build/inkbox/compiled-binaries/arm-kobo-linux-gnueabihf/bin/../libexec/gcc/arm-kobo-linux-gnueabihf/11.2.0/liblto_plugin.so --plugin /mnt/HDD/Project/inkbox-build/inkbox/compiled-binaries/arm-kobo-linux-gnueabihf/bin/../libexec/gcc/arm-kobo-linux-gnueabihf/11.2.0/liblto_plugin.so'
SED='/sbin/sed'
SET_MAKE=''
SHELL='/bin/sh'
STRIP='strip'
USE_NLS='yes'
VERSION='2.39.50'
WARN_CFLAGS='-W -Wall -Wstrict-prototypes -Wmissing-prototypes -Wshadow -Wstack-usage=262144'
WARN_CFLAGS_FOR_BUILD='-W -Wall -Wstrict-prototypes -Wmissing-prototypes -Wshadow -Wstack-usage=262144'
WARN_WRITE_STRINGS='-Wwrite-strings'
XGETTEXT='/sbin/xgettext'
YACC='bison -y'
YFLAGS=''
ZSTD_CFLAGS=''
ZSTD_LIBS='-lzstd '
ac_ct_CC=''
ac_ct_DUMPBIN='link -dump'
am__EXEEXT_FALSE=''
am__EXEEXT_TRUE='#'
am__fastdepCC_FALSE='#'
am__fastdepCC_TRUE=''
am__include='include'
am__isrc=''
am__leading_dot='.'
am__nodep='_no'
am__quote=''
am__tar='$${TAR-tar} chof - "$$tardir"'
am__untar='$${TAR-tar} xf -'
atof='ieee'
bindir='${exec_prefix}/bin'
build='x86_64-pc-linux-gnu'
build_alias='x86_64-pc-linux-gnu'
build_cpu='x86_64'
build_os='linux-gnu'
build_vendor='pc'
cgen_cpu_prefix=''
datadir='${datarootdir}'
datarootdir='${prefix}/share'
do_compare='cmp --ignore-initial=16 $$f1 $$f2'
docdir='${datarootdir}/doc/${PACKAGE_TARNAME}'
dvidir='${docdir}'
exec_prefix='${prefix}'
extra_objects=''
host='arm-unknown-linux-gnueabihf'
host_alias='arm-linux-gnueabihf'
host_cpu='arm'
host_os='linux-gnueabihf'
host_vendor='unknown'
htmldir='${docdir}'
includedir='${prefix}/include'
infodir='${datarootdir}/info'
install_sh='${SHELL} /mnt/HDD/Project/Public/okulartry/binutils-gdb/install-sh'
install_tooldir='install-exec-tooldir'
libdir='${exec_prefix}/lib'
libexecdir='${exec_prefix}/libexec'
localedir='${datarootdir}/locale'
localstatedir='${prefix}/var'
mandir='${datarootdir}/man'
mkdir_p='$(MKDIR_P)'
obj_format='elf'
oldincludedir='/usr/include'
pdfdir='${docdir}'
prefix='/home/build/inkbox/compiled-binaries/arm-kobo-linux-gnueabihf/arm-kobo-linux-gnueabihf/sysroot'
program_transform_name='s,y,y,'
psdir='${docdir}'
sbindir='${exec_prefix}/sbin'
sharedstatedir='${prefix}/com'
sysconfdir='${prefix}/etc'
target='arm-unknown-linux-gnueabihf'
target_alias='arm-linux-gnueabihf'
target_cpu='arm'
target_cpu_type='arm'
target_os='linux-gnueabihf'
target_vendor='unknown'
te_file='armlinuxeabi'
zlibdir='-L$(top_builddir)/../zlib'
zlibinc='-I$(top_srcdir)/../zlib'

## ----------- ##
## confdefs.h. ##
## ----------- ##

/* confdefs.h */
#define PACKAGE_NAME "gas"
#define PACKAGE_TARNAME "gas"
#define PACKAGE_VERSION "2.39.50"
#define PACKAGE_STRING "gas 2.39.50"
#define PACKAGE_BUGREPORT ""
#define PACKAGE_URL ""
#define PACKAGE "gas"
#define VERSION "2.39.50"
#define STDC_HEADERS 1
#define HAVE_SYS_TYPES_H 1
#define HAVE_SYS_STAT_H 1
#define HAVE_STDLIB_H 1
#define HAVE_STRING_H 1
#define HAVE_MEMORY_H 1
#define HAVE_STRINGS_H 1
#define HAVE_INTTYPES_H 1
#define HAVE_STDINT_H 1
#define HAVE_UNISTD_H 1
#define __EXTENSIONS__ 1
#define _ALL_SOURCE 1
#define _GNU_SOURCE 1
#define _POSIX_PTHREAD_SEMANTICS 1
#define _TANDEM_SOURCE 1
#define HAVE_DLFCN_H 1
#define LT_OBJDIR ".libs/"
#define HAVE_DLFCN_H 1
#define _FILE_OFFSET_BITS 64
#define TARGET_BYTES_BIG_ENDIAN 0
#define DEFAULT_GENERATE_X86_RELAX_RELOCATIONS 1
#define DEFAULT_GENERATE_ELF_STT_COMMON 0
#define DEFAULT_GENERATE_BUILD_NOTES 0
#define DEFAULT_X86_USED_NOTE 0
#define DEFAULT_RISCV_ATTR 1
#define DEFAULT_MIPS_FIX_LOONGSON3_LLSC 0
#define DEFAULT_COMPRESSED_DEBUG_ALGORITHM COMPRESS_DEBUG_GABI_ZLIB
#define EMULATIONS 
#define DEFAULT_EMULATION ""
#define TARGET_ALIAS "arm-linux-gnueabihf"
#define TARGET_CANONICAL "arm-unknown-linux-gnueabihf"
#define TARGET_CPU "arm"
#define TARGET_VENDOR "unknown"
#define TARGET_OS "linux-gnueabihf"
#define ENABLE_NLS 1
#define HAVE_MEMORY_H 1
#define HAVE_SYS_STAT_H 1
#define HAVE_SYS_TYPES_H 1
#define HAVE_UNISTD_H 1
#define HAVE_STRSIGNAL 1
#define HAVE_LC_MESSAGES 1
#define HAVE_DECL_GETOPT 1
#define HAVE_DECL_ASPRINTF 1
#define HAVE_DECL_MEMPCPY 1
#define HAVE_DECL_STPCPY 1
#define HAVE_ZSTD 1
#define HAVE_ST_MTIM_TV_SEC 1
#define HAVE_ST_MTIM_TV_NSEC 1

configure: exit 0
