This file contains any messages produced by compilers while
running configure, to aid debugging if configure makes a mistake.

It was created by etc configure 0, which was
generated by GNU Autoconf 2.69.  Invocation command line was

  $ /mnt/HDD/Project/Public/okulartry/binutils-gdb/etc/configure --srcdir=.././etc --cache-file=./config.cache --with-gnu-as --with-gnu-ld --prefix=/home/build/inkbox/compiled-binaries/arm-kobo-linux-gnueabihf/arm-kobo-linux-gnueabihf/sysroot/ --with-build-sysroot=/home/build/inkbox/compiled-binaries/arm-kobo-linux-gnueabihf/arm-kobo-linux-gnueabihf/sysroot/ --program-transform-name=s,y,y, --disable-option-checking --disable-year2038 --build=x86_64-pc-linux-gnu --host=arm-linux-gnueabihf --target=arm-linux-gnueabihf

## --------- ##
## Platform. ##
## --------- ##

hostname = hyperbookszyb
uname -m = x86_64
uname -r = 6.1.28-1-lts
uname -s = Linux
uname -v = #1 SMP PREEMPT_DYNAMIC Thu, 11 May 2023 15:52:41 +0000

/usr/bin/uname -p = unknown
/bin/uname -X     = unknown

/bin/arch              = unknown
/usr/bin/arch -k       = unknown
/usr/convex/getsysinfo = unknown
/usr/bin/hostinfo      = unknown
/bin/machine           = unknown
/usr/bin/oslevel       = unknown
/bin/universe          = unknown

PATH: /home/szybet/kde/src/kdesrc-build
PATH: /home/szybet/.cargo/bin
PATH: /sbin
PATH: /bin
PATH: /usr/local/sbin
PATH: /usr/local/bin
PATH: /usr/bin
PATH: /usr/sbin
PATH: /home/szybet/.dotnet/tools
PATH: /usr/lib/jvm/default/bin
PATH: /usr/bin/site_perl
PATH: /usr/bin/vendor_perl
PATH: /usr/bin/core_perl
PATH: /usr/lib/rustup/bin
PATH: /home/build/inkbox/compiled-binaries/arm-kobo-linux-gnueabihf/bin/
PATH: /home/build/inkbox/compiled-binaries/qt-bin/qt-linux-5.15.2-kobo/bin/


## ----------- ##
## Core tests. ##
## ----------- ##

configure:1630: loading cache ./config.cache
configure:1716: checking whether to enable maintainer-specific portions of Makefiles
configure:1725: result: no
configure:1783: checking for a BSD-compatible install
configure:1851: result: /bin/install -c
configure:1862: checking whether build environment is sane
configure:1917: result: yes
configure:1976: checking for arm-linux-gnueabihf-strip
configure:2006: result: no
configure:2016: checking for strip
configure:2043: result: strip
configure:2055: WARNING: using cross tools not prefixed with host triplet
configure:2068: checking for a thread-safe mkdir -p
configure:2107: result: /sbin/mkdir -p
configure:2114: checking for gawk
configure:2141: result: gawk
configure:2152: checking whether make sets $(MAKE)
configure:2174: result: yes
configure:2203: checking whether make supports nested variables
configure:2220: result: yes
configure:2357: checking whether make supports nested variables
configure:2374: result: yes
configure:2529: checking that generated files are newer than configure
configure:2535: result: done
configure:2543: creating ./config.status

## ---------------------- ##
## Running config.status. ##
## ---------------------- ##

This file was extended by etc config.status 0, which was
generated by GNU Autoconf 2.69.  Invocation command line was

  CONFIG_FILES    = 
  CONFIG_HEADERS  = 
  CONFIG_LINKS    = 
  CONFIG_COMMANDS = 
  $ ./config.status 

on hyperbookszyb

config.status:745: creating Makefile

## ---------------- ##
## Cache variables. ##
## ---------------- ##

ac_cv_env_build_alias_set=set
ac_cv_env_build_alias_value=x86_64-pc-linux-gnu
ac_cv_env_host_alias_set=set
ac_cv_env_host_alias_value=arm-linux-gnueabihf
ac_cv_env_target_alias_set=set
ac_cv_env_target_alias_value=arm-linux-gnueabihf
ac_cv_path_mkdir=/sbin/mkdir
ac_cv_prog_AWK=gawk
ac_cv_prog_ac_ct_STRIP=strip
ac_cv_prog_make_make_set=yes
am_cv_make_support_nested_variables=yes

## ----------------- ##
## Output variables. ##
## ----------------- ##

ACLOCAL='${SHELL} /mnt/HDD/Project/Public/okulartry/binutils-gdb/missing aclocal-1.15'
AMTAR='$${TAR-tar}'
AM_BACKSLASH='\'
AM_DEFAULT_V='$(AM_DEFAULT_VERBOSITY)'
AM_DEFAULT_VERBOSITY='0'
AM_V='$(V)'
AUTOCONF='${SHELL} /mnt/HDD/Project/Public/okulartry/binutils-gdb/missing autoconf'
AUTOHEADER='${SHELL} /mnt/HDD/Project/Public/okulartry/binutils-gdb/missing autoheader'
AUTOMAKE='${SHELL} /mnt/HDD/Project/Public/okulartry/binutils-gdb/missing automake-1.15'
AWK='gawk'
CYGPATH_W='echo'
DEFS='-DPACKAGE_NAME=\"etc\" -DPACKAGE_TARNAME=\"etc\" -DPACKAGE_VERSION=\"0\" -DPACKAGE_STRING=\"etc\ 0\" -DPACKAGE_BUGREPORT=\"\" -DPACKAGE_URL=\"\" -DPACKAGE=\"etc\" -DVERSION=\"0\"'
ECHO_C=''
ECHO_N='-n'
ECHO_T=''
INSTALL_DATA='/bin/install -c -m 644'
INSTALL_PROGRAM='/bin/install -c'
INSTALL_SCRIPT='/bin/install -c'
INSTALL_STRIP_PROGRAM='$(install_sh) -c -s'
LIBOBJS=''
LIBS=''
LTLIBOBJS=''
MAINT='#'
MAINTAINER_MODE_FALSE=''
MAINTAINER_MODE_TRUE='#'
MAKEINFO='makeinfo --split-size=5000000'
MKDIR_P='/sbin/mkdir -p'
PACKAGE='etc'
PACKAGE_BUGREPORT=''
PACKAGE_NAME='etc'
PACKAGE_STRING='etc 0'
PACKAGE_TARNAME='etc'
PACKAGE_URL=''
PACKAGE_VERSION='0'
PATH_SEPARATOR=':'
SET_MAKE=''
SHELL='/bin/sh'
STRIP='strip'
VERSION='0'
am__isrc=''
am__leading_dot='.'
am__tar='$${TAR-tar} chof - "$$tardir"'
am__untar='$${TAR-tar} xf -'
bindir='${exec_prefix}/bin'
build_alias='x86_64-pc-linux-gnu'
datadir='${datarootdir}'
datarootdir='${prefix}/share'
docdir='${datarootdir}/doc/${PACKAGE_TARNAME}'
dvidir='${docdir}'
exec_prefix='${prefix}'
host_alias='arm-linux-gnueabihf'
htmldir='${docdir}'
includedir='${prefix}/include'
infodir='${datarootdir}/info'
install_sh='${SHELL} /mnt/HDD/Project/Public/okulartry/binutils-gdb/install-sh'
libdir='${exec_prefix}/lib'
libexecdir='${exec_prefix}/libexec'
localedir='${datarootdir}/locale'
localstatedir='${prefix}/var'
mandir='${datarootdir}/man'
mkdir_p='$(MKDIR_P)'
oldincludedir='/usr/include'
pdfdir='${docdir}'
prefix='/home/build/inkbox/compiled-binaries/arm-kobo-linux-gnueabihf/arm-kobo-linux-gnueabihf/sysroot'
program_transform_name='s,y,y,'
psdir='${docdir}'
sbindir='${exec_prefix}/sbin'
sharedstatedir='${prefix}/com'
sysconfdir='${prefix}/etc'
target_alias='arm-linux-gnueabihf'

## ----------- ##
## confdefs.h. ##
## ----------- ##

/* confdefs.h */
#define PACKAGE_NAME "etc"
#define PACKAGE_TARNAME "etc"
#define PACKAGE_VERSION "0"
#define PACKAGE_STRING "etc 0"
#define PACKAGE_BUGREPORT ""
#define PACKAGE_URL ""
#define PACKAGE "etc"
#define VERSION "0"

configure: exit 0
