# kdesrc-build running: 'make' '-j' '8'
# from directory: /home/szybet/kdesrc/build/frameworks/kcompletion
-- 

Installing in /mnt/HDD/Project/Public/okulartry/okular-things. Run /home/szybet/kdesrc/build/frameworks/kcompletion/prefix.sh to set the environment for KCompletion.
-- The following REQUIRED packages have been found:

 * ECM (required version >= 5.106.0), Extra CMake Modules., <https://commits.kde.org/extra-cmake-modules>
 * Qt5Gui (required version >= 5.15.2)
 * Qt5 (required version >= 5.15.2)
 * KF5Config (required version >= 5.106.0)
 * Qt5Widgets (required version >= 5.15.2)
 * KF5WidgetsAddons (required version >= 5.106.0)
 * Qt5LinguistTools

-- The following features have been disabled:

 * QCH, API documentation in QCH format (for e.g. Qt Assistant, Qt Creator & KDevelop)
 * DESIGNERPLUGIN, Build plugin for Qt Designer

-- Configuring done (0.1s)
-- Generating done (0.0s)
-- Build files have been written to: /home/szybet/kdesrc/build/frameworks/kcompletion
[  1%] Built target translations_3
[  2%] Built target translations_5
[  3%] Built target translations_1
[  3%] Built target translations_4
[  3%] Built target translations_6
[  4%] Built target translations_2
[  5%] Built target translations_7
[  5%] Built target translations_8
[  6%] Built target translations_11
[  7%] Built target translations_10
[  8%] Built target translations_12
[  9%] Built target translations_9
[  9%] Built target translations_13
[ 10%] Built target translations_14
[ 12%] Built target translations_15
[ 12%] Built target translations_16
[ 13%] Built target translations_17
[ 14%] Built target translations_18
[ 15%] Built target translations_19
[ 16%] Built target translations_23
[ 16%] Built target translations_20
[ 17%] Built target translations_21
[ 18%] Built target translations_22
[ 19%] Built target translations_24
[ 20%] Built target translations_25
[ 21%] Built target translations_26
[ 21%] Built target translations_27
[ 22%] Built target translations_28
[ 23%] Built target translations_30
[ 25%] Built target translations_29
[ 25%] Built target translations_31
[ 26%] Built target translations_32
[ 26%] Built target translations_33
[ 27%] Built target translations_35
[ 28%] Built target translations_34
[ 29%] Built target translations_36
[ 30%] Built target translations_37
[ 31%] Built target translations_38
[ 32%] Built target translations_39
[ 33%] Built target translations_40
[ 35%] Built target translations_42
[ 35%] Built target translations_41
[ 36%] Built target translations_44
[ 37%] Built target translations_43
[ 38%] Built target translations_45
[ 39%] Built target translations_46
[ 40%] Built target translations_48
[ 40%] Built target translations_47
[ 41%] Built target translations_50
[ 42%] Built target translations_49
[ 43%] Built target translations_51
[ 44%] Built target translations_52
[ 44%] Built target translations_53
[ 45%] Built target translations_54
[ 46%] Built target translations_56
[ 47%] Built target translations_55
[ 48%] Built target translations_58
[ 49%] Built target translations_60
[ 50%] Built target translations_57
[ 51%] Built target translations_59
[ 52%] Built target translations_61
[ 53%] Built target translations_62
[ 54%] Built target translations_63
[ 55%] Built target translations_64
[ 55%] Built target translations_66
[ 56%] Built target translations_65
[ 58%] Built target translations_68
[ 58%] Built target translations_67
[ 59%] Built target translations_70
[ 60%] Built target translations_69
[ 61%] Built target translations_71
[ 62%] Built target translations_74
[ 63%] Built target translations_72
[ 63%] Built target translations_73
[ 64%] Built target translations_75
[ 65%] Built target translations_76
[ 66%] Built target translations_77
[ 67%] Built target translations_78
[ 68%] Built target translations_79
[ 69%] Built target translations_81
[ 70%] Built target translations_80
[ 71%] Built target translations_82
[ 72%] Built target translations_83
[ 73%] Built target translations_84
[ 74%] Built target translations_85
[ 74%] Built target translations_86
[ 75%] Built target translations_87
[ 76%] Built target translations_89
[ 77%] Built target translations_88
[ 78%] Built target translations_91
[ 78%] Built target translations_92
[ 79%] Built target translations_90
[ 80%] Built target translations_93
[ 81%] Built target translations_95
[ 82%] Built target translations_94
[ 83%] Built target translations_97
[ 84%] Built target translations_96
[ 85%] Built target translations_98
[ 86%] Built target translations_99
[ 87%] Built target translations_100
[ 88%] Automatic MOC for target KF5Completion
[ 88%] Built target KF5Completion_autogen
[100%] Built target KF5Completion
