# kdesrc-build running: 'make' '-j' '8'
# from directory: /home/szybet/kdesrc/build/frameworks/ki18n
[  8%] Automatic MOC for target KF5I18n
[  8%] Generating ts...
[  8%] Generating mo...
[ 11%] Automatic MOC for target ktranscript
-- copying... /home/szybet/kdesrc/frameworks/ki18n/po/ca/scripts/ki18n5/ki18n5.js DESTINATION /home/szybet/kdesrc/build/frameworks/ki18n/locale/ca/LC_SCRIPTS/ki18n5
-- copying... /home/szybet/kdesrc/frameworks/ki18n/po/ca@valencia/scripts/ki18n5/ki18n5.js DESTINATION /home/szybet/kdesrc/build/frameworks/ki18n/locale/ca@valencia/LC_SCRIPTS/ki18n5
-- copying... /home/szybet/kdesrc/frameworks/ki18n/po/fi/scripts/ki18n5/general.pmap DESTINATION /home/szybet/kdesrc/build/frameworks/ki18n/locale/fi/LC_SCRIPTS/ki18n5
-- copying... /home/szybet/kdesrc/frameworks/ki18n/po/fi/scripts/ki18n5/ki18n5.js DESTINATION /home/szybet/kdesrc/build/frameworks/ki18n/locale/fi/LC_SCRIPTS/ki18n5
-- copying... /home/szybet/kdesrc/frameworks/ki18n/po/gd/scripts/ki18n5/ki18n5.js DESTINATION /home/szybet/kdesrc/build/frameworks/ki18n/locale/gd/LC_SCRIPTS/ki18n5
-- copying... /home/szybet/kdesrc/frameworks/ki18n/po/ja/scripts/ki18n5/ki18n5.js DESTINATION /home/szybet/kdesrc/build/frameworks/ki18n/locale/ja/LC_SCRIPTS/ki18n5
-- copying... /home/szybet/kdesrc/frameworks/ki18n/po/ko/scripts/ki18n5/ki18n5.js DESTINATION /home/szybet/kdesrc/build/frameworks/ki18n/locale/ko/LC_SCRIPTS/ki18n5
-- copying... /home/szybet/kdesrc/frameworks/ki18n/po/nb/scripts/ki18n5/ki18n5.js DESTINATION /home/szybet/kdesrc/build/frameworks/ki18n/locale/nb/LC_SCRIPTS/ki18n5
-- copying... /home/szybet/kdesrc/frameworks/ki18n/po/nn/scripts/ki18n5/ki18n5.js DESTINATION /home/szybet/kdesrc/build/frameworks/ki18n/locale/nn/LC_SCRIPTS/ki18n5
-- copying... /home/szybet/kdesrc/frameworks/ki18n/po/nn/scripts/ki18n5/skjermelement.pmap DESTINATION /home/szybet/kdesrc/build/frameworks/ki18n/locale/nn/LC_SCRIPTS/ki18n5
-- copying... /home/szybet/kdesrc/frameworks/ki18n/po/ru/scripts/ki18n5/ki18n5.js DESTINATION /home/szybet/kdesrc/build/frameworks/ki18n/locale/ru/LC_SCRIPTS/ki18n5
-- copying... /home/szybet/kdesrc/frameworks/ki18n/po/sr/scripts/ki18n5/ki18n5.js DESTINATION /home/szybet/kdesrc/build/frameworks/ki18n/locale/sr/LC_SCRIPTS/ki18n5
-- copying... /home/szybet/kdesrc/frameworks/ki18n/po/sr/scripts/ki18n5/trapnakron.pmap DESTINATION /home/szybet/kdesrc/build/frameworks/ki18n/locale/sr/LC_SCRIPTS/ki18n5
-- copying... /home/szybet/kdesrc/frameworks/ki18n/po/sr@ijekavian/scripts/ki18n5/ki18n5.js DESTINATION /home/szybet/kdesrc/build/frameworks/ki18n/locale/sr@ijekavian/LC_SCRIPTS/ki18n5
-- copying... /home/szybet/kdesrc/frameworks/ki18n/po/sr@ijekavian/scripts/ki18n5/trapnakron.pmap DESTINATION /home/szybet/kdesrc/build/frameworks/ki18n/locale/sr@ijekavian/LC_SCRIPTS/ki18n5
-- copying... /home/szybet/kdesrc/frameworks/ki18n/po/sr@ijekavianlatin/scripts/ki18n5/ki18n5.js DESTINATION /home/szybet/kdesrc/build/frameworks/ki18n/locale/sr@ijekavianlatin/LC_SCRIPTS/ki18n5
-- copying... /home/szybet/kdesrc/frameworks/ki18n/po/sr@ijekavianlatin/scripts/ki18n5/trapnakron.pmap DESTINATION /home/szybet/kdesrc/build/frameworks/ki18n/locale/sr@ijekavianlatin/LC_SCRIPTS/ki18n5
-- copying... /home/szybet/kdesrc/frameworks/ki18n/po/sr@latin/scripts/ki18n5/ki18n5.js DESTINATION /home/szybet/kdesrc/build/frameworks/ki18n/locale/sr@latin/LC_SCRIPTS/ki18n5
-- copying... /home/szybet/kdesrc/frameworks/ki18n/po/sr@latin/scripts/ki18n5/trapnakron.pmap DESTINATION /home/szybet/kdesrc/build/frameworks/ki18n/locale/sr@latin/LC_SCRIPTS/ki18n5
-- copying... /home/szybet/kdesrc/frameworks/ki18n/po/uk/scripts/ki18n5/ki18n5.js DESTINATION /home/szybet/kdesrc/build/frameworks/ki18n/locale/uk/LC_SCRIPTS/ki18n5
[ 11%] Built target ktranscript_autogen
[ 11%] Built target KF5I18n_autogen
[ 11%] Built target tsfiles-cfa32f4b8ec2d9b64b08c8957696e9b3
[ 11%] Built target pofiles-cfa32f4b8ec2d9b64b08c8957696e9b3
[ 22%] Built target ktranscript
[ 52%] Built target KF5I18n
[ 55%] Automatic MOC for target KF5I18nLocaleData
[ 55%] Built target KF5I18nLocaleData_autogen
[ 88%] Built target KF5I18nLocaleData
[ 91%] Automatic MOC for target ki18nlocaledataqmlplugin
[ 91%] Built target ki18nlocaledataqmlplugin_autogen
[100%] Built target ki18nlocaledataqmlplugin
