# kdesrc-build running: 'make' '-j' '8'
# from directory: /home/szybet/kdesrc/build/frameworks/kdbusaddons
-- 

Installing in /mnt/HDD/Project/Public/okulartry/okular-things. Run /home/szybet/kdesrc/build/frameworks/kdbusaddons/prefix.sh to set the environment for KDBusAddons.
-- The following REQUIRED packages have been found:

 * ECM (required version >= 5.106.0), Extra CMake Modules., <https://commits.kde.org/extra-cmake-modules>
 * Qt5DBus (required version >= 5.15.2)
 * Qt5LinguistTools

-- The following features have been disabled:

 * QCH, API documentation in QCH format (for e.g. Qt Assistant, Qt Creator & KDevelop)

-- Configuring done (0.1s)
-- Generating done (0.0s)
-- Build files have been written to: /home/szybet/kdesrc/build/frameworks/kdbusaddons
[  3%] Built target translations_1
[  3%] Built target translations_4
[  3%] Built target translations_5
[  6%] Built target translations_3
[  6%] Built target translations_2
[  8%] Built target translations_7
[  8%] Built target translations_8
[ 10%] Built target translations_6
[ 13%] Built target translations_12
[ 13%] Built target translations_9
[ 13%] Built target translations_11
[ 15%] Built target translations_10
[ 16%] Built target translations_13
[ 17%] Built target translations_14
[ 18%] Built target translations_15
[ 20%] Built target translations_16
[ 22%] Built target translations_20
[ 22%] Built target translations_17
[ 24%] Built target translations_21
[ 25%] Built target translations_18
[ 26%] Built target translations_22
[ 27%] Built target translations_19
[ 29%] Built target translations_23
[ 30%] Built target translations_24
[ 31%] Built target translations_25
[ 32%] Built target translations_26
[ 34%] Built target translations_27
[ 35%] Built target translations_29
[ 36%] Built target translations_28
[ 37%] Built target translations_30
[ 39%] Built target translations_31
[ 40%] Built target translations_32
[ 41%] Built target translations_33
[ 43%] Built target translations_35
[ 44%] Built target translations_34
[ 45%] Built target translations_36
[ 46%] Built target translations_37
[ 48%] Built target translations_38
[ 49%] Built target translations_39
[ 50%] Built target translations_40
[ 51%] Built target translations_41
[ 53%] Built target translations_42
[ 54%] Built target translations_43
[ 55%] Built target translations_44
[ 56%] Built target translations_45
[ 58%] Built target translations_46
[ 59%] Built target translations_47
[ 60%] Built target translations_48
[ 62%] Built target translations_49
[ 63%] Built target translations_50
[ 64%] Built target translations_51
[ 65%] Built target translations_52
[ 68%] Automatic MOC for target KF5DBusAddons
[ 68%] Automatic MOC for target kquitapp5
[ 68%] Built target kquitapp5_autogen
[ 69%] Linking CXX executable ../../../bin/kquitapp5
[ 72%] Built target kquitapp5
[ 72%] Built target KF5DBusAddons_autogen
[ 74%] Building CXX object src/CMakeFiles/KF5DBusAddons.dir/KF5DBusAddons_autogen/mocs_compilation.cpp.o
[ 74%] Building CXX object src/CMakeFiles/KF5DBusAddons.dir/ECMQmLoader-kdbusaddons5_qt.cpp.o
[ 75%] Building CXX object src/CMakeFiles/KF5DBusAddons.dir/kdbusinterprocesslock.cpp.o
[ 78%] Building CXX object src/CMakeFiles/KF5DBusAddons.dir/kdbusservice.cpp.o
[ 78%] Building CXX object src/CMakeFiles/KF5DBusAddons.dir/kdedmodule.cpp.o
[ 79%] Building CXX object src/CMakeFiles/KF5DBusAddons.dir/kdeinitinterface.cpp.o
[ 81%] Building CXX object src/CMakeFiles/KF5DBusAddons.dir/updatelaunchenvironmentjob.cpp.o
[ 82%] Building CXX object src/CMakeFiles/KF5DBusAddons.dir/kdbusconnectionpool.cpp.o
[ 83%] Building CXX object src/CMakeFiles/KF5DBusAddons.dir/kdbusaddons_debug.cpp.o
[ 84%] Building CXX object src/CMakeFiles/KF5DBusAddons.dir/FreeDesktopApplpicationIface.cpp.o
[ 86%] Building CXX object src/CMakeFiles/KF5DBusAddons.dir/KDBusServiceIface.cpp.o
[01m[K/home/szybet/kdesrc/frameworks/kdbusaddons/src/updatelaunchenvironmentjob.cpp:[m[K In member function '[01m[Kvoid UpdateLaunchEnvironmentJob::start()[m[K':
[01m[K/home/szybet/kdesrc/frameworks/kdbusaddons/src/updatelaunchenvironmentjob.cpp:82:34:[m[K [01;36m[Knote: [m[Kparameter passing for argument of type '[01m[Kstd::initializer_list<QVariant>[m[K' changed in GCC 7.1
   82 |         [01;36m[KklauncherMsg.setArguments({QVariant::fromValue(varName), QVariant::fromValue(value)})[m[K;
      |         [01;36m[K~~~~~~~~~~~~~~~~~~~~~~~~~^~~~~~~~~~~~~~~~~~~~~~~~~~~~~~~~~~~~~~~~~~~~~~~~~~~~~~~~~~~~[m[K
[01m[K/home/szybet/kdesrc/frameworks/kdbusaddons/src/updatelaunchenvironmentjob.cpp:91:38:[m[K [01;36m[Knote: [m[Kparameter passing for argument of type '[01m[Kstd::initializer_list<QVariant>[m[K' changed in GCC 7.1
   91 |         [01;36m[KplasmaSessionMsg.setArguments({QVariant::fromValue(varName), QVariant::fromValue(value)})[m[K;
      |         [01;36m[K~~~~~~~~~~~~~~~~~~~~~~~~~~~~~^~~~~~~~~~~~~~~~~~~~~~~~~~~~~~~~~~~~~~~~~~~~~~~~~~~~~~~~~~~~[m[K
[01m[K/home/szybet/kdesrc/frameworks/kdbusaddons/src/updatelaunchenvironmentjob.cpp:115:35:[m[K [01;36m[Knote: [m[Kparameter passing for argument of type '[01m[Kstd::initializer_list<QVariant>[m[K' changed in GCC 7.1
  115 |     [01;36m[KdbusActivationMsg.setArguments({QVariant::fromValue(dbusActivationEnv)})[m[K;
      |     [01;36m[K~~~~~~~~~~~~~~~~~~~~~~~~~~~~~~^~~~~~~~~~~~~~~~~~~~~~~~~~~~~~~~~~~~~~~~~~[m[K
[01m[K/home/szybet/kdesrc/frameworks/kdbusaddons/src/updatelaunchenvironmentjob.cpp:125:38:[m[K [01;36m[Knote: [m[Kparameter passing for argument of type '[01m[Kstd::initializer_list<QVariant>[m[K' changed in GCC 7.1
  125 |     [01;36m[KsystemdActivationMsg.setArguments({systemdUpdates})[m[K;
      |     [01;36m[K~~~~~~~~~~~~~~~~~~~~~~~~~~~~~~~~~^~~~~~~~~~~~~~~~~~[m[K
[ 87%] Building CXX object src/CMakeFiles/KF5DBusAddons.dir/kdbusservice_adaptor.cpp.o
In file included from [01m[K/home/build/inkbox/compiled-binaries/arm-kobo-linux-gnueabihf/arm-kobo-linux-gnueabihf/sysroot/include/QtCore/qobject.h:49[m[K,
                 from [01m[K/home/build/inkbox/compiled-binaries/arm-kobo-linux-gnueabihf/arm-kobo-linux-gnueabihf/sysroot/include/QtCore/qiodevice.h:45[m[K,
                 from [01m[K/home/build/inkbox/compiled-binaries/arm-kobo-linux-gnueabihf/arm-kobo-linux-gnueabihf/sysroot/include/QtCore/qprocess.h:43[m[K,
                 from [01m[K/home/build/inkbox/compiled-binaries/arm-kobo-linux-gnueabihf/arm-kobo-linux-gnueabihf/sysroot/include/QtCore/QProcessEnvironment:1[m[K,
                 from [01m[K/home/szybet/kdesrc/frameworks/kdbusaddons/src/updatelaunchenvironmentjob.h:13[m[K,
                 from [01m[K/home/szybet/kdesrc/frameworks/kdbusaddons/src/updatelaunchenvironmentjob.cpp:8[m[K:
[01m[K/home/build/inkbox/compiled-binaries/arm-kobo-linux-gnueabihf/arm-kobo-linux-gnueabihf/sysroot/include/QtCore/qlist.h:[m[K In constructor '[01m[KQList<T>::QList(std::initializer_list<_Tp>) [with T = QVariant][m[K':
[01m[K/home/build/inkbox/compiled-binaries/arm-kobo-linux-gnueabihf/arm-kobo-linux-gnueabihf/sysroot/include/QtCore/qlist.h:169:12:[m[K [01;36m[Knote: [m[Kparameter passing for argument of type '[01m[Kstd::initializer_list<QVariant>[m[K' changed in GCC 7.1
  169 |     inline [01;36m[KQList[m[K(std::initializer_list<T> args)
      |            [01;36m[K^~~~~[m[K
[ 88%] Building CXX object src/CMakeFiles/KF5DBusAddons.dir/kdbusserviceextensions_adaptor.cpp.o
[ 89%] Linking CXX shared library ../bin/libKF5DBusAddons.so
[100%] Built target KF5DBusAddons
