# kdesrc-build running: 'make' '-j' '8'
# from directory: /home/szybet/kdesrc/build/frameworks/karchive
-- 

Installing in /mnt/HDD/Project/Public/okulartry/okular-things. Run /home/szybet/kdesrc/build/frameworks/karchive/prefix.sh to set the environment for KArchive.
-- Could NOT find BZip2 (missing: BZIP2_LIBRARIES BZIP2_INCLUDE_DIR) 
-- The following features have been enabled:

 * LibZstd, Support for zstd compressed files and data streams

-- The following OPTIONAL packages have been found:

 * LibLZMA, Support for xz compressed files and data streams, <https://tukaani.org/xz/>
   Support for xz compressed files and data streams
 * PkgConfig

-- The following REQUIRED packages have been found:

 * ECM (required version >= 5.106.0), Extra CMake Modules., <https://commits.kde.org/extra-cmake-modules>
 * ZLIB, Support for gzip compressed files and data streams, <https://www.zlib.net>
   Support for gzip compressed files and data streams
 * Qt5Core
 * Qt5LinguistTools

-- The following features have been disabled:

 * QCH, API documentation in QCH format (for e.g. Qt Assistant, Qt Creator & KDevelop)

-- The following RECOMMENDED packages have not been found:

 * BZip2, Support for BZip2 compressed files and data streams, <https://sourceware.org/bzip2/>
   Support for BZip2 compressed files and data streams

-- Configuring done (0.2s)
-- Generating done (0.3s)
-- Build files have been written to: /home/szybet/kdesrc/build/frameworks/karchive
[  2%] Built target translations_1
[  4%] Built target translations_5
[  6%] Built target translations_2
[  9%] Built target translations_3
[ 11%] Built target translations_4
[ 13%] Built target translations_7
[ 15%] Built target translations_8
[ 18%] Built target translations_6
[ 20%] Built target translations_9
[ 22%] Built target translations_10
[ 25%] Built target translations_11
[ 27%] Built target translations_12
[ 29%] Built target translations_14
[ 31%] Built target translations_15
[ 34%] Built target translations_16
[ 36%] Built target translations_13
[ 40%] Built target translations_17
[ 40%] Built target translations_18
[ 43%] Built target translations_19
[ 45%] Built target translations_20
[ 47%] Built target translations_21
[ 50%] Built target translations_22
[ 54%] Built target translations_24
[ 54%] Built target translations_23
[ 56%] Built target translations_25
[ 59%] Automatic MOC for target KF5Archive
[ 59%] Built target KF5Archive_autogen
[100%] Built target KF5Archive
