# kdesrc-build running: 'make' '-j' '8'
# from directory: /home/szybet/kdesrc/build/frameworks/kwindowsystem
-- 

Installing in /mnt/HDD/Project/Public/okulartry/okular-things. Run /home/szybet/kdesrc/build/frameworks/kwindowsystem/prefix.sh to set the environment for KWindowSystem.
-- Could NOT find X11 (missing: X11_X11_INCLUDE_PATH X11_X11_LIB) 
-- Could NOT find X11 (missing: X11_X11_INCLUDE_PATH X11_X11_LIB) 
-- Could NOT find XCB_XCB (missing: XCB_XCB_LIBRARY XCB_XCB_INCLUDE_DIR) (found version "1.15")
-- Could NOT find XCB_ICCCM (missing: XCB_ICCCM_LIBRARY XCB_ICCCM_INCLUDE_DIR XCB_XCB_FOUND) (found version "0.4.2")
-- Could NOT find XCB_KEYSYMS (missing: XCB_KEYSYMS_LIBRARY XCB_KEYSYMS_INCLUDE_DIR XCB_XCB_FOUND) (found version "0.4.1")
-- Could NOT find XCB (missing: XCB_LIBRARIES XCB ICCCM KEYSYMS) (found version "1.15")
-- The following REQUIRED packages have been found:

 * ECM (required version >= 5.106.0), Extra CMake Modules., <https://commits.kde.org/extra-cmake-modules>
 * Qt5Gui (required version >= 5.15.2)
 * Qt5LinguistTools
 * Qt5Test
 * Qt5Widgets
 * Qt5 (required version >= 5.15.2)

-- The following features have been disabled:

 * QCH, API documentation in QCH format (for e.g. Qt Assistant, Qt Creator & KDevelop)

-- The following OPTIONAL packages have not been found:

 * X11
 * XCB, X protocol C-language Binding, <https://xcb.freedesktop.org/>

-- Configuring done (0.4s)
-- Generating done (0.3s)
-- Build files have been written to: /home/szybet/kdesrc/build/frameworks/kwindowsystem
[  2%] Built target translations_2
[  2%] Built target translations_3
[  3%] Built target translations_4
[  4%] Built target translations_5
[  5%] Built target translations_1
[  5%] Built target translations_6
[  6%] Built target translations_7
[  7%] Built target translations_8
[  8%] Built target translations_9
[  8%] Built target translations_10
[  8%] Built target translations_13
[ 10%] Built target translations_12
[ 10%] Built target translations_11
[ 11%] Built target translations_14
[ 12%] Built target translations_15
[ 13%] Built target translations_16
[ 15%] Built target translations_19
[ 15%] Built target translations_22
[ 16%] Built target translations_18
[ 16%] Built target translations_24
[ 16%] Built target translations_17
[ 17%] Built target translations_21
[ 17%] Built target translations_20
[ 18%] Built target translations_23
[ 19%] Built target translations_25
[ 19%] Built target translations_28
[ 20%] Built target translations_26
[ 21%] Built target translations_27
[ 22%] Built target translations_30
[ 23%] Built target translations_31
[ 23%] Built target translations_32
[ 24%] Built target translations_29
[ 25%] Built target translations_36
[ 25%] Built target translations_35
[ 26%] Built target translations_34
[ 27%] Built target translations_33
[ 28%] Built target translations_37
[ 29%] Built target translations_38
[ 29%] Built target translations_39
[ 30%] Built target translations_40
[ 31%] Built target translations_44
[ 31%] Built target translations_45
[ 32%] Built target translations_42
[ 32%] Built target translations_41
[ 33%] Built target translations_43
[ 34%] Built target translations_48
[ 36%] Built target translations_47
[ 36%] Built target translations_46
[ 37%] Built target translations_50
[ 37%] Built target translations_49
[ 39%] Built target translations_51
[ 39%] Built target translations_53
[ 39%] Built target translations_52
[ 40%] Built target translations_54
[ 40%] Built target translations_56
[ 41%] Built target translations_55
[ 42%] Built target translations_57
[ 43%] Built target translations_58
[ 44%] Built target translations_59
[ 45%] Built target translations_61
[ 46%] Built target translations_60
[ 47%] Built target translations_62
[ 48%] Built target translations_64
[ 50%] Built target translations_65
[ 51%] Built target translations_66
[ 51%] Built target translations_67
[ 51%] Built target translations_63
[ 52%] Built target translations_68
[ 53%] Built target translations_69
[ 54%] Built target translations_70
[ 54%] Built target translations_71
[ 55%] Built target translations_72
[ 56%] Built target translations_73
[ 57%] Built target translations_76
[ 57%] Built target translations_74
[ 58%] Built target translations_75
[ 59%] Built target translations_77
[ 59%] Built target translations_78
[ 60%] Built target translations_79
[ 60%] Built target translations_81
[ 61%] Built target translations_82
[ 62%] Built target translations_83
[ 63%] Built target translations_80
[ 64%] Built target translations_84
[ 65%] Built target translations_87
[ 65%] Built target translations_85
[ 66%] Built target translations_88
[ 67%] Built target translations_86
[ 68%] Built target translations_91
[ 68%] Built target translations_89
[ 69%] Built target translations_90
[ 69%] Built target translations_92
[ 70%] Built target translations_93
[ 72%] Built target translations_97
[ 72%] Built target translations_95
[ 73%] Built target translations_94
[ 74%] Built target translations_96
[ 74%] Built target translations_98
[ 75%] Built target translations_99
[ 76%] Built target translations_100
[ 76%] Automatic MOC for target KF5WindowSystem
[ 76%] Built target KF5WindowSystem_autogen
[ 87%] Built target KF5WindowSystem
[ 87%] Automatic MOC for target blurbehindtest
[ 87%] Automatic MOC for target backgroundcontrasttest
[ 88%] Automatic MOC for target kwindowsystemplatformwaylandtest
[ 88%] Built target blurbehindtest_autogen
[ 88%] Built target backgroundcontrasttest_autogen
[ 88%] Built target kwindowsystemplatformwaylandtest_autogen
[ 89%] Linking CXX executable ../bin/blurbehindtest
[ 91%] Linking CXX executable ../bin/backgroundcontrasttest
[ 91%] Linking CXX executable ../bin/kwindowsystemplatformwaylandtest
[ 93%] Built target blurbehindtest
[ 95%] Built target backgroundcontrasttest
[ 96%] Built target kwindowsystemplatformwaylandtest
[ 97%] Automatic MOC for target kwindowsystem_platform_wayland_helper
[ 97%] Built target kwindowsystem_platform_wayland_helper_autogen
[ 98%] Linking CXX executable ../../bin/kwindowsystem_platform_wayland_helper
[100%] Built target kwindowsystem_platform_wayland_helper
