This file contains any messages produced by compilers while
running configure, to aid debugging if configure makes a mistake.

It was created by configure, which was
generated by GNU Autoconf 2.69.  Invocation command line was

  $ /mnt/HDD/Project/Public/okulartry/binutils-gdb/gdbserver/configure --srcdir=.././gdbserver --cache-file=./config.cache --with-gnu-as --with-gnu-ld --prefix=/home/build/inkbox/compiled-binaries/arm-kobo-linux-gnueabihf/arm-kobo-linux-gnueabihf/sysroot/ --with-build-sysroot=/home/build/inkbox/compiled-binaries/arm-kobo-linux-gnueabihf/arm-kobo-linux-gnueabihf/sysroot/ --program-transform-name=s,y,y, --disable-option-checking --disable-year2038 --build=x86_64-pc-linux-gnu --host=arm-linux-gnueabihf --target=arm-linux-gnueabihf

## --------- ##
## Platform. ##
## --------- ##

hostname = hyperbookszyb
uname -m = x86_64
uname -r = 6.1.28-1-lts
uname -s = Linux
uname -v = #1 SMP PREEMPT_DYNAMIC Thu, 11 May 2023 15:52:41 +0000

/usr/bin/uname -p = unknown
/bin/uname -X     = unknown

/bin/arch              = unknown
/usr/bin/arch -k       = unknown
/usr/convex/getsysinfo = unknown
/usr/bin/hostinfo      = unknown
/bin/machine           = unknown
/usr/bin/oslevel       = unknown
/bin/universe          = unknown

PATH: /home/szybet/kde/src/kdesrc-build
PATH: /home/szybet/.cargo/bin
PATH: /sbin
PATH: /bin
PATH: /usr/local/sbin
PATH: /usr/local/bin
PATH: /usr/bin
PATH: /usr/sbin
PATH: /home/szybet/.dotnet/tools
PATH: /usr/lib/jvm/default/bin
PATH: /usr/bin/site_perl
PATH: /usr/bin/vendor_perl
PATH: /usr/bin/core_perl
PATH: /usr/lib/rustup/bin
PATH: /home/build/inkbox/compiled-binaries/arm-kobo-linux-gnueabihf/bin/
PATH: /home/build/inkbox/compiled-binaries/qt-bin/qt-linux-5.15.2-kobo/bin/


## ----------- ##
## Core tests. ##
## ----------- ##

configure:2632: loading cache ./config.cache
configure:2725: checking whether to enable maintainer-specific portions of Makefiles
configure:2734: result: no
configure:2756: checking for arm-linux-gnueabihf-gcc
configure:2783: result: arm-kobo-linux-gnueabihf-gcc
configure:3052: checking for C compiler version
configure:3061: arm-kobo-linux-gnueabihf-gcc --version >&5
arm-kobo-linux-gnueabihf-gcc (crosstool-NG 1.24.0.519_3e2d99d - NiLuJe) 11.2.0
Copyright (C) 2021 Free Software Foundation, Inc.
This is free software; see the source for copying conditions.  There is NO
warranty; not even for MERCHANTABILITY or FITNESS FOR A PARTICULAR PURPOSE.

configure:3072: $? = 0
configure:3061: arm-kobo-linux-gnueabihf-gcc -v >&5
Using built-in specs.
COLLECT_GCC=arm-kobo-linux-gnueabihf-gcc
COLLECT_LTO_WRAPPER=/mnt/HDD/Project/inkbox-build/inkbox/compiled-binaries/arm-kobo-linux-gnueabihf/bin/../libexec/gcc/arm-kobo-linux-gnueabihf/11.2.0/lto-wrapper
Target: arm-kobo-linux-gnueabihf
Configured with: /home/nicolas/Development/kox/koxtoolchain/build/kobo/.build/arm-kobo-linux-gnueabihf/src/gcc/configure --build=x86_64-build_pc-linux-gnu --host=x86_64-build_pc-linux-gnu --target=arm-kobo-linux-gnueabihf --prefix=/home/nicolas/x-tools/arm-kobo-linux-gnueabihf --exec_prefix=/home/nicolas/x-tools/arm-kobo-linux-gnueabihf --with-sysroot=/home/nicolas/x-tools/arm-kobo-linux-gnueabihf/arm-kobo-linux-gnueabihf/sysroot --enable-languages=c,c++ --with-cpu=cortex-a8 --with-fpu=neon --with-float=hard --with-pkgversion='crosstool-NG 1.24.0.519_3e2d99d - NiLuJe' --enable-__cxa_atexit --disable-libmudflap --disable-libgomp --disable-libssp --disable-libquadmath --disable-libquadmath-support --disable-libsanitizer --disable-libmpx --with-gmp=/home/nicolas/Development/kox/koxtoolchain/build/kobo/.build/arm-kobo-linux-gnueabihf/buildtools --with-mpfr=/home/nicolas/Development/kox/koxtoolchain/build/kobo/.build/arm-kobo-linux-gnueabihf/buildtools --with-mpc=/home/nicolas/Development/kox/koxtoolchain/build/kobo/.build/arm-kobo-linux-gnueabihf/buildtools --with-isl=no --with-cloog=no --enable-lto --enable-threads=posix --with-linker-hash-style=gnu --enable-plugin --enable-gold --disable-nls --disable-multilib --with-diagnostics-color=always --with-local-prefix=/home/nicolas/x-tools/arm-kobo-linux-gnueabihf/arm-kobo-linux-gnueabihf/sysroot --enable-long-long --with-mode=thumb
Thread model: posix
Supported LTO compression algorithms: zlib zstd
gcc version 11.2.0 (crosstool-NG 1.24.0.519_3e2d99d - NiLuJe) 
configure:3072: $? = 0
configure:3061: arm-kobo-linux-gnueabihf-gcc -V >&5
[01m[Karm-kobo-linux-gnueabihf-gcc:[m[K [01;31m[Kerror: [m[Kunrecognized command-line option '[01m[K-V[m[K'
[01m[Karm-kobo-linux-gnueabihf-gcc:[m[K [01;31m[Kfatal error: [m[Kno input files
compilation terminated.
configure:3072: $? = 1
configure:3061: arm-kobo-linux-gnueabihf-gcc -qversion >&5
[01m[Karm-kobo-linux-gnueabihf-gcc:[m[K [01;31m[Kerror: [m[Kunrecognized command-line option '[01m[K-qversion[m[K'; did you mean '[01m[K--version[m[K'?
[01m[Karm-kobo-linux-gnueabihf-gcc:[m[K [01;31m[Kfatal error: [m[Kno input files
compilation terminated.
configure:3072: $? = 1
configure:3092: checking whether the C compiler works
configure:3114: arm-kobo-linux-gnueabihf-gcc -g -O2        conftest.c  >&5
configure:3118: $? = 0
configure:3166: result: yes
configure:3169: checking for C compiler default output file name
configure:3171: result: a.out
configure:3177: checking for suffix of executables
configure:3184: arm-kobo-linux-gnueabihf-gcc -o conftest -g -O2        conftest.c  >&5
configure:3188: $? = 0
configure:3210: result: 
configure:3232: checking whether we are cross compiling
configure:3270: result: yes
configure:3275: checking for suffix of object files
configure:3322: result: o
configure:3326: checking whether we are using the GNU C compiler
configure:3354: result: yes
configure:3363: checking whether arm-kobo-linux-gnueabihf-gcc accepts -g
configure:3424: result: yes
configure:3441: checking for arm-kobo-linux-gnueabihf-gcc option to accept ISO C89
configure:3517: result: none needed
configure:3649: checking for C++ compiler version
configure:3658: arm-kobo-linux-gnueabihf-g++ --version >&5
arm-kobo-linux-gnueabihf-g++ (crosstool-NG 1.24.0.519_3e2d99d - NiLuJe) 11.2.0
Copyright (C) 2021 Free Software Foundation, Inc.
This is free software; see the source for copying conditions.  There is NO
warranty; not even for MERCHANTABILITY or FITNESS FOR A PARTICULAR PURPOSE.

configure:3669: $? = 0
configure:3658: arm-kobo-linux-gnueabihf-g++ -v >&5
Using built-in specs.
COLLECT_GCC=arm-kobo-linux-gnueabihf-g++
COLLECT_LTO_WRAPPER=/mnt/HDD/Project/inkbox-build/inkbox/compiled-binaries/arm-kobo-linux-gnueabihf/bin/../libexec/gcc/arm-kobo-linux-gnueabihf/11.2.0/lto-wrapper
Target: arm-kobo-linux-gnueabihf
Configured with: /home/nicolas/Development/kox/koxtoolchain/build/kobo/.build/arm-kobo-linux-gnueabihf/src/gcc/configure --build=x86_64-build_pc-linux-gnu --host=x86_64-build_pc-linux-gnu --target=arm-kobo-linux-gnueabihf --prefix=/home/nicolas/x-tools/arm-kobo-linux-gnueabihf --exec_prefix=/home/nicolas/x-tools/arm-kobo-linux-gnueabihf --with-sysroot=/home/nicolas/x-tools/arm-kobo-linux-gnueabihf/arm-kobo-linux-gnueabihf/sysroot --enable-languages=c,c++ --with-cpu=cortex-a8 --with-fpu=neon --with-float=hard --with-pkgversion='crosstool-NG 1.24.0.519_3e2d99d - NiLuJe' --enable-__cxa_atexit --disable-libmudflap --disable-libgomp --disable-libssp --disable-libquadmath --disable-libquadmath-support --disable-libsanitizer --disable-libmpx --with-gmp=/home/nicolas/Development/kox/koxtoolchain/build/kobo/.build/arm-kobo-linux-gnueabihf/buildtools --with-mpfr=/home/nicolas/Development/kox/koxtoolchain/build/kobo/.build/arm-kobo-linux-gnueabihf/buildtools --with-mpc=/home/nicolas/Development/kox/koxtoolchain/build/kobo/.build/arm-kobo-linux-gnueabihf/buildtools --with-isl=no --with-cloog=no --enable-lto --enable-threads=posix --with-linker-hash-style=gnu --enable-plugin --enable-gold --disable-nls --disable-multilib --with-diagnostics-color=always --with-local-prefix=/home/nicolas/x-tools/arm-kobo-linux-gnueabihf/arm-kobo-linux-gnueabihf/sysroot --enable-long-long --with-mode=thumb
Thread model: posix
Supported LTO compression algorithms: zlib zstd
gcc version 11.2.0 (crosstool-NG 1.24.0.519_3e2d99d - NiLuJe) 
configure:3669: $? = 0
configure:3658: arm-kobo-linux-gnueabihf-g++ -V >&5
[01m[Karm-kobo-linux-gnueabihf-g++:[m[K [01;31m[Kerror: [m[Kunrecognized command-line option '[01m[K-V[m[K'
[01m[Karm-kobo-linux-gnueabihf-g++:[m[K [01;31m[Kfatal error: [m[Kno input files
compilation terminated.
configure:3669: $? = 1
configure:3658: arm-kobo-linux-gnueabihf-g++ -qversion >&5
[01m[Karm-kobo-linux-gnueabihf-g++:[m[K [01;31m[Kerror: [m[Kunrecognized command-line option '[01m[K-qversion[m[K'; did you mean '[01m[K--version[m[K'?
[01m[Karm-kobo-linux-gnueabihf-g++:[m[K [01;31m[Kfatal error: [m[Kno input files
compilation terminated.
configure:3669: $? = 1
configure:3673: checking whether we are using the GNU C++ compiler
configure:3701: result: yes
configure:3710: checking whether arm-kobo-linux-gnueabihf-g++ accepts -g
configure:3771: result: yes
configure:3800: checking how to run the C preprocessor
configure:3870: result: arm-kobo-linux-gnueabihf-gcc -E
configure:3890: arm-kobo-linux-gnueabihf-gcc -E  conftest.c
configure:3890: $? = 0
configure:3904: arm-kobo-linux-gnueabihf-gcc -E  conftest.c
[01m[Kconftest.c:9:10:[m[K [01;31m[Kfatal error: [m[Kac_nonexistent.h: No such file or directory
    9 | #include [01;31m[K<ac_nonexistent.h>[m[K
      |          [01;31m[K^~~~~~~~~~~~~~~~~~[m[K
compilation terminated.
configure:3904: $? = 1
configure: failed program was:
| /* confdefs.h */
| #define PACKAGE_NAME ""
| #define PACKAGE_TARNAME ""
| #define PACKAGE_VERSION ""
| #define PACKAGE_STRING ""
| #define PACKAGE_BUGREPORT ""
| #define PACKAGE_URL ""
| /* end confdefs.h.  */
| #include <ac_nonexistent.h>
configure:3933: checking for grep that handles long lines and -e
configure:3991: result: /sbin/grep
configure:3996: checking for egrep
configure:4058: result: /sbin/grep -E
configure:4063: checking for ANSI C header files
configure:4167: result: yes
configure:4180: checking for sys/types.h
configure:4180: result: yes
configure:4180: checking for sys/stat.h
configure:4180: result: yes
configure:4180: checking for stdlib.h
configure:4180: result: yes
configure:4180: checking for string.h
configure:4180: result: yes
configure:4180: checking for memory.h
configure:4180: result: yes
configure:4180: checking for strings.h
configure:4180: result: yes
configure:4180: checking for inttypes.h
configure:4180: result: yes
configure:4180: checking for stdint.h
configure:4180: result: yes
configure:4180: checking for unistd.h
configure:4180: result: yes
configure:4193: checking for minix/config.h
configure:4193: result: no
configure:4214: checking whether it is safe to define __EXTENSIONS__
configure:4239: result: yes
configure:4260: checking for special C compiler options needed for large files
configure:4305: result: no
configure:4311: checking for _FILE_OFFSET_BITS value needed for large files
configure:4368: result: 64
configure:4502: checking for arm-linux-gnueabihf-strip
configure:4532: result: no
configure:4542: checking for strip
configure:4569: result: strip
configure:4581: WARNING: using cross tools not prefixed with host triplet
configure:4600: checking build system type
configure:4614: result: x86_64-pc-linux-gnu
configure:4636: checking host system type
configure:4649: result: arm-unknown-linux-gnueabihf
configure:4671: checking target system type
configure:4684: result: arm-unknown-linux-gnueabihf
configure:4725: checking for a BSD-compatible install
configure:4793: result: /bin/install -c
configure:4807: checking for arm-linux-gnueabihf-ar
configure:4834: result: arm-kobo-linux-gnueabihf-ar --plugin /mnt/HDD/Project/inkbox-build/inkbox/compiled-binaries/arm-kobo-linux-gnueabihf/bin/../libexec/gcc/arm-kobo-linux-gnueabihf/11.2.0/liblto_plugin.so
configure:4899: checking for arm-linux-gnueabihf-ranlib
configure:4926: result: arm-kobo-linux-gnueabihf-ranlib --plugin /mnt/HDD/Project/inkbox-build/inkbox/compiled-binaries/arm-kobo-linux-gnueabihf/bin/../libexec/gcc/arm-kobo-linux-gnueabihf/11.2.0/liblto_plugin.so
configure:5011: checking whether arm-kobo-linux-gnueabihf-g++ supports C++11 features by default
configure:5312: result: yes
configure:5992: checking for ANSI C header files
configure:6096: result: yes
configure:6105: checking for size_t
configure:6105: result: yes
configure:6122: checking for stdlib.h
configure:6122: result: yes
configure:6122: checking for unistd.h
configure:6122: result: yes
configure:6122: checking for sys/param.h
configure:6122: result: yes
configure:6139: checking for pid_t
configure:6139: result: yes
configure:6150: checking for a sed that does not truncate output
configure:6214: result: /sbin/sed
configure:6259: checking for ld used by GCC
configure:6322: result: arm-kobo-linux-gnueabihf-ld
configure:6329: checking if the linker (arm-kobo-linux-gnueabihf-ld) is GNU ld
configure:6341: result: yes
configure:6347: checking for shared library run path origin
configure:6360: result: done
configure:6381: checking for ANSI C header files
configure:6485: result: yes
configure:6495: checking for working alloca.h
configure:6520: result: yes
configure:6528: checking for alloca
configure:6573: result: yes
configure:6691: checking for nl_langinfo and CODESET
configure:6716: result: yes
configure:6728: checking for linux/perf_event.h
configure:6728: result: yes
configure:6728: checking for locale.h
configure:6728: result: yes
configure:6728: checking for memory.h
configure:6728: result: yes
configure:6728: checking for signal.h
configure:6728: result: yes
configure:6728: checking for sys/resource.h
configure:6728: result: yes
configure:6728: checking for sys/socket.h
configure:6728: result: yes
configure:6728: checking for sys/un.h
configure:6728: result: yes
configure:6728: checking for sys/wait.h
configure:6728: result: yes
configure:6728: checking for thread_db.h
configure:6728: result: yes
configure:6728: checking for wait.h
configure:6728: result: yes
configure:6728: checking for termios.h
configure:6728: result: yes
configure:6728: checking for dlfcn.h
configure:6728: result: yes
configure:6728: checking for linux/elf.h
configure:6728: result: yes
configure:6728: checking for proc_service.h
configure:6728: result: no
configure:6728: checking for poll.h
configure:6728: result: yes
configure:6728: checking for sys/poll.h
configure:6728: result: yes
configure:6728: checking for sys/select.h
configure:6728: result: yes
configure:6742: checking for getpagesize
configure:6742: result: yes
configure:6751: checking for working mmap
configure:6908: result: no
configure:6919: checking for vfork.h
configure:6919: result: no
configure:6932: checking for fork
configure:6932: result: yes
configure:6932: checking for vfork
configure:6932: result: yes
configure:6942: checking for working fork
configure:6974: result: yes
configure:6995: checking for working vfork
configure:7105: result: yes
configure:7135: checking for fdwalk
configure:7135: result: no
configure:7135: checking for getrlimit
configure:7135: result: yes
configure:7135: checking for pipe
configure:7135: result: yes
configure:7135: checking for pipe2
configure:7135: result: yes
configure:7135: checking for poll
configure:7135: result: yes
configure:7135: checking for socketpair
configure:7135: result: yes
configure:7135: checking for sigaction
configure:7135: result: yes
configure:7135: checking for ptrace64
configure:7135: result: no
configure:7135: checking for sbrk
configure:7135: result: yes
configure:7135: checking for setns
configure:7135: result: no
configure:7135: checking for sigaltstack
configure:7135: result: yes
configure:7135: checking for sigprocmask
configure:7135: result: yes
configure:7135: checking for setpgid
configure:7135: result: yes
configure:7135: checking for setpgrp
configure:7135: result: yes
configure:7135: checking for getrusage
configure:7135: result: yes
configure:7135: checking for getauxval
configure:7135: result: no
configure:7135: checking for sigtimedwait
configure:7135: result: yes
configure:7148: checking whether ADDR_NO_RANDOMIZE is declared
configure:7148: result: yes
configure:7161: checking whether strstr is declared
configure:7161: result: yes
configure:7177: checking for struct stat.st_blocks
configure:7177: result: yes
configure:7186: checking for struct stat.st_blksize
configure:7186: result: yes
configure:7200: checking for library containing kinfo_getfile
configure:7248: result: no
configure:7260: checking for kinfo_getfile
configure:7260: result: no
configure:7477: checking whether arm-kobo-linux-gnueabihf-gcc is Clang
configure:7502: result: no
configure:7625: checking whether pthreads work with -pthread
configure:7719: arm-kobo-linux-gnueabihf-gcc -o conftest -g -O2     -pthread    conftest.c   >&5
configure:7719: $? = 0
configure:7728: result: yes
configure:7747: checking for joinable pthread attribute
configure:7773: result: PTHREAD_CREATE_JOINABLE
configure:7787: checking whether more special flags are required for pthreads
configure:7800: result: no
configure:7808: checking for PTHREAD_PRIO_INHERIT
configure:7833: result: yes
configure:7937: checking for std::thread
configure:7971: result: yes
configure:7980: checking for pthread_sigmask
configure:7980: result: yes
configure:7980: checking for pthread_setname_np
configure:7980: result: yes
configure:8007: checking for sigsetjmp
configure:8035: result: yes
configure:8051: checking whether to use intel pt
configure:8053: result: auto
configure:8070: arm-kobo-linux-gnueabihf-gcc -E  conftest.c
[01m[Kconftest.c:80:5:[m[K [01;31m[Kerror: [m[K#error 
   80 |   # [01;31m[Kerror[m[K
      |     [01;31m[K^~~~~[m[K
configure:8070: $? = 1
configure: failed program was:
| /* confdefs.h */
| #define PACKAGE_NAME ""
| #define PACKAGE_TARNAME ""
| #define PACKAGE_VERSION ""
| #define PACKAGE_STRING ""
| #define PACKAGE_BUGREPORT ""
| #define PACKAGE_URL ""
| #define STDC_HEADERS 1
| #define HAVE_SYS_TYPES_H 1
| #define HAVE_SYS_STAT_H 1
| #define HAVE_STDLIB_H 1
| #define HAVE_STRING_H 1
| #define HAVE_MEMORY_H 1
| #define HAVE_STRINGS_H 1
| #define HAVE_INTTYPES_H 1
| #define HAVE_STDINT_H 1
| #define HAVE_UNISTD_H 1
| #define __EXTENSIONS__ 1
| #define _ALL_SOURCE 1
| #define _GNU_SOURCE 1
| #define _POSIX_PTHREAD_SEMANTICS 1
| #define _TANDEM_SOURCE 1
| #define _FILE_OFFSET_BITS 64
| #define HAVE_CXX11 1
| #define STDC_HEADERS 1
| #define HAVE_STDLIB_H 1
| #define HAVE_UNISTD_H 1
| #define HAVE_SYS_PARAM_H 1
| #define STDC_HEADERS 1
| #define HAVE_ALLOCA_H 1
| #define HAVE_ALLOCA 1
| #define HAVE_LANGINFO_CODESET 1
| #define HAVE_LINUX_PERF_EVENT_H 1
| #define HAVE_LOCALE_H 1
| #define HAVE_MEMORY_H 1
| #define HAVE_SIGNAL_H 1
| #define HAVE_SYS_RESOURCE_H 1
| #define HAVE_SYS_SOCKET_H 1
| #define HAVE_SYS_UN_H 1
| #define HAVE_SYS_WAIT_H 1
| #define HAVE_THREAD_DB_H 1
| #define HAVE_WAIT_H 1
| #define HAVE_TERMIOS_H 1
| #define HAVE_DLFCN_H 1
| #define HAVE_LINUX_ELF_H 1
| #define HAVE_POLL_H 1
| #define HAVE_SYS_POLL_H 1
| #define HAVE_SYS_SELECT_H 1
| #define HAVE_GETPAGESIZE 1
| #define HAVE_FORK 1
| #define HAVE_VFORK 1
| #define HAVE_WORKING_VFORK 1
| #define HAVE_WORKING_FORK 1
| #define HAVE_GETRLIMIT 1
| #define HAVE_PIPE 1
| #define HAVE_PIPE2 1
| #define HAVE_POLL 1
| #define HAVE_SOCKETPAIR 1
| #define HAVE_SIGACTION 1
| #define HAVE_SBRK 1
| #define HAVE_SIGALTSTACK 1
| #define HAVE_SIGPROCMASK 1
| #define HAVE_SETPGID 1
| #define HAVE_SETPGRP 1
| #define HAVE_GETRUSAGE 1
| #define HAVE_SIGTIMEDWAIT 1
| #define HAVE_DECL_ADDR_NO_RANDOMIZE 1
| #define HAVE_DECL_STRSTR 1
| #define HAVE_STRUCT_STAT_ST_BLOCKS 1
| #define HAVE_STRUCT_STAT_ST_BLKSIZE 1
| #define HAVE_PTHREAD_PRIO_INHERIT 1
| #define HAVE_PTHREAD_SIGMASK 1
| #define HAVE_PTHREAD_SETNAME_NP 1
| #define CXX_STD_THREAD 1
| #define HAVE_SIGSETJMP 1
| /* end confdefs.h.  */
| 
|   #include <linux/perf_event.h>
|   #ifndef PERF_ATTR_SIZE_VER5
|   # error
|   #endif
| 
configure:8080: WARNING: linux/perf_event.h missing or too old; some features may be unavailable.
configure:8510: checking for libipt
configure:8539: result: no
configure:8566: WARNING: libipt is missing or unusable; some features may be unavailable.
configure:8610: checking for long long support in printf
configure:8646: result: no
configure:8659: checking for sys/procfs.h
configure:8659: result: yes
configure:8671: checking for gregset_t in sys/procfs.h
configure:8703: result: no
configure:8707: checking for fpregset_t in sys/procfs.h
configure:8739: result: no
configure:8743: checking for prgregset_t in sys/procfs.h
configure:8775: result: yes
configure:8779: checking for prfpregset_t in sys/procfs.h
configure:8811: result: yes
configure:8815: checking for prgregset32_t in sys/procfs.h
configure:8847: result: no
configure:8851: checking for lwpid_t in sys/procfs.h
configure:8883: result: yes
configure:8887: checking for psaddr_t in sys/procfs.h
configure:8919: result: yes
configure:8923: checking for elf_fpregset_t in sys/procfs.h
configure:8955: result: yes
configure:9045: checking whether NLS is requested
configure:9051: result: yes
configure:9057: checking for catalogs to be installed
configure:9089: result: 
configure:9113: checking dependency style of arm-kobo-linux-gnueabihf-gcc
configure:9198: result: gcc3
configure:9210: checking for termios.h
configure:9210: result: yes
configure:9210: checking for sys/reg.h
configure:9210: result: no
configure:9210: checking for string.h
configure:9210: result: yes
configure:9210: checking for sys/procfs.h
configure:9210: result: yes
configure:9210: checking for linux/elf.h
configure:9210: result: yes
configure:9210: checking for fcntl.h
configure:9210: result: yes
configure:9210: checking for signal.h
configure:9210: result: yes
configure:9210: checking for sys/file.h
configure:9210: result: yes
configure:9210: checking for sys/ioctl.h
configure:9210: result: yes
configure:9210: checking for netinet/in.h
configure:9210: result: yes
configure:9210: checking for sys/socket.h
configure:9210: result: yes
configure:9210: checking for netdb.h
configure:9210: result: yes
configure:9210: checking for netinet/tcp.h
configure:9210: result: yes
configure:9210: checking for arpa/inet.h
configure:9210: result: yes
configure:9210: checking for ws2tcpip.h
configure:9210: result: no
configure:9222: checking for vfork.h
configure:9222: result: no
configure:9235: checking for fork
configure:9235: result: yes
configure:9235: checking for vfork
configure:9235: result: yes
configure:9245: checking for working fork
configure:9277: result: yes
configure:9298: checking for working vfork
configure:9408: result: yes
configure:9436: checking for pread
configure:9436: result: yes
configure:9436: checking for pwrite
configure:9436: result: yes
configure:9436: checking for pread64
configure:9436: result: yes
configure:9452: checking for sys/ptrace.h
configure:9452: result: yes
configure:9452: checking for ptrace.h
configure:9452: result: no
configure:9475: checking return type of ptrace
configure:9519: result: long
configure:9529: checking types of arguments for ptrace
configure:9603: result: enum __ptrace_request,int,long,long
configure:9681: checking for ust
configure:9698: arm-kobo-linux-gnueabihf-gcc -c -g -O2       conftest.c >&5
[01m[Kconftest.c:112:10:[m[K [01;31m[Kfatal error: [m[Kust/ust.h: No such file or directory
  112 | #include [01;31m[K<ust/ust.h>[m[K
      |          [01;31m[K^~~~~~~~~~~[m[K
compilation terminated.
configure:9698: $? = 1
configure: failed program was:
| /* confdefs.h */
| #define PACKAGE_NAME ""
| #define PACKAGE_TARNAME ""
| #define PACKAGE_VERSION ""
| #define PACKAGE_STRING ""
| #define PACKAGE_BUGREPORT ""
| #define PACKAGE_URL ""
| #define STDC_HEADERS 1
| #define HAVE_SYS_TYPES_H 1
| #define HAVE_SYS_STAT_H 1
| #define HAVE_STDLIB_H 1
| #define HAVE_STRING_H 1
| #define HAVE_MEMORY_H 1
| #define HAVE_STRINGS_H 1
| #define HAVE_INTTYPES_H 1
| #define HAVE_STDINT_H 1
| #define HAVE_UNISTD_H 1
| #define __EXTENSIONS__ 1
| #define _ALL_SOURCE 1
| #define _GNU_SOURCE 1
| #define _POSIX_PTHREAD_SEMANTICS 1
| #define _TANDEM_SOURCE 1
| #define _FILE_OFFSET_BITS 64
| #define HAVE_CXX11 1
| #define STDC_HEADERS 1
| #define HAVE_STDLIB_H 1
| #define HAVE_UNISTD_H 1
| #define HAVE_SYS_PARAM_H 1
| #define STDC_HEADERS 1
| #define HAVE_ALLOCA_H 1
| #define HAVE_ALLOCA 1
| #define HAVE_LANGINFO_CODESET 1
| #define HAVE_LINUX_PERF_EVENT_H 1
| #define HAVE_LOCALE_H 1
| #define HAVE_MEMORY_H 1
| #define HAVE_SIGNAL_H 1
| #define HAVE_SYS_RESOURCE_H 1
| #define HAVE_SYS_SOCKET_H 1
| #define HAVE_SYS_UN_H 1
| #define HAVE_SYS_WAIT_H 1
| #define HAVE_THREAD_DB_H 1
| #define HAVE_WAIT_H 1
| #define HAVE_TERMIOS_H 1
| #define HAVE_DLFCN_H 1
| #define HAVE_LINUX_ELF_H 1
| #define HAVE_POLL_H 1
| #define HAVE_SYS_POLL_H 1
| #define HAVE_SYS_SELECT_H 1
| #define HAVE_GETPAGESIZE 1
| #define HAVE_FORK 1
| #define HAVE_VFORK 1
| #define HAVE_WORKING_VFORK 1
| #define HAVE_WORKING_FORK 1
| #define HAVE_GETRLIMIT 1
| #define HAVE_PIPE 1
| #define HAVE_PIPE2 1
| #define HAVE_POLL 1
| #define HAVE_SOCKETPAIR 1
| #define HAVE_SIGACTION 1
| #define HAVE_SBRK 1
| #define HAVE_SIGALTSTACK 1
| #define HAVE_SIGPROCMASK 1
| #define HAVE_SETPGID 1
| #define HAVE_SETPGRP 1
| #define HAVE_GETRUSAGE 1
| #define HAVE_SIGTIMEDWAIT 1
| #define HAVE_DECL_ADDR_NO_RANDOMIZE 1
| #define HAVE_DECL_STRSTR 1
| #define HAVE_STRUCT_STAT_ST_BLOCKS 1
| #define HAVE_STRUCT_STAT_ST_BLKSIZE 1
| #define HAVE_PTHREAD_PRIO_INHERIT 1
| #define HAVE_PTHREAD_SIGMASK 1
| #define HAVE_PTHREAD_SETNAME_NP 1
| #define CXX_STD_THREAD 1
| #define HAVE_SIGSETJMP 1
| #define _STRUCTURED_PROC 1
| #define HAVE_SYS_PROCFS_H 1
| #define HAVE_PRGREGSET_T 1
| #define HAVE_PRFPREGSET_T 1
| #define HAVE_LWPID_T 1
| #define HAVE_PSADDR_T 1
| #define HAVE_ELF_FPREGSET_T 1
| #define ENABLE_NLS 1
| #define HAVE_TERMIOS_H 1
| #define HAVE_STRING_H 1
| #define HAVE_SYS_PROCFS_H 1
| #define HAVE_LINUX_ELF_H 1
| #define HAVE_FCNTL_H 1
| #define HAVE_SIGNAL_H 1
| #define HAVE_SYS_FILE_H 1
| #define HAVE_SYS_IOCTL_H 1
| #define HAVE_NETINET_IN_H 1
| #define HAVE_SYS_SOCKET_H 1
| #define HAVE_NETDB_H 1
| #define HAVE_NETINET_TCP_H 1
| #define HAVE_ARPA_INET_H 1
| #define HAVE_FORK 1
| #define HAVE_VFORK 1
| #define HAVE_WORKING_VFORK 1
| #define HAVE_WORKING_FORK 1
| #define HAVE_PREAD 1
| #define HAVE_PWRITE 1
| #define HAVE_PREAD64 1
| #define HAVE_SYS_PTRACE_H 1
| #define PTRACE_TYPE_RET long
| #define PTRACE_TYPE_ARG1 enum __ptrace_request
| #define PTRACE_TYPE_ARG3 long
| #define PTRACE_TYPE_ARG4 long
| /* end confdefs.h.  */
| 
| #define CONFIG_UST_GDB_INTEGRATION
| #include <ust/ust.h>
| 
| int
| main ()
| {
| 
| 
|   ;
|   return 0;
| }
configure:9705: result: no
configure:9720: checking the compiler type
configure:9771: result: gcc
configure:9883: checking compiler warning flags
configure:9946: arm-kobo-linux-gnueabihf-g++ -c -g -O2     -Werror -Wall  conftest.cpp >&5
configure:9946: $? = 0
configure:9946: arm-kobo-linux-gnueabihf-g++ -c -g -O2     -Werror -Wpointer-arith  conftest.cpp >&5
configure:9946: $? = 0
configure:9946: arm-kobo-linux-gnueabihf-g++ -c -g -O2     -Werror -Wunused  conftest.cpp >&5
configure:9946: $? = 0
configure:9946: arm-kobo-linux-gnueabihf-g++ -c -g -O2     -Werror -Wunused-value  conftest.cpp >&5
configure:9946: $? = 0
configure:9930: arm-kobo-linux-gnueabihf-g++ -c -g -O2     -Werror -Wunused-variable  conftest.cpp >&5
configure:9930: $? = 0
configure:9946: arm-kobo-linux-gnueabihf-g++ -c -g -O2     -Werror -Wunused-function  conftest.cpp >&5
configure:9946: $? = 0
configure:9946: arm-kobo-linux-gnueabihf-g++ -c -g -O2     -Werror -Wswitch  conftest.cpp >&5
configure:9946: $? = 0
configure:9946: arm-kobo-linux-gnueabihf-g++ -c -g -O2     -Werror -Wchar-subscripts  conftest.cpp >&5
configure:9946: $? = 0
configure:9946: arm-kobo-linux-gnueabihf-g++ -c -g -O2     -Werror -Wempty-body  conftest.cpp >&5
configure:9946: $? = 0
configure:9946: arm-kobo-linux-gnueabihf-g++ -c -g -O2     -Werror -Wunused-but-set-parameter  conftest.cpp >&5
configure:9946: $? = 0
configure:9946: arm-kobo-linux-gnueabihf-g++ -c -g -O2     -Werror -Wunused-but-set-variable  conftest.cpp >&5
configure:9946: $? = 0
configure:9946: arm-kobo-linux-gnueabihf-g++ -c -g -O2     -Werror -Wsign-compare  conftest.cpp >&5
configure:9946: $? = 0
configure:9946: arm-kobo-linux-gnueabihf-g++ -c -g -O2     -Werror -Werror=maybe-uninitialized  conftest.cpp >&5
configure:9946: $? = 0
configure:9946: arm-kobo-linux-gnueabihf-g++ -c -g -O2     -Werror -Wmismatched-tags  conftest.cpp >&5
configure:9946: $? = 0
configure:9946: arm-kobo-linux-gnueabihf-g++ -c -g -O2     -Werror -Werror=deprecated-register  conftest.cpp >&5
[01m[Kcc1plus:[m[K [01;31m[Kerror: [m[K'[01m[K-Werror=deprecated-register[m[K': no option '[01m[K-Wdeprecated-register[m[K'; did you mean '[01m[K-Wdeprecated-copy-dtor[m[K'?
configure:9946: $? = 1
configure: failed program was:
| /* confdefs.h */
| #define PACKAGE_NAME ""
| #define PACKAGE_TARNAME ""
| #define PACKAGE_VERSION ""
| #define PACKAGE_STRING ""
| #define PACKAGE_BUGREPORT ""
| #define PACKAGE_URL ""
| #define STDC_HEADERS 1
| #define HAVE_SYS_TYPES_H 1
| #define HAVE_SYS_STAT_H 1
| #define HAVE_STDLIB_H 1
| #define HAVE_STRING_H 1
| #define HAVE_MEMORY_H 1
| #define HAVE_STRINGS_H 1
| #define HAVE_INTTYPES_H 1
| #define HAVE_STDINT_H 1
| #define HAVE_UNISTD_H 1
| #define __EXTENSIONS__ 1
| #define _ALL_SOURCE 1
| #define _GNU_SOURCE 1
| #define _POSIX_PTHREAD_SEMANTICS 1
| #define _TANDEM_SOURCE 1
| #define _FILE_OFFSET_BITS 64
| #define HAVE_CXX11 1
| #define STDC_HEADERS 1
| #define HAVE_STDLIB_H 1
| #define HAVE_UNISTD_H 1
| #define HAVE_SYS_PARAM_H 1
| #define STDC_HEADERS 1
| #define HAVE_ALLOCA_H 1
| #define HAVE_ALLOCA 1
| #define HAVE_LANGINFO_CODESET 1
| #define HAVE_LINUX_PERF_EVENT_H 1
| #define HAVE_LOCALE_H 1
| #define HAVE_MEMORY_H 1
| #define HAVE_SIGNAL_H 1
| #define HAVE_SYS_RESOURCE_H 1
| #define HAVE_SYS_SOCKET_H 1
| #define HAVE_SYS_UN_H 1
| #define HAVE_SYS_WAIT_H 1
| #define HAVE_THREAD_DB_H 1
| #define HAVE_WAIT_H 1
| #define HAVE_TERMIOS_H 1
| #define HAVE_DLFCN_H 1
| #define HAVE_LINUX_ELF_H 1
| #define HAVE_POLL_H 1
| #define HAVE_SYS_POLL_H 1
| #define HAVE_SYS_SELECT_H 1
| #define HAVE_GETPAGESIZE 1
| #define HAVE_FORK 1
| #define HAVE_VFORK 1
| #define HAVE_WORKING_VFORK 1
| #define HAVE_WORKING_FORK 1
| #define HAVE_GETRLIMIT 1
| #define HAVE_PIPE 1
| #define HAVE_PIPE2 1
| #define HAVE_POLL 1
| #define HAVE_SOCKETPAIR 1
| #define HAVE_SIGACTION 1
| #define HAVE_SBRK 1
| #define HAVE_SIGALTSTACK 1
| #define HAVE_SIGPROCMASK 1
| #define HAVE_SETPGID 1
| #define HAVE_SETPGRP 1
| #define HAVE_GETRUSAGE 1
| #define HAVE_SIGTIMEDWAIT 1
| #define HAVE_DECL_ADDR_NO_RANDOMIZE 1
| #define HAVE_DECL_STRSTR 1
| #define HAVE_STRUCT_STAT_ST_BLOCKS 1
| #define HAVE_STRUCT_STAT_ST_BLKSIZE 1
| #define HAVE_PTHREAD_PRIO_INHERIT 1
| #define HAVE_PTHREAD_SIGMASK 1
| #define HAVE_PTHREAD_SETNAME_NP 1
| #define CXX_STD_THREAD 1
| #define HAVE_SIGSETJMP 1
| #define _STRUCTURED_PROC 1
| #define HAVE_SYS_PROCFS_H 1
| #define HAVE_PRGREGSET_T 1
| #define HAVE_PRFPREGSET_T 1
| #define HAVE_LWPID_T 1
| #define HAVE_PSADDR_T 1
| #define HAVE_ELF_FPREGSET_T 1
| #define ENABLE_NLS 1
| #define HAVE_TERMIOS_H 1
| #define HAVE_STRING_H 1
| #define HAVE_SYS_PROCFS_H 1
| #define HAVE_LINUX_ELF_H 1
| #define HAVE_FCNTL_H 1
| #define HAVE_SIGNAL_H 1
| #define HAVE_SYS_FILE_H 1
| #define HAVE_SYS_IOCTL_H 1
| #define HAVE_NETINET_IN_H 1
| #define HAVE_SYS_SOCKET_H 1
| #define HAVE_NETDB_H 1
| #define HAVE_NETINET_TCP_H 1
| #define HAVE_ARPA_INET_H 1
| #define HAVE_FORK 1
| #define HAVE_VFORK 1
| #define HAVE_WORKING_VFORK 1
| #define HAVE_WORKING_FORK 1
| #define HAVE_PREAD 1
| #define HAVE_PWRITE 1
| #define HAVE_PREAD64 1
| #define HAVE_SYS_PTRACE_H 1
| #define PTRACE_TYPE_RET long
| #define PTRACE_TYPE_ARG1 enum __ptrace_request
| #define PTRACE_TYPE_ARG3 long
| #define PTRACE_TYPE_ARG4 long
| /* end confdefs.h.  */
| 
| int
| main ()
| {
| 
|   ;
|   return 0;
| }
configure:9946: arm-kobo-linux-gnueabihf-g++ -c -g -O2     -Werror -Wsuggest-override  conftest.cpp >&5
configure:9946: $? = 0
configure:9946: arm-kobo-linux-gnueabihf-g++ -c -g -O2     -Werror -Wimplicit-fallthrough=3  conftest.cpp >&5
configure:9946: $? = 0
configure:9946: arm-kobo-linux-gnueabihf-g++ -c -g -O2     -Werror -Wduplicated-cond  conftest.cpp >&5
configure:9946: $? = 0
configure:9946: arm-kobo-linux-gnueabihf-g++ -c -g -O2     -Werror -Wshadow=local  conftest.cpp >&5
configure:9946: $? = 0
configure:9946: arm-kobo-linux-gnueabihf-g++ -c -g -O2     -Werror -Wdeprecated-copy  conftest.cpp >&5
configure:9946: $? = 0
configure:9946: arm-kobo-linux-gnueabihf-g++ -c -g -O2     -Werror -Wdeprecated-copy-dtor  conftest.cpp >&5
configure:9946: $? = 0
configure:9946: arm-kobo-linux-gnueabihf-g++ -c -g -O2     -Werror -Wredundant-move  conftest.cpp >&5
configure:9946: $? = 0
configure:9946: arm-kobo-linux-gnueabihf-g++ -c -g -O2     -Werror -Wmissing-declarations  conftest.cpp >&5
configure:9946: $? = 0
configure:9946: arm-kobo-linux-gnueabihf-g++ -c -g -O2     -Werror -Wstrict-null-sentinel  conftest.cpp >&5
configure:9946: $? = 0
configure:9946: arm-kobo-linux-gnueabihf-g++ -c -g -O2     -Werror -Wformat -Wformat-nonliteral  conftest.cpp >&5
configure:9946: $? = 0
configure:9955: result:  -Wall -Wpointer-arith -Wno-unused -Wunused-value -Wunused-variable -Wunused-function -Wno-switch -Wno-char-subscripts -Wempty-body -Wunused-but-set-parameter -Wunused-but-set-variable -Wno-sign-compare -Wno-error=maybe-uninitialized -Wno-mismatched-tags -Wsuggest-override -Wimplicit-fallthrough=3 -Wduplicated-cond -Wshadow=local -Wdeprecated-copy -Wdeprecated-copy-dtor -Wredundant-move -Wmissing-declarations -Wstrict-null-sentinel -Wformat -Wformat-nonliteral 
configure:9973: checking for dladdr
configure:9973: result: yes
configure:9986: checking for long long
configure:9986: result: yes
configure:9997: checking size of long long
configure:10016: result: 8
configure:10030: checking whether basename is declared
configure:10030: result: yes
configure:10040: checking whether ffs is declared
configure:10040: result: yes
configure:10050: checking whether asprintf is declared
configure:10050: result: yes
configure:10060: checking whether vasprintf is declared
configure:10060: result: yes
configure:10070: checking whether snprintf is declared
configure:10070: result: yes
configure:10080: checking whether vsnprintf is declared
configure:10080: result: yes
configure:10091: checking whether strtol is declared
configure:10091: result: yes
configure:10101: checking whether strtoul is declared
configure:10101: result: yes
configure:10111: checking whether strtoll is declared
configure:10111: result: yes
configure:10121: checking whether strtoull is declared
configure:10121: result: yes
configure:10132: checking whether strverscmp is declared
configure:10132: result: yes
configure:10145: checking whether perror is declared
configure:10145: result: yes
configure:10155: checking whether vasprintf is declared
configure:10155: result: yes
configure:10165: checking whether vsnprintf is declared
configure:10165: result: yes
configure:10177: checking for socklen_t
configure:10177: result: yes
configure:10208: checking for Elf32_auxv_t
configure:10208: result: yes
configure:10219: checking for Elf64_auxv_t
configure:10219: result: yes
configure:10403: checking for PTRACE_GETREGS
configure:10429: result: yes
configure:10437: checking for PTRACE_GETFPXREGS
configure:10463: result: yes
configure:10553: checking for dlopen in -ldl
configure:10587: result: yes
configure:10606: checking for the dynamic export flag
configure:10624: arm-kobo-linux-gnueabihf-gcc -o conftest -g -O2        -Wl,--dynamic-list=./proc-service.list conftest.c  >&5
configure:10624: $? = 0
configure:10656: result: -Wl,--dynamic-list
configure:10666: checking for TD_VERSION
configure:10691: result: yes
configure:10731: checking whether the target supports __sync_*_compare_and_swap
configure:10759: result: yes
configure:10780: arm-kobo-linux-gnueabihf-gcc -c -g -O2     -fvisibility=hidden  conftest.c >&5
configure:10780: $? = 0
configure:10949: creating ./config.status

## ---------------------- ##
## Running config.status. ##
## ---------------------- ##

This file was extended by config.status, which was
generated by GNU Autoconf 2.69.  Invocation command line was

  CONFIG_FILES    = 
  CONFIG_HEADERS  = 
  CONFIG_LINKS    = 
  CONFIG_COMMANDS = 
  $ ./config.status 

on hyperbookszyb

config.status:1010: creating Makefile
config.status:1010: creating config.h
config.status:1185: config.h is unchanged
config.status:1199: executing depdir commands
config.status:1199: executing gdbdepdir commands

## ---------------- ##
## Cache variables. ##
## ---------------- ##

ac_cv_build=x86_64-pc-linux-gnu
ac_cv_c_compiler_gnu=yes
ac_cv_cxx_compiler_gnu=yes
ac_cv_env_CCC_set=
ac_cv_env_CCC_value=
ac_cv_env_CC_set=set
ac_cv_env_CC_value=arm-kobo-linux-gnueabihf-gcc
ac_cv_env_CFLAGS_set=set
ac_cv_env_CFLAGS_value='-g -O2    '
ac_cv_env_CPPFLAGS_set=
ac_cv_env_CPPFLAGS_value=
ac_cv_env_CPP_set=
ac_cv_env_CPP_value=
ac_cv_env_CXXFLAGS_set=set
ac_cv_env_CXXFLAGS_value='-g -O2    '
ac_cv_env_CXX_set=set
ac_cv_env_CXX_value=arm-kobo-linux-gnueabihf-g++
ac_cv_env_LDFLAGS_set=set
ac_cv_env_LDFLAGS_value=' '
ac_cv_env_LIBS_set=
ac_cv_env_LIBS_value=
ac_cv_env_build_alias_set=set
ac_cv_env_build_alias_value=x86_64-pc-linux-gnu
ac_cv_env_host_alias_set=set
ac_cv_env_host_alias_value=arm-linux-gnueabihf
ac_cv_env_target_alias_set=set
ac_cv_env_target_alias_value=arm-linux-gnueabihf
ac_cv_func_alloca_works=yes
ac_cv_func_dladdr=yes
ac_cv_func_fdwalk=no
ac_cv_func_fork=yes
ac_cv_func_fork_works=yes
ac_cv_func_getauxval=no
ac_cv_func_getpagesize=yes
ac_cv_func_getrlimit=yes
ac_cv_func_getrusage=yes
ac_cv_func_kinfo_getfile=no
ac_cv_func_mmap_fixed_mapped=no
ac_cv_func_pipe2=yes
ac_cv_func_pipe=yes
ac_cv_func_poll=yes
ac_cv_func_pread64=yes
ac_cv_func_pread=yes
ac_cv_func_pthread_setname_np=yes
ac_cv_func_pthread_sigmask=yes
ac_cv_func_ptrace64=no
ac_cv_func_pwrite=yes
ac_cv_func_sbrk=yes
ac_cv_func_setns=no
ac_cv_func_setpgid=yes
ac_cv_func_setpgrp=yes
ac_cv_func_sigaction=yes
ac_cv_func_sigaltstack=yes
ac_cv_func_sigprocmask=yes
ac_cv_func_sigtimedwait=yes
ac_cv_func_socketpair=yes
ac_cv_func_vfork=yes
ac_cv_func_vfork_works=yes
ac_cv_have_decl_ADDR_NO_RANDOMIZE=yes
ac_cv_have_decl_asprintf=yes
ac_cv_have_decl_basename_char_p_=yes
ac_cv_have_decl_ffs=yes
ac_cv_have_decl_perror=yes
ac_cv_have_decl_snprintf=yes
ac_cv_have_decl_strstr=yes
ac_cv_have_decl_strtol=yes
ac_cv_have_decl_strtoll=yes
ac_cv_have_decl_strtoul=yes
ac_cv_have_decl_strtoull=yes
ac_cv_have_decl_strverscmp=yes
ac_cv_have_decl_vasprintf=yes
ac_cv_have_decl_vsnprintf=yes
ac_cv_header_arpa_inet_h=yes
ac_cv_header_dlfcn_h=yes
ac_cv_header_fcntl_h=yes
ac_cv_header_inttypes_h=yes
ac_cv_header_linux_elf_h=yes
ac_cv_header_linux_perf_event_h=yes
ac_cv_header_locale_h=yes
ac_cv_header_memory_h=yes
ac_cv_header_minix_config_h=no
ac_cv_header_netdb_h=yes
ac_cv_header_netinet_in_h=yes
ac_cv_header_netinet_tcp_h=yes
ac_cv_header_poll_h=yes
ac_cv_header_proc_service_h=no
ac_cv_header_ptrace_h=no
ac_cv_header_signal_h=yes
ac_cv_header_stdc=yes
ac_cv_header_stdint_h=yes
ac_cv_header_stdlib_h=yes
ac_cv_header_string_h=yes
ac_cv_header_strings_h=yes
ac_cv_header_sys_file_h=yes
ac_cv_header_sys_ioctl_h=yes
ac_cv_header_sys_param_h=yes
ac_cv_header_sys_poll_h=yes
ac_cv_header_sys_procfs_h=yes
ac_cv_header_sys_ptrace_h=yes
ac_cv_header_sys_reg_h=no
ac_cv_header_sys_resource_h=yes
ac_cv_header_sys_select_h=yes
ac_cv_header_sys_socket_h=yes
ac_cv_header_sys_stat_h=yes
ac_cv_header_sys_types_h=yes
ac_cv_header_sys_un_h=yes
ac_cv_header_sys_wait_h=yes
ac_cv_header_termios_h=yes
ac_cv_header_thread_db_h=yes
ac_cv_header_unistd_h=yes
ac_cv_header_vfork_h=no
ac_cv_header_wait_h=yes
ac_cv_header_ws2tcpip_h=no
ac_cv_host=arm-unknown-linux-gnueabihf
ac_cv_lib_dl_dlopen=yes
ac_cv_libipt=no
ac_cv_libxxhash=no
ac_cv_member_struct_stat_st_blksize=yes
ac_cv_member_struct_stat_st_blocks=yes
ac_cv_objext=o
ac_cv_path_EGREP='/sbin/grep -E'
ac_cv_path_GREP=/sbin/grep
ac_cv_path_SED=/sbin/sed
ac_cv_prog_AR='arm-kobo-linux-gnueabihf-ar --plugin /mnt/HDD/Project/inkbox-build/inkbox/compiled-binaries/arm-kobo-linux-gnueabihf/bin/../libexec/gcc/arm-kobo-linux-gnueabihf/11.2.0/liblto_plugin.so'
ac_cv_prog_CC=arm-kobo-linux-gnueabihf-gcc
ac_cv_prog_CPP='arm-kobo-linux-gnueabihf-gcc -E'
ac_cv_prog_RANLIB='arm-kobo-linux-gnueabihf-ranlib --plugin /mnt/HDD/Project/inkbox-build/inkbox/compiled-binaries/arm-kobo-linux-gnueabihf/bin/../libexec/gcc/arm-kobo-linux-gnueabihf/11.2.0/liblto_plugin.so'
ac_cv_prog_ac_ct_STRIP=strip
ac_cv_prog_cc_c89=
ac_cv_prog_cc_g=yes
ac_cv_prog_cxx_g=yes
ac_cv_safe_to_define___extensions__=yes
ac_cv_search_kinfo_getfile=no
ac_cv_sizeof_long_long=8
ac_cv_sys_file_offset_bits=64
ac_cv_sys_largefile_CC=no
ac_cv_target=arm-unknown-linux-gnueabihf
ac_cv_type_Elf32_auxv_t=yes
ac_cv_type_Elf64_auxv_t=yes
ac_cv_type_long_long=yes
ac_cv_type_pid_t=yes
ac_cv_type_size_t=yes
ac_cv_type_socklen_t=yes
ac_cv_working_alloca_h=yes
acl_cv_hardcode_direct=no
acl_cv_hardcode_libdir_flag_spec='${wl}-rpath ${wl}$libdir'
acl_cv_hardcode_libdir_separator=
acl_cv_hardcode_minus_L=no
acl_cv_libext=a
acl_cv_path_LD=arm-kobo-linux-gnueabihf-ld
acl_cv_prog_gnu_ld=yes
acl_cv_rpath=done
acl_cv_shlibext=so
acl_cv_wl=-Wl,
am_cv_CC_dependencies_compiler_type=gcc3
am_cv_langinfo_codeset=yes
ax_cv_PTHREAD_CLANG=no
ax_cv_PTHREAD_JOINABLE_ATTR=PTHREAD_CREATE_JOINABLE
ax_cv_PTHREAD_PRIO_INHERIT=yes
ax_cv_PTHREAD_SPECIAL_FLAGS=no
ax_cv_cxx_compile_cxx11=yes
bfd_cv_have_sys_procfs_type_elf_fpregset_t=yes
bfd_cv_have_sys_procfs_type_fpregset_t=no
bfd_cv_have_sys_procfs_type_gregset_t=no
bfd_cv_have_sys_procfs_type_lwpid_t=yes
bfd_cv_have_sys_procfs_type_prfpregset_t=yes
bfd_cv_have_sys_procfs_type_prgregset32_t=no
bfd_cv_have_sys_procfs_type_prgregset_t=yes
bfd_cv_have_sys_procfs_type_psaddr_t=yes
gdb_cv_compiler_type=gcc
gdb_cv_cxx_std_thread=yes
gdb_cv_func_ptrace_args='enum __ptrace_request,int,long,long'
gdb_cv_func_ptrace_ret=long
gdb_cv_func_sigsetjmp=yes
gdb_cv_printf_has_long_long=no
gdbsrv_cv_have_ptrace_getfpxregs=yes
gdbsrv_cv_have_ptrace_getregs=yes
gdbsrv_cv_have_sync_builtins=yes
gdbsrv_cv_have_td_version=yes
gdbsrv_cv_have_visibility_hidden=yes

## ----------------- ##
## Output variables. ##
## ----------------- ##

ALLOCA=''
AR='arm-kobo-linux-gnueabihf-ar --plugin /mnt/HDD/Project/inkbox-build/inkbox/compiled-binaries/arm-kobo-linux-gnueabihf/bin/../libexec/gcc/arm-kobo-linux-gnueabihf/11.2.0/liblto_plugin.so'
CATALOGS=''
CATOBJEXT='.gmo'
CC='arm-kobo-linux-gnueabihf-gcc'
CCDEPMODE='depmode=gcc3'
CFLAGS='-g -O2    '
CONFIG_SRC_SUBDIR='arch gdbsupport nat target'
CPP='arm-kobo-linux-gnueabihf-gcc -E'
CPPFLAGS=''
CXX='arm-kobo-linux-gnueabihf-g++'
CXXFLAGS='-g -O2    '
CXX_DIALECT=''
DATADIRNAME='share'
DEFS='-DHAVE_CONFIG_H'
DEPDIR='.deps'
ECHO_C=''
ECHO_N='-n'
ECHO_T=''
EGREP='/sbin/grep -E'
EXEEXT=''
GDBSERVER_DEPFILES=' linux-low.o nat/linux-osdata.o nat/linux-procfs.o nat/linux-ptrace.o nat/linux-waitpid.o nat/linux-personality.o nat/linux-namespaces.o fork-child.o nat/fork-inferior.o linux-arm-low.o linux-arm-tdesc.o linux-aarch32-low.o linux-aarch32-tdesc.o arch/aarch32.o arch/arm.o arch/arm-linux.o arch/arm-get-next-pcs.o thread-db.o proc-service.o'
GDBSERVER_LIBS='-ldl'
GENCAT='gencat'
GMSGFMT='/sbin/msgfmt'
GNULIB_STDINT_H=''
GREP='/sbin/grep'
HAVE_CXX11='1'
HAVE_LIBIPT='no'
INCINTL=''
INSTALL_DATA='/bin/install -c -m 644'
INSTALL_PROGRAM='/bin/install -c'
INSTALL_SCRIPT='/bin/install -c'
INSTALL_STRIP_PROGRAM='$(install_sh) -c -s'
INSTOBJEXT='.mo'
IPA_DEPFILES=''
LDFLAGS=' '
LIBINTL=''
LIBINTL_DEP=''
LIBIPT=''
LIBOBJS=''
LIBS=''
LTLIBIPT=''
LTLIBOBJS=''
MAINT='#'
MAINTAINER_MODE_FALSE=''
MAINTAINER_MODE_TRUE='#'
OBJEXT='o'
PACKAGE_BUGREPORT=''
PACKAGE_NAME=''
PACKAGE_STRING=''
PACKAGE_TARNAME=''
PACKAGE_URL=''
PACKAGE_VERSION=''
PATH_SEPARATOR=':'
PKGVERSION='(GDB) '
POSUB='po'
PTHREAD_CC='arm-kobo-linux-gnueabihf-gcc'
PTHREAD_CFLAGS='-pthread'
PTHREAD_LIBS=''
RANLIB='arm-kobo-linux-gnueabihf-ranlib --plugin /mnt/HDD/Project/inkbox-build/inkbox/compiled-binaries/arm-kobo-linux-gnueabihf/bin/../libexec/gcc/arm-kobo-linux-gnueabihf/11.2.0/liblto_plugin.so'
RDYNAMIC='-Wl,--dynamic-list=$(srcdir)/proc-service.list'
REPORT_BUGS_TEXI='@uref{http://www.gnu.org/software/gdb/bugs/}'
REPORT_BUGS_TO='<http://www.gnu.org/software/gdb/bugs/>'
SED='/sbin/sed'
SHELL='/bin/sh'
STRIP='strip'
USE_NLS='yes'
WARN_CFLAGS=' -Wall -Wpointer-arith -Wno-unused -Wunused-value -Wunused-variable -Wunused-function -Wno-switch -Wno-char-subscripts -Wempty-body -Wunused-but-set-parameter -Wunused-but-set-variable -Wno-sign-compare -Wno-error=maybe-uninitialized -Wno-mismatched-tags -Wsuggest-override -Wimplicit-fallthrough=3 -Wduplicated-cond -Wshadow=local -Wdeprecated-copy -Wdeprecated-copy-dtor -Wredundant-move -Wmissing-declarations -Wstrict-null-sentinel -Wformat -Wformat-nonliteral'
WERROR_CFLAGS=''
WIN32APILIBS=''
XGETTEXT='/sbin/xgettext'
ac_ct_CC=''
ac_ct_CXX=''
am__leading_dot='.'
ax_pthread_config=''
bindir='${exec_prefix}/bin'
build='x86_64-pc-linux-gnu'
build_alias='x86_64-pc-linux-gnu'
build_cpu='x86_64'
build_os='linux-gnu'
build_vendor='pc'
datadir='${datarootdir}'
datarootdir='${prefix}/share'
docdir='${datarootdir}/doc/${PACKAGE}'
dvidir='${docdir}'
exec_prefix='${prefix}'
extra_libraries=''
host='arm-unknown-linux-gnueabihf'
host_alias='arm-linux-gnueabihf'
host_cpu='arm'
host_noncanonical='arm-linux-gnueabihf'
host_os='linux-gnueabihf'
host_vendor='unknown'
htmldir='${docdir}'
includedir='${prefix}/include'
infodir='${datarootdir}/info'
install_sh='${SHELL} /mnt/HDD/Project/Public/okulartry/binutils-gdb/install-sh'
libdir='${exec_prefix}/lib'
libexecdir='${exec_prefix}/libexec'
localedir='${datarootdir}/locale'
localstatedir='${prefix}/var'
mandir='${datarootdir}/man'
oldincludedir='/usr/include'
pdfdir='${docdir}'
prefix='/home/build/inkbox/compiled-binaries/arm-kobo-linux-gnueabihf/arm-kobo-linux-gnueabihf/sysroot'
program_transform_name='s,y,y,'
psdir='${docdir}'
sbindir='${exec_prefix}/sbin'
sharedstatedir='${prefix}/com'
srv_xmlbuiltin=''
srv_xmlfiles=''
sysconfdir='${prefix}/etc'
target='arm-unknown-linux-gnueabihf'
target_alias='arm-linux-gnueabihf'
target_cpu='arm'
target_noncanonical='arm-linux-gnueabihf'
target_os='linux-gnueabihf'
target_vendor='unknown'
ustinc=''
ustlibs=''

## ----------- ##
## confdefs.h. ##
## ----------- ##

/* confdefs.h */
#define PACKAGE_NAME ""
#define PACKAGE_TARNAME ""
#define PACKAGE_VERSION ""
#define PACKAGE_STRING ""
#define PACKAGE_BUGREPORT ""
#define PACKAGE_URL ""
#define STDC_HEADERS 1
#define HAVE_SYS_TYPES_H 1
#define HAVE_SYS_STAT_H 1
#define HAVE_STDLIB_H 1
#define HAVE_STRING_H 1
#define HAVE_MEMORY_H 1
#define HAVE_STRINGS_H 1
#define HAVE_INTTYPES_H 1
#define HAVE_STDINT_H 1
#define HAVE_UNISTD_H 1
#define __EXTENSIONS__ 1
#define _ALL_SOURCE 1
#define _GNU_SOURCE 1
#define _POSIX_PTHREAD_SEMANTICS 1
#define _TANDEM_SOURCE 1
#define _FILE_OFFSET_BITS 64
#define HAVE_CXX11 1
#define STDC_HEADERS 1
#define HAVE_STDLIB_H 1
#define HAVE_UNISTD_H 1
#define HAVE_SYS_PARAM_H 1
#define STDC_HEADERS 1
#define HAVE_ALLOCA_H 1
#define HAVE_ALLOCA 1
#define HAVE_LANGINFO_CODESET 1
#define HAVE_LINUX_PERF_EVENT_H 1
#define HAVE_LOCALE_H 1
#define HAVE_MEMORY_H 1
#define HAVE_SIGNAL_H 1
#define HAVE_SYS_RESOURCE_H 1
#define HAVE_SYS_SOCKET_H 1
#define HAVE_SYS_UN_H 1
#define HAVE_SYS_WAIT_H 1
#define HAVE_THREAD_DB_H 1
#define HAVE_WAIT_H 1
#define HAVE_TERMIOS_H 1
#define HAVE_DLFCN_H 1
#define HAVE_LINUX_ELF_H 1
#define HAVE_POLL_H 1
#define HAVE_SYS_POLL_H 1
#define HAVE_SYS_SELECT_H 1
#define HAVE_GETPAGESIZE 1
#define HAVE_FORK 1
#define HAVE_VFORK 1
#define HAVE_WORKING_VFORK 1
#define HAVE_WORKING_FORK 1
#define HAVE_GETRLIMIT 1
#define HAVE_PIPE 1
#define HAVE_PIPE2 1
#define HAVE_POLL 1
#define HAVE_SOCKETPAIR 1
#define HAVE_SIGACTION 1
#define HAVE_SBRK 1
#define HAVE_SIGALTSTACK 1
#define HAVE_SIGPROCMASK 1
#define HAVE_SETPGID 1
#define HAVE_SETPGRP 1
#define HAVE_GETRUSAGE 1
#define HAVE_SIGTIMEDWAIT 1
#define HAVE_DECL_ADDR_NO_RANDOMIZE 1
#define HAVE_DECL_STRSTR 1
#define HAVE_STRUCT_STAT_ST_BLOCKS 1
#define HAVE_STRUCT_STAT_ST_BLKSIZE 1
#define HAVE_PTHREAD_PRIO_INHERIT 1
#define HAVE_PTHREAD_SIGMASK 1
#define HAVE_PTHREAD_SETNAME_NP 1
#define CXX_STD_THREAD 1
#define HAVE_SIGSETJMP 1
#define _STRUCTURED_PROC 1
#define HAVE_SYS_PROCFS_H 1
#define HAVE_PRGREGSET_T 1
#define HAVE_PRFPREGSET_T 1
#define HAVE_LWPID_T 1
#define HAVE_PSADDR_T 1
#define HAVE_ELF_FPREGSET_T 1
#define ENABLE_NLS 1
#define HAVE_TERMIOS_H 1
#define HAVE_STRING_H 1
#define HAVE_SYS_PROCFS_H 1
#define HAVE_LINUX_ELF_H 1
#define HAVE_FCNTL_H 1
#define HAVE_SIGNAL_H 1
#define HAVE_SYS_FILE_H 1
#define HAVE_SYS_IOCTL_H 1
#define HAVE_NETINET_IN_H 1
#define HAVE_SYS_SOCKET_H 1
#define HAVE_NETDB_H 1
#define HAVE_NETINET_TCP_H 1
#define HAVE_ARPA_INET_H 1
#define HAVE_FORK 1
#define HAVE_VFORK 1
#define HAVE_WORKING_VFORK 1
#define HAVE_WORKING_FORK 1
#define HAVE_PREAD 1
#define HAVE_PWRITE 1
#define HAVE_PREAD64 1
#define HAVE_SYS_PTRACE_H 1
#define PTRACE_TYPE_RET long
#define PTRACE_TYPE_ARG1 enum __ptrace_request
#define PTRACE_TYPE_ARG3 long
#define PTRACE_TYPE_ARG4 long
#define HAVE_DLADDR 1
#define HAVE_LONG_LONG 1
#define SIZEOF_LONG_LONG 8
#define HAVE_DECL_BASENAME 1
#define HAVE_DECL_FFS 1
#define HAVE_DECL_ASPRINTF 1
#define HAVE_DECL_VASPRINTF 1
#define HAVE_DECL_SNPRINTF 1
#define HAVE_DECL_VSNPRINTF 1
#define HAVE_DECL_STRTOL 1
#define HAVE_DECL_STRTOUL 1
#define HAVE_DECL_STRTOLL 1
#define HAVE_DECL_STRTOULL 1
#define HAVE_DECL_STRVERSCMP 1
#define HAVE_DECL_PERROR 1
#define HAVE_DECL_VASPRINTF 1
#define HAVE_DECL_VSNPRINTF 1
#define HAVE_SOCKLEN_T 1
#define HAVE_ELF32_AUXV_T 1
#define HAVE_ELF64_AUXV_T 1
#define PKGVERSION "(GDB) "
#define REPORT_BUGS_TO "<http://www.gnu.org/software/gdb/bugs/>"
#define HAVE_LINUX_USRREGS 1
#define HAVE_LINUX_REGSETS 1
#define HAVE_PTRACE_GETREGS 1
#define HAVE_PTRACE_GETFPXREGS 1
#define HAVE_LIBDL 1
#define USE_THREAD_DB 1
#define HAVE_TD_VERSION 1
#define HAVE_SYNC_BUILTINS 1

configure: exit 0
