This file contains any messages produced by compilers while
running configure, to aid debugging if configure makes a mistake.

It was created by binutils configure 2.39.50, which was
generated by GNU Autoconf 2.69.  Invocation command line was

  $ /mnt/HDD/Project/Public/okulartry/binutils-gdb/binutils/configure --srcdir=.././binutils --cache-file=./config.cache --with-gnu-as --with-gnu-ld --prefix=/home/build/inkbox/compiled-binaries/arm-kobo-linux-gnueabihf/arm-kobo-linux-gnueabihf/sysroot/ --with-build-sysroot=/home/build/inkbox/compiled-binaries/arm-kobo-linux-gnueabihf/arm-kobo-linux-gnueabihf/sysroot/ --program-transform-name=s,y,y, --disable-option-checking --disable-year2038 --build=x86_64-pc-linux-gnu --host=arm-linux-gnueabihf --target=arm-linux-gnueabihf

## --------- ##
## Platform. ##
## --------- ##

hostname = hyperbookszyb
uname -m = x86_64
uname -r = 6.1.28-1-lts
uname -s = Linux
uname -v = #1 SMP PREEMPT_DYNAMIC Thu, 11 May 2023 15:52:41 +0000

/usr/bin/uname -p = unknown
/bin/uname -X     = unknown

/bin/arch              = unknown
/usr/bin/arch -k       = unknown
/usr/convex/getsysinfo = unknown
/usr/bin/hostinfo      = unknown
/bin/machine           = unknown
/usr/bin/oslevel       = unknown
/bin/universe          = unknown

PATH: /home/szybet/kde/src/kdesrc-build
PATH: /home/szybet/.cargo/bin
PATH: /sbin
PATH: /bin
PATH: /usr/local/sbin
PATH: /usr/local/bin
PATH: /usr/bin
PATH: /usr/sbin
PATH: /home/szybet/.dotnet/tools
PATH: /usr/lib/jvm/default/bin
PATH: /usr/bin/site_perl
PATH: /usr/bin/vendor_perl
PATH: /usr/bin/core_perl
PATH: /usr/lib/rustup/bin
PATH: /home/build/inkbox/compiled-binaries/arm-kobo-linux-gnueabihf/bin/
PATH: /home/build/inkbox/compiled-binaries/qt-bin/qt-linux-5.15.2-kobo/bin/


## ----------- ##
## Core tests. ##
## ----------- ##

configure:2369: loading cache ./config.cache
configure:2491: checking build system type
configure:2505: result: x86_64-pc-linux-gnu
configure:2525: checking host system type
configure:2538: result: arm-unknown-linux-gnueabihf
configure:2558: checking target system type
configure:2571: result: arm-unknown-linux-gnueabihf
configure:2614: checking for a BSD-compatible install
configure:2682: result: /bin/install -c
configure:2693: checking whether build environment is sane
configure:2748: result: yes
configure:2807: checking for arm-linux-gnueabihf-strip
configure:2834: result: strip
configure:2899: checking for a thread-safe mkdir -p
configure:2938: result: /sbin/mkdir -p
configure:2945: checking for gawk
configure:2972: result: gawk
configure:2983: checking whether make sets $(MAKE)
configure:3005: result: yes
configure:3034: checking whether make supports nested variables
configure:3051: result: yes
configure:3188: checking whether make supports nested variables
configure:3205: result: yes
configure:3225: checking for arm-linux-gnueabihf-gcc
configure:3252: result: arm-kobo-linux-gnueabihf-gcc
configure:3521: checking for C compiler version
configure:3530: arm-kobo-linux-gnueabihf-gcc --version >&5
arm-kobo-linux-gnueabihf-gcc (crosstool-NG 1.24.0.519_3e2d99d - NiLuJe) 11.2.0
Copyright (C) 2021 Free Software Foundation, Inc.
This is free software; see the source for copying conditions.  There is NO
warranty; not even for MERCHANTABILITY or FITNESS FOR A PARTICULAR PURPOSE.

configure:3541: $? = 0
configure:3530: arm-kobo-linux-gnueabihf-gcc -v >&5
Using built-in specs.
COLLECT_GCC=arm-kobo-linux-gnueabihf-gcc
COLLECT_LTO_WRAPPER=/mnt/HDD/Project/inkbox-build/inkbox/compiled-binaries/arm-kobo-linux-gnueabihf/bin/../libexec/gcc/arm-kobo-linux-gnueabihf/11.2.0/lto-wrapper
Target: arm-kobo-linux-gnueabihf
Configured with: /home/nicolas/Development/kox/koxtoolchain/build/kobo/.build/arm-kobo-linux-gnueabihf/src/gcc/configure --build=x86_64-build_pc-linux-gnu --host=x86_64-build_pc-linux-gnu --target=arm-kobo-linux-gnueabihf --prefix=/home/nicolas/x-tools/arm-kobo-linux-gnueabihf --exec_prefix=/home/nicolas/x-tools/arm-kobo-linux-gnueabihf --with-sysroot=/home/nicolas/x-tools/arm-kobo-linux-gnueabihf/arm-kobo-linux-gnueabihf/sysroot --enable-languages=c,c++ --with-cpu=cortex-a8 --with-fpu=neon --with-float=hard --with-pkgversion='crosstool-NG 1.24.0.519_3e2d99d - NiLuJe' --enable-__cxa_atexit --disable-libmudflap --disable-libgomp --disable-libssp --disable-libquadmath --disable-libquadmath-support --disable-libsanitizer --disable-libmpx --with-gmp=/home/nicolas/Development/kox/koxtoolchain/build/kobo/.build/arm-kobo-linux-gnueabihf/buildtools --with-mpfr=/home/nicolas/Development/kox/koxtoolchain/build/kobo/.build/arm-kobo-linux-gnueabihf/buildtools --with-mpc=/home/nicolas/Development/kox/koxtoolchain/build/kobo/.build/arm-kobo-linux-gnueabihf/buildtools --with-isl=no --with-cloog=no --enable-lto --enable-threads=posix --with-linker-hash-style=gnu --enable-plugin --enable-gold --disable-nls --disable-multilib --with-diagnostics-color=always --with-local-prefix=/home/nicolas/x-tools/arm-kobo-linux-gnueabihf/arm-kobo-linux-gnueabihf/sysroot --enable-long-long --with-mode=thumb
Thread model: posix
Supported LTO compression algorithms: zlib zstd
gcc version 11.2.0 (crosstool-NG 1.24.0.519_3e2d99d - NiLuJe) 
configure:3541: $? = 0
configure:3530: arm-kobo-linux-gnueabihf-gcc -V >&5
[01m[Karm-kobo-linux-gnueabihf-gcc:[m[K [01;31m[Kerror: [m[Kunrecognized command-line option '[01m[K-V[m[K'
[01m[Karm-kobo-linux-gnueabihf-gcc:[m[K [01;31m[Kfatal error: [m[Kno input files
compilation terminated.
configure:3541: $? = 1
configure:3530: arm-kobo-linux-gnueabihf-gcc -qversion >&5
[01m[Karm-kobo-linux-gnueabihf-gcc:[m[K [01;31m[Kerror: [m[Kunrecognized command-line option '[01m[K-qversion[m[K'; did you mean '[01m[K--version[m[K'?
[01m[Karm-kobo-linux-gnueabihf-gcc:[m[K [01;31m[Kfatal error: [m[Kno input files
compilation terminated.
configure:3541: $? = 1
configure:3561: checking whether the C compiler works
configure:3583: arm-kobo-linux-gnueabihf-gcc -g -O2        conftest.c  >&5
configure:3587: $? = 0
configure:3635: result: yes
configure:3638: checking for C compiler default output file name
configure:3640: result: a.out
configure:3646: checking for suffix of executables
configure:3653: arm-kobo-linux-gnueabihf-gcc -o conftest -g -O2        conftest.c  >&5
configure:3657: $? = 0
configure:3679: result: 
configure:3701: checking whether we are cross compiling
configure:3739: result: yes
configure:3744: checking for suffix of object files
configure:3791: result: o
configure:3795: checking whether we are using the GNU C compiler
configure:3823: result: yes
configure:3832: checking whether arm-kobo-linux-gnueabihf-gcc accepts -g
configure:3893: result: yes
configure:3910: checking for arm-kobo-linux-gnueabihf-gcc option to accept ISO C89
configure:3986: result: none needed
configure:4011: checking whether arm-kobo-linux-gnueabihf-gcc understands -c and -o together
configure:4048: result: yes
configure:4076: checking for style of include used by make
configure:4104: result: GNU
configure:4130: checking dependency style of arm-kobo-linux-gnueabihf-gcc
configure:4241: result: gcc3
configure:4262: checking how to run the C preprocessor
configure:4332: result: arm-kobo-linux-gnueabihf-gcc -E
configure:4352: arm-kobo-linux-gnueabihf-gcc -E  conftest.c
configure:4352: $? = 0
configure:4366: arm-kobo-linux-gnueabihf-gcc -E  conftest.c
[01m[Kconftest.c:11:10:[m[K [01;31m[Kfatal error: [m[Kac_nonexistent.h: No such file or directory
   11 | #include [01;31m[K<ac_nonexistent.h>[m[K
      |          [01;31m[K^~~~~~~~~~~~~~~~~~[m[K
compilation terminated.
configure:4366: $? = 1
configure: failed program was:
| /* confdefs.h */
| #define PACKAGE_NAME "binutils"
| #define PACKAGE_TARNAME "binutils"
| #define PACKAGE_VERSION "2.39.50"
| #define PACKAGE_STRING "binutils 2.39.50"
| #define PACKAGE_BUGREPORT ""
| #define PACKAGE_URL ""
| #define PACKAGE "binutils"
| #define VERSION "2.39.50"
| /* end confdefs.h.  */
| #include <ac_nonexistent.h>
configure:4395: checking for grep that handles long lines and -e
configure:4453: result: /sbin/grep
configure:4458: checking for egrep
configure:4520: result: /sbin/grep -E
configure:4525: checking for ANSI C header files
configure:4629: result: yes
configure:4642: checking for sys/types.h
configure:4642: result: yes
configure:4642: checking for sys/stat.h
configure:4642: result: yes
configure:4642: checking for stdlib.h
configure:4642: result: yes
configure:4642: checking for string.h
configure:4642: result: yes
configure:4642: checking for memory.h
configure:4642: result: yes
configure:4642: checking for strings.h
configure:4642: result: yes
configure:4642: checking for inttypes.h
configure:4642: result: yes
configure:4642: checking for stdint.h
configure:4642: result: yes
configure:4642: checking for unistd.h
configure:4642: result: yes
configure:4655: checking for minix/config.h
configure:4655: result: no
configure:4676: checking whether it is safe to define __EXTENSIONS__
configure:4701: result: yes
configure:4764: checking how to print strings
configure:4791: result: printf
configure:4812: checking for a sed that does not truncate output
configure:4876: result: /sbin/sed
configure:4894: checking for fgrep
configure:4956: result: /sbin/grep -F
configure:4991: checking for ld used by arm-kobo-linux-gnueabihf-gcc
configure:5058: result: arm-kobo-linux-gnueabihf-ld
configure:5065: checking if the linker (arm-kobo-linux-gnueabihf-ld) is GNU ld
configure:5080: result: yes
configure:5092: checking for BSD- or MS-compatible name lister (nm)
configure:5148: result: no
configure:5162: checking for arm-linux-gnueabihf-dumpbin
configure:5192: result: no
configure:5162: checking for arm-linux-gnueabihf-link
configure:5192: result: no
configure:5206: checking for dumpbin
configure:5233: result: link -dump
configure:5249: WARNING: using cross tools not prefixed with host triplet
configure:5278: checking the name lister (arm-linux-gnueabihf-nm) interface
configure:5298: result: BSD nm
configure:5301: checking whether ln -s works
configure:5305: result: yes
configure:5313: checking the maximum length of command line arguments
configure:5438: result: 1572864
configure:5455: checking whether the shell understands some XSI constructs
configure:5465: result: yes
configure:5469: checking whether the shell understands "+="
configure:5475: result: yes
configure:5510: checking for arm-kobo-linux-gnueabihf-ld option to reload object files
configure:5517: result: -r
configure:5546: checking for arm-linux-gnueabihf-objdump
configure:5573: result: arm-linux-gnueabihf-objdump
configure:5645: checking how to recognize dependent libraries
configure:5846: result: pass_all
configure:5879: checking for arm-linux-gnueabihf-ar
configure:5906: result: arm-kobo-linux-gnueabihf-ar --plugin /mnt/HDD/Project/inkbox-build/inkbox/compiled-binaries/arm-kobo-linux-gnueabihf/bin/../libexec/gcc/arm-kobo-linux-gnueabihf/11.2.0/liblto_plugin.so
configure:5997: checking for arm-linux-gnueabihf-strip
configure:6024: result: strip
configure:6096: checking for arm-linux-gnueabihf-ranlib
configure:6123: result: arm-kobo-linux-gnueabihf-ranlib --plugin /mnt/HDD/Project/inkbox-build/inkbox/compiled-binaries/arm-kobo-linux-gnueabihf/bin/../libexec/gcc/arm-kobo-linux-gnueabihf/11.2.0/liblto_plugin.so
configure:6270: checking command to parse arm-linux-gnueabihf-nm output from arm-kobo-linux-gnueabihf-gcc object
configure:6490: result: failed
configure:7341: checking for dlfcn.h
configure:7341: result: yes
configure:7528: checking for objdir
configure:7543: result: .libs
configure:7814: checking if arm-kobo-linux-gnueabihf-gcc supports -fno-rtti -fno-exceptions
configure:7849: result: no
configure:7869: checking for arm-kobo-linux-gnueabihf-gcc option to produce PIC
configure:8155: result: -fPIC -DPIC
configure:8167: checking if arm-kobo-linux-gnueabihf-gcc PIC flag -fPIC -DPIC works
configure:8202: result: yes
configure:8226: checking if arm-kobo-linux-gnueabihf-gcc static flag -static works
configure:8254: result: yes
configure:8269: checking if arm-kobo-linux-gnueabihf-gcc supports -c -o file.o
configure:8316: result: yes
configure:8324: checking if arm-kobo-linux-gnueabihf-gcc supports -c -o file.o
configure:8371: result: yes
configure:8404: checking whether the arm-kobo-linux-gnueabihf-gcc linker (arm-kobo-linux-gnueabihf-ld) supports shared libraries
configure:9475: result: yes
configure:9512: checking whether -lc should be explicitly linked in
configure:9555: result: no
configure:9720: checking dynamic linker characteristics
configure:10383: result: GNU/Linux ld.so
configure:10490: checking how to hardcode library paths into programs
configure:10515: result: immediate
configure:11055: checking whether stripping libraries is possible
configure:11060: result: yes
configure:11095: checking if libtool supports shared libraries
configure:11097: result: yes
configure:11100: checking whether to build shared libraries
configure:11121: result: yes
configure:11124: checking whether to build static libraries
configure:11128: result: yes
configure:11176: checking for dlfcn.h
configure:11176: result: yes
configure:11189: checking for windows.h
configure:11189: result: no
configure:11216: checking for library containing dlsym
configure:11264: result: -ldl
configure:11336: checking for special C compiler options needed for large files
configure:11381: result: no
configure:11387: checking for _FILE_OFFSET_BITS value needed for large files
configure:11444: result: 64
configure:11671: checking for arm-linux-gnueabihf-pkg-config
configure:11704: result: no
configure:11714: checking for pkg-config
configure:11744: result: /sbin/pkg-config
configure:11769: checking pkg-config is at least version 0.9.0
configure:11772: result: yes
configure:11790: checking whether to use debuginfod
configure:11792: result: auto
configure:11798: checking for libdebuginfod >= 0.179
configure:11805: $PKG_CONFIG --exists --print-errors "libdebuginfod >= 0.179"
configure:11808: $? = 0
configure:11822: $PKG_CONFIG --exists --print-errors "libdebuginfod >= 0.179"
configure:11825: $? = 0
configure:11850: arm-kobo-linux-gnueabihf-gcc -o conftest -g -O2        -ldebuginfod  conftest.c -ldl  >&5
/mnt/HDD/Project/inkbox-build/inkbox/compiled-binaries/arm-kobo-linux-gnueabihf/bin/../lib/gcc/arm-kobo-linux-gnueabihf/11.2.0/../../../../arm-kobo-linux-gnueabihf/bin/ld.bfd: cannot find -ldebuginfod
collect2: error: ld returned 1 exit status
configure:11850: $? = 1
configure: failed program was:
| /* confdefs.h */
| #define PACKAGE_NAME "binutils"
| #define PACKAGE_TARNAME "binutils"
| #define PACKAGE_VERSION "2.39.50"
| #define PACKAGE_STRING "binutils 2.39.50"
| #define PACKAGE_BUGREPORT ""
| #define PACKAGE_URL ""
| #define PACKAGE "binutils"
| #define VERSION "2.39.50"
| #define STDC_HEADERS 1
| #define HAVE_SYS_TYPES_H 1
| #define HAVE_SYS_STAT_H 1
| #define HAVE_STDLIB_H 1
| #define HAVE_STRING_H 1
| #define HAVE_MEMORY_H 1
| #define HAVE_STRINGS_H 1
| #define HAVE_INTTYPES_H 1
| #define HAVE_STDINT_H 1
| #define HAVE_UNISTD_H 1
| #define __EXTENSIONS__ 1
| #define _ALL_SOURCE 1
| #define _GNU_SOURCE 1
| #define _POSIX_PTHREAD_SEMANTICS 1
| #define _TANDEM_SOURCE 1
| #define HAVE_DLFCN_H 1
| #define LT_OBJDIR ".libs/"
| #define HAVE_DLFCN_H 1
| #define _FILE_OFFSET_BITS 64
| #define DEFAULT_AR_DETERMINISTIC 0
| #define DEFAULT_STRINGS_ALL 1
| #define DEFAULT_F_FOR_IFUNC_SYMBOLS 0
| #define DEFAULT_FOR_FOLLOW_LINKS 1
| #define DEFAULT_FOR_COLORED_DISASSEMBLY 0
| /* end confdefs.h.  */
| 
| int
| main ()
| {
| 
|   ;
|   return 0;
| }
configure:11863: result: no
-ldebuginfod 
configure:11882: WARNING: libdebuginfod is missing or unusable; some features may be unavailable.
configure:12123: checking for bison
configure:12150: result: bison -y
configure:12166: checking for flex
configure:12193: result: flex
configure:12232: flex conftest.l
configure:12236: $? = 0
configure:12238: checking lex output file root
configure:12252: result: lex.yy
configure:12257: checking lex library
configure:12281: result: none needed
configure:12287: checking whether yytext is a pointer
configure:12312: result: no
configure:12340: checking whether NLS is requested
configure:12346: result: yes
configure:12352: checking for catalogs to be installed
configure:12384: result:  bg ca da es fi fr hr id it ja pt ro ru rw sk sr sv tr uk vi zh_CN zh_TW bg ca da es fi fr hr id it ja pt ro ru rw sk sr sv tr uk vi zh_CN zh_TW
configure:12411: checking whether NLS is requested
configure:12420: result: yes
configure:12458: checking for msgfmt
configure:12489: result: /sbin/msgfmt
configure:12498: checking for gmsgfmt
configure:12529: result: /sbin/msgfmt
configure:12569: checking for xgettext
configure:12600: result: /sbin/xgettext
configure:12640: checking for msgmerge
configure:12670: result: /sbin/msgmerge
configure:12707: checking whether to enable maintainer-specific portions of Makefiles
configure:12716: result: no
configure:12761: checking for arm-linux-gnueabihf-ranlib
configure:12788: result: arm-kobo-linux-gnueabihf-ranlib --plugin /mnt/HDD/Project/inkbox-build/inkbox/compiled-binaries/arm-kobo-linux-gnueabihf/bin/../libexec/gcc/arm-kobo-linux-gnueabihf/11.2.0/liblto_plugin.so
configure:12865: checking for build system executable suffix
configure:12883: result: no
configure:12906: checking for fcntl.h
configure:12906: result: yes
configure:12906: checking for inttypes.h
configure:12906: result: yes
configure:12906: checking for stdint.h
configure:12906: result: yes
configure:12906: checking for sys/file.h
configure:12906: result: yes
configure:12906: checking for sys/stat.h
configure:12906: result: yes
configure:12906: checking for sys/time.h
configure:12906: result: yes
configure:12906: checking for sys/types.h
configure:12906: result: yes
configure:12906: checking for unistd.h
configure:12906: result: yes
configure:12916: checking for sys/wait.h that is POSIX.1 compatible
configure:12949: result: yes
configure:12963: checking for stdlib.h
configure:12963: result: yes
configure:12963: checking for unistd.h
configure:12963: result: yes
configure:12963: checking for sys/param.h
configure:12963: result: yes
configure:12983: checking for getpagesize
configure:12983: result: yes
configure:12992: checking for working mmap
configure:13149: result: no
configure:13161: checking for fseeko
configure:13161: result: yes
configure:13161: checking for fseeko64
configure:13161: result: yes
configure:13161: checking for getc_unlocked
configure:13161: result: yes
configure:13161: checking for mkdtemp
configure:13161: result: yes
configure:13161: checking for mkstemp
configure:13161: result: yes
configure:13161: checking for utimensat
configure:13161: result: yes
configure:13161: checking for utimes
configure:13161: result: yes
configure:13171: checking for mbstate_t
configure:13184: arm-kobo-linux-gnueabihf-gcc -c -g -O2      conftest.c >&5
configure:13184: $? = 0
configure:13190: result: yes
configure:13200: checking for struct stat.st_atim.tv_nsec
configure:13200: result: yes
configure:13209: checking whether struct stat.st_atim is of type struct timespec
configure:13243: result: yes
configure:13293: checking for library containing frexp
configure:13341: result: none required
configure:13351: checking for LC_MESSAGES
configure:13375: result: yes
configure:13384: checking for a known getopt prototype in unistd.h
configure:13408: result: yes
configure:13418: checking for utime.h
configure:13446: result: yes
configure:13454: checking whether asprintf is declared
configure:13454: result: yes
configure:13464: checking whether environ is declared
configure:13464: result: yes
configure:13474: checking whether getc_unlocked is declared
configure:13474: result: yes
configure:13484: checking whether stpcpy is declared
configure:13484: result: yes
configure:13494: checking whether strnlen is declared
configure:13494: result: yes
configure:13539: checking for libzstd >= 1.4.0
configure:13546: $PKG_CONFIG --exists --print-errors "libzstd >= 1.4.0"
configure:13549: $? = 0
configure:13563: $PKG_CONFIG --exists --print-errors "libzstd >= 1.4.0"
configure:13566: $? = 0
configure:13591: arm-kobo-linux-gnueabihf-gcc -o conftest -g -O2        -lzstd  conftest.c -ldl  >&5
configure:13591: $? = 0
configure:13636: result: yes
configure:13669: checking for msgpack
configure:13676: $PKG_CONFIG --exists --print-errors "msgpack"
Package msgpack was not found in the pkg-config search path.
Perhaps you should add the directory containing `msgpack.pc'
to the PKG_CONFIG_PATH environment variable
Package 'msgpack', required by 'virtual:world', not found
configure:13679: $? = 1
configure:13693: $PKG_CONFIG --exists --print-errors "msgpack"
Package msgpack was not found in the pkg-config search path.
Perhaps you should add the directory containing `msgpack.pc'
to the PKG_CONFIG_PATH environment variable
Package 'msgpack', required by 'virtual:world', not found
configure:13696: $? = 1
configure:13734: result: no
Package 'msgpack', required by 'virtual:world', not found
configure:13786: checking for iconv.h
configure:13786: result: yes
configure:13832: checking for ld used by GCC
configure:13895: result: arm-kobo-linux-gnueabihf-ld
configure:13902: checking if the linker (arm-kobo-linux-gnueabihf-ld) is GNU ld
configure:13914: result: yes
configure:13920: checking for shared library run path origin
configure:13933: result: done
configure:14353: checking for iconv
configure:14451: result: yes
configure:14494: checking for iconv declaration
configure:14534: result: 
         extern size_t iconv (iconv_t cd, char * *inbuf, size_t *inbytesleft, char * *outbuf, size_t *outbytesleft);
configure:14888: checking that generated files are newer than configure
configure:14894: result: done
configure:14929: creating ./config.status

## ---------------------- ##
## Running config.status. ##
## ---------------------- ##

This file was extended by binutils config.status 2.39.50, which was
generated by GNU Autoconf 2.69.  Invocation command line was

  CONFIG_FILES    = 
  CONFIG_HEADERS  = 
  CONFIG_LINKS    = 
  CONFIG_COMMANDS = 
  $ ./config.status 

on hyperbookszyb

config.status:1194: creating Makefile
config.status:1194: creating po/Makefile.in
config.status:1194: creating config.h
config.status:1375: config.h is unchanged
config.status:1423: executing depfiles commands
config.status:1423: executing libtool commands
config.status:1423: executing default-1 commands

## ---------------- ##
## Cache variables. ##
## ---------------- ##

ac_cv_build=x86_64-pc-linux-gnu
ac_cv_c_compiler_gnu=yes
ac_cv_env_CC_set=set
ac_cv_env_CC_value=arm-kobo-linux-gnueabihf-gcc
ac_cv_env_CFLAGS_set=set
ac_cv_env_CFLAGS_value='-g -O2    '
ac_cv_env_CPPFLAGS_set=
ac_cv_env_CPPFLAGS_value=
ac_cv_env_CPP_set=
ac_cv_env_CPP_value=
ac_cv_env_DEBUGINFOD_CFLAGS_set=
ac_cv_env_DEBUGINFOD_CFLAGS_value=
ac_cv_env_DEBUGINFOD_LIBS_set=
ac_cv_env_DEBUGINFOD_LIBS_value=
ac_cv_env_LDFLAGS_set=set
ac_cv_env_LDFLAGS_value=' '
ac_cv_env_LIBS_set=
ac_cv_env_LIBS_value=
ac_cv_env_MSGPACK_CFLAGS_set=
ac_cv_env_MSGPACK_CFLAGS_value=
ac_cv_env_MSGPACK_LIBS_set=
ac_cv_env_MSGPACK_LIBS_value=
ac_cv_env_PKG_CONFIG_LIBDIR_set=
ac_cv_env_PKG_CONFIG_LIBDIR_value=
ac_cv_env_PKG_CONFIG_PATH_set=set
ac_cv_env_PKG_CONFIG_PATH_value=
ac_cv_env_PKG_CONFIG_set=
ac_cv_env_PKG_CONFIG_value=
ac_cv_env_YACC_set=set
ac_cv_env_YACC_value='bison -y'
ac_cv_env_YFLAGS_set=
ac_cv_env_YFLAGS_value=
ac_cv_env_ZSTD_CFLAGS_set=
ac_cv_env_ZSTD_CFLAGS_value=
ac_cv_env_ZSTD_LIBS_set=
ac_cv_env_ZSTD_LIBS_value=
ac_cv_env_build_alias_set=set
ac_cv_env_build_alias_value=x86_64-pc-linux-gnu
ac_cv_env_host_alias_set=set
ac_cv_env_host_alias_value=arm-linux-gnueabihf
ac_cv_env_target_alias_set=set
ac_cv_env_target_alias_value=arm-linux-gnueabihf
ac_cv_func_fseeko64=yes
ac_cv_func_fseeko=yes
ac_cv_func_getc_unlocked=yes
ac_cv_func_getpagesize=yes
ac_cv_func_mkdtemp=yes
ac_cv_func_mkstemp=yes
ac_cv_func_mmap_fixed_mapped=no
ac_cv_func_utimensat=yes
ac_cv_func_utimes=yes
ac_cv_have_decl_asprintf=yes
ac_cv_have_decl_environ=yes
ac_cv_have_decl_getc_unlocked=yes
ac_cv_have_decl_stpcpy=yes
ac_cv_have_decl_strnlen=yes
ac_cv_header_dlfcn_h=yes
ac_cv_header_fcntl_h=yes
ac_cv_header_iconv_h=yes
ac_cv_header_inttypes_h=yes
ac_cv_header_memory_h=yes
ac_cv_header_minix_config_h=no
ac_cv_header_stdc=yes
ac_cv_header_stdint_h=yes
ac_cv_header_stdlib_h=yes
ac_cv_header_string_h=yes
ac_cv_header_strings_h=yes
ac_cv_header_sys_file_h=yes
ac_cv_header_sys_param_h=yes
ac_cv_header_sys_stat_h=yes
ac_cv_header_sys_time_h=yes
ac_cv_header_sys_types_h=yes
ac_cv_header_sys_wait_h=yes
ac_cv_header_unistd_h=yes
ac_cv_header_windows_h=no
ac_cv_host=arm-unknown-linux-gnueabihf
ac_cv_lib_lex='none needed'
ac_cv_member_struct_stat_st_atim_tv_nsec=yes
ac_cv_objext=o
ac_cv_path_EGREP='/sbin/grep -E'
ac_cv_path_FGREP='/sbin/grep -F'
ac_cv_path_GMSGFMT=/sbin/msgfmt
ac_cv_path_GREP=/sbin/grep
ac_cv_path_MSGFMT=/sbin/msgfmt
ac_cv_path_MSGMERGE=/sbin/msgmerge
ac_cv_path_SED=/sbin/sed
ac_cv_path_XGETTEXT=/sbin/xgettext
ac_cv_path_ac_pt_PKG_CONFIG=/sbin/pkg-config
ac_cv_path_mkdir=/sbin/mkdir
ac_cv_prog_AR='arm-kobo-linux-gnueabihf-ar --plugin /mnt/HDD/Project/inkbox-build/inkbox/compiled-binaries/arm-kobo-linux-gnueabihf/bin/../libexec/gcc/arm-kobo-linux-gnueabihf/11.2.0/liblto_plugin.so'
ac_cv_prog_AWK=gawk
ac_cv_prog_CC=arm-kobo-linux-gnueabihf-gcc
ac_cv_prog_CPP='arm-kobo-linux-gnueabihf-gcc -E'
ac_cv_prog_LEX=flex
ac_cv_prog_OBJDUMP=arm-linux-gnueabihf-objdump
ac_cv_prog_RANLIB='arm-kobo-linux-gnueabihf-ranlib --plugin /mnt/HDD/Project/inkbox-build/inkbox/compiled-binaries/arm-kobo-linux-gnueabihf/bin/../libexec/gcc/arm-kobo-linux-gnueabihf/11.2.0/liblto_plugin.so'
ac_cv_prog_STRIP=strip
ac_cv_prog_YACC='bison -y'
ac_cv_prog_ac_ct_DUMPBIN='link -dump'
ac_cv_prog_ac_ct_STRIP=strip
ac_cv_prog_cc_c89=
ac_cv_prog_cc_g=yes
ac_cv_prog_lex_root=lex.yy
ac_cv_prog_lex_yytext_pointer=no
ac_cv_prog_make_make_set=yes
ac_cv_safe_to_define___extensions__=yes
ac_cv_search_dlsym=-ldl
ac_cv_search_frexp='none required'
ac_cv_sys_file_offset_bits=64
ac_cv_sys_largefile_CC=no
ac_cv_target=arm-unknown-linux-gnueabihf
ac_cv_typeof_struct_stat_st_atim_is_struct_timespec=yes
acl_cv_hardcode_direct=no
acl_cv_hardcode_libdir_flag_spec='${wl}-rpath ${wl}$libdir'
acl_cv_hardcode_libdir_separator=
acl_cv_hardcode_minus_L=no
acl_cv_libext=a
acl_cv_path_LD=arm-kobo-linux-gnueabihf-ld
acl_cv_prog_gnu_ld=yes
acl_cv_rpath=done
acl_cv_shlibext=so
acl_cv_wl=-Wl,
am_cv_CC_dependencies_compiler_type=gcc3
am_cv_func_iconv=yes
am_cv_lib_iconv=no
am_cv_make_support_nested_variables=yes
am_cv_prog_cc_c_o=yes
am_cv_proto_iconv='extern size_t iconv (iconv_t cd, char * *inbuf, size_t *inbytesleft, char * *outbuf, size_t *outbytesleft);'
am_cv_proto_iconv_arg1=
am_cv_val_LC_MESSAGES=yes
bfd_cv_build_exeext=no
bu_cv_decl_getopt_unistd_h=yes
bu_cv_header_utime_h=yes
lt_cv_archive_cmds_need_lc=no
lt_cv_deplibs_check_method=pass_all
lt_cv_file_magic_cmd='$MAGIC_CMD'
lt_cv_file_magic_test_file=
lt_cv_ld_reload_flag=-r
lt_cv_nm_interface='BSD nm'
lt_cv_objdir=.libs
lt_cv_path_LD=arm-kobo-linux-gnueabihf-ld
lt_cv_path_NM=no
lt_cv_prog_compiler_c_o=yes
lt_cv_prog_compiler_pic_works=yes
lt_cv_prog_compiler_rtti_exceptions=no
lt_cv_prog_compiler_static_works=yes
lt_cv_prog_gnu_ld=yes
lt_cv_shlibpath_overrides_runpath=no
lt_cv_sys_global_symbol_pipe=
lt_cv_sys_global_symbol_to_c_name_address='sed -n -e '\''s/^: \([^ ]*\) $/  {\"\1\", (void *) 0},/p'\'' -e '\''s/^[BCDEGRST]* \([^ ]*\) \([^ ]*\)$/  {"\2", (void *) \&\2},/p'\'''
lt_cv_sys_global_symbol_to_c_name_address_lib_prefix='sed -n -e '\''s/^: \([^ ]*\) $/  {\"\1\", (void *) 0},/p'\'' -e '\''s/^[BCDEGRST]* \([^ ]*\) \(lib[^ ]*\)$/  {"\2", (void *) \&\2},/p'\'' -e '\''s/^[BCDEGRST]* \([^ ]*\) \([^ ]*\)$/  {"lib\2", (void *) \&\2},/p'\'''
lt_cv_sys_global_symbol_to_cdecl=
lt_cv_sys_max_cmd_len=1572864
pkg_cv_DEBUGINFOD_CFLAGS=
pkg_cv_DEBUGINFOD_LIBS='-ldebuginfod '
pkg_cv_ZSTD_CFLAGS=
pkg_cv_ZSTD_LIBS='-lzstd '

## ----------------- ##
## Output variables. ##
## ----------------- ##

ACLOCAL='${SHELL} /mnt/HDD/Project/Public/okulartry/binutils-gdb/missing aclocal-1.15'
AMDEPBACKSLASH='\'
AMDEP_FALSE='#'
AMDEP_TRUE=''
AMTAR='$${TAR-tar}'
AM_BACKSLASH='\'
AM_DEFAULT_V='$(AM_DEFAULT_VERBOSITY)'
AM_DEFAULT_VERBOSITY='0'
AM_V='$(V)'
AR='arm-kobo-linux-gnueabihf-ar --plugin /mnt/HDD/Project/inkbox-build/inkbox/compiled-binaries/arm-kobo-linux-gnueabihf/bin/../libexec/gcc/arm-kobo-linux-gnueabihf/11.2.0/liblto_plugin.so --plugin /mnt/HDD/Project/inkbox-build/inkbox/compiled-binaries/arm-kobo-linux-gnueabihf/bin/../libexec/gcc/arm-kobo-linux-gnueabihf/11.2.0/liblto_plugin.so'
AUTOCONF='${SHELL} /mnt/HDD/Project/Public/okulartry/binutils-gdb/missing autoconf'
AUTOHEADER='${SHELL} /mnt/HDD/Project/Public/okulartry/binutils-gdb/missing autoheader'
AUTOMAKE='${SHELL} /mnt/HDD/Project/Public/okulartry/binutils-gdb/missing automake-1.15'
AWK='gawk'
BUILD_DLLTOOL=''
BUILD_DLLWRAP=''
BUILD_INSTALL_MISC=''
BUILD_MISC=''
BUILD_SRCONV=''
BUILD_WINDMC=''
BUILD_WINDRES=''
CATALOGS=' bg.gmo ca.gmo da.gmo es.gmo fi.gmo fr.gmo hr.gmo id.gmo it.gmo ja.gmo pt.gmo ro.gmo ru.gmo rw.gmo sk.gmo sr.gmo sv.gmo tr.gmo uk.gmo vi.gmo zh_CN.gmo zh_TW.gmo bg.gmo ca.gmo da.gmo es.gmo fi.gmo fr.gmo hr.gmo id.gmo it.gmo ja.gmo pt.gmo ro.gmo ru.gmo rw.gmo sk.gmo sr.gmo sv.gmo tr.gmo uk.gmo vi.gmo zh_CN.gmo zh_TW.gmo'
CATOBJEXT='.gmo'
CC='arm-kobo-linux-gnueabihf-gcc'
CCDEPMODE='depmode=gcc3'
CC_FOR_BUILD='gcc'
CFLAGS='-g -O2    '
CPP='arm-kobo-linux-gnueabihf-gcc -E'
CPPFLAGS=''
CYGPATH_W='echo'
DATADIRNAME='share'
DEBUGINFOD_CFLAGS=''
DEBUGINFOD_LIBS=''
DEFS='-DHAVE_CONFIG_H'
DEMANGLER_NAME='c++filt'
DEPDIR='.deps'
DLLTOOL_DEFS=' '
DSYMUTIL='arm-linux-gnueabihf-dsymutil'
DUMPBIN=':'
ECHO_C=''
ECHO_N='-n'
ECHO_T=''
EGREP='/sbin/grep -E'
EMULATION='vanilla'
EMULATION_VECTOR='bin_vanilla_emulation'
ENABLE_LIBCTF_FALSE='#'
ENABLE_LIBCTF_TRUE=''
EXEEXT=''
EXEEXT_FOR_BUILD=''
FGREP='/sbin/grep -F'
GENCAT='gencat'
GENINSRC_NEVER_FALSE=''
GENINSRC_NEVER_TRUE='#'
GMSGFMT='/sbin/msgfmt'
GREP='/sbin/grep'
HDEFINES=''
INCINTL=''
INSTALL_DATA='/bin/install -c -m 644'
INSTALL_PROGRAM='/bin/install -c'
INSTALL_SCRIPT='/bin/install -c'
INSTALL_STRIP_PROGRAM='$(install_sh) -c -s'
INSTOBJEXT='.mo'
LARGEFILE_CPPFLAGS=''
LD='arm-kobo-linux-gnueabihf-ld'
LDFLAGS=' '
LEX='flex'
LEXLIB=''
LEX_OUTPUT_ROOT='lex.yy'
LIBICONV=''
LIBINTL=''
LIBINTL_DEP=''
LIBOBJS=''
LIBS='-ldl '
LIBTOOL='$(SHELL) $(top_builddir)/libtool'
LIPO=''
LN_S='ln -s'
LTLIBICONV=''
LTLIBOBJS=''
MAINT='#'
MAINTAINER_MODE_FALSE=''
MAINTAINER_MODE_TRUE='#'
MAKEINFO='makeinfo --split-size=5000000'
MKDIR_P='/sbin/mkdir -p'
MKINSTALLDIRS='$(top_builddir)/./../mkinstalldirs'
MSGFMT='/sbin/msgfmt'
MSGMERGE='/sbin/msgmerge'
MSGPACK_CFLAGS=''
MSGPACK_LIBS=''
NM='arm-linux-gnueabihf-nm'
NMEDIT=''
NO_WERROR=''
OBJDUMP='arm-linux-gnueabihf-objdump'
OBJDUMP_DEFS=' -DOBJDUMP_PRIVATE_VECTORS=""'
OBJDUMP_PRIVATE_OFILES=''
OBJEXT='o'
OTOOL64=''
OTOOL='arm-linux-gnueabihf-otool'
PACKAGE='binutils'
PACKAGE_BUGREPORT=''
PACKAGE_NAME='binutils'
PACKAGE_STRING='binutils 2.39.50'
PACKAGE_TARNAME='binutils'
PACKAGE_URL=''
PACKAGE_VERSION='2.39.50'
PATH_SEPARATOR=':'
PKG_CONFIG='/sbin/pkg-config'
PKG_CONFIG_LIBDIR=''
PKG_CONFIG_PATH=''
POSUB='po'
RANLIB='arm-kobo-linux-gnueabihf-ranlib --plugin /mnt/HDD/Project/inkbox-build/inkbox/compiled-binaries/arm-kobo-linux-gnueabihf/bin/../libexec/gcc/arm-kobo-linux-gnueabihf/11.2.0/liblto_plugin.so'
SED='/sbin/sed'
SET_MAKE=''
SHELL='/bin/sh'
STRIP='strip'
USE_NLS='yes'
VERSION='2.39.50'
WARN_CFLAGS='-W -Wall -Wstrict-prototypes -Wmissing-prototypes -Wshadow -Wstack-usage=262144'
WARN_CFLAGS_FOR_BUILD='-W -Wall -Wstrict-prototypes -Wmissing-prototypes -Wshadow -Wstack-usage=262144'
WARN_WRITE_STRINGS='-Wwrite-strings'
XGETTEXT='/sbin/xgettext'
YACC='bison -y'
YFLAGS=''
ZSTD_CFLAGS=''
ZSTD_LIBS='-lzstd '
ac_ct_CC=''
ac_ct_DUMPBIN='link -dump'
am__EXEEXT_FALSE=''
am__EXEEXT_TRUE='#'
am__fastdepCC_FALSE='#'
am__fastdepCC_TRUE=''
am__include='include'
am__isrc=''
am__leading_dot='.'
am__nodep='_no'
am__quote=''
am__tar='$${TAR-tar} chof - "$$tardir"'
am__untar='$${TAR-tar} xf -'
bindir='${exec_prefix}/bin'
build='x86_64-pc-linux-gnu'
build_alias='x86_64-pc-linux-gnu'
build_cpu='x86_64'
build_os='linux-gnu'
build_vendor='pc'
datadir='${datarootdir}'
datarootdir='${prefix}/share'
docdir='${datarootdir}/doc/${PACKAGE_TARNAME}'
dvidir='${docdir}'
exec_prefix='${prefix}'
host='arm-unknown-linux-gnueabihf'
host_alias='arm-linux-gnueabihf'
host_cpu='arm'
host_os='linux-gnueabihf'
host_vendor='unknown'
htmldir='${docdir}'
includedir='${prefix}/include'
infodir='${datarootdir}/info'
install_sh='${SHELL} /mnt/HDD/Project/Public/okulartry/binutils-gdb/install-sh'
libdir='${exec_prefix}/lib'
libexecdir='${exec_prefix}/libexec'
localedir='${datarootdir}/locale'
localstatedir='${prefix}/var'
mandir='${datarootdir}/man'
mkdir_p='$(MKDIR_P)'
oldincludedir='/usr/include'
pdfdir='${docdir}'
prefix='/home/build/inkbox/compiled-binaries/arm-kobo-linux-gnueabihf/arm-kobo-linux-gnueabihf/sysroot'
program_transform_name='s,y,y,'
psdir='${docdir}'
sbindir='${exec_prefix}/sbin'
sharedstatedir='${prefix}/com'
sysconfdir='${prefix}/etc'
target='arm-unknown-linux-gnueabihf'
target_alias='arm-linux-gnueabihf'
target_cpu='arm'
target_os='linux-gnueabihf'
target_vendor='unknown'
zlibdir='-L$(top_builddir)/../zlib'
zlibinc='-I$(top_srcdir)/../zlib'

## ----------- ##
## confdefs.h. ##
## ----------- ##

/* confdefs.h */
#define PACKAGE_NAME "binutils"
#define PACKAGE_TARNAME "binutils"
#define PACKAGE_VERSION "2.39.50"
#define PACKAGE_STRING "binutils 2.39.50"
#define PACKAGE_BUGREPORT ""
#define PACKAGE_URL ""
#define PACKAGE "binutils"
#define VERSION "2.39.50"
#define STDC_HEADERS 1
#define HAVE_SYS_TYPES_H 1
#define HAVE_SYS_STAT_H 1
#define HAVE_STDLIB_H 1
#define HAVE_STRING_H 1
#define HAVE_MEMORY_H 1
#define HAVE_STRINGS_H 1
#define HAVE_INTTYPES_H 1
#define HAVE_STDINT_H 1
#define HAVE_UNISTD_H 1
#define __EXTENSIONS__ 1
#define _ALL_SOURCE 1
#define _GNU_SOURCE 1
#define _POSIX_PTHREAD_SEMANTICS 1
#define _TANDEM_SOURCE 1
#define HAVE_DLFCN_H 1
#define LT_OBJDIR ".libs/"
#define HAVE_DLFCN_H 1
#define _FILE_OFFSET_BITS 64
#define DEFAULT_AR_DETERMINISTIC 0
#define DEFAULT_STRINGS_ALL 1
#define DEFAULT_F_FOR_IFUNC_SYMBOLS 0
#define DEFAULT_FOR_FOLLOW_LINKS 1
#define DEFAULT_FOR_COLORED_DISASSEMBLY 0
#define ENABLE_LIBCTF 1
#define ENABLE_NLS 1
#define EXECUTABLE_SUFFIX ""
#define HAVE_FCNTL_H 1
#define HAVE_INTTYPES_H 1
#define HAVE_STDINT_H 1
#define HAVE_SYS_FILE_H 1
#define HAVE_SYS_STAT_H 1
#define HAVE_SYS_TIME_H 1
#define HAVE_SYS_TYPES_H 1
#define HAVE_UNISTD_H 1
#define HAVE_SYS_WAIT_H 1
#define HAVE_STDLIB_H 1
#define HAVE_UNISTD_H 1
#define HAVE_SYS_PARAM_H 1
#define HAVE_GETPAGESIZE 1
#define HAVE_FSEEKO 1
#define HAVE_FSEEKO64 1
#define HAVE_GETC_UNLOCKED 1
#define HAVE_MKDTEMP 1
#define HAVE_MKSTEMP 1
#define HAVE_UTIMENSAT 1
#define HAVE_UTIMES 1
#define HAVE_MBSTATE_T 1
#define HAVE_STRUCT_STAT_ST_ATIM_TV_NSEC 1
#define TYPEOF_STRUCT_STAT_ST_ATIM_IS_STRUCT_TIMESPEC 1
#define HAVE_LC_MESSAGES 1
#define HAVE_DECL_GETOPT 1
#define HAVE_GOOD_UTIME_H 1
#define HAVE_DECL_ASPRINTF 1
#define HAVE_DECL_ENVIRON 1
#define HAVE_DECL_GETC_UNLOCKED 1
#define HAVE_DECL_STPCPY 1
#define HAVE_DECL_STRNLEN 1
#define HAVE_ZSTD 1
#define HAVE_ICONV 1
#define ICONV_CONST 
#define TARGET "arm-unknown-linux-gnueabihf"
#define TARGET_PREPENDS_UNDERSCORE 0

configure: exit 0
