# kdesrc-build running: 'make' '-j' '8'
# from directory: /home/szybet/kdesrc/build/frameworks/kglobalaccel
[  4%] Generating ECMPoQm/af/kglobalaccel5_qt.qm
[  4%] Generating ECMPoQm/as/kglobalaccel5_qt.qm
[  4%] Generating ECMPoQm/be/kglobalaccel5_qt.qm
[  4%] Generating ECMPoQm/be@latin/kglobalaccel5_qt.qm
[  4%] Generating ECMPoQm/az/kglobalaccel5_qt.qm
[  5%] Generating ECMPoQm/ar/kglobalaccel5_qt.qm
[  6%] Generating ECMPoQm/bn/kglobalaccel5_qt.qm
[  7%] Generating ECMPoQm/bg/kglobalaccel5_qt.qm
[  7%] Built target translations_2
[  7%] Built target translations_4
[  7%] Built target translations_7
[  8%] Generating ECMPoQm/bn_IN/kglobalaccel5_qt.qm
[  8%] Generating ECMPoQm/br/kglobalaccel5_qt.qm
[  9%] Generating ECMPoQm/bs/kglobalaccel5_qt.qm
[  9%] Built target translations_11
[ 10%] Generating ECMPoQm/ca/kglobalaccel5_qt.qm
[ 10%] Built target translations_3
[ 10%] Built target translations_6
[ 10%] Built target translations_5
[ 10%] Built target translations_12
[ 10%] Built target translations_8
[ 10%] Generating ECMPoQm/ca@valencia/kglobalaccel5_qt.qm
[ 11%] Generating ECMPoQm/crh/kglobalaccel5_qt.qm
[ 12%] Generating ECMPoQm/cs/kglobalaccel5_qt.qm
[ 12%] Built target translations_1
[ 13%] Generating ECMPoQm/csb/kglobalaccel5_qt.qm
[ 13%] Built target translations_9
[ 13%] Generating ECMPoQm/cy/kglobalaccel5_qt.qm
[ 14%] Generating ECMPoQm/da/kglobalaccel5_qt.qm
[ 14%] Built target translations_15
[ 14%] Built target translations_13
[ 15%] Generating ECMPoQm/de/kglobalaccel5_qt.qm
[ 15%] Built target translations_10
[ 15%] Generating ECMPoQm/el/kglobalaccel5_qt.qm
[ 16%] Generating ECMPoQm/en_GB/kglobalaccel5_qt.qm
Removed plural forms as the target language has less forms.
If this sounds wrong, possibly the target language is not set or recognized.
[ 17%] Generating ECMPoQm/eo/kglobalaccel5_qt.qm
Removed plural forms as the target language has less forms.
If this sounds wrong, possibly the target language is not set or recognized.
[ 17%] Built target translations_22
[ 17%] Built target translations_14
[ 18%] Generating ECMPoQm/es/kglobalaccel5_qt.qm
[ 18%] Built target translations_16
[ 18%] Generating ECMPoQm/et/kglobalaccel5_qt.qm
[ 18%] Built target translations_19
[ 18%] Built target translations_17
[ 19%] Generating ECMPoQm/eu/kglobalaccel5_qt.qm
[ 19%] Built target translations_18
[ 20%] Generating ECMPoQm/fa/kglobalaccel5_qt.qm
[ 21%] Generating ECMPoQm/fi/kglobalaccel5_qt.qm
[ 21%] Generating ECMPoQm/fr/kglobalaccel5_qt.qm
[ 21%] Built target translations_20
[ 21%] Built target translations_21
[ 22%] Generating ECMPoQm/fy/kglobalaccel5_qt.qm
[ 23%] Generating ECMPoQm/ga/kglobalaccel5_qt.qm
[ 23%] Built target translations_23
[ 23%] Generating ECMPoQm/gd/kglobalaccel5_qt.qm
[ 23%] Built target translations_25
[ 23%] Built target translations_31
[ 23%] Built target translations_28
[ 23%] Built target translations_27
[ 24%] Generating ECMPoQm/gl/kglobalaccel5_qt.qm
Removed plural forms as the target language has less forms.
If this sounds wrong, possibly the target language is not set or recognized.
[ 25%] Generating ECMPoQm/gu/kglobalaccel5_qt.qm
[ 25%] Built target translations_24
[ 25%] Built target translations_26
[ 26%] Generating ECMPoQm/ha/kglobalaccel5_qt.qm
[ 26%] Generating ECMPoQm/he/kglobalaccel5_qt.qm
[ 27%] Generating ECMPoQm/hi/kglobalaccel5_qt.qm
[ 27%] Built target translations_29
[ 28%] Generating ECMPoQm/hne/kglobalaccel5_qt.qm
[ 28%] Built target translations_34
[ 28%] Built target translations_35
[ 29%] Generating ECMPoQm/hr/kglobalaccel5_qt.qm
[ 29%] Generating ECMPoQm/hsb/kglobalaccel5_qt.qm
[ 29%] Built target translations_30
[ 30%] Generating ECMPoQm/hu/kglobalaccel5_qt.qm
[ 30%] Generating ECMPoQm/hy/kglobalaccel5_qt.qm
Removed plural forms as the target language has less forms.
If this sounds wrong, possibly the target language is not set or recognized.
[ 30%] Built target translations_32
Removed plural forms as the target language has less forms.
If this sounds wrong, possibly the target language is not set or recognized.
[ 31%] Generating ECMPoQm/ia/kglobalaccel5_qt.qm
[ 31%] Built target translations_33
[ 31%] Built target translations_36
Removed plural forms as the target language has less forms.
If this sounds wrong, possibly the target language is not set or recognized.
[ 32%] Generating ECMPoQm/id/kglobalaccel5_qt.qm
[ 32%] Built target translations_38
Removed plural forms as the target language has less forms.
If this sounds wrong, possibly the target language is not set or recognized.
[ 32%] Built target translations_37
[ 33%] Generating ECMPoQm/is/kglobalaccel5_qt.qm
[ 33%] Built target translations_40
[ 33%] Generating ECMPoQm/it/kglobalaccel5_qt.qm
[ 34%] Generating ECMPoQm/ja/kglobalaccel5_qt.qm
[ 34%] Built target translations_39
[ 35%] Generating ECMPoQm/ka/kglobalaccel5_qt.qm
[ 35%] Built target translations_46
[ 35%] Built target translations_41
[ 36%] Generating ECMPoQm/kk/kglobalaccel5_qt.qm
[ 36%] Built target translations_47
[ 36%] Generating ECMPoQm/km/kglobalaccel5_qt.qm
[ 37%] Generating ECMPoQm/kn/kglobalaccel5_qt.qm
[ 38%] Generating ECMPoQm/ko/kglobalaccel5_qt.qm
[ 38%] Built target translations_42
[ 38%] Built target translations_44
[ 38%] Generating ECMPoQm/ku/kglobalaccel5_qt.qm
[ 38%] Built target translations_43
[ 39%] Generating ECMPoQm/lb/kglobalaccel5_qt.qm
[ 40%] Generating ECMPoQm/lt/kglobalaccel5_qt.qm
[ 40%] Built target translations_45
[ 41%] Generating ECMPoQm/lv/kglobalaccel5_qt.qm
[ 41%] Built target translations_49
[ 41%] Generating ECMPoQm/mai/kglobalaccel5_qt.qm
[ 41%] Built target translations_50
[ 41%] Built target translations_54
[ 41%] Built target translations_51
[ 41%] Built target translations_48
[ 42%] Generating ECMPoQm/ms/kglobalaccel5_qt.qm
[ 43%] Generating ECMPoQm/ml/kglobalaccel5_qt.qm
[ 44%] Generating ECMPoQm/mk/kglobalaccel5_qt.qm
[ 45%] Generating ECMPoQm/mr/kglobalaccel5_qt.qm
Removed plural forms as the target language has less forms.
If this sounds wrong, possibly the target language is not set or recognized.
[ 45%] Built target translations_52
[ 45%] Built target translations_56
[ 46%] Generating ECMPoQm/nb/kglobalaccel5_qt.qm
[ 46%] Built target translations_55
Removed plural forms as the target language has less forms.
If this sounds wrong, possibly the target language is not set or recognized.
[ 47%] Generating ECMPoQm/nds/kglobalaccel5_qt.qm
[ 47%] Built target translations_61
[ 47%] Built target translations_53
[ 47%] Generating ECMPoQm/ne/kglobalaccel5_qt.qm
[ 48%] Generating ECMPoQm/nl/kglobalaccel5_qt.qm
[ 48%] Built target translations_58
[ 49%] Generating ECMPoQm/nn/kglobalaccel5_qt.qm
[ 49%] Built target translations_57
[ 50%] Generating ECMPoQm/oc/kglobalaccel5_qt.qm
[ 50%] Built target translations_65
[ 50%] Built target translations_59
[ 50%] Built target translations_60
[ 50%] Generating ECMPoQm/or/kglobalaccel5_qt.qm
Removed plural forms as the target language has less forms.
If this sounds wrong, possibly the target language is not set or recognized.
[ 51%] Generating ECMPoQm/pa/kglobalaccel5_qt.qm
[ 52%] Generating ECMPoQm/pl/kglobalaccel5_qt.qm
[ 52%] Generating ECMPoQm/ps/kglobalaccel5_qt.qm
[ 52%] Built target translations_66
[ 52%] Built target translations_63
[ 52%] Built target translations_62
[ 52%] Built target translations_64
[ 53%] Generating ECMPoQm/pt/kglobalaccel5_qt.qm
[ 54%] Generating ECMPoQm/ro/kglobalaccel5_qt.qm
[ 55%] Generating ECMPoQm/pt_BR/kglobalaccel5_qt.qm
[ 55%] Generating ECMPoQm/ru/kglobalaccel5_qt.qm
[ 55%] Built target translations_71
[ 55%] Built target translations_67
[ 55%] Built target translations_72
[ 55%] Built target translations_70
[ 56%] Generating ECMPoQm/se/kglobalaccel5_qt.qm
[ 56%] Built target translations_69
[ 56%] Built target translations_68
[ 57%] Generating ECMPoQm/si/kglobalaccel5_qt.qm
[ 57%] Generating ECMPoQm/sl/kglobalaccel5_qt.qm
[ 58%] Generating ECMPoQm/sk/kglobalaccel5_qt.qm
[ 58%] Built target translations_75
[ 59%] Generating ECMPoQm/sq/kglobalaccel5_qt.qm
Removed plural forms as the target language has less forms.
If this sounds wrong, possibly the target language is not set or recognized.
[ 60%] Generating ECMPoQm/sr/kglobalaccel5_qt.qm
[ 60%] Generating ECMPoQm/sr@ijekavian/kglobalaccel5_qt.qm
[ 60%] Built target translations_80
[ 60%] Built target translations_81
[ 61%] Generating ECMPoQm/sr@ijekavianlatin/kglobalaccel5_qt.qm
[ 62%] Generating ECMPoQm/sr@latin/kglobalaccel5_qt.qm
[ 62%] Built target translations_74
[ 62%] Built target translations_73
[ 62%] Built target translations_82
[ 62%] Built target translations_83
[ 62%] Generating ECMPoQm/ta/kglobalaccel5_qt.qm
[ 62%] Built target translations_78
[ 63%] Generating ECMPoQm/sv/kglobalaccel5_qt.qm
[ 63%] Built target translations_77
[ 64%] Generating ECMPoQm/te/kglobalaccel5_qt.qm
[ 65%] Generating ECMPoQm/tg/kglobalaccel5_qt.qm
[ 65%] Built target translations_76
[ 66%] Generating ECMPoQm/th/kglobalaccel5_qt.qm
[ 66%] Generating ECMPoQm/tr/kglobalaccel5_qt.qm
[ 66%] Built target translations_79
[ 66%] Built target translations_84
[ 67%] Generating ECMPoQm/tt/kglobalaccel5_qt.qm
[ 67%] Built target translations_89
[ 68%] Generating ECMPoQm/ug/kglobalaccel5_qt.qm
[ 68%] Generating ECMPoQm/uk/kglobalaccel5_qt.qm
[ 69%] Generating ECMPoQm/uz/kglobalaccel5_qt.qm
Removed plural forms as the target language has less forms.
If this sounds wrong, possibly the target language is not set or recognized.
[ 69%] Built target translations_92
Removed plural forms as the target language has less forms.
If this sounds wrong, possibly the target language is not set or recognized.
[ 70%] Generating ECMPoQm/uz@cyrillic/kglobalaccel5_qt.qm
[ 70%] Built target translations_85
[ 70%] Built target translations_86
[ 71%] Generating ECMPoQm/vi/kglobalaccel5_qt.qm
[ 71%] Built target translations_87
[ 71%] Built target translations_90
[ 71%] Generating ECMPoQm/wa/kglobalaccel5_qt.qm
[ 71%] Built target translations_88
[ 71%] Built target translations_95
[ 71%] Built target translations_91
[ 72%] Generating ECMPoQm/xh/kglobalaccel5_qt.qm
[ 73%] Generating ECMPoQm/zh_CN/kglobalaccel5_qt.qm
[ 74%] Generating ECMPoQm/zh_HK/kglobalaccel5_qt.qm
[ 75%] Generating ECMPoQm/zh_TW/kglobalaccel5_qt.qm
[ 76%] Automatic MOC for target KF5GlobalAccel
[ 76%] Built target translations_98
[ 76%] Built target translations_100
[ 76%] Built target translations_93
[ 76%] Built target translations_94
[ 76%] Built target translations_96
[ 76%] Built target translations_97
[ 76%] Built target translations_99
[ 76%] Built target KF5GlobalAccel_autogen
[ 77%] Generating kglobalaccel_component_interface.cpp, kglobalaccel_component_interface.h
[ 77%] Generating kglobalaccel_interface.cpp, kglobalaccel_interface.h
dbus.parser: Invalid D-BUS type signature 'KGlobalAccel::MatchType' found while parsing introspection
[ 78%] Generating kglobalaccel_interface.moc
[ 78%] Generating kglobalaccel_component_interface.moc
[ 80%] Building CXX object src/CMakeFiles/KF5GlobalAccel.dir/kglobalaccel_debug.cpp.o
[ 80%] Building CXX object src/CMakeFiles/KF5GlobalAccel.dir/kglobalshortcutinfo_dbus.cpp.o
[ 80%] Building CXX object src/CMakeFiles/KF5GlobalAccel.dir/kglobalaccel.cpp.o
[ 80%] Building CXX object src/CMakeFiles/KF5GlobalAccel.dir/kglobalaccel_component_interface.cpp.o
[ 81%] Building CXX object src/CMakeFiles/KF5GlobalAccel.dir/kglobalaccel_interface.cpp.o
[ 83%] Building CXX object src/CMakeFiles/KF5GlobalAccel.dir/ECMQmLoader-kglobalaccel5_qt.cpp.o
[ 83%] Building CXX object src/CMakeFiles/KF5GlobalAccel.dir/kglobalshortcutinfo.cpp.o
[ 84%] Building CXX object src/CMakeFiles/KF5GlobalAccel.dir/KF5GlobalAccel_autogen/mocs_compilation.cpp.o
[01m[K/home/szybet/kdesrc/frameworks/kglobalaccel/src/kglobalaccel.cpp:[m[K In member function '[01m[Kvoid KGlobalAccelPrivate::unregister(const QStringList&)[m[K':
[01m[K/home/szybet/kdesrc/frameworks/kglobalaccel/src/kglobalaccel.cpp:306:25:[m[K [01;36m[Knote: [m[Kparameter passing for argument of type '[01m[Kstd::initializer_list<QVariant>[m[K' changed in GCC 7.1
  306 |     [01;36m[Kmessage.setArguments({component, action})[m[K;
      |     [01;36m[K~~~~~~~~~~~~~~~~~~~~^~~~~~~~~~~~~~~~~~~~~[m[K
[01m[K/home/szybet/kdesrc/frameworks/kglobalaccel/src/kglobalaccel.cpp:[m[K In member function '[01m[Kvoid KGlobalAccelPrivate::setInactive(const QStringList&)[m[K':
[01m[K/home/szybet/kdesrc/frameworks/kglobalaccel/src/kglobalaccel.cpp:314:25:[m[K [01;36m[Knote: [m[Kparameter passing for argument of type '[01m[Kstd::initializer_list<QVariant>[m[K' changed in GCC 7.1
  314 |     [01;36m[Kmessage.setArguments({actionId})[m[K;
      |     [01;36m[K~~~~~~~~~~~~~~~~~~~~^~~~~~~~~~~~[m[K
In file included from [01m[K/home/build/inkbox/compiled-binaries/arm-kobo-linux-gnueabihf/arm-kobo-linux-gnueabihf/sysroot/include/QtCore/qvariant.h:45[m[K,
                 from [01m[K/home/build/inkbox/compiled-binaries/arm-kobo-linux-gnueabihf/arm-kobo-linux-gnueabihf/sysroot/include/QtDBus/qtdbusglobal.h:45[m[K,
                 from [01m[K/home/build/inkbox/compiled-binaries/arm-kobo-linux-gnueabihf/arm-kobo-linux-gnueabihf/sysroot/include/QtDBus/qdbusargument.h:43[m[K,
                 from [01m[K/home/build/inkbox/compiled-binaries/arm-kobo-linux-gnueabihf/arm-kobo-linux-gnueabihf/sysroot/include/QtDBus/QDBusArgument:1[m[K,
                 from [01m[K/home/szybet/kdesrc/frameworks/kglobalaccel/src/kglobalshortcutinfo.h:12[m[K,
                 from [01m[K/home/szybet/kdesrc/frameworks/kglobalaccel/src/kglobalaccel.h:13[m[K,
                 from [01m[K/home/szybet/kdesrc/frameworks/kglobalaccel/src/kglobalaccel.cpp:11[m[K:
[01m[K/home/build/inkbox/compiled-binaries/arm-kobo-linux-gnueabihf/arm-kobo-linux-gnueabihf/sysroot/include/QtCore/qlist.h:[m[K In constructor '[01m[KQList<T>::QList(std::initializer_list<_Tp>) [with T = QVariant][m[K':
[01m[K/home/build/inkbox/compiled-binaries/arm-kobo-linux-gnueabihf/arm-kobo-linux-gnueabihf/sysroot/include/QtCore/qlist.h:169:12:[m[K [01;36m[Knote: [m[Kparameter passing for argument of type '[01m[Kstd::initializer_list<QVariant>[m[K' changed in GCC 7.1
  169 |     inline [01;36m[KQList[m[K(std::initializer_list<T> args)
      |            [01;36m[K^~~~~[m[K
[ 85%] Linking CXX shared library ../bin/libKF5GlobalAccel.so
[ 85%] Built target KF5GlobalAccel
[ 86%] Automatic MOC for target KF5GlobalAccelPrivate
[ 86%] Built target KF5GlobalAccelPrivate_autogen
[ 87%] Building CXX object src/runtime/CMakeFiles/KF5GlobalAccelPrivate.dir/kglobalaccel_interface.cpp.o
[ 88%] Building CXX object src/runtime/CMakeFiles/KF5GlobalAccelPrivate.dir/kglobalacceld.cpp.o
[ 87%] Building CXX object src/runtime/CMakeFiles/KF5GlobalAccelPrivate.dir/KF5GlobalAccelPrivate_autogen/mocs_compilation.cpp.o
[ 89%] Building CXX object src/runtime/CMakeFiles/KF5GlobalAccelPrivate.dir/kserviceactioncomponent.cpp.o
[ 90%] Building CXX object src/runtime/CMakeFiles/KF5GlobalAccelPrivate.dir/component.cpp.o
[ 91%] Building CXX object src/runtime/CMakeFiles/KF5GlobalAccelPrivate.dir/globalshortcut.cpp.o
[ 91%] Building CXX object src/runtime/CMakeFiles/KF5GlobalAccelPrivate.dir/logging.cpp.o
[ 92%] Building CXX object src/runtime/CMakeFiles/KF5GlobalAccelPrivate.dir/globalshortcutsregistry.cpp.o
[ 93%] Building CXX object src/runtime/CMakeFiles/KF5GlobalAccelPrivate.dir/globalshortcutcontext.cpp.o
[ 94%] Building CXX object src/runtime/CMakeFiles/KF5GlobalAccelPrivate.dir/__/sequencehelpers_p.cpp.o
[ 94%] Building CXX object src/runtime/CMakeFiles/KF5GlobalAccelPrivate.dir/ECMQmLoader-kglobalaccel5_qt.cpp.o
[ 95%] Linking CXX shared library ../../bin/libKF5GlobalAccelPrivate.so
[ 95%] Built target KF5GlobalAccelPrivate
[ 96%] Automatic MOC for target kglobalaccel5
[ 96%] Built target kglobalaccel5_autogen
[ 98%] Building CXX object src/runtime/CMakeFiles/kglobalaccel5.dir/main.cpp.o
[ 98%] Building CXX object src/runtime/CMakeFiles/kglobalaccel5.dir/kglobalaccel5_autogen/mocs_compilation.cpp.o
[ 98%] Building CXX object src/runtime/CMakeFiles/kglobalaccel5.dir/logging.cpp.o
[100%] Linking CXX executable ../../bin/kglobalaccel5
[100%] Built target kglobalaccel5
