# kdesrc-build running: 'make' '-j' '8'
# from directory: /home/szybet/kdesrc/build/frameworks/kauth
-- 

Installing in /mnt/HDD/Project/Public/okulartry/okular-things. Run /home/szybet/kdesrc/build/frameworks/kauth/prefix.sh to set the environment for KAuth.
-- Building PolkitQt5-1 KAuth backend
-- The following RECOMMENDED packages have been found:

 * PolkitQt5-1, PolicyKit API for Qt, <http://techbase.kde.org/Polkit-Qt-1>
   Support for executing privileged actions in a controlled way (KAuth). This is required to make KAuth work, and hence enable certain workspace functionalities

-- The following REQUIRED packages have been found:

 * ECM (required version >= 5.106.0), Extra CMake Modules., <https://commits.kde.org/extra-cmake-modules>
 * Qt5DBus (required version >= 5.15.2)
 * Qt5Gui (required version >= 5.15.2)
 * Qt5Widgets
 * Qt5 (required version >= 5.15.2)
 * Qt5Core (required version >= 5.15.2)
 * KF5CoreAddons (required version >= 5.106.0)
 * Qt5LinguistTools

-- The following features have been disabled:

 * QCH, API documentation in QCH format (for e.g. Qt Assistant, Qt Creator & KDevelop)

-- Configuring done (0.2s)
-- Generating done (0.2s)
-- Build files have been written to: /home/szybet/kdesrc/build/frameworks/kauth
[  2%] Built target translations_1
[  2%] Built target translations_2
[  3%] Built target translations_3
[  3%] Built target translations_5
[  3%] Built target translations_4
[  3%] Built target translations_7
[  4%] Built target translations_8
[  4%] Built target translations_6
[  5%] Built target translations_9
[  5%] Built target translations_13
[  5%] Built target translations_11
[  5%] Built target translations_10
[  6%] Built target translations_12
[  8%] Built target translations_14
[  8%] Built target translations_15
[  9%] Built target translations_17
[  9%] Built target translations_16
[  9%] Built target translations_18
[ 10%] Built target translations_19
[ 10%] Built target translations_20
[ 11%] Built target translations_21
[ 12%] Built target translations_23
[ 12%] Built target translations_22
[ 12%] Built target translations_24
[ 14%] Built target translations_25
[ 14%] Built target translations_26
[ 14%] Built target translations_27
[ 15%] Built target translations_28
[ 15%] Built target translations_29
[ 15%] Built target translations_30
[ 16%] Built target translations_31
[ 17%] Built target translations_32
[ 18%] Built target translations_34
[ 18%] Built target translations_35
[ 19%] Built target translations_36
[ 19%] Built target translations_33
[ 20%] Built target translations_39
[ 21%] Built target translations_38
[ 21%] Built target translations_37
[ 22%] Built target translations_40
[ 22%] Built target translations_41
[ 23%] Built target translations_42
[ 23%] Built target translations_43
[ 24%] Built target translations_44
[ 24%] Built target translations_46
[ 25%] Built target translations_45
[ 26%] Built target translations_47
[ 26%] Built target translations_48
[ 27%] Built target translations_50
[ 28%] Built target translations_49
[ 29%] Built target translations_51
[ 29%] Built target translations_52
[ 30%] Built target translations_53
[ 30%] Built target translations_54
[ 31%] Built target translations_55
[ 31%] Built target translations_56
[ 32%] Built target translations_57
[ 33%] Built target translations_58
[ 33%] Built target translations_59
[ 33%] Built target translations_60
[ 34%] Built target translations_61
[ 35%] Built target translations_62
[ 35%] Built target translations_63
[ 36%] Built target translations_64
[ 36%] Built target translations_67
[ 36%] Built target translations_65
[ 37%] Built target translations_68
[ 38%] Built target translations_66
[ 39%] Built target translations_69
[ 40%] Built target translations_70
[ 40%] Built target translations_71
[ 41%] Built target translations_72
[ 42%] Built target translations_74
[ 42%] Built target translations_73
[ 43%] Built target translations_75
[ 43%] Built target translations_76
[ 44%] Built target translations_77
[ 44%] Built target translations_78
[ 46%] Built target translations_79
[ 46%] Built target translations_80
[ 47%] Built target translations_81
[ 47%] Built target translations_82
[ 47%] Built target translations_84
[ 48%] Built target translations_83
[ 49%] Built target translations_85
[ 49%] Built target translations_86
[ 50%] Built target translations_87
[ 51%] Built target translations_88
[ 51%] Built target translations_89
[ 51%] Built target translations_90
[ 51%] Built target translations_92
[ 52%] Built target translations_91
[ 53%] Built target translations_93
[ 54%] Built target translations_94
[ 54%] Built target translations_95
[ 55%] Built target translations_96
[ 55%] Built target translations_97
[ 57%] Built target translations_99
[ 57%] Built target translations_100
[ 58%] Built target translations_98
[ 59%] Automatic MOC for target KF5AuthCore
[ 59%] Automatic MOC for target kauth-policy-gen
[ 60%] Automatic MOC for target kauth_tests_static
[ 60%] Built target kauth-policy-gen_autogen
[ 60%] Built target KF5AuthCore_autogen
[ 60%] Built target kauth_tests_static_autogen
[ 61%] Linking CXX executable ../bin/kauth-policy-gen
[ 68%] Built target KF5AuthCore
[ 76%] Built target kauth_tests_static
[ 77%] Automatic MOC for target KF5AuthWidgets
[ 78%] Automatic MOC for target client
[ 79%] Automatic MOC for target kauth_backend_plugin
[ 79%] Automatic MOC for target helper
[ 79%] Automatic MOC for target KAuthHelperTest
[ 80%] Automatic MOC for target KAuthSetupActionTest
[ 80%] Built target client_autogen
[ 80%] Built target KF5AuthWidgets_autogen
[ 80%] Built target kauth_backend_plugin_autogen
[ 80%] Built target helper_autogen
[ 80%] Built target KAuthSetupActionTest_autogen
[ 80%] Built target KAuthHelperTest_autogen
[ 80%] Linking CXX executable ../bin/client
[ 82%] Built target KF5AuthWidgets
[ 82%] Linking CXX shared module ../bin/kauth_backend_plugin.so
[ 82%] Linking CXX executable ../bin/KAuthSetupActionTest
[ 83%] Linking CXX executable ../bin/KAuthHelperTest
[ 84%] Linking CXX executable ../bin/helper
[ 85%] Automatic MOC for target kauth_helper_plugin
[ 87%] Built target kauth-policy-gen
[ 87%] Built target kauth_helper_plugin_autogen
[ 91%] Built target kauth_helper_plugin
[ 92%] Built target client
[ 93%] Built target helper
[ 95%] Built target KAuthSetupActionTest
[ 98%] Built target kauth_backend_plugin
[100%] Built target KAuthHelperTest
