# kdesrc-build running: 'cmake' '-B' '.' '-S' '/home/szybet/kdesrc/kde/kdegraphics/libs/libkexiv2' '-G' 'Unix Makefiles' '-DCMAKE_EXPORT_COMPILE_COMMANDS:BOOL=ON' '-DCMAKE_TOOLCHAIN_FILE=/mnt/HDD/Project/Public/okulartry/kobo.cmake' '-DCMAKE_CXX_FLAGS:STRING=-pipe' '-DCMAKE_INSTALL_PREFIX=/mnt/HDD/Project/Public/okulartry/okular-things' '-DCMAKE_PREFIX_PATH=/home/build/inkbox/compiled-binaries/qt-bin/'
# from directory: /home/szybet/kdesrc/build/kde/kdegraphics/libs/libkexiv2
-- The C compiler identification is GNU 11.2.0
-- The CXX compiler identification is GNU 11.2.0
-- Detecting C compiler ABI info
-- Detecting C compiler ABI info - done
-- Check for working C compiler: /home/build/inkbox/compiled-binaries/arm-kobo-linux-gnueabihf/bin/arm-kobo-linux-gnueabihf-gcc - skipped
-- Detecting C compile features
-- Detecting C compile features - done
-- Detecting CXX compiler ABI info
-- Detecting CXX compiler ABI info - done
-- Check for working CXX compiler: /home/build/inkbox/compiled-binaries/arm-kobo-linux-gnueabihf/bin/arm-kobo-linux-gnueabihf-g++ - skipped
-- Detecting CXX compile features
-- Detecting CXX compile features - done
-- ----------------------------------------------------------------------------------
-- Starting CMake configuration for: libkexiv2
Installing in /mnt/HDD/Project/Public/okulartry/okular-things. Run /home/szybet/kdesrc/build/kde/kdegraphics/libs/libkexiv2/prefix.sh to set the environment for libkexiv2.
-- Setting build type to 'Debug' as none was specified.
-- Looking for __GLIBC__
-- Looking for __GLIBC__ - found
-- Performing Test _OFFT_IS_64BIT
-- Performing Test _OFFT_IS_64BIT - Failed
-- Performing Test HAVE_DATE_TIME
-- Performing Test HAVE_DATE_TIME - Success
-- Found LibExiv2: /home/build/inkbox/compiled-binaries/arm-kobo-linux-gnueabihf/arm-kobo-linux-gnueabihf/sysroot/lib/libexiv2.so (found suitable version "0.27.6", minimum required is "0.25") 
-- Performing Test COMPILER_HAS_HIDDEN_VISIBILITY
-- Performing Test COMPILER_HAS_HIDDEN_VISIBILITY - Success
-- Performing Test COMPILER_HAS_HIDDEN_INLINE_VISIBILITY
-- Performing Test COMPILER_HAS_HIDDEN_INLINE_VISIBILITY - Success
-- Performing Test COMPILER_HAS_DEPRECATED_ATTR
-- Performing Test COMPILER_HAS_DEPRECATED_ATTR - Success
-- The following REQUIRED packages have been found:

 * ECM (required version >= 5.90.0)
 * Qt5Core
 * Qt5Gui
 * Qt5 (required version >= 5.15.0)
 * LibExiv2 (required version >= 0.25), Image metadata support, <https://www.exiv2.org>

-- Configuring done (0.8s)
-- Generating done (0.0s)
-- Build files have been written to: /home/szybet/kdesrc/build/kde/kdegraphics/libs/libkexiv2
