# kdesrc-build running: 'make' '-j' '8'
# from directory: /home/szybet/kdesrc/build/frameworks/kitemviews
[  4%] Generating ECMPoQm/as/kitemviews5_qt.qm
[  4%] Generating ECMPoQm/af/kitemviews5_qt.qm
[  4%] Generating ECMPoQm/be/kitemviews5_qt.qm
[  4%] Generating ECMPoQm/ar/kitemviews5_qt.qm
[  5%] Generating ECMPoQm/be@latin/kitemviews5_qt.qm
[  6%] Generating ECMPoQm/az/kitemviews5_qt.qm
[  7%] Generating ECMPoQm/bg/kitemviews5_qt.qm
[  8%] Generating ECMPoQm/bn/kitemviews5_qt.qm
[  8%] Built target translations_4
[  8%] Built target translations_7
[  8%] Built target translations_2
[  9%] Generating ECMPoQm/bn_IN/kitemviews5_qt.qm
[  9%] Generating ECMPoQm/bs/kitemviews5_qt.qm
[ 10%] Generating ECMPoQm/br/kitemviews5_qt.qm
[ 10%] Built target translations_11
[ 11%] Generating ECMPoQm/ca/kitemviews5_qt.qm
[ 11%] Built target translations_6
[ 11%] Built target translations_5
[ 11%] Built target translations_3
[ 11%] Built target translations_12
[ 12%] Generating ECMPoQm/ca@valencia/kitemviews5_qt.qm
[ 12%] Built target translations_1
[ 12%] Built target translations_8
[ 13%] Generating ECMPoQm/cs/kitemviews5_qt.qm
[ 14%] Generating ECMPoQm/crh/kitemviews5_qt.qm
[ 14%] Built target translations_13
[ 14%] Built target translations_9
[ 15%] Generating ECMPoQm/csb/kitemviews5_qt.qm
[ 16%] Generating ECMPoQm/cy/kitemviews5_qt.qm
[ 16%] Generating ECMPoQm/da/kitemviews5_qt.qm
[ 16%] Built target translations_10
[ 17%] Generating ECMPoQm/de/kitemviews5_qt.qm
[ 18%] Generating ECMPoQm/el/kitemviews5_qt.qm
[ 18%] Built target translations_15
[ 19%] Generating ECMPoQm/en_GB/kitemviews5_qt.qm
[ 19%] Built target translations_19
[ 20%] Generating ECMPoQm/eo/kitemviews5_qt.qm
Removed plural forms as the target language has less forms.
If this sounds wrong, possibly the target language is not set or recognized.
[ 21%] Generating ECMPoQm/es/kitemviews5_qt.qm
Removed plural forms as the target language has less forms.
If this sounds wrong, possibly the target language is not set or recognized.
[ 21%] Built target translations_22
[ 21%] Generating ECMPoQm/et/kitemviews5_qt.qm
[ 21%] Built target translations_14
[ 21%] Built target translations_16
[ 21%] Built target translations_18
[ 21%] Built target translations_17
[ 22%] Generating ECMPoQm/eu/kitemviews5_qt.qm
[ 23%] Generating ECMPoQm/fa/kitemviews5_qt.qm
[ 23%] Built target translations_20
[ 24%] Generating ECMPoQm/fi/kitemviews5_qt.qm
[ 25%] Generating ECMPoQm/fr/kitemviews5_qt.qm
[ 25%] Built target translations_23
[ 26%] Generating ECMPoQm/fy/kitemviews5_qt.qm
[ 26%] Built target translations_21
[ 26%] Generating ECMPoQm/ga/kitemviews5_qt.qm
[ 27%] Generating ECMPoQm/gd/kitemviews5_qt.qm
[ 27%] Built target translations_31
[ 28%] Generating ECMPoQm/gl/kitemviews5_qt.qm
Removed plural forms as the target language has less forms.
If this sounds wrong, possibly the target language is not set or recognized.
[ 28%] Built target translations_25
[ 28%] Built target translations_28
[ 28%] Built target translations_27
[ 28%] Built target translations_29
[ 29%] Generating ECMPoQm/gu/kitemviews5_qt.qm
[ 29%] Built target translations_26
[ 30%] Generating ECMPoQm/ha/kitemviews5_qt.qm
[ 30%] Built target translations_30
[ 32%] Generating ECMPoQm/he/kitemviews5_qt.qm
[ 32%] Generating ECMPoQm/hi/kitemviews5_qt.qm
[ 32%] Built target translations_24
[ 32%] Generating ECMPoQm/hne/kitemviews5_qt.qm
[ 33%] Generating ECMPoQm/hr/kitemviews5_qt.qm
[ 33%] Built target translations_32
[ 33%] Built target translations_34
[ 33%] Built target translations_35
[ 34%] Generating ECMPoQm/hsb/kitemviews5_qt.qm
[ 35%] Generating ECMPoQm/hu/kitemviews5_qt.qm
[ 36%] Generating ECMPoQm/hy/kitemviews5_qt.qm
[ 37%] Generating ECMPoQm/ia/kitemviews5_qt.qm
Removed plural forms as the target language has less forms.
If this sounds wrong, possibly the target language is not set or recognized.
[ 37%] Built target translations_36
Removed plural forms as the target language has less forms.
If this sounds wrong, possibly the target language is not set or recognized.
Removed plural forms as the target language has less forms.
If this sounds wrong, possibly the target language is not set or recognized.
[ 37%] Built target translations_33
[ 37%] Generating ECMPoQm/id/kitemviews5_qt.qm
[ 37%] Built target translations_37
[ 38%] Generating ECMPoQm/is/kitemviews5_qt.qm
Removed plural forms as the target language has less forms.
If this sounds wrong, possibly the target language is not set or recognized.
[ 38%] Built target translations_40
[ 39%] Generating ECMPoQm/it/kitemviews5_qt.qm
[ 39%] Built target translations_39
[ 39%] Built target translations_38
[ 39%] Built target translations_42
[ 40%] Generating ECMPoQm/ja/kitemviews5_qt.qm
[ 41%] Generating ECMPoQm/ka/kitemviews5_qt.qm
[ 41%] Generating ECMPoQm/km/kitemviews5_qt.qm
[ 42%] Generating ECMPoQm/kk/kitemviews5_qt.qm
[ 42%] Built target translations_46
[ 42%] Built target translations_41
[ 42%] Built target translations_47
[ 43%] Generating ECMPoQm/kn/kitemviews5_qt.qm
[ 44%] Generating ECMPoQm/ko/kitemviews5_qt.qm
[ 45%] Generating ECMPoQm/ku/kitemviews5_qt.qm
[ 45%] Built target translations_51
[ 45%] Built target translations_43
[ 45%] Built target translations_44
[ 46%] Generating ECMPoQm/lb/kitemviews5_qt.qm
[ 47%] Generating ECMPoQm/lt/kitemviews5_qt.qm
[ 47%] Generating ECMPoQm/lv/kitemviews5_qt.qm
[ 47%] Built target translations_45
[ 47%] Built target translations_49
[ 47%] Built target translations_54
[ 47%] Built target translations_48
[ 48%] Generating ECMPoQm/mai/kitemviews5_qt.qm
[ 50%] Generating ECMPoQm/mk/kitemviews5_qt.qm
[ 51%] Generating ECMPoQm/ml/kitemviews5_qt.qm
[ 52%] Generating ECMPoQm/mr/kitemviews5_qt.qm
[ 52%] Built target translations_52
[ 52%] Built target translations_50
Removed plural forms as the target language has less forms.
If this sounds wrong, possibly the target language is not set or recognized.
[ 53%] Generating ECMPoQm/ms/kitemviews5_qt.qm
[ 53%] Generating ECMPoQm/nb/kitemviews5_qt.qm
[ 53%] Built target translations_55
[ 53%] Built target translations_61
[ 53%] Built target translations_53
[ 54%] Generating ECMPoQm/nds/kitemviews5_qt.qm
[ 54%] Built target translations_56
[ 55%] Generating ECMPoQm/ne/kitemviews5_qt.qm
[ 55%] Built target translations_58
[ 55%] Built target translations_57
Removed plural forms as the target language has less forms.
If this sounds wrong, possibly the target language is not set or recognized.
[ 56%] Generating ECMPoQm/nl/kitemviews5_qt.qm
[ 57%] Generating ECMPoQm/nn/kitemviews5_qt.qm
[ 58%] Generating ECMPoQm/oc/kitemviews5_qt.qm
[ 59%] Generating ECMPoQm/or/kitemviews5_qt.qm
[ 59%] Built target translations_59
[ 59%] Generating ECMPoQm/pa/kitemviews5_qt.qm
Removed plural forms as the target language has less forms.
If this sounds wrong, possibly the target language is not set or recognized.
[ 59%] Built target translations_65
[ 59%] Built target translations_60
[ 60%] Generating ECMPoQm/pl/kitemviews5_qt.qm
[ 61%] Generating ECMPoQm/ps/kitemviews5_qt.qm
[ 61%] Built target translations_62
[ 61%] Built target translations_64
[ 62%] Generating ECMPoQm/pt/kitemviews5_qt.qm
[ 63%] Generating ECMPoQm/pt_BR/kitemviews5_qt.qm
[ 63%] Built target translations_66
[ 63%] Built target translations_63
[ 64%] Generating ECMPoQm/ro/kitemviews5_qt.qm
[ 64%] Generating ECMPoQm/ru/kitemviews5_qt.qm
[ 64%] Built target translations_67
[ 64%] Built target translations_72
[ 64%] Built target translations_71
[ 64%] Built target translations_68
[ 65%] Generating ECMPoQm/si/kitemviews5_qt.qm
[ 66%] Generating ECMPoQm/sk/kitemviews5_qt.qm
[ 67%] Generating ECMPoQm/se/kitemviews5_qt.qm
[ 68%] Generating ECMPoQm/sl/kitemviews5_qt.qm
[ 68%] Built target translations_75
[ 68%] Built target translations_70
[ 68%] Built target translations_69
Removed plural forms as the target language has less forms.
If this sounds wrong, possibly the target language is not set or recognized.
[ 69%] Generating ECMPoQm/sr/kitemviews5_qt.qm
[ 69%] Generating ECMPoQm/sr@ijekavian/kitemviews5_qt.qm
[ 70%] Generating ECMPoQm/sq/kitemviews5_qt.qm
[ 70%] Built target translations_74
[ 70%] Built target translations_80
[ 70%] Built target translations_81
[ 70%] Built target translations_73
[ 71%] Generating ECMPoQm/sr@ijekavianlatin/kitemviews5_qt.qm
[ 72%] Generating ECMPoQm/sr@latin/kitemviews5_qt.qm
[ 73%] Generating ECMPoQm/sv/kitemviews5_qt.qm
[ 74%] Generating ECMPoQm/ta/kitemviews5_qt.qm
[ 74%] Built target translations_77
[ 74%] Built target translations_83
[ 74%] Built target translations_84
[ 74%] Built target translations_82
[ 74%] Built target translations_76
[ 74%] Built target translations_78
[ 74%] Generating ECMPoQm/tg/kitemviews5_qt.qm
[ 76%] Generating ECMPoQm/th/kitemviews5_qt.qm
[ 76%] Generating ECMPoQm/te/kitemviews5_qt.qm
[ 77%] Generating ECMPoQm/tr/kitemviews5_qt.qm
[ 78%] Generating ECMPoQm/tt/kitemviews5_qt.qm
[ 79%] Generating ECMPoQm/ug/kitemviews5_qt.qm
[ 79%] Built target translations_79
[ 80%] Generating ECMPoQm/uk/kitemviews5_qt.qm
[ 80%] Built target translations_89
[ 80%] Generating ECMPoQm/uz/kitemviews5_qt.qm
[ 80%] Built target translations_92
Removed plural forms as the target language has less forms.
If this sounds wrong, possibly the target language is not set or recognized.
Removed plural forms as the target language has less forms.
If this sounds wrong, possibly the target language is not set or recognized.
[ 80%] Built target translations_85
[ 81%] Generating ECMPoQm/uz@cyrillic/kitemviews5_qt.qm
[ 82%] Generating ECMPoQm/vi/kitemviews5_qt.qm
[ 82%] Built target translations_91
[ 82%] Built target translations_90
[ 82%] Built target translations_87
[ 82%] Built target translations_86
[ 83%] Generating ECMPoQm/wa/kitemviews5_qt.qm
[ 83%] Built target translations_95
[ 83%] Built target translations_88
[ 84%] Generating ECMPoQm/xh/kitemviews5_qt.qm
[ 85%] Generating ECMPoQm/zh_CN/kitemviews5_qt.qm
[ 86%] Generating ECMPoQm/zh_HK/kitemviews5_qt.qm
[ 87%] Generating ECMPoQm/zh_TW/kitemviews5_qt.qm
[ 88%] Automatic MOC for target KF5ItemViews
[ 88%] Built target translations_93
[ 88%] Built target translations_98
[ 88%] Built target translations_100
[ 88%] Built target translations_94
[ 88%] Built target translations_97
[ 88%] Built target translations_96
[ 88%] Built target translations_99
[ 88%] Built target KF5ItemViews_autogen
[ 88%] Building CXX object src/CMakeFiles/KF5ItemViews.dir/KF5ItemViews_autogen/mocs_compilation.cpp.o
[ 90%] Building CXX object src/CMakeFiles/KF5ItemViews.dir/kcategorizedsortfilterproxymodel.cpp.o
[ 90%] Building CXX object src/CMakeFiles/KF5ItemViews.dir/ECMQmLoader-kitemviews5_qt.cpp.o
[ 91%] Building CXX object src/CMakeFiles/KF5ItemViews.dir/kcategorizedview.cpp.o
[ 92%] Building CXX object src/CMakeFiles/KF5ItemViews.dir/kcategorydrawer.cpp.o
[ 93%] Building CXX object src/CMakeFiles/KF5ItemViews.dir/kextendableitemdelegate.cpp.o
[ 93%] Building CXX object src/CMakeFiles/KF5ItemViews.dir/kfilterproxysearchline.cpp.o
[ 94%] Building CXX object src/CMakeFiles/KF5ItemViews.dir/klistwidgetsearchline.cpp.o
[ 95%] Building CXX object src/CMakeFiles/KF5ItemViews.dir/ktreewidgetsearchline.cpp.o
[ 96%] Building CXX object src/CMakeFiles/KF5ItemViews.dir/ktreewidgetsearchlinewidget.cpp.o
[ 97%] Building CXX object src/CMakeFiles/KF5ItemViews.dir/kwidgetitemdelegate.cpp.o
[ 98%] Building CXX object src/CMakeFiles/KF5ItemViews.dir/kwidgetitemdelegatepool.cpp.o
[100%] Building CXX object src/CMakeFiles/KF5ItemViews.dir/kitemviews_debug.cpp.o
[100%] Linking CXX shared library ../bin/libKF5ItemViews.so
[100%] Built target KF5ItemViews
