# kdesrc-build running: 'make' 'install/fast'
# from directory: /home/szybet/kdesrc/build/frameworks/kparts
Install the project...
-- Install configuration: "Debug"
-- Up-to-date: /mnt/HDD/Project/Public/okulartry/okular-things/share/locale
-- Up-to-date: /mnt/HDD/Project/Public/okulartry/okular-things/share/locale/da
-- Up-to-date: /mnt/HDD/Project/Public/okulartry/okular-things/share/locale/da/LC_MESSAGES
-- Installing: /mnt/HDD/Project/Public/okulartry/okular-things/share/locale/da/LC_MESSAGES/kparts5.mo
-- Up-to-date: /mnt/HDD/Project/Public/okulartry/okular-things/share/locale/mai
-- Up-to-date: /mnt/HDD/Project/Public/okulartry/okular-things/share/locale/mai/LC_MESSAGES
-- Installing: /mnt/HDD/Project/Public/okulartry/okular-things/share/locale/mai/LC_MESSAGES/kparts5.mo
-- Up-to-date: /mnt/HDD/Project/Public/okulartry/okular-things/share/locale/tr
-- Up-to-date: /mnt/HDD/Project/Public/okulartry/okular-things/share/locale/tr/LC_MESSAGES
-- Installing: /mnt/HDD/Project/Public/okulartry/okular-things/share/locale/tr/LC_MESSAGES/kparts5.mo
-- Up-to-date: /mnt/HDD/Project/Public/okulartry/okular-things/share/locale/ko
-- Up-to-date: /mnt/HDD/Project/Public/okulartry/okular-things/share/locale/ko/LC_MESSAGES
-- Installing: /mnt/HDD/Project/Public/okulartry/okular-things/share/locale/ko/LC_MESSAGES/kparts5.mo
-- Up-to-date: /mnt/HDD/Project/Public/okulartry/okular-things/share/locale/id
-- Up-to-date: /mnt/HDD/Project/Public/okulartry/okular-things/share/locale/id/LC_MESSAGES
-- Installing: /mnt/HDD/Project/Public/okulartry/okular-things/share/locale/id/LC_MESSAGES/kparts5.mo
-- Up-to-date: /mnt/HDD/Project/Public/okulartry/okular-things/share/locale/cs
-- Up-to-date: /mnt/HDD/Project/Public/okulartry/okular-things/share/locale/cs/LC_MESSAGES
-- Installing: /mnt/HDD/Project/Public/okulartry/okular-things/share/locale/cs/LC_MESSAGES/kparts5.mo
-- Up-to-date: /mnt/HDD/Project/Public/okulartry/okular-things/share/locale/cy
-- Up-to-date: /mnt/HDD/Project/Public/okulartry/okular-things/share/locale/cy/LC_MESSAGES
-- Installing: /mnt/HDD/Project/Public/okulartry/okular-things/share/locale/cy/LC_MESSAGES/kparts5.mo
-- Up-to-date: /mnt/HDD/Project/Public/okulartry/okular-things/share/locale/zh_TW
-- Up-to-date: /mnt/HDD/Project/Public/okulartry/okular-things/share/locale/zh_TW/LC_MESSAGES
-- Installing: /mnt/HDD/Project/Public/okulartry/okular-things/share/locale/zh_TW/LC_MESSAGES/kparts5.mo
-- Up-to-date: /mnt/HDD/Project/Public/okulartry/okular-things/share/locale/tt
-- Up-to-date: /mnt/HDD/Project/Public/okulartry/okular-things/share/locale/tt/LC_MESSAGES
-- Installing: /mnt/HDD/Project/Public/okulartry/okular-things/share/locale/tt/LC_MESSAGES/kparts5.mo
-- Up-to-date: /mnt/HDD/Project/Public/okulartry/okular-things/share/locale/sr
-- Up-to-date: /mnt/HDD/Project/Public/okulartry/okular-things/share/locale/sr/LC_MESSAGES
-- Installing: /mnt/HDD/Project/Public/okulartry/okular-things/share/locale/sr/LC_MESSAGES/kparts5.mo
-- Up-to-date: /mnt/HDD/Project/Public/okulartry/okular-things/share/locale/pl
-- Up-to-date: /mnt/HDD/Project/Public/okulartry/okular-things/share/locale/pl/LC_MESSAGES
-- Installing: /mnt/HDD/Project/Public/okulartry/okular-things/share/locale/pl/LC_MESSAGES/kparts5.mo
-- Up-to-date: /mnt/HDD/Project/Public/okulartry/okular-things/share/locale/as
-- Up-to-date: /mnt/HDD/Project/Public/okulartry/okular-things/share/locale/as/LC_MESSAGES
-- Installing: /mnt/HDD/Project/Public/okulartry/okular-things/share/locale/as/LC_MESSAGES/kparts5.mo
-- Up-to-date: /mnt/HDD/Project/Public/okulartry/okular-things/share/locale/af
-- Up-to-date: /mnt/HDD/Project/Public/okulartry/okular-things/share/locale/af/LC_MESSAGES
-- Installing: /mnt/HDD/Project/Public/okulartry/okular-things/share/locale/af/LC_MESSAGES/kparts5.mo
-- Up-to-date: /mnt/HDD/Project/Public/okulartry/okular-things/share/locale/tg
-- Up-to-date: /mnt/HDD/Project/Public/okulartry/okular-things/share/locale/tg/LC_MESSAGES
-- Installing: /mnt/HDD/Project/Public/okulartry/okular-things/share/locale/tg/LC_MESSAGES/kparts5.mo
-- Up-to-date: /mnt/HDD/Project/Public/okulartry/okular-things/share/locale/zh_CN
-- Up-to-date: /mnt/HDD/Project/Public/okulartry/okular-things/share/locale/zh_CN/LC_MESSAGES
-- Installing: /mnt/HDD/Project/Public/okulartry/okular-things/share/locale/zh_CN/LC_MESSAGES/kparts5.mo
-- Up-to-date: /mnt/HDD/Project/Public/okulartry/okular-things/share/locale/ne
-- Up-to-date: /mnt/HDD/Project/Public/okulartry/okular-things/share/locale/ne/LC_MESSAGES
-- Installing: /mnt/HDD/Project/Public/okulartry/okular-things/share/locale/ne/LC_MESSAGES/kparts5.mo
-- Up-to-date: /mnt/HDD/Project/Public/okulartry/okular-things/share/locale/pt_BR
-- Up-to-date: /mnt/HDD/Project/Public/okulartry/okular-things/share/locale/pt_BR/LC_MESSAGES
-- Installing: /mnt/HDD/Project/Public/okulartry/okular-things/share/locale/pt_BR/LC_MESSAGES/kparts5.mo
-- Up-to-date: /mnt/HDD/Project/Public/okulartry/okular-things/share/locale/br
-- Up-to-date: /mnt/HDD/Project/Public/okulartry/okular-things/share/locale/br/LC_MESSAGES
-- Installing: /mnt/HDD/Project/Public/okulartry/okular-things/share/locale/br/LC_MESSAGES/kparts5.mo
-- Up-to-date: /mnt/HDD/Project/Public/okulartry/okular-things/share/locale/kk
-- Up-to-date: /mnt/HDD/Project/Public/okulartry/okular-things/share/locale/kk/LC_MESSAGES
-- Installing: /mnt/HDD/Project/Public/okulartry/okular-things/share/locale/kk/LC_MESSAGES/kparts5.mo
-- Up-to-date: /mnt/HDD/Project/Public/okulartry/okular-things/share/locale/lb
-- Up-to-date: /mnt/HDD/Project/Public/okulartry/okular-things/share/locale/lb/LC_MESSAGES
-- Installing: /mnt/HDD/Project/Public/okulartry/okular-things/share/locale/lb/LC_MESSAGES/kparts5.mo
-- Up-to-date: /mnt/HDD/Project/Public/okulartry/okular-things/share/locale/it
-- Up-to-date: /mnt/HDD/Project/Public/okulartry/okular-things/share/locale/it/LC_MESSAGES
-- Installing: /mnt/HDD/Project/Public/okulartry/okular-things/share/locale/it/LC_MESSAGES/kparts5.mo
-- Up-to-date: /mnt/HDD/Project/Public/okulartry/okular-things/share/locale/ml
-- Up-to-date: /mnt/HDD/Project/Public/okulartry/okular-things/share/locale/ml/LC_MESSAGES
-- Installing: /mnt/HDD/Project/Public/okulartry/okular-things/share/locale/ml/LC_MESSAGES/kparts5.mo
-- Up-to-date: /mnt/HDD/Project/Public/okulartry/okular-things/share/locale/be@latin
-- Up-to-date: /mnt/HDD/Project/Public/okulartry/okular-things/share/locale/be@latin/LC_MESSAGES
-- Installing: /mnt/HDD/Project/Public/okulartry/okular-things/share/locale/be@latin/LC_MESSAGES/kparts5.mo
-- Up-to-date: /mnt/HDD/Project/Public/okulartry/okular-things/share/locale/be
-- Up-to-date: /mnt/HDD/Project/Public/okulartry/okular-things/share/locale/be/LC_MESSAGES
-- Installing: /mnt/HDD/Project/Public/okulartry/okular-things/share/locale/be/LC_MESSAGES/kparts5.mo
-- Up-to-date: /mnt/HDD/Project/Public/okulartry/okular-things/share/locale/lv
-- Up-to-date: /mnt/HDD/Project/Public/okulartry/okular-things/share/locale/lv/LC_MESSAGES
-- Installing: /mnt/HDD/Project/Public/okulartry/okular-things/share/locale/lv/LC_MESSAGES/kparts5.mo
-- Up-to-date: /mnt/HDD/Project/Public/okulartry/okular-things/share/locale/ru
-- Up-to-date: /mnt/HDD/Project/Public/okulartry/okular-things/share/locale/ru/LC_MESSAGES
-- Installing: /mnt/HDD/Project/Public/okulartry/okular-things/share/locale/ru/LC_MESSAGES/kparts5.mo
-- Up-to-date: /mnt/HDD/Project/Public/okulartry/okular-things/share/locale/vi
-- Up-to-date: /mnt/HDD/Project/Public/okulartry/okular-things/share/locale/vi/LC_MESSAGES
-- Installing: /mnt/HDD/Project/Public/okulartry/okular-things/share/locale/vi/LC_MESSAGES/kparts5.mo
-- Up-to-date: /mnt/HDD/Project/Public/okulartry/okular-things/share/locale/fr
-- Up-to-date: /mnt/HDD/Project/Public/okulartry/okular-things/share/locale/fr/LC_MESSAGES
-- Installing: /mnt/HDD/Project/Public/okulartry/okular-things/share/locale/fr/LC_MESSAGES/kparts5.mo
-- Up-to-date: /mnt/HDD/Project/Public/okulartry/okular-things/share/locale/hi
-- Up-to-date: /mnt/HDD/Project/Public/okulartry/okular-things/share/locale/hi/LC_MESSAGES
-- Installing: /mnt/HDD/Project/Public/okulartry/okular-things/share/locale/hi/LC_MESSAGES/kparts5.mo
-- Up-to-date: /mnt/HDD/Project/Public/okulartry/okular-things/share/locale/si
-- Up-to-date: /mnt/HDD/Project/Public/okulartry/okular-things/share/locale/si/LC_MESSAGES
-- Installing: /mnt/HDD/Project/Public/okulartry/okular-things/share/locale/si/LC_MESSAGES/kparts5.mo
-- Up-to-date: /mnt/HDD/Project/Public/okulartry/okular-things/share/locale/ro
-- Up-to-date: /mnt/HDD/Project/Public/okulartry/okular-things/share/locale/ro/LC_MESSAGES
-- Installing: /mnt/HDD/Project/Public/okulartry/okular-things/share/locale/ro/LC_MESSAGES/kparts5.mo
-- Up-to-date: /mnt/HDD/Project/Public/okulartry/okular-things/share/locale/ga
-- Up-to-date: /mnt/HDD/Project/Public/okulartry/okular-things/share/locale/ga/LC_MESSAGES
-- Installing: /mnt/HDD/Project/Public/okulartry/okular-things/share/locale/ga/LC_MESSAGES/kparts5.mo
-- Up-to-date: /mnt/HDD/Project/Public/okulartry/okular-things/share/locale/hne
-- Up-to-date: /mnt/HDD/Project/Public/okulartry/okular-things/share/locale/hne/LC_MESSAGES
-- Installing: /mnt/HDD/Project/Public/okulartry/okular-things/share/locale/hne/LC_MESSAGES/kparts5.mo
-- Up-to-date: /mnt/HDD/Project/Public/okulartry/okular-things/share/locale/bn
-- Up-to-date: /mnt/HDD/Project/Public/okulartry/okular-things/share/locale/bn/LC_MESSAGES
-- Installing: /mnt/HDD/Project/Public/okulartry/okular-things/share/locale/bn/LC_MESSAGES/kparts5.mo
-- Up-to-date: /mnt/HDD/Project/Public/okulartry/okular-things/share/locale/pa
-- Up-to-date: /mnt/HDD/Project/Public/okulartry/okular-things/share/locale/pa/LC_MESSAGES
-- Installing: /mnt/HDD/Project/Public/okulartry/okular-things/share/locale/pa/LC_MESSAGES/kparts5.mo
-- Up-to-date: /mnt/HDD/Project/Public/okulartry/okular-things/share/locale/wa
-- Up-to-date: /mnt/HDD/Project/Public/okulartry/okular-things/share/locale/wa/LC_MESSAGES
-- Installing: /mnt/HDD/Project/Public/okulartry/okular-things/share/locale/wa/LC_MESSAGES/kparts5.mo
-- Up-to-date: /mnt/HDD/Project/Public/okulartry/okular-things/share/locale/es
-- Up-to-date: /mnt/HDD/Project/Public/okulartry/okular-things/share/locale/es/LC_MESSAGES
-- Installing: /mnt/HDD/Project/Public/okulartry/okular-things/share/locale/es/LC_MESSAGES/kparts5.mo
-- Up-to-date: /mnt/HDD/Project/Public/okulartry/okular-things/share/locale/ia
-- Up-to-date: /mnt/HDD/Project/Public/okulartry/okular-things/share/locale/ia/LC_MESSAGES
-- Installing: /mnt/HDD/Project/Public/okulartry/okular-things/share/locale/ia/LC_MESSAGES/kparts5.mo
-- Up-to-date: /mnt/HDD/Project/Public/okulartry/okular-things/share/locale/mr
-- Up-to-date: /mnt/HDD/Project/Public/okulartry/okular-things/share/locale/mr/LC_MESSAGES
-- Installing: /mnt/HDD/Project/Public/okulartry/okular-things/share/locale/mr/LC_MESSAGES/kparts5.mo
-- Up-to-date: /mnt/HDD/Project/Public/okulartry/okular-things/share/locale/fi
-- Up-to-date: /mnt/HDD/Project/Public/okulartry/okular-things/share/locale/fi/LC_MESSAGES
-- Installing: /mnt/HDD/Project/Public/okulartry/okular-things/share/locale/fi/LC_MESSAGES/kparts5.mo
-- Up-to-date: /mnt/HDD/Project/Public/okulartry/okular-things/share/locale/bs
-- Up-to-date: /mnt/HDD/Project/Public/okulartry/okular-things/share/locale/bs/LC_MESSAGES
-- Installing: /mnt/HDD/Project/Public/okulartry/okular-things/share/locale/bs/LC_MESSAGES/kparts5.mo
-- Up-to-date: /mnt/HDD/Project/Public/okulartry/okular-things/share/locale/nn
-- Up-to-date: /mnt/HDD/Project/Public/okulartry/okular-things/share/locale/nn/LC_MESSAGES
-- Installing: /mnt/HDD/Project/Public/okulartry/okular-things/share/locale/nn/LC_MESSAGES/kparts5.mo
-- Up-to-date: /mnt/HDD/Project/Public/okulartry/okular-things/share/locale/ja
-- Up-to-date: /mnt/HDD/Project/Public/okulartry/okular-things/share/locale/ja/LC_MESSAGES
-- Installing: /mnt/HDD/Project/Public/okulartry/okular-things/share/locale/ja/LC_MESSAGES/kparts5.mo
-- Up-to-date: /mnt/HDD/Project/Public/okulartry/okular-things/share/locale/xh
-- Up-to-date: /mnt/HDD/Project/Public/okulartry/okular-things/share/locale/xh/LC_MESSAGES
-- Installing: /mnt/HDD/Project/Public/okulartry/okular-things/share/locale/xh/LC_MESSAGES/kparts5.mo
-- Up-to-date: /mnt/HDD/Project/Public/okulartry/okular-things/share/locale/crh
-- Up-to-date: /mnt/HDD/Project/Public/okulartry/okular-things/share/locale/crh/LC_MESSAGES
-- Installing: /mnt/HDD/Project/Public/okulartry/okular-things/share/locale/crh/LC_MESSAGES/kparts5.mo
-- Up-to-date: /mnt/HDD/Project/Public/okulartry/okular-things/share/locale/csb
-- Up-to-date: /mnt/HDD/Project/Public/okulartry/okular-things/share/locale/csb/LC_MESSAGES
-- Installing: /mnt/HDD/Project/Public/okulartry/okular-things/share/locale/csb/LC_MESSAGES/kparts5.mo
-- Up-to-date: /mnt/HDD/Project/Public/okulartry/okular-things/share/locale/el
-- Up-to-date: /mnt/HDD/Project/Public/okulartry/okular-things/share/locale/el/LC_MESSAGES
-- Installing: /mnt/HDD/Project/Public/okulartry/okular-things/share/locale/el/LC_MESSAGES/kparts5.mo
-- Up-to-date: /mnt/HDD/Project/Public/okulartry/okular-things/share/locale/fy
-- Up-to-date: /mnt/HDD/Project/Public/okulartry/okular-things/share/locale/fy/LC_MESSAGES
-- Installing: /mnt/HDD/Project/Public/okulartry/okular-things/share/locale/fy/LC_MESSAGES/kparts5.mo
-- Up-to-date: /mnt/HDD/Project/Public/okulartry/okular-things/share/locale/uk
-- Up-to-date: /mnt/HDD/Project/Public/okulartry/okular-things/share/locale/uk/LC_MESSAGES
-- Installing: /mnt/HDD/Project/Public/okulartry/okular-things/share/locale/uk/LC_MESSAGES/kparts5.mo
-- Up-to-date: /mnt/HDD/Project/Public/okulartry/okular-things/share/locale/sk
-- Up-to-date: /mnt/HDD/Project/Public/okulartry/okular-things/share/locale/sk/LC_MESSAGES
-- Installing: /mnt/HDD/Project/Public/okulartry/okular-things/share/locale/sk/LC_MESSAGES/kparts5.mo
-- Up-to-date: /mnt/HDD/Project/Public/okulartry/okular-things/share/locale/gu
-- Up-to-date: /mnt/HDD/Project/Public/okulartry/okular-things/share/locale/gu/LC_MESSAGES
-- Installing: /mnt/HDD/Project/Public/okulartry/okular-things/share/locale/gu/LC_MESSAGES/kparts5.mo
-- Up-to-date: /mnt/HDD/Project/Public/okulartry/okular-things/share/locale/et
-- Up-to-date: /mnt/HDD/Project/Public/okulartry/okular-things/share/locale/et/LC_MESSAGES
-- Installing: /mnt/HDD/Project/Public/okulartry/okular-things/share/locale/et/LC_MESSAGES/kparts5.mo
-- Up-to-date: /mnt/HDD/Project/Public/okulartry/okular-things/share/locale/sl
-- Up-to-date: /mnt/HDD/Project/Public/okulartry/okular-things/share/locale/sl/LC_MESSAGES
-- Installing: /mnt/HDD/Project/Public/okulartry/okular-things/share/locale/sl/LC_MESSAGES/kparts5.mo
-- Up-to-date: /mnt/HDD/Project/Public/okulartry/okular-things/share/locale/de
-- Up-to-date: /mnt/HDD/Project/Public/okulartry/okular-things/share/locale/de/LC_MESSAGES
-- Installing: /mnt/HDD/Project/Public/okulartry/okular-things/share/locale/de/LC_MESSAGES/kparts5.mo
-- Up-to-date: /mnt/HDD/Project/Public/okulartry/okular-things/share/locale/ar
-- Up-to-date: /mnt/HDD/Project/Public/okulartry/okular-things/share/locale/ar/LC_MESSAGES
-- Installing: /mnt/HDD/Project/Public/okulartry/okular-things/share/locale/ar/LC_MESSAGES/kparts5.mo
-- Up-to-date: /mnt/HDD/Project/Public/okulartry/okular-things/share/locale/nb
-- Up-to-date: /mnt/HDD/Project/Public/okulartry/okular-things/share/locale/nb/LC_MESSAGES
-- Installing: /mnt/HDD/Project/Public/okulartry/okular-things/share/locale/nb/LC_MESSAGES/kparts5.mo
-- Up-to-date: /mnt/HDD/Project/Public/okulartry/okular-things/share/locale/fa
-- Up-to-date: /mnt/HDD/Project/Public/okulartry/okular-things/share/locale/fa/LC_MESSAGES
-- Installing: /mnt/HDD/Project/Public/okulartry/okular-things/share/locale/fa/LC_MESSAGES/kparts5.mo
-- Up-to-date: /mnt/HDD/Project/Public/okulartry/okular-things/share/locale/bn_IN
-- Up-to-date: /mnt/HDD/Project/Public/okulartry/okular-things/share/locale/bn_IN/LC_MESSAGES
-- Installing: /mnt/HDD/Project/Public/okulartry/okular-things/share/locale/bn_IN/LC_MESSAGES/kparts5.mo
-- Up-to-date: /mnt/HDD/Project/Public/okulartry/okular-things/share/locale/eu
-- Up-to-date: /mnt/HDD/Project/Public/okulartry/okular-things/share/locale/eu/LC_MESSAGES
-- Installing: /mnt/HDD/Project/Public/okulartry/okular-things/share/locale/eu/LC_MESSAGES/kparts5.mo
-- Up-to-date: /mnt/HDD/Project/Public/okulartry/okular-things/share/locale/hu
-- Up-to-date: /mnt/HDD/Project/Public/okulartry/okular-things/share/locale/hu/LC_MESSAGES
-- Installing: /mnt/HDD/Project/Public/okulartry/okular-things/share/locale/hu/LC_MESSAGES/kparts5.mo
-- Up-to-date: /mnt/HDD/Project/Public/okulartry/okular-things/share/locale/sq
-- Up-to-date: /mnt/HDD/Project/Public/okulartry/okular-things/share/locale/sq/LC_MESSAGES
-- Installing: /mnt/HDD/Project/Public/okulartry/okular-things/share/locale/sq/LC_MESSAGES/kparts5.mo
-- Up-to-date: /mnt/HDD/Project/Public/okulartry/okular-things/share/locale/lt
-- Up-to-date: /mnt/HDD/Project/Public/okulartry/okular-things/share/locale/lt/LC_MESSAGES
-- Installing: /mnt/HDD/Project/Public/okulartry/okular-things/share/locale/lt/LC_MESSAGES/kparts5.mo
-- Up-to-date: /mnt/HDD/Project/Public/okulartry/okular-things/share/locale/en_GB
-- Up-to-date: /mnt/HDD/Project/Public/okulartry/okular-things/share/locale/en_GB/LC_MESSAGES
-- Installing: /mnt/HDD/Project/Public/okulartry/okular-things/share/locale/en_GB/LC_MESSAGES/kparts5.mo
-- Up-to-date: /mnt/HDD/Project/Public/okulartry/okular-things/share/locale/sr@latin
-- Up-to-date: /mnt/HDD/Project/Public/okulartry/okular-things/share/locale/sr@latin/LC_MESSAGES
-- Installing: /mnt/HDD/Project/Public/okulartry/okular-things/share/locale/sr@latin/LC_MESSAGES/kparts5.mo
-- Up-to-date: /mnt/HDD/Project/Public/okulartry/okular-things/share/locale/oc
-- Up-to-date: /mnt/HDD/Project/Public/okulartry/okular-things/share/locale/oc/LC_MESSAGES
-- Installing: /mnt/HDD/Project/Public/okulartry/okular-things/share/locale/oc/LC_MESSAGES/kparts5.mo
-- Up-to-date: /mnt/HDD/Project/Public/okulartry/okular-things/share/locale/sr@ijekavianlatin
-- Up-to-date: /mnt/HDD/Project/Public/okulartry/okular-things/share/locale/sr@ijekavianlatin/LC_MESSAGES
-- Installing: /mnt/HDD/Project/Public/okulartry/okular-things/share/locale/sr@ijekavianlatin/LC_MESSAGES/kparts5.mo
-- Up-to-date: /mnt/HDD/Project/Public/okulartry/okular-things/share/locale/zh_HK
-- Up-to-date: /mnt/HDD/Project/Public/okulartry/okular-things/share/locale/zh_HK/LC_MESSAGES
-- Installing: /mnt/HDD/Project/Public/okulartry/okular-things/share/locale/zh_HK/LC_MESSAGES/kparts5.mo
-- Up-to-date: /mnt/HDD/Project/Public/okulartry/okular-things/share/locale/ug
-- Up-to-date: /mnt/HDD/Project/Public/okulartry/okular-things/share/locale/ug/LC_MESSAGES
-- Installing: /mnt/HDD/Project/Public/okulartry/okular-things/share/locale/ug/LC_MESSAGES/kparts5.mo
-- Up-to-date: /mnt/HDD/Project/Public/okulartry/okular-things/share/locale/mk
-- Up-to-date: /mnt/HDD/Project/Public/okulartry/okular-things/share/locale/mk/LC_MESSAGES
-- Installing: /mnt/HDD/Project/Public/okulartry/okular-things/share/locale/mk/LC_MESSAGES/kparts5.mo
-- Up-to-date: /mnt/HDD/Project/Public/okulartry/okular-things/share/locale/sv
-- Up-to-date: /mnt/HDD/Project/Public/okulartry/okular-things/share/locale/sv/LC_MESSAGES
-- Installing: /mnt/HDD/Project/Public/okulartry/okular-things/share/locale/sv/LC_MESSAGES/kparts5.mo
-- Up-to-date: /mnt/HDD/Project/Public/okulartry/okular-things/share/locale/ku
-- Up-to-date: /mnt/HDD/Project/Public/okulartry/okular-things/share/locale/ku/LC_MESSAGES
-- Installing: /mnt/HDD/Project/Public/okulartry/okular-things/share/locale/ku/LC_MESSAGES/kparts5.mo
-- Up-to-date: /mnt/HDD/Project/Public/okulartry/okular-things/share/locale/km
-- Up-to-date: /mnt/HDD/Project/Public/okulartry/okular-things/share/locale/km/LC_MESSAGES
-- Installing: /mnt/HDD/Project/Public/okulartry/okular-things/share/locale/km/LC_MESSAGES/kparts5.mo
-- Up-to-date: /mnt/HDD/Project/Public/okulartry/okular-things/share/locale/eo
-- Up-to-date: /mnt/HDD/Project/Public/okulartry/okular-things/share/locale/eo/LC_MESSAGES
-- Installing: /mnt/HDD/Project/Public/okulartry/okular-things/share/locale/eo/LC_MESSAGES/kparts5.mo
-- Up-to-date: /mnt/HDD/Project/Public/okulartry/okular-things/share/locale/ca
-- Up-to-date: /mnt/HDD/Project/Public/okulartry/okular-things/share/locale/ca/LC_MESSAGES
-- Installing: /mnt/HDD/Project/Public/okulartry/okular-things/share/locale/ca/LC_MESSAGES/kparts5.mo
-- Up-to-date: /mnt/HDD/Project/Public/okulartry/okular-things/share/locale/ka
-- Up-to-date: /mnt/HDD/Project/Public/okulartry/okular-things/share/locale/ka/LC_MESSAGES
-- Installing: /mnt/HDD/Project/Public/okulartry/okular-things/share/locale/ka/LC_MESSAGES/kparts5.mo
-- Up-to-date: /mnt/HDD/Project/Public/okulartry/okular-things/share/locale/gl
-- Up-to-date: /mnt/HDD/Project/Public/okulartry/okular-things/share/locale/gl/LC_MESSAGES
-- Installing: /mnt/HDD/Project/Public/okulartry/okular-things/share/locale/gl/LC_MESSAGES/kparts5.mo
-- Up-to-date: /mnt/HDD/Project/Public/okulartry/okular-things/share/locale/ha
-- Up-to-date: /mnt/HDD/Project/Public/okulartry/okular-things/share/locale/ha/LC_MESSAGES
-- Installing: /mnt/HDD/Project/Public/okulartry/okular-things/share/locale/ha/LC_MESSAGES/kparts5.mo
-- Up-to-date: /mnt/HDD/Project/Public/okulartry/okular-things/share/locale/az
-- Up-to-date: /mnt/HDD/Project/Public/okulartry/okular-things/share/locale/az/LC_MESSAGES
-- Installing: /mnt/HDD/Project/Public/okulartry/okular-things/share/locale/az/LC_MESSAGES/kparts5.mo
-- Up-to-date: /mnt/HDD/Project/Public/okulartry/okular-things/share/locale/my
-- Up-to-date: /mnt/HDD/Project/Public/okulartry/okular-things/share/locale/my/LC_MESSAGES
-- Installing: /mnt/HDD/Project/Public/okulartry/okular-things/share/locale/my/LC_MESSAGES/kparts5.mo
-- Up-to-date: /mnt/HDD/Project/Public/okulartry/okular-things/share/locale/kn
-- Up-to-date: /mnt/HDD/Project/Public/okulartry/okular-things/share/locale/kn/LC_MESSAGES
-- Installing: /mnt/HDD/Project/Public/okulartry/okular-things/share/locale/kn/LC_MESSAGES/kparts5.mo
-- Up-to-date: /mnt/HDD/Project/Public/okulartry/okular-things/share/locale/nds
-- Up-to-date: /mnt/HDD/Project/Public/okulartry/okular-things/share/locale/nds/LC_MESSAGES
-- Installing: /mnt/HDD/Project/Public/okulartry/okular-things/share/locale/nds/LC_MESSAGES/kparts5.mo
-- Up-to-date: /mnt/HDD/Project/Public/okulartry/okular-things/share/locale/te
-- Up-to-date: /mnt/HDD/Project/Public/okulartry/okular-things/share/locale/te/LC_MESSAGES
-- Installing: /mnt/HDD/Project/Public/okulartry/okular-things/share/locale/te/LC_MESSAGES/kparts5.mo
-- Up-to-date: /mnt/HDD/Project/Public/okulartry/okular-things/share/locale/or
-- Up-to-date: /mnt/HDD/Project/Public/okulartry/okular-things/share/locale/or/LC_MESSAGES
-- Installing: /mnt/HDD/Project/Public/okulartry/okular-things/share/locale/or/LC_MESSAGES/kparts5.mo
-- Up-to-date: /mnt/HDD/Project/Public/okulartry/okular-things/share/locale/bg
-- Up-to-date: /mnt/HDD/Project/Public/okulartry/okular-things/share/locale/bg/LC_MESSAGES
-- Installing: /mnt/HDD/Project/Public/okulartry/okular-things/share/locale/bg/LC_MESSAGES/kparts5.mo
-- Up-to-date: /mnt/HDD/Project/Public/okulartry/okular-things/share/locale/hy
-- Up-to-date: /mnt/HDD/Project/Public/okulartry/okular-things/share/locale/hy/LC_MESSAGES
-- Installing: /mnt/HDD/Project/Public/okulartry/okular-things/share/locale/hy/LC_MESSAGES/kparts5.mo
-- Up-to-date: /mnt/HDD/Project/Public/okulartry/okular-things/share/locale/pt
-- Up-to-date: /mnt/HDD/Project/Public/okulartry/okular-things/share/locale/pt/LC_MESSAGES
-- Installing: /mnt/HDD/Project/Public/okulartry/okular-things/share/locale/pt/LC_MESSAGES/kparts5.mo
-- Up-to-date: /mnt/HDD/Project/Public/okulartry/okular-things/share/locale/gd
-- Up-to-date: /mnt/HDD/Project/Public/okulartry/okular-things/share/locale/gd/LC_MESSAGES
-- Installing: /mnt/HDD/Project/Public/okulartry/okular-things/share/locale/gd/LC_MESSAGES/kparts5.mo
-- Up-to-date: /mnt/HDD/Project/Public/okulartry/okular-things/share/locale/th
-- Up-to-date: /mnt/HDD/Project/Public/okulartry/okular-things/share/locale/th/LC_MESSAGES
-- Installing: /mnt/HDD/Project/Public/okulartry/okular-things/share/locale/th/LC_MESSAGES/kparts5.mo
-- Up-to-date: /mnt/HDD/Project/Public/okulartry/okular-things/share/locale/hsb
-- Up-to-date: /mnt/HDD/Project/Public/okulartry/okular-things/share/locale/hsb/LC_MESSAGES
-- Installing: /mnt/HDD/Project/Public/okulartry/okular-things/share/locale/hsb/LC_MESSAGES/kparts5.mo
-- Up-to-date: /mnt/HDD/Project/Public/okulartry/okular-things/share/locale/he
-- Up-to-date: /mnt/HDD/Project/Public/okulartry/okular-things/share/locale/he/LC_MESSAGES
-- Installing: /mnt/HDD/Project/Public/okulartry/okular-things/share/locale/he/LC_MESSAGES/kparts5.mo
-- Up-to-date: /mnt/HDD/Project/Public/okulartry/okular-things/share/locale/uz@cyrillic
-- Up-to-date: /mnt/HDD/Project/Public/okulartry/okular-things/share/locale/uz@cyrillic/LC_MESSAGES
-- Installing: /mnt/HDD/Project/Public/okulartry/okular-things/share/locale/uz@cyrillic/LC_MESSAGES/kparts5.mo
-- Up-to-date: /mnt/HDD/Project/Public/okulartry/okular-things/share/locale/sr@ijekavian
-- Up-to-date: /mnt/HDD/Project/Public/okulartry/okular-things/share/locale/sr@ijekavian/LC_MESSAGES
-- Installing: /mnt/HDD/Project/Public/okulartry/okular-things/share/locale/sr@ijekavian/LC_MESSAGES/kparts5.mo
-- Up-to-date: /mnt/HDD/Project/Public/okulartry/okular-things/share/locale/ms
-- Up-to-date: /mnt/HDD/Project/Public/okulartry/okular-things/share/locale/ms/LC_MESSAGES
-- Installing: /mnt/HDD/Project/Public/okulartry/okular-things/share/locale/ms/LC_MESSAGES/kparts5.mo
-- Up-to-date: /mnt/HDD/Project/Public/okulartry/okular-things/share/locale/ps
-- Up-to-date: /mnt/HDD/Project/Public/okulartry/okular-things/share/locale/ps/LC_MESSAGES
-- Installing: /mnt/HDD/Project/Public/okulartry/okular-things/share/locale/ps/LC_MESSAGES/kparts5.mo
-- Up-to-date: /mnt/HDD/Project/Public/okulartry/okular-things/share/locale/se
-- Up-to-date: /mnt/HDD/Project/Public/okulartry/okular-things/share/locale/se/LC_MESSAGES
-- Installing: /mnt/HDD/Project/Public/okulartry/okular-things/share/locale/se/LC_MESSAGES/kparts5.mo
-- Up-to-date: /mnt/HDD/Project/Public/okulartry/okular-things/share/locale/nl
-- Up-to-date: /mnt/HDD/Project/Public/okulartry/okular-things/share/locale/nl/LC_MESSAGES
-- Installing: /mnt/HDD/Project/Public/okulartry/okular-things/share/locale/nl/LC_MESSAGES/kparts5.mo
-- Up-to-date: /mnt/HDD/Project/Public/okulartry/okular-things/share/locale/hr
-- Up-to-date: /mnt/HDD/Project/Public/okulartry/okular-things/share/locale/hr/LC_MESSAGES
-- Installing: /mnt/HDD/Project/Public/okulartry/okular-things/share/locale/hr/LC_MESSAGES/kparts5.mo
-- Up-to-date: /mnt/HDD/Project/Public/okulartry/okular-things/share/locale/ca@valencia
-- Up-to-date: /mnt/HDD/Project/Public/okulartry/okular-things/share/locale/ca@valencia/LC_MESSAGES
-- Installing: /mnt/HDD/Project/Public/okulartry/okular-things/share/locale/ca@valencia/LC_MESSAGES/kparts5.mo
-- Up-to-date: /mnt/HDD/Project/Public/okulartry/okular-things/share/locale/is
-- Up-to-date: /mnt/HDD/Project/Public/okulartry/okular-things/share/locale/is/LC_MESSAGES
-- Installing: /mnt/HDD/Project/Public/okulartry/okular-things/share/locale/is/LC_MESSAGES/kparts5.mo
-- Up-to-date: /mnt/HDD/Project/Public/okulartry/okular-things/share/locale/uz
-- Up-to-date: /mnt/HDD/Project/Public/okulartry/okular-things/share/locale/uz/LC_MESSAGES
-- Installing: /mnt/HDD/Project/Public/okulartry/okular-things/share/locale/uz/LC_MESSAGES/kparts5.mo
-- Up-to-date: /mnt/HDD/Project/Public/okulartry/okular-things/share/locale/ta
-- Up-to-date: /mnt/HDD/Project/Public/okulartry/okular-things/share/locale/ta/LC_MESSAGES
-- Installing: /mnt/HDD/Project/Public/okulartry/okular-things/share/locale/ta/LC_MESSAGES/kparts5.mo
-- Installing: /mnt/HDD/Project/Public/okulartry/okular-things/include/KF5/KParts/KParts/BrowserArguments
-- Installing: /mnt/HDD/Project/Public/okulartry/okular-things/include/KF5/KParts/KParts/BrowserExtension
-- Installing: /mnt/HDD/Project/Public/okulartry/okular-things/include/KF5/KParts/KParts/BrowserHostExtension
-- Installing: /mnt/HDD/Project/Public/okulartry/okular-things/include/KF5/KParts/KParts/BrowserInterface
-- Installing: /mnt/HDD/Project/Public/okulartry/okular-things/include/KF5/KParts/KParts/BrowserOpenOrSaveQuestion
-- Installing: /mnt/HDD/Project/Public/okulartry/okular-things/include/KF5/KParts/KParts/BrowserRun
-- Installing: /mnt/HDD/Project/Public/okulartry/okular-things/include/KF5/KParts/KParts/Event
-- Installing: /mnt/HDD/Project/Public/okulartry/okular-things/include/KF5/KParts/KParts/FileInfoExtension
-- Installing: /mnt/HDD/Project/Public/okulartry/okular-things/include/KF5/KParts/KParts/GUIActivateEvent
-- Installing: /mnt/HDD/Project/Public/okulartry/okular-things/include/KF5/KParts/KParts/HistoryProvider
-- Installing: /mnt/HDD/Project/Public/okulartry/okular-things/include/KF5/KParts/KParts/HtmlExtension
-- Installing: /mnt/HDD/Project/Public/okulartry/okular-things/include/KF5/KParts/KParts/HtmlSettingsInterface
-- Installing: /mnt/HDD/Project/Public/okulartry/okular-things/include/KF5/KParts/KParts/ListingFilterExtension
-- Installing: /mnt/HDD/Project/Public/okulartry/okular-things/include/KF5/KParts/KParts/ListingNotificationExtension
-- Installing: /mnt/HDD/Project/Public/okulartry/okular-things/include/KF5/KParts/KParts/LiveConnectExtension
-- Installing: /mnt/HDD/Project/Public/okulartry/okular-things/include/KF5/KParts/KParts/MainWindow
-- Installing: /mnt/HDD/Project/Public/okulartry/okular-things/include/KF5/KParts/KParts/OpenUrlArguments
-- Installing: /mnt/HDD/Project/Public/okulartry/okular-things/include/KF5/KParts/KParts/OpenUrlEvent
-- Installing: /mnt/HDD/Project/Public/okulartry/okular-things/include/KF5/KParts/KParts/Part
-- Installing: /mnt/HDD/Project/Public/okulartry/okular-things/include/KF5/KParts/KParts/PartActivateEvent
-- Installing: /mnt/HDD/Project/Public/okulartry/okular-things/include/KF5/KParts/KParts/PartBase
-- Installing: /mnt/HDD/Project/Public/okulartry/okular-things/include/KF5/KParts/KParts/PartLoader
-- Installing: /mnt/HDD/Project/Public/okulartry/okular-things/include/KF5/KParts/KParts/PartManager
-- Installing: /mnt/HDD/Project/Public/okulartry/okular-things/include/KF5/KParts/KParts/PartSelectEvent
-- Installing: /mnt/HDD/Project/Public/okulartry/okular-things/include/KF5/KParts/KParts/Plugin
-- Installing: /mnt/HDD/Project/Public/okulartry/okular-things/include/KF5/KParts/KParts/ReadOnlyPart
-- Installing: /mnt/HDD/Project/Public/okulartry/okular-things/include/KF5/KParts/KParts/ReadWritePart
-- Installing: /mnt/HDD/Project/Public/okulartry/okular-things/include/KF5/KParts/KParts/ScriptableExtension
-- Installing: /mnt/HDD/Project/Public/okulartry/okular-things/include/KF5/KParts/KParts/SelectorInterface
-- Installing: /mnt/HDD/Project/Public/okulartry/okular-things/include/KF5/KParts/KParts/StatusBarExtension
-- Installing: /mnt/HDD/Project/Public/okulartry/okular-things/include/KF5/KParts/KParts/TextExtension
-- Installing: /mnt/HDD/Project/Public/okulartry/okular-things/include/KF5/KParts/KParts/WindowArgs
-- Installing: /mnt/HDD/Project/Public/okulartry/okular-things/lib/libKF5Parts.so.5.107.0
-- Installing: /mnt/HDD/Project/Public/okulartry/okular-things/lib/libKF5Parts.so.5
-- Set runtime path of "/mnt/HDD/Project/Public/okulartry/okular-things/lib/libKF5Parts.so.5.107.0" to "/mnt/HDD/Project/Public/okulartry/okular-things/lib:/home/build/inkbox/compiled-binaries/arm-kobo-linux-gnueabihf/arm-kobo-linux-gnueabihf/sysroot/lib"
-- Installing: /mnt/HDD/Project/Public/okulartry/okular-things/lib/libKF5Parts.so
-- Installing: /mnt/HDD/Project/Public/okulartry/okular-things/share/kservicetypes5/kpart.desktop
-- Installing: /mnt/HDD/Project/Public/okulartry/okular-things/share/kservicetypes5/kparts-readonlypart.desktop
-- Installing: /mnt/HDD/Project/Public/okulartry/okular-things/share/kservicetypes5/kparts-readwritepart.desktop
-- Installing: /mnt/HDD/Project/Public/okulartry/okular-things/share/kservicetypes5/browserview.desktop
-- Installing: /mnt/HDD/Project/Public/okulartry/okular-things/include/KF5/KParts/kparts/kparts_export.h
-- Installing: /mnt/HDD/Project/Public/okulartry/okular-things/include/KF5/KParts/kparts/browserarguments.h
-- Installing: /mnt/HDD/Project/Public/okulartry/okular-things/include/KF5/KParts/kparts/browserextension.h
-- Installing: /mnt/HDD/Project/Public/okulartry/okular-things/include/KF5/KParts/kparts/browserhostextension.h
-- Installing: /mnt/HDD/Project/Public/okulartry/okular-things/include/KF5/KParts/kparts/browserinterface.h
-- Installing: /mnt/HDD/Project/Public/okulartry/okular-things/include/KF5/KParts/kparts/browseropenorsavequestion.h
-- Installing: /mnt/HDD/Project/Public/okulartry/okular-things/include/KF5/KParts/kparts/browserrun.h
-- Installing: /mnt/HDD/Project/Public/okulartry/okular-things/include/KF5/KParts/kparts/event.h
-- Installing: /mnt/HDD/Project/Public/okulartry/okular-things/include/KF5/KParts/kparts/fileinfoextension.h
-- Installing: /mnt/HDD/Project/Public/okulartry/okular-things/include/KF5/KParts/kparts/guiactivateevent.h
-- Installing: /mnt/HDD/Project/Public/okulartry/okular-things/include/KF5/KParts/kparts/historyprovider.h
-- Installing: /mnt/HDD/Project/Public/okulartry/okular-things/include/KF5/KParts/kparts/htmlextension.h
-- Installing: /mnt/HDD/Project/Public/okulartry/okular-things/include/KF5/KParts/kparts/htmlsettingsinterface.h
-- Installing: /mnt/HDD/Project/Public/okulartry/okular-things/include/KF5/KParts/kparts/listingfilterextension.h
-- Installing: /mnt/HDD/Project/Public/okulartry/okular-things/include/KF5/KParts/kparts/listingnotificationextension.h
-- Installing: /mnt/HDD/Project/Public/okulartry/okular-things/include/KF5/KParts/kparts/liveconnectextension.h
-- Installing: /mnt/HDD/Project/Public/okulartry/okular-things/include/KF5/KParts/kparts/mainwindow.h
-- Installing: /mnt/HDD/Project/Public/okulartry/okular-things/include/KF5/KParts/kparts/openurlarguments.h
-- Installing: /mnt/HDD/Project/Public/okulartry/okular-things/include/KF5/KParts/kparts/openurlevent.h
-- Installing: /mnt/HDD/Project/Public/okulartry/okular-things/include/KF5/KParts/kparts/part.h
-- Installing: /mnt/HDD/Project/Public/okulartry/okular-things/include/KF5/KParts/kparts/partactivateevent.h
-- Installing: /mnt/HDD/Project/Public/okulartry/okular-things/include/KF5/KParts/kparts/partbase.h
-- Installing: /mnt/HDD/Project/Public/okulartry/okular-things/include/KF5/KParts/kparts/partloader.h
-- Installing: /mnt/HDD/Project/Public/okulartry/okular-things/include/KF5/KParts/kparts/partmanager.h
-- Installing: /mnt/HDD/Project/Public/okulartry/okular-things/include/KF5/KParts/kparts/partselectevent.h
-- Installing: /mnt/HDD/Project/Public/okulartry/okular-things/include/KF5/KParts/kparts/plugin.h
-- Installing: /mnt/HDD/Project/Public/okulartry/okular-things/include/KF5/KParts/kparts/readonlypart.h
-- Installing: /mnt/HDD/Project/Public/okulartry/okular-things/include/KF5/KParts/kparts/readwritepart.h
-- Installing: /mnt/HDD/Project/Public/okulartry/okular-things/include/KF5/KParts/kparts/scriptableextension.h
-- Installing: /mnt/HDD/Project/Public/okulartry/okular-things/include/KF5/KParts/kparts/selectorinterface.h
-- Installing: /mnt/HDD/Project/Public/okulartry/okular-things/include/KF5/KParts/kparts/statusbarextension.h
-- Installing: /mnt/HDD/Project/Public/okulartry/okular-things/include/KF5/KParts/kparts/textextension.h
-- Installing: /mnt/HDD/Project/Public/okulartry/okular-things/include/KF5/KParts/kparts/windowargs.h
-- Installing: /mnt/HDD/Project/Public/okulartry/okular-things/include/KF5/KParts/kde_terminal_interface.h
-- Installing: /mnt/HDD/Project/Public/okulartry/okular-things/share/qlogging-categories5/kparts.categories
-- Installing: /mnt/HDD/Project/Public/okulartry/okular-things/mkspecs/modules/qt_KParts.pri
-- Installing: /mnt/HDD/Project/Public/okulartry/okular-things/share/kdevappwizard/templates/kpartsapp.tar.bz2
-- Installing: /mnt/HDD/Project/Public/okulartry/okular-things/lib/cmake/KF5Parts/KF5PartsConfig.cmake
-- Installing: /mnt/HDD/Project/Public/okulartry/okular-things/lib/cmake/KF5Parts/KF5PartsConfigVersion.cmake
-- Installing: /mnt/HDD/Project/Public/okulartry/okular-things/lib/cmake/KF5Parts/KF5PartsTargets.cmake
-- Installing: /mnt/HDD/Project/Public/okulartry/okular-things/lib/cmake/KF5Parts/KF5PartsTargets-debug.cmake
-- Installing: /mnt/HDD/Project/Public/okulartry/okular-things/include/KF5/KParts/kparts_version.h
