# kdesrc-build running: 'make' '-j' '8'
# from directory: /home/szybet/kdesrc/build/frameworks/kwallet
-- 

Installing in /mnt/HDD/Project/Public/okulartry/okular-things. Run /home/szybet/kdesrc/build/frameworks/kwallet/prefix.sh to set the environment for KWallet.
-- The following REQUIRED packages have been found:

 * ECM (required version >= 5.106.0), Extra CMake Modules., <https://invent.kde.org/frameworks/extra-cmake-modules>
 * Qt5 (required version >= 5.15.2)
 * Qt5Core (required version >= 5.15.2)
 * KF5CoreAddons (required version >= 5.106.0)
 * Qt5DBus (required version >= 5.15.2)
 * KF5Config (required version >= 5.106.0)
 * Qt5Gui (required version >= 5.15.2)
 * Qt5Widgets (required version >= 5.15.2)
 * KF5WindowSystem (required version >= 5.106.0)
 * Gettext
 * KF5I18n (required version >= 5.106.0)

-- The following features have been disabled:

 * QCH, API documentation in QCH format (for e.g. Qt Assistant, Qt Creator & KDevelop)

-- Configuring done (0.1s)
-- Generating done (0.0s)
-- Build files have been written to: /home/szybet/kdesrc/build/frameworks/kwallet
[ 10%] Automatic MOC for target KF5Wallet
[ 30%] Generating ts...
[ 30%] Generating mo...
[ 30%] Built target KF5Wallet_autogen
[ 30%] Built target tsfiles-d7cba7fa33fd2290ceaea516854289f6
[ 30%] Built target pofiles-d7cba7fa33fd2290ceaea516854289f6
[100%] Built target KF5Wallet
