# kdesrc-build running: 'make' '-j' '8'
# from directory: /home/szybet/kdesrc/build/frameworks/kwidgetsaddons
[  0%] Built target translations_6
[  1%] Built target translations_2
[  1%] Built target translations_7
[  1%] Built target translations_3
[  1%] Built target translations_5
[  2%] Built target translations_4
[  2%] Built target translations_1
[  2%] Built target translations_8
[  2%] Built target translations_11
[  2%] Built target translations_9
[  3%] Built target translations_10
[  3%] Built target translations_12
[  3%] Built target translations_13
[  4%] Built target translations_14
[  4%] Built target translations_15
[  4%] Built target translations_16
[  4%] Built target translations_20
[  5%] Built target translations_19
[  5%] Built target translations_21
[  6%] Built target translations_22
[  6%] Built target translations_18
[  6%] Built target translations_17
[  6%] Built target translations_23
[  6%] Built target translations_24
[  6%] Built target translations_25
[  6%] Built target translations_26
[  7%] Built target translations_27
[  8%] Built target translations_29
[  8%] Built target translations_31
[  8%] Built target translations_28
[  8%] Built target translations_30
[  8%] Built target translations_32
[  8%] Built target translations_34
[  8%] Built target translations_33
[  9%] Built target translations_35
[  9%] Built target translations_36
[  9%] Built target translations_38
[  9%] Built target translations_37
[  9%] Built target translations_39
[  9%] Built target translations_40
[  9%] Built target translations_41
[  9%] Built target translations_42
[  9%] Built target translations_43
[ 10%] Built target translations_44
[ 10%] Built target translations_46
[ 10%] Built target translations_45
[ 10%] Built target translations_47
[ 11%] Built target translations_48
[ 11%] Built target translations_49
[ 11%] Built target translations_50
[ 11%] Built target translations_51
[ 12%] Built target translations_52
[ 12%] Built target translations_53
[ 12%] Built target translations_54
[ 12%] Built target translations_55
[ 13%] Built target translations_57
[ 13%] Built target translations_58
[ 13%] Built target translations_56
[ 13%] Built target translations_59
[ 14%] Built target translations_60
[ 14%] Built target translations_61
[ 14%] Built target translations_62
[ 14%] Built target translations_63
[ 14%] Built target translations_64
[ 15%] Built target translations_65
[ 15%] Built target translations_66
[ 15%] Built target translations_67
[ 15%] Built target translations_68
[ 15%] Built target translations_70
[ 15%] Built target translations_71
[ 15%] Built target translations_69
[ 15%] Built target translations_72
[ 16%] Built target translations_73
[ 16%] Built target translations_74
[ 16%] Built target translations_75
[ 16%] Built target translations_76
[ 16%] Built target translations_77
[ 16%] Built target translations_79
[ 17%] Built target translations_78
[ 17%] Built target translations_80
[ 17%] Built target translations_81
[ 18%] Built target translations_82
[ 18%] Built target translations_84
[ 18%] Built target translations_83
[ 18%] Built target translations_85
[ 19%] Built target translations_86
[ 19%] Built target translations_87
[ 19%] Built target translations_88
[ 19%] Built target translations_89
[ 20%] Built target translations_90
[ 20%] Built target translations_91
[ 20%] Built target translations_92
[ 20%] Built target translations_93
[ 21%] Built target translations_95
[ 21%] Built target translations_94
[ 21%] Built target translations_96
[ 21%] Built target translations_97
[ 21%] Built target translations_98
[ 22%] Built target translations_99
[ 22%] Built target translations_100
[ 22%] Automatic MOC for target KF5WidgetsAddons
[ 22%] Automatic MOC for target kdatetabletest
[ 22%] Built target kdatetabletest_autogen
[ 23%] Built target kdatetabletest
[ 23%] Built target KF5WidgetsAddons_autogen
[ 42%] Built target KF5WidgetsAddons
[ 43%] Automatic MOC for target kcharselect_unittest
[ 43%] Automatic MOC for target kcollapsiblegroupbox_test
[ 43%] Automatic MOC for target kcolorbuttontest
[ 43%] Automatic MOC for target kdatepickerpopupautotest
[ 43%] Automatic MOC for target kactionmenutest
[ 43%] Automatic MOC for target kdatepickerautotest
[ 44%] Automatic MOC for target kdatecomboboxtest
[ 44%] Automatic MOC for target kacceleratormanagertest
[ 44%] Built target kcollapsiblegroupbox_test_autogen
[ 44%] Built target kcharselect_unittest_autogen
[ 44%] Built target kdatepickerpopupautotest_autogen
[ 44%] Built target kcolorbuttontest_autogen
[ 44%] Built target kactionmenutest_autogen
[ 44%] Built target kdatepickerautotest_autogen
[ 44%] Built target kdatecomboboxtest_autogen
[ 44%] Built target kacceleratormanagertest_autogen
[ 44%] Automatic MOC for target kdatetimeedittest
[ 44%] Automatic MOC for target ksqueezedtextlabelautotest
[ 44%] Automatic MOC for target kpixmapsequencewidgettest
[ 45%] Automatic MOC for target kdualactiontest
[ 46%] Automatic MOC for target ktimecomboboxtest
[ 46%] Automatic MOC for target knewpasswordwidgettest
[ 47%] Automatic MOC for target kselectaction_unittest
[ 47%] Automatic MOC for target ktoolbarpopupactiontest
[ 47%] Built target kdatetimeedittest_autogen
[ 47%] Built target ksqueezedtextlabelautotest_autogen
[ 47%] Built target kpixmapsequencewidgettest_autogen
[ 47%] Built target ktimecomboboxtest_autogen
[ 47%] Built target kdualactiontest_autogen
[ 47%] Built target knewpasswordwidgettest_autogen
[ 47%] Built target kselectaction_unittest_autogen
[ 47%] Built target ktoolbarpopupactiontest_autogen
[ 47%] Automatic MOC for target ktooltipwidgettest
[ 47%] Automatic MOC for target kmessagewidgetautotest
[ 47%] Automatic MOC for target kpassworddialogautotest
[ 47%] Automatic MOC for target kpasswordlineedittest
[ 47%] Automatic MOC for target ksplittercollapserbuttontest
[ 47%] Automatic MOC for target kpagedialogautotest
[ 47%] Automatic MOC for target kmultitabbartest
[ 47%] Automatic MOC for target ktwofingertaptest
[ 47%] Built target kmessagewidgetautotest_autogen
[ 47%] Built target kpassworddialogautotest_autogen
[ 47%] Built target kmultitabbartest_autogen
[ 47%] Built target ksplittercollapserbuttontest_autogen
[ 47%] Built target ktooltipwidgettest_autogen
[ 47%] Built target kpagedialogautotest_autogen
[ 47%] Built target kpasswordlineedittest_autogen
[ 47%] Automatic MOC for target kanimatedbuttontest
[ 48%] Automatic MOC for target ktwofingerswipetest
[ 48%] Built target ktwofingertaptest_autogen
[ 49%] Automatic MOC for target kcollapsiblegroupboxtest
[ 49%] Automatic MOC and UIC for target kcolumnresizertest
[ 49%] Automatic MOC for target kcharselecttest
[ 49%] Automatic MOC for target kbusyindicatorwidgettest
[ 49%] Automatic MOC for target kdatecomboboxtestapp
[ 49%] Built target kcollapsiblegroupboxtest_autogen
[ 49%] Built target kanimatedbuttontest_autogen
[ 49%] Built target kcolumnresizertest_autogen
[ 49%] Built target ktwofingerswipetest_autogen
[ 49%] Automatic MOC for target kdatepicktest
[ 49%] Built target kcharselecttest_autogen
[ 49%] Built target kdatecomboboxtestapp_autogen
[ 49%] Built target kbusyindicatorwidgettest_autogen
[ 49%] Automatic MOC for target kdatepickerpopuptest
[ 49%] Built target kdatepicktest_autogen
[ 50%] Automatic MOC for target kgradientselectortest
[ 50%] Automatic MOC for target kdatetimeedittestapp
[ 50%] Automatic MOC for target kledtest
[ 50%] Automatic MOC for target kselectactiontest
[ 51%] Automatic MOC for target kmessageboxwidtest
[ 52%] Automatic MOC for target kmessageboxtest
[ 52%] Built target kdatepickerpopuptest_autogen
[ 52%] Built target kledtest_autogen
[ 52%] Built target kdatetimeedittestapp_autogen
[ 52%] Built target kmessageboxwidtest_autogen
[ 52%] Automatic MOC for target kseparatortest
[ 52%] Built target kgradientselectortest_autogen
[ 52%] Built target kselectactiontest_autogen
[ 52%] Built target kmessageboxtest_autogen
[ 52%] Built target kseparatortest_autogen
[ 52%] Automatic MOC for target kfontrequestertest
[ 52%] Automatic MOC for target ksqueezedtextlabeltest
[ 52%] Automatic MOC for target kfontchooserdialogtest
[ 53%] Automatic MOC for target kpassworddialogtest
[ 53%] Automatic MOC for target keditlistwidgettest
[ 53%] Automatic MOC for target ktitlewidgettest
[ 53%] Automatic MOC for target kratingwidgettest
[ 53%] Built target kfontchooserdialogtest_autogen
[ 53%] Built target ksqueezedtextlabeltest_autogen
[ 53%] Built target kfontrequestertest_autogen
[ 53%] Built target kpassworddialogtest_autogen
[ 53%] Built target keditlistwidgettest_autogen
[ 53%] Built target ktitlewidgettest_autogen
[ 53%] Built target kratingwidgettest_autogen
[ 53%] Automatic MOC for target kactionselectortest
[ 53%] Automatic MOC for target kcolorcombotest
[ 53%] Automatic MOC for target kpixmapregionselectordialogtest
[ 53%] Automatic MOC for target ktoolbarlabelactiontest
[ 53%] Built target kactionselectortest_autogen
[ 53%] Automatic MOC for target kpagedialogtest
[ 53%] Automatic MOC for target kpagewidgettest
[ 53%] Automatic MOC for target kassistantdialogtest
[ 53%] Automatic MOC for target kmessagewidgettest
[ 53%] Built target kcolorcombotest_autogen
[ 53%] Built target kpixmapregionselectordialogtest_autogen
[ 53%] Built target ktoolbarlabelactiontest_autogen
[ 53%] Built target kpagedialogtest_autogen
[ 53%] Built target kpagewidgettest_autogen
[ 53%] Automatic MOC for target kmessagedialogtest
[ 53%] Built target kassistantdialogtest_autogen
[ 53%] Built target kmessagewidgettest_autogen
[ 54%] Automatic MOC for target knewpassworddialogtest
[ 54%] Automatic MOC for target knewpasswordwidget_test
[ 54%] Automatic MOC for target kpixmapsequenceoverlaypaintertest
[ 54%] Automatic MOC for target kmimetypechoosertest
[ 54%] Built target kmessagedialogtest_autogen
[ 54%] Automatic MOC for target ksplittercollapserbuttongui_test
[ 54%] Automatic MOC for target kpasswordlineedit_test
[ 54%] Automatic MOC for target ktooltipwidget_test
[ 54%] Built target knewpassworddialogtest_autogen
[ 54%] Built target knewpasswordwidget_test_autogen
[ 54%] Built target kmimetypechoosertest_autogen
[ 54%] Automatic MOC for target ktwofingertap_test
[ 54%] Built target kpixmapsequenceoverlaypaintertest_autogen
[ 54%] Built target ksplittercollapserbuttongui_test_autogen
[ 54%] Built target kpasswordlineedit_test_autogen
[ 54%] Built target ktooltipwidget_test_autogen
[ 54%] Built target ktwofingertap_test_autogen
[ 54%] Automatic MOC for target ktwofingerswipe_test
[ 54%] Automatic MOC for target kwidgetaddons-example-kmessagebox
[ 54%] Automatic MOC for target kcolumnresizertestapp
[ 54%] Built target kacceleratormanagertest
[ 54%] Built target kcharselect_unittest
[ 55%] Built target kactionmenutest
[ 56%] Built target kcollapsiblegroupbox_test
[ 56%] Built target ktwofingerswipe_test_autogen
[ 56%] Built target kwidgetaddons-example-kmessagebox_autogen
[ 56%] Built target kcolumnresizertestapp_autogen
[ 57%] Built target kcolorbuttontest
[ 57%] Built target kdatecomboboxtest
[ 58%] Built target kdualactiontest
[ 59%] Built target kdatepickerpopupautotest
[ 59%] Built target kdatepickerautotest
[ 60%] Built target kdatetimeedittest
[ 61%] Built target kpixmapsequencewidgettest
[ 62%] Built target knewpasswordwidgettest
[ 62%] Built target kselectaction_unittest
[ 64%] Built target ksqueezedtextlabelautotest
[ 64%] Built target ktoolbarpopupactiontest
[ 65%] Built target ktooltipwidgettest
[ 66%] Built target kmessagewidgetautotest
[ 66%] Built target ktimecomboboxtest
[ 67%] Built target kpagedialogautotest
[ 68%] Built target kpassworddialogautotest
[ 69%] Built target kpasswordlineedittest
[ 70%] Built target ksplittercollapserbuttontest
[ 71%] Built target ktwofingertaptest
[ 71%] Built target ktwofingerswipetest
[ 72%] Built target kmultitabbartest
[ 72%] Built target kcolumnresizertest
[ 73%] Built target kanimatedbuttontest
[ 74%] Built target kbusyindicatorwidgettest
[ 74%] Built target kcharselecttest
[ 75%] Built target kcollapsiblegroupboxtest
[ 75%] Built target kdatecomboboxtestapp
[ 76%] Built target kdatepicktest
[ 77%] Built target kdatepickerpopuptest
[ 77%] Built target kdatetimeedittestapp
[ 78%] Built target kgradientselectortest
[ 79%] Built target kledtest
[ 79%] Built target kmessageboxtest
[ 80%] Built target kseparatortest
[ 80%] Built target kmessageboxwidtest
[ 80%] Built target kselectactiontest
[ 81%] Built target ksqueezedtextlabeltest
[ 81%] Built target ktitlewidgettest
[ 82%] Built target kfontchooserdialogtest
[ 82%] Built target kpassworddialogtest
[ 83%] Built target kfontrequestertest
[ 84%] Built target kactionselectortest
[ 84%] Built target keditlistwidgettest
[ 86%] Built target kcolorcombotest
[ 86%] Built target kratingwidgettest
[ 87%] Built target kpixmapregionselectordialogtest
[ 88%] Built target ktoolbarlabelactiontest
[ 89%] Built target kpagedialogtest
[ 90%] Built target kpagewidgettest
[ 91%] Built target kmessagewidgettest
[ 91%] Built target kmessagedialogtest
[ 92%] Built target kassistantdialogtest
[ 92%] Built target knewpassworddialogtest
[ 92%] Built target knewpasswordwidget_test
[ 93%] Built target kpixmapsequenceoverlaypaintertest
[ 94%] Built target kmimetypechoosertest
[ 95%] Built target ksplittercollapserbuttongui_test
[ 95%] Built target kpasswordlineedit_test
[ 95%] Built target ktwofingertap_test
[ 96%] Built target ktooltipwidget_test
[ 97%] Built target ktwofingerswipe_test
[ 98%] Built target kcolumnresizertestapp
[100%] Built target kwidgetaddons-example-kmessagebox
