This file contains any messages produced by compilers while
running configure, to aid debugging if configure makes a mistake.

It was created by gdbsupport configure 1.0, which was
generated by GNU Autoconf 2.69.  Invocation command line was

  $ /mnt/HDD/Project/Public/okulartry/binutils-gdb/gdbsupport/configure --srcdir=.././gdbsupport --cache-file=./config.cache --with-gnu-as --with-gnu-ld --prefix=/home/build/inkbox/compiled-binaries/arm-kobo-linux-gnueabihf/arm-kobo-linux-gnueabihf/sysroot/ --with-build-sysroot=/home/build/inkbox/compiled-binaries/arm-kobo-linux-gnueabihf/arm-kobo-linux-gnueabihf/sysroot/ --program-transform-name=s,y,y, --disable-option-checking --disable-year2038 --build=x86_64-pc-linux-gnu --host=arm-linux-gnueabihf --target=arm-linux-gnueabihf

## --------- ##
## Platform. ##
## --------- ##

hostname = hyperbookszyb
uname -m = x86_64
uname -r = 6.1.28-1-lts
uname -s = Linux
uname -v = #1 SMP PREEMPT_DYNAMIC Thu, 11 May 2023 15:52:41 +0000

/usr/bin/uname -p = unknown
/bin/uname -X     = unknown

/bin/arch              = unknown
/usr/bin/arch -k       = unknown
/usr/convex/getsysinfo = unknown
/usr/bin/hostinfo      = unknown
/bin/machine           = unknown
/usr/bin/oslevel       = unknown
/bin/universe          = unknown

PATH: /home/szybet/kde/src/kdesrc-build
PATH: /home/szybet/.cargo/bin
PATH: /sbin
PATH: /bin
PATH: /usr/local/sbin
PATH: /usr/local/bin
PATH: /usr/bin
PATH: /usr/sbin
PATH: /home/szybet/.dotnet/tools
PATH: /usr/lib/jvm/default/bin
PATH: /usr/bin/site_perl
PATH: /usr/bin/vendor_perl
PATH: /usr/bin/core_perl
PATH: /usr/lib/rustup/bin
PATH: /home/build/inkbox/compiled-binaries/arm-kobo-linux-gnueabihf/bin/
PATH: /home/build/inkbox/compiled-binaries/qt-bin/qt-linux-5.15.2-kobo/bin/


## ----------- ##
## Core tests. ##
## ----------- ##

configure:2647: loading cache ./config.cache
configure:2772: checking build system type
configure:2786: result: x86_64-pc-linux-gnu
configure:2808: checking host system type
configure:2821: result: arm-unknown-linux-gnueabihf
configure:2843: checking target system type
configure:2856: result: arm-unknown-linux-gnueabihf
configure:2884: checking whether to enable maintainer-specific portions of Makefiles
configure:2893: result: no
configure:2951: checking for a BSD-compatible install
configure:3019: result: /bin/install -c
configure:3030: checking whether build environment is sane
configure:3085: result: yes
configure:3144: checking for arm-linux-gnueabihf-strip
configure:3174: result: no
configure:3184: checking for strip
configure:3211: result: strip
configure:3223: WARNING: using cross tools not prefixed with host triplet
configure:3236: checking for a thread-safe mkdir -p
configure:3275: result: /sbin/mkdir -p
configure:3282: checking for gawk
configure:3309: result: gawk
configure:3320: checking whether make sets $(MAKE)
configure:3342: result: yes
configure:3371: checking whether make supports nested variables
configure:3388: result: yes
configure:3525: checking whether make supports nested variables
configure:3542: result: yes
configure:3562: checking for arm-linux-gnueabihf-gcc
configure:3589: result: arm-kobo-linux-gnueabihf-gcc
configure:3858: checking for C compiler version
configure:3867: arm-kobo-linux-gnueabihf-gcc --version >&5
arm-kobo-linux-gnueabihf-gcc (crosstool-NG 1.24.0.519_3e2d99d - NiLuJe) 11.2.0
Copyright (C) 2021 Free Software Foundation, Inc.
This is free software; see the source for copying conditions.  There is NO
warranty; not even for MERCHANTABILITY or FITNESS FOR A PARTICULAR PURPOSE.

configure:3878: $? = 0
configure:3867: arm-kobo-linux-gnueabihf-gcc -v >&5
Using built-in specs.
COLLECT_GCC=arm-kobo-linux-gnueabihf-gcc
COLLECT_LTO_WRAPPER=/mnt/HDD/Project/inkbox-build/inkbox/compiled-binaries/arm-kobo-linux-gnueabihf/bin/../libexec/gcc/arm-kobo-linux-gnueabihf/11.2.0/lto-wrapper
Target: arm-kobo-linux-gnueabihf
Configured with: /home/nicolas/Development/kox/koxtoolchain/build/kobo/.build/arm-kobo-linux-gnueabihf/src/gcc/configure --build=x86_64-build_pc-linux-gnu --host=x86_64-build_pc-linux-gnu --target=arm-kobo-linux-gnueabihf --prefix=/home/nicolas/x-tools/arm-kobo-linux-gnueabihf --exec_prefix=/home/nicolas/x-tools/arm-kobo-linux-gnueabihf --with-sysroot=/home/nicolas/x-tools/arm-kobo-linux-gnueabihf/arm-kobo-linux-gnueabihf/sysroot --enable-languages=c,c++ --with-cpu=cortex-a8 --with-fpu=neon --with-float=hard --with-pkgversion='crosstool-NG 1.24.0.519_3e2d99d - NiLuJe' --enable-__cxa_atexit --disable-libmudflap --disable-libgomp --disable-libssp --disable-libquadmath --disable-libquadmath-support --disable-libsanitizer --disable-libmpx --with-gmp=/home/nicolas/Development/kox/koxtoolchain/build/kobo/.build/arm-kobo-linux-gnueabihf/buildtools --with-mpfr=/home/nicolas/Development/kox/koxtoolchain/build/kobo/.build/arm-kobo-linux-gnueabihf/buildtools --with-mpc=/home/nicolas/Development/kox/koxtoolchain/build/kobo/.build/arm-kobo-linux-gnueabihf/buildtools --with-isl=no --with-cloog=no --enable-lto --enable-threads=posix --with-linker-hash-style=gnu --enable-plugin --enable-gold --disable-nls --disable-multilib --with-diagnostics-color=always --with-local-prefix=/home/nicolas/x-tools/arm-kobo-linux-gnueabihf/arm-kobo-linux-gnueabihf/sysroot --enable-long-long --with-mode=thumb
Thread model: posix
Supported LTO compression algorithms: zlib zstd
gcc version 11.2.0 (crosstool-NG 1.24.0.519_3e2d99d - NiLuJe) 
configure:3878: $? = 0
configure:3867: arm-kobo-linux-gnueabihf-gcc -V >&5
[01m[Karm-kobo-linux-gnueabihf-gcc:[m[K [01;31m[Kerror: [m[Kunrecognized command-line option '[01m[K-V[m[K'
[01m[Karm-kobo-linux-gnueabihf-gcc:[m[K [01;31m[Kfatal error: [m[Kno input files
compilation terminated.
configure:3878: $? = 1
configure:3867: arm-kobo-linux-gnueabihf-gcc -qversion >&5
[01m[Karm-kobo-linux-gnueabihf-gcc:[m[K [01;31m[Kerror: [m[Kunrecognized command-line option '[01m[K-qversion[m[K'; did you mean '[01m[K--version[m[K'?
[01m[Karm-kobo-linux-gnueabihf-gcc:[m[K [01;31m[Kfatal error: [m[Kno input files
compilation terminated.
configure:3878: $? = 1
configure:3898: checking whether the C compiler works
configure:3920: arm-kobo-linux-gnueabihf-gcc -g -O2        conftest.c  >&5
configure:3924: $? = 0
configure:3972: result: yes
configure:3975: checking for C compiler default output file name
configure:3977: result: a.out
configure:3983: checking for suffix of executables
configure:3990: arm-kobo-linux-gnueabihf-gcc -o conftest -g -O2        conftest.c  >&5
configure:3994: $? = 0
configure:4016: result: 
configure:4038: checking whether we are cross compiling
configure:4076: result: yes
configure:4081: checking for suffix of object files
configure:4128: result: o
configure:4132: checking whether we are using the GNU C compiler
configure:4160: result: yes
configure:4169: checking whether arm-kobo-linux-gnueabihf-gcc accepts -g
configure:4230: result: yes
configure:4247: checking for arm-kobo-linux-gnueabihf-gcc option to accept ISO C89
configure:4323: result: none needed
configure:4348: checking whether arm-kobo-linux-gnueabihf-gcc understands -c and -o together
configure:4385: result: yes
configure:4413: checking for style of include used by make
configure:4441: result: GNU
configure:4467: checking dependency style of arm-kobo-linux-gnueabihf-gcc
configure:4578: result: gcc3
configure:4705: checking for C++ compiler version
configure:4714: arm-kobo-linux-gnueabihf-g++ --version >&5
arm-kobo-linux-gnueabihf-g++ (crosstool-NG 1.24.0.519_3e2d99d - NiLuJe) 11.2.0
Copyright (C) 2021 Free Software Foundation, Inc.
This is free software; see the source for copying conditions.  There is NO
warranty; not even for MERCHANTABILITY or FITNESS FOR A PARTICULAR PURPOSE.

configure:4725: $? = 0
configure:4714: arm-kobo-linux-gnueabihf-g++ -v >&5
Using built-in specs.
COLLECT_GCC=arm-kobo-linux-gnueabihf-g++
COLLECT_LTO_WRAPPER=/mnt/HDD/Project/inkbox-build/inkbox/compiled-binaries/arm-kobo-linux-gnueabihf/bin/../libexec/gcc/arm-kobo-linux-gnueabihf/11.2.0/lto-wrapper
Target: arm-kobo-linux-gnueabihf
Configured with: /home/nicolas/Development/kox/koxtoolchain/build/kobo/.build/arm-kobo-linux-gnueabihf/src/gcc/configure --build=x86_64-build_pc-linux-gnu --host=x86_64-build_pc-linux-gnu --target=arm-kobo-linux-gnueabihf --prefix=/home/nicolas/x-tools/arm-kobo-linux-gnueabihf --exec_prefix=/home/nicolas/x-tools/arm-kobo-linux-gnueabihf --with-sysroot=/home/nicolas/x-tools/arm-kobo-linux-gnueabihf/arm-kobo-linux-gnueabihf/sysroot --enable-languages=c,c++ --with-cpu=cortex-a8 --with-fpu=neon --with-float=hard --with-pkgversion='crosstool-NG 1.24.0.519_3e2d99d - NiLuJe' --enable-__cxa_atexit --disable-libmudflap --disable-libgomp --disable-libssp --disable-libquadmath --disable-libquadmath-support --disable-libsanitizer --disable-libmpx --with-gmp=/home/nicolas/Development/kox/koxtoolchain/build/kobo/.build/arm-kobo-linux-gnueabihf/buildtools --with-mpfr=/home/nicolas/Development/kox/koxtoolchain/build/kobo/.build/arm-kobo-linux-gnueabihf/buildtools --with-mpc=/home/nicolas/Development/kox/koxtoolchain/build/kobo/.build/arm-kobo-linux-gnueabihf/buildtools --with-isl=no --with-cloog=no --enable-lto --enable-threads=posix --with-linker-hash-style=gnu --enable-plugin --enable-gold --disable-nls --disable-multilib --with-diagnostics-color=always --with-local-prefix=/home/nicolas/x-tools/arm-kobo-linux-gnueabihf/arm-kobo-linux-gnueabihf/sysroot --enable-long-long --with-mode=thumb
Thread model: posix
Supported LTO compression algorithms: zlib zstd
gcc version 11.2.0 (crosstool-NG 1.24.0.519_3e2d99d - NiLuJe) 
configure:4725: $? = 0
configure:4714: arm-kobo-linux-gnueabihf-g++ -V >&5
[01m[Karm-kobo-linux-gnueabihf-g++:[m[K [01;31m[Kerror: [m[Kunrecognized command-line option '[01m[K-V[m[K'
[01m[Karm-kobo-linux-gnueabihf-g++:[m[K [01;31m[Kfatal error: [m[Kno input files
compilation terminated.
configure:4725: $? = 1
configure:4714: arm-kobo-linux-gnueabihf-g++ -qversion >&5
[01m[Karm-kobo-linux-gnueabihf-g++:[m[K [01;31m[Kerror: [m[Kunrecognized command-line option '[01m[K-qversion[m[K'; did you mean '[01m[K--version[m[K'?
[01m[Karm-kobo-linux-gnueabihf-g++:[m[K [01;31m[Kfatal error: [m[Kno input files
compilation terminated.
configure:4725: $? = 1
configure:4729: checking whether we are using the GNU C++ compiler
configure:4757: result: yes
configure:4766: checking whether arm-kobo-linux-gnueabihf-g++ accepts -g
configure:4827: result: yes
configure:4852: checking dependency style of arm-kobo-linux-gnueabihf-g++
configure:4963: result: gcc3
configure:4981: checking for arm-linux-gnueabihf-ranlib
configure:5008: result: arm-kobo-linux-gnueabihf-ranlib --plugin /mnt/HDD/Project/inkbox-build/inkbox/compiled-binaries/arm-kobo-linux-gnueabihf/bin/../libexec/gcc/arm-kobo-linux-gnueabihf/11.2.0/liblto_plugin.so
configure:5077: checking how to run the C preprocessor
configure:5147: result: arm-kobo-linux-gnueabihf-gcc -E
configure:5167: arm-kobo-linux-gnueabihf-gcc -E  conftest.c
configure:5167: $? = 0
configure:5181: arm-kobo-linux-gnueabihf-gcc -E  conftest.c
[01m[Kconftest.c:11:10:[m[K [01;31m[Kfatal error: [m[Kac_nonexistent.h: No such file or directory
   11 | #include [01;31m[K<ac_nonexistent.h>[m[K
      |          [01;31m[K^~~~~~~~~~~~~~~~~~[m[K
compilation terminated.
configure:5181: $? = 1
configure: failed program was:
| /* confdefs.h */
| #define PACKAGE_NAME "gdbsupport"
| #define PACKAGE_TARNAME "gdbsupport"
| #define PACKAGE_VERSION "1.0"
| #define PACKAGE_STRING "gdbsupport 1.0"
| #define PACKAGE_BUGREPORT ""
| #define PACKAGE_URL ""
| #define PACKAGE "gdbsupport"
| #define VERSION "1.0"
| /* end confdefs.h.  */
| #include <ac_nonexistent.h>
configure:5210: checking for grep that handles long lines and -e
configure:5268: result: /sbin/grep
configure:5273: checking for egrep
configure:5335: result: /sbin/grep -E
configure:5340: checking for ANSI C header files
configure:5444: result: yes
configure:5457: checking for sys/types.h
configure:5457: result: yes
configure:5457: checking for sys/stat.h
configure:5457: result: yes
configure:5457: checking for stdlib.h
configure:5457: result: yes
configure:5457: checking for string.h
configure:5457: result: yes
configure:5457: checking for memory.h
configure:5457: result: yes
configure:5457: checking for strings.h
configure:5457: result: yes
configure:5457: checking for inttypes.h
configure:5457: result: yes
configure:5457: checking for stdint.h
configure:5457: result: yes
configure:5457: checking for unistd.h
configure:5457: result: yes
configure:5470: checking for minix/config.h
configure:5470: result: no
configure:5491: checking whether it is safe to define __EXTENSIONS__
configure:5516: result: yes
configure:5543: checking for dlfcn.h
configure:5543: result: yes
configure:5556: checking for windows.h
configure:5556: result: no
configure:5583: checking for library containing dlsym
configure:5631: result: -ldl
configure:5703: checking for special C compiler options needed for large files
configure:5748: result: no
configure:5754: checking for _FILE_OFFSET_BITS value needed for large files
configure:5811: result: 64
configure:5909: checking whether arm-kobo-linux-gnueabihf-g++ supports C++11 features by default
configure:6210: result: yes
configure:6903: checking whether NLS is requested
configure:6909: result: yes
configure:6915: checking for catalogs to be installed
configure:6947: result: 
configure:6963: checking for long long
configure:6963: result: yes
configure:6974: checking size of long long
configure:6993: result: 8
configure:7007: checking whether basename is declared
configure:7007: result: yes
configure:7017: checking whether ffs is declared
configure:7017: result: yes
configure:7027: checking whether asprintf is declared
configure:7027: result: yes
configure:7037: checking whether vasprintf is declared
configure:7037: result: yes
configure:7047: checking whether snprintf is declared
configure:7047: result: yes
configure:7057: checking whether vsnprintf is declared
configure:7057: result: yes
configure:7068: checking whether strtol is declared
configure:7068: result: yes
configure:7078: checking whether strtoul is declared
configure:7078: result: yes
configure:7088: checking whether strtoll is declared
configure:7088: result: yes
configure:7098: checking whether strtoull is declared
configure:7098: result: yes
configure:7109: checking whether strverscmp is declared
configure:7109: result: yes
configure:7121: checking for size_t
configure:7121: result: yes
configure:7138: checking for stdlib.h
configure:7138: result: yes
configure:7138: checking for unistd.h
configure:7138: result: yes
configure:7138: checking for sys/param.h
configure:7138: result: yes
configure:7155: checking for pid_t
configure:7155: result: yes
configure:7166: checking for a sed that does not truncate output
configure:7230: result: /sbin/sed
configure:7275: checking for ld used by GCC
configure:7338: result: arm-kobo-linux-gnueabihf-ld
configure:7345: checking if the linker (arm-kobo-linux-gnueabihf-ld) is GNU ld
configure:7357: result: yes
configure:7363: checking for shared library run path origin
configure:7376: result: done
configure:7397: checking for ANSI C header files
configure:7501: result: yes
configure:7511: checking for working alloca.h
configure:7536: result: yes
configure:7544: checking for alloca
configure:7589: result: yes
configure:7707: checking for nl_langinfo and CODESET
configure:7732: result: yes
configure:7744: checking for linux/perf_event.h
configure:7744: result: yes
configure:7744: checking for locale.h
configure:7744: result: yes
configure:7744: checking for memory.h
configure:7744: result: yes
configure:7744: checking for signal.h
configure:7744: result: yes
configure:7744: checking for sys/resource.h
configure:7744: result: yes
configure:7744: checking for sys/socket.h
configure:7744: result: yes
configure:7744: checking for sys/un.h
configure:7744: result: yes
configure:7744: checking for sys/wait.h
configure:7744: result: yes
configure:7744: checking for thread_db.h
configure:7744: result: yes
configure:7744: checking for wait.h
configure:7744: result: yes
configure:7744: checking for termios.h
configure:7744: result: yes
configure:7744: checking for dlfcn.h
configure:7744: result: yes
configure:7744: checking for linux/elf.h
configure:7744: result: yes
configure:7744: checking for proc_service.h
configure:7744: result: no
configure:7744: checking for poll.h
configure:7744: result: yes
configure:7744: checking for sys/poll.h
configure:7744: result: yes
configure:7744: checking for sys/select.h
configure:7744: result: yes
configure:7758: checking for getpagesize
configure:7758: result: yes
configure:7767: checking for working mmap
configure:7924: result: no
configure:7935: checking for vfork.h
configure:7935: result: no
configure:7948: checking for fork
configure:7948: result: yes
configure:7948: checking for vfork
configure:7948: result: yes
configure:7958: checking for working fork
configure:7990: result: yes
configure:8011: checking for working vfork
configure:8121: result: yes
configure:8151: checking for fdwalk
configure:8151: result: no
configure:8151: checking for getrlimit
configure:8151: result: yes
configure:8151: checking for pipe
configure:8151: result: yes
configure:8151: checking for pipe2
configure:8151: result: yes
configure:8151: checking for poll
configure:8151: result: yes
configure:8151: checking for socketpair
configure:8151: result: yes
configure:8151: checking for sigaction
configure:8151: result: yes
configure:8151: checking for ptrace64
configure:8151: result: no
configure:8151: checking for sbrk
configure:8151: result: yes
configure:8151: checking for setns
configure:8151: result: no
configure:8151: checking for sigaltstack
configure:8151: result: yes
configure:8151: checking for sigprocmask
configure:8151: result: yes
configure:8151: checking for setpgid
configure:8151: result: yes
configure:8151: checking for setpgrp
configure:8151: result: yes
configure:8151: checking for getrusage
configure:8151: result: yes
configure:8151: checking for getauxval
configure:8151: result: no
configure:8151: checking for sigtimedwait
configure:8151: result: yes
configure:8164: checking whether ADDR_NO_RANDOMIZE is declared
configure:8164: result: yes
configure:8177: checking whether strstr is declared
configure:8177: result: yes
configure:8193: checking for struct stat.st_blocks
configure:8193: result: yes
configure:8202: checking for struct stat.st_blksize
configure:8202: result: yes
configure:8216: checking for library containing kinfo_getfile
configure:8264: result: no
configure:8276: checking for kinfo_getfile
configure:8276: result: no
configure:8493: checking whether arm-kobo-linux-gnueabihf-gcc is Clang
configure:8518: result: no
configure:8641: checking whether pthreads work with -pthread
configure:8735: arm-kobo-linux-gnueabihf-gcc -o conftest -g -O2     -pthread    conftest.c  -ldl  >&5
configure:8735: $? = 0
configure:8744: result: yes
configure:8763: checking for joinable pthread attribute
configure:8789: result: PTHREAD_CREATE_JOINABLE
configure:8803: checking whether more special flags are required for pthreads
configure:8816: result: no
configure:8824: checking for PTHREAD_PRIO_INHERIT
configure:8849: result: yes
configure:8953: checking for std::thread
configure:8987: result: yes
configure:8996: checking for pthread_sigmask
configure:8996: result: yes
configure:8996: checking for pthread_setname_np
configure:8996: result: yes
configure:9023: checking for sigsetjmp
configure:9051: result: yes
configure:9067: checking whether to use intel pt
configure:9069: result: auto
configure:9086: arm-kobo-linux-gnueabihf-gcc -E  conftest.c
[01m[Kconftest.c:96:5:[m[K [01;31m[Kerror: [m[K#error 
   96 |   # [01;31m[Kerror[m[K
      |     [01;31m[K^~~~~[m[K
configure:9086: $? = 1
configure: failed program was:
| /* confdefs.h */
| #define PACKAGE_NAME "gdbsupport"
| #define PACKAGE_TARNAME "gdbsupport"
| #define PACKAGE_VERSION "1.0"
| #define PACKAGE_STRING "gdbsupport 1.0"
| #define PACKAGE_BUGREPORT ""
| #define PACKAGE_URL ""
| #define PACKAGE "gdbsupport"
| #define VERSION "1.0"
| #define STDC_HEADERS 1
| #define HAVE_SYS_TYPES_H 1
| #define HAVE_SYS_STAT_H 1
| #define HAVE_STDLIB_H 1
| #define HAVE_STRING_H 1
| #define HAVE_MEMORY_H 1
| #define HAVE_STRINGS_H 1
| #define HAVE_INTTYPES_H 1
| #define HAVE_STDINT_H 1
| #define HAVE_UNISTD_H 1
| #define __EXTENSIONS__ 1
| #define _ALL_SOURCE 1
| #define _GNU_SOURCE 1
| #define _POSIX_PTHREAD_SEMANTICS 1
| #define _TANDEM_SOURCE 1
| #define HAVE_DLFCN_H 1
| #define _FILE_OFFSET_BITS 64
| #define HAVE_CXX11 1
| #define ENABLE_NLS 1
| #define HAVE_LONG_LONG 1
| #define SIZEOF_LONG_LONG 8
| #define HAVE_DECL_BASENAME 1
| #define HAVE_DECL_FFS 1
| #define HAVE_DECL_ASPRINTF 1
| #define HAVE_DECL_VASPRINTF 1
| #define HAVE_DECL_SNPRINTF 1
| #define HAVE_DECL_VSNPRINTF 1
| #define HAVE_DECL_STRTOL 1
| #define HAVE_DECL_STRTOUL 1
| #define HAVE_DECL_STRTOLL 1
| #define HAVE_DECL_STRTOULL 1
| #define HAVE_DECL_STRVERSCMP 1
| #define HAVE_STDLIB_H 1
| #define HAVE_UNISTD_H 1
| #define HAVE_SYS_PARAM_H 1
| #define STDC_HEADERS 1
| #define HAVE_ALLOCA_H 1
| #define HAVE_ALLOCA 1
| #define HAVE_LANGINFO_CODESET 1
| #define HAVE_LINUX_PERF_EVENT_H 1
| #define HAVE_LOCALE_H 1
| #define HAVE_MEMORY_H 1
| #define HAVE_SIGNAL_H 1
| #define HAVE_SYS_RESOURCE_H 1
| #define HAVE_SYS_SOCKET_H 1
| #define HAVE_SYS_UN_H 1
| #define HAVE_SYS_WAIT_H 1
| #define HAVE_THREAD_DB_H 1
| #define HAVE_WAIT_H 1
| #define HAVE_TERMIOS_H 1
| #define HAVE_DLFCN_H 1
| #define HAVE_LINUX_ELF_H 1
| #define HAVE_POLL_H 1
| #define HAVE_SYS_POLL_H 1
| #define HAVE_SYS_SELECT_H 1
| #define HAVE_GETPAGESIZE 1
| #define HAVE_FORK 1
| #define HAVE_VFORK 1
| #define HAVE_WORKING_VFORK 1
| #define HAVE_WORKING_FORK 1
| #define HAVE_GETRLIMIT 1
| #define HAVE_PIPE 1
| #define HAVE_PIPE2 1
| #define HAVE_POLL 1
| #define HAVE_SOCKETPAIR 1
| #define HAVE_SIGACTION 1
| #define HAVE_SBRK 1
| #define HAVE_SIGALTSTACK 1
| #define HAVE_SIGPROCMASK 1
| #define HAVE_SETPGID 1
| #define HAVE_SETPGRP 1
| #define HAVE_GETRUSAGE 1
| #define HAVE_SIGTIMEDWAIT 1
| #define HAVE_DECL_ADDR_NO_RANDOMIZE 1
| #define HAVE_DECL_STRSTR 1
| #define HAVE_STRUCT_STAT_ST_BLOCKS 1
| #define HAVE_STRUCT_STAT_ST_BLKSIZE 1
| #define HAVE_PTHREAD_PRIO_INHERIT 1
| #define HAVE_PTHREAD_SIGMASK 1
| #define HAVE_PTHREAD_SETNAME_NP 1
| #define CXX_STD_THREAD 1
| #define HAVE_SIGSETJMP 1
| /* end confdefs.h.  */
| 
|   #include <linux/perf_event.h>
|   #ifndef PERF_ATTR_SIZE_VER5
|   # error
|   #endif
| 
configure:9096: WARNING: linux/perf_event.h missing or too old; some features may be unavailable.
configure:9526: checking for libipt
configure:9555: result: no
configure:9582: WARNING: libipt is missing or unusable; some features may be unavailable.
configure:9626: checking for long long support in printf
configure:9662: result: no
configure:9675: checking for sys/procfs.h
configure:9675: result: yes
configure:9687: checking for gregset_t in sys/procfs.h
configure:9719: result: no
configure:9723: checking for fpregset_t in sys/procfs.h
configure:9755: result: no
configure:9759: checking for prgregset_t in sys/procfs.h
configure:9791: result: yes
configure:9795: checking for prfpregset_t in sys/procfs.h
configure:9827: result: yes
configure:9831: checking for prgregset32_t in sys/procfs.h
configure:9863: result: no
configure:9867: checking for lwpid_t in sys/procfs.h
configure:9899: result: yes
configure:9903: checking for psaddr_t in sys/procfs.h
configure:9935: result: yes
configure:9939: checking for elf_fpregset_t in sys/procfs.h
configure:9971: result: yes
configure:10032: checking for sys/ptrace.h
configure:10032: result: yes
configure:10032: checking for ptrace.h
configure:10032: result: no
configure:10055: checking return type of ptrace
configure:10099: result: long
configure:10109: checking types of arguments for ptrace
configure:10183: result: enum __ptrace_request,int,long,long
configure:10217: checking the compiler type
configure:10268: result: gcc
configure:10380: checking compiler warning flags
configure:10443: arm-kobo-linux-gnueabihf-g++ -c -g -O2     -Werror -Wall  conftest.cpp >&5
configure:10443: $? = 0
configure:10443: arm-kobo-linux-gnueabihf-g++ -c -g -O2     -Werror -Wpointer-arith  conftest.cpp >&5
configure:10443: $? = 0
configure:10443: arm-kobo-linux-gnueabihf-g++ -c -g -O2     -Werror -Wunused  conftest.cpp >&5
configure:10443: $? = 0
configure:10443: arm-kobo-linux-gnueabihf-g++ -c -g -O2     -Werror -Wunused-value  conftest.cpp >&5
configure:10443: $? = 0
configure:10427: arm-kobo-linux-gnueabihf-g++ -c -g -O2     -Werror -Wunused-variable  conftest.cpp >&5
configure:10427: $? = 0
configure:10443: arm-kobo-linux-gnueabihf-g++ -c -g -O2     -Werror -Wunused-function  conftest.cpp >&5
configure:10443: $? = 0
configure:10443: arm-kobo-linux-gnueabihf-g++ -c -g -O2     -Werror -Wswitch  conftest.cpp >&5
configure:10443: $? = 0
configure:10443: arm-kobo-linux-gnueabihf-g++ -c -g -O2     -Werror -Wchar-subscripts  conftest.cpp >&5
configure:10443: $? = 0
configure:10443: arm-kobo-linux-gnueabihf-g++ -c -g -O2     -Werror -Wempty-body  conftest.cpp >&5
configure:10443: $? = 0
configure:10443: arm-kobo-linux-gnueabihf-g++ -c -g -O2     -Werror -Wunused-but-set-parameter  conftest.cpp >&5
configure:10443: $? = 0
configure:10443: arm-kobo-linux-gnueabihf-g++ -c -g -O2     -Werror -Wunused-but-set-variable  conftest.cpp >&5
configure:10443: $? = 0
configure:10443: arm-kobo-linux-gnueabihf-g++ -c -g -O2     -Werror -Wsign-compare  conftest.cpp >&5
configure:10443: $? = 0
configure:10443: arm-kobo-linux-gnueabihf-g++ -c -g -O2     -Werror -Werror=maybe-uninitialized  conftest.cpp >&5
configure:10443: $? = 0
configure:10443: arm-kobo-linux-gnueabihf-g++ -c -g -O2     -Werror -Wmismatched-tags  conftest.cpp >&5
configure:10443: $? = 0
configure:10443: arm-kobo-linux-gnueabihf-g++ -c -g -O2     -Werror -Werror=deprecated-register  conftest.cpp >&5
[01m[Kcc1plus:[m[K [01;31m[Kerror: [m[K'[01m[K-Werror=deprecated-register[m[K': no option '[01m[K-Wdeprecated-register[m[K'; did you mean '[01m[K-Wdeprecated-copy-dtor[m[K'?
configure:10443: $? = 1
configure: failed program was:
| /* confdefs.h */
| #define PACKAGE_NAME "gdbsupport"
| #define PACKAGE_TARNAME "gdbsupport"
| #define PACKAGE_VERSION "1.0"
| #define PACKAGE_STRING "gdbsupport 1.0"
| #define PACKAGE_BUGREPORT ""
| #define PACKAGE_URL ""
| #define PACKAGE "gdbsupport"
| #define VERSION "1.0"
| #define STDC_HEADERS 1
| #define HAVE_SYS_TYPES_H 1
| #define HAVE_SYS_STAT_H 1
| #define HAVE_STDLIB_H 1
| #define HAVE_STRING_H 1
| #define HAVE_MEMORY_H 1
| #define HAVE_STRINGS_H 1
| #define HAVE_INTTYPES_H 1
| #define HAVE_STDINT_H 1
| #define HAVE_UNISTD_H 1
| #define __EXTENSIONS__ 1
| #define _ALL_SOURCE 1
| #define _GNU_SOURCE 1
| #define _POSIX_PTHREAD_SEMANTICS 1
| #define _TANDEM_SOURCE 1
| #define HAVE_DLFCN_H 1
| #define _FILE_OFFSET_BITS 64
| #define HAVE_CXX11 1
| #define ENABLE_NLS 1
| #define HAVE_LONG_LONG 1
| #define SIZEOF_LONG_LONG 8
| #define HAVE_DECL_BASENAME 1
| #define HAVE_DECL_FFS 1
| #define HAVE_DECL_ASPRINTF 1
| #define HAVE_DECL_VASPRINTF 1
| #define HAVE_DECL_SNPRINTF 1
| #define HAVE_DECL_VSNPRINTF 1
| #define HAVE_DECL_STRTOL 1
| #define HAVE_DECL_STRTOUL 1
| #define HAVE_DECL_STRTOLL 1
| #define HAVE_DECL_STRTOULL 1
| #define HAVE_DECL_STRVERSCMP 1
| #define HAVE_STDLIB_H 1
| #define HAVE_UNISTD_H 1
| #define HAVE_SYS_PARAM_H 1
| #define STDC_HEADERS 1
| #define HAVE_ALLOCA_H 1
| #define HAVE_ALLOCA 1
| #define HAVE_LANGINFO_CODESET 1
| #define HAVE_LINUX_PERF_EVENT_H 1
| #define HAVE_LOCALE_H 1
| #define HAVE_MEMORY_H 1
| #define HAVE_SIGNAL_H 1
| #define HAVE_SYS_RESOURCE_H 1
| #define HAVE_SYS_SOCKET_H 1
| #define HAVE_SYS_UN_H 1
| #define HAVE_SYS_WAIT_H 1
| #define HAVE_THREAD_DB_H 1
| #define HAVE_WAIT_H 1
| #define HAVE_TERMIOS_H 1
| #define HAVE_DLFCN_H 1
| #define HAVE_LINUX_ELF_H 1
| #define HAVE_POLL_H 1
| #define HAVE_SYS_POLL_H 1
| #define HAVE_SYS_SELECT_H 1
| #define HAVE_GETPAGESIZE 1
| #define HAVE_FORK 1
| #define HAVE_VFORK 1
| #define HAVE_WORKING_VFORK 1
| #define HAVE_WORKING_FORK 1
| #define HAVE_GETRLIMIT 1
| #define HAVE_PIPE 1
| #define HAVE_PIPE2 1
| #define HAVE_POLL 1
| #define HAVE_SOCKETPAIR 1
| #define HAVE_SIGACTION 1
| #define HAVE_SBRK 1
| #define HAVE_SIGALTSTACK 1
| #define HAVE_SIGPROCMASK 1
| #define HAVE_SETPGID 1
| #define HAVE_SETPGRP 1
| #define HAVE_GETRUSAGE 1
| #define HAVE_SIGTIMEDWAIT 1
| #define HAVE_DECL_ADDR_NO_RANDOMIZE 1
| #define HAVE_DECL_STRSTR 1
| #define HAVE_STRUCT_STAT_ST_BLOCKS 1
| #define HAVE_STRUCT_STAT_ST_BLKSIZE 1
| #define HAVE_PTHREAD_PRIO_INHERIT 1
| #define HAVE_PTHREAD_SIGMASK 1
| #define HAVE_PTHREAD_SETNAME_NP 1
| #define CXX_STD_THREAD 1
| #define HAVE_SIGSETJMP 1
| #define _STRUCTURED_PROC 1
| #define HAVE_SYS_PROCFS_H 1
| #define HAVE_PRGREGSET_T 1
| #define HAVE_PRFPREGSET_T 1
| #define HAVE_LWPID_T 1
| #define HAVE_PSADDR_T 1
| #define HAVE_ELF_FPREGSET_T 1
| #define HAVE_SYS_PTRACE_H 1
| #define PTRACE_TYPE_RET long
| #define PTRACE_TYPE_ARG1 enum __ptrace_request
| #define PTRACE_TYPE_ARG3 long
| #define PTRACE_TYPE_ARG4 long
| /* end confdefs.h.  */
| 
| int
| main ()
| {
| 
|   ;
|   return 0;
| }
configure:10443: arm-kobo-linux-gnueabihf-g++ -c -g -O2     -Werror -Wsuggest-override  conftest.cpp >&5
configure:10443: $? = 0
configure:10443: arm-kobo-linux-gnueabihf-g++ -c -g -O2     -Werror -Wimplicit-fallthrough=3  conftest.cpp >&5
configure:10443: $? = 0
configure:10443: arm-kobo-linux-gnueabihf-g++ -c -g -O2     -Werror -Wduplicated-cond  conftest.cpp >&5
configure:10443: $? = 0
configure:10443: arm-kobo-linux-gnueabihf-g++ -c -g -O2     -Werror -Wshadow=local  conftest.cpp >&5
configure:10443: $? = 0
configure:10443: arm-kobo-linux-gnueabihf-g++ -c -g -O2     -Werror -Wdeprecated-copy  conftest.cpp >&5
configure:10443: $? = 0
configure:10443: arm-kobo-linux-gnueabihf-g++ -c -g -O2     -Werror -Wdeprecated-copy-dtor  conftest.cpp >&5
configure:10443: $? = 0
configure:10443: arm-kobo-linux-gnueabihf-g++ -c -g -O2     -Werror -Wredundant-move  conftest.cpp >&5
configure:10443: $? = 0
configure:10443: arm-kobo-linux-gnueabihf-g++ -c -g -O2     -Werror -Wmissing-declarations  conftest.cpp >&5
configure:10443: $? = 0
configure:10443: arm-kobo-linux-gnueabihf-g++ -c -g -O2     -Werror -Wstrict-null-sentinel  conftest.cpp >&5
configure:10443: $? = 0
configure:10443: arm-kobo-linux-gnueabihf-g++ -c -g -O2     -Werror -Wformat -Wformat-nonliteral  conftest.cpp >&5
configure:10443: $? = 0
configure:10452: result:  -Wall -Wpointer-arith -Wno-unused -Wunused-value -Wunused-variable -Wunused-function -Wno-switch -Wno-char-subscripts -Wempty-body -Wunused-but-set-parameter -Wunused-but-set-variable -Wno-sign-compare -Wno-error=maybe-uninitialized -Wno-mismatched-tags -Wsuggest-override -Wimplicit-fallthrough=3 -Wduplicated-cond -Wshadow=local -Wdeprecated-copy -Wdeprecated-copy-dtor -Wredundant-move -Wmissing-declarations -Wstrict-null-sentinel -Wformat -Wformat-nonliteral 
configure:10593: checking that generated files are newer than configure
configure:10599: result: done
configure:10634: creating ./config.status

## ---------------------- ##
## Running config.status. ##
## ---------------------- ##

This file was extended by gdbsupport config.status 1.0, which was
generated by GNU Autoconf 2.69.  Invocation command line was

  CONFIG_FILES    = 
  CONFIG_HEADERS  = 
  CONFIG_LINKS    = 
  CONFIG_COMMANDS = 
  $ ./config.status 

on hyperbookszyb

config.status:993: creating Makefile
config.status:993: creating config.h
config.status:1174: config.h is unchanged
config.status:1222: executing depfiles commands

## ---------------- ##
## Cache variables. ##
## ---------------- ##

ac_cv_build=x86_64-pc-linux-gnu
ac_cv_c_compiler_gnu=yes
ac_cv_cxx_compiler_gnu=yes
ac_cv_env_CCC_set=
ac_cv_env_CCC_value=
ac_cv_env_CC_set=set
ac_cv_env_CC_value=arm-kobo-linux-gnueabihf-gcc
ac_cv_env_CFLAGS_set=set
ac_cv_env_CFLAGS_value='-g -O2    '
ac_cv_env_CPPFLAGS_set=
ac_cv_env_CPPFLAGS_value=
ac_cv_env_CPP_set=
ac_cv_env_CPP_value=
ac_cv_env_CXXFLAGS_set=set
ac_cv_env_CXXFLAGS_value='-g -O2    '
ac_cv_env_CXX_set=set
ac_cv_env_CXX_value=arm-kobo-linux-gnueabihf-g++
ac_cv_env_LDFLAGS_set=set
ac_cv_env_LDFLAGS_value=' '
ac_cv_env_LIBS_set=
ac_cv_env_LIBS_value=
ac_cv_env_build_alias_set=set
ac_cv_env_build_alias_value=x86_64-pc-linux-gnu
ac_cv_env_host_alias_set=set
ac_cv_env_host_alias_value=arm-linux-gnueabihf
ac_cv_env_target_alias_set=set
ac_cv_env_target_alias_value=arm-linux-gnueabihf
ac_cv_func_alloca_works=yes
ac_cv_func_fdwalk=no
ac_cv_func_fork=yes
ac_cv_func_fork_works=yes
ac_cv_func_getauxval=no
ac_cv_func_getpagesize=yes
ac_cv_func_getrlimit=yes
ac_cv_func_getrusage=yes
ac_cv_func_kinfo_getfile=no
ac_cv_func_mmap_fixed_mapped=no
ac_cv_func_pipe2=yes
ac_cv_func_pipe=yes
ac_cv_func_poll=yes
ac_cv_func_pthread_setname_np=yes
ac_cv_func_pthread_sigmask=yes
ac_cv_func_ptrace64=no
ac_cv_func_sbrk=yes
ac_cv_func_setns=no
ac_cv_func_setpgid=yes
ac_cv_func_setpgrp=yes
ac_cv_func_sigaction=yes
ac_cv_func_sigaltstack=yes
ac_cv_func_sigprocmask=yes
ac_cv_func_sigtimedwait=yes
ac_cv_func_socketpair=yes
ac_cv_func_vfork=yes
ac_cv_func_vfork_works=yes
ac_cv_have_decl_ADDR_NO_RANDOMIZE=yes
ac_cv_have_decl_asprintf=yes
ac_cv_have_decl_basename_char_p_=yes
ac_cv_have_decl_ffs=yes
ac_cv_have_decl_snprintf=yes
ac_cv_have_decl_strstr=yes
ac_cv_have_decl_strtol=yes
ac_cv_have_decl_strtoll=yes
ac_cv_have_decl_strtoul=yes
ac_cv_have_decl_strtoull=yes
ac_cv_have_decl_strverscmp=yes
ac_cv_have_decl_vasprintf=yes
ac_cv_have_decl_vsnprintf=yes
ac_cv_header_dlfcn_h=yes
ac_cv_header_inttypes_h=yes
ac_cv_header_linux_elf_h=yes
ac_cv_header_linux_perf_event_h=yes
ac_cv_header_locale_h=yes
ac_cv_header_memory_h=yes
ac_cv_header_minix_config_h=no
ac_cv_header_poll_h=yes
ac_cv_header_proc_service_h=no
ac_cv_header_ptrace_h=no
ac_cv_header_signal_h=yes
ac_cv_header_stdc=yes
ac_cv_header_stdint_h=yes
ac_cv_header_stdlib_h=yes
ac_cv_header_string_h=yes
ac_cv_header_strings_h=yes
ac_cv_header_sys_param_h=yes
ac_cv_header_sys_poll_h=yes
ac_cv_header_sys_procfs_h=yes
ac_cv_header_sys_ptrace_h=yes
ac_cv_header_sys_resource_h=yes
ac_cv_header_sys_select_h=yes
ac_cv_header_sys_socket_h=yes
ac_cv_header_sys_stat_h=yes
ac_cv_header_sys_types_h=yes
ac_cv_header_sys_un_h=yes
ac_cv_header_sys_wait_h=yes
ac_cv_header_termios_h=yes
ac_cv_header_thread_db_h=yes
ac_cv_header_unistd_h=yes
ac_cv_header_vfork_h=no
ac_cv_header_wait_h=yes
ac_cv_header_windows_h=no
ac_cv_host=arm-unknown-linux-gnueabihf
ac_cv_libipt=no
ac_cv_libxxhash=no
ac_cv_member_struct_stat_st_blksize=yes
ac_cv_member_struct_stat_st_blocks=yes
ac_cv_objext=o
ac_cv_path_EGREP='/sbin/grep -E'
ac_cv_path_GREP=/sbin/grep
ac_cv_path_SED=/sbin/sed
ac_cv_path_mkdir=/sbin/mkdir
ac_cv_prog_AWK=gawk
ac_cv_prog_CC=arm-kobo-linux-gnueabihf-gcc
ac_cv_prog_CPP='arm-kobo-linux-gnueabihf-gcc -E'
ac_cv_prog_RANLIB='arm-kobo-linux-gnueabihf-ranlib --plugin /mnt/HDD/Project/inkbox-build/inkbox/compiled-binaries/arm-kobo-linux-gnueabihf/bin/../libexec/gcc/arm-kobo-linux-gnueabihf/11.2.0/liblto_plugin.so'
ac_cv_prog_ac_ct_STRIP=strip
ac_cv_prog_cc_c89=
ac_cv_prog_cc_g=yes
ac_cv_prog_cxx_g=yes
ac_cv_prog_make_make_set=yes
ac_cv_safe_to_define___extensions__=yes
ac_cv_search_dlsym=-ldl
ac_cv_search_kinfo_getfile=no
ac_cv_sizeof_long_long=8
ac_cv_sys_file_offset_bits=64
ac_cv_sys_largefile_CC=no
ac_cv_target=arm-unknown-linux-gnueabihf
ac_cv_type_long_long=yes
ac_cv_type_pid_t=yes
ac_cv_type_size_t=yes
ac_cv_working_alloca_h=yes
acl_cv_hardcode_direct=no
acl_cv_hardcode_libdir_flag_spec='${wl}-rpath ${wl}$libdir'
acl_cv_hardcode_libdir_separator=
acl_cv_hardcode_minus_L=no
acl_cv_libext=a
acl_cv_path_LD=arm-kobo-linux-gnueabihf-ld
acl_cv_prog_gnu_ld=yes
acl_cv_rpath=done
acl_cv_shlibext=so
acl_cv_wl=-Wl,
am_cv_CC_dependencies_compiler_type=gcc3
am_cv_CXX_dependencies_compiler_type=gcc3
am_cv_langinfo_codeset=yes
am_cv_make_support_nested_variables=yes
am_cv_prog_cc_c_o=yes
ax_cv_PTHREAD_CLANG=no
ax_cv_PTHREAD_JOINABLE_ATTR=PTHREAD_CREATE_JOINABLE
ax_cv_PTHREAD_PRIO_INHERIT=yes
ax_cv_PTHREAD_SPECIAL_FLAGS=no
ax_cv_cxx_compile_cxx11=yes
bfd_cv_have_sys_procfs_type_elf_fpregset_t=yes
bfd_cv_have_sys_procfs_type_fpregset_t=no
bfd_cv_have_sys_procfs_type_gregset_t=no
bfd_cv_have_sys_procfs_type_lwpid_t=yes
bfd_cv_have_sys_procfs_type_prfpregset_t=yes
bfd_cv_have_sys_procfs_type_prgregset32_t=no
bfd_cv_have_sys_procfs_type_prgregset_t=yes
bfd_cv_have_sys_procfs_type_psaddr_t=yes
gdb_cv_compiler_type=gcc
gdb_cv_cxx_std_thread=yes
gdb_cv_func_ptrace_args='enum __ptrace_request,int,long,long'
gdb_cv_func_ptrace_ret=long
gdb_cv_func_sigsetjmp=yes
gdb_cv_printf_has_long_long=no

## ----------------- ##
## Output variables. ##
## ----------------- ##

ACLOCAL='${SHELL} /mnt/HDD/Project/Public/okulartry/binutils-gdb/missing aclocal-1.15'
ALLOCA=''
AMDEPBACKSLASH='\'
AMDEP_FALSE='#'
AMDEP_TRUE=''
AMTAR='$${TAR-tar}'
AM_BACKSLASH='\'
AM_DEFAULT_V='$(AM_DEFAULT_VERBOSITY)'
AM_DEFAULT_VERBOSITY='0'
AM_V='$(V)'
AUTOCONF='${SHELL} /mnt/HDD/Project/Public/okulartry/binutils-gdb/missing autoconf'
AUTOHEADER='${SHELL} /mnt/HDD/Project/Public/okulartry/binutils-gdb/missing autoheader'
AUTOMAKE='${SHELL} /mnt/HDD/Project/Public/okulartry/binutils-gdb/missing automake-1.15'
AWK='gawk'
CATALOGS=''
CATOBJEXT='.gmo'
CC='arm-kobo-linux-gnueabihf-gcc'
CCDEPMODE='depmode=gcc3'
CFLAGS='-g -O2    '
CONFIG_STATUS_DEPENDENCIES='$(srcdir)/../bfd/development.sh'
CPP='arm-kobo-linux-gnueabihf-gcc -E'
CPPFLAGS=''
CXX='arm-kobo-linux-gnueabihf-g++'
CXXDEPMODE='depmode=gcc3'
CXXFLAGS='-g -O2    '
CXX_DIALECT=''
CYGPATH_W='echo'
DATADIRNAME='share'
DEFS='-DHAVE_CONFIG_H'
DEPDIR='.deps'
ECHO_C=''
ECHO_N='-n'
ECHO_T=''
EGREP='/sbin/grep -E'
EXEEXT=''
GENCAT='gencat'
GMSGFMT='/sbin/msgfmt'
GREP='/sbin/grep'
HAVE_CXX11='1'
HAVE_LIBIPT='no'
HAVE_PIPE_OR_PIPE2_FALSE='#'
HAVE_PIPE_OR_PIPE2_TRUE=''
INCINTL=''
INSTALL_DATA='/bin/install -c -m 644'
INSTALL_PROGRAM='/bin/install -c'
INSTALL_SCRIPT='/bin/install -c'
INSTALL_STRIP_PROGRAM='$(install_sh) -c -s'
INSTOBJEXT='.mo'
LARGEFILE_CPPFLAGS=''
LDFLAGS=' '
LIBINTL=''
LIBINTL_DEP=''
LIBIPT=''
LIBOBJS=''
LIBS='-ldl '
LTLIBIPT=''
LTLIBOBJS=''
MAINT='#'
MAINTAINER_MODE_FALSE=''
MAINTAINER_MODE_TRUE='#'
MAKEINFO='makeinfo --split-size=5000000'
MKDIR_P='/sbin/mkdir -p'
OBJEXT='o'
PACKAGE='gdbsupport'
PACKAGE_BUGREPORT=''
PACKAGE_NAME='gdbsupport'
PACKAGE_STRING='gdbsupport 1.0'
PACKAGE_TARNAME='gdbsupport'
PACKAGE_URL=''
PACKAGE_VERSION='1.0'
PATH_SEPARATOR=':'
POSUB='po'
PTHREAD_CC='arm-kobo-linux-gnueabihf-gcc'
PTHREAD_CFLAGS='-pthread'
PTHREAD_LIBS=''
RANLIB='arm-kobo-linux-gnueabihf-ranlib --plugin /mnt/HDD/Project/inkbox-build/inkbox/compiled-binaries/arm-kobo-linux-gnueabihf/bin/../libexec/gcc/arm-kobo-linux-gnueabihf/11.2.0/liblto_plugin.so'
SED='/sbin/sed'
SELFTEST_FALSE=''
SELFTEST_TRUE='#'
SET_MAKE=''
SHELL='/bin/sh'
STRIP='strip'
USE_NLS='yes'
VERSION='1.0'
WARN_CFLAGS=' -Wall -Wpointer-arith -Wno-unused -Wunused-value -Wunused-variable -Wunused-function -Wno-switch -Wno-char-subscripts -Wempty-body -Wunused-but-set-parameter -Wunused-but-set-variable -Wno-sign-compare -Wno-error=maybe-uninitialized -Wno-mismatched-tags -Wsuggest-override -Wimplicit-fallthrough=3 -Wduplicated-cond -Wshadow=local -Wdeprecated-copy -Wdeprecated-copy-dtor -Wredundant-move -Wmissing-declarations -Wstrict-null-sentinel -Wformat -Wformat-nonliteral'
WERROR_CFLAGS=''
XGETTEXT='/sbin/xgettext'
ac_ct_CC=''
ac_ct_CXX=''
am__EXEEXT_FALSE=''
am__EXEEXT_TRUE='#'
am__fastdepCC_FALSE='#'
am__fastdepCC_TRUE=''
am__fastdepCXX_FALSE='#'
am__fastdepCXX_TRUE=''
am__include='include'
am__isrc=''
am__leading_dot='.'
am__nodep='_no'
am__quote=''
am__tar='$${TAR-tar} chof - "$$tardir"'
am__untar='$${TAR-tar} xf -'
ax_pthread_config=''
bindir='${exec_prefix}/bin'
build='x86_64-pc-linux-gnu'
build_alias='x86_64-pc-linux-gnu'
build_cpu='x86_64'
build_os='linux-gnu'
build_vendor='pc'
datadir='${datarootdir}'
datarootdir='${prefix}/share'
docdir='${datarootdir}/doc/${PACKAGE_TARNAME}'
dvidir='${docdir}'
exec_prefix='${prefix}'
host='arm-unknown-linux-gnueabihf'
host_alias='arm-linux-gnueabihf'
host_cpu='arm'
host_os='linux-gnueabihf'
host_vendor='unknown'
htmldir='${docdir}'
includedir='${prefix}/include'
infodir='${datarootdir}/info'
install_sh='${SHELL} /mnt/HDD/Project/Public/okulartry/binutils-gdb/install-sh'
libdir='${exec_prefix}/lib'
libexecdir='${exec_prefix}/libexec'
localedir='${datarootdir}/locale'
localstatedir='${prefix}/var'
mandir='${datarootdir}/man'
mkdir_p='$(MKDIR_P)'
oldincludedir='/usr/include'
pdfdir='${docdir}'
prefix='/home/build/inkbox/compiled-binaries/arm-kobo-linux-gnueabihf/arm-kobo-linux-gnueabihf/sysroot'
program_transform_name='s,y,y,'
psdir='${docdir}'
sbindir='${exec_prefix}/sbin'
sharedstatedir='${prefix}/com'
sysconfdir='${prefix}/etc'
target='arm-unknown-linux-gnueabihf'
target_alias='arm-linux-gnueabihf'
target_cpu='arm'
target_os='linux-gnueabihf'
target_vendor='unknown'

## ----------- ##
## confdefs.h. ##
## ----------- ##

/* confdefs.h */
#define PACKAGE_NAME "gdbsupport"
#define PACKAGE_TARNAME "gdbsupport"
#define PACKAGE_VERSION "1.0"
#define PACKAGE_STRING "gdbsupport 1.0"
#define PACKAGE_BUGREPORT ""
#define PACKAGE_URL ""
#define PACKAGE "gdbsupport"
#define VERSION "1.0"
#define STDC_HEADERS 1
#define HAVE_SYS_TYPES_H 1
#define HAVE_SYS_STAT_H 1
#define HAVE_STDLIB_H 1
#define HAVE_STRING_H 1
#define HAVE_MEMORY_H 1
#define HAVE_STRINGS_H 1
#define HAVE_INTTYPES_H 1
#define HAVE_STDINT_H 1
#define HAVE_UNISTD_H 1
#define __EXTENSIONS__ 1
#define _ALL_SOURCE 1
#define _GNU_SOURCE 1
#define _POSIX_PTHREAD_SEMANTICS 1
#define _TANDEM_SOURCE 1
#define HAVE_DLFCN_H 1
#define _FILE_OFFSET_BITS 64
#define HAVE_CXX11 1
#define ENABLE_NLS 1
#define HAVE_LONG_LONG 1
#define SIZEOF_LONG_LONG 8
#define HAVE_DECL_BASENAME 1
#define HAVE_DECL_FFS 1
#define HAVE_DECL_ASPRINTF 1
#define HAVE_DECL_VASPRINTF 1
#define HAVE_DECL_SNPRINTF 1
#define HAVE_DECL_VSNPRINTF 1
#define HAVE_DECL_STRTOL 1
#define HAVE_DECL_STRTOUL 1
#define HAVE_DECL_STRTOLL 1
#define HAVE_DECL_STRTOULL 1
#define HAVE_DECL_STRVERSCMP 1
#define HAVE_STDLIB_H 1
#define HAVE_UNISTD_H 1
#define HAVE_SYS_PARAM_H 1
#define STDC_HEADERS 1
#define HAVE_ALLOCA_H 1
#define HAVE_ALLOCA 1
#define HAVE_LANGINFO_CODESET 1
#define HAVE_LINUX_PERF_EVENT_H 1
#define HAVE_LOCALE_H 1
#define HAVE_MEMORY_H 1
#define HAVE_SIGNAL_H 1
#define HAVE_SYS_RESOURCE_H 1
#define HAVE_SYS_SOCKET_H 1
#define HAVE_SYS_UN_H 1
#define HAVE_SYS_WAIT_H 1
#define HAVE_THREAD_DB_H 1
#define HAVE_WAIT_H 1
#define HAVE_TERMIOS_H 1
#define HAVE_DLFCN_H 1
#define HAVE_LINUX_ELF_H 1
#define HAVE_POLL_H 1
#define HAVE_SYS_POLL_H 1
#define HAVE_SYS_SELECT_H 1
#define HAVE_GETPAGESIZE 1
#define HAVE_FORK 1
#define HAVE_VFORK 1
#define HAVE_WORKING_VFORK 1
#define HAVE_WORKING_FORK 1
#define HAVE_GETRLIMIT 1
#define HAVE_PIPE 1
#define HAVE_PIPE2 1
#define HAVE_POLL 1
#define HAVE_SOCKETPAIR 1
#define HAVE_SIGACTION 1
#define HAVE_SBRK 1
#define HAVE_SIGALTSTACK 1
#define HAVE_SIGPROCMASK 1
#define HAVE_SETPGID 1
#define HAVE_SETPGRP 1
#define HAVE_GETRUSAGE 1
#define HAVE_SIGTIMEDWAIT 1
#define HAVE_DECL_ADDR_NO_RANDOMIZE 1
#define HAVE_DECL_STRSTR 1
#define HAVE_STRUCT_STAT_ST_BLOCKS 1
#define HAVE_STRUCT_STAT_ST_BLKSIZE 1
#define HAVE_PTHREAD_PRIO_INHERIT 1
#define HAVE_PTHREAD_SIGMASK 1
#define HAVE_PTHREAD_SETNAME_NP 1
#define CXX_STD_THREAD 1
#define HAVE_SIGSETJMP 1
#define _STRUCTURED_PROC 1
#define HAVE_SYS_PROCFS_H 1
#define HAVE_PRGREGSET_T 1
#define HAVE_PRFPREGSET_T 1
#define HAVE_LWPID_T 1
#define HAVE_PSADDR_T 1
#define HAVE_ELF_FPREGSET_T 1
#define HAVE_SYS_PTRACE_H 1
#define PTRACE_TYPE_RET long
#define PTRACE_TYPE_ARG1 enum __ptrace_request
#define PTRACE_TYPE_ARG3 long
#define PTRACE_TYPE_ARG4 long

configure: exit 0
