This file contains any messages produced by compilers while
running configure, to aid debugging if configure makes a mistake.

It was created by readline configure 8.1, which was
generated by GNU Autoconf 2.69.  Invocation command line was

  $ ./configure --disable-option-checking --prefix=/home/build/inkbox/compiled-binaries/arm-kobo-linux-gnueabihf/arm-kobo-linux-gnueabihf/sysroot --with-gnu-as --with-gnu-ld --with-build-sysroot=/home/build/inkbox/compiled-binaries/arm-kobo-linux-gnueabihf/arm-kobo-linux-gnueabihf/sysroot/ --program-transform-name=s,y,y, --disable-year2038 --build=x86_64-pc-linux-gnu --host=arm-linux-gnueabihf --target=arm-linux-gnueabihf build_alias=x86_64-pc-linux-gnu host_alias=arm-linux-gnueabihf target_alias=arm-linux-gnueabihf --cache-file=.././config.cache --srcdir=.

## --------- ##
## Platform. ##
## --------- ##

hostname = hyperbookszyb
uname -m = x86_64
uname -r = 6.1.28-1-lts
uname -s = Linux
uname -v = #1 SMP PREEMPT_DYNAMIC Thu, 11 May 2023 15:52:41 +0000

/usr/bin/uname -p = unknown
/bin/uname -X     = unknown

/bin/arch              = unknown
/usr/bin/arch -k       = unknown
/usr/convex/getsysinfo = unknown
/usr/bin/hostinfo      = unknown
/bin/machine           = unknown
/usr/bin/oslevel       = unknown
/bin/universe          = unknown

PATH: /home/szybet/kde/src/kdesrc-build
PATH: /home/szybet/.cargo/bin
PATH: /sbin
PATH: /bin
PATH: /usr/local/sbin
PATH: /usr/local/bin
PATH: /usr/bin
PATH: /usr/sbin
PATH: /home/szybet/.dotnet/tools
PATH: /usr/lib/jvm/default/bin
PATH: /usr/bin/site_perl
PATH: /usr/bin/vendor_perl
PATH: /usr/bin/core_perl
PATH: /usr/lib/rustup/bin
PATH: /home/build/inkbox/compiled-binaries/arm-kobo-linux-gnueabihf/bin/
PATH: /home/build/inkbox/compiled-binaries/qt-bin/qt-linux-5.15.2-kobo/bin/


## ----------- ##
## Core tests. ##
## ----------- ##

configure:2365: loading cache .././config.cache
configure:2491: checking build system type
configure:2505: result: x86_64-pc-linux-gnu
configure:2525: checking host system type
configure:2538: result: arm-unknown-linux-gnueabihf
configure:2646: checking whether make sets $(MAKE)
configure:2668: result: yes
configure:2685: checking for arm-linux-gnueabihf-gcc
configure:2712: result: arm-kobo-linux-gnueabihf-gcc
configure:2981: checking for C compiler version
configure:2990: arm-kobo-linux-gnueabihf-gcc --version >&5
arm-kobo-linux-gnueabihf-gcc (crosstool-NG 1.24.0.519_3e2d99d - NiLuJe) 11.2.0
Copyright (C) 2021 Free Software Foundation, Inc.
This is free software; see the source for copying conditions.  There is NO
warranty; not even for MERCHANTABILITY or FITNESS FOR A PARTICULAR PURPOSE.

configure:3001: $? = 0
configure:2990: arm-kobo-linux-gnueabihf-gcc -v >&5
Using built-in specs.
COLLECT_GCC=arm-kobo-linux-gnueabihf-gcc
COLLECT_LTO_WRAPPER=/mnt/HDD/Project/inkbox-build/inkbox/compiled-binaries/arm-kobo-linux-gnueabihf/bin/../libexec/gcc/arm-kobo-linux-gnueabihf/11.2.0/lto-wrapper
Target: arm-kobo-linux-gnueabihf
Configured with: /home/nicolas/Development/kox/koxtoolchain/build/kobo/.build/arm-kobo-linux-gnueabihf/src/gcc/configure --build=x86_64-build_pc-linux-gnu --host=x86_64-build_pc-linux-gnu --target=arm-kobo-linux-gnueabihf --prefix=/home/nicolas/x-tools/arm-kobo-linux-gnueabihf --exec_prefix=/home/nicolas/x-tools/arm-kobo-linux-gnueabihf --with-sysroot=/home/nicolas/x-tools/arm-kobo-linux-gnueabihf/arm-kobo-linux-gnueabihf/sysroot --enable-languages=c,c++ --with-cpu=cortex-a8 --with-fpu=neon --with-float=hard --with-pkgversion='crosstool-NG 1.24.0.519_3e2d99d - NiLuJe' --enable-__cxa_atexit --disable-libmudflap --disable-libgomp --disable-libssp --disable-libquadmath --disable-libquadmath-support --disable-libsanitizer --disable-libmpx --with-gmp=/home/nicolas/Development/kox/koxtoolchain/build/kobo/.build/arm-kobo-linux-gnueabihf/buildtools --with-mpfr=/home/nicolas/Development/kox/koxtoolchain/build/kobo/.build/arm-kobo-linux-gnueabihf/buildtools --with-mpc=/home/nicolas/Development/kox/koxtoolchain/build/kobo/.build/arm-kobo-linux-gnueabihf/buildtools --with-isl=no --with-cloog=no --enable-lto --enable-threads=posix --with-linker-hash-style=gnu --enable-plugin --enable-gold --disable-nls --disable-multilib --with-diagnostics-color=always --with-local-prefix=/home/nicolas/x-tools/arm-kobo-linux-gnueabihf/arm-kobo-linux-gnueabihf/sysroot --enable-long-long --with-mode=thumb
Thread model: posix
Supported LTO compression algorithms: zlib zstd
gcc version 11.2.0 (crosstool-NG 1.24.0.519_3e2d99d - NiLuJe) 
configure:3001: $? = 0
configure:2990: arm-kobo-linux-gnueabihf-gcc -V >&5
[01m[Karm-kobo-linux-gnueabihf-gcc:[m[K [01;31m[Kerror: [m[Kunrecognized command-line option '[01m[K-V[m[K'
[01m[Karm-kobo-linux-gnueabihf-gcc:[m[K [01;31m[Kfatal error: [m[Kno input files
compilation terminated.
configure:3001: $? = 1
configure:2990: arm-kobo-linux-gnueabihf-gcc -qversion >&5
[01m[Karm-kobo-linux-gnueabihf-gcc:[m[K [01;31m[Kerror: [m[Kunrecognized command-line option '[01m[K-qversion[m[K'; did you mean '[01m[K--version[m[K'?
[01m[Karm-kobo-linux-gnueabihf-gcc:[m[K [01;31m[Kfatal error: [m[Kno input files
compilation terminated.
configure:3001: $? = 1
configure:3021: checking whether the C compiler works
configure:3043: arm-kobo-linux-gnueabihf-gcc -g -O2        conftest.c  >&5
configure:3047: $? = 0
configure:3095: result: yes
configure:3098: checking for C compiler default output file name
configure:3100: result: a.out
configure:3106: checking for suffix of executables
configure:3113: arm-kobo-linux-gnueabihf-gcc -o conftest -g -O2        conftest.c  >&5
configure:3117: $? = 0
configure:3139: result: 
configure:3161: checking whether we are cross compiling
configure:3199: result: yes
configure:3204: checking for suffix of object files
configure:3251: result: o
configure:3255: checking whether we are using the GNU C compiler
configure:3283: result: yes
configure:3292: checking whether arm-kobo-linux-gnueabihf-gcc accepts -g
configure:3353: result: yes
configure:3370: checking for arm-kobo-linux-gnueabihf-gcc option to accept ISO C89
configure:3446: result: none needed
configure:3472: checking how to run the C preprocessor
configure:3542: result: arm-kobo-linux-gnueabihf-gcc -E
configure:3562: arm-kobo-linux-gnueabihf-gcc -E  conftest.c
configure:3562: $? = 0
configure:3576: arm-kobo-linux-gnueabihf-gcc -E  conftest.c
[01m[Kconftest.c:9:10:[m[K [01;31m[Kfatal error: [m[Kac_nonexistent.h: No such file or directory
    9 | #include [01;31m[K<ac_nonexistent.h>[m[K
      |          [01;31m[K^~~~~~~~~~~~~~~~~~[m[K
compilation terminated.
configure:3576: $? = 1
configure: failed program was:
| /* confdefs.h */
| #define PACKAGE_NAME "readline"
| #define PACKAGE_TARNAME "readline"
| #define PACKAGE_VERSION "8.1"
| #define PACKAGE_STRING "readline 8.1"
| #define PACKAGE_BUGREPORT "bug-readline@gnu.org"
| #define PACKAGE_URL ""
| /* end confdefs.h.  */
| #include <ac_nonexistent.h>
configure:3605: checking for grep that handles long lines and -e
configure:3663: result: /sbin/grep
configure:3668: checking for egrep
configure:3730: result: /sbin/grep -E
configure:3735: checking for ANSI C header files
configure:3839: result: yes
configure:3852: checking for sys/types.h
configure:3852: result: yes
configure:3852: checking for sys/stat.h
configure:3852: result: yes
configure:3852: checking for stdlib.h
configure:3852: result: yes
configure:3852: checking for string.h
configure:3852: result: yes
configure:3852: checking for memory.h
configure:3852: result: yes
configure:3852: checking for strings.h
configure:3852: result: yes
configure:3852: checking for inttypes.h
configure:3852: result: yes
configure:3852: checking for stdint.h
configure:3852: result: yes
configure:3852: checking for unistd.h
configure:3852: result: yes
configure:3865: checking for minix/config.h
configure:3865: result: no
configure:3886: checking whether it is safe to define __EXTENSIONS__
configure:3911: result: yes
configure:3934: checking whether arm-kobo-linux-gnueabihf-gcc needs -traditional
configure:3968: result: no
configure:3989: checking for a BSD-compatible install
configure:4057: result: /bin/install -c
configure:4071: checking for arm-linux-gnueabihf-ar
configure:4098: result: arm-kobo-linux-gnueabihf-ar --plugin /mnt/HDD/Project/inkbox-build/inkbox/compiled-binaries/arm-kobo-linux-gnueabihf/bin/../libexec/gcc/arm-kobo-linux-gnueabihf/11.2.0/liblto_plugin.so
configure:4164: checking for arm-linux-gnueabihf-ranlib
configure:4191: result: arm-kobo-linux-gnueabihf-ranlib --plugin /mnt/HDD/Project/inkbox-build/inkbox/compiled-binaries/arm-kobo-linux-gnueabihf/bin/../libexec/gcc/arm-kobo-linux-gnueabihf/11.2.0/liblto_plugin.so
configure:4257: checking for an ANSI C-conforming const
configure:4330: result: yes
configure:4338: checking for function prototypes
configure:4341: result: yes
configure:4354: checking whether char is unsigned
configure:4380: result: yes
configure:4387: checking for working volatile
configure:4413: result: yes
configure:4422: checking return type of signal handlers
configure:4447: result: void
configure:4456: checking for size_t
configure:4456: result: yes
configure:4467: checking for ssize_t
configure:4467: result: yes
configure:4479: checking for ANSI C header files
configure:4583: result: yes
configure:4592: checking whether stat file-mode macros are broken
configure:4626: result: no
configure:4637: checking for dirent.h that defines DIR
configure:4664: result: yes
configure:4677: checking for library containing opendir
configure:4725: result: none required
configure:4796: checking for fcntl
configure:4796: result: yes
configure:4796: checking for kill
configure:4796: result: yes
configure:4796: checking for lstat
configure:4796: result: yes
configure:4796: checking for readlink
configure:4796: result: yes
configure:4809: checking for fnmatch
configure:4809: result: yes
configure:4809: checking for memmove
configure:4809: result: yes
configure:4809: checking for pselect
configure:4809: result: yes
configure:4809: checking for putenv
configure:4809: result: yes
configure:4809: checking for select
configure:4809: result: yes
configure:4809: checking for setenv
configure:4809: result: yes
configure:4809: checking for setlocale
configure:4809: result: yes
configure:4809: checking for strcasecmp
configure:4809: result: yes
configure:4809: checking for strpbrk
configure:4809: result: yes
configure:4809: checking for tcgetattr
configure:4809: result: yes
configure:4809: checking for vsnprintf
configure:4809: result: yes
configure:4821: checking for isascii
configure:4821: result: yes
configure:4821: checking for isxdigit
configure:4821: result: yes
configure:4833: checking for getpwent
configure:4833: result: yes
configure:4833: checking for getpwnam
configure:4833: result: yes
configure:4833: checking for getpwuid
configure:4833: result: yes
configure:4843: checking for uid_t in sys/types.h
configure:4862: result: yes
configure:4875: checking for unistd.h
configure:4875: result: yes
configure:4885: checking for working chown
configure:4930: result: no
configure:4938: checking for working strcoll
configure:4969: result: no
configure:4983: checking for fcntl.h
configure:4983: result: yes
configure:4983: checking for unistd.h
configure:4983: result: yes
configure:4983: checking for stdlib.h
configure:4983: result: yes
configure:4983: checking for varargs.h
configure:4983: result: no
configure:4983: checking for stdarg.h
configure:4983: result: yes
configure:4983: checking for stdbool.h
configure:4983: result: yes
configure:4983: checking for string.h
configure:4983: result: yes
configure:4983: checking for strings.h
configure:4983: result: yes
configure:4983: checking for limits.h
configure:4983: result: yes
configure:4983: checking for locale.h
configure:4983: result: yes
configure:4983: checking for pwd.h
configure:4983: result: yes
configure:4983: checking for memory.h
configure:4983: result: yes
configure:4983: checking for termcap.h
configure:4983: result: no
configure:4983: checking for termios.h
configure:4983: result: yes
configure:4983: checking for termio.h
configure:4983: result: yes
configure:4996: checking for sys/ioctl.h
configure:4996: result: yes
configure:4996: checking for sys/pte.h
configure:4996: result: no
configure:4996: checking for sys/stream.h
configure:4996: result: no
configure:4996: checking for sys/select.h
configure:4996: result: yes
configure:4996: checking for sys/file.h
configure:4996: result: yes
configure:5009: checking for sys/ptem.h
configure:5009: result: no
configure:5032: checking for special C compiler options needed for large files
configure:5077: result: no
configure:5083: checking for _FILE_OFFSET_BITS value needed for large files
configure:5140: result: 64
configure:5227: checking for type of signal functions
configure:5308: result: posix
configure:5323: checking if signal handlers must be reinstalled when invoked
configure:5394: result: no
configure:5403: checking for presence of POSIX-style sigsetjmp/siglongjmp
configure:5468: result: missing
configure:5475: checking for lstat
configure:5502: result: yes
configure:5510: checking whether or not strcoll and strcmp differ
configure:5574: result: no
configure:5582: checking whether the ctype macros accept non-ascii characters
configure:5640: result: no
configure:5648: checking whether getpw functions are declared in pwd.h
configure:5673: result: yes
configure:5681: checking whether termios.h defines TIOCGWINSZ
configure:5704: result: no
configure:5708: checking whether sys/ioctl.h defines TIOCGWINSZ
configure:5731: result: yes
configure:5742: checking for sig_atomic_t in signal.h
configure:5768: result: yes
configure:5785: checking whether signal handlers are of type void
configure:5816: result: yes
configure:5824: checking for TIOCSTAT in sys/ioctl.h
configure:5849: result: no
configure:5856: checking for FIONREAD in sys/ioctl.h
configure:5881: result: yes
configure:5888: checking for speed_t in sys/types.h
configure:5912: result: no
configure:5919: checking for struct winsize in sys/ioctl.h and termios.h
configure:5963: result: sys/ioctl.h
configure:5978: checking for struct dirent.d_ino
configure:6024: result: yes
configure:6032: checking for struct dirent.d_fileno
configure:6078: result: yes
configure:6088: checking for libaudit.h
configure:6088: result: no
configure:6098: checking whether AUDIT_USER_TTY is declared
configure:6098: result: yes
configure:6118: checking which library has the termcap functions
configure:6343: result: using gnutermcap
configure:6400: checking for wctype.h
configure:6400: result: yes
configure:6412: checking for wchar.h
configure:6412: result: yes
configure:6424: checking for langinfo.h
configure:6424: result: yes
configure:6437: checking for mbstr.h
configure:6437: result: no
configure:6448: checking for mbrlen
configure:6448: result: yes
configure:6454: checking for mbscasecmp
configure:6454: result: no
configure:6460: checking for mbscmp
configure:6460: result: no
configure:6466: checking for mbsnrtowcs
configure:6466: result: yes
configure:6472: checking for mbsrtowcs
configure:6472: result: yes
configure:6479: checking for mbschr
configure:6479: result: no
configure:6494: checking for wcrtomb
configure:6494: result: yes
configure:6500: checking for wcscoll
configure:6500: result: yes
configure:6506: checking for wcsdup
configure:6506: result: yes
configure:6512: checking for wcwidth
configure:6512: result: yes
configure:6518: checking for wctype
configure:6518: result: yes
configure:6525: checking for wcswidth
configure:6525: result: yes
configure:6541: checking whether mbrtowc and mbstate_t are properly declared
configure:6569: result: yes
configure:6585: checking for iswlower
configure:6585: result: yes
configure:6585: checking for iswupper
configure:6585: result: yes
configure:6585: checking for towlower
configure:6585: result: yes
configure:6585: checking for towupper
configure:6585: result: yes
configure:6585: checking for iswctype
configure:6585: result: yes
configure:6595: checking for nl_langinfo and CODESET
configure:6619: result: yes
configure:6626: checking for wchar_t in wchar.h
configure:6653: result: yes
configure:6661: checking for wctype_t in wctype.h
configure:6687: result: yes
configure:6695: checking for wint_t in wctype.h
configure:6721: result: yes
configure:6729: checking for wcwidth broken with unicode combining characters
configure:6770: result: no
configure:6799: checking size of wchar_t
configure:6818: result: 4
configure:6847: checking configuration for building shared libraries
configure:6871: result: supported
configure:7050: creating ./config.status

## ---------------------- ##
## Running config.status. ##
## ---------------------- ##

This file was extended by readline config.status 8.1, which was
generated by GNU Autoconf 2.69.  Invocation command line was

  CONFIG_FILES    = 
  CONFIG_HEADERS  = 
  CONFIG_LINKS    = 
  CONFIG_COMMANDS = 
  $ ./config.status 

on hyperbookszyb

config.status:939: creating Makefile
config.status:939: creating doc/Makefile
config.status:939: creating examples/Makefile
config.status:939: creating shlib/Makefile
config.status:939: creating readline.pc
config.status:939: creating config.h
config.status:1114: config.h is unchanged
config.status:1128: executing default commands

## ---------------- ##
## Cache variables. ##
## ---------------- ##

ac_cv_build=x86_64-pc-linux-gnu
ac_cv_c_char_unsigned=yes
ac_cv_c_compiler_gnu=yes
ac_cv_c_const=yes
ac_cv_c_volatile=yes
ac_cv_env_CC_set=set
ac_cv_env_CC_value=arm-kobo-linux-gnueabihf-gcc
ac_cv_env_CFLAGS_set=set
ac_cv_env_CFLAGS_value='-g -O2    '
ac_cv_env_CPPFLAGS_set=
ac_cv_env_CPPFLAGS_value=
ac_cv_env_CPP_set=
ac_cv_env_CPP_value=
ac_cv_env_LDFLAGS_set=set
ac_cv_env_LDFLAGS_value=' '
ac_cv_env_LIBS_set=
ac_cv_env_LIBS_value=
ac_cv_env_build_alias_set=set
ac_cv_env_build_alias_value=x86_64-pc-linux-gnu
ac_cv_env_host_alias_set=set
ac_cv_env_host_alias_value=arm-linux-gnueabihf
ac_cv_env_target_alias_set=set
ac_cv_env_target_alias_value=arm-linux-gnueabihf
ac_cv_func_chown_works=no
ac_cv_func_fcntl=yes
ac_cv_func_fnmatch=yes
ac_cv_func_getpwent=yes
ac_cv_func_getpwnam=yes
ac_cv_func_getpwuid=yes
ac_cv_func_isascii=yes
ac_cv_func_iswctype=yes
ac_cv_func_iswlower=yes
ac_cv_func_iswupper=yes
ac_cv_func_isxdigit=yes
ac_cv_func_kill=yes
ac_cv_func_lstat=yes
ac_cv_func_mbrlen=yes
ac_cv_func_mbrtowc=yes
ac_cv_func_mbscasecmp=no
ac_cv_func_mbschr=no
ac_cv_func_mbscmp=no
ac_cv_func_mbsnrtowcs=yes
ac_cv_func_mbsrtowcs=yes
ac_cv_func_memmove=yes
ac_cv_func_pselect=yes
ac_cv_func_putenv=yes
ac_cv_func_readlink=yes
ac_cv_func_select=yes
ac_cv_func_setenv=yes
ac_cv_func_setlocale=yes
ac_cv_func_strcasecmp=yes
ac_cv_func_strcoll_works=no
ac_cv_func_strpbrk=yes
ac_cv_func_tcgetattr=yes
ac_cv_func_tgetent=no
ac_cv_func_towlower=yes
ac_cv_func_towupper=yes
ac_cv_func_vsnprintf=yes
ac_cv_func_wcrtomb=yes
ac_cv_func_wcscoll=yes
ac_cv_func_wcsdup=yes
ac_cv_func_wcswidth=yes
ac_cv_func_wctype=yes
ac_cv_func_wcwidth=yes
ac_cv_have_decl_AUDIT_USER_TTY=yes
ac_cv_have_sig_atomic_t=yes
ac_cv_header_dirent_dirent_h=yes
ac_cv_header_fcntl_h=yes
ac_cv_header_inttypes_h=yes
ac_cv_header_langinfo_h=yes
ac_cv_header_libaudit_h=no
ac_cv_header_limits_h=yes
ac_cv_header_locale_h=yes
ac_cv_header_mbstr_h=no
ac_cv_header_memory_h=yes
ac_cv_header_minix_config_h=no
ac_cv_header_pwd_h=yes
ac_cv_header_stat_broken=no
ac_cv_header_stdarg_h=yes
ac_cv_header_stdbool_h=yes
ac_cv_header_stdc=yes
ac_cv_header_stdint_h=yes
ac_cv_header_stdlib_h=yes
ac_cv_header_string_h=yes
ac_cv_header_strings_h=yes
ac_cv_header_sys_file_h=yes
ac_cv_header_sys_ioctl_h=yes
ac_cv_header_sys_pte_h=no
ac_cv_header_sys_ptem_h=no
ac_cv_header_sys_select_h=yes
ac_cv_header_sys_stat_h=yes
ac_cv_header_sys_stream_h=no
ac_cv_header_sys_types_h=yes
ac_cv_header_termcap_h=no
ac_cv_header_termio_h=yes
ac_cv_header_termios_h=yes
ac_cv_header_unistd_h=yes
ac_cv_header_varargs_h=no
ac_cv_header_wchar_h=yes
ac_cv_header_wctype_h=yes
ac_cv_host=arm-unknown-linux-gnueabihf
ac_cv_lib_curses_tgetent=no
ac_cv_lib_ncurses_tgetent=no
ac_cv_lib_ncursesw_tgetent=no
ac_cv_lib_termcap_tgetent=no
ac_cv_lib_tinfo_tgetent=no
ac_cv_objext=o
ac_cv_path_EGREP='/sbin/grep -E'
ac_cv_path_GREP=/sbin/grep
ac_cv_path_mkdir=/sbin/mkdir
ac_cv_prog_AR='arm-kobo-linux-gnueabihf-ar --plugin /mnt/HDD/Project/inkbox-build/inkbox/compiled-binaries/arm-kobo-linux-gnueabihf/bin/../libexec/gcc/arm-kobo-linux-gnueabihf/11.2.0/liblto_plugin.so'
ac_cv_prog_AWK=gawk
ac_cv_prog_CC=arm-kobo-linux-gnueabihf-gcc
ac_cv_prog_CPP='arm-kobo-linux-gnueabihf-gcc -E'
ac_cv_prog_RANLIB='arm-kobo-linux-gnueabihf-ranlib --plugin /mnt/HDD/Project/inkbox-build/inkbox/compiled-binaries/arm-kobo-linux-gnueabihf/bin/../libexec/gcc/arm-kobo-linux-gnueabihf/11.2.0/liblto_plugin.so'
ac_cv_prog_ac_ct_STRIP=strip
ac_cv_prog_cc_c89=
ac_cv_prog_cc_g=yes
ac_cv_prog_gcc_traditional=no
ac_cv_prog_make_make_set=yes
ac_cv_safe_to_define___extensions__=yes
ac_cv_search_opendir='none required'
ac_cv_sizeof_wchar_t=4
ac_cv_sys_file_offset_bits=64
ac_cv_sys_largefile_CC=no
ac_cv_sys_tiocgwinsz_in_sys_ioctl_h=yes
ac_cv_sys_tiocgwinsz_in_termios_h=no
ac_cv_type_signal=void
ac_cv_type_size_t=yes
ac_cv_type_ssize_t=yes
ac_cv_type_uid_t=yes
am_cv_make_support_nested_variables=yes
bash_cv_dirent_has_d_fileno=yes
bash_cv_dirent_has_dino=yes
bash_cv_fionread_in_ioctl=yes
bash_cv_func_ctype_nonascii=no
bash_cv_func_lstat=yes
bash_cv_func_sigsetjmp=missing
bash_cv_func_strcoll_broken=no
bash_cv_getpw_declared=yes
bash_cv_langinfo_codeset=yes
bash_cv_must_reinstall_sighandlers=no
bash_cv_signal_vintage=posix
bash_cv_speed_t_in_sys_types=no
bash_cv_struct_winsize_header=ioctl_h
bash_cv_termcap_lib=gnutermcap
bash_cv_tiocstat_in_ioctl=no
bash_cv_type_wchar_t=yes
bash_cv_type_wctype_t=yes
bash_cv_type_wint_t=yes
bash_cv_void_sighandler=yes
bash_cv_wcwidth_broken=no

## ----------------- ##
## Output variables. ##
## ----------------- ##

AR='arm-kobo-linux-gnueabihf-ar --plugin /mnt/HDD/Project/inkbox-build/inkbox/compiled-binaries/arm-kobo-linux-gnueabihf/bin/../libexec/gcc/arm-kobo-linux-gnueabihf/11.2.0/liblto_plugin.so'
ARFLAGS='cr'
BRACKETED_PASTE='-DBRACKETED_PASTE_DEFAULT=1'
BUILD_DIR='/mnt/HDD/Project/Public/okulartry/binutils-gdb/readline/readline'
CC='arm-kobo-linux-gnueabihf-gcc'
CFLAGS='-g -O2     '
CPP='arm-kobo-linux-gnueabihf-gcc -E'
CPPFLAGS=''
CROSS_COMPILE='-DCROSS_COMPILING'
DEFS='-DHAVE_CONFIG_H'
ECHO_C=''
ECHO_N='-n'
ECHO_T=''
EGREP='/sbin/grep -E'
EXAMPLES_INSTALL_TARGET=''
EXEEXT=''
GREP='/sbin/grep'
INSTALL_DATA='/bin/install -c -m 644'
INSTALL_PROGRAM='/bin/install -c'
INSTALL_SCRIPT='/bin/install -c'
LDFLAGS='  -L./lib/termcap'
LIBOBJS=' ${LIBOBJDIR}mbschr$U.o'
LIBS=''
LIBVERSION='8.1'
LOCAL_CFLAGS=''
LOCAL_DEFS=''
LOCAL_LDFLAGS=''
LTLIBOBJS=' ${LIBOBJDIR}mbschr$U.lo'
MAKE_SHELL='/bin/sh'
OBJEXT='o'
PACKAGE_BUGREPORT='bug-readline@gnu.org'
PACKAGE_NAME='readline'
PACKAGE_STRING='readline 8.1'
PACKAGE_TARNAME='readline'
PACKAGE_URL=''
PACKAGE_VERSION='8.1'
PATH_SEPARATOR=':'
RANLIB='arm-kobo-linux-gnueabihf-ranlib --plugin /mnt/HDD/Project/inkbox-build/inkbox/compiled-binaries/arm-kobo-linux-gnueabihf/bin/../libexec/gcc/arm-kobo-linux-gnueabihf/11.2.0/liblto_plugin.so'
SET_MAKE=''
SHARED_INSTALL_TARGET=''
SHARED_TARGET=''
SHELL='/bin/sh'
SHLIB_DLLVERSION='$(SHLIB_MAJOR)'
SHLIB_DOT='.'
SHLIB_LIBPREF='lib'
SHLIB_LIBS=''
SHLIB_LIBSUFF='so'
SHLIB_LIBVERSION='$(SHLIB_LIBSUFF).$(SHLIB_MAJOR)$(SHLIB_MINOR)'
SHLIB_MAJOR='8'
SHLIB_MINOR='1'
SHLIB_STATUS='supported'
SHLIB_XLDFLAGS='-Wl,-rpath,$(libdir) -Wl,-soname,`basename $@ $(SHLIB_MINOR)`'
SHOBJ_CC='arm-kobo-linux-gnueabihf-gcc'
SHOBJ_CFLAGS='-fPIC'
SHOBJ_LD='${CC}'
SHOBJ_LDFLAGS='-shared -Wl,-soname,$@'
SHOBJ_LIBS=''
SHOBJ_STATUS='supported'
SHOBJ_XLDFLAGS=''
STATIC_INSTALL_TARGET='install-static'
STATIC_TARGET='static'
TERMCAP_LIB='-ltermcap'
TERMCAP_PKG_CONFIG_LIB='termcap'
ac_ct_CC=''
bindir='${exec_prefix}/bin'
build='x86_64-pc-linux-gnu'
build_alias='x86_64-pc-linux-gnu'
build_cpu='x86_64'
build_os='linux-gnu'
build_vendor='pc'
datadir='${datarootdir}'
datarootdir='${prefix}/share'
docdir='${datarootdir}/doc/${PACKAGE_TARNAME}'
dvidir='${docdir}'
exec_prefix='${prefix}'
host='arm-unknown-linux-gnueabihf'
host_alias='arm-linux-gnueabihf'
host_cpu='arm'
host_os='linux-gnueabihf'
host_vendor='unknown'
htmldir='${docdir}'
includedir='${prefix}/include'
infodir='${datarootdir}/info'
libdir='${exec_prefix}/lib'
libexecdir='${exec_prefix}/libexec'
localedir='${datarootdir}/locale'
localstatedir='${prefix}/var'
mandir='${datarootdir}/man'
oldincludedir='/usr/include'
pdfdir='${docdir}'
prefix='/home/build/inkbox/compiled-binaries/arm-kobo-linux-gnueabihf/arm-kobo-linux-gnueabihf/sysroot'
program_transform_name='s,y,y,'
psdir='${docdir}'
sbindir='${exec_prefix}/sbin'
sharedstatedir='${prefix}/com'
sysconfdir='${prefix}/etc'
target_alias='arm-linux-gnueabihf'

## ----------- ##
## confdefs.h. ##
## ----------- ##

/* confdefs.h */
#define PACKAGE_NAME "readline"
#define PACKAGE_TARNAME "readline"
#define PACKAGE_VERSION "8.1"
#define PACKAGE_STRING "readline 8.1"
#define PACKAGE_BUGREPORT "bug-readline@gnu.org"
#define PACKAGE_URL ""
#define STDC_HEADERS 1
#define HAVE_SYS_TYPES_H 1
#define HAVE_SYS_STAT_H 1
#define HAVE_STDLIB_H 1
#define HAVE_STRING_H 1
#define HAVE_MEMORY_H 1
#define HAVE_STRINGS_H 1
#define HAVE_INTTYPES_H 1
#define HAVE_STDINT_H 1
#define HAVE_UNISTD_H 1
#define __EXTENSIONS__ 1
#define _ALL_SOURCE 1
#define _GNU_SOURCE 1
#define _POSIX_PTHREAD_SEMANTICS 1
#define _TANDEM_SOURCE 1
#define PROTOTYPES 1
#define __PROTOTYPES 1
#define RETSIGTYPE void
#define STDC_HEADERS 1
#define HAVE_DIRENT_H 1
#define HAVE_FCNTL 1
#define HAVE_KILL 1
#define HAVE_LSTAT 1
#define HAVE_READLINK 1
#define HAVE_FNMATCH 1
#define HAVE_MEMMOVE 1
#define HAVE_PSELECT 1
#define HAVE_PUTENV 1
#define HAVE_SELECT 1
#define HAVE_SETENV 1
#define HAVE_SETLOCALE 1
#define HAVE_STRCASECMP 1
#define HAVE_STRPBRK 1
#define HAVE_TCGETATTR 1
#define HAVE_VSNPRINTF 1
#define HAVE_ISASCII 1
#define HAVE_ISXDIGIT 1
#define HAVE_GETPWENT 1
#define HAVE_GETPWNAM 1
#define HAVE_GETPWUID 1
#define HAVE_UNISTD_H 1
#define HAVE_FCNTL_H 1
#define HAVE_UNISTD_H 1
#define HAVE_STDLIB_H 1
#define HAVE_STDARG_H 1
#define HAVE_STDBOOL_H 1
#define HAVE_STRING_H 1
#define HAVE_STRINGS_H 1
#define HAVE_LIMITS_H 1
#define HAVE_LOCALE_H 1
#define HAVE_PWD_H 1
#define HAVE_MEMORY_H 1
#define HAVE_TERMIOS_H 1
#define HAVE_TERMIO_H 1
#define HAVE_SYS_IOCTL_H 1
#define HAVE_SYS_SELECT_H 1
#define HAVE_SYS_FILE_H 1
#define _FILE_OFFSET_BITS 64
#define HAVE_POSIX_SIGNALS 1
#define HAVE_LSTAT 1
#define HAVE_GETPW_DECLS 1
#define GWINSZ_IN_SYS_IOCTL 1
#define VOID_SIGHANDLER 1
#define FIONREAD_IN_SYS_IOCTL 1
#define STRUCT_WINSIZE_IN_SYS_IOCTL 1
#define HAVE_STRUCT_DIRENT_D_INO 1
#define HAVE_STRUCT_DIRENT_D_FILENO 1
#define HAVE_DECL_AUDIT_USER_TTY 1
#define HAVE_WCTYPE_H 1
#define HAVE_WCHAR_H 1
#define HAVE_LANGINFO_H 1
#define HAVE_MBRLEN 1
#define HAVE_MBSNRTOWCS 1
#define HAVE_MBSRTOWCS 1
#define HAVE_WCRTOMB 1
#define HAVE_WCSCOLL 1
#define HAVE_WCSDUP 1
#define HAVE_WCWIDTH 1
#define HAVE_WCTYPE 1
#define HAVE_WCSWIDTH 1
#define HAVE_MBRTOWC 1
#define HAVE_MBSTATE_T 1
#define HAVE_ISWLOWER 1
#define HAVE_ISWUPPER 1
#define HAVE_TOWLOWER 1
#define HAVE_TOWUPPER 1
#define HAVE_ISWCTYPE 1
#define HAVE_LANGINFO_CODESET 1
#define HAVE_WCHAR_T 1
#define HAVE_WCTYPE_T 1
#define HAVE_WINT_T 1
#define SIZEOF_WCHAR_T 4

configure: exit 0
