# kdesrc-build running: 'make' '-j' '8'
# from directory: /home/szybet/kdesrc/build/frameworks/kinit
[  2%] Automatic MOC for target kdeinit5_shutdown
[  4%] Generating ts...
[  6%] Generating mo...
[  8%] Automatic MOC for target kshell5
[ 12%] Automatic MOC for target kdeinit5_wrapper
[ 10%] Automatic MOC for target kwrapper5
[ 14%] Automatic MOC for target kdeinit5
[ 16%] Automatic MOC for target kdeinit_klauncher
[ 16%] Built target tsfiles-d094095819c68d9e28ea7b0678b663f6
[ 16%] Built target kdeinit5_shutdown_autogen
[ 16%] Built target kwrapper5_autogen
[ 16%] Built target kdeinit5_wrapper_autogen
[ 16%] Built target kshell5_autogen
[ 16%] Built target kdeinit5_autogen
[ 18%] Automatic MOC for target start_kdeinit
[ 20%] Automatic MOC for target start_kdeinit_wrapper
[ 22%] Building CXX object src/kdeinit/CMakeFiles/kdeinit5_shutdown.dir/kdeinit5_shutdown_autogen/mocs_compilation.cpp.o
[ 25%] Building CXX object src/kdeinit/CMakeFiles/kdeinit5_wrapper.dir/kdeinit5_wrapper_autogen/mocs_compilation.cpp.o
[ 27%] Building CXX object src/kwrapper/CMakeFiles/kwrapper5.dir/kwrapper5_autogen/mocs_compilation.cpp.o
[ 29%] Building CXX object src/kshell/CMakeFiles/kshell5.dir/kshell5_autogen/mocs_compilation.cpp.o
[ 29%] Built target start_kdeinit_autogen
[ 31%] Building CXX object src/kwrapper/CMakeFiles/kwrapper5.dir/kwrapper.cpp.o
[ 33%] Building CXX object src/kdeinit/CMakeFiles/kdeinit5_shutdown.dir/__/wrapper.cpp.o
[ 35%] Building CXX object src/kdeinit/CMakeFiles/kdeinit5_wrapper.dir/__/wrapper.cpp.o
[ 37%] Building CXX object src/kdeinit/CMakeFiles/kdeinit5.dir/kdeinit5_autogen/mocs_compilation.cpp.o
[ 37%] Built target start_kdeinit_wrapper_autogen
[ 39%] Building CXX object src/kshell/CMakeFiles/kshell5.dir/shell.cpp.o
[ 41%] Building CXX object src/kdeinit/CMakeFiles/kdeinit5.dir/kinit.cpp.o
[ 43%] Building CXX object src/start_kdeinit/CMakeFiles/start_kdeinit.dir/start_kdeinit_autogen/mocs_compilation.cpp.o
[ 43%] Built target kdeinit_klauncher_autogen
[ 45%] Building C object src/start_kdeinit/CMakeFiles/start_kdeinit.dir/start_kdeinit.c.o
[ 47%] Building CXX object src/start_kdeinit/CMakeFiles/start_kdeinit_wrapper.dir/start_kdeinit_wrapper_autogen/mocs_compilation.cpp.o
[ 50%] Linking CXX executable ../../bin/start_kdeinit
[ 52%] Building C object src/start_kdeinit/CMakeFiles/start_kdeinit_wrapper.dir/start_kdeinit_wrapper.c.o
[ 54%] Linking CXX executable ../../bin/start_kdeinit_wrapper
[ 54%] Built target start_kdeinit
[ 56%] Building CXX object src/kdeinit/CMakeFiles/kdeinit5.dir/proctitle.cpp.o
[ 56%] Built target start_kdeinit_wrapper
[ 58%] Building CXX object src/kdeinit/CMakeFiles/kdeinit5.dir/__/klauncher_cmds.cpp.o
[01m[K/home/szybet/kdesrc/frameworks/kinit/src/kdeinit/proctitle.cpp:[m[K In function '[01m[Kvoid proctitle_init(int, char**)[m[K':
[01m[K/home/szybet/kdesrc/frameworks/kinit/src/kdeinit/proctitle.cpp:56:20:[m[K [01;35m[Kwarning: [m[Kunused parameter '[01m[Kargc[m[K' [[01;35m[K-Wunused-parameter[m[K]
   56 | proctitle_init([01;35m[Kint argc[m[K, char *argv[])
      |                [01;35m[K~~~~^~~~[m[K
[01m[K/home/szybet/kdesrc/frameworks/kinit/src/kdeinit/proctitle.cpp:56:32:[m[K [01;35m[Kwarning: [m[Kunused parameter '[01m[Kargv[m[K' [[01;35m[K-Wunused-parameter[m[K]
   56 | proctitle_init(int argc, [01;35m[Kchar *argv[][m[K)
      |                          [01;35m[K~~~~~~^~~~~~[m[K
[01m[K/home/szybet/kdesrc/frameworks/kinit/src/kdeinit/proctitle.cpp:[m[K In function '[01m[Kvoid proctitle_set(const char*, ...)[m[K':
[01m[K/home/szybet/kdesrc/frameworks/kinit/src/kdeinit/proctitle.cpp:175:9:[m[K [01;31m[Kerror: [m[K'[01m[Ksetproctitle[m[K' was not declared in this scope; did you mean '[01m[Kskip_proctitle[m[K'?
  175 |         [01;31m[Ksetproctitle[m[K(NULL);
      |         [01;31m[K^~~~~~~~~~~~[m[K
      |         [32m[Kskip_proctitle[m[K
[01m[K/home/szybet/kdesrc/frameworks/kinit/src/kdeinit/proctitle.cpp:182:9:[m[K [01;31m[Kerror: [m[K'[01m[Ksetproctitle[m[K' was not declared in this scope; did you mean '[01m[Kskip_proctitle[m[K'?
  182 |         [01;31m[Ksetproctitle[m[K("%s", ptitle);
      |         [01;31m[K^~~~~~~~~~~~[m[K
      |         [32m[Kskip_proctitle[m[K
make[2]: *** [src/kdeinit/CMakeFiles/kdeinit5.dir/build.make:104: src/kdeinit/CMakeFiles/kdeinit5.dir/proctitle.cpp.o] Error 1
make[2]: *** Waiting for unfinished jobs....
[ 60%] Generating org.kde.KLauncher.xml
[ 62%] Generating kslavelauncheradaptor.cpp, kslavelauncheradaptor.h
[ 64%] Generating kslavelauncheradaptor.moc
[ 66%] Building CXX object src/klauncher/CMakeFiles/kdeinit_klauncher.dir/kdeinit_klauncher_autogen/mocs_compilation.cpp.o
[ 68%] Building CXX object src/klauncher/CMakeFiles/kdeinit_klauncher.dir/klauncher.cpp.o
[01m[K/home/szybet/kdesrc/frameworks/kinit/src/wrapper.cpp:[m[K In function '[01m[Kint kwrapper_run(pid_t, int)[m[K':
[01m[K/home/szybet/kdesrc/frameworks/kinit/src/wrapper.cpp:242:12:[m[K [01;35m[Kwarning: [m[Kcast from '[01m[Kchar*[m[K' to '[01m[Klong int*[m[K' increases required alignment of target type [[01;35m[K-Wcast-align[m[K]
  242 |     pid = ([01;35m[K(long *) buffer[m[K)[0];
      |            [01;35m[K^~~~~~~~~~~~~~~[m[K
[01m[K/home/szybet/kdesrc/frameworks/kinit/src/wrapper.cpp:248:15:[m[K [01;35m[Kwarning: [m[Kcast from '[01m[Kchar*[m[K' to '[01m[Klong int*[m[K' increases required alignment of target type [[01;35m[K-Wcast-align[m[K]
  248 |     status = ([01;35m[K(long *) buffer[m[K)[1];
      |               [01;35m[K^~~~~~~~~~~~~~~[m[K
[01m[K/home/szybet/kdesrc/frameworks/kinit/src/wrapper.cpp:[m[K In function '[01m[Kint main(int, char**)[m[K':
[01m[K/home/szybet/kdesrc/frameworks/kinit/src/wrapper.cpp:474:17:[m[K [01;35m[Kwarning: [m[Kcast from '[01m[Kchar*[m[K' to '[01m[Klong int*[m[K' increases required alignment of target type [[01;35m[K-Wcast-align[m[K]
  474 |         pid = *([01;35m[K(long *) buffer[m[K);
      |                 [01;35m[K^~~~~~~~~~~~~~~[m[K
In file included from [01m[K/home/szybet/kdesrc/frameworks/kinit/src/kwrapper/kwrapper.cpp:13[m[K:
[01m[K/home/szybet/kdesrc/frameworks/kinit/src/kwrapper/../wrapper.cpp:[m[K In function '[01m[Kint kwrapper_run(pid_t, int)[m[K':
[01m[K/home/szybet/kdesrc/frameworks/kinit/src/kwrapper/../wrapper.cpp:242:12:[m[K [01;35m[Kwarning: [m[Kcast from '[01m[Kchar*[m[K' to '[01m[Klong int*[m[K' increases required alignment of target type [[01;35m[K-Wcast-align[m[K]
  242 |     pid = ([01;35m[K(long *) buffer[m[K)[0];
      |            [01;35m[K^~~~~~~~~~~~~~~[m[K
[01m[K/home/szybet/kdesrc/frameworks/kinit/src/kwrapper/../wrapper.cpp:248:15:[m[K [01;35m[Kwarning: [m[Kcast from '[01m[Kchar*[m[K' to '[01m[Klong int*[m[K' increases required alignment of target type [[01;35m[K-Wcast-align[m[K]
  248 |     status = ([01;35m[K(long *) buffer[m[K)[1];
      |               [01;35m[K^~~~~~~~~~~~~~~[m[K
[01m[K/home/szybet/kdesrc/frameworks/kinit/src/kwrapper/../wrapper.cpp:[m[K In function '[01m[Kint main(int, char**)[m[K':
[01m[K/home/szybet/kdesrc/frameworks/kinit/src/kwrapper/../wrapper.cpp:474:17:[m[K [01;35m[Kwarning: [m[Kcast from '[01m[Kchar*[m[K' to '[01m[Klong int*[m[K' increases required alignment of target type [[01;35m[K-Wcast-align[m[K]
  474 |         pid = *([01;35m[K(long *) buffer[m[K);
      |                 [01;35m[K^~~~~~~~~~~~~~~[m[K
[ 68%] Built target pofiles-d094095819c68d9e28ea7b0678b663f6
[ 70%] Building CXX object src/klauncher/CMakeFiles/kdeinit_klauncher.dir/klauncher_main.cpp.o
[01m[K/home/szybet/kdesrc/frameworks/kinit/src/wrapper.cpp:[m[K In function '[01m[Kint kwrapper_run(pid_t, int)[m[K':
[01m[K/home/szybet/kdesrc/frameworks/kinit/src/wrapper.cpp:242:12:[m[K [01;35m[Kwarning: [m[Kcast from '[01m[Kchar*[m[K' to '[01m[Klong int*[m[K' increases required alignment of target type [[01;35m[K-Wcast-align[m[K]
  242 |     pid = ([01;35m[K(long *) buffer[m[K)[0];
      |            [01;35m[K^~~~~~~~~~~~~~~[m[K
[01m[K/home/szybet/kdesrc/frameworks/kinit/src/wrapper.cpp:248:15:[m[K [01;35m[Kwarning: [m[Kcast from '[01m[Kchar*[m[K' to '[01m[Klong int*[m[K' increases required alignment of target type [[01;35m[K-Wcast-align[m[K]
  248 |     status = ([01;35m[K(long *) buffer[m[K)[1];
      |               [01;35m[K^~~~~~~~~~~~~~~[m[K
[01m[K/home/szybet/kdesrc/frameworks/kinit/src/wrapper.cpp:[m[K In function '[01m[Kint main(int, char**)[m[K':
[01m[K/home/szybet/kdesrc/frameworks/kinit/src/wrapper.cpp:474:17:[m[K [01;35m[Kwarning: [m[Kcast from '[01m[Kchar*[m[K' to '[01m[Klong int*[m[K' increases required alignment of target type [[01;35m[K-Wcast-align[m[K]
  474 |         pid = *([01;35m[K(long *) buffer[m[K);
      |                 [01;35m[K^~~~~~~~~~~~~~~[m[K
In file included from [01m[K/home/szybet/kdesrc/frameworks/kinit/src/kshell/shell.cpp:13[m[K:
[01m[K/home/szybet/kdesrc/frameworks/kinit/src/kshell/../wrapper.cpp:[m[K In function '[01m[Kint kwrapper_run(pid_t, int)[m[K':
[01m[K/home/szybet/kdesrc/frameworks/kinit/src/kshell/../wrapper.cpp:242:12:[m[K [01;35m[Kwarning: [m[Kcast from '[01m[Kchar*[m[K' to '[01m[Klong int*[m[K' increases required alignment of target type [[01;35m[K-Wcast-align[m[K]
  242 |     pid = ([01;35m[K(long *) buffer[m[K)[0];
      |            [01;35m[K^~~~~~~~~~~~~~~[m[K
[01m[K/home/szybet/kdesrc/frameworks/kinit/src/kshell/../wrapper.cpp:248:15:[m[K [01;35m[Kwarning: [m[Kcast from '[01m[Kchar*[m[K' to '[01m[Klong int*[m[K' increases required alignment of target type [[01;35m[K-Wcast-align[m[K]
  248 |     status = ([01;35m[K(long *) buffer[m[K)[1];
      |               [01;35m[K^~~~~~~~~~~~~~~[m[K
[01m[K/home/szybet/kdesrc/frameworks/kinit/src/kshell/../wrapper.cpp:[m[K In function '[01m[Kint main(int, char**)[m[K':
[01m[K/home/szybet/kdesrc/frameworks/kinit/src/kshell/../wrapper.cpp:474:17:[m[K [01;35m[Kwarning: [m[Kcast from '[01m[Kchar*[m[K' to '[01m[Klong int*[m[K' increases required alignment of target type [[01;35m[K-Wcast-align[m[K]
  474 |         pid = *([01;35m[K(long *) buffer[m[K);
      |                 [01;35m[K^~~~~~~~~~~~~~~[m[K
[ 72%] Linking CXX executable ../../bin/kdeinit5_wrapper
[ 75%] Linking CXX executable ../../bin/kwrapper5
[ 75%] Built target kdeinit5_wrapper
[ 77%] Building CXX object src/klauncher/CMakeFiles/kdeinit_klauncher.dir/klauncher_adaptor.cpp.o
[ 77%] Built target kwrapper5
[ 79%] Linking CXX executable ../../bin/kdeinit5_shutdown
[ 81%] Building CXX object src/klauncher/CMakeFiles/kdeinit_klauncher.dir/__/klauncher_cmds.cpp.o
[ 83%] Linking CXX executable ../../bin/kshell5
[ 85%] Building CXX object src/klauncher/CMakeFiles/kdeinit_klauncher.dir/klauncher_debug.cpp.o
[ 85%] Built target kdeinit5_shutdown
[ 87%] Building CXX object src/klauncher/CMakeFiles/kdeinit_klauncher.dir/kslavelauncheradaptor.cpp.o
[ 87%] Built target kshell5
[01m[K/home/szybet/kdesrc/frameworks/kinit/src/kdeinit/kinit.cpp:[m[K In function '[01m[Kpid_t launch(int, const char*, const char*, const char*, int, const char*, bool, const char*, bool, const char*)[m[K':
[01m[K/home/szybet/kdesrc/frameworks/kinit/src/kdeinit/kinit.cpp:434:33:[m[K [01;35m[Kwarning: [m[Kunused parameter '[01m[Kstartup_id_str[m[K' [[01;35m[K-Wunused-parameter[m[K]
  434 |                     [01;35m[Kconst char *startup_id_str = "0"[m[K)  // krazy:exclude=doublequote_chars
      |                     [01;35m[K~~~~~~~~~~~~^~~~~~~~~~~~~~~~~~~~[m[K
make[1]: *** [CMakeFiles/Makefile2:366: src/kdeinit/CMakeFiles/kdeinit5.dir/all] Error 2
make[1]: *** Waiting for unfinished jobs....
[01m[K/home/szybet/kdesrc/frameworks/kinit/src/klauncher/klauncher.cpp:[m[K In member function '[01m[Kvoid KLauncher::processRequestReturn(int, const QByteArray&)[m[K':
[01m[K/home/szybet/kdesrc/frameworks/kinit/src/klauncher/klauncher.cpp:265:24:[m[K [01;35m[Kwarning: [m[Kcast from '[01m[Kconst char*[m[K' to '[01m[Klong int*[m[K' increases required alignment of target type [[01;35m[K-Wcast-align[m[K]
  265 |         request_data = [01;35m[K(long *) requestData.data()[m[K;
      |                        [01;35m[K^~~~~~~~~~~~~~~~~~~~~~~~~~~[m[K
[01m[K/home/szybet/kdesrc/frameworks/kinit/src/klauncher/klauncher.cpp:271:24:[m[K [01;35m[Kwarning: [m[Kcast from '[01m[Kconst char*[m[K' to '[01m[Klong int*[m[K' increases required alignment of target type [[01;35m[K-Wcast-align[m[K]
  271 |         request_data = [01;35m[K(long *) requestData.data()[m[K;
      |                        [01;35m[K^~~~~~~~~~~~~~~~~~~~~~~~~~~[m[K
[01m[K/home/szybet/kdesrc/frameworks/kinit/src/klauncher/klauncher.cpp:[m[K In member function '[01m[Kbool KLauncher::start_service(KService::Ptr, const QStringList&, const QStringList&, const QByteArray&, bool, const QDBusMessage&)[m[K':
[01m[K/home/szybet/kdesrc/frameworks/kinit/src/klauncher/klauncher.cpp:705:62:[m[K [01;35m[Kwarning: [m[K'[01m[KKService::DBusStartupType KService::dbusStartupType() const[m[K' is deprecated: Since 5.102. No known users [[01;35m[K-Wdeprecated-declarations[m[K]
  705 |         request->dbus_startup_type = [01;35m[Kservice->dbusStartupType()[m[K;
      |                                      [01;35m[K~~~~~~~~~~~~~~~~~~~~~~~~^~[m[K
In file included from [01m[K/home/build/inkbox/compiled-binaries/arm-kobo-linux-gnueabihf/arm-kobo-linux-gnueabihf/sysroot/include/KF5/KService/KService:1[m[K,
                 from [01m[K/home/szybet/kdesrc/frameworks/kinit/src/klauncher/klauncher.h:34[m[K,
                 from [01m[K/home/szybet/kdesrc/frameworks/kinit/src/klauncher/klauncher.cpp:12[m[K:
[01m[K/home/build/inkbox/compiled-binaries/arm-kobo-linux-gnueabihf/arm-kobo-linux-gnueabihf/sysroot/include/KF5/KService/kservice.h:203:21:[m[K [01;36m[Knote: [m[Kdeclared here
  203 |     DBusStartupType [01;36m[KdbusStartupType[m[K() const;
      |                     [01;36m[K^~~~~~~~~~~~~~~[m[K
[01m[K/home/szybet/kdesrc/frameworks/kinit/src/klauncher/klauncher.cpp:[m[K In member function '[01m[Kvoid KLauncher::send_service_startup_info(KLaunchRequest*, KService::Ptr, const QByteArray&, const QStringList&)[m[K':
[01m[K/home/szybet/kdesrc/frameworks/kinit/src/klauncher/klauncher.cpp:746:54:[m[K [01;35m[Kwarning: [m[Kunused parameter '[01m[Krequest[m[K' [[01;35m[K-Wunused-parameter[m[K]
  746 | KLauncher::send_service_startup_info([01;35m[KKLaunchRequest *request[m[K, KService::Ptr service, const QByteArray &startup_id,
      |                                      [01;35m[K~~~~~~~~~~~~~~~~^~~~~~~[m[K
[01m[K/home/szybet/kdesrc/frameworks/kinit/src/klauncher/klauncher.cpp:746:77:[m[K [01;35m[Kwarning: [m[Kunused parameter '[01m[Kservice[m[K' [[01;35m[K-Wunused-parameter[m[K]
  746 | KLauncher::send_service_startup_info(KLaunchRequest *request, [01;35m[KKService::Ptr service[m[K, const QByteArray &startup_id,
      |                                                               [01;35m[K~~~~~~~~~~~~~~^~~~~~~[m[K
[01m[K/home/szybet/kdesrc/frameworks/kinit/src/klauncher/klauncher.cpp:746:104:[m[K [01;35m[Kwarning: [m[Kunused parameter '[01m[Kstartup_id[m[K' [[01;35m[K-Wunused-parameter[m[K]
  746 | KLauncher::send_service_startup_info(KLaunchRequest *request, KService::Ptr service, [01;35m[Kconst QByteArray &startup_id[m[K,
      |                                                                                      [01;35m[K~~~~~~~~~~~~~~~~~~^~~~~~~~~~[m[K
[01m[K/home/szybet/kdesrc/frameworks/kinit/src/klauncher/klauncher.cpp:747:57:[m[K [01;35m[Kwarning: [m[Kunused parameter '[01m[Kenvs[m[K' [[01;35m[K-Wunused-parameter[m[K]
  747 |                                      [01;35m[Kconst QStringList &envs[m[K)
      |                                      [01;35m[K~~~~~~~~~~~~~~~~~~~^~~~[m[K
[01m[K/home/szybet/kdesrc/frameworks/kinit/src/klauncher/klauncher.cpp:[m[K In member function '[01m[Kvoid KLauncher::cancel_service_startup_info(KLaunchRequest*, const QByteArray&, const QStringList&)[m[K':
[01m[K/home/szybet/kdesrc/frameworks/kinit/src/klauncher/klauncher.cpp:798:56:[m[K [01;35m[Kwarning: [m[Kunused parameter '[01m[Krequest[m[K' [[01;35m[K-Wunused-parameter[m[K]
  798 | KLauncher::cancel_service_startup_info([01;35m[KKLaunchRequest *request[m[K, const QByteArray &startup_id,
      |                                        [01;35m[K~~~~~~~~~~~~~~~~^~~~~~~[m[K
[01m[K/home/szybet/kdesrc/frameworks/kinit/src/klauncher/klauncher.cpp:798:83:[m[K [01;35m[Kwarning: [m[Kunused parameter '[01m[Kstartup_id[m[K' [[01;35m[K-Wunused-parameter[m[K]
  798 | KLauncher::cancel_service_startup_info(KLaunchRequest *request, [01;35m[Kconst QByteArray &startup_id[m[K,
      |                                                                 [01;35m[K~~~~~~~~~~~~~~~~~~^~~~~~~~~~[m[K
[01m[K/home/szybet/kdesrc/frameworks/kinit/src/klauncher/klauncher.cpp:799:59:[m[K [01;35m[Kwarning: [m[Kunused parameter '[01m[Kenvs[m[K' [[01;35m[K-Wunused-parameter[m[K]
  799 |                                        [01;35m[Kconst QStringList &envs[m[K)
      |                                        [01;35m[K~~~~~~~~~~~~~~~~~~~^~~~[m[K
[01m[K/home/szybet/kdesrc/frameworks/kinit/src/klauncher/klauncher.cpp:[m[K In member function '[01m[Kbool KLauncher::kdeinit_exec(const QString&, const QStringList&, const QString&, const QStringList&, const QString&, bool, const QDBusMessage&)[m[K':
[01m[K/home/szybet/kdesrc/frameworks/kinit/src/klauncher/klauncher.cpp:826:40:[m[K [01;35m[Kwarning: [m[Kunused parameter '[01m[Kstartup_id[m[K' [[01;35m[K-Wunused-parameter[m[K]
  826 |                         [01;35m[Kconst QString &startup_id[m[K, bool wait, const QDBusMessage &msg)
      |                         [01;35m[K~~~~~~~~~~~~~~~^~~~~~~~~~[m[K
[01m[K/home/szybet/kdesrc/frameworks/kinit/src/klauncher/klauncher.cpp:[m[K In member function '[01m[Kpid_t KLauncher::requestSlave(const QString&, const QString&, const QString&, QString&)[m[K':
[01m[K/home/szybet/kdesrc/frameworks/kinit/src/klauncher/klauncher.cpp:969:46:[m[K [01;35m[Kwarning: [m[K'[01m[KQString KPluginLoader::fileName() const[m[K' is deprecated: Since 5.86. Use QPluginLoader::fileName() instead, in case of complex query logic consider using KPluginLoader::findPlugins [[01;35m[K-Wdeprecated-declarations[m[K]
  969 |     QString slaveModulePath = [01;35m[Kloader.fileName()[m[K;
      |                               [01;35m[K~~~~~~~~~~~~~~~^~[m[K
In file included from [01m[K/home/build/inkbox/compiled-binaries/arm-kobo-linux-gnueabihf/arm-kobo-linux-gnueabihf/sysroot/include/KF5/KCoreAddons/KPluginLoader:1[m[K,
                 from [01m[K/home/szybet/kdesrc/frameworks/kinit/src/klauncher/klauncher.cpp:42[m[K:
[01m[K/home/build/inkbox/compiled-binaries/arm-kobo-linux-gnueabihf/arm-kobo-linux-gnueabihf/sysroot/include/KF5/KCoreAddons/kpluginloader.h:206:13:[m[K [01;36m[Knote: [m[Kdeclared here
  206 |     QString [01;36m[KfileName[m[K() const;
      |             [01;36m[K^~~~~~~~[m[K
[ 89%] Linking CXX shared library ../../bin/libkdeinit5_klauncher.so
[ 89%] Built target kdeinit_klauncher
make: *** [Makefile:136: all] Error 2
