# kdesrc-build running: 'cmake' '-B' '.' '-S' '/home/szybet/kdesrc/frameworks/kinit' '-G' 'Unix Makefiles' '-DCMAKE_EXPORT_COMPILE_COMMANDS:BOOL=ON' '-DCMAKE_TOOLCHAIN_FILE=/mnt/HDD/Project/Public/okulartry/kobo.cmake' '-DCMAKE_CXX_FLAGS:STRING=-pipe' '-DCMAKE_INSTALL_PREFIX=/mnt/HDD/Project/Public/okulartry/okular-things' '-DCMAKE_PREFIX_PATH=/home/build/inkbox/compiled-binaries/qt-bin/'
# from directory: /home/szybet/kdesrc/build/frameworks/kinit
-- The C compiler identification is GNU 11.2.0
-- The CXX compiler identification is GNU 11.2.0
-- Detecting C compiler ABI info
-- Detecting C compiler ABI info - done
-- Check for working C compiler: /home/build/inkbox/compiled-binaries/arm-kobo-linux-gnueabihf/bin/arm-kobo-linux-gnueabihf-gcc - skipped
-- Detecting C compile features
-- Detecting C compile features - done
-- Detecting CXX compiler ABI info
-- Detecting CXX compiler ABI info - done
-- Check for working CXX compiler: /home/build/inkbox/compiled-binaries/arm-kobo-linux-gnueabihf/bin/arm-kobo-linux-gnueabihf-g++ - skipped
-- Detecting CXX compile features
-- Detecting CXX compile features - done
-- 

Installing in /mnt/HDD/Project/Public/okulartry/okular-things. Run /home/szybet/kdesrc/build/frameworks/kinit/prefix.sh to set the environment for KInit.
-- Setting build type to 'Debug' as none was specified.
-- Looking for __GLIBC__
-- Looking for __GLIBC__ - found
-- Performing Test _OFFT_IS_64BIT
-- Performing Test _OFFT_IS_64BIT - Failed
-- Performing Test HAVE_DATE_TIME
-- Performing Test HAVE_DATE_TIME - Success
-- Performing Test BSYMBOLICFUNCTIONS_AVAILABLE
-- Performing Test BSYMBOLICFUNCTIONS_AVAILABLE - Success
-- Looking for __progname
-- Looking for __progname - found
-- Looking for include file sys/pstat.h
-- Looking for include file sys/pstat.h - not found
-- Looking for include file sys/select.h
-- Looking for include file sys/select.h - found
-- Looking for pstat
-- Looking for pstat - found
-- Looking for setproctitle
-- Looking for setproctitle - found
-- Looking for connect in socket
-- Looking for connect in socket - found
-- Found Gettext: /sbin/msgmerge (found version "0.21.1") 
-- Could NOT find Libcap (missing: Libcap_LIBRARIES) 
-- kdeinit wrapper uses setuid-root to protect kdeinit from misguided Linux OOM killer
-- Looking for close_range
-- Looking for close_range - not found
-- The following REQUIRED packages have been found:

 * ECM (required version >= 5.106.0), Extra CMake Modules., <https://commits.kde.org/extra-cmake-modules>
 * Qt5 (required version >= 5.15.2)
 * Qt5DBus (required version >= 5.15.2)
 * Qt5Core (required version >= 5.15.2)
 * KF5Service (required version >= 5.106.0)
 * Qt5Gui (required version >= 5.15.2)
 * KF5KIO (required version >= 5.106.0)
 * Gettext
 * KF5I18n (required version >= 5.106.0)
 * KF5WindowSystem (required version >= 5.106.0)
 * KF5Crash (required version >= 5.106.0)
 * KF5Config (required version >= 5.106.0)
 * KF5DBusAddons (required version >= 5.106.0)

-- The following OPTIONAL packages have not been found:

 * Libcap, Capabilities are a measure to limit the omnipotence of the superuser., <https://sites.google.com/site/fullycapable/>
   KInit needs setcap in order to install start_kdeinit with CAP_SYS_RESOURCE capabilities

-- Configuring done (1.1s)
-- Generating done (0.0s)
-- Build files have been written to: /home/szybet/kdesrc/build/frameworks/kinit
