# kdesrc-build running: 'make' '-j' '8'
# from directory: /home/szybet/kdesrc/build/frameworks/kjobwidgets
-- 

Installing in /mnt/HDD/Project/Public/okulartry/okular-things. Run /home/szybet/kdesrc/build/frameworks/kjobwidgets/prefix.sh to set the environment for KJobWidgets.
-- Could NOT find X11 (missing: X11_X11_INCLUDE_PATH X11_X11_LIB) 
-- The following REQUIRED packages have been found:

 * ECM (required version >= 5.106.0), Extra CMake Modules., <https://commits.kde.org/extra-cmake-modules>
 * Qt5Gui (required version >= 5.15.2)
 * Qt5DBus
 * Qt5 (required version >= 5.15.2)
 * Qt5Core (required version >= 5.15.2)
 * KF5CoreAddons (required version >= 5.106.0)
 * Qt5Widgets (required version >= 5.15.2)
 * KF5WidgetsAddons (required version >= 5.106.0)
 * Qt5LinguistTools

-- The following features have been disabled:

 * QCH, API documentation in QCH format (for e.g. Qt Assistant, Qt Creator & KDevelop)

-- The following OPTIONAL packages have not been found:

 * X11

-- Configuring done (0.2s)
-- Generating done (0.0s)
-- Build files have been written to: /home/szybet/kdesrc/build/frameworks/kjobwidgets
[  1%] Built target translations_2
[  2%] Built target translations_4
[  3%] Built target translations_3
[  3%] Built target translations_1
[  4%] Built target translations_6
[  4%] Built target translations_5
[  5%] Built target translations_7
[  6%] Built target translations_8
[  7%] Built target translations_9
[  8%] Built target translations_10
[  9%] Built target translations_11
[  9%] Built target translations_12
[ 11%] Built target translations_15
[ 11%] Built target translations_14
[ 11%] Built target translations_16
[ 12%] Built target translations_13
[ 13%] Built target translations_18
[ 14%] Built target translations_17
[ 14%] Built target translations_20
[ 15%] Built target translations_21
[ 16%] Built target translations_23
[ 17%] Built target translations_22
[ 18%] Built target translations_19
[ 18%] Built target translations_24
[ 19%] Built target translations_25
[ 20%] Built target translations_26
[ 21%] Built target translations_28
[ 22%] Built target translations_27
[ 22%] Built target translations_29
[ 23%] Built target translations_31
[ 24%] Built target translations_30
[ 24%] Built target translations_32
[ 25%] Built target translations_34
[ 26%] Built target translations_33
[ 27%] Built target translations_35
[ 28%] Built target translations_36
[ 28%] Built target translations_37
[ 29%] Built target translations_38
[ 30%] Built target translations_39
[ 31%] Built target translations_40
[ 31%] Built target translations_41
[ 32%] Built target translations_42
[ 33%] Built target translations_43
[ 34%] Built target translations_44
[ 35%] Built target translations_46
[ 36%] Built target translations_48
[ 37%] Built target translations_45
[ 37%] Built target translations_47
[ 39%] Built target translations_51
[ 39%] Built target translations_49
[ 40%] Built target translations_50
[ 41%] Built target translations_54
[ 41%] Built target translations_53
[ 42%] Built target translations_55
[ 43%] Built target translations_52
[ 44%] Built target translations_56
[ 45%] Built target translations_57
[ 45%] Built target translations_58
[ 46%] Built target translations_59
[ 47%] Built target translations_60
[ 48%] Built target translations_62
[ 50%] Built target translations_64
[ 50%] Built target translations_61
[ 51%] Built target translations_63
[ 52%] Built target translations_65
[ 52%] Built target translations_66
[ 53%] Built target translations_67
[ 54%] Built target translations_71
[ 54%] Built target translations_70
[ 55%] Built target translations_69
[ 56%] Built target translations_72
[ 57%] Built target translations_73
[ 58%] Built target translations_68
[ 58%] Built target translations_74
[ 60%] Built target translations_76
[ 60%] Built target translations_75
[ 60%] Built target translations_79
[ 61%] Built target translations_77
[ 62%] Built target translations_78
[ 63%] Built target translations_81
[ 64%] Built target translations_80
[ 64%] Built target translations_82
[ 65%] Built target translations_84
[ 66%] Built target translations_83
[ 67%] Built target translations_85
[ 67%] Built target translations_87
[ 68%] Built target translations_86
[ 69%] Built target translations_88
[ 70%] Built target translations_89
[ 70%] Built target translations_90
[ 71%] Built target translations_91
[ 72%] Built target translations_92
[ 73%] Built target translations_93
[ 74%] Built target translations_94
[ 75%] Built target translations_96
[ 75%] Built target translations_95
[ 76%] Built target translations_98
[ 77%] Built target translations_97
[ 78%] Built target translations_99
[ 80%] Built target translations_100
[ 80%] Built target translations_101
[ 81%] Automatic MOC for target KF5JobWidgets
[ 81%] Built target KF5JobWidgets_autogen
[100%] Built target KF5JobWidgets
