This file contains any messages produced by compilers while
running configure, to aid debugging if configure makes a mistake.

It was created by brotli configure 1.0.9, which was
generated by GNU Autoconf 2.71.  Invocation command line was

  $ ./configure --host=arm-linux-gnueabihf --prefix=/home/build/inkbox/compiled-binaries/arm-kobo-linux-gnueabihf/arm-kobo-linux-gnueabihf/sysroot/

## --------- ##
## Platform. ##
## --------- ##

hostname = hyperbookszyb
uname -m = x86_64
uname -r = 6.1.28-1-lts
uname -s = Linux
uname -v = #1 SMP PREEMPT_DYNAMIC Thu, 11 May 2023 15:52:41 +0000

/usr/bin/uname -p = unknown
/bin/uname -X     = unknown

/bin/arch              = unknown
/usr/bin/arch -k       = unknown
/usr/convex/getsysinfo = unknown
/usr/bin/hostinfo      = unknown
/bin/machine           = unknown
/usr/bin/oslevel       = unknown
/bin/universe          = unknown

PATH: /home/szybet/kde/src/kdesrc-build/
PATH: /home/szybet/.cargo/bin/
PATH: /sbin/
PATH: /bin/
PATH: /usr/local/sbin/
PATH: /usr/local/bin/
PATH: /usr/bin/
PATH: /usr/sbin/
PATH: /home/szybet/.dotnet/tools/
PATH: /usr/lib/jvm/default/bin/
PATH: /usr/bin/site_perl/
PATH: /usr/bin/vendor_perl/
PATH: /usr/bin/core_perl/
PATH: /usr/lib/rustup/bin/
PATH: /home/build/inkbox/compiled-binaries/arm-kobo-linux-gnueabihf/bin/
PATH: /home/build/inkbox/compiled-binaries/qt-bin/qt-linux-5.15.2-kobo/bin/


## ----------- ##
## Core tests. ##
## ----------- ##

configure:2355: looking for aux files: config.guess config.sub ltmain.sh compile missing install-sh
configure:2368:  trying ./
configure:2397:   ./config.guess found
configure:2397:   ./config.sub found
configure:2397:   ./ltmain.sh found
configure:2397:   ./compile found
configure:2397:   ./missing found
configure:2379:   ./install-sh found
configure:2527: checking for a BSD-compatible install
configure:2600: result: /bin/install -c
configure:2611: checking whether build environment is sane
configure:2666: result: yes
configure:2722: checking for arm-linux-gnueabihf-strip
configure:2757: result: no
configure:2767: checking for strip
configure:2788: found /sbin/strip
configure:2799: result: strip
configure:2825: checking for a race-free mkdir -p
configure:2869: result: /sbin/mkdir -p
configure:2876: checking for gawk
configure:2897: found /sbin/gawk
configure:2908: result: gawk
configure:2919: checking whether make sets $(MAKE)
configure:2942: result: yes
configure:2972: checking whether make supports nested variables
configure:2990: result: yes
configure:3145: checking for arm-linux-gnueabihf-gcc
configure:3177: result: arm-kobo-linux-gnueabihf-gcc
configure:3575: checking for C compiler version
configure:3584: arm-kobo-linux-gnueabihf-gcc --version >&5
arm-kobo-linux-gnueabihf-gcc (crosstool-NG 1.24.0.519_3e2d99d - NiLuJe) 11.2.0
Copyright (C) 2021 Free Software Foundation, Inc.
This is free software; see the source for copying conditions.  There is NO
warranty; not even for MERCHANTABILITY or FITNESS FOR A PARTICULAR PURPOSE.

configure:3595: $? = 0
configure:3584: arm-kobo-linux-gnueabihf-gcc -v >&5
Using built-in specs.
COLLECT_GCC=arm-kobo-linux-gnueabihf-gcc
COLLECT_LTO_WRAPPER=/mnt/HDD/Project/inkbox-build/inkbox/compiled-binaries/arm-kobo-linux-gnueabihf/bin/../libexec/gcc/arm-kobo-linux-gnueabihf/11.2.0/lto-wrapper
Target: arm-kobo-linux-gnueabihf
Configured with: /home/nicolas/Development/kox/koxtoolchain/build/kobo/.build/arm-kobo-linux-gnueabihf/src/gcc/configure --build=x86_64-build_pc-linux-gnu --host=x86_64-build_pc-linux-gnu --target=arm-kobo-linux-gnueabihf --prefix=/home/nicolas/x-tools/arm-kobo-linux-gnueabihf --exec_prefix=/home/nicolas/x-tools/arm-kobo-linux-gnueabihf --with-sysroot=/home/nicolas/x-tools/arm-kobo-linux-gnueabihf/arm-kobo-linux-gnueabihf/sysroot --enable-languages=c,c++ --with-cpu=cortex-a8 --with-fpu=neon --with-float=hard --with-pkgversion='crosstool-NG 1.24.0.519_3e2d99d - NiLuJe' --enable-__cxa_atexit --disable-libmudflap --disable-libgomp --disable-libssp --disable-libquadmath --disable-libquadmath-support --disable-libsanitizer --disable-libmpx --with-gmp=/home/nicolas/Development/kox/koxtoolchain/build/kobo/.build/arm-kobo-linux-gnueabihf/buildtools --with-mpfr=/home/nicolas/Development/kox/koxtoolchain/build/kobo/.build/arm-kobo-linux-gnueabihf/buildtools --with-mpc=/home/nicolas/Development/kox/koxtoolchain/build/kobo/.build/arm-kobo-linux-gnueabihf/buildtools --with-isl=no --with-cloog=no --enable-lto --enable-threads=posix --with-linker-hash-style=gnu --enable-plugin --enable-gold --disable-nls --disable-multilib --with-diagnostics-color=always --with-local-prefix=/home/nicolas/x-tools/arm-kobo-linux-gnueabihf/arm-kobo-linux-gnueabihf/sysroot --enable-long-long --with-mode=thumb
Thread model: posix
Supported LTO compression algorithms: zlib zstd
gcc version 11.2.0 (crosstool-NG 1.24.0.519_3e2d99d - NiLuJe) 
configure:3595: $? = 0
configure:3584: arm-kobo-linux-gnueabihf-gcc -V >&5
[01m[Karm-kobo-linux-gnueabihf-gcc:[m[K [01;31m[Kerror: [m[Kunrecognized command-line option '[01m[K-V[m[K'
[01m[Karm-kobo-linux-gnueabihf-gcc:[m[K [01;31m[Kfatal error: [m[Kno input files
compilation terminated.
configure:3595: $? = 1
configure:3584: arm-kobo-linux-gnueabihf-gcc -qversion >&5
[01m[Karm-kobo-linux-gnueabihf-gcc:[m[K [01;31m[Kerror: [m[Kunrecognized command-line option '[01m[K-qversion[m[K'; did you mean '[01m[K--version[m[K'?
[01m[Karm-kobo-linux-gnueabihf-gcc:[m[K [01;31m[Kfatal error: [m[Kno input files
compilation terminated.
configure:3595: $? = 1
configure:3584: arm-kobo-linux-gnueabihf-gcc -version >&5
[01m[Karm-kobo-linux-gnueabihf-gcc:[m[K [01;31m[Kerror: [m[Kunrecognized command-line option '[01m[K-version[m[K'
[01m[Karm-kobo-linux-gnueabihf-gcc:[m[K [01;31m[Kfatal error: [m[Kno input files
compilation terminated.
configure:3595: $? = 1
configure:3615: checking whether the C compiler works
configure:3637: arm-kobo-linux-gnueabihf-gcc    conftest.c  >&5
configure:3641: $? = 0
configure:3691: result: yes
configure:3694: checking for C compiler default output file name
configure:3696: result: a.out
configure:3702: checking for suffix of executables
configure:3709: arm-kobo-linux-gnueabihf-gcc -o conftest    conftest.c  >&5
configure:3713: $? = 0
configure:3736: result: 
configure:3758: checking whether we are cross compiling
configure:3766: arm-kobo-linux-gnueabihf-gcc -o conftest    conftest.c  >&5
configure:3770: $? = 0
configure:3777: ./conftest
./configure: line 3779: ./conftest: cannot execute binary file: Exec format error
configure:3781: $? = 126
configure:3796: result: yes
configure:3801: checking for suffix of object files
configure:3824: arm-kobo-linux-gnueabihf-gcc -c   conftest.c >&5
configure:3828: $? = 0
configure:3850: result: o
configure:3854: checking whether the compiler supports GNU C
configure:3874: arm-kobo-linux-gnueabihf-gcc -c   conftest.c >&5
configure:3874: $? = 0
configure:3884: result: yes
configure:3895: checking whether arm-kobo-linux-gnueabihf-gcc accepts -g
configure:3916: arm-kobo-linux-gnueabihf-gcc -c -g  conftest.c >&5
configure:3916: $? = 0
configure:3960: result: yes
configure:3980: checking for arm-kobo-linux-gnueabihf-gcc option to enable C11 features
configure:3995: arm-kobo-linux-gnueabihf-gcc  -c -g -O2  conftest.c >&5
configure:3995: $? = 0
configure:4013: result: none needed
configure:4129: checking whether arm-kobo-linux-gnueabihf-gcc understands -c and -o together
configure:4152: arm-kobo-linux-gnueabihf-gcc -c conftest.c -o conftest2.o
configure:4155: $? = 0
configure:4152: arm-kobo-linux-gnueabihf-gcc -c conftest.c -o conftest2.o
configure:4155: $? = 0
configure:4167: result: yes
configure:4187: checking whether make supports the include directive
configure:4202: make -f confmf.GNU && cat confinc.out
this is the am__doit target
configure:4205: $? = 0
configure:4224: result: yes (GNU style)
configure:4250: checking dependency style of arm-kobo-linux-gnueabihf-gcc
configure:4362: result: gcc3
configure:4409: checking build system type
configure:4424: result: x86_64-pc-linux-gnu
configure:4444: checking host system type
configure:4458: result: arm-unknown-linux-gnueabihf
configure:4499: checking how to print strings
configure:4526: result: printf
configure:4547: checking for a sed that does not truncate output
configure:4617: result: /sbin/sed
configure:4635: checking for grep that handles long lines and -e
configure:4699: result: /sbin/grep
configure:4704: checking for egrep
configure:4772: result: /sbin/grep -E
configure:4777: checking for fgrep
configure:4845: result: /sbin/grep -F
configure:4881: checking for ld used by arm-kobo-linux-gnueabihf-gcc
configure:4949: result: arm-kobo-linux-gnueabihf-ld
configure:4956: checking if the linker (arm-kobo-linux-gnueabihf-ld) is GNU ld
configure:4972: result: yes
configure:4984: checking for BSD- or MS-compatible name lister (nm)
configure:5039: result: no
configure:5053: checking for arm-linux-gnueabihf-dumpbin
configure:5088: result: no
configure:5053: checking for arm-linux-gnueabihf-link
configure:5088: result: no
configure:5102: checking for dumpbin
configure:5137: result: no
configure:5102: checking for link
configure:5123: found /sbin/link
configure:5134: result: link -dump
configure:5150: WARNING: using cross tools not prefixed with host triplet
configure:5179: checking the name lister (nm) interface
configure:5187: arm-kobo-linux-gnueabihf-gcc -c -g -O2  conftest.c >&5
configure:5190: nm "conftest.o"
configure:5193: output
00000000 b $d
00000000 B some_variable
configure:5200: result: BSD nm
configure:5203: checking whether ln -s works
configure:5207: result: yes
configure:5215: checking the maximum length of command line arguments
configure:5347: result: 1572864
configure:5395: checking how to convert x86_64-pc-linux-gnu file names to arm-unknown-linux-gnueabihf format
configure:5436: result: func_convert_file_noop
configure:5443: checking how to convert x86_64-pc-linux-gnu file names to toolchain format
configure:5464: result: func_convert_file_noop
configure:5471: checking for arm-kobo-linux-gnueabihf-ld option to reload object files
configure:5479: result: -r
configure:5513: checking for arm-linux-gnueabihf-file
configure:5548: result: no
configure:5558: checking for file
configure:5579: found /sbin/file
configure:5590: result: file
configure:5621: checking for arm-linux-gnueabihf-objdump
configure:5656: result: no
configure:5666: checking for objdump
configure:5687: found /sbin/objdump
configure:5698: result: objdump
configure:5730: checking how to recognize dependent libraries
configure:5931: result: pass_all
configure:5976: checking for arm-linux-gnueabihf-dlltool
configure:6011: result: no
configure:6021: checking for dlltool
configure:6056: result: no
configure:6086: checking how to associate runtime and link libraries
configure:6114: result: printf %s\n
configure:6131: checking for arm-linux-gnueabihf-ar
configure:6163: result: arm-kobo-linux-gnueabihf-ar
configure:6265: checking for archiver @FILE support
configure:6283: arm-kobo-linux-gnueabihf-gcc -c -g -O2  conftest.c >&5
configure:6283: $? = 0
configure:6287: arm-kobo-linux-gnueabihf-ar cr libconftest.a @conftest.lst >&5
configure:6290: $? = 0
configure:6295: arm-kobo-linux-gnueabihf-ar cr libconftest.a @conftest.lst >&5
arm-kobo-linux-gnueabihf-ar: conftest.o: No such file or directory
configure:6298: $? = 1
configure:6310: result: @
configure:6328: checking for arm-linux-gnueabihf-strip
configure:6360: result: strip
configure:6437: checking for arm-linux-gnueabihf-ranlib
configure:6469: result: arm-kobo-linux-gnueabihf-ranlib
configure:6616: checking command to parse nm output from arm-kobo-linux-gnueabihf-gcc object
configure:6770: arm-kobo-linux-gnueabihf-gcc -c -g -O2  conftest.c >&5
configure:6773: $? = 0
configure:6777: nm conftest.o \| /sbin/sed -n -e 's/^.*[ ]\([ABCDGIRSTW][ABCDGIRSTW]*\)[ ][ ]*\([_A-Za-z][_A-Za-z0-9]*\)$/\1 \2 \2/p' | /sbin/sed '/ __gnu_lto/d' \> conftest.nm
configure:6780: $? = 0
configure:6846: arm-kobo-linux-gnueabihf-gcc -o conftest -g -O2   conftest.c conftstm.o >&5
configure:6849: $? = 0
configure:6887: result: ok
configure:6934: checking for sysroot
configure:6965: result: no
configure:6972: checking for a working dd
configure:7016: result: /sbin/dd
configure:7020: checking how to truncate binary pipes
configure:7036: result: /sbin/dd bs=4096 count=1
configure:7328: checking for arm-linux-gnueabihf-mt
configure:7363: result: no
configure:7373: checking for mt
configure:7408: result: no
configure:7428: checking if : is a manifest tool
configure:7435: : '-?'
configure:7443: result: no
configure:8168: checking for stdio.h
configure:8168: arm-kobo-linux-gnueabihf-gcc -c -g -O2  conftest.c >&5
configure:8168: $? = 0
configure:8168: result: yes
configure:8168: checking for stdlib.h
configure:8168: arm-kobo-linux-gnueabihf-gcc -c -g -O2  conftest.c >&5
configure:8168: $? = 0
configure:8168: result: yes
configure:8168: checking for string.h
configure:8168: arm-kobo-linux-gnueabihf-gcc -c -g -O2  conftest.c >&5
configure:8168: $? = 0
configure:8168: result: yes
configure:8168: checking for inttypes.h
configure:8168: arm-kobo-linux-gnueabihf-gcc -c -g -O2  conftest.c >&5
configure:8168: $? = 0
configure:8168: result: yes
configure:8168: checking for stdint.h
configure:8168: arm-kobo-linux-gnueabihf-gcc -c -g -O2  conftest.c >&5
configure:8168: $? = 0
configure:8168: result: yes
configure:8168: checking for strings.h
configure:8168: arm-kobo-linux-gnueabihf-gcc -c -g -O2  conftest.c >&5
configure:8168: $? = 0
configure:8168: result: yes
configure:8168: checking for sys/stat.h
configure:8168: arm-kobo-linux-gnueabihf-gcc -c -g -O2  conftest.c >&5
configure:8168: $? = 0
configure:8168: result: yes
configure:8168: checking for sys/types.h
configure:8168: arm-kobo-linux-gnueabihf-gcc -c -g -O2  conftest.c >&5
configure:8168: $? = 0
configure:8168: result: yes
configure:8168: checking for unistd.h
configure:8168: arm-kobo-linux-gnueabihf-gcc -c -g -O2  conftest.c >&5
configure:8168: $? = 0
configure:8168: result: yes
configure:8193: checking for dlfcn.h
configure:8193: arm-kobo-linux-gnueabihf-gcc -c -g -O2  conftest.c >&5
configure:8193: $? = 0
configure:8193: result: yes
configure:8452: checking for objdir
configure:8468: result: .libs
configure:8732: checking if arm-kobo-linux-gnueabihf-gcc supports -fno-rtti -fno-exceptions
configure:8751: arm-kobo-linux-gnueabihf-gcc -c -g -O2  -fno-rtti -fno-exceptions conftest.c >&5
[01m[Kcc1:[m[K [01;35m[Kwarning: [m[Kcommand-line option '[01m[K-fno-rtti[m[K' is valid for C++/D/ObjC++ but not for C
configure:8755: $? = 0
configure:8768: result: no
configure:9126: checking for arm-kobo-linux-gnueabihf-gcc option to produce PIC
configure:9134: result: -fPIC -DPIC
configure:9142: checking if arm-kobo-linux-gnueabihf-gcc PIC flag -fPIC -DPIC works
configure:9161: arm-kobo-linux-gnueabihf-gcc -c -g -O2  -fPIC -DPIC -DPIC conftest.c >&5
configure:9165: $? = 0
configure:9178: result: yes
configure:9207: checking if arm-kobo-linux-gnueabihf-gcc static flag -static works
configure:9236: result: yes
configure:9251: checking if arm-kobo-linux-gnueabihf-gcc supports -c -o file.o
configure:9273: arm-kobo-linux-gnueabihf-gcc -c -g -O2  -o out/conftest2.o conftest.c >&5
configure:9277: $? = 0
configure:9299: result: yes
configure:9307: checking if arm-kobo-linux-gnueabihf-gcc supports -c -o file.o
configure:9355: result: yes
configure:9388: checking whether the arm-kobo-linux-gnueabihf-gcc linker (arm-kobo-linux-gnueabihf-ld) supports shared libraries
configure:10656: result: yes
configure:10693: checking whether -lc should be explicitly linked in
configure:10702: arm-kobo-linux-gnueabihf-gcc -c -g -O2  conftest.c >&5
configure:10705: $? = 0
configure:10720: arm-kobo-linux-gnueabihf-gcc -shared  -fPIC -DPIC conftest.o  -v -Wl,-soname -Wl,conftest -o conftest 2\>\&1 \| /sbin/grep  -lc  \>/dev/null 2\>\&1
configure:10723: $? = 0
configure:10737: result: no
configure:10897: checking dynamic linker characteristics
configure:11479: arm-kobo-linux-gnueabihf-gcc -o conftest -g -O2   -Wl,-rpath -Wl,/foo conftest.c  >&5
configure:11479: $? = 0
configure:11718: result: GNU/Linux ld.so
configure:11840: checking how to hardcode library paths into programs
configure:11865: result: immediate
configure:12417: checking whether stripping libraries is possible
configure:12426: result: yes
configure:12468: checking if libtool supports shared libraries
configure:12470: result: yes
configure:12473: checking whether to build shared libraries
configure:12498: result: yes
configure:12501: checking whether to build static libraries
configure:12505: result: yes
configure:12683: checking that generated files are newer than configure
configure:12689: result: done
configure:12712: creating ./config.status

## ---------------------- ##
## Running config.status. ##
## ---------------------- ##

This file was extended by brotli config.status 1.0.9, which was
generated by GNU Autoconf 2.71.  Invocation command line was

  CONFIG_FILES    = 
  CONFIG_HEADERS  = 
  CONFIG_LINKS    = 
  CONFIG_COMMANDS = 
  $ ./config.status 

on hyperbookszyb

config.status:1009: creating Makefile
config.status:1009: creating scripts/libbrotlicommon.pc
config.status:1009: creating scripts/libbrotlidec.pc
config.status:1009: creating scripts/libbrotlienc.pc
config.status:1181: executing depfiles commands
config.status:1258: cd .       && sed -e '/# am--include-marker/d' Makefile         | make -f - am--depfiles
config.status:1263: $? = 0
config.status:1181: executing libtool commands

## ---------------- ##
## Cache variables. ##
## ---------------- ##

ac_cv_build=x86_64-pc-linux-gnu
ac_cv_c_compiler_gnu=yes
ac_cv_env_CC_set=set
ac_cv_env_CC_value=arm-kobo-linux-gnueabihf-gcc
ac_cv_env_CFLAGS_set=
ac_cv_env_CFLAGS_value=
ac_cv_env_CPPFLAGS_set=
ac_cv_env_CPPFLAGS_value=
ac_cv_env_LDFLAGS_set=
ac_cv_env_LDFLAGS_value=
ac_cv_env_LIBS_set=
ac_cv_env_LIBS_value=
ac_cv_env_LT_SYS_LIBRARY_PATH_set=
ac_cv_env_LT_SYS_LIBRARY_PATH_value=
ac_cv_env_build_alias_set=
ac_cv_env_build_alias_value=
ac_cv_env_host_alias_set=set
ac_cv_env_host_alias_value=arm-linux-gnueabihf
ac_cv_env_target_alias_set=
ac_cv_env_target_alias_value=
ac_cv_header_dlfcn_h=yes
ac_cv_header_inttypes_h=yes
ac_cv_header_stdint_h=yes
ac_cv_header_stdio_h=yes
ac_cv_header_stdlib_h=yes
ac_cv_header_string_h=yes
ac_cv_header_strings_h=yes
ac_cv_header_sys_stat_h=yes
ac_cv_header_sys_types_h=yes
ac_cv_header_unistd_h=yes
ac_cv_host=arm-unknown-linux-gnueabihf
ac_cv_objext=o
ac_cv_path_EGREP='/sbin/grep -E'
ac_cv_path_FGREP='/sbin/grep -F'
ac_cv_path_GREP=/sbin/grep
ac_cv_path_SED=/sbin/sed
ac_cv_path_install='/bin/install -c'
ac_cv_path_lt_DD=/sbin/dd
ac_cv_path_mkdir=/sbin/mkdir
ac_cv_prog_AR=arm-kobo-linux-gnueabihf-ar
ac_cv_prog_AWK=gawk
ac_cv_prog_CC=arm-kobo-linux-gnueabihf-gcc
ac_cv_prog_RANLIB=arm-kobo-linux-gnueabihf-ranlib
ac_cv_prog_STRIP=strip
ac_cv_prog_ac_ct_DUMPBIN='link -dump'
ac_cv_prog_ac_ct_FILECMD=file
ac_cv_prog_ac_ct_OBJDUMP=objdump
ac_cv_prog_ac_ct_STRIP=strip
ac_cv_prog_cc_c11=
ac_cv_prog_cc_g=yes
ac_cv_prog_cc_stdc=
ac_cv_prog_make_make_set=yes
am_cv_CC_dependencies_compiler_type=gcc3
am_cv_make_support_nested_variables=yes
am_cv_prog_cc_c_o=yes
lt_cv_ar_at_file=@
lt_cv_archive_cmds_need_lc=no
lt_cv_deplibs_check_method=pass_all
lt_cv_file_magic_cmd='$MAGIC_CMD'
lt_cv_file_magic_test_file=
lt_cv_ld_reload_flag=-r
lt_cv_nm_interface='BSD nm'
lt_cv_objdir=.libs
lt_cv_path_LD=arm-kobo-linux-gnueabihf-ld
lt_cv_path_NM=no
lt_cv_path_mainfest_tool=no
lt_cv_prog_compiler_c_o=yes
lt_cv_prog_compiler_pic='-fPIC -DPIC'
lt_cv_prog_compiler_pic_works=yes
lt_cv_prog_compiler_rtti_exceptions=no
lt_cv_prog_compiler_static_works=yes
lt_cv_prog_gnu_ld=yes
lt_cv_sharedlib_from_linklib_cmd='printf %s\n'
lt_cv_shlibpath_overrides_runpath=no
lt_cv_sys_global_symbol_pipe='/sbin/sed -n -e '\''s/^.*[	 ]\([ABCDGIRSTW][ABCDGIRSTW]*\)[	 ][	 ]*\([_A-Za-z][_A-Za-z0-9]*\)$/\1 \2 \2/p'\'' | /sbin/sed '\''/ __gnu_lto/d'\'''
lt_cv_sys_global_symbol_to_c_name_address='/sbin/sed -n -e '\''s/^: \(.*\) .*$/  {"\1", (void *) 0},/p'\'' -e '\''s/^[ABCDGIRSTW][ABCDGIRSTW]* .* \(.*\)$/  {"\1", (void *) \&\1},/p'\'''
lt_cv_sys_global_symbol_to_c_name_address_lib_prefix='/sbin/sed -n -e '\''s/^: \(.*\) .*$/  {"\1", (void *) 0},/p'\'' -e '\''s/^[ABCDGIRSTW][ABCDGIRSTW]* .* \(lib.*\)$/  {"\1", (void *) \&\1},/p'\'' -e '\''s/^[ABCDGIRSTW][ABCDGIRSTW]* .* \(.*\)$/  {"lib\1", (void *) \&\1},/p'\'''
lt_cv_sys_global_symbol_to_cdecl='/sbin/sed -n -e '\''s/^T .* \(.*\)$/extern int \1();/p'\'' -e '\''s/^[ABCDGIRSTW][ABCDGIRSTW]* .* \(.*\)$/extern char \1;/p'\'''
lt_cv_sys_global_symbol_to_import=
lt_cv_sys_max_cmd_len=1572864
lt_cv_to_host_file_cmd=func_convert_file_noop
lt_cv_to_tool_file_cmd=func_convert_file_noop
lt_cv_truncate_bin='/sbin/dd bs=4096 count=1'

## ----------------- ##
## Output variables. ##
## ----------------- ##

ACLOCAL='${SHELL} '\''/mnt/HDD/Project/Public/okulartry/brotli/missing'\'' aclocal-1.16'
AMDEPBACKSLASH='\'
AMDEP_FALSE='#'
AMDEP_TRUE=''
AMTAR='$${TAR-tar}'
AM_BACKSLASH='\'
AM_DEFAULT_V='$(AM_DEFAULT_VERBOSITY)'
AM_DEFAULT_VERBOSITY='1'
AM_V='$(V)'
AR='arm-kobo-linux-gnueabihf-ar'
AUTOCONF='${SHELL} '\''/mnt/HDD/Project/Public/okulartry/brotli/missing'\'' autoconf'
AUTOHEADER='${SHELL} '\''/mnt/HDD/Project/Public/okulartry/brotli/missing'\'' autoheader'
AUTOMAKE='${SHELL} '\''/mnt/HDD/Project/Public/okulartry/brotli/missing'\'' automake-1.16'
AWK='gawk'
CC='arm-kobo-linux-gnueabihf-gcc'
CCDEPMODE='depmode=gcc3'
CFLAGS='-g -O2'
CPPFLAGS=''
CSCOPE='cscope'
CTAGS='ctags'
CYGPATH_W='echo'
DEFS='-DPACKAGE_NAME=\"brotli\" -DPACKAGE_TARNAME=\"brotli\" -DPACKAGE_VERSION=\"1.0.9\" -DPACKAGE_STRING=\"brotli\ 1.0.9\" -DPACKAGE_BUGREPORT=\"https://groups.google.com/forum/\#!forum/brotli\" -DPACKAGE_URL=\"\" -DPACKAGE=\"brotli\" -DVERSION=\"1.0.9\" -DHAVE_STDIO_H=1 -DHAVE_STDLIB_H=1 -DHAVE_STRING_H=1 -DHAVE_INTTYPES_H=1 -DHAVE_STDINT_H=1 -DHAVE_STRINGS_H=1 -DHAVE_SYS_STAT_H=1 -DHAVE_SYS_TYPES_H=1 -DHAVE_UNISTD_H=1 -DSTDC_HEADERS=1 -DHAVE_DLFCN_H=1 -DLT_OBJDIR=\".libs/\"'
DEPDIR='.deps'
DLLTOOL='false'
DSYMUTIL=''
DUMPBIN=':'
ECHO_C=''
ECHO_N='-n'
ECHO_T=''
EGREP='/sbin/grep -E'
ETAGS='etags'
EXEEXT=''
FGREP='/sbin/grep -F'
FILECMD='file'
GREP='/sbin/grep'
INSTALL_DATA='${INSTALL} -m 644'
INSTALL_PROGRAM='${INSTALL}'
INSTALL_SCRIPT='${INSTALL}'
INSTALL_STRIP_PROGRAM='$(install_sh) -c -s'
LD='arm-kobo-linux-gnueabihf-ld'
LDFLAGS=''
LIBOBJS=''
LIBS=''
LIBTOOL='$(SHELL) $(top_builddir)/libtool'
LIPO=''
LN_S='ln -s'
LTLIBOBJS=''
LT_SYS_LIBRARY_PATH=''
MAKEINFO='${SHELL} '\''/mnt/HDD/Project/Public/okulartry/brotli/missing'\'' makeinfo'
MANIFEST_TOOL=':'
MKDIR_P='/sbin/mkdir -p'
NM='nm'
NMEDIT=''
OBJDUMP='objdump'
OBJEXT='o'
OTOOL64=''
OTOOL=''
PACKAGE='brotli'
PACKAGE_BUGREPORT='https://groups.google.com/forum/#!forum/brotli'
PACKAGE_NAME='brotli'
PACKAGE_STRING='brotli 1.0.9'
PACKAGE_TARNAME='brotli'
PACKAGE_URL=''
PACKAGE_VERSION='1.0.9'
PATH_SEPARATOR=':'
RANLIB='arm-kobo-linux-gnueabihf-ranlib'
SED='/sbin/sed'
SET_MAKE=''
SHELL='/bin/sh'
STRIP='strip'
VERSION='1.0.9'
ac_ct_AR=''
ac_ct_CC=''
ac_ct_DUMPBIN='link -dump'
am__EXEEXT_FALSE=''
am__EXEEXT_TRUE='#'
am__fastdepCC_FALSE='#'
am__fastdepCC_TRUE=''
am__include='include'
am__isrc=''
am__leading_dot='.'
am__nodep='_no'
am__quote=''
am__tar='$${TAR-tar} chof - "$$tardir"'
am__untar='$${TAR-tar} xf -'
bindir='${exec_prefix}/bin'
build='x86_64-pc-linux-gnu'
build_alias=''
build_cpu='x86_64'
build_os='linux-gnu'
build_vendor='pc'
datadir='${datarootdir}'
datarootdir='${prefix}/share'
docdir='${datarootdir}/doc/${PACKAGE_TARNAME}'
dvidir='${docdir}'
exec_prefix='${prefix}'
host='arm-unknown-linux-gnueabihf'
host_alias='arm-linux-gnueabihf'
host_cpu='arm'
host_os='linux-gnueabihf'
host_vendor='unknown'
htmldir='${docdir}'
includedir='${prefix}/include'
infodir='${datarootdir}/info'
install_sh='${SHELL} /mnt/HDD/Project/Public/okulartry/brotli/install-sh'
libdir='${exec_prefix}/lib'
libexecdir='${exec_prefix}/libexec'
localedir='${datarootdir}/locale'
localstatedir='${prefix}/var'
mandir='${datarootdir}/man'
mkdir_p='$(MKDIR_P)'
oldincludedir='/usr/include'
pdfdir='${docdir}'
prefix='/home/build/inkbox/compiled-binaries/arm-kobo-linux-gnueabihf/arm-kobo-linux-gnueabihf/sysroot'
program_transform_name='s,x,x,'
psdir='${docdir}'
runstatedir='${localstatedir}/run'
sbindir='${exec_prefix}/sbin'
sharedstatedir='${prefix}/com'
sysconfdir='${prefix}/etc'
target_alias=''

## ----------- ##
## confdefs.h. ##
## ----------- ##

/* confdefs.h */
#define PACKAGE_NAME "brotli"
#define PACKAGE_TARNAME "brotli"
#define PACKAGE_VERSION "1.0.9"
#define PACKAGE_STRING "brotli 1.0.9"
#define PACKAGE_BUGREPORT "https://groups.google.com/forum/#!forum/brotli"
#define PACKAGE_URL ""
#define PACKAGE "brotli"
#define VERSION "1.0.9"
#define HAVE_STDIO_H 1
#define HAVE_STDLIB_H 1
#define HAVE_STRING_H 1
#define HAVE_INTTYPES_H 1
#define HAVE_STDINT_H 1
#define HAVE_STRINGS_H 1
#define HAVE_SYS_STAT_H 1
#define HAVE_SYS_TYPES_H 1
#define HAVE_UNISTD_H 1
#define STDC_HEADERS 1
#define HAVE_DLFCN_H 1
#define LT_OBJDIR ".libs/"

configure: exit 0
