# kdesrc-build running: 'cmake' '-B' '.' '-S' '/home/szybet/kdesrc/frameworks/kdoctools' '-G' 'Unix Makefiles' '-DCMAKE_EXPORT_COMPILE_COMMANDS:BOOL=ON' '-DCMAKE_TOOLCHAIN_FILE=/mnt/HDD/Project/Public/okulartry/kobo.cmake' '-DCMAKE_CXX_FLAGS:STRING=-pipe' '-DCMAKE_INSTALL_PREFIX=/mnt/HDD/Project/Public/okulartry/okular-things' '-DCMAKE_PREFIX_PATH=/home/build/inkbox/compiled-binaries/qt-bin/'
# from directory: /home/szybet/kdesrc/build/frameworks/kdoctools
-- The C compiler identification is GNU 11.2.0
-- The CXX compiler identification is GNU 11.2.0
-- Detecting C compiler ABI info
-- Detecting C compiler ABI info - done
-- Check for working C compiler: /home/build/inkbox/compiled-binaries/arm-kobo-linux-gnueabihf/bin/arm-kobo-linux-gnueabihf-gcc - skipped
-- Detecting C compile features
-- Detecting C compile features - done
-- Detecting CXX compiler ABI info
-- Detecting CXX compiler ABI info - done
-- Check for working CXX compiler: /home/build/inkbox/compiled-binaries/arm-kobo-linux-gnueabihf/bin/arm-kobo-linux-gnueabihf-g++ - skipped
-- Detecting CXX compile features
-- Detecting CXX compile features - done
-- 

Installing in /mnt/HDD/Project/Public/okulartry/okular-things. Run /home/szybet/kdesrc/build/frameworks/kdoctools/prefix.sh to set the environment for KDocTools.
-- Setting build type to 'Debug' as none was specified.
-- Looking for __GLIBC__
-- Looking for __GLIBC__ - found
-- Performing Test _OFFT_IS_64BIT
-- Performing Test _OFFT_IS_64BIT - Failed
-- Performing Test HAVE_DATE_TIME
-- Performing Test HAVE_DATE_TIME - Success
-- Performing Test BSYMBOLICFUNCTIONS_AVAILABLE
-- Performing Test BSYMBOLICFUNCTIONS_AVAILABLE - Success
-- Found Gettext: /sbin/msgmerge (found version "0.21.1") 
-- Found LibXslt: /home/build/inkbox/compiled-binaries/arm-kobo-linux-gnueabihf/arm-kobo-linux-gnueabihf/sysroot/lib/libxslt.so (found version "1.1.37") 
-- Found LibXml2: /home/build/inkbox/compiled-binaries/arm-kobo-linux-gnueabihf/arm-kobo-linux-gnueabihf/sysroot/lib/libxml2.so (found version "2.9.12") 
-- Found DocBookXML4: /home/build/inkbox/compiled-binaries/arm-kobo-linux-gnueabihf/arm-kobo-linux-gnueabihf/sysroot/usr/share/xml/docbook/xml-dtd-4.5 (Required is at least version "4.5") 
-- Found DocBookXSL: /home/build/inkbox/compiled-binaries/arm-kobo-linux-gnueabihf/arm-kobo-linux-gnueabihf/sysroot/usr/share/xml/docbook/xsl-stylesheets-1.79.2  
-- Found Perl: /sbin/perl (found version "5.36.1") 
CMake Warning (dev) at /usr/share/cmake/Modules/FindPackageHandleStandardArgs.cmake:438 (message):
  The package name passed to `find_package_handle_standard_args`
  (PerlModules_URI::Escape) does not match the name of the calling package
  (PerlModules).  This can lead to problems in calling code that expects
  `find_package` result variables (e.g., `_FOUND`) to follow a certain
  pattern.
Call Stack (most recent call first):
  cmake/FindPerlModules.cmake:46 (find_package_handle_standard_args)
  cmake/uriencode.cmake:12 (find_package)
  src/CMakeLists.txt:4 (kdoctools_encode_uri)
This warning is for project developers.  Use -Wno-dev to suppress it.

-- Found PerlModules_URI::Escape: TRUE  
-- Found PerlModules: TRUE  found components: URI::Escape 
-- Performing Test COMPILER_HAS_HIDDEN_VISIBILITY
-- Performing Test COMPILER_HAS_HIDDEN_VISIBILITY - Success
-- Performing Test COMPILER_HAS_HIDDEN_INLINE_VISIBILITY
-- Performing Test COMPILER_HAS_HIDDEN_INLINE_VISIBILITY - Success
-- Performing Test COMPILER_HAS_DEPRECATED_ATTR
-- Performing Test COMPILER_HAS_DEPRECATED_ATTR - Success
-- The following OPTIONAL packages have been found:

 * KF5I18n (required version >= 5.106.0)
   Required to build the KDocTools translations

-- The following REQUIRED packages have been found:

 * ECM (required version >= 5.106.0), Extra CMake Modules., <https://commits.kde.org/extra-cmake-modules>
 * KF5Archive (required version >= 5.106.0)
 * Qt5Core (required version >= 5.15.2)
 * Gettext
 * LibXslt, <http://xmlsoft.org/XSLT>
   Required by the KDE help system to process DocBook XML
 * LibXml2, <http://xmlsoft.org>
   Required by the KDE help system to process DocBook XML
 * DocBookXML4 (required version >= 4.5), DocBook XML 4, <http://www.oasis-open.org/docbook/xml/4.5>
   Required by the KDE help system to process DocBook XML
 * DocBookXSL, DocBook XSL, <http://docbook.sourceforge.net/release/xsl/current/>
   Required by the KDE help system to process DocBook XML
 * Perl
 * PerlModules, <https://www.cpan.org>

-- The following features have been disabled:

 * QCH, API documentation in QCH format (for e.g. Qt Assistant, Qt Creator & KDevelop)

-- Configuring done (1.2s)
-- Generating done (0.0s)
-- Build files have been written to: /home/szybet/kdesrc/build/frameworks/kdoctools
