# kdesrc-build running: 'make' '-j' '8'
# from directory: /home/szybet/kdesrc/build/frameworks/kiconthemes
-- 

Installing in /mnt/HDD/Project/Public/okulartry/okular-things. Run /home/szybet/kdesrc/build/frameworks/kiconthemes/prefix.sh to set the environment for KIconThemes.
-- The following REQUIRED packages have been found:

 * ECM (required version >= 5.106.0), Extra CMake Modules., <https://commits.kde.org/extra-cmake-modules>
 * Qt5Gui (required version >= 5.15.2)
 * Qt5Svg (required version >= 5.15.2)
 * Qt5Core (required version >= 5.15.2)
 * KF5Archive (required version >= 5.106.0)
 * Gettext
 * KF5I18n (required version >= 5.106.0)
 * KF5CoreAddons (required version >= 5.106.0)
 * Qt5DBus (required version >= 5.15.2)
 * Qt5Widgets (required version >= 5.15.2)
 * KF5ConfigWidgets (required version >= 5.106.0)
 * KF5WidgetsAddons (required version >= 5.106.0)

-- The following features have been disabled:

 * QCH, API documentation in QCH format (for e.g. Qt Assistant, Qt Creator & KDevelop)
 * DESIGNERPLUGIN, Build plugin for Qt Designer

-- Configuring done (0.1s)
-- Generating done (0.0s)
-- Build files have been written to: /home/szybet/kdesrc/build/frameworks/kiconthemes
[  8%] Generating mo...
[ 12%] Automatic MOC for target KF5IconThemes
[ 12%] Generating ts...
[ 12%] Built target tsfiles-33ac1e47cbedcba175c94ecd50d59314
[ 12%] Built target KF5IconThemes_autogen
[ 12%] Built target pofiles-33ac1e47cbedcba175c94ecd50d59314
[ 68%] Built target KF5IconThemes
[ 72%] Automatic MOC for target KIconEnginePlugin
[ 76%] Automatic MOC for target kiconfinder5
[ 76%] Built target KIconEnginePlugin_autogen
[ 76%] Built target kiconfinder5_autogen
[ 80%] Linking CXX executable ../../../bin/kiconfinder5
[ 92%] Built target KIconEnginePlugin
[100%] Built target kiconfinder5
