This file contains any messages produced by compilers while
running configure, to aid debugging if configure makes a mistake.

It was created by libtirpc configure 1.3.2, which was
generated by GNU Autoconf 2.71.  Invocation command line was

  $ ./configure --prefix=/home/build/inkbox/compiled-binaries/arm-kobo-linux-gnueabihf/arm-kobo-linux-gnueabihf/sysroot --host=arm-linux-gnueabihf --disable-gssapi

## --------- ##
## Platform. ##
## --------- ##

hostname = hyperbookszyb
uname -m = x86_64
uname -r = 6.1.28-1-lts
uname -s = Linux
uname -v = #1 SMP PREEMPT_DYNAMIC Thu, 11 May 2023 15:52:41 +0000

/usr/bin/uname -p = unknown
/bin/uname -X     = unknown

/bin/arch              = unknown
/usr/bin/arch -k       = unknown
/usr/convex/getsysinfo = unknown
/usr/bin/hostinfo      = unknown
/bin/machine           = unknown
/usr/bin/oslevel       = unknown
/bin/universe          = unknown

PATH: /home/szybet/kde/src/kdesrc-build/
PATH: /home/szybet/.cargo/bin/
PATH: /sbin/
PATH: /bin/
PATH: /usr/local/sbin/
PATH: /usr/local/bin/
PATH: /usr/bin/
PATH: /usr/sbin/
PATH: /home/szybet/.dotnet/tools/
PATH: /usr/lib/jvm/default/bin/
PATH: /usr/bin/site_perl/
PATH: /usr/bin/vendor_perl/
PATH: /usr/bin/core_perl/
PATH: /usr/lib/rustup/bin/
PATH: /home/build/inkbox/compiled-binaries/arm-kobo-linux-gnueabihf/bin/
PATH: /home/build/inkbox/compiled-binaries/qt-bin/qt-linux-5.15.2-kobo/bin/


## ----------- ##
## Core tests. ##
## ----------- ##

configure:2420: looking for aux files: ltmain.sh config.guess config.sub compile missing install-sh
configure:2433:  trying ./
configure:2462:   ./ltmain.sh found
configure:2462:   ./config.guess found
configure:2462:   ./config.sub found
configure:2462:   ./compile found
configure:2462:   ./missing found
configure:2444:   ./install-sh found
configure:2591: checking for a BSD-compatible install
configure:2664: result: /bin/install -c
configure:2675: checking whether build environment is sane
configure:2730: result: yes
configure:2786: checking for arm-linux-gnueabihf-strip
configure:2821: result: no
configure:2831: checking for strip
configure:2852: found /sbin/strip
configure:2863: result: strip
configure:2889: checking for a race-free mkdir -p
configure:2933: result: /sbin/mkdir -p
configure:2940: checking for gawk
configure:2961: found /sbin/gawk
configure:2972: result: gawk
configure:2983: checking whether make sets $(MAKE)
configure:3006: result: yes
configure:3036: checking whether make supports nested variables
configure:3054: result: yes
configure:3202: checking whether make supports nested variables
configure:3220: result: yes
configure:3250: checking for arm-linux-gnueabihf-gcc
configure:3282: result: arm-kobo-linux-gnueabihf-gcc
configure:3680: checking for C compiler version
configure:3689: arm-kobo-linux-gnueabihf-gcc --version >&5
arm-kobo-linux-gnueabihf-gcc (crosstool-NG 1.24.0.519_3e2d99d - NiLuJe) 11.2.0
Copyright (C) 2021 Free Software Foundation, Inc.
This is free software; see the source for copying conditions.  There is NO
warranty; not even for MERCHANTABILITY or FITNESS FOR A PARTICULAR PURPOSE.

configure:3700: $? = 0
configure:3689: arm-kobo-linux-gnueabihf-gcc -v >&5
Using built-in specs.
COLLECT_GCC=arm-kobo-linux-gnueabihf-gcc
COLLECT_LTO_WRAPPER=/mnt/HDD/Project/inkbox-build/inkbox/compiled-binaries/arm-kobo-linux-gnueabihf/bin/../libexec/gcc/arm-kobo-linux-gnueabihf/11.2.0/lto-wrapper
Target: arm-kobo-linux-gnueabihf
Configured with: /home/nicolas/Development/kox/koxtoolchain/build/kobo/.build/arm-kobo-linux-gnueabihf/src/gcc/configure --build=x86_64-build_pc-linux-gnu --host=x86_64-build_pc-linux-gnu --target=arm-kobo-linux-gnueabihf --prefix=/home/nicolas/x-tools/arm-kobo-linux-gnueabihf --exec_prefix=/home/nicolas/x-tools/arm-kobo-linux-gnueabihf --with-sysroot=/home/nicolas/x-tools/arm-kobo-linux-gnueabihf/arm-kobo-linux-gnueabihf/sysroot --enable-languages=c,c++ --with-cpu=cortex-a8 --with-fpu=neon --with-float=hard --with-pkgversion='crosstool-NG 1.24.0.519_3e2d99d - NiLuJe' --enable-__cxa_atexit --disable-libmudflap --disable-libgomp --disable-libssp --disable-libquadmath --disable-libquadmath-support --disable-libsanitizer --disable-libmpx --with-gmp=/home/nicolas/Development/kox/koxtoolchain/build/kobo/.build/arm-kobo-linux-gnueabihf/buildtools --with-mpfr=/home/nicolas/Development/kox/koxtoolchain/build/kobo/.build/arm-kobo-linux-gnueabihf/buildtools --with-mpc=/home/nicolas/Development/kox/koxtoolchain/build/kobo/.build/arm-kobo-linux-gnueabihf/buildtools --with-isl=no --with-cloog=no --enable-lto --enable-threads=posix --with-linker-hash-style=gnu --enable-plugin --enable-gold --disable-nls --disable-multilib --with-diagnostics-color=always --with-local-prefix=/home/nicolas/x-tools/arm-kobo-linux-gnueabihf/arm-kobo-linux-gnueabihf/sysroot --enable-long-long --with-mode=thumb
Thread model: posix
Supported LTO compression algorithms: zlib zstd
gcc version 11.2.0 (crosstool-NG 1.24.0.519_3e2d99d - NiLuJe) 
configure:3700: $? = 0
configure:3689: arm-kobo-linux-gnueabihf-gcc -V >&5
[01m[Karm-kobo-linux-gnueabihf-gcc:[m[K [01;31m[Kerror: [m[Kunrecognized command-line option '[01m[K-V[m[K'
[01m[Karm-kobo-linux-gnueabihf-gcc:[m[K [01;31m[Kfatal error: [m[Kno input files
compilation terminated.
configure:3700: $? = 1
configure:3689: arm-kobo-linux-gnueabihf-gcc -qversion >&5
[01m[Karm-kobo-linux-gnueabihf-gcc:[m[K [01;31m[Kerror: [m[Kunrecognized command-line option '[01m[K-qversion[m[K'; did you mean '[01m[K--version[m[K'?
[01m[Karm-kobo-linux-gnueabihf-gcc:[m[K [01;31m[Kfatal error: [m[Kno input files
compilation terminated.
configure:3700: $? = 1
configure:3689: arm-kobo-linux-gnueabihf-gcc -version >&5
[01m[Karm-kobo-linux-gnueabihf-gcc:[m[K [01;31m[Kerror: [m[Kunrecognized command-line option '[01m[K-version[m[K'
[01m[Karm-kobo-linux-gnueabihf-gcc:[m[K [01;31m[Kfatal error: [m[Kno input files
compilation terminated.
configure:3700: $? = 1
configure:3720: checking whether the C compiler works
configure:3742: arm-kobo-linux-gnueabihf-gcc    conftest.c  >&5
configure:3746: $? = 0
configure:3796: result: yes
configure:3799: checking for C compiler default output file name
configure:3801: result: a.out
configure:3807: checking for suffix of executables
configure:3814: arm-kobo-linux-gnueabihf-gcc -o conftest    conftest.c  >&5
configure:3818: $? = 0
configure:3841: result: 
configure:3863: checking whether we are cross compiling
configure:3871: arm-kobo-linux-gnueabihf-gcc -o conftest    conftest.c  >&5
configure:3875: $? = 0
configure:3882: ./conftest
./configure: line 3884: ./conftest: cannot execute binary file: Exec format error
configure:3886: $? = 126
configure:3901: result: yes
configure:3906: checking for suffix of object files
configure:3929: arm-kobo-linux-gnueabihf-gcc -c   conftest.c >&5
configure:3933: $? = 0
configure:3955: result: o
configure:3959: checking whether the compiler supports GNU C
configure:3979: arm-kobo-linux-gnueabihf-gcc -c   conftest.c >&5
configure:3979: $? = 0
configure:3989: result: yes
configure:4000: checking whether arm-kobo-linux-gnueabihf-gcc accepts -g
configure:4021: arm-kobo-linux-gnueabihf-gcc -c -g  conftest.c >&5
configure:4021: $? = 0
configure:4065: result: yes
configure:4085: checking for arm-kobo-linux-gnueabihf-gcc option to enable C11 features
configure:4100: arm-kobo-linux-gnueabihf-gcc  -c -g -O2  conftest.c >&5
configure:4100: $? = 0
configure:4118: result: none needed
configure:4234: checking whether arm-kobo-linux-gnueabihf-gcc understands -c and -o together
configure:4257: arm-kobo-linux-gnueabihf-gcc -c conftest.c -o conftest2.o
configure:4260: $? = 0
configure:4257: arm-kobo-linux-gnueabihf-gcc -c conftest.c -o conftest2.o
configure:4260: $? = 0
configure:4272: result: yes
configure:4292: checking whether make supports the include directive
configure:4307: make -f confmf.GNU && cat confinc.out
this is the am__doit target
configure:4310: $? = 0
configure:4329: result: yes (GNU style)
configure:4355: checking dependency style of arm-kobo-linux-gnueabihf-gcc
configure:4467: result: gcc3
configure:4515: checking for stdio.h
configure:4515: arm-kobo-linux-gnueabihf-gcc -c -g -O2  conftest.c >&5
configure:4515: $? = 0
configure:4515: result: yes
configure:4515: checking for stdlib.h
configure:4515: arm-kobo-linux-gnueabihf-gcc -c -g -O2  conftest.c >&5
configure:4515: $? = 0
configure:4515: result: yes
configure:4515: checking for string.h
configure:4515: arm-kobo-linux-gnueabihf-gcc -c -g -O2  conftest.c >&5
configure:4515: $? = 0
configure:4515: result: yes
configure:4515: checking for inttypes.h
configure:4515: arm-kobo-linux-gnueabihf-gcc -c -g -O2  conftest.c >&5
configure:4515: $? = 0
configure:4515: result: yes
configure:4515: checking for stdint.h
configure:4515: arm-kobo-linux-gnueabihf-gcc -c -g -O2  conftest.c >&5
configure:4515: $? = 0
configure:4515: result: yes
configure:4515: checking for strings.h
configure:4515: arm-kobo-linux-gnueabihf-gcc -c -g -O2  conftest.c >&5
configure:4515: $? = 0
configure:4515: result: yes
configure:4515: checking for sys/stat.h
configure:4515: arm-kobo-linux-gnueabihf-gcc -c -g -O2  conftest.c >&5
configure:4515: $? = 0
configure:4515: result: yes
configure:4515: checking for sys/types.h
configure:4515: arm-kobo-linux-gnueabihf-gcc -c -g -O2  conftest.c >&5
configure:4515: $? = 0
configure:4515: result: yes
configure:4515: checking for unistd.h
configure:4515: arm-kobo-linux-gnueabihf-gcc -c -g -O2  conftest.c >&5
configure:4515: $? = 0
configure:4515: result: yes
configure:4540: checking for gssapi/gssapi.h
configure:4540: arm-kobo-linux-gnueabihf-gcc -c -g -O2  conftest.c >&5
[01m[Kconftest.c:49:10:[m[K [01;31m[Kfatal error: [m[Kgssapi/gssapi.h: No such file or directory
   49 | #include [01;31m[K<gssapi/gssapi.h>[m[K
      |          [01;31m[K^~~~~~~~~~~~~~~~~[m[K
compilation terminated.
configure:4540: $? = 1
configure: failed program was:
| /* confdefs.h */
| #define PACKAGE_NAME "libtirpc"
| #define PACKAGE_TARNAME "libtirpc"
| #define PACKAGE_VERSION "1.3.2"
| #define PACKAGE_STRING "libtirpc 1.3.2"
| #define PACKAGE_BUGREPORT ""
| #define PACKAGE_URL ""
| #define PACKAGE "libtirpc"
| #define VERSION "1.3.2"
| #define HAVE_STDIO_H 1
| #define HAVE_STDLIB_H 1
| #define HAVE_STRING_H 1
| #define HAVE_INTTYPES_H 1
| #define HAVE_STDINT_H 1
| #define HAVE_STRINGS_H 1
| #define HAVE_SYS_STAT_H 1
| #define HAVE_SYS_TYPES_H 1
| #define HAVE_UNISTD_H 1
| #define STDC_HEADERS 1
| /* end confdefs.h.  */
| #include <stddef.h>
| #ifdef HAVE_STDIO_H
| # include <stdio.h>
| #endif
| #ifdef HAVE_STDLIB_H
| # include <stdlib.h>
| #endif
| #ifdef HAVE_STRING_H
| # include <string.h>
| #endif
| #ifdef HAVE_INTTYPES_H
| # include <inttypes.h>
| #endif
| #ifdef HAVE_STDINT_H
| # include <stdint.h>
| #endif
| #ifdef HAVE_STRINGS_H
| # include <strings.h>
| #endif
| #ifdef HAVE_SYS_TYPES_H
| # include <sys/types.h>
| #endif
| #ifdef HAVE_SYS_STAT_H
| # include <sys/stat.h>
| #endif
| #ifdef HAVE_UNISTD_H
| # include <unistd.h>
| #endif
| #include <gssapi/gssapi.h>
configure:4540: result: no
configure:4748: checking build system type
configure:4763: result: x86_64-pc-linux-gnu
configure:4825: checking host system type
configure:4839: result: arm-unknown-linux-gnueabihf
configure:4880: checking how to print strings
configure:4907: result: printf
configure:4928: checking for a sed that does not truncate output
configure:4998: result: /sbin/sed
configure:5016: checking for grep that handles long lines and -e
configure:5080: result: /sbin/grep
configure:5085: checking for egrep
configure:5153: result: /sbin/grep -E
configure:5158: checking for fgrep
configure:5226: result: /sbin/grep -F
configure:5262: checking for ld used by arm-kobo-linux-gnueabihf-gcc
configure:5330: result: /mnt/HDD/Project/inkbox-build/inkbox/compiled-binaries/arm-kobo-linux-gnueabihf/arm-kobo-linux-gnueabihf/bin/ld
configure:5337: checking if the linker (/mnt/HDD/Project/inkbox-build/inkbox/compiled-binaries/arm-kobo-linux-gnueabihf/arm-kobo-linux-gnueabihf/bin/ld) is GNU ld
configure:5353: result: yes
configure:5365: checking for BSD- or MS-compatible name lister (nm)
configure:5420: result: no
configure:5434: checking for arm-linux-gnueabihf-dumpbin
configure:5469: result: no
configure:5434: checking for arm-linux-gnueabihf-link
configure:5469: result: no
configure:5483: checking for dumpbin
configure:5518: result: no
configure:5483: checking for link
configure:5504: found /sbin/link
configure:5515: result: link -dump
configure:5531: WARNING: using cross tools not prefixed with host triplet
configure:5560: checking the name lister (nm) interface
configure:5568: arm-kobo-linux-gnueabihf-gcc -c -g -O2  conftest.c >&5
configure:5571: nm "conftest.o"
configure:5574: output
00000000 b $d
00000000 B some_variable
configure:5581: result: BSD nm
configure:5584: checking whether ln -s works
configure:5588: result: yes
configure:5596: checking the maximum length of command line arguments
configure:5728: result: 1572864
configure:5776: checking how to convert x86_64-pc-linux-gnu file names to arm-unknown-linux-gnueabihf format
configure:5817: result: func_convert_file_noop
configure:5824: checking how to convert x86_64-pc-linux-gnu file names to toolchain format
configure:5845: result: func_convert_file_noop
configure:5852: checking for /mnt/HDD/Project/inkbox-build/inkbox/compiled-binaries/arm-kobo-linux-gnueabihf/arm-kobo-linux-gnueabihf/bin/ld option to reload object files
configure:5860: result: -r
configure:5894: checking for arm-linux-gnueabihf-file
configure:5929: result: no
configure:5939: checking for file
configure:5960: found /sbin/file
configure:5971: result: file
configure:6002: checking for arm-linux-gnueabihf-objdump
configure:6037: result: no
configure:6047: checking for objdump
configure:6068: found /sbin/objdump
configure:6079: result: objdump
configure:6111: checking how to recognize dependent libraries
configure:6312: result: pass_all
configure:6357: checking for arm-linux-gnueabihf-dlltool
configure:6392: result: no
configure:6402: checking for dlltool
configure:6437: result: no
configure:6467: checking how to associate runtime and link libraries
configure:6495: result: printf %s\n
configure:6511: checking for arm-linux-gnueabihf-ar
configure:6543: result: arm-kobo-linux-gnueabihf-ar
configure:6645: checking for archiver @FILE support
configure:6663: arm-kobo-linux-gnueabihf-gcc -c -g -O2  conftest.c >&5
configure:6663: $? = 0
configure:6667: arm-kobo-linux-gnueabihf-ar cr libconftest.a @conftest.lst >&5
configure:6670: $? = 0
configure:6675: arm-kobo-linux-gnueabihf-ar cr libconftest.a @conftest.lst >&5
arm-kobo-linux-gnueabihf-ar: conftest.o: No such file or directory
configure:6678: $? = 1
configure:6690: result: @
configure:6708: checking for arm-linux-gnueabihf-strip
configure:6740: result: strip
configure:6817: checking for arm-linux-gnueabihf-ranlib
configure:6849: result: arm-kobo-linux-gnueabihf-ranlib
configure:6996: checking command to parse nm output from arm-kobo-linux-gnueabihf-gcc object
configure:7150: arm-kobo-linux-gnueabihf-gcc -c -g -O2  conftest.c >&5
configure:7153: $? = 0
configure:7157: nm conftest.o \| /sbin/sed -n -e 's/^.*[ ]\([ABCDGIRSTW][ABCDGIRSTW]*\)[ ][ ]*\([_A-Za-z][_A-Za-z0-9]*\)$/\1 \2 \2/p' | /sbin/sed '/ __gnu_lto/d' \> conftest.nm
configure:7160: $? = 0
configure:7226: arm-kobo-linux-gnueabihf-gcc -o conftest -g -O2   conftest.c conftstm.o >&5
configure:7229: $? = 0
configure:7267: result: ok
configure:7314: checking for sysroot
configure:7345: result: no
configure:7352: checking for a working dd
configure:7396: result: /sbin/dd
configure:7400: checking how to truncate binary pipes
configure:7416: result: /sbin/dd bs=4096 count=1
configure:7708: checking for arm-linux-gnueabihf-mt
configure:7743: result: no
configure:7753: checking for mt
configure:7788: result: no
configure:7808: checking if : is a manifest tool
configure:7815: : '-?'
configure:7823: result: no
configure:8544: checking for dlfcn.h
configure:8544: arm-kobo-linux-gnueabihf-gcc -c -g -O2  conftest.c >&5
configure:8544: $? = 0
configure:8544: result: yes
configure:8803: checking for objdir
configure:8819: result: .libs
configure:9079: checking if arm-kobo-linux-gnueabihf-gcc supports -fno-rtti -fno-exceptions
configure:9098: arm-kobo-linux-gnueabihf-gcc -c -g -O2  -fno-rtti -fno-exceptions conftest.c >&5
[01m[Kcc1:[m[K [01;35m[Kwarning: [m[Kcommand-line option '[01m[K-fno-rtti[m[K' is valid for C++/D/ObjC++ but not for C
configure:9102: $? = 0
configure:9115: result: no
configure:9473: checking for arm-kobo-linux-gnueabihf-gcc option to produce PIC
configure:9481: result: -fPIC -DPIC
configure:9489: checking if arm-kobo-linux-gnueabihf-gcc PIC flag -fPIC -DPIC works
configure:9508: arm-kobo-linux-gnueabihf-gcc -c -g -O2  -fPIC -DPIC -DPIC conftest.c >&5
configure:9512: $? = 0
configure:9525: result: yes
configure:9554: checking if arm-kobo-linux-gnueabihf-gcc static flag -static works
configure:9583: result: yes
configure:9598: checking if arm-kobo-linux-gnueabihf-gcc supports -c -o file.o
configure:9620: arm-kobo-linux-gnueabihf-gcc -c -g -O2  -o out/conftest2.o conftest.c >&5
configure:9624: $? = 0
configure:9646: result: yes
configure:9654: checking if arm-kobo-linux-gnueabihf-gcc supports -c -o file.o
configure:9702: result: yes
configure:9735: checking whether the arm-kobo-linux-gnueabihf-gcc linker (/mnt/HDD/Project/inkbox-build/inkbox/compiled-binaries/arm-kobo-linux-gnueabihf/arm-kobo-linux-gnueabihf/bin/ld) supports shared libraries
configure:11003: result: yes
configure:11040: checking whether -lc should be explicitly linked in
configure:11049: arm-kobo-linux-gnueabihf-gcc -c -g -O2  conftest.c >&5
configure:11052: $? = 0
configure:11067: arm-kobo-linux-gnueabihf-gcc -shared  -fPIC -DPIC conftest.o  -v -Wl,-soname -Wl,conftest -o conftest 2\>\&1 \| /sbin/grep  -lc  \>/dev/null 2\>\&1
configure:11070: $? = 0
configure:11084: result: no
configure:11244: checking dynamic linker characteristics
configure:11826: arm-kobo-linux-gnueabihf-gcc -o conftest -g -O2   -Wl,-rpath -Wl,/foo conftest.c  >&5
configure:11826: $? = 0
configure:12068: result: GNU/Linux ld.so
configure:12190: checking how to hardcode library paths into programs
configure:12215: result: immediate
configure:12767: checking whether stripping libraries is possible
configure:12776: result: yes
configure:12818: checking if libtool supports shared libraries
configure:12820: result: yes
configure:12823: checking whether to build shared libraries
configure:12848: result: yes
configure:12851: checking whether to build static libraries
configure:12855: result: yes
configure:12895: checking for dirent.h that defines DIR
configure:12915: arm-kobo-linux-gnueabihf-gcc -c -g -O2  conftest.c >&5
configure:12915: $? = 0
configure:12924: result: yes
configure:12938: checking for library containing opendir
configure:12968: arm-kobo-linux-gnueabihf-gcc -o conftest -g -O2   conftest.c  >&5
configure:12968: $? = 0
configure:12988: result: none required
configure:13060: checking for arpa/inet.h
configure:13060: arm-kobo-linux-gnueabihf-gcc -c -g -O2  conftest.c >&5
configure:13060: $? = 0
configure:13060: result: yes
configure:13066: checking for fcntl.h
configure:13066: arm-kobo-linux-gnueabihf-gcc -c -g -O2  conftest.c >&5
configure:13066: $? = 0
configure:13066: result: yes
configure:13072: checking for libintl.h
configure:13072: arm-kobo-linux-gnueabihf-gcc -c -g -O2  conftest.c >&5
configure:13072: $? = 0
configure:13072: result: yes
configure:13078: checking for limits.h
configure:13078: arm-kobo-linux-gnueabihf-gcc -c -g -O2  conftest.c >&5
configure:13078: $? = 0
configure:13078: result: yes
configure:13084: checking for locale.h
configure:13084: arm-kobo-linux-gnueabihf-gcc -c -g -O2  conftest.c >&5
configure:13084: $? = 0
configure:13084: result: yes
configure:13090: checking for netdb.h
configure:13090: arm-kobo-linux-gnueabihf-gcc -c -g -O2  conftest.c >&5
configure:13090: $? = 0
configure:13090: result: yes
configure:13096: checking for netinet/in.h
configure:13096: arm-kobo-linux-gnueabihf-gcc -c -g -O2  conftest.c >&5
configure:13096: $? = 0
configure:13096: result: yes
configure:13102: checking for stddef.h
configure:13102: arm-kobo-linux-gnueabihf-gcc -c -g -O2  conftest.c >&5
configure:13102: $? = 0
configure:13102: result: yes
configure:13108: checking for stdint.h
configure:13108: result: yes
configure:13114: checking for stdlib.h
configure:13114: result: yes
configure:13120: checking for string.h
configure:13120: result: yes
configure:13126: checking for sys/ioctl.h
configure:13126: arm-kobo-linux-gnueabihf-gcc -c -g -O2  conftest.c >&5
configure:13126: $? = 0
configure:13126: result: yes
configure:13132: checking for sys/param.h
configure:13132: arm-kobo-linux-gnueabihf-gcc -c -g -O2  conftest.c >&5
configure:13132: $? = 0
configure:13132: result: yes
configure:13138: checking for sys/socket.h
configure:13138: arm-kobo-linux-gnueabihf-gcc -c -g -O2  conftest.c >&5
configure:13138: $? = 0
configure:13138: result: yes
configure:13144: checking for sys/time.h
configure:13144: arm-kobo-linux-gnueabihf-gcc -c -g -O2  conftest.c >&5
configure:13144: $? = 0
configure:13144: result: yes
configure:13150: checking for syslog.h
configure:13150: arm-kobo-linux-gnueabihf-gcc -c -g -O2  conftest.c >&5
configure:13150: $? = 0
configure:13150: result: yes
configure:13156: checking for unistd.h
configure:13156: result: yes
configure:13162: checking for features.h
configure:13162: arm-kobo-linux-gnueabihf-gcc -c -g -O2  conftest.c >&5
configure:13162: $? = 0
configure:13162: result: yes
configure:13168: checking for gssapi/gssapi_ext.h
configure:13168: arm-kobo-linux-gnueabihf-gcc -c -g -O2  conftest.c >&5
[01m[Kconftest.c:71:10:[m[K [01;31m[Kfatal error: [m[Kgssapi/gssapi_ext.h: No such file or directory
   71 | #include [01;31m[K<gssapi/gssapi_ext.h>[m[K
      |          [01;31m[K^~~~~~~~~~~~~~~~~~~~~[m[K
compilation terminated.
configure:13168: $? = 1
configure: failed program was:
| /* confdefs.h */
| #define PACKAGE_NAME "libtirpc"
| #define PACKAGE_TARNAME "libtirpc"
| #define PACKAGE_VERSION "1.3.2"
| #define PACKAGE_STRING "libtirpc 1.3.2"
| #define PACKAGE_BUGREPORT ""
| #define PACKAGE_URL ""
| #define PACKAGE "libtirpc"
| #define VERSION "1.3.2"
| #define HAVE_STDIO_H 1
| #define HAVE_STDLIB_H 1
| #define HAVE_STRING_H 1
| #define HAVE_INTTYPES_H 1
| #define HAVE_STDINT_H 1
| #define HAVE_STRINGS_H 1
| #define HAVE_SYS_STAT_H 1
| #define HAVE_SYS_TYPES_H 1
| #define HAVE_UNISTD_H 1
| #define STDC_HEADERS 1
| #define INET6 1
| #define HAVE_DLFCN_H 1
| #define LT_OBJDIR ".libs/"
| #define HAVE_DIRENT_H 1
| #define HAVE_ARPA_INET_H 1
| #define HAVE_FCNTL_H 1
| #define HAVE_LIBINTL_H 1
| #define HAVE_LIMITS_H 1
| #define HAVE_LOCALE_H 1
| #define HAVE_NETDB_H 1
| #define HAVE_NETINET_IN_H 1
| #define HAVE_STDDEF_H 1
| #define HAVE_STDINT_H 1
| #define HAVE_STDLIB_H 1
| #define HAVE_STRING_H 1
| #define HAVE_SYS_IOCTL_H 1
| #define HAVE_SYS_PARAM_H 1
| #define HAVE_SYS_SOCKET_H 1
| #define HAVE_SYS_TIME_H 1
| #define HAVE_SYSLOG_H 1
| #define HAVE_UNISTD_H 1
| #define HAVE_FEATURES_H 1
| /* end confdefs.h.  */
| #include <stddef.h>
| #ifdef HAVE_STDIO_H
| # include <stdio.h>
| #endif
| #ifdef HAVE_STDLIB_H
| # include <stdlib.h>
| #endif
| #ifdef HAVE_STRING_H
| # include <string.h>
| #endif
| #ifdef HAVE_INTTYPES_H
| # include <inttypes.h>
| #endif
| #ifdef HAVE_STDINT_H
| # include <stdint.h>
| #endif
| #ifdef HAVE_STRINGS_H
| # include <strings.h>
| #endif
| #ifdef HAVE_SYS_TYPES_H
| # include <sys/types.h>
| #endif
| #ifdef HAVE_SYS_STAT_H
| # include <sys/stat.h>
| #endif
| #ifdef HAVE_UNISTD_H
| # include <unistd.h>
| #endif
| #include <gssapi/gssapi_ext.h>
configure:13168: result: no
configure:13180: checking how to run the C preprocessor
configure:13206: arm-kobo-linux-gnueabihf-gcc -E  conftest.c
configure:13206: $? = 0
configure:13221: arm-kobo-linux-gnueabihf-gcc -E  conftest.c
[01m[Kconftest.c:43:10:[m[K [01;31m[Kfatal error: [m[Kac_nonexistent.h: No such file or directory
   43 | #include [01;31m[K<ac_nonexistent.h>[m[K
      |          [01;31m[K^~~~~~~~~~~~~~~~~~[m[K
compilation terminated.
configure:13221: $? = 1
configure: failed program was:
| /* confdefs.h */
| #define PACKAGE_NAME "libtirpc"
| #define PACKAGE_TARNAME "libtirpc"
| #define PACKAGE_VERSION "1.3.2"
| #define PACKAGE_STRING "libtirpc 1.3.2"
| #define PACKAGE_BUGREPORT ""
| #define PACKAGE_URL ""
| #define PACKAGE "libtirpc"
| #define VERSION "1.3.2"
| #define HAVE_STDIO_H 1
| #define HAVE_STDLIB_H 1
| #define HAVE_STRING_H 1
| #define HAVE_INTTYPES_H 1
| #define HAVE_STDINT_H 1
| #define HAVE_STRINGS_H 1
| #define HAVE_SYS_STAT_H 1
| #define HAVE_SYS_TYPES_H 1
| #define HAVE_UNISTD_H 1
| #define STDC_HEADERS 1
| #define INET6 1
| #define HAVE_DLFCN_H 1
| #define LT_OBJDIR ".libs/"
| #define HAVE_DIRENT_H 1
| #define HAVE_ARPA_INET_H 1
| #define HAVE_FCNTL_H 1
| #define HAVE_LIBINTL_H 1
| #define HAVE_LIMITS_H 1
| #define HAVE_LOCALE_H 1
| #define HAVE_NETDB_H 1
| #define HAVE_NETINET_IN_H 1
| #define HAVE_STDDEF_H 1
| #define HAVE_STDINT_H 1
| #define HAVE_STDLIB_H 1
| #define HAVE_STRING_H 1
| #define HAVE_SYS_IOCTL_H 1
| #define HAVE_SYS_PARAM_H 1
| #define HAVE_SYS_SOCKET_H 1
| #define HAVE_SYS_TIME_H 1
| #define HAVE_SYSLOG_H 1
| #define HAVE_UNISTD_H 1
| #define HAVE_FEATURES_H 1
| /* end confdefs.h.  */
| #include <ac_nonexistent.h>
configure:13248: result: arm-kobo-linux-gnueabihf-gcc -E
configure:13262: arm-kobo-linux-gnueabihf-gcc -E  conftest.c
configure:13262: $? = 0
configure:13277: arm-kobo-linux-gnueabihf-gcc -E  conftest.c
[01m[Kconftest.c:43:10:[m[K [01;31m[Kfatal error: [m[Kac_nonexistent.h: No such file or directory
   43 | #include [01;31m[K<ac_nonexistent.h>[m[K
      |          [01;31m[K^~~~~~~~~~~~~~~~~~[m[K
compilation terminated.
configure:13277: $? = 1
configure: failed program was:
| /* confdefs.h */
| #define PACKAGE_NAME "libtirpc"
| #define PACKAGE_TARNAME "libtirpc"
| #define PACKAGE_VERSION "1.3.2"
| #define PACKAGE_STRING "libtirpc 1.3.2"
| #define PACKAGE_BUGREPORT ""
| #define PACKAGE_URL ""
| #define PACKAGE "libtirpc"
| #define VERSION "1.3.2"
| #define HAVE_STDIO_H 1
| #define HAVE_STDLIB_H 1
| #define HAVE_STRING_H 1
| #define HAVE_INTTYPES_H 1
| #define HAVE_STDINT_H 1
| #define HAVE_STRINGS_H 1
| #define HAVE_SYS_STAT_H 1
| #define HAVE_SYS_TYPES_H 1
| #define HAVE_UNISTD_H 1
| #define STDC_HEADERS 1
| #define INET6 1
| #define HAVE_DLFCN_H 1
| #define LT_OBJDIR ".libs/"
| #define HAVE_DIRENT_H 1
| #define HAVE_ARPA_INET_H 1
| #define HAVE_FCNTL_H 1
| #define HAVE_LIBINTL_H 1
| #define HAVE_LIMITS_H 1
| #define HAVE_LOCALE_H 1
| #define HAVE_NETDB_H 1
| #define HAVE_NETINET_IN_H 1
| #define HAVE_STDDEF_H 1
| #define HAVE_STDINT_H 1
| #define HAVE_STDLIB_H 1
| #define HAVE_STRING_H 1
| #define HAVE_SYS_IOCTL_H 1
| #define HAVE_SYS_PARAM_H 1
| #define HAVE_SYS_SOCKET_H 1
| #define HAVE_SYS_TIME_H 1
| #define HAVE_SYSLOG_H 1
| #define HAVE_UNISTD_H 1
| #define HAVE_FEATURES_H 1
| /* end confdefs.h.  */
| #include <ac_nonexistent.h>
configure:13468: checking whether arm-kobo-linux-gnueabihf-gcc is Clang
configure:13495: result: no
configure:13560: checking whether pthreads work with "-pthread" and "-lpthread"
configure:13671: arm-kobo-linux-gnueabihf-gcc -o conftest -g -O2 -pthread   conftest.c -lpthread  >&5
configure:13671: $? = 0
configure:13681: result: yes
configure:13804: checking for joinable pthread attribute
configure:13823: arm-kobo-linux-gnueabihf-gcc -o conftest -g -O2 -pthread   conftest.c -lpthread  >&5
configure:13823: $? = 0
configure:13832: result: PTHREAD_CREATE_JOINABLE
configure:13845: checking whether more special flags are required for pthreads
configure:13859: result: no
configure:13868: checking for PTHREAD_PRIO_INHERIT
configure:13886: arm-kobo-linux-gnueabihf-gcc -o conftest -g -O2 -pthread   conftest.c -lpthread  >&5
[01m[Kconftest.c:[m[K In function '[01m[Kmain[m[K':
[01m[Kconftest.c:47:9:[m[K [01;31m[Kerror: [m[K'[01m[KPTHREAD_PRIO_INHERIT[m[K' undeclared (first use in this function); did you mean '[01m[KPTHREAD_ONCE_INIT[m[K'?
   47 | int i = [01;31m[KPTHREAD_PRIO_INHERIT[m[K;
      |         [01;31m[K^~~~~~~~~~~~~~~~~~~~[m[K
      |         [32m[KPTHREAD_ONCE_INIT[m[K
[01m[Kconftest.c:47:9:[m[K [01;36m[Knote: [m[Keach undeclared identifier is reported only once for each function it appears in
configure:13886: $? = 1
configure: failed program was:
| /* confdefs.h */
| #define PACKAGE_NAME "libtirpc"
| #define PACKAGE_TARNAME "libtirpc"
| #define PACKAGE_VERSION "1.3.2"
| #define PACKAGE_STRING "libtirpc 1.3.2"
| #define PACKAGE_BUGREPORT ""
| #define PACKAGE_URL ""
| #define PACKAGE "libtirpc"
| #define VERSION "1.3.2"
| #define HAVE_STDIO_H 1
| #define HAVE_STDLIB_H 1
| #define HAVE_STRING_H 1
| #define HAVE_INTTYPES_H 1
| #define HAVE_STDINT_H 1
| #define HAVE_STRINGS_H 1
| #define HAVE_SYS_STAT_H 1
| #define HAVE_SYS_TYPES_H 1
| #define HAVE_UNISTD_H 1
| #define STDC_HEADERS 1
| #define INET6 1
| #define HAVE_DLFCN_H 1
| #define LT_OBJDIR ".libs/"
| #define HAVE_DIRENT_H 1
| #define HAVE_ARPA_INET_H 1
| #define HAVE_FCNTL_H 1
| #define HAVE_LIBINTL_H 1
| #define HAVE_LIMITS_H 1
| #define HAVE_LOCALE_H 1
| #define HAVE_NETDB_H 1
| #define HAVE_NETINET_IN_H 1
| #define HAVE_STDDEF_H 1
| #define HAVE_STDINT_H 1
| #define HAVE_STDLIB_H 1
| #define HAVE_STRING_H 1
| #define HAVE_SYS_IOCTL_H 1
| #define HAVE_SYS_PARAM_H 1
| #define HAVE_SYS_SOCKET_H 1
| #define HAVE_SYS_TIME_H 1
| #define HAVE_SYSLOG_H 1
| #define HAVE_UNISTD_H 1
| #define HAVE_FEATURES_H 1
| /* end confdefs.h.  */
| #include <pthread.h>
| int
| main (void)
| {
| int i = PTHREAD_PRIO_INHERIT;
|                                                return i;
|   ;
|   return 0;
| }
configure:13896: result: no
configure:14071: checking for getrpcbyname
configure:14071: arm-kobo-linux-gnueabihf-gcc -o conftest -g -O2   conftest.c  >&5
configure:14071: $? = 0
configure:14071: result: yes
configure:14077: checking for getrpcbynumber
configure:14077: arm-kobo-linux-gnueabihf-gcc -o conftest -g -O2   conftest.c  >&5
configure:14077: $? = 0
configure:14077: result: yes
configure:14083: checking for setrpcent
configure:14083: arm-kobo-linux-gnueabihf-gcc -o conftest -g -O2   conftest.c  >&5
configure:14083: $? = 0
configure:14083: result: yes
configure:14089: checking for endrpcent
configure:14089: arm-kobo-linux-gnueabihf-gcc -o conftest -g -O2   conftest.c  >&5
configure:14089: $? = 0
configure:14089: result: yes
configure:14095: checking for getrpcent
configure:14095: arm-kobo-linux-gnueabihf-gcc -o conftest -g -O2   conftest.c  >&5
configure:14095: $? = 0
configure:14095: result: yes
configure:14208: checking that generated files are newer than configure
configure:14214: result: done
configure:14253: creating ./config.status

## ---------------------- ##
## Running config.status. ##
## ---------------------- ##

This file was extended by libtirpc config.status 1.3.2, which was
generated by GNU Autoconf 2.71.  Invocation command line was

  CONFIG_FILES    = 
  CONFIG_HEADERS  = 
  CONFIG_LINKS    = 
  CONFIG_COMMANDS = 
  $ ./config.status 

on hyperbookszyb

config.status:1131: creating Makefile
config.status:1131: creating src/Makefile
config.status:1131: creating man/Makefile
config.status:1131: creating doc/Makefile
config.status:1131: creating libtirpc.pc
config.status:1131: creating config.h
config.status:1360: executing depfiles commands
config.status:1437: cd src       && sed -e '/# am--include-marker/d' Makefile         | make -f - am--depfiles
config.status:1442: $? = 0
config.status:1360: executing libtool commands

## ---------------- ##
## Cache variables. ##
## ---------------- ##

ac_cv_build=x86_64-pc-linux-gnu
ac_cv_c_compiler_gnu=yes
ac_cv_env_CC_set=set
ac_cv_env_CC_value=arm-kobo-linux-gnueabihf-gcc
ac_cv_env_CFLAGS_set=
ac_cv_env_CFLAGS_value=
ac_cv_env_CPPFLAGS_set=
ac_cv_env_CPPFLAGS_value=
ac_cv_env_CPP_set=
ac_cv_env_CPP_value=
ac_cv_env_LDFLAGS_set=
ac_cv_env_LDFLAGS_value=
ac_cv_env_LIBS_set=
ac_cv_env_LIBS_value=
ac_cv_env_LT_SYS_LIBRARY_PATH_set=
ac_cv_env_LT_SYS_LIBRARY_PATH_value=
ac_cv_env_build_alias_set=
ac_cv_env_build_alias_value=
ac_cv_env_host_alias_set=set
ac_cv_env_host_alias_value=arm-linux-gnueabihf
ac_cv_env_target_alias_set=
ac_cv_env_target_alias_value=
ac_cv_func_endrpcent=yes
ac_cv_func_getrpcbyname=yes
ac_cv_func_getrpcbynumber=yes
ac_cv_func_getrpcent=yes
ac_cv_func_setrpcent=yes
ac_cv_header_arpa_inet_h=yes
ac_cv_header_dirent_dirent_h=yes
ac_cv_header_dlfcn_h=yes
ac_cv_header_fcntl_h=yes
ac_cv_header_features_h=yes
ac_cv_header_gssapi_gssapi_ext_h=no
ac_cv_header_gssapi_gssapi_h=no
ac_cv_header_inttypes_h=yes
ac_cv_header_libintl_h=yes
ac_cv_header_limits_h=yes
ac_cv_header_locale_h=yes
ac_cv_header_netdb_h=yes
ac_cv_header_netinet_in_h=yes
ac_cv_header_stddef_h=yes
ac_cv_header_stdint_h=yes
ac_cv_header_stdio_h=yes
ac_cv_header_stdlib_h=yes
ac_cv_header_string_h=yes
ac_cv_header_strings_h=yes
ac_cv_header_sys_ioctl_h=yes
ac_cv_header_sys_param_h=yes
ac_cv_header_sys_socket_h=yes
ac_cv_header_sys_stat_h=yes
ac_cv_header_sys_time_h=yes
ac_cv_header_sys_types_h=yes
ac_cv_header_syslog_h=yes
ac_cv_header_unistd_h=yes
ac_cv_host=arm-unknown-linux-gnueabihf
ac_cv_objext=o
ac_cv_path_EGREP='/sbin/grep -E'
ac_cv_path_FGREP='/sbin/grep -F'
ac_cv_path_GREP=/sbin/grep
ac_cv_path_SED=/sbin/sed
ac_cv_path_install='/bin/install -c'
ac_cv_path_lt_DD=/sbin/dd
ac_cv_path_mkdir=/sbin/mkdir
ac_cv_prog_AR=arm-kobo-linux-gnueabihf-ar
ac_cv_prog_AWK=gawk
ac_cv_prog_CC=arm-kobo-linux-gnueabihf-gcc
ac_cv_prog_CPP='arm-kobo-linux-gnueabihf-gcc -E'
ac_cv_prog_RANLIB=arm-kobo-linux-gnueabihf-ranlib
ac_cv_prog_STRIP=strip
ac_cv_prog_ac_ct_DUMPBIN='link -dump'
ac_cv_prog_ac_ct_FILECMD=file
ac_cv_prog_ac_ct_OBJDUMP=objdump
ac_cv_prog_ac_ct_STRIP=strip
ac_cv_prog_cc_c11=
ac_cv_prog_cc_g=yes
ac_cv_prog_cc_stdc=
ac_cv_prog_make_make_set=yes
ac_cv_search_opendir='none required'
am_cv_CC_dependencies_compiler_type=gcc3
am_cv_make_support_nested_variables=yes
am_cv_prog_cc_c_o=yes
ax_cv_PTHREAD_CLANG=no
ax_cv_PTHREAD_JOINABLE_ATTR=PTHREAD_CREATE_JOINABLE
ax_cv_PTHREAD_PRIO_INHERIT=no
ax_cv_PTHREAD_SPECIAL_FLAGS=no
lt_cv_ar_at_file=@
lt_cv_archive_cmds_need_lc=no
lt_cv_deplibs_check_method=pass_all
lt_cv_file_magic_cmd='$MAGIC_CMD'
lt_cv_file_magic_test_file=
lt_cv_ld_reload_flag=-r
lt_cv_nm_interface='BSD nm'
lt_cv_objdir=.libs
lt_cv_path_LD=/mnt/HDD/Project/inkbox-build/inkbox/compiled-binaries/arm-kobo-linux-gnueabihf/arm-kobo-linux-gnueabihf/bin/ld
lt_cv_path_NM=no
lt_cv_path_mainfest_tool=no
lt_cv_prog_compiler_c_o=yes
lt_cv_prog_compiler_pic='-fPIC -DPIC'
lt_cv_prog_compiler_pic_works=yes
lt_cv_prog_compiler_rtti_exceptions=no
lt_cv_prog_compiler_static_works=yes
lt_cv_prog_gnu_ld=yes
lt_cv_sharedlib_from_linklib_cmd='printf %s\n'
lt_cv_shlibpath_overrides_runpath=no
lt_cv_sys_global_symbol_pipe='/sbin/sed -n -e '\''s/^.*[	 ]\([ABCDGIRSTW][ABCDGIRSTW]*\)[	 ][	 ]*\([_A-Za-z][_A-Za-z0-9]*\)$/\1 \2 \2/p'\'' | /sbin/sed '\''/ __gnu_lto/d'\'''
lt_cv_sys_global_symbol_to_c_name_address='/sbin/sed -n -e '\''s/^: \(.*\) .*$/  {"\1", (void *) 0},/p'\'' -e '\''s/^[ABCDGIRSTW][ABCDGIRSTW]* .* \(.*\)$/  {"\1", (void *) \&\1},/p'\'''
lt_cv_sys_global_symbol_to_c_name_address_lib_prefix='/sbin/sed -n -e '\''s/^: \(.*\) .*$/  {"\1", (void *) 0},/p'\'' -e '\''s/^[ABCDGIRSTW][ABCDGIRSTW]* .* \(lib.*\)$/  {"\1", (void *) \&\1},/p'\'' -e '\''s/^[ABCDGIRSTW][ABCDGIRSTW]* .* \(.*\)$/  {"lib\1", (void *) \&\1},/p'\'''
lt_cv_sys_global_symbol_to_cdecl='/sbin/sed -n -e '\''s/^T .* \(.*\)$/extern int \1();/p'\'' -e '\''s/^[ABCDGIRSTW][ABCDGIRSTW]* .* \(.*\)$/extern char \1;/p'\'''
lt_cv_sys_global_symbol_to_import=
lt_cv_sys_max_cmd_len=1572864
lt_cv_to_host_file_cmd=func_convert_file_noop
lt_cv_to_tool_file_cmd=func_convert_file_noop
lt_cv_truncate_bin='/sbin/dd bs=4096 count=1'

## ----------------- ##
## Output variables. ##
## ----------------- ##

ACLOCAL='${SHELL} '\''/mnt/HDD/Project/Public/okulartry/libtirpc-1.3.3/libtirpc-1.3.3/missing'\'' aclocal-1.16'
AMDEPBACKSLASH='\'
AMDEP_FALSE='#'
AMDEP_TRUE=''
AMTAR='$${TAR-tar}'
AM_BACKSLASH='\'
AM_DEFAULT_V='$(AM_DEFAULT_VERBOSITY)'
AM_DEFAULT_VERBOSITY='0'
AM_V='$(V)'
AR='arm-kobo-linux-gnueabihf-ar'
AUTHDES_FALSE=''
AUTHDES_TRUE='#'
AUTOCONF='${SHELL} '\''/mnt/HDD/Project/Public/okulartry/libtirpc-1.3.3/libtirpc-1.3.3/missing'\'' autoconf'
AUTOHEADER='${SHELL} '\''/mnt/HDD/Project/Public/okulartry/libtirpc-1.3.3/libtirpc-1.3.3/missing'\'' autoheader'
AUTOMAKE='${SHELL} '\''/mnt/HDD/Project/Public/okulartry/libtirpc-1.3.3/libtirpc-1.3.3/missing'\'' automake-1.16'
AWK='gawk'
CC='arm-kobo-linux-gnueabihf-gcc'
CCDEPMODE='depmode=gcc3'
CFLAGS='-g -O2'
CPP='arm-kobo-linux-gnueabihf-gcc -E'
CPPFLAGS=''
CSCOPE='cscope'
CTAGS='ctags'
CYGPATH_W='echo'
DEFS='-DHAVE_CONFIG_H'
DEPDIR='.deps'
DLLTOOL='false'
DSYMUTIL=''
DUMPBIN=':'
ECHO_C=''
ECHO_N='-n'
ECHO_T=''
EGREP='/sbin/grep -E'
ETAGS='etags'
EXEEXT=''
FGREP='/sbin/grep -F'
FILECMD='file'
GREP='/sbin/grep'
GSSAPI_CFLAGS=''
GSSAPI_LIBS=''
GSS_FALSE=''
GSS_TRUE='#'
INET6_FALSE='#'
INET6_TRUE=''
INSTALL_DATA='${INSTALL} -m 644'
INSTALL_PROGRAM='${INSTALL}'
INSTALL_SCRIPT='${INSTALL}'
INSTALL_STRIP_PROGRAM='$(install_sh) -c -s'
KRB5_CONFIG=''
LD='/mnt/HDD/Project/inkbox-build/inkbox/compiled-binaries/arm-kobo-linux-gnueabihf/arm-kobo-linux-gnueabihf/bin/ld'
LDFLAGS=''
LDFLAG_NOUNDEFINED='-Wl,--no-undefined'
LIBOBJS=''
LIBS=''
LIBTOOL='$(SHELL) $(top_builddir)/libtool'
LIPO=''
LN_S='ln -s'
LTLIBOBJS=''
LT_SYS_LIBRARY_PATH=''
LT_VERSION_INFO='3:0:0'
MAKEINFO='${SHELL} '\''/mnt/HDD/Project/Public/okulartry/libtirpc-1.3.3/libtirpc-1.3.3/missing'\'' makeinfo'
MANIFEST_TOOL=':'
MKDIR_P='/sbin/mkdir -p'
NM='nm'
NMEDIT=''
OBJDUMP='objdump'
OBJEXT='o'
OTOOL64=''
OTOOL=''
PACKAGE='libtirpc'
PACKAGE_BUGREPORT=''
PACKAGE_NAME='libtirpc'
PACKAGE_STRING='libtirpc 1.3.2'
PACKAGE_TARNAME='libtirpc'
PACKAGE_URL=''
PACKAGE_VERSION='1.3.2'
PATH_SEPARATOR=':'
PTHREAD_CC='arm-kobo-linux-gnueabihf-gcc'
PTHREAD_CFLAGS='-pthread'
PTHREAD_CXX=''
PTHREAD_LIBS='-lpthread'
RANLIB='arm-kobo-linux-gnueabihf-ranlib'
SED='/sbin/sed'
SET_MAKE=''
SHELL='/bin/sh'
STRIP='strip'
SYMVERS_FALSE='#'
SYMVERS_TRUE=''
VERSION='1.3.2'
ac_ct_AR=''
ac_ct_CC=''
ac_ct_DUMPBIN='link -dump'
am__EXEEXT_FALSE=''
am__EXEEXT_TRUE='#'
am__fastdepCC_FALSE='#'
am__fastdepCC_TRUE=''
am__include='include'
am__isrc=''
am__leading_dot='.'
am__nodep='_no'
am__quote=''
am__tar='$${TAR-tar} chof - "$$tardir"'
am__untar='$${TAR-tar} xf -'
ax_pthread_config=''
bindir='${exec_prefix}/bin'
build='x86_64-pc-linux-gnu'
build_alias=''
build_cpu='x86_64'
build_os='linux-gnu'
build_vendor='pc'
datadir='${datarootdir}'
datarootdir='${prefix}/share'
docdir='${datarootdir}/doc/${PACKAGE_TARNAME}'
dvidir='${docdir}'
exec_prefix='${prefix}'
host='arm-unknown-linux-gnueabihf'
host_alias='arm-linux-gnueabihf'
host_cpu='arm'
host_os='linux-gnueabihf'
host_vendor='unknown'
htmldir='${docdir}'
includedir='${prefix}/include'
infodir='${datarootdir}/info'
install_sh='${SHELL} /mnt/HDD/Project/Public/okulartry/libtirpc-1.3.3/libtirpc-1.3.3/install-sh'
libdir='${exec_prefix}/lib'
libexecdir='${exec_prefix}/libexec'
localedir='${datarootdir}/locale'
localstatedir='${prefix}/var'
mandir='${datarootdir}/man'
mkdir_p='$(MKDIR_P)'
oldincludedir='/usr/include'
pdfdir='${docdir}'
prefix='/home/build/inkbox/compiled-binaries/arm-kobo-linux-gnueabihf/arm-kobo-linux-gnueabihf/sysroot'
program_transform_name='s,x,x,'
psdir='${docdir}'
runstatedir='${localstatedir}/run'
sbindir='${exec_prefix}/sbin'
sharedstatedir='${prefix}/com'
sysconfdir='${prefix}/etc'
target_alias=''

## ----------- ##
## confdefs.h. ##
## ----------- ##

/* confdefs.h */
#define PACKAGE_NAME "libtirpc"
#define PACKAGE_TARNAME "libtirpc"
#define PACKAGE_VERSION "1.3.2"
#define PACKAGE_STRING "libtirpc 1.3.2"
#define PACKAGE_BUGREPORT ""
#define PACKAGE_URL ""
#define PACKAGE "libtirpc"
#define VERSION "1.3.2"
#define HAVE_STDIO_H 1
#define HAVE_STDLIB_H 1
#define HAVE_STRING_H 1
#define HAVE_INTTYPES_H 1
#define HAVE_STDINT_H 1
#define HAVE_STRINGS_H 1
#define HAVE_SYS_STAT_H 1
#define HAVE_SYS_TYPES_H 1
#define HAVE_UNISTD_H 1
#define STDC_HEADERS 1
#define INET6 1
#define HAVE_DLFCN_H 1
#define LT_OBJDIR ".libs/"
#define HAVE_DIRENT_H 1
#define HAVE_ARPA_INET_H 1
#define HAVE_FCNTL_H 1
#define HAVE_LIBINTL_H 1
#define HAVE_LIMITS_H 1
#define HAVE_LOCALE_H 1
#define HAVE_NETDB_H 1
#define HAVE_NETINET_IN_H 1
#define HAVE_STDDEF_H 1
#define HAVE_STDINT_H 1
#define HAVE_STDLIB_H 1
#define HAVE_STRING_H 1
#define HAVE_SYS_IOCTL_H 1
#define HAVE_SYS_PARAM_H 1
#define HAVE_SYS_SOCKET_H 1
#define HAVE_SYS_TIME_H 1
#define HAVE_SYSLOG_H 1
#define HAVE_UNISTD_H 1
#define HAVE_FEATURES_H 1
#define HAVE_PTHREAD 1
#define HAVE_GETRPCBYNAME 1
#define HAVE_GETRPCBYNUMBER 1
#define HAVE_SETRPCENT 1
#define HAVE_ENDRPCENT 1
#define HAVE_GETRPCENT 1

configure: exit 0
