# kdesrc-build running: 'make' '-j' '8'
# from directory: /home/szybet/kdesrc/build/frameworks/kglobalaccel
-- 

Installing in /mnt/HDD/Project/Public/okulartry/okular-things. Run /home/szybet/kdesrc/build/frameworks/kglobalaccel/prefix.sh to set the environment for KGlobalAccel.
-- Could NOT find XCB_XCB (missing: XCB_XCB_LIBRARY XCB_XCB_INCLUDE_DIR) (found version "1.15")
-- Could NOT find XCB_KEYSYMS (missing: XCB_KEYSYMS_LIBRARY XCB_KEYSYMS_INCLUDE_DIR XCB_XCB_FOUND) (found version "0.4.1")
-- Could NOT find XCB_RECORD (missing: XCB_RECORD_LIBRARY XCB_RECORD_INCLUDE_DIR XCB_XCB_FOUND) (found version "1.15")
-- Could NOT find XCB_XKB (missing: XCB_XKB_LIBRARY XCB_XKB_INCLUDE_DIR XCB_XCB_FOUND) (found version "1.15")
-- Could NOT find XCB_XTEST (missing: XCB_XTEST_LIBRARY XCB_XTEST_INCLUDE_DIR XCB_XCB_FOUND) (found version "1.15")
-- Could NOT find XCB (missing: XCB_LIBRARIES XCB KEYSYMS XKB RECORD) (found version "1.15")
-- Could NOT find X11 (missing: X11_X11_INCLUDE_PATH X11_X11_LIB) 
-- The following features have been enabled:

 * BUILD_RUNTIME, The kglobalacceld runtime

-- The following REQUIRED packages have been found:

 * ECM (required version >= 5.106.0), Extra CMake Modules., <https://commits.kde.org/extra-cmake-modules>
 * Qt5 (required version >= 5.15.2)
 * Qt5DBus (required version >= 5.15.2)
 * KF5Config (required version >= 5.106.0)
 * Qt5Core (required version >= 5.15.2)
 * KF5CoreAddons (required version >= 5.106.0)
 * KF5Crash (required version >= 5.106.0)
 * KF5DBusAddons (required version >= 5.106.0)
 * Qt5Gui (required version >= 5.15.2)
 * Qt5Widgets (required version >= 5.15.2)
 * KF5WindowSystem (required version >= 5.106.0)
 * Qt5LinguistTools

-- The following features have been disabled:

 * QCH, API documentation in QCH format (for e.g. Qt Assistant, Qt Creator & KDevelop)

-- The following OPTIONAL packages have not been found:

 * XCB, X protocol C-language Binding, <https://xcb.freedesktop.org/>
 * X11

-- Configuring done (0.2s)
-- Generating done (0.1s)
-- Build files have been written to: /home/szybet/kdesrc/build/frameworks/kglobalaccel
[  3%] Built target translations_4
[  3%] Built target translations_3
[  3%] Built target translations_2
[  4%] Built target translations_1
[  5%] Built target translations_5
[  6%] Built target translations_6
[  6%] Built target translations_7
[  7%] Built target translations_8
[  9%] Built target translations_11
[  9%] Built target translations_12
[ 10%] Built target translations_15
[ 10%] Built target translations_10
[ 11%] Built target translations_16
[ 12%] Built target translations_14
[ 12%] Built target translations_13
[ 13%] Built target translations_9
[ 13%] Built target translations_17
[ 15%] Built target translations_18
[ 14%] Built target translations_19
[ 17%] Built target translations_23
[ 17%] Built target translations_21
[ 17%] Built target translations_24
[ 17%] Built target translations_20
[ 18%] Built target translations_22
[ 19%] Built target translations_27
[ 19%] Built target translations_28
[ 20%] Built target translations_26
[ 21%] Built target translations_25
[ 22%] Built target translations_30
[ 24%] Built target translations_31
[ 24%] Built target translations_32
[ 24%] Built target translations_29
[ 26%] Built target translations_33
[ 26%] Built target translations_34
[ 27%] Built target translations_36
[ 27%] Built target translations_35
[ 27%] Built target translations_39
[ 28%] Built target translations_38
[ 29%] Built target translations_37
[ 30%] Built target translations_40
[ 30%] Built target translations_41
[ 31%] Built target translations_42
[ 32%] Built target translations_43
[ 33%] Built target translations_44
[ 34%] Built target translations_46
[ 34%] Built target translations_45
[ 35%] Built target translations_47
[ 36%] Built target translations_48
[ 37%] Built target translations_50
[ 37%] Built target translations_49
[ 38%] Built target translations_51
[ 38%] Built target translations_52
[ 39%] Built target translations_54
[ 40%] Built target translations_55
[ 40%] Built target translations_56
[ 41%] Built target translations_53
[ 43%] Built target translations_58
[ 43%] Built target translations_57
[ 44%] Built target translations_59
[ 45%] Built target translations_60
[ 46%] Built target translations_61
[ 47%] Built target translations_62
[ 47%] Built target translations_63
[ 48%] Built target translations_64
[ 49%] Built target translations_65
[ 50%] Built target translations_66
[ 50%] Built target translations_67
[ 51%] Built target translations_68
[ 52%] Built target translations_69
[ 52%] Built target translations_70
[ 53%] Built target translations_71
[ 54%] Built target translations_73
[ 55%] Built target translations_74
[ 56%] Built target translations_72
[ 56%] Built target translations_75
[ 57%] Built target translations_76
[ 58%] Built target translations_77
[ 58%] Built target translations_78
[ 59%] Built target translations_79
[ 60%] Built target translations_81
[ 60%] Built target translations_80
[ 62%] Built target translations_83
[ 62%] Built target translations_82
[ 63%] Built target translations_84
[ 63%] Built target translations_85
[ 64%] Built target translations_86
[ 65%] Built target translations_87
[ 66%] Built target translations_88
[ 66%] Built target translations_89
[ 67%] Built target translations_90
[ 67%] Built target translations_92
[ 68%] Built target translations_91
[ 69%] Built target translations_93
[ 70%] Built target translations_95
[ 71%] Built target translations_94
[ 71%] Built target translations_96
[ 72%] Built target translations_97
[ 73%] Built target translations_98
[ 74%] Built target translations_99
[ 75%] Automatic MOC for target KF5GlobalAccel
[ 76%] Built target translations_100
[ 76%] Built target KF5GlobalAccel_autogen
[ 85%] Built target KF5GlobalAccel
[ 86%] Automatic MOC for target KF5GlobalAccelPrivate
[ 86%] Built target KF5GlobalAccelPrivate_autogen
[ 95%] Built target KF5GlobalAccelPrivate
[ 96%] Automatic MOC for target kglobalaccel5
[ 96%] Built target kglobalaccel5_autogen
[ 97%] Linking CXX executable ../../bin/kglobalaccel5
[100%] Built target kglobalaccel5
