# kdesrc-build running: 'cmake' '-B' '.' '-S' '/home/szybet/kdesrc/frameworks/ki18n' '-G' 'Unix Makefiles' '-DCMAKE_EXPORT_COMPILE_COMMANDS:BOOL=ON' '-DCMAKE_TOOLCHAIN_FILE=/mnt/HDD/Project/Public/okulartry/kobo.cmake' '-DCMAKE_CXX_FLAGS:STRING=-pipe' '-DCMAKE_INSTALL_PREFIX=/mnt/HDD/Project/Public/okulartry/okular-things' '-DCMAKE_PREFIX_PATH=/home/build/inkbox/compiled-binaries/qt-bin/'
# from directory: /home/szybet/kdesrc/build/frameworks/ki18n
-- The C compiler identification is GNU 11.2.0
-- The CXX compiler identification is GNU 11.2.0
-- Detecting C compiler ABI info
-- Detecting C compiler ABI info - done
-- Check for working C compiler: /home/build/inkbox/compiled-binaries/arm-kobo-linux-gnueabihf/bin/arm-kobo-linux-gnueabihf-gcc - skipped
-- Detecting C compile features
-- Detecting C compile features - done
-- Detecting CXX compiler ABI info
-- Detecting CXX compiler ABI info - done
-- Check for working CXX compiler: /home/build/inkbox/compiled-binaries/arm-kobo-linux-gnueabihf/bin/arm-kobo-linux-gnueabihf-g++ - skipped
-- Detecting CXX compile features
-- Detecting CXX compile features - done
-- 

Installing in /mnt/HDD/Project/Public/okulartry/okular-things. Run /home/szybet/kdesrc/build/frameworks/ki18n/prefix.sh to set the environment for KI18n.
-- Setting build type to 'Debug' as none was specified.
-- Looking for __GLIBC__
-- Looking for __GLIBC__ - found
-- Performing Test _OFFT_IS_64BIT
-- Performing Test _OFFT_IS_64BIT - Failed
-- Performing Test HAVE_DATE_TIME
-- Performing Test HAVE_DATE_TIME - Success
-- Performing Test BSYMBOLICFUNCTIONS_AVAILABLE
-- Performing Test BSYMBOLICFUNCTIONS_AVAILABLE - Success
-- Looking for dngettext
-- Looking for dngettext - found
-- libintl is part of libc, no extra library is required.
-- Found LibIntl: /home/build/inkbox/compiled-binaries/arm-kobo-linux-gnueabihf/arm-kobo-linux-gnueabihf/sysroot/usr/include  
-- Performing Test HAVE_NL_MSG_CAT_CNTR
-- Performing Test HAVE_NL_MSG_CAT_CNTR - Success
-- Found IsoCodes: iso_639-2;iso_639-3;iso_639-5;iso_3166-1;iso_3166-2;iso_3166-3;iso_4217;iso_15924 (found version "4.15.0") 
-- Found PythonInterp: /sbin/python (found version "3.11.3") 
-- Found Gettext: /sbin/msgmerge (found version "0.21.1") 
-- Performing Test COMPILER_HAS_HIDDEN_VISIBILITY
-- Performing Test COMPILER_HAS_HIDDEN_VISIBILITY - Success
-- Performing Test COMPILER_HAS_HIDDEN_INLINE_VISIBILITY
-- Performing Test COMPILER_HAS_HIDDEN_INLINE_VISIBILITY - Success
-- Performing Test COMPILER_HAS_DEPRECATED_ATTR
-- Performing Test COMPILER_HAS_DEPRECATED_ATTR - Success
-- The following RUNTIME packages have been found:

 * IsoCodes, Data about various ISO standards (e.g. country, language, language scripts, and currency names), <https://salsa.debian.org/iso-codes-team/iso-codes>
   Translation catalogs for countries, country subdivisions, languages and currencies

-- The following REQUIRED packages have been found:

 * ECM (required version >= 5.106.0), Extra CMake Modules., <https://commits.kde.org/extra-cmake-modules>
 * Qt5Core
 * Qt5Network (required version >= 5.15.2)
 * Qt5Qml (required version >= 5.15.2)
 * LibIntl, <http://gnuwin32.sourceforge.net/packages/libintl.htm>
   Needed for building KI18n unless glibc is the system libc implementation
 * PythonInterp
 * Gettext
 * Qt5Test
 * Qt5Concurrent
 * Qt5 (required version >= 5.15.2)

-- The following features have been disabled:

 * QCH, API documentation in QCH format (for e.g. Qt Assistant, Qt Creator & KDevelop)

-- Configuring done (1.4s)
-- Generating done (0.1s)
-- Build files have been written to: /home/szybet/kdesrc/build/frameworks/ki18n
