This file contains any messages produced by compilers while
running configure, to aid debugging if configure makes a mistake.

It was created by libpng configure 1.6.40.git, which was
generated by GNU Autoconf 2.71.  Invocation command line was

  $ ./configure --host=arm-linux-gnueabihf --prefix=/home/build/inkbox/compiled-binaries/arm-kobo-linux-gnueabihf/arm-kobo-linux-gnueabihf/sysroot/

## --------- ##
## Platform. ##
## --------- ##

hostname = hyperbookszyb
uname -m = x86_64
uname -r = 6.1.28-1-lts
uname -s = Linux
uname -v = #1 SMP PREEMPT_DYNAMIC Thu, 11 May 2023 15:52:41 +0000

/usr/bin/uname -p = unknown
/bin/uname -X     = unknown

/bin/arch              = unknown
/usr/bin/arch -k       = unknown
/usr/convex/getsysinfo = unknown
/usr/bin/hostinfo      = unknown
/bin/machine           = unknown
/usr/bin/oslevel       = unknown
/bin/universe          = unknown

PATH: /home/szybet/kde/src/kdesrc-build/
PATH: /home/szybet/.cargo/bin/
PATH: /sbin/
PATH: /bin/
PATH: /usr/local/sbin/
PATH: /usr/local/bin/
PATH: /usr/bin/
PATH: /usr/sbin/
PATH: /home/szybet/.dotnet/tools/
PATH: /usr/lib/jvm/default/bin/
PATH: /usr/bin/site_perl/
PATH: /usr/bin/vendor_perl/
PATH: /usr/bin/core_perl/
PATH: /usr/lib/rustup/bin/
PATH: /home/build/inkbox/compiled-binaries/arm-kobo-linux-gnueabihf/bin/
PATH: /home/build/inkbox/compiled-binaries/qt-bin/qt-linux-5.15.2-kobo/bin/


## ----------- ##
## Core tests. ##
## ----------- ##

configure:2524: looking for aux files: ltmain.sh config.guess config.sub compile missing install-sh
configure:2537:  trying ./
configure:2566:   ./ltmain.sh found
configure:2566:   ./config.guess found
configure:2566:   ./config.sub found
configure:2566:   ./compile found
configure:2566:   ./missing found
configure:2548:   ./install-sh found
configure:2703: checking for a BSD-compatible install
configure:2776: result: /bin/install -c
configure:2787: checking whether build environment is sane
configure:2842: result: yes
configure:2898: checking for arm-linux-gnueabihf-strip
configure:2933: result: no
configure:2943: checking for strip
configure:2964: found /sbin/strip
configure:2975: result: strip
configure:3001: checking for a race-free mkdir -p
configure:3045: result: /sbin/mkdir -p
configure:3052: checking for gawk
configure:3073: found /sbin/gawk
configure:3084: result: gawk
configure:3095: checking whether make sets $(MAKE)
configure:3118: result: yes
configure:3148: checking whether make supports nested variables
configure:3166: result: yes
configure:3306: checking whether to enable maintainer-specific portions of Makefiles
configure:3316: result: no
configure:3365: checking for arm-linux-gnueabihf-gcc
configure:3397: result: arm-kobo-linux-gnueabihf-gcc
configure:3795: checking for C compiler version
configure:3804: arm-kobo-linux-gnueabihf-gcc --version >&5
arm-kobo-linux-gnueabihf-gcc (crosstool-NG 1.24.0.519_3e2d99d - NiLuJe) 11.2.0
Copyright (C) 2021 Free Software Foundation, Inc.
This is free software; see the source for copying conditions.  There is NO
warranty; not even for MERCHANTABILITY or FITNESS FOR A PARTICULAR PURPOSE.

configure:3815: $? = 0
configure:3804: arm-kobo-linux-gnueabihf-gcc -v >&5
Using built-in specs.
COLLECT_GCC=arm-kobo-linux-gnueabihf-gcc
COLLECT_LTO_WRAPPER=/mnt/HDD/Project/inkbox-build/inkbox/compiled-binaries/arm-kobo-linux-gnueabihf/bin/../libexec/gcc/arm-kobo-linux-gnueabihf/11.2.0/lto-wrapper
Target: arm-kobo-linux-gnueabihf
Configured with: /home/nicolas/Development/kox/koxtoolchain/build/kobo/.build/arm-kobo-linux-gnueabihf/src/gcc/configure --build=x86_64-build_pc-linux-gnu --host=x86_64-build_pc-linux-gnu --target=arm-kobo-linux-gnueabihf --prefix=/home/nicolas/x-tools/arm-kobo-linux-gnueabihf --exec_prefix=/home/nicolas/x-tools/arm-kobo-linux-gnueabihf --with-sysroot=/home/nicolas/x-tools/arm-kobo-linux-gnueabihf/arm-kobo-linux-gnueabihf/sysroot --enable-languages=c,c++ --with-cpu=cortex-a8 --with-fpu=neon --with-float=hard --with-pkgversion='crosstool-NG 1.24.0.519_3e2d99d - NiLuJe' --enable-__cxa_atexit --disable-libmudflap --disable-libgomp --disable-libssp --disable-libquadmath --disable-libquadmath-support --disable-libsanitizer --disable-libmpx --with-gmp=/home/nicolas/Development/kox/koxtoolchain/build/kobo/.build/arm-kobo-linux-gnueabihf/buildtools --with-mpfr=/home/nicolas/Development/kox/koxtoolchain/build/kobo/.build/arm-kobo-linux-gnueabihf/buildtools --with-mpc=/home/nicolas/Development/kox/koxtoolchain/build/kobo/.build/arm-kobo-linux-gnueabihf/buildtools --with-isl=no --with-cloog=no --enable-lto --enable-threads=posix --with-linker-hash-style=gnu --enable-plugin --enable-gold --disable-nls --disable-multilib --with-diagnostics-color=always --with-local-prefix=/home/nicolas/x-tools/arm-kobo-linux-gnueabihf/arm-kobo-linux-gnueabihf/sysroot --enable-long-long --with-mode=thumb
Thread model: posix
Supported LTO compression algorithms: zlib zstd
gcc version 11.2.0 (crosstool-NG 1.24.0.519_3e2d99d - NiLuJe) 
configure:3815: $? = 0
configure:3804: arm-kobo-linux-gnueabihf-gcc -V >&5
[01m[Karm-kobo-linux-gnueabihf-gcc:[m[K [01;31m[Kerror: [m[Kunrecognized command-line option '[01m[K-V[m[K'
[01m[Karm-kobo-linux-gnueabihf-gcc:[m[K [01;31m[Kfatal error: [m[Kno input files
compilation terminated.
configure:3815: $? = 1
configure:3804: arm-kobo-linux-gnueabihf-gcc -qversion >&5
[01m[Karm-kobo-linux-gnueabihf-gcc:[m[K [01;31m[Kerror: [m[Kunrecognized command-line option '[01m[K-qversion[m[K'; did you mean '[01m[K--version[m[K'?
[01m[Karm-kobo-linux-gnueabihf-gcc:[m[K [01;31m[Kfatal error: [m[Kno input files
compilation terminated.
configure:3815: $? = 1
configure:3804: arm-kobo-linux-gnueabihf-gcc -version >&5
[01m[Karm-kobo-linux-gnueabihf-gcc:[m[K [01;31m[Kerror: [m[Kunrecognized command-line option '[01m[K-version[m[K'
[01m[Karm-kobo-linux-gnueabihf-gcc:[m[K [01;31m[Kfatal error: [m[Kno input files
compilation terminated.
configure:3815: $? = 1
configure:3835: checking whether the C compiler works
configure:3857: arm-kobo-linux-gnueabihf-gcc    conftest.c  >&5
configure:3861: $? = 0
configure:3911: result: yes
configure:3914: checking for C compiler default output file name
configure:3916: result: a.out
configure:3922: checking for suffix of executables
configure:3929: arm-kobo-linux-gnueabihf-gcc -o conftest    conftest.c  >&5
configure:3933: $? = 0
configure:3956: result: 
configure:3978: checking whether we are cross compiling
configure:3986: arm-kobo-linux-gnueabihf-gcc -o conftest    conftest.c  >&5
configure:3990: $? = 0
configure:3997: ./conftest
./configure: line 3999: ./conftest: cannot execute binary file: Exec format error
configure:4001: $? = 126
configure:4016: result: yes
configure:4021: checking for suffix of object files
configure:4044: arm-kobo-linux-gnueabihf-gcc -c   conftest.c >&5
configure:4048: $? = 0
configure:4070: result: o
configure:4074: checking whether the compiler supports GNU C
configure:4094: arm-kobo-linux-gnueabihf-gcc -c   conftest.c >&5
configure:4094: $? = 0
configure:4104: result: yes
configure:4115: checking whether arm-kobo-linux-gnueabihf-gcc accepts -g
configure:4136: arm-kobo-linux-gnueabihf-gcc -c -g  conftest.c >&5
configure:4136: $? = 0
configure:4180: result: yes
configure:4200: checking for arm-kobo-linux-gnueabihf-gcc option to enable C11 features
configure:4215: arm-kobo-linux-gnueabihf-gcc  -c -g -O2  conftest.c >&5
configure:4215: $? = 0
configure:4233: result: none needed
configure:4349: checking whether arm-kobo-linux-gnueabihf-gcc understands -c and -o together
configure:4372: arm-kobo-linux-gnueabihf-gcc -c conftest.c -o conftest2.o
configure:4375: $? = 0
configure:4372: arm-kobo-linux-gnueabihf-gcc -c conftest.c -o conftest2.o
configure:4375: $? = 0
configure:4387: result: yes
configure:4407: checking whether make supports the include directive
configure:4422: make -f confmf.GNU && cat confinc.out
this is the am__doit target
configure:4425: $? = 0
configure:4444: result: yes (GNU style)
configure:4470: checking dependency style of arm-kobo-linux-gnueabihf-gcc
configure:4582: result: gcc3
configure:4606: checking dependency style of arm-kobo-linux-gnueabihf-gcc
configure:4716: result: gcc3
configure:4737: checking build system type
configure:4752: result: x86_64-pc-linux-gnu
configure:4772: checking host system type
configure:4786: result: arm-unknown-linux-gnueabihf
configure:4806: checking for a sed that does not truncate output
configure:4876: result: /sbin/sed
configure:4894: checking for grep that handles long lines and -e
configure:4958: result: /sbin/grep
configure:4963: checking for egrep
configure:5031: result: /sbin/grep -E
configure:5036: checking for fgrep
configure:5104: result: /sbin/grep -F
configure:5131: checking how to print strings
configure:5158: result: printf
configure:5192: checking for ld used by arm-kobo-linux-gnueabihf-gcc
configure:5260: result: arm-kobo-linux-gnueabihf-ld
configure:5267: checking if the linker (arm-kobo-linux-gnueabihf-ld) is GNU ld
configure:5283: result: yes
configure:5300: checking how to run the C preprocessor
configure:5326: arm-kobo-linux-gnueabihf-gcc -E  conftest.c
configure:5326: $? = 0
configure:5341: arm-kobo-linux-gnueabihf-gcc -E  conftest.c
[01m[Kconftest.c:11:10:[m[K [01;31m[Kfatal error: [m[Kac_nonexistent.h: No such file or directory
   11 | #include [01;31m[K<ac_nonexistent.h>[m[K
      |          [01;31m[K^~~~~~~~~~~~~~~~~~[m[K
compilation terminated.
configure:5341: $? = 1
configure: failed program was:
| /* confdefs.h */
| #define PACKAGE_NAME "libpng"
| #define PACKAGE_TARNAME "libpng"
| #define PACKAGE_VERSION "1.6.40.git"
| #define PACKAGE_STRING "libpng 1.6.40.git"
| #define PACKAGE_BUGREPORT "png-mng-implement@lists.sourceforge.net"
| #define PACKAGE_URL ""
| #define PACKAGE "libpng"
| #define VERSION "1.6.40.git"
| /* end confdefs.h.  */
| #include <ac_nonexistent.h>
configure:5368: result: arm-kobo-linux-gnueabihf-gcc -E
configure:5382: arm-kobo-linux-gnueabihf-gcc -E  conftest.c
configure:5382: $? = 0
configure:5397: arm-kobo-linux-gnueabihf-gcc -E  conftest.c
[01m[Kconftest.c:11:10:[m[K [01;31m[Kfatal error: [m[Kac_nonexistent.h: No such file or directory
   11 | #include [01;31m[K<ac_nonexistent.h>[m[K
      |          [01;31m[K^~~~~~~~~~~~~~~~~~[m[K
compilation terminated.
configure:5397: $? = 1
configure: failed program was:
| /* confdefs.h */
| #define PACKAGE_NAME "libpng"
| #define PACKAGE_TARNAME "libpng"
| #define PACKAGE_VERSION "1.6.40.git"
| #define PACKAGE_STRING "libpng 1.6.40.git"
| #define PACKAGE_BUGREPORT "png-mng-implement@lists.sourceforge.net"
| #define PACKAGE_URL ""
| #define PACKAGE "libpng"
| #define VERSION "1.6.40.git"
| /* end confdefs.h.  */
| #include <ac_nonexistent.h>
configure:5431: checking for gawk
configure:5463: result: gawk
configure:5475: checking whether ln -s works
configure:5479: result: yes
configure:5486: checking whether make sets $(MAKE)
configure:5509: result: yes
configure:5562: checking for BSD- or MS-compatible name lister (nm)
configure:5617: result: no
configure:5631: checking for arm-linux-gnueabihf-dumpbin
configure:5666: result: no
configure:5631: checking for arm-linux-gnueabihf-link
configure:5666: result: no
configure:5680: checking for dumpbin
configure:5715: result: no
configure:5680: checking for link
configure:5701: found /sbin/link
configure:5712: result: link -dump
configure:5728: WARNING: using cross tools not prefixed with host triplet
configure:5757: checking the name lister (nm) interface
configure:5765: arm-kobo-linux-gnueabihf-gcc -c -g -O2  conftest.c >&5
configure:5768: nm "conftest.o"
configure:5771: output
00000000 b $d
00000000 B some_variable
configure:5778: result: BSD nm
configure:5782: checking the maximum length of command line arguments
configure:5914: result: 1572864
configure:5962: checking how to convert x86_64-pc-linux-gnu file names to arm-unknown-linux-gnueabihf format
configure:6003: result: func_convert_file_noop
configure:6010: checking how to convert x86_64-pc-linux-gnu file names to toolchain format
configure:6031: result: func_convert_file_noop
configure:6038: checking for arm-kobo-linux-gnueabihf-ld option to reload object files
configure:6046: result: -r
configure:6080: checking for arm-linux-gnueabihf-file
configure:6115: result: no
configure:6125: checking for file
configure:6146: found /sbin/file
configure:6157: result: file
configure:6188: checking for arm-linux-gnueabihf-objdump
configure:6223: result: no
configure:6233: checking for objdump
configure:6254: found /sbin/objdump
configure:6265: result: objdump
configure:6294: checking how to recognize dependent libraries
configure:6495: result: pass_all
configure:6540: checking for arm-linux-gnueabihf-dlltool
configure:6575: result: no
configure:6585: checking for dlltool
configure:6620: result: no
configure:6647: checking how to associate runtime and link libraries
configure:6675: result: printf %s\n
configure:6692: checking for arm-linux-gnueabihf-ar
configure:6724: result: arm-kobo-linux-gnueabihf-ar
configure:6826: checking for archiver @FILE support
configure:6844: arm-kobo-linux-gnueabihf-gcc -c -g -O2  conftest.c >&5
configure:6844: $? = 0
configure:6848: arm-kobo-linux-gnueabihf-ar cr libconftest.a @conftest.lst >&5
configure:6851: $? = 0
configure:6856: arm-kobo-linux-gnueabihf-ar cr libconftest.a @conftest.lst >&5
arm-kobo-linux-gnueabihf-ar: conftest.o: No such file or directory
configure:6859: $? = 1
configure:6871: result: @
configure:6889: checking for arm-linux-gnueabihf-strip
configure:6921: result: strip
configure:6998: checking for arm-linux-gnueabihf-ranlib
configure:7030: result: arm-kobo-linux-gnueabihf-ranlib
configure:7177: checking command to parse nm output from arm-kobo-linux-gnueabihf-gcc object
configure:7331: arm-kobo-linux-gnueabihf-gcc -c -g -O2  conftest.c >&5
configure:7334: $? = 0
configure:7338: nm conftest.o \| /sbin/sed -n -e 's/^.*[ ]\([ABCDGIRSTW][ABCDGIRSTW]*\)[ ][ ]*\([_A-Za-z][_A-Za-z0-9]*\)$/\1 \2 \2/p' | /sbin/sed '/ __gnu_lto/d' \> conftest.nm
configure:7341: $? = 0
configure:7407: arm-kobo-linux-gnueabihf-gcc -o conftest -g -O2   conftest.c conftstm.o >&5
configure:7410: $? = 0
configure:7448: result: ok
configure:7495: checking for sysroot
configure:7526: result: no
configure:7533: checking for a working dd
configure:7577: result: /sbin/dd
configure:7581: checking how to truncate binary pipes
configure:7597: result: /sbin/dd bs=4096 count=1
configure:7889: checking for arm-linux-gnueabihf-mt
configure:7924: result: no
configure:7934: checking for mt
configure:7969: result: no
configure:7989: checking if : is a manifest tool
configure:7996: : '-?'
configure:8004: result: no
configure:8729: checking for stdio.h
configure:8729: arm-kobo-linux-gnueabihf-gcc -c -g -O2  conftest.c >&5
configure:8729: $? = 0
configure:8729: result: yes
configure:8729: checking for stdlib.h
configure:8729: arm-kobo-linux-gnueabihf-gcc -c -g -O2  conftest.c >&5
configure:8729: $? = 0
configure:8729: result: yes
configure:8729: checking for string.h
configure:8729: arm-kobo-linux-gnueabihf-gcc -c -g -O2  conftest.c >&5
configure:8729: $? = 0
configure:8729: result: yes
configure:8729: checking for inttypes.h
configure:8729: arm-kobo-linux-gnueabihf-gcc -c -g -O2  conftest.c >&5
configure:8729: $? = 0
configure:8729: result: yes
configure:8729: checking for stdint.h
configure:8729: arm-kobo-linux-gnueabihf-gcc -c -g -O2  conftest.c >&5
configure:8729: $? = 0
configure:8729: result: yes
configure:8729: checking for strings.h
configure:8729: arm-kobo-linux-gnueabihf-gcc -c -g -O2  conftest.c >&5
configure:8729: $? = 0
configure:8729: result: yes
configure:8729: checking for sys/stat.h
configure:8729: arm-kobo-linux-gnueabihf-gcc -c -g -O2  conftest.c >&5
configure:8729: $? = 0
configure:8729: result: yes
configure:8729: checking for sys/types.h
configure:8729: arm-kobo-linux-gnueabihf-gcc -c -g -O2  conftest.c >&5
configure:8729: $? = 0
configure:8729: result: yes
configure:8729: checking for unistd.h
configure:8729: arm-kobo-linux-gnueabihf-gcc -c -g -O2  conftest.c >&5
configure:8729: $? = 0
configure:8729: result: yes
configure:8754: checking for dlfcn.h
configure:8754: arm-kobo-linux-gnueabihf-gcc -c -g -O2  conftest.c >&5
configure:8754: $? = 0
configure:8754: result: yes
configure:9341: checking for objdir
configure:9357: result: .libs
configure:9621: checking if arm-kobo-linux-gnueabihf-gcc supports -fno-rtti -fno-exceptions
configure:9640: arm-kobo-linux-gnueabihf-gcc -c -g -O2  -fno-rtti -fno-exceptions conftest.c >&5
[01m[Kcc1:[m[K [01;35m[Kwarning: [m[Kcommand-line option '[01m[K-fno-rtti[m[K' is valid for C++/D/ObjC++ but not for C
configure:9644: $? = 0
configure:9657: result: no
configure:10015: checking for arm-kobo-linux-gnueabihf-gcc option to produce PIC
configure:10023: result: -fPIC -DPIC
configure:10031: checking if arm-kobo-linux-gnueabihf-gcc PIC flag -fPIC -DPIC works
configure:10050: arm-kobo-linux-gnueabihf-gcc -c -g -O2  -fPIC -DPIC -DPIC conftest.c >&5
configure:10054: $? = 0
configure:10067: result: yes
configure:10096: checking if arm-kobo-linux-gnueabihf-gcc static flag -static works
configure:10125: result: yes
configure:10140: checking if arm-kobo-linux-gnueabihf-gcc supports -c -o file.o
configure:10162: arm-kobo-linux-gnueabihf-gcc -c -g -O2  -o out/conftest2.o conftest.c >&5
configure:10166: $? = 0
configure:10188: result: yes
configure:10196: checking if arm-kobo-linux-gnueabihf-gcc supports -c -o file.o
configure:10244: result: yes
configure:10277: checking whether the arm-kobo-linux-gnueabihf-gcc linker (arm-kobo-linux-gnueabihf-ld) supports shared libraries
configure:11545: result: yes
configure:11582: checking whether -lc should be explicitly linked in
configure:11591: arm-kobo-linux-gnueabihf-gcc -c -g -O2  conftest.c >&5
configure:11594: $? = 0
configure:11609: arm-kobo-linux-gnueabihf-gcc -shared  -fPIC -DPIC conftest.o  -v -Wl,-soname -Wl,conftest -o conftest 2\>\&1 \| /sbin/grep  -lc  \>/dev/null 2\>\&1
configure:11612: $? = 0
configure:11626: result: no
configure:11786: checking dynamic linker characteristics
configure:12368: arm-kobo-linux-gnueabihf-gcc -o conftest -g -O2   -Wl,-rpath -Wl,/foo conftest.c  >&5
configure:12368: $? = 0
configure:12607: result: GNU/Linux ld.so
configure:12729: checking how to hardcode library paths into programs
configure:12754: result: immediate
configure:13306: checking whether stripping libraries is possible
configure:13315: result: yes
configure:13357: checking if libtool supports shared libraries
configure:13359: result: yes
configure:13362: checking whether to build shared libraries
configure:13387: result: yes
configure:13390: checking whether to build static libraries
configure:13394: result: yes
configure:13435: checking that AWK works
configure:13441: result: ok
configure:13494: checking if we need to force back C standard to C89
configure:13510: arm-kobo-linux-gnueabihf-gcc -c -g -O2  conftest.c >&5
configure:13510: $? = 0
configure:13512: result: no
configure:13527: checking whether struct tm is in sys/time.h or time.h
configure:13548: arm-kobo-linux-gnueabihf-gcc -c -g -O2  conftest.c >&5
configure:13548: $? = 0
configure:13556: result: time.h
configure:13564: checking for C/C++ restrict keyword
configure:13594: arm-kobo-linux-gnueabihf-gcc -c -g -O2  conftest.c >&5
configure:13594: $? = 0
configure:13603: result: __restrict__
configure:13619: checking for pow
configure:13619: arm-kobo-linux-gnueabihf-gcc -o conftest -g -O2   conftest.c  >&5
[01m[Kconftest.c:40:6:[m[K [01;35m[Kwarning: [m[Kconflicting types for built-in function '[01m[Kpow[m[K'; expected '[01m[Kdouble(double,  double)[m[K' [[01;35m[K-Wbuiltin-declaration-mismatch[m[K]
   40 | char [01;35m[Kpow[m[K ();
      |      [01;35m[K^~~[m[K
[01m[Kconftest.c:32:1:[m[K [01;36m[Knote: [m[K'[01m[Kpow[m[K' is declared in header '[01m[K<math.h>[m[K'
   31 | #include <limits.h>
   32 | #undef pow
/mnt/HDD/Project/inkbox-build/inkbox/compiled-binaries/arm-kobo-linux-gnueabihf/bin/../lib/gcc/arm-kobo-linux-gnueabihf/11.2.0/../../../../arm-kobo-linux-gnueabihf/bin/ld.bfd: /tmp/ccdjISkS.o: in function `main':
/mnt/HDD/Project/Public/okulartry/libpng/conftest.c:51: undefined reference to `pow'
collect2: error: ld returned 1 exit status
configure:13619: $? = 1
configure: failed program was:
| /* confdefs.h */
| #define PACKAGE_NAME "libpng"
| #define PACKAGE_TARNAME "libpng"
| #define PACKAGE_VERSION "1.6.40.git"
| #define PACKAGE_STRING "libpng 1.6.40.git"
| #define PACKAGE_BUGREPORT "png-mng-implement@lists.sourceforge.net"
| #define PACKAGE_URL ""
| #define PACKAGE "libpng"
| #define VERSION "1.6.40.git"
| #define HAVE_STDIO_H 1
| #define HAVE_STDLIB_H 1
| #define HAVE_STRING_H 1
| #define HAVE_INTTYPES_H 1
| #define HAVE_STDINT_H 1
| #define HAVE_STRINGS_H 1
| #define HAVE_SYS_STAT_H 1
| #define HAVE_SYS_TYPES_H 1
| #define HAVE_UNISTD_H 1
| #define STDC_HEADERS 1
| #define HAVE_DLFCN_H 1
| #define LT_OBJDIR ".libs/"
| #define restrict __restrict__
| /* end confdefs.h.  */
| /* Define pow to an innocuous variant, in case <limits.h> declares pow.
|    For example, HP-UX 11i <limits.h> declares gettimeofday.  */
| #define pow innocuous_pow
| 
| /* System header to define __stub macros and hopefully few prototypes,
|    which can conflict with char pow (); below.  */
| 
| #include <limits.h>
| #undef pow
| 
| /* Override any GCC internal prototype to avoid an error.
|    Use char because int might match the return type of a GCC
|    builtin and then its argument prototype would still apply.  */
| #ifdef __cplusplus
| extern "C"
| #endif
| char pow ();
| /* The GNU C library defines this for functions which it implements
|     to always fail with ENOSYS.  Some functions are actually named
|     something starting with __ and the normal name is an alias.  */
| #if defined __stub_pow || defined __stub___pow
| choke me
| #endif
| 
| int
| main (void)
| {
| return pow ();
|   ;
|   return 0;
| }
configure:13619: result: no
configure:13625: checking for pow in -lm
configure:13648: arm-kobo-linux-gnueabihf-gcc -o conftest -g -O2   conftest.c -lm   >&5
[01m[Kconftest.c:28:6:[m[K [01;35m[Kwarning: [m[Kconflicting types for built-in function '[01m[Kpow[m[K'; expected '[01m[Kdouble(double,  double)[m[K' [[01;35m[K-Wbuiltin-declaration-mismatch[m[K]
   28 | char [01;35m[Kpow[m[K ();
      |      [01;35m[K^~~[m[K
[01m[Kconftest.c:1:1:[m[K [01;36m[Knote: [m[K'[01m[Kpow[m[K' is declared in header '[01m[K<math.h>[m[K'
    1 | /* confdefs.h */
configure:13648: $? = 0
configure:13658: result: yes
configure:13676: checking for clock_gettime
configure:13676: arm-kobo-linux-gnueabihf-gcc -o conftest -g -O2   conftest.c -lm  >&5
/mnt/HDD/Project/inkbox-build/inkbox/compiled-binaries/arm-kobo-linux-gnueabihf/bin/../lib/gcc/arm-kobo-linux-gnueabihf/11.2.0/../../../../arm-kobo-linux-gnueabihf/bin/ld.bfd: /tmp/ccQaxXEa.o: in function `main':
/mnt/HDD/Project/Public/okulartry/libpng/conftest.c:52: undefined reference to `clock_gettime'
collect2: error: ld returned 1 exit status
configure:13676: $? = 1
configure: failed program was:
| /* confdefs.h */
| #define PACKAGE_NAME "libpng"
| #define PACKAGE_TARNAME "libpng"
| #define PACKAGE_VERSION "1.6.40.git"
| #define PACKAGE_STRING "libpng 1.6.40.git"
| #define PACKAGE_BUGREPORT "png-mng-implement@lists.sourceforge.net"
| #define PACKAGE_URL ""
| #define PACKAGE "libpng"
| #define VERSION "1.6.40.git"
| #define HAVE_STDIO_H 1
| #define HAVE_STDLIB_H 1
| #define HAVE_STRING_H 1
| #define HAVE_INTTYPES_H 1
| #define HAVE_STDINT_H 1
| #define HAVE_STRINGS_H 1
| #define HAVE_SYS_STAT_H 1
| #define HAVE_SYS_TYPES_H 1
| #define HAVE_UNISTD_H 1
| #define STDC_HEADERS 1
| #define HAVE_DLFCN_H 1
| #define LT_OBJDIR ".libs/"
| #define restrict __restrict__
| #define HAVE_LIBM 1
| /* end confdefs.h.  */
| /* Define clock_gettime to an innocuous variant, in case <limits.h> declares clock_gettime.
|    For example, HP-UX 11i <limits.h> declares gettimeofday.  */
| #define clock_gettime innocuous_clock_gettime
| 
| /* System header to define __stub macros and hopefully few prototypes,
|    which can conflict with char clock_gettime (); below.  */
| 
| #include <limits.h>
| #undef clock_gettime
| 
| /* Override any GCC internal prototype to avoid an error.
|    Use char because int might match the return type of a GCC
|    builtin and then its argument prototype would still apply.  */
| #ifdef __cplusplus
| extern "C"
| #endif
| char clock_gettime ();
| /* The GNU C library defines this for functions which it implements
|     to always fail with ENOSYS.  Some functions are actually named
|     something starting with __ and the normal name is an alias.  */
| #if defined __stub_clock_gettime || defined __stub___clock_gettime
| choke me
| #endif
| 
| int
| main (void)
| {
| return clock_gettime ();
|   ;
|   return 0;
| }
configure:13676: result: no
configure:13681: WARNING: not building timepng
configure:13703: checking for zlibVersion in -lz
configure:13726: arm-kobo-linux-gnueabihf-gcc -o conftest -g -O2   conftest.c -lz  -lm  >&5
configure:13726: $? = 0
configure:13736: result: yes
configure:13798: checking for feenableexcept in -lm
configure:13821: arm-kobo-linux-gnueabihf-gcc -o conftest -g -O2   conftest.c -lm  -lz -lm  >&5
configure:13821: $? = 0
configure:13831: result: yes
configure:13841: checking for feenableexcept
configure:13841: arm-kobo-linux-gnueabihf-gcc -o conftest -g -O2   conftest.c -lm -lz -lm  >&5
configure:13841: $? = 0
configure:13841: result: yes
configure:13849: checking if using Solaris linker
configure:13858: result: no
configure:13870: checking if libraries can be versioned
configure:13891: result: yes
configure:13913: checking for symbol prefix
configure:13920: result: 
configure:13943: pkgconfig directory is ${libdir}/pkgconfig
configure:14313: Extra options for compiler: 
configure:14423: checking that generated files are newer than configure
configure:14429: result: done
configure:14504: creating ./config.status

## ---------------------- ##
## Running config.status. ##
## ---------------------- ##

This file was extended by libpng config.status 1.6.40.git, which was
generated by GNU Autoconf 2.71.  Invocation command line was

  CONFIG_FILES    = 
  CONFIG_HEADERS  = 
  CONFIG_LINKS    = 
  CONFIG_COMMANDS = 
  $ ./config.status 

on hyperbookszyb

config.status:1132: creating Makefile
config.status:1132: creating libpng.pc
config.status:1132: creating libpng-config
config.status:1132: creating config.h
config.status:1361: executing depfiles commands
config.status:1438: cd .       && sed -e '/# am--include-marker/d' Makefile         | make -f - am--depfiles
config.status:1443: $? = 0
config.status:1361: executing libtool commands

## ---------------- ##
## Cache variables. ##
## ---------------- ##

ac_cv_build=x86_64-pc-linux-gnu
ac_cv_c_compiler_gnu=yes
ac_cv_c_restrict=__restrict__
ac_cv_env_CCASFLAGS_set=
ac_cv_env_CCASFLAGS_value=
ac_cv_env_CCAS_set=
ac_cv_env_CCAS_value=
ac_cv_env_CC_set=set
ac_cv_env_CC_value=arm-kobo-linux-gnueabihf-gcc
ac_cv_env_CFLAGS_set=
ac_cv_env_CFLAGS_value=
ac_cv_env_CPPFLAGS_set=
ac_cv_env_CPPFLAGS_value=
ac_cv_env_CPP_set=
ac_cv_env_CPP_value=
ac_cv_env_LDFLAGS_set=
ac_cv_env_LDFLAGS_value=
ac_cv_env_LIBS_set=
ac_cv_env_LIBS_value=
ac_cv_env_LT_SYS_LIBRARY_PATH_set=
ac_cv_env_LT_SYS_LIBRARY_PATH_value=
ac_cv_env_PNG_COPTS_set=
ac_cv_env_PNG_COPTS_value=
ac_cv_env_build_alias_set=
ac_cv_env_build_alias_value=
ac_cv_env_host_alias_set=set
ac_cv_env_host_alias_value=arm-linux-gnueabihf
ac_cv_env_target_alias_set=
ac_cv_env_target_alias_value=
ac_cv_func_clock_gettime=no
ac_cv_func_feenableexcept=yes
ac_cv_func_pow=no
ac_cv_header_dlfcn_h=yes
ac_cv_header_inttypes_h=yes
ac_cv_header_stdint_h=yes
ac_cv_header_stdio_h=yes
ac_cv_header_stdlib_h=yes
ac_cv_header_string_h=yes
ac_cv_header_strings_h=yes
ac_cv_header_sys_stat_h=yes
ac_cv_header_sys_types_h=yes
ac_cv_header_unistd_h=yes
ac_cv_host=arm-unknown-linux-gnueabihf
ac_cv_lib_m_feenableexcept=yes
ac_cv_lib_m_pow=yes
ac_cv_lib_z_zlibVersion=yes
ac_cv_objext=o
ac_cv_path_EGREP='/sbin/grep -E'
ac_cv_path_FGREP='/sbin/grep -F'
ac_cv_path_GREP=/sbin/grep
ac_cv_path_SED=/sbin/sed
ac_cv_path_install='/bin/install -c'
ac_cv_path_lt_DD=/sbin/dd
ac_cv_path_mkdir=/sbin/mkdir
ac_cv_prog_AR=arm-kobo-linux-gnueabihf-ar
ac_cv_prog_AWK=gawk
ac_cv_prog_CC=arm-kobo-linux-gnueabihf-gcc
ac_cv_prog_CPP='arm-kobo-linux-gnueabihf-gcc -E'
ac_cv_prog_RANLIB=arm-kobo-linux-gnueabihf-ranlib
ac_cv_prog_STRIP=strip
ac_cv_prog_ac_ct_DUMPBIN='link -dump'
ac_cv_prog_ac_ct_FILECMD=file
ac_cv_prog_ac_ct_OBJDUMP=objdump
ac_cv_prog_ac_ct_STRIP=strip
ac_cv_prog_cc_c11=
ac_cv_prog_cc_g=yes
ac_cv_prog_cc_stdc=
ac_cv_prog_make_make_set=yes
ac_cv_struct_tm=time.h
am_cv_CCAS_dependencies_compiler_type=gcc3
am_cv_CC_dependencies_compiler_type=gcc3
am_cv_make_support_nested_variables=yes
am_cv_prog_cc_c_o=yes
lt_cv_ar_at_file=@
lt_cv_archive_cmds_need_lc=no
lt_cv_deplibs_check_method=pass_all
lt_cv_file_magic_cmd='$MAGIC_CMD'
lt_cv_file_magic_test_file=
lt_cv_ld_reload_flag=-r
lt_cv_nm_interface='BSD nm'
lt_cv_objdir=.libs
lt_cv_path_LD=arm-kobo-linux-gnueabihf-ld
lt_cv_path_NM=no
lt_cv_path_mainfest_tool=no
lt_cv_prog_compiler_c_o=yes
lt_cv_prog_compiler_pic='-fPIC -DPIC'
lt_cv_prog_compiler_pic_works=yes
lt_cv_prog_compiler_rtti_exceptions=no
lt_cv_prog_compiler_static_works=yes
lt_cv_prog_gnu_ld=yes
lt_cv_sharedlib_from_linklib_cmd='printf %s\n'
lt_cv_shlibpath_overrides_runpath=no
lt_cv_sys_global_symbol_pipe='/sbin/sed -n -e '\''s/^.*[	 ]\([ABCDGIRSTW][ABCDGIRSTW]*\)[	 ][	 ]*\([_A-Za-z][_A-Za-z0-9]*\)$/\1 \2 \2/p'\'' | /sbin/sed '\''/ __gnu_lto/d'\'''
lt_cv_sys_global_symbol_to_c_name_address='/sbin/sed -n -e '\''s/^: \(.*\) .*$/  {"\1", (void *) 0},/p'\'' -e '\''s/^[ABCDGIRSTW][ABCDGIRSTW]* .* \(.*\)$/  {"\1", (void *) \&\1},/p'\'''
lt_cv_sys_global_symbol_to_c_name_address_lib_prefix='/sbin/sed -n -e '\''s/^: \(.*\) .*$/  {"\1", (void *) 0},/p'\'' -e '\''s/^[ABCDGIRSTW][ABCDGIRSTW]* .* \(lib.*\)$/  {"\1", (void *) \&\1},/p'\'' -e '\''s/^[ABCDGIRSTW][ABCDGIRSTW]* .* \(.*\)$/  {"lib\1", (void *) \&\1},/p'\'''
lt_cv_sys_global_symbol_to_cdecl='/sbin/sed -n -e '\''s/^T .* \(.*\)$/extern int \1();/p'\'' -e '\''s/^[ABCDGIRSTW][ABCDGIRSTW]* .* \(.*\)$/extern char \1;/p'\'''
lt_cv_sys_global_symbol_to_import=
lt_cv_sys_max_cmd_len=1572864
lt_cv_to_host_file_cmd=func_convert_file_noop
lt_cv_to_tool_file_cmd=func_convert_file_noop
lt_cv_truncate_bin='/sbin/dd bs=4096 count=1'

## ----------------- ##
## Output variables. ##
## ----------------- ##

ACLOCAL='${SHELL} '\''/mnt/HDD/Project/Public/okulartry/libpng/missing'\'' aclocal-1.16'
AMDEPBACKSLASH='\'
AMDEP_FALSE='#'
AMDEP_TRUE=''
AMTAR='$${TAR-tar}'
AM_BACKSLASH='\'
AM_DEFAULT_V='$(AM_DEFAULT_VERBOSITY)'
AM_DEFAULT_VERBOSITY='1'
AM_V='$(V)'
AR='arm-kobo-linux-gnueabihf-ar'
AS='as'
AUTOCONF='${SHELL} '\''/mnt/HDD/Project/Public/okulartry/libpng/missing'\'' autoconf'
AUTOHEADER='${SHELL} '\''/mnt/HDD/Project/Public/okulartry/libpng/missing'\'' autoheader'
AUTOMAKE='${SHELL} '\''/mnt/HDD/Project/Public/okulartry/libpng/missing'\'' automake-1.16'
AWK='gawk'
CC='arm-kobo-linux-gnueabihf-gcc'
CCAS='arm-kobo-linux-gnueabihf-gcc'
CCASDEPMODE='depmode=gcc3'
CCASFLAGS='-g -O2'
CCDEPMODE='depmode=gcc3'
CFLAGS='-g -O2'
CPP='arm-kobo-linux-gnueabihf-gcc -E'
CPPFLAGS=''
CSCOPE='cscope'
CTAGS='ctags'
CYGPATH_W='echo'
DEFS='-DHAVE_CONFIG_H'
DEPDIR='.deps'
DFNCPP='arm-kobo-linux-gnueabihf-gcc -E'
DLLTOOL='false'
DO_INSTALL_LIBPNG_CONFIG_FALSE='#'
DO_INSTALL_LIBPNG_CONFIG_TRUE=''
DO_INSTALL_LIBPNG_PC_FALSE='#'
DO_INSTALL_LIBPNG_PC_TRUE=''
DO_INSTALL_LINKS_FALSE='#'
DO_INSTALL_LINKS_TRUE=''
DO_PNG_PREFIX_FALSE=''
DO_PNG_PREFIX_TRUE='#'
DSYMUTIL=''
DUMPBIN=':'
ECHO_C=''
ECHO_N='-n'
ECHO_T=''
EGREP='/sbin/grep -E'
ETAGS='etags'
EXEEXT=''
FGREP='/sbin/grep -F'
FILECMD='file'
GREP='/sbin/grep'
HAVE_CLOCK_GETTIME_FALSE=''
HAVE_CLOCK_GETTIME_TRUE='#'
HAVE_LD_VERSION_SCRIPT_FALSE='#'
HAVE_LD_VERSION_SCRIPT_TRUE=''
HAVE_SOLARIS_LD_FALSE=''
HAVE_SOLARIS_LD_TRUE='#'
INSTALL_DATA='${INSTALL} -m 644'
INSTALL_PROGRAM='${INSTALL}'
INSTALL_SCRIPT='${INSTALL}'
INSTALL_STRIP_PROGRAM='$(install_sh) -c -s'
LD='arm-kobo-linux-gnueabihf-ld'
LDFLAGS=''
LIBOBJS=''
LIBS='-lm -lz -lm '
LIBTOOL='$(SHELL) $(top_builddir)/libtool'
LIPO=''
LN_S='ln -s'
LTLIBOBJS=''
LT_SYS_LIBRARY_PATH=''
MAINT='#'
MAINTAINER_MODE_FALSE=''
MAINTAINER_MODE_TRUE='#'
MAKEINFO='${SHELL} '\''/mnt/HDD/Project/Public/okulartry/libpng/missing'\'' makeinfo'
MANIFEST_TOOL=':'
MKDIR_P='/sbin/mkdir -p'
NM='nm'
NMEDIT=''
OBJDUMP='objdump'
OBJEXT='o'
OTOOL64=''
OTOOL=''
PACKAGE='libpng'
PACKAGE_BUGREPORT='png-mng-implement@lists.sourceforge.net'
PACKAGE_NAME='libpng'
PACKAGE_STRING='libpng 1.6.40.git'
PACKAGE_TARNAME='libpng'
PACKAGE_URL=''
PACKAGE_VERSION='1.6.40.git'
PATH_SEPARATOR=':'
PNGLIB_MAJOR='1'
PNGLIB_MINOR='6'
PNGLIB_RELEASE='40'
PNGLIB_VERSION='1.6.40.git'
PNG_ARM_NEON_FALSE='#'
PNG_ARM_NEON_TRUE=''
PNG_COPTS=''
PNG_INTEL_SSE_FALSE=''
PNG_INTEL_SSE_TRUE='#'
PNG_MIPS_MSA_FALSE='#'
PNG_MIPS_MSA_TRUE=''
PNG_POWERPC_VSX_FALSE='#'
PNG_POWERPC_VSX_TRUE=''
PNG_PREFIX=''
RANLIB='arm-kobo-linux-gnueabihf-ranlib'
SED='/sbin/sed'
SET_MAKE=''
SHELL='/bin/sh'
STRIP='strip'
SYMBOL_PREFIX=''
VERSION='1.6.40.git'
ac_ct_AR=''
ac_ct_CC=''
ac_ct_DUMPBIN='link -dump'
am__EXEEXT_FALSE=''
am__EXEEXT_TRUE='#'
am__fastdepCCAS_FALSE='#'
am__fastdepCCAS_TRUE=''
am__fastdepCC_FALSE='#'
am__fastdepCC_TRUE=''
am__include='include'
am__isrc=''
am__leading_dot='.'
am__nodep='_no'
am__quote=''
am__tar='$${TAR-tar} chof - "$$tardir"'
am__untar='$${TAR-tar} xf -'
binconfigs='${binconfigs}'
bindir='${exec_prefix}/bin'
build='x86_64-pc-linux-gnu'
build_alias=''
build_cpu='x86_64'
build_os='linux-gnu'
build_vendor='pc'
datadir='${datarootdir}'
datarootdir='${prefix}/share'
docdir='${datarootdir}/doc/${PACKAGE_TARNAME}'
dvidir='${docdir}'
exec_prefix='${prefix}'
host='arm-unknown-linux-gnueabihf'
host_alias='arm-linux-gnueabihf'
host_cpu='arm'
host_os='linux-gnueabihf'
host_vendor='unknown'
htmldir='${docdir}'
includedir='${prefix}/include'
infodir='${datarootdir}/info'
install_sh='${SHELL} /mnt/HDD/Project/Public/okulartry/libpng/install-sh'
libdir='${exec_prefix}/lib'
libexecdir='${exec_prefix}/libexec'
localedir='${datarootdir}/locale'
localstatedir='${prefix}/var'
mandir='${datarootdir}/man'
mkdir_p='$(MKDIR_P)'
oldincludedir='/usr/include'
pdfdir='${docdir}'
pkgconfigdir='${libdir}/pkgconfig'
prefix='/home/build/inkbox/compiled-binaries/arm-kobo-linux-gnueabihf/arm-kobo-linux-gnueabihf/sysroot'
program_transform_name='s,x,x,'
psdir='${docdir}'
runstatedir='${localstatedir}/run'
sbindir='${exec_prefix}/sbin'
sharedstatedir='${prefix}/com'
sysconfdir='${prefix}/etc'
target_alias=''

## ----------- ##
## confdefs.h. ##
## ----------- ##

/* confdefs.h */
#define PACKAGE_NAME "libpng"
#define PACKAGE_TARNAME "libpng"
#define PACKAGE_VERSION "1.6.40.git"
#define PACKAGE_STRING "libpng 1.6.40.git"
#define PACKAGE_BUGREPORT "png-mng-implement@lists.sourceforge.net"
#define PACKAGE_URL ""
#define PACKAGE "libpng"
#define VERSION "1.6.40.git"
#define HAVE_STDIO_H 1
#define HAVE_STDLIB_H 1
#define HAVE_STRING_H 1
#define HAVE_INTTYPES_H 1
#define HAVE_STDINT_H 1
#define HAVE_STRINGS_H 1
#define HAVE_SYS_STAT_H 1
#define HAVE_SYS_TYPES_H 1
#define HAVE_UNISTD_H 1
#define STDC_HEADERS 1
#define HAVE_DLFCN_H 1
#define LT_OBJDIR ".libs/"
#define restrict __restrict__
#define HAVE_LIBM 1
#define HAVE_LIBZ 1
#define HAVE_LIBM 1
#define HAVE_FEENABLEEXCEPT 1

configure: exit 0
