# kdesrc-build running: 'make' '-j' '8'
# from directory: /home/szybet/kdesrc/build/frameworks/solid
[  0%] Generating ECMPoQm/az/solid5_qt.qm
[  2%] Generating ECMPoQm/bs/solid5_qt.qm
[  2%] Generating ECMPoQm/ca/solid5_qt.qm
[  2%] Generating ECMPoQm/ar/solid5_qt.qm
[  3%] Generating ECMPoQm/bg/solid5_qt.qm
[  3%] Generating ECMPoQm/cs/solid5_qt.qm
[  3%] Generating ECMPoQm/ca@valencia/solid5_qt.qm
[  4%] Generating ECMPoQm/da/solid5_qt.qm
[  4%] Built target translations_4
[  4%] Built target translations_3
[  4%] Built target translations_5
[  4%] Built target translations_7
[  4%] Built target translations_2
[  4%] Built target translations_1
[  4%] Built target translations_6
[  4%] Built target translations_8
[  5%] Generating ECMPoQm/de/solid5_qt.qm
[  4%] Generating ECMPoQm/el/solid5_qt.qm
[  6%] Generating ECMPoQm/eo/solid5_qt.qm
[  8%] Generating ECMPoQm/et/solid5_qt.qm
[  8%] Generating ECMPoQm/en_GB/solid5_qt.qm
[  8%] Generating ECMPoQm/es/solid5_qt.qm
[  8%] Generating ECMPoQm/eu/solid5_qt.qm
[  9%] Generating ECMPoQm/fi/solid5_qt.qm
[  9%] Built target translations_10
[  9%] Built target translations_12
[  9%] Built target translations_13
[  9%] Built target translations_11
[  9%] Built target translations_14
[  9%] Built target translations_9
[  9%] Built target translations_15
[  9%] Built target translations_16
[  9%] Generating ECMPoQm/fr/solid5_qt.qm
[ 10%] Generating ECMPoQm/ga/solid5_qt.qm
[ 11%] Generating ECMPoQm/gd/solid5_qt.qm
[ 12%] Generating ECMPoQm/gl/solid5_qt.qm
[ 12%] Generating ECMPoQm/he/solid5_qt.qm
[ 12%] Generating ECMPoQm/hu/solid5_qt.qm
[ 13%] Generating ECMPoQm/hr/solid5_qt.qm
[ 14%] Generating ECMPoQm/ia/solid5_qt.qm
[ 14%] Built target translations_19
[ 14%] Built target translations_17
[ 14%] Built target translations_21
[ 14%] Built target translations_18
[ 14%] Built target translations_20
[ 14%] Built target translations_23
[ 15%] Generating ECMPoQm/id/solid5_qt.qm
[ 15%] Built target translations_22
[ 15%] Generating ECMPoQm/is/solid5_qt.qm
[ 16%] Generating ECMPoQm/it/solid5_qt.qm
[ 16%] Built target translations_24
[ 16%] Generating ECMPoQm/ja/solid5_qt.qm
[ 17%] Generating ECMPoQm/ka/solid5_qt.qm
[ 17%] Generating ECMPoQm/kk/solid5_qt.qm
[ 18%] Generating ECMPoQm/km/solid5_qt.qm
[ 18%] Built target translations_28
[ 18%] Generating ECMPoQm/ko/solid5_qt.qm
[ 18%] Built target translations_25
[ 18%] Built target translations_29
[ 18%] Built target translations_26
[ 18%] Built target translations_27
[ 19%] Generating ECMPoQm/lt/solid5_qt.qm
[ 19%] Generating ECMPoQm/lv/solid5_qt.qm
[ 19%] Built target translations_30
[ 20%] Generating ECMPoQm/ml/solid5_qt.qm
[ 20%] Built target translations_32
[ 21%] Generating ECMPoQm/mr/solid5_qt.qm
[ 21%] Built target translations_31
[ 21%] Generating ECMPoQm/ms/solid5_qt.qm
[ 22%] Generating ECMPoQm/nb/solid5_qt.qm
[ 22%] Built target translations_33
[ 22%] Generating ECMPoQm/nds/solid5_qt.qm
[ 22%] Built target translations_34
[ 22%] Generating ECMPoQm/nl/solid5_qt.qm
[ 22%] Built target translations_35
[ 23%] Generating ECMPoQm/nn/solid5_qt.qm
[ 23%] Built target translations_38
[ 23%] Built target translations_37
[ 23%] Built target translations_36
[ 24%] Generating ECMPoQm/pa/solid5_qt.qm
[ 24%] Generating ECMPoQm/pl/solid5_qt.qm
[ 25%] Generating ECMPoQm/pt/solid5_qt.qm
[ 25%] Built target translations_39
[ 25%] Generating ECMPoQm/pt_BR/solid5_qt.qm
[ 25%] Built target translations_40
[ 26%] Generating ECMPoQm/ro/solid5_qt.qm
[ 26%] Built target translations_41
[ 26%] Generating ECMPoQm/ru/solid5_qt.qm
[ 26%] Built target translations_44
[ 26%] Built target translations_42
[ 26%] Built target translations_43
[ 27%] Generating ECMPoQm/se/solid5_qt.qm
[ 28%] Generating ECMPoQm/sk/solid5_qt.qm
[ 28%] Built target translations_45
[ 28%] Built target translations_46
[ 28%] Generating ECMPoQm/sr/solid5_qt.qm
[ 29%] Generating ECMPoQm/sl/solid5_qt.qm
[ 30%] Generating ECMPoQm/sr@ijekavian/solid5_qt.qm
[ 30%] Built target translations_47
[ 30%] Generating ECMPoQm/sr@ijekavianlatin/solid5_qt.qm
[ 30%] Built target translations_48
[ 31%] Generating ECMPoQm/sr@latin/solid5_qt.qm
[ 31%] Built target translations_49
[ 31%] Built target translations_51
[ 32%] Generating ECMPoQm/sv/solid5_qt.qm
[ 32%] Built target translations_52
[ 32%] Generating ECMPoQm/ta/solid5_qt.qm
[ 33%] Built target translations_50
[ 33%] Generating ECMPoQm/tg/solid5_qt.qm
[ 33%] Built target translations_53
[ 33%] Built target translations_54
[ 33%] Generating ECMPoQm/th/solid5_qt.qm
[ 34%] Generating ECMPoQm/tr/solid5_qt.qm
[ 34%] Built target translations_55
[ 36%] Generating ECMPoQm/ug/solid5_qt.qm
[ 36%] Generating ECMPoQm/uk/solid5_qt.qm
[ 36%] Built target translations_56
[ 36%] Generating ECMPoQm/zh_CN/solid5_qt.qm
[ 36%] Built target translations_57
[ 37%] Generating ECMPoQm/zh_TW/solid5_qt.qm
[ 37%] Built target translations_59
[ 38%] [BISON][SolidParser] Building parser with bison 3.8.2
[ 38%] [FLEX][SolidLexer] Building scanner with flex 2.6.4
[ 38%] Built target translations_58
[ 38%] Built target translations_62
[ 38%] Built target translations_61
[ 38%] Built target translations_60
[ 38%] Built target translations_63
[ 39%] Automatic MOC for target KF5Solid
[ 39%] Built target KF5Solid_autogen
[ 40%] Building CXX object src/solid/CMakeFiles/KF5Solid.dir/KF5Solid_autogen/mocs_compilation.cpp.o
[ 40%] Building CXX object src/solid/CMakeFiles/KF5Solid.dir/devices/managerbase.cpp.o
[ 41%] Building CXX object src/solid/CMakeFiles/KF5Solid.dir/devices/frontend/device.cpp.o
[ 41%] Building CXX object src/solid/CMakeFiles/KF5Solid.dir/devices/solidnamespace.cpp.o
[ 41%] Building CXX object src/solid/CMakeFiles/KF5Solid.dir/devices/frontend/devicemanager.cpp.o
[ 42%] Building CXX object src/solid/CMakeFiles/KF5Solid.dir/devices/frontend/deviceinterface.cpp.o
[ 43%] Building CXX object src/solid/CMakeFiles/KF5Solid.dir/devices/predicateparse.cpp.o
[ 43%] Building CXX object src/solid/CMakeFiles/KF5Solid.dir/devices/frontend/genericinterface.cpp.o
[ 44%] Building CXX object src/solid/CMakeFiles/KF5Solid.dir/devices/frontend/processor.cpp.o
[ 44%] Building CXX object src/solid/CMakeFiles/KF5Solid.dir/devices/frontend/block.cpp.o
[ 45%] Building CXX object src/solid/CMakeFiles/KF5Solid.dir/devices/frontend/storagedrive.cpp.o
[ 46%] Building CXX object src/solid/CMakeFiles/KF5Solid.dir/devices/frontend/opticaldrive.cpp.o
[ 46%] Building CXX object src/solid/CMakeFiles/KF5Solid.dir/devices/frontend/storagevolume.cpp.o
[ 47%] Building CXX object src/solid/CMakeFiles/KF5Solid.dir/devices/frontend/opticaldisc.cpp.o
[ 47%] Building CXX object src/solid/CMakeFiles/KF5Solid.dir/devices/frontend/storageaccess.cpp.o
[ 48%] Building CXX object src/solid/CMakeFiles/KF5Solid.dir/devices/frontend/camera.cpp.o
[ 48%] Building CXX object src/solid/CMakeFiles/KF5Solid.dir/devices/frontend/portablemediaplayer.cpp.o
[ 49%] Building CXX object src/solid/CMakeFiles/KF5Solid.dir/devices/frontend/networkshare.cpp.o
[ 50%] Building CXX object src/solid/CMakeFiles/KF5Solid.dir/devices/frontend/battery.cpp.o
[ 50%] Building CXX object src/solid/CMakeFiles/KF5Solid.dir/devices/frontend/predicate.cpp.o
[ 51%] Building CXX object src/solid/CMakeFiles/KF5Solid.dir/devices/ifaces/battery.cpp.o
[ 51%] Building CXX object src/solid/CMakeFiles/KF5Solid.dir/devices/ifaces/block.cpp.o
[ 52%] Building CXX object src/solid/CMakeFiles/KF5Solid.dir/devices/ifaces/camera.cpp.o
[ 52%] Building CXX object src/solid/CMakeFiles/KF5Solid.dir/devices/ifaces/opticaldrive.cpp.o
[ 53%] Building CXX object src/solid/CMakeFiles/KF5Solid.dir/devices/ifaces/device.cpp.o
[ 54%] Building CXX object src/solid/CMakeFiles/KF5Solid.dir/devices/ifaces/deviceinterface.cpp.o
[ 54%] Building CXX object src/solid/CMakeFiles/KF5Solid.dir/devices/ifaces/devicemanager.cpp.o
[ 55%] Building CXX object src/solid/CMakeFiles/KF5Solid.dir/devices/ifaces/genericinterface.cpp.o
[ 55%] Building CXX object src/solid/CMakeFiles/KF5Solid.dir/devices/ifaces/networkshare.cpp.o
[ 56%] Building CXX object src/solid/CMakeFiles/KF5Solid.dir/devices/ifaces/opticaldisc.cpp.o
[ 56%] Building CXX object src/solid/CMakeFiles/KF5Solid.dir/devices/ifaces/portablemediaplayer.cpp.o
[ 57%] Building CXX object src/solid/CMakeFiles/KF5Solid.dir/devices/ifaces/processor.cpp.o
[ 58%] Building CXX object src/solid/CMakeFiles/KF5Solid.dir/devices/ifaces/storagedrive.cpp.o
[ 58%] Building CXX object src/solid/CMakeFiles/KF5Solid.dir/devices/ifaces/storagevolume.cpp.o
[ 59%] Building CXX object src/solid/CMakeFiles/KF5Solid.dir/devices/ifaces/storageaccess.cpp.o
[ 59%] Building CXX object src/solid/CMakeFiles/KF5Solid.dir/devices/backends/shared/rootdevice.cpp.o
[ 60%] Building CXX object src/solid/CMakeFiles/KF5Solid.dir/devices/backends/shared/cpufeatures.cpp.o
[ 60%] Building CXX object src/solid/CMakeFiles/KF5Solid.dir/devices_debug.cpp.o
[ 61%] Building C object src/solid/CMakeFiles/KF5Solid.dir/predicate_parser.c.o
[01m[K/home/szybet/kdesrc/frameworks/solid/src/solid/devices/predicate_parser.y:[m[K In function '[01m[KSoliderror[m[K':
[01m[K/home/szybet/kdesrc/frameworks/solid/src/solid/devices/predicate_parser.y:93:28:[m[K [01;35m[Kwarning: [m[Kunused parameter '[01m[Kscanner[m[K' [[01;35m[K-Wunused-parameter[m[K]
   93 | void Soliderror ( [01;35m[Kyyscan_t scanner[m[K, const char *s )  /* Called by Solidparse on error */
      |                   [01;35m[K~~~~~~~~~^~~~~~~[m[K
[ 62%] Building C object src/solid/CMakeFiles/KF5Solid.dir/predicate_lexer.c.o
[ 62%] Building CXX object src/solid/CMakeFiles/KF5Solid.dir/devices/backends/fakehw/fakebattery.cpp.o
[ 63%] Building CXX object src/solid/CMakeFiles/KF5Solid.dir/devices/backends/fakehw/fakeblock.cpp.o
[ 63%] Building CXX object src/solid/CMakeFiles/KF5Solid.dir/devices/backends/fakehw/fakecamera.cpp.o
[ 64%] Building CXX object src/solid/CMakeFiles/KF5Solid.dir/devices/backends/fakehw/fakecdrom.cpp.o
[ 65%] Building CXX object src/solid/CMakeFiles/KF5Solid.dir/devices/backends/fakehw/fakedevice.cpp.o
[ 65%] Building CXX object src/solid/CMakeFiles/KF5Solid.dir/devices/backends/fakehw/fakedeviceinterface.cpp.o
[ 66%] Building CXX object src/solid/CMakeFiles/KF5Solid.dir/devices/backends/fakehw/fakegenericinterface.cpp.o
[ 66%] Building CXX object src/solid/CMakeFiles/KF5Solid.dir/devices/backends/fakehw/fakemanager.cpp.o
[ 67%] Building CXX object src/solid/CMakeFiles/KF5Solid.dir/devices/backends/fakehw/fakenetworkshare.cpp.o
[ 67%] Building CXX object src/solid/CMakeFiles/KF5Solid.dir/devices/backends/fakehw/fakeopticaldisc.cpp.o
[ 68%] Building CXX object src/solid/CMakeFiles/KF5Solid.dir/devices/backends/fakehw/fakeportablemediaplayer.cpp.o
[ 69%] Building CXX object src/solid/CMakeFiles/KF5Solid.dir/devices/backends/fakehw/fakeprocessor.cpp.o
[ 69%] Building CXX object src/solid/CMakeFiles/KF5Solid.dir/devices/backends/fakehw/fakestorage.cpp.o
[ 70%] Building CXX object src/solid/CMakeFiles/KF5Solid.dir/devices/backends/fakehw/fakestorageaccess.cpp.o
[ 70%] Building CXX object src/solid/CMakeFiles/KF5Solid.dir/devices/backends/fakehw/fakevolume.cpp.o
[ 71%] Building CXX object src/solid/CMakeFiles/KF5Solid.dir/devices/backends/udev/udevdevice.cpp.o
[ 71%] Building CXX object src/solid/CMakeFiles/KF5Solid.dir/devices/backends/udev/udevmanager.cpp.o
[ 72%] Building CXX object src/solid/CMakeFiles/KF5Solid.dir/devices/backends/udev/udevdeviceinterface.cpp.o
[ 73%] Building CXX object src/solid/CMakeFiles/KF5Solid.dir/devices/backends/udev/udevgenericinterface.cpp.o
[ 73%] Building CXX object src/solid/CMakeFiles/KF5Solid.dir/devices/backends/udev/cpuinfo.cpp.o
[ 74%] Building CXX object src/solid/CMakeFiles/KF5Solid.dir/devices/backends/udev/cpuinfo_arm.cpp.o
[ 74%] Building CXX object src/solid/CMakeFiles/KF5Solid.dir/devices/backends/udev/udevprocessor.cpp.o
[ 75%] Building CXX object src/solid/CMakeFiles/KF5Solid.dir/devices/backends/udev/udevcamera.cpp.o
[ 75%] Building CXX object src/solid/CMakeFiles/KF5Solid.dir/devices/backends/udev/udevportablemediaplayer.cpp.o
[ 76%] Building CXX object src/solid/CMakeFiles/KF5Solid.dir/devices/backends/udev/udevblock.cpp.o
[ 77%] Building CXX object src/solid/CMakeFiles/KF5Solid.dir/devices/backends/shared/udevqtclient.cpp.o
[ 77%] Building CXX object src/solid/CMakeFiles/KF5Solid.dir/devices/backends/shared/udevqtdevice.cpp.o
[ 78%] Building CXX object src/solid/CMakeFiles/KF5Solid.dir/devices/backends/udisks2/udisksmanager.cpp.o
[ 78%] Building CXX object src/solid/CMakeFiles/KF5Solid.dir/devices/backends/udisks2/udisksdevice.cpp.o
[ 79%] Building CXX object src/solid/CMakeFiles/KF5Solid.dir/devices/backends/udisks2/udisksdevicebackend.cpp.o
[ 79%] Building CXX object src/solid/CMakeFiles/KF5Solid.dir/devices/backends/udisks2/udisksblock.cpp.o
[ 80%] Building CXX object src/solid/CMakeFiles/KF5Solid.dir/devices/backends/udisks2/udisksstoragevolume.cpp.o
[ 81%] Building CXX object src/solid/CMakeFiles/KF5Solid.dir/devices/backends/udisks2/udisksdeviceinterface.cpp.o
[ 81%] Building CXX object src/solid/CMakeFiles/KF5Solid.dir/devices/backends/udisks2/udisksopticaldisc.cpp.o
[ 82%] Building CXX object src/solid/CMakeFiles/KF5Solid.dir/devices/backends/udisks2/udisksopticaldrive.cpp.o
In file included from [01m[K/home/build/inkbox/compiled-binaries/arm-kobo-linux-gnueabihf/arm-kobo-linux-gnueabihf/sysroot/include/QtDBus/qtdbusglobal.h:44[m[K,
                 from [01m[K/home/build/inkbox/compiled-binaries/arm-kobo-linux-gnueabihf/arm-kobo-linux-gnueabihf/sysroot/include/QtDBus/qdbusconnection.h:44[m[K,
                 from [01m[K/home/build/inkbox/compiled-binaries/arm-kobo-linux-gnueabihf/arm-kobo-linux-gnueabihf/sysroot/include/QtDBus/QDBusConnection:1[m[K,
                 from [01m[K/home/szybet/kdesrc/frameworks/solid/src/solid/devices/backends/udisks2/dbus/manager.h:14[m[K,
                 from [01m[K/home/szybet/kdesrc/frameworks/solid/src/solid/devices/backends/udisks2/udisksmanager.h:11[m[K,
                 from [01m[K/home/szybet/kdesrc/frameworks/solid/src/solid/devices/backends/udisks2/udisksmanager.cpp:7[m[K:
[01m[K/home/build/inkbox/compiled-binaries/arm-kobo-linux-gnueabihf/arm-kobo-linux-gnueabihf/sysroot/include/QtCore/qmetatype.h:[m[K In static member function '[01m[Kstatic int QtMetaTypePrivate::QAssociativeIterableImpl::sizeImpl(const void*) [with T = QMap<QString, QVariant>][m[K':
[01m[K/home/build/inkbox/compiled-binaries/arm-kobo-linux-gnueabihf/arm-kobo-linux-gnueabihf/sysroot/include/QtCore/qmetatype.h:1310:31:[m[K [01;36m[Knote: [m[Kparameter passing for argument of type '[01m[KQMap<QString, QVariant>::const_iterator[m[K' changed in GCC 7.1
 1310 |     { return int([01;36m[Kstd::distance(static_cast<const T*>(p)->begin(),[m[K
      |                  [01;36m[K~~~~~~~~~~~~~^~~~~~~~~~~~~~~~~~~~~~~~~~~~~~~~~~~[m[K
 1311 | [01;36m[K                               static_cast<const T*>(p)->end())[m[K); }
      |                                [01;36m[K~~~~~~~~~~~~~~~~~~~~~~~~~~~~~~~~[m[K
[01m[K/home/build/inkbox/compiled-binaries/arm-kobo-linux-gnueabihf/arm-kobo-linux-gnueabihf/sysroot/include/QtCore/qmetatype.h:[m[K In static member function '[01m[Kstatic void QtMetaTypePrivate::QAssociativeIterableImpl::findImpl(const void*, const void*, void**) [with T = QMap<QString, QVariant>][m[K':
[01m[K/home/build/inkbox/compiled-binaries/arm-kobo-linux-gnueabihf/arm-kobo-linux-gnueabihf/sysroot/include/QtCore/qmetatype.h:1315:56:[m[K [01;36m[Knote: [m[Kparameter passing for argument of type '[01m[KQMap<QString, QVariant>::const_iterator[m[K' changed in GCC 7.1
 1315 |     { [01;36m[KIteratorOwner<typename T::const_iterator>::assign(iterator,[m[K
      |       [01;36m[K~~~~~~~~~~~~~~~~~~~~~~~~~~~~~~~~~~~~~~~~~~~~~~~~~^~~~~~~~~~[m[K
 1316 | [01;36m[K                                                        static_cast<const T*>(container)->find(*static_cast<const typename T::key_type*>(p)))[m[K; }
      |                                                         [01;36m[K~~~~~~~~~~~~~~~~~~~~~~~~~~~~~~~~~~~~~~~~~~~~~~~~~~~~~~~~~~~~~~~~~~~~~~~~~~~~~~~~~~~~~[m[K
[01m[K/home/build/inkbox/compiled-binaries/arm-kobo-linux-gnueabihf/arm-kobo-linux-gnueabihf/sysroot/include/QtCore/qmetatype.h:[m[K In static member function '[01m[Kstatic void QtMetaTypePrivate::QAssociativeIterableImpl::beginImpl(const void*, void**) [with T = QMap<QString, QVariant>][m[K':
[01m[K/home/build/inkbox/compiled-binaries/arm-kobo-linux-gnueabihf/arm-kobo-linux-gnueabihf/sysroot/include/QtCore/qmetatype.h:1327:56:[m[K [01;36m[Knote: [m[Kparameter passing for argument of type '[01m[KQMap<QString, QVariant>::const_iterator[m[K' changed in GCC 7.1
 1327 |     { [01;36m[KIteratorOwner<typename T::const_iterator>::assign(iterator, static_cast<const T*>(container)->begin())[m[K; }
      |       [01;36m[K~~~~~~~~~~~~~~~~~~~~~~~~~~~~~~~~~~~~~~~~~~~~~~~~~^~~~~~~~~~~~~~~~~~~~~~~~~~~~~~~~~~~~~~~~~~~~~~~~~~~~~[m[K
[01m[K/home/build/inkbox/compiled-binaries/arm-kobo-linux-gnueabihf/arm-kobo-linux-gnueabihf/sysroot/include/QtCore/qmetatype.h:[m[K In static member function '[01m[Kstatic void QtMetaTypePrivate::QAssociativeIterableImpl::endImpl(const void*, void**) [with T = QMap<QString, QVariant>][m[K':
[01m[K/home/build/inkbox/compiled-binaries/arm-kobo-linux-gnueabihf/arm-kobo-linux-gnueabihf/sysroot/include/QtCore/qmetatype.h:1331:56:[m[K [01;36m[Knote: [m[Kparameter passing for argument of type '[01m[KQMap<QString, QVariant>::const_iterator[m[K' changed in GCC 7.1
 1331 |     { [01;36m[KIteratorOwner<typename T::const_iterator>::assign(iterator, static_cast<const T*>(container)->end())[m[K; }
      |       [01;36m[K~~~~~~~~~~~~~~~~~~~~~~~~~~~~~~~~~~~~~~~~~~~~~~~~~^~~~~~~~~~~~~~~~~~~~~~~~~~~~~~~~~~~~~~~~~~~~~~~~~~~[m[K
[01m[K/home/build/inkbox/compiled-binaries/arm-kobo-linux-gnueabihf/arm-kobo-linux-gnueabihf/sysroot/include/QtCore/qmetatype.h:[m[K In static member function '[01m[Kstatic int QtMetaTypePrivate::QAssociativeIterableImpl::sizeImpl(const void*) [with T = QHash<QString, QVariant>][m[K':
[01m[K/home/build/inkbox/compiled-binaries/arm-kobo-linux-gnueabihf/arm-kobo-linux-gnueabihf/sysroot/include/QtCore/qmetatype.h:1310:31:[m[K [01;36m[Knote: [m[Kparameter passing for argument of type '[01m[KQHash<QString, QVariant>::const_iterator[m[K' changed in GCC 7.1
 1310 |     { return int([01;36m[Kstd::distance(static_cast<const T*>(p)->begin(),[m[K
      |                  [01;36m[K~~~~~~~~~~~~~^~~~~~~~~~~~~~~~~~~~~~~~~~~~~~~~~~~[m[K
 1311 | [01;36m[K                               static_cast<const T*>(p)->end())[m[K); }
      |                                [01;36m[K~~~~~~~~~~~~~~~~~~~~~~~~~~~~~~~~[m[K
[01m[K/home/build/inkbox/compiled-binaries/arm-kobo-linux-gnueabihf/arm-kobo-linux-gnueabihf/sysroot/include/QtCore/qmetatype.h:[m[K In static member function '[01m[Kstatic void QtMetaTypePrivate::QAssociativeIterableImpl::findImpl(const void*, const void*, void**) [with T = QHash<QString, QVariant>][m[K':
[01m[K/home/build/inkbox/compiled-binaries/arm-kobo-linux-gnueabihf/arm-kobo-linux-gnueabihf/sysroot/include/QtCore/qmetatype.h:1315:56:[m[K [01;36m[Knote: [m[Kparameter passing for argument of type '[01m[KQHash<QString, QVariant>::const_iterator[m[K' changed in GCC 7.1
 1315 |     { [01;36m[KIteratorOwner<typename T::const_iterator>::assign(iterator,[m[K
      |       [01;36m[K~~~~~~~~~~~~~~~~~~~~~~~~~~~~~~~~~~~~~~~~~~~~~~~~~^~~~~~~~~~[m[K
 1316 | [01;36m[K                                                        static_cast<const T*>(container)->find(*static_cast<const typename T::key_type*>(p)))[m[K; }
      |                                                         [01;36m[K~~~~~~~~~~~~~~~~~~~~~~~~~~~~~~~~~~~~~~~~~~~~~~~~~~~~~~~~~~~~~~~~~~~~~~~~~~~~~~~~~~~~~[m[K
[01m[K/home/build/inkbox/compiled-binaries/arm-kobo-linux-gnueabihf/arm-kobo-linux-gnueabihf/sysroot/include/QtCore/qmetatype.h:[m[K In static member function '[01m[Kstatic void QtMetaTypePrivate::QAssociativeIterableImpl::beginImpl(const void*, void**) [with T = QHash<QString, QVariant>][m[K':
[01m[K/home/build/inkbox/compiled-binaries/arm-kobo-linux-gnueabihf/arm-kobo-linux-gnueabihf/sysroot/include/QtCore/qmetatype.h:1327:56:[m[K [01;36m[Knote: [m[Kparameter passing for argument of type '[01m[KQHash<QString, QVariant>::const_iterator[m[K' changed in GCC 7.1
 1327 |     { [01;36m[KIteratorOwner<typename T::const_iterator>::assign(iterator, static_cast<const T*>(container)->begin())[m[K; }
      |       [01;36m[K~~~~~~~~~~~~~~~~~~~~~~~~~~~~~~~~~~~~~~~~~~~~~~~~~^~~~~~~~~~~~~~~~~~~~~~~~~~~~~~~~~~~~~~~~~~~~~~~~~~~~~[m[K
[01m[K/home/build/inkbox/compiled-binaries/arm-kobo-linux-gnueabihf/arm-kobo-linux-gnueabihf/sysroot/include/QtCore/qmetatype.h:[m[K In static member function '[01m[Kstatic void QtMetaTypePrivate::QAssociativeIterableImpl::endImpl(const void*, void**) [with T = QHash<QString, QVariant>][m[K':
[01m[K/home/build/inkbox/compiled-binaries/arm-kobo-linux-gnueabihf/arm-kobo-linux-gnueabihf/sysroot/include/QtCore/qmetatype.h:1331:56:[m[K [01;36m[Knote: [m[Kparameter passing for argument of type '[01m[KQHash<QString, QVariant>::const_iterator[m[K' changed in GCC 7.1
 1331 |     { [01;36m[KIteratorOwner<typename T::const_iterator>::assign(iterator, static_cast<const T*>(container)->end())[m[K; }
      |       [01;36m[K~~~~~~~~~~~~~~~~~~~~~~~~~~~~~~~~~~~~~~~~~~~~~~~~~^~~~~~~~~~~~~~~~~~~~~~~~~~~~~~~~~~~~~~~~~~~~~~~~~~~[m[K
In file included from [01m[K/home/build/inkbox/compiled-binaries/arm-kobo-linux-gnueabihf/arm-kobo-linux-gnueabihf/sysroot/include/QtDBus/qtdbusglobal.h:44[m[K,
                 from [01m[K/home/build/inkbox/compiled-binaries/arm-kobo-linux-gnueabihf/arm-kobo-linux-gnueabihf/sysroot/include/QtDBus/qdbusextratypes.h:45[m[K,
                 from [01m[K/home/build/inkbox/compiled-binaries/arm-kobo-linux-gnueabihf/arm-kobo-linux-gnueabihf/sysroot/include/QtDBus/QDBusObjectPath:1[m[K,
                 from [01m[K/home/szybet/kdesrc/frameworks/solid/src/solid/devices/backends/udisks2/udisksdevicebackend.h:12[m[K,
                 from [01m[K/home/szybet/kdesrc/frameworks/solid/src/solid/devices/backends/udisks2/udisksdevicebackend.cpp:9[m[K:
[01m[K/home/build/inkbox/compiled-binaries/arm-kobo-linux-gnueabihf/arm-kobo-linux-gnueabihf/sysroot/include/QtCore/qmetatype.h:[m[K In static member function '[01m[Kstatic int QtMetaTypePrivate::QAssociativeIterableImpl::sizeImpl(const void*) [with T = QMap<QString, QVariant>][m[K':
[01m[K/home/build/inkbox/compiled-binaries/arm-kobo-linux-gnueabihf/arm-kobo-linux-gnueabihf/sysroot/include/QtCore/qmetatype.h:1310:31:[m[K [01;36m[Knote: [m[Kparameter passing for argument of type '[01m[KQMap<QString, QVariant>::const_iterator[m[K' changed in GCC 7.1
 1310 |     { return int([01;36m[Kstd::distance(static_cast<const T*>(p)->begin(),[m[K
      |                  [01;36m[K~~~~~~~~~~~~~^~~~~~~~~~~~~~~~~~~~~~~~~~~~~~~~~~~[m[K
 1311 | [01;36m[K                               static_cast<const T*>(p)->end())[m[K); }
      |                                [01;36m[K~~~~~~~~~~~~~~~~~~~~~~~~~~~~~~~~[m[K
[01m[K/home/build/inkbox/compiled-binaries/arm-kobo-linux-gnueabihf/arm-kobo-linux-gnueabihf/sysroot/include/QtCore/qmetatype.h:[m[K In static member function '[01m[Kstatic void QtMetaTypePrivate::QAssociativeIterableImpl::findImpl(const void*, const void*, void**) [with T = QMap<QString, QVariant>][m[K':
[01m[K/home/build/inkbox/compiled-binaries/arm-kobo-linux-gnueabihf/arm-kobo-linux-gnueabihf/sysroot/include/QtCore/qmetatype.h:1315:56:[m[K [01;36m[Knote: [m[Kparameter passing for argument of type '[01m[KQMap<QString, QVariant>::const_iterator[m[K' changed in GCC 7.1
 1315 |     { [01;36m[KIteratorOwner<typename T::const_iterator>::assign(iterator,[m[K
      |       [01;36m[K~~~~~~~~~~~~~~~~~~~~~~~~~~~~~~~~~~~~~~~~~~~~~~~~~^~~~~~~~~~[m[K
 1316 | [01;36m[K                                                        static_cast<const T*>(container)->find(*static_cast<const typename T::key_type*>(p)))[m[K; }
      |                                                         [01;36m[K~~~~~~~~~~~~~~~~~~~~~~~~~~~~~~~~~~~~~~~~~~~~~~~~~~~~~~~~~~~~~~~~~~~~~~~~~~~~~~~~~~~~~[m[K
[01m[K/home/build/inkbox/compiled-binaries/arm-kobo-linux-gnueabihf/arm-kobo-linux-gnueabihf/sysroot/include/QtCore/qmetatype.h:[m[K In static member function '[01m[Kstatic void QtMetaTypePrivate::QAssociativeIterableImpl::beginImpl(const void*, void**) [with T = QMap<QString, QVariant>][m[K':
[01m[K/home/build/inkbox/compiled-binaries/arm-kobo-linux-gnueabihf/arm-kobo-linux-gnueabihf/sysroot/include/QtCore/qmetatype.h:1327:56:[m[K [01;36m[Knote: [m[Kparameter passing for argument of type '[01m[KQMap<QString, QVariant>::const_iterator[m[K' changed in GCC 7.1
 1327 |     { [01;36m[KIteratorOwner<typename T::const_iterator>::assign(iterator, static_cast<const T*>(container)->begin())[m[K; }
      |       [01;36m[K~~~~~~~~~~~~~~~~~~~~~~~~~~~~~~~~~~~~~~~~~~~~~~~~~^~~~~~~~~~~~~~~~~~~~~~~~~~~~~~~~~~~~~~~~~~~~~~~~~~~~~[m[K
[01m[K/home/build/inkbox/compiled-binaries/arm-kobo-linux-gnueabihf/arm-kobo-linux-gnueabihf/sysroot/include/QtCore/qmetatype.h:[m[K In static member function '[01m[Kstatic void QtMetaTypePrivate::QAssociativeIterableImpl::endImpl(const void*, void**) [with T = QMap<QString, QVariant>][m[K':
[01m[K/home/build/inkbox/compiled-binaries/arm-kobo-linux-gnueabihf/arm-kobo-linux-gnueabihf/sysroot/include/QtCore/qmetatype.h:1331:56:[m[K [01;36m[Knote: [m[Kparameter passing for argument of type '[01m[KQMap<QString, QVariant>::const_iterator[m[K' changed in GCC 7.1
 1331 |     { [01;36m[KIteratorOwner<typename T::const_iterator>::assign(iterator, static_cast<const T*>(container)->end())[m[K; }
      |       [01;36m[K~~~~~~~~~~~~~~~~~~~~~~~~~~~~~~~~~~~~~~~~~~~~~~~~~^~~~~~~~~~~~~~~~~~~~~~~~~~~~~~~~~~~~~~~~~~~~~~~~~~~[m[K
[01m[K/home/build/inkbox/compiled-binaries/arm-kobo-linux-gnueabihf/arm-kobo-linux-gnueabihf/sysroot/include/QtCore/qmetatype.h:[m[K In static member function '[01m[Kstatic int QtMetaTypePrivate::QAssociativeIterableImpl::sizeImpl(const void*) [with T = QHash<QString, QVariant>][m[K':
[01m[K/home/build/inkbox/compiled-binaries/arm-kobo-linux-gnueabihf/arm-kobo-linux-gnueabihf/sysroot/include/QtCore/qmetatype.h:1310:31:[m[K [01;36m[Knote: [m[Kparameter passing for argument of type '[01m[KQHash<QString, QVariant>::const_iterator[m[K' changed in GCC 7.1
 1310 |     { return int([01;36m[Kstd::distance(static_cast<const T*>(p)->begin(),[m[K
      |                  [01;36m[K~~~~~~~~~~~~~^~~~~~~~~~~~~~~~~~~~~~~~~~~~~~~~~~~[m[K
 1311 | [01;36m[K                               static_cast<const T*>(p)->end())[m[K); }
      |                                [01;36m[K~~~~~~~~~~~~~~~~~~~~~~~~~~~~~~~~[m[K
In file included from [01m[K/mnt/HDD/Project/inkbox-build/inkbox/compiled-binaries/arm-kobo-linux-gnueabihf/arm-kobo-linux-gnueabihf/include/c++/11.2.0/bits/stl_algobase.h:66[m[K,
                 from [01m[K/mnt/HDD/Project/inkbox-build/inkbox/compiled-binaries/arm-kobo-linux-gnueabihf/arm-kobo-linux-gnueabihf/include/c++/11.2.0/algorithm:61[m[K,
                 from [01m[K/home/build/inkbox/compiled-binaries/arm-kobo-linux-gnueabihf/arm-kobo-linux-gnueabihf/sysroot/include/QtCore/qglobal.h:142[m[K,
                 from [01m[K/home/build/inkbox/compiled-binaries/arm-kobo-linux-gnueabihf/arm-kobo-linux-gnueabihf/sysroot/include/QtDBus/qtdbusglobal.h:43[m[K,
                 from [01m[K/home/build/inkbox/compiled-binaries/arm-kobo-linux-gnueabihf/arm-kobo-linux-gnueabihf/sysroot/include/QtDBus/qdbusconnection.h:44[m[K,
                 from [01m[K/home/build/inkbox/compiled-binaries/arm-kobo-linux-gnueabihf/arm-kobo-linux-gnueabihf/sysroot/include/QtDBus/QDBusConnection:1[m[K,
                 from [01m[K/home/szybet/kdesrc/frameworks/solid/src/solid/devices/backends/udisks2/dbus/manager.h:14[m[K,
                 from [01m[K/home/szybet/kdesrc/frameworks/solid/src/solid/devices/backends/udisks2/udisksmanager.h:11[m[K,
                 from [01m[K/home/szybet/kdesrc/frameworks/solid/src/solid/devices/backends/udisks2/udisksmanager.cpp:7[m[K:
[01m[K/mnt/HDD/Project/inkbox-build/inkbox/compiled-binaries/arm-kobo-linux-gnueabihf/arm-kobo-linux-gnueabihf/include/c++/11.2.0/bits/stl_iterator_base_funcs.h:[m[K In function '[01m[Kconstexpr typename std::iterator_traits< <template-parameter-1-1> >::difference_type std::distance(_InputIterator, _InputIterator) [with _InputIterator = QMap<QString, QVariant>::const_iterator][m[K':
[01m[K/mnt/HDD/Project/inkbox-build/inkbox/compiled-binaries/arm-kobo-linux-gnueabihf/arm-kobo-linux-gnueabihf/include/c++/11.2.0/bits/stl_iterator_base_funcs.h:138:5:[m[K [01;36m[Knote: [m[Kparameter passing for argument of type '[01m[KQMap<QString, QVariant>::const_iterator[m[K' changed in GCC 7.1
  138 |     [01;36m[Kdistance[m[K(_InputIterator __first, _InputIterator __last)
      |     [01;36m[K^~~~~~~~[m[K
[01m[K/mnt/HDD/Project/inkbox-build/inkbox/compiled-binaries/arm-kobo-linux-gnueabihf/arm-kobo-linux-gnueabihf/include/c++/11.2.0/bits/stl_iterator_base_funcs.h:138:5:[m[K [01;36m[Knote: [m[Kparameter passing for argument of type '[01m[KQMap<QString, QVariant>::const_iterator[m[K' changed in GCC 7.1
[01m[K/mnt/HDD/Project/inkbox-build/inkbox/compiled-binaries/arm-kobo-linux-gnueabihf/arm-kobo-linux-gnueabihf/include/c++/11.2.0/bits/stl_iterator_base_funcs.h:141:29:[m[K [01;36m[Knote: [m[Kparameter passing for argument of type '[01m[KQMap<QString, QVariant>::const_iterator[m[K' changed in GCC 7.1
  141 |       return [01;36m[Kstd::__distance(__first, __last,[m[K
      |              [01;36m[K~~~~~~~~~~~~~~~^~~~~~~~~~~~~~~~~[m[K
  142 | [01;36m[K                             std::__iterator_category(__first))[m[K;
      |                              [01;36m[K~~~~~~~~~~~~~~~~~~~~~~~~~~~~~~~~~~[m[K
In file included from [01m[K/home/build/inkbox/compiled-binaries/arm-kobo-linux-gnueabihf/arm-kobo-linux-gnueabihf/sysroot/include/QtDBus/qtdbusglobal.h:44[m[K,
                 from [01m[K/home/build/inkbox/compiled-binaries/arm-kobo-linux-gnueabihf/arm-kobo-linux-gnueabihf/sysroot/include/QtDBus/qdbusconnection.h:44[m[K,
                 from [01m[K/home/build/inkbox/compiled-binaries/arm-kobo-linux-gnueabihf/arm-kobo-linux-gnueabihf/sysroot/include/QtDBus/QDBusConnection:1[m[K,
                 from [01m[K/home/szybet/kdesrc/frameworks/solid/src/solid/devices/backends/udisks2/dbus/manager.h:14[m[K,
                 from [01m[K/home/szybet/kdesrc/frameworks/solid/src/solid/devices/backends/udisks2/udisksmanager.h:11[m[K,
                 from [01m[K/home/szybet/kdesrc/frameworks/solid/src/solid/devices/backends/udisks2/udisksmanager.cpp:7[m[K:
[01m[K/home/build/inkbox/compiled-binaries/arm-kobo-linux-gnueabihf/arm-kobo-linux-gnueabihf/sysroot/include/QtCore/qmetatype.h:[m[K In static member function '[01m[Kstatic void QtMetaTypePrivate::IteratorOwnerCommon<const_iterator>::assign(void**, const_iterator) [with const_iterator = QMap<QString, QVariant>::const_iterator][m[K':
[01m[K/home/build/inkbox/compiled-binaries/arm-kobo-linux-gnueabihf/arm-kobo-linux-gnueabihf/sysroot/include/QtCore/qmetatype.h:878:17:[m[K [01;36m[Knote: [m[Kparameter passing for argument of type '[01m[KQMap<QString, QVariant>::const_iterator[m[K' changed in GCC 7.1
  878 |     static void [01;36m[Kassign[m[K(void **ptr, const_iterator iterator)
      |                 [01;36m[K^~~~~~[m[K
[01m[K/home/build/inkbox/compiled-binaries/arm-kobo-linux-gnueabihf/arm-kobo-linux-gnueabihf/sysroot/include/QtCore/qmetatype.h:[m[K In static member function '[01m[Kstatic void QtMetaTypePrivate::QAssociativeIterableImpl::findImpl(const void*, const void*, void**) [with T = QHash<QString, QVariant>][m[K':
[01m[K/home/build/inkbox/compiled-binaries/arm-kobo-linux-gnueabihf/arm-kobo-linux-gnueabihf/sysroot/include/QtCore/qmetatype.h:1315:56:[m[K [01;36m[Knote: [m[Kparameter passing for argument of type '[01m[KQHash<QString, QVariant>::const_iterator[m[K' changed in GCC 7.1
 1315 |     { [01;36m[KIteratorOwner<typename T::const_iterator>::assign(iterator,[m[K
      |       [01;36m[K~~~~~~~~~~~~~~~~~~~~~~~~~~~~~~~~~~~~~~~~~~~~~~~~~^~~~~~~~~~[m[K
 1316 | [01;36m[K                                                        static_cast<const T*>(container)->find(*static_cast<const typename T::key_type*>(p)))[m[K; }
      |                                                         [01;36m[K~~~~~~~~~~~~~~~~~~~~~~~~~~~~~~~~~~~~~~~~~~~~~~~~~~~~~~~~~~~~~~~~~~~~~~~~~~~~~~~~~~~~~[m[K
[01m[K/home/build/inkbox/compiled-binaries/arm-kobo-linux-gnueabihf/arm-kobo-linux-gnueabihf/sysroot/include/QtCore/qmetatype.h:[m[K In static member function '[01m[Kstatic void QtMetaTypePrivate::QAssociativeIterableImpl::beginImpl(const void*, void**) [with T = QHash<QString, QVariant>][m[K':
[01m[K/home/build/inkbox/compiled-binaries/arm-kobo-linux-gnueabihf/arm-kobo-linux-gnueabihf/sysroot/include/QtCore/qmetatype.h:1327:56:[m[K [01;36m[Knote: [m[Kparameter passing for argument of type '[01m[KQHash<QString, QVariant>::const_iterator[m[K' changed in GCC 7.1
 1327 |     { [01;36m[KIteratorOwner<typename T::const_iterator>::assign(iterator, static_cast<const T*>(container)->begin())[m[K; }
      |       [01;36m[K~~~~~~~~~~~~~~~~~~~~~~~~~~~~~~~~~~~~~~~~~~~~~~~~~^~~~~~~~~~~~~~~~~~~~~~~~~~~~~~~~~~~~~~~~~~~~~~~~~~~~~[m[K
In file included from [01m[K/mnt/HDD/Project/inkbox-build/inkbox/compiled-binaries/arm-kobo-linux-gnueabihf/arm-kobo-linux-gnueabihf/include/c++/11.2.0/bits/stl_algobase.h:66[m[K,
                 from [01m[K/mnt/HDD/Project/inkbox-build/inkbox/compiled-binaries/arm-kobo-linux-gnueabihf/arm-kobo-linux-gnueabihf/include/c++/11.2.0/algorithm:61[m[K,
                 from [01m[K/home/build/inkbox/compiled-binaries/arm-kobo-linux-gnueabihf/arm-kobo-linux-gnueabihf/sysroot/include/QtCore/qglobal.h:142[m[K,
                 from [01m[K/home/build/inkbox/compiled-binaries/arm-kobo-linux-gnueabihf/arm-kobo-linux-gnueabihf/sysroot/include/QtDBus/qtdbusglobal.h:43[m[K,
                 from [01m[K/home/build/inkbox/compiled-binaries/arm-kobo-linux-gnueabihf/arm-kobo-linux-gnueabihf/sysroot/include/QtDBus/qdbusconnection.h:44[m[K,
                 from [01m[K/home/build/inkbox/compiled-binaries/arm-kobo-linux-gnueabihf/arm-kobo-linux-gnueabihf/sysroot/include/QtDBus/QDBusConnection:1[m[K,
                 from [01m[K/home/szybet/kdesrc/frameworks/solid/src/solid/devices/backends/udisks2/dbus/manager.h:14[m[K,
                 from [01m[K/home/szybet/kdesrc/frameworks/solid/src/solid/devices/backends/udisks2/udisksmanager.h:11[m[K,
                 from [01m[K/home/szybet/kdesrc/frameworks/solid/src/solid/devices/backends/udisks2/udisksmanager.cpp:7[m[K:
[01m[K/mnt/HDD/Project/inkbox-build/inkbox/compiled-binaries/arm-kobo-linux-gnueabihf/arm-kobo-linux-gnueabihf/include/c++/11.2.0/bits/stl_iterator_base_funcs.h:[m[K In function '[01m[Kconstexpr typename std::iterator_traits< <template-parameter-1-1> >::difference_type std::distance(_InputIterator, _InputIterator) [with _InputIterator = QHash<QString, QVariant>::const_iterator][m[K':
[01m[K/mnt/HDD/Project/inkbox-build/inkbox/compiled-binaries/arm-kobo-linux-gnueabihf/arm-kobo-linux-gnueabihf/include/c++/11.2.0/bits/stl_iterator_base_funcs.h:138:5:[m[K [01;36m[Knote: [m[Kparameter passing for argument of type '[01m[KQHash<QString, QVariant>::const_iterator[m[K' changed in GCC 7.1
  138 |     [01;36m[Kdistance[m[K(_InputIterator __first, _InputIterator __last)
      |     [01;36m[K^~~~~~~~[m[K
[01m[K/mnt/HDD/Project/inkbox-build/inkbox/compiled-binaries/arm-kobo-linux-gnueabihf/arm-kobo-linux-gnueabihf/include/c++/11.2.0/bits/stl_iterator_base_funcs.h:138:5:[m[K [01;36m[Knote: [m[Kparameter passing for argument of type '[01m[KQHash<QString, QVariant>::const_iterator[m[K' changed in GCC 7.1
[01m[K/mnt/HDD/Project/inkbox-build/inkbox/compiled-binaries/arm-kobo-linux-gnueabihf/arm-kobo-linux-gnueabihf/include/c++/11.2.0/bits/stl_iterator_base_funcs.h:141:29:[m[K [01;36m[Knote: [m[Kparameter passing for argument of type '[01m[KQHash<QString, QVariant>::const_iterator[m[K' changed in GCC 7.1
  141 |       return [01;36m[Kstd::__distance(__first, __last,[m[K
      |              [01;36m[K~~~~~~~~~~~~~~~^~~~~~~~~~~~~~~~~[m[K
  142 | [01;36m[K                             std::__iterator_category(__first))[m[K;
      |                              [01;36m[K~~~~~~~~~~~~~~~~~~~~~~~~~~~~~~~~~~[m[K
[01m[K/home/build/inkbox/compiled-binaries/arm-kobo-linux-gnueabihf/arm-kobo-linux-gnueabihf/sysroot/include/QtCore/qmetatype.h:[m[K In static member function '[01m[Kstatic void QtMetaTypePrivate::QAssociativeIterableImpl::endImpl(const void*, void**) [with T = QHash<QString, QVariant>][m[K':
[01m[K/home/build/inkbox/compiled-binaries/arm-kobo-linux-gnueabihf/arm-kobo-linux-gnueabihf/sysroot/include/QtCore/qmetatype.h:1331:56:[m[K [01;36m[Knote: [m[Kparameter passing for argument of type '[01m[KQHash<QString, QVariant>::const_iterator[m[K' changed in GCC 7.1
 1331 |     { [01;36m[KIteratorOwner<typename T::const_iterator>::assign(iterator, static_cast<const T*>(container)->end())[m[K; }
      |       [01;36m[K~~~~~~~~~~~~~~~~~~~~~~~~~~~~~~~~~~~~~~~~~~~~~~~~~^~~~~~~~~~~~~~~~~~~~~~~~~~~~~~~~~~~~~~~~~~~~~~~~~~~[m[K
In file included from [01m[K/home/build/inkbox/compiled-binaries/arm-kobo-linux-gnueabihf/arm-kobo-linux-gnueabihf/sysroot/include/QtDBus/qtdbusglobal.h:44[m[K,
                 from [01m[K/home/build/inkbox/compiled-binaries/arm-kobo-linux-gnueabihf/arm-kobo-linux-gnueabihf/sysroot/include/QtDBus/qdbusconnection.h:44[m[K,
                 from [01m[K/home/build/inkbox/compiled-binaries/arm-kobo-linux-gnueabihf/arm-kobo-linux-gnueabihf/sysroot/include/QtDBus/QDBusConnection:1[m[K,
                 from [01m[K/home/szybet/kdesrc/frameworks/solid/src/solid/devices/backends/udisks2/dbus/manager.h:14[m[K,
                 from [01m[K/home/szybet/kdesrc/frameworks/solid/src/solid/devices/backends/udisks2/udisksmanager.h:11[m[K,
                 from [01m[K/home/szybet/kdesrc/frameworks/solid/src/solid/devices/backends/udisks2/udisksmanager.cpp:7[m[K:
[01m[K/home/build/inkbox/compiled-binaries/arm-kobo-linux-gnueabihf/arm-kobo-linux-gnueabihf/sysroot/include/QtCore/qmetatype.h:[m[K In static member function '[01m[Kstatic void QtMetaTypePrivate::IteratorOwnerCommon<const_iterator>::assign(void**, const_iterator) [with const_iterator = QHash<QString, QVariant>::const_iterator][m[K':
[01m[K/home/build/inkbox/compiled-binaries/arm-kobo-linux-gnueabihf/arm-kobo-linux-gnueabihf/sysroot/include/QtCore/qmetatype.h:878:17:[m[K [01;36m[Knote: [m[Kparameter passing for argument of type '[01m[KQHash<QString, QVariant>::const_iterator[m[K' changed in GCC 7.1
  878 |     static void [01;36m[Kassign[m[K(void **ptr, const_iterator iterator)
      |                 [01;36m[K^~~~~~[m[K
[ 82%] Building CXX object src/solid/CMakeFiles/KF5Solid.dir/devices/backends/udisks2/udisksstoragedrive.cpp.o
In file included from [01m[K/mnt/HDD/Project/inkbox-build/inkbox/compiled-binaries/arm-kobo-linux-gnueabihf/arm-kobo-linux-gnueabihf/include/c++/11.2.0/bits/stl_algobase.h:66[m[K,
                 from [01m[K/mnt/HDD/Project/inkbox-build/inkbox/compiled-binaries/arm-kobo-linux-gnueabihf/arm-kobo-linux-gnueabihf/include/c++/11.2.0/algorithm:61[m[K,
                 from [01m[K/home/build/inkbox/compiled-binaries/arm-kobo-linux-gnueabihf/arm-kobo-linux-gnueabihf/sysroot/include/QtCore/qglobal.h:142[m[K,
                 from [01m[K/home/build/inkbox/compiled-binaries/arm-kobo-linux-gnueabihf/arm-kobo-linux-gnueabihf/sysroot/include/QtDBus/qtdbusglobal.h:43[m[K,
                 from [01m[K/home/build/inkbox/compiled-binaries/arm-kobo-linux-gnueabihf/arm-kobo-linux-gnueabihf/sysroot/include/QtDBus/qdbusextratypes.h:45[m[K,
                 from [01m[K/home/build/inkbox/compiled-binaries/arm-kobo-linux-gnueabihf/arm-kobo-linux-gnueabihf/sysroot/include/QtDBus/QDBusObjectPath:1[m[K,
                 from [01m[K/home/szybet/kdesrc/frameworks/solid/src/solid/devices/backends/udisks2/udisksdevicebackend.h:12[m[K,
                 from [01m[K/home/szybet/kdesrc/frameworks/solid/src/solid/devices/backends/udisks2/udisksdevicebackend.cpp:9[m[K:
[01m[K/mnt/HDD/Project/inkbox-build/inkbox/compiled-binaries/arm-kobo-linux-gnueabihf/arm-kobo-linux-gnueabihf/include/c++/11.2.0/bits/stl_iterator_base_funcs.h:[m[K In function '[01m[Kconstexpr typename std::iterator_traits< <template-parameter-1-1> >::difference_type std::distance(_InputIterator, _InputIterator) [with _InputIterator = QMap<QString, QVariant>::const_iterator][m[K':
[01m[K/mnt/HDD/Project/inkbox-build/inkbox/compiled-binaries/arm-kobo-linux-gnueabihf/arm-kobo-linux-gnueabihf/include/c++/11.2.0/bits/stl_iterator_base_funcs.h:138:5:[m[K [01;36m[Knote: [m[Kparameter passing for argument of type '[01m[KQMap<QString, QVariant>::const_iterator[m[K' changed in GCC 7.1
  138 |     [01;36m[Kdistance[m[K(_InputIterator __first, _InputIterator __last)
      |     [01;36m[K^~~~~~~~[m[K
[01m[K/mnt/HDD/Project/inkbox-build/inkbox/compiled-binaries/arm-kobo-linux-gnueabihf/arm-kobo-linux-gnueabihf/include/c++/11.2.0/bits/stl_iterator_base_funcs.h:138:5:[m[K [01;36m[Knote: [m[Kparameter passing for argument of type '[01m[KQMap<QString, QVariant>::const_iterator[m[K' changed in GCC 7.1
[01m[K/mnt/HDD/Project/inkbox-build/inkbox/compiled-binaries/arm-kobo-linux-gnueabihf/arm-kobo-linux-gnueabihf/include/c++/11.2.0/bits/stl_iterator_base_funcs.h:141:29:[m[K [01;36m[Knote: [m[Kparameter passing for argument of type '[01m[KQMap<QString, QVariant>::const_iterator[m[K' changed in GCC 7.1
  141 |       return [01;36m[Kstd::__distance(__first, __last,[m[K
      |              [01;36m[K~~~~~~~~~~~~~~~^~~~~~~~~~~~~~~~~[m[K
  142 | [01;36m[K                             std::__iterator_category(__first))[m[K;
      |                              [01;36m[K~~~~~~~~~~~~~~~~~~~~~~~~~~~~~~~~~~[m[K
In file included from [01m[K/home/build/inkbox/compiled-binaries/arm-kobo-linux-gnueabihf/arm-kobo-linux-gnueabihf/sysroot/include/QtDBus/qtdbusglobal.h:44[m[K,
                 from [01m[K/home/build/inkbox/compiled-binaries/arm-kobo-linux-gnueabihf/arm-kobo-linux-gnueabihf/sysroot/include/QtDBus/qdbusextratypes.h:45[m[K,
                 from [01m[K/home/build/inkbox/compiled-binaries/arm-kobo-linux-gnueabihf/arm-kobo-linux-gnueabihf/sysroot/include/QtDBus/QDBusObjectPath:1[m[K,
                 from [01m[K/home/szybet/kdesrc/frameworks/solid/src/solid/devices/backends/udisks2/udisksdevicebackend.h:12[m[K,
                 from [01m[K/home/szybet/kdesrc/frameworks/solid/src/solid/devices/backends/udisks2/udisksdevicebackend.cpp:9[m[K:
[01m[K/home/build/inkbox/compiled-binaries/arm-kobo-linux-gnueabihf/arm-kobo-linux-gnueabihf/sysroot/include/QtCore/qmetatype.h:[m[K In static member function '[01m[Kstatic void QtMetaTypePrivate::IteratorOwnerCommon<const_iterator>::assign(void**, const_iterator) [with const_iterator = QMap<QString, QVariant>::const_iterator][m[K':
[01m[K/home/build/inkbox/compiled-binaries/arm-kobo-linux-gnueabihf/arm-kobo-linux-gnueabihf/sysroot/include/QtCore/qmetatype.h:878:17:[m[K [01;36m[Knote: [m[Kparameter passing for argument of type '[01m[KQMap<QString, QVariant>::const_iterator[m[K' changed in GCC 7.1
  878 |     static void [01;36m[Kassign[m[K(void **ptr, const_iterator iterator)
      |                 [01;36m[K^~~~~~[m[K
In file included from [01m[K/mnt/HDD/Project/inkbox-build/inkbox/compiled-binaries/arm-kobo-linux-gnueabihf/arm-kobo-linux-gnueabihf/include/c++/11.2.0/bits/stl_algobase.h:66[m[K,
                 from [01m[K/mnt/HDD/Project/inkbox-build/inkbox/compiled-binaries/arm-kobo-linux-gnueabihf/arm-kobo-linux-gnueabihf/include/c++/11.2.0/algorithm:61[m[K,
                 from [01m[K/home/build/inkbox/compiled-binaries/arm-kobo-linux-gnueabihf/arm-kobo-linux-gnueabihf/sysroot/include/QtCore/qglobal.h:142[m[K,
                 from [01m[K/home/build/inkbox/compiled-binaries/arm-kobo-linux-gnueabihf/arm-kobo-linux-gnueabihf/sysroot/include/QtDBus/qtdbusglobal.h:43[m[K,
                 from [01m[K/home/build/inkbox/compiled-binaries/arm-kobo-linux-gnueabihf/arm-kobo-linux-gnueabihf/sysroot/include/QtDBus/qdbusextratypes.h:45[m[K,
                 from [01m[K/home/build/inkbox/compiled-binaries/arm-kobo-linux-gnueabihf/arm-kobo-linux-gnueabihf/sysroot/include/QtDBus/QDBusObjectPath:1[m[K,
                 from [01m[K/home/szybet/kdesrc/frameworks/solid/src/solid/devices/backends/udisks2/udisksdevicebackend.h:12[m[K,
                 from [01m[K/home/szybet/kdesrc/frameworks/solid/src/solid/devices/backends/udisks2/udisksdevicebackend.cpp:9[m[K:
[01m[K/mnt/HDD/Project/inkbox-build/inkbox/compiled-binaries/arm-kobo-linux-gnueabihf/arm-kobo-linux-gnueabihf/include/c++/11.2.0/bits/stl_iterator_base_funcs.h:[m[K In function '[01m[Kconstexpr typename std::iterator_traits< <template-parameter-1-1> >::difference_type std::distance(_InputIterator, _InputIterator) [with _InputIterator = QHash<QString, QVariant>::const_iterator][m[K':
[01m[K/mnt/HDD/Project/inkbox-build/inkbox/compiled-binaries/arm-kobo-linux-gnueabihf/arm-kobo-linux-gnueabihf/include/c++/11.2.0/bits/stl_iterator_base_funcs.h:138:5:[m[K [01;36m[Knote: [m[Kparameter passing for argument of type '[01m[KQHash<QString, QVariant>::const_iterator[m[K' changed in GCC 7.1
  138 |     [01;36m[Kdistance[m[K(_InputIterator __first, _InputIterator __last)
      |     [01;36m[K^~~~~~~~[m[K
[01m[K/mnt/HDD/Project/inkbox-build/inkbox/compiled-binaries/arm-kobo-linux-gnueabihf/arm-kobo-linux-gnueabihf/include/c++/11.2.0/bits/stl_iterator_base_funcs.h:138:5:[m[K [01;36m[Knote: [m[Kparameter passing for argument of type '[01m[KQHash<QString, QVariant>::const_iterator[m[K' changed in GCC 7.1
[01m[K/mnt/HDD/Project/inkbox-build/inkbox/compiled-binaries/arm-kobo-linux-gnueabihf/arm-kobo-linux-gnueabihf/include/c++/11.2.0/bits/stl_iterator_base_funcs.h:141:29:[m[K [01;36m[Knote: [m[Kparameter passing for argument of type '[01m[KQHash<QString, QVariant>::const_iterator[m[K' changed in GCC 7.1
  141 |       return [01;36m[Kstd::__distance(__first, __last,[m[K
      |              [01;36m[K~~~~~~~~~~~~~~~^~~~~~~~~~~~~~~~~[m[K
  142 | [01;36m[K                             std::__iterator_category(__first))[m[K;
      |                              [01;36m[K~~~~~~~~~~~~~~~~~~~~~~~~~~~~~~~~~~[m[K
In file included from [01m[K/home/build/inkbox/compiled-binaries/arm-kobo-linux-gnueabihf/arm-kobo-linux-gnueabihf/sysroot/include/QtDBus/qtdbusglobal.h:44[m[K,
                 from [01m[K/home/build/inkbox/compiled-binaries/arm-kobo-linux-gnueabihf/arm-kobo-linux-gnueabihf/sysroot/include/QtDBus/qdbusextratypes.h:45[m[K,
                 from [01m[K/home/build/inkbox/compiled-binaries/arm-kobo-linux-gnueabihf/arm-kobo-linux-gnueabihf/sysroot/include/QtDBus/QDBusObjectPath:1[m[K,
                 from [01m[K/home/szybet/kdesrc/frameworks/solid/src/solid/devices/backends/udisks2/udisksdevicebackend.h:12[m[K,
                 from [01m[K/home/szybet/kdesrc/frameworks/solid/src/solid/devices/backends/udisks2/udisksdevicebackend.cpp:9[m[K:
[01m[K/home/build/inkbox/compiled-binaries/arm-kobo-linux-gnueabihf/arm-kobo-linux-gnueabihf/sysroot/include/QtCore/qmetatype.h:[m[K In static member function '[01m[Kstatic void QtMetaTypePrivate::IteratorOwnerCommon<const_iterator>::assign(void**, const_iterator) [with const_iterator = QHash<QString, QVariant>::const_iterator][m[K':
[01m[K/home/build/inkbox/compiled-binaries/arm-kobo-linux-gnueabihf/arm-kobo-linux-gnueabihf/sysroot/include/QtCore/qmetatype.h:878:17:[m[K [01;36m[Knote: [m[Kparameter passing for argument of type '[01m[KQHash<QString, QVariant>::const_iterator[m[K' changed in GCC 7.1
  878 |     static void [01;36m[Kassign[m[K(void **ptr, const_iterator iterator)
      |                 [01;36m[K^~~~~~[m[K
In file included from [01m[K/mnt/HDD/Project/inkbox-build/inkbox/compiled-binaries/arm-kobo-linux-gnueabihf/arm-kobo-linux-gnueabihf/include/c++/11.2.0/bits/stl_algobase.h:66[m[K,
                 from [01m[K/mnt/HDD/Project/inkbox-build/inkbox/compiled-binaries/arm-kobo-linux-gnueabihf/arm-kobo-linux-gnueabihf/include/c++/11.2.0/algorithm:61[m[K,
                 from [01m[K/home/build/inkbox/compiled-binaries/arm-kobo-linux-gnueabihf/arm-kobo-linux-gnueabihf/sysroot/include/QtCore/qglobal.h:142[m[K,
                 from [01m[K/home/build/inkbox/compiled-binaries/arm-kobo-linux-gnueabihf/arm-kobo-linux-gnueabihf/sysroot/include/QtDBus/qtdbusglobal.h:43[m[K,
                 from [01m[K/home/build/inkbox/compiled-binaries/arm-kobo-linux-gnueabihf/arm-kobo-linux-gnueabihf/sysroot/include/QtDBus/qdbusconnection.h:44[m[K,
                 from [01m[K/home/build/inkbox/compiled-binaries/arm-kobo-linux-gnueabihf/arm-kobo-linux-gnueabihf/sysroot/include/QtDBus/QDBusConnection:1[m[K,
                 from [01m[K/home/szybet/kdesrc/frameworks/solid/src/solid/devices/backends/udisks2/dbus/manager.h:14[m[K,
                 from [01m[K/home/szybet/kdesrc/frameworks/solid/src/solid/devices/backends/udisks2/udisksmanager.h:11[m[K,
                 from [01m[K/home/szybet/kdesrc/frameworks/solid/src/solid/devices/backends/udisks2/udisksmanager.cpp:7[m[K:
[01m[K/mnt/HDD/Project/inkbox-build/inkbox/compiled-binaries/arm-kobo-linux-gnueabihf/arm-kobo-linux-gnueabihf/include/c++/11.2.0/bits/stl_iterator_base_funcs.h:[m[K In function '[01m[Kconstexpr typename std::iterator_traits< <template-parameter-1-1> >::difference_type std::__distance(_InputIterator, _InputIterator, std::input_iterator_tag) [with _InputIterator = QMap<QString, QVariant>::const_iterator][m[K':
[01m[K/mnt/HDD/Project/inkbox-build/inkbox/compiled-binaries/arm-kobo-linux-gnueabihf/arm-kobo-linux-gnueabihf/include/c++/11.2.0/bits/stl_iterator_base_funcs.h:80:5:[m[K [01;36m[Knote: [m[Kparameter passing for argument of type '[01m[KQMap<QString, QVariant>::const_iterator[m[K' changed in GCC 7.1
   80 |     [01;36m[K__distance[m[K(_InputIterator __first, _InputIterator __last,
      |     [01;36m[K^~~~~~~~~~[m[K
[01m[K/mnt/HDD/Project/inkbox-build/inkbox/compiled-binaries/arm-kobo-linux-gnueabihf/arm-kobo-linux-gnueabihf/include/c++/11.2.0/bits/stl_iterator_base_funcs.h:80:5:[m[K [01;36m[Knote: [m[Kparameter passing for argument of type '[01m[KQMap<QString, QVariant>::const_iterator[m[K' changed in GCC 7.1
[01m[K/mnt/HDD/Project/inkbox-build/inkbox/compiled-binaries/arm-kobo-linux-gnueabihf/arm-kobo-linux-gnueabihf/include/c++/11.2.0/bits/stl_iterator_base_funcs.h:[m[K In function '[01m[Kconstexpr typename std::iterator_traits< <template-parameter-1-1> >::difference_type std::__distance(_InputIterator, _InputIterator, std::input_iterator_tag) [with _InputIterator = QHash<QString, QVariant>::const_iterator][m[K':
[01m[K/mnt/HDD/Project/inkbox-build/inkbox/compiled-binaries/arm-kobo-linux-gnueabihf/arm-kobo-linux-gnueabihf/include/c++/11.2.0/bits/stl_iterator_base_funcs.h:80:5:[m[K [01;36m[Knote: [m[Kparameter passing for argument of type '[01m[KQHash<QString, QVariant>::const_iterator[m[K' changed in GCC 7.1
[01m[K/mnt/HDD/Project/inkbox-build/inkbox/compiled-binaries/arm-kobo-linux-gnueabihf/arm-kobo-linux-gnueabihf/include/c++/11.2.0/bits/stl_iterator_base_funcs.h:80:5:[m[K [01;36m[Knote: [m[Kparameter passing for argument of type '[01m[KQHash<QString, QVariant>::const_iterator[m[K' changed in GCC 7.1
In file included from [01m[K/mnt/HDD/Project/inkbox-build/inkbox/compiled-binaries/arm-kobo-linux-gnueabihf/arm-kobo-linux-gnueabihf/include/c++/11.2.0/bits/stl_algobase.h:66[m[K,
                 from [01m[K/mnt/HDD/Project/inkbox-build/inkbox/compiled-binaries/arm-kobo-linux-gnueabihf/arm-kobo-linux-gnueabihf/include/c++/11.2.0/algorithm:61[m[K,
                 from [01m[K/home/build/inkbox/compiled-binaries/arm-kobo-linux-gnueabihf/arm-kobo-linux-gnueabihf/sysroot/include/QtCore/qglobal.h:142[m[K,
                 from [01m[K/home/build/inkbox/compiled-binaries/arm-kobo-linux-gnueabihf/arm-kobo-linux-gnueabihf/sysroot/include/QtDBus/qtdbusglobal.h:43[m[K,
                 from [01m[K/home/build/inkbox/compiled-binaries/arm-kobo-linux-gnueabihf/arm-kobo-linux-gnueabihf/sysroot/include/QtDBus/qdbusextratypes.h:45[m[K,
                 from [01m[K/home/build/inkbox/compiled-binaries/arm-kobo-linux-gnueabihf/arm-kobo-linux-gnueabihf/sysroot/include/QtDBus/QDBusObjectPath:1[m[K,
                 from [01m[K/home/szybet/kdesrc/frameworks/solid/src/solid/devices/backends/udisks2/udisksdevicebackend.h:12[m[K,
                 from [01m[K/home/szybet/kdesrc/frameworks/solid/src/solid/devices/backends/udisks2/udisksdevicebackend.cpp:9[m[K:
[01m[K/mnt/HDD/Project/inkbox-build/inkbox/compiled-binaries/arm-kobo-linux-gnueabihf/arm-kobo-linux-gnueabihf/include/c++/11.2.0/bits/stl_iterator_base_funcs.h:[m[K In function '[01m[Kconstexpr typename std::iterator_traits< <template-parameter-1-1> >::difference_type std::__distance(_InputIterator, _InputIterator, std::input_iterator_tag) [with _InputIterator = QMap<QString, QVariant>::const_iterator][m[K':
[01m[K/mnt/HDD/Project/inkbox-build/inkbox/compiled-binaries/arm-kobo-linux-gnueabihf/arm-kobo-linux-gnueabihf/include/c++/11.2.0/bits/stl_iterator_base_funcs.h:80:5:[m[K [01;36m[Knote: [m[Kparameter passing for argument of type '[01m[KQMap<QString, QVariant>::const_iterator[m[K' changed in GCC 7.1
   80 |     [01;36m[K__distance[m[K(_InputIterator __first, _InputIterator __last,
      |     [01;36m[K^~~~~~~~~~[m[K
[01m[K/mnt/HDD/Project/inkbox-build/inkbox/compiled-binaries/arm-kobo-linux-gnueabihf/arm-kobo-linux-gnueabihf/include/c++/11.2.0/bits/stl_iterator_base_funcs.h:80:5:[m[K [01;36m[Knote: [m[Kparameter passing for argument of type '[01m[KQMap<QString, QVariant>::const_iterator[m[K' changed in GCC 7.1
[01m[K/mnt/HDD/Project/inkbox-build/inkbox/compiled-binaries/arm-kobo-linux-gnueabihf/arm-kobo-linux-gnueabihf/include/c++/11.2.0/bits/stl_iterator_base_funcs.h:[m[K In function '[01m[Kconstexpr typename std::iterator_traits< <template-parameter-1-1> >::difference_type std::__distance(_InputIterator, _InputIterator, std::input_iterator_tag) [with _InputIterator = QHash<QString, QVariant>::const_iterator][m[K':
[01m[K/mnt/HDD/Project/inkbox-build/inkbox/compiled-binaries/arm-kobo-linux-gnueabihf/arm-kobo-linux-gnueabihf/include/c++/11.2.0/bits/stl_iterator_base_funcs.h:80:5:[m[K [01;36m[Knote: [m[Kparameter passing for argument of type '[01m[KQHash<QString, QVariant>::const_iterator[m[K' changed in GCC 7.1
[01m[K/mnt/HDD/Project/inkbox-build/inkbox/compiled-binaries/arm-kobo-linux-gnueabihf/arm-kobo-linux-gnueabihf/include/c++/11.2.0/bits/stl_iterator_base_funcs.h:80:5:[m[K [01;36m[Knote: [m[Kparameter passing for argument of type '[01m[KQHash<QString, QVariant>::const_iterator[m[K' changed in GCC 7.1
[ 83%] Building CXX object src/solid/CMakeFiles/KF5Solid.dir/devices/backends/udisks2/udisksstorageaccess.cpp.o
[ 83%] Building CXX object src/solid/CMakeFiles/KF5Solid.dir/devices/backends/udisks2/udisksgenericinterface.cpp.o
[ 84%] Building CXX object src/solid/CMakeFiles/KF5Solid.dir/devices/backends/udisks2/dbus/manager.cpp.o
[ 85%] Building CXX object src/solid/CMakeFiles/KF5Solid.dir/udisks_debug.cpp.o
[ 85%] Building CXX object src/solid/CMakeFiles/KF5Solid.dir/devices/backends/fstab/fstabmanager.cpp.o
[ 86%] Building CXX object src/solid/CMakeFiles/KF5Solid.dir/devices/backends/fstab/fstabdevice.cpp.o
[ 86%] Building CXX object src/solid/CMakeFiles/KF5Solid.dir/devices/backends/fstab/fstabnetworkshare.cpp.o
[ 87%] Building CXX object src/solid/CMakeFiles/KF5Solid.dir/devices/backends/fstab/fstabstorageaccess.cpp.o
[ 88%] Building CXX object src/solid/CMakeFiles/KF5Solid.dir/devices/backends/fstab/fstabhandling.cpp.o
[ 88%] Building CXX object src/solid/CMakeFiles/KF5Solid.dir/devices/backends/fstab/fstabwatcher.cpp.o
[ 89%] Building CXX object src/solid/CMakeFiles/KF5Solid.dir/fstab_debug.cpp.o
[ 89%] Building CXX object src/solid/CMakeFiles/KF5Solid.dir/devices/backends/upower/upowermanager.cpp.o
[ 90%] Building CXX object src/solid/CMakeFiles/KF5Solid.dir/devices/backends/upower/upowerdevice.cpp.o
[ 90%] Building CXX object src/solid/CMakeFiles/KF5Solid.dir/devices/backends/upower/upowerdbusinterface.cpp.o
[ 91%] Building CXX object src/solid/CMakeFiles/KF5Solid.dir/devices/backends/upower/upowerbattery.cpp.o
[ 92%] Building CXX object src/solid/CMakeFiles/KF5Solid.dir/devices/backends/upower/upowerdeviceinterface.cpp.o
[ 92%] Building CXX object src/solid/CMakeFiles/KF5Solid.dir/devices/backends/upower/upowergenericinterface.cpp.o
[ 93%] Building CXX object src/solid/CMakeFiles/KF5Solid.dir/ECMQmLoader-solid5_qt.cpp.o
[01m[K/home/szybet/kdesrc/frameworks/solid/src/solid/devices/backends/upower/upowerdevice.cpp:[m[K In member function '[01m[Kvirtual bool Solid::Backends::UPower::UPowerDevice::queryDeviceInterface(const Solid::DeviceInterface::Type&) const[m[K':
[01m[K/home/szybet/kdesrc/frameworks/solid/src/solid/devices/backends/upower/upowerdevice.cpp:77:16:[m[K [01;35m[Kwarning: [m[Kenumeration value '[01m[KUP_DEVICE_KIND_PEN[m[K' not handled in switch [[01;35m[K-Wswitch[m[K]
   77 |         switch [01;35m[K([m[Kuptype) {
      |                [01;35m[K^[m[K
[01m[K/home/szybet/kdesrc/frameworks/solid/src/solid/devices/backends/upower/upowerdevice.cpp:77:16:[m[K [01;35m[Kwarning: [m[Kenumeration value '[01m[KUP_DEVICE_KIND_MODEM[m[K' not handled in switch [[01;35m[K-Wswitch[m[K]
[01m[K/home/szybet/kdesrc/frameworks/solid/src/solid/devices/backends/upower/upowerdevice.cpp:77:16:[m[K [01;35m[Kwarning: [m[Kenumeration value '[01m[KUP_DEVICE_KIND_NETWORK[m[K' not handled in switch [[01;35m[K-Wswitch[m[K]
[01m[K/home/szybet/kdesrc/frameworks/solid/src/solid/devices/backends/upower/upowerdevice.cpp:77:16:[m[K [01;35m[Kwarning: [m[Kenumeration value '[01m[KUP_DEVICE_KIND_VIDEO[m[K' not handled in switch [[01;35m[K-Wswitch[m[K]
[01m[K/home/szybet/kdesrc/frameworks/solid/src/solid/devices/backends/upower/upowerdevice.cpp:77:16:[m[K [01;35m[Kwarning: [m[Kenumeration value '[01m[KUP_DEVICE_KIND_OTHER_AUDIO[m[K' not handled in switch [[01;35m[K-Wswitch[m[K]
[01m[K/home/szybet/kdesrc/frameworks/solid/src/solid/devices/backends/upower/upowerdevice.cpp:77:16:[m[K [01;35m[Kwarning: [m[Kenumeration value '[01m[KUP_DEVICE_KIND_REMOTE_CONTROL[m[K' not handled in switch [[01;35m[K-Wswitch[m[K]
[01m[K/home/szybet/kdesrc/frameworks/solid/src/solid/devices/backends/upower/upowerdevice.cpp:77:16:[m[K [01;35m[Kwarning: [m[Kenumeration value '[01m[KUP_DEVICE_KIND_PRINTER[m[K' not handled in switch [[01;35m[K-Wswitch[m[K]
[01m[K/home/szybet/kdesrc/frameworks/solid/src/solid/devices/backends/upower/upowerdevice.cpp:77:16:[m[K [01;35m[Kwarning: [m[Kenumeration value '[01m[KUP_DEVICE_KIND_SCANNER[m[K' not handled in switch [[01;35m[K-Wswitch[m[K]
[01m[K/home/szybet/kdesrc/frameworks/solid/src/solid/devices/backends/upower/upowerdevice.cpp:77:16:[m[K [01;35m[Kwarning: [m[Kenumeration value '[01m[KUP_DEVICE_KIND_CAMERA[m[K' not handled in switch [[01;35m[K-Wswitch[m[K]
[01m[K/home/szybet/kdesrc/frameworks/solid/src/solid/devices/backends/upower/upowerdevice.cpp:77:16:[m[K [01;35m[Kwarning: [m[Kenumeration value '[01m[KUP_DEVICE_KIND_WEARABLE[m[K' not handled in switch [[01;35m[K-Wswitch[m[K]
[01m[K/home/szybet/kdesrc/frameworks/solid/src/solid/devices/backends/upower/upowerdevice.cpp:77:16:[m[K [01;35m[Kwarning: [m[Kenumeration value '[01m[KUP_DEVICE_KIND_TOY[m[K' not handled in switch [[01;35m[K-Wswitch[m[K]
[01m[K/home/szybet/kdesrc/frameworks/solid/src/solid/devices/backends/upower/upowerbattery.cpp:[m[K In member function '[01m[Kvirtual Solid::Battery::BatteryType Solid::Backends::UPower::Battery::type() const[m[K':
[01m[K/home/szybet/kdesrc/frameworks/solid/src/solid/devices/backends/upower/upowerbattery.cpp:36:12:[m[K [01;35m[Kwarning: [m[Kenumeration value '[01m[KUP_DEVICE_KIND_MEDIA_PLAYER[m[K' not handled in switch [[01;35m[K-Wswitch[m[K]
   36 |     switch [01;35m[K([m[Kt) {
      |            [01;35m[K^[m[K
[01m[K/home/szybet/kdesrc/frameworks/solid/src/solid/devices/backends/upower/upowerbattery.cpp:36:12:[m[K [01;35m[Kwarning: [m[Kenumeration value '[01m[KUP_DEVICE_KIND_COMPUTER[m[K' not handled in switch [[01;35m[K-Wswitch[m[K]
[01m[K/home/szybet/kdesrc/frameworks/solid/src/solid/devices/backends/upower/upowerbattery.cpp:36:12:[m[K [01;35m[Kwarning: [m[Kenumeration value '[01m[KUP_DEVICE_KIND_PEN[m[K' not handled in switch [[01;35m[K-Wswitch[m[K]
[01m[K/home/szybet/kdesrc/frameworks/solid/src/solid/devices/backends/upower/upowerbattery.cpp:36:12:[m[K [01;35m[Kwarning: [m[Kenumeration value '[01m[KUP_DEVICE_KIND_TOUCHPAD[m[K' not handled in switch [[01;35m[K-Wswitch[m[K]
[01m[K/home/szybet/kdesrc/frameworks/solid/src/solid/devices/backends/upower/upowerbattery.cpp:36:12:[m[K [01;35m[Kwarning: [m[Kenumeration value '[01m[KUP_DEVICE_KIND_MODEM[m[K' not handled in switch [[01;35m[K-Wswitch[m[K]
[01m[K/home/szybet/kdesrc/frameworks/solid/src/solid/devices/backends/upower/upowerbattery.cpp:36:12:[m[K [01;35m[Kwarning: [m[Kenumeration value '[01m[KUP_DEVICE_KIND_NETWORK[m[K' not handled in switch [[01;35m[K-Wswitch[m[K]
[01m[K/home/szybet/kdesrc/frameworks/solid/src/solid/devices/backends/upower/upowerbattery.cpp:36:12:[m[K [01;35m[Kwarning: [m[Kenumeration value '[01m[KUP_DEVICE_KIND_HEADSET[m[K' not handled in switch [[01;35m[K-Wswitch[m[K]
[01m[K/home/szybet/kdesrc/frameworks/solid/src/solid/devices/backends/upower/upowerbattery.cpp:36:12:[m[K [01;35m[Kwarning: [m[Kenumeration value '[01m[KUP_DEVICE_KIND_SPEAKERS[m[K' not handled in switch [[01;35m[K-Wswitch[m[K]
[01m[K/home/szybet/kdesrc/frameworks/solid/src/solid/devices/backends/upower/upowerbattery.cpp:36:12:[m[K [01;35m[Kwarning: [m[Kenumeration value '[01m[KUP_DEVICE_KIND_HEADPHONES[m[K' not handled in switch [[01;35m[K-Wswitch[m[K]
[01m[K/home/szybet/kdesrc/frameworks/solid/src/solid/devices/backends/upower/upowerbattery.cpp:36:12:[m[K [01;35m[Kwarning: [m[Kenumeration value '[01m[KUP_DEVICE_KIND_VIDEO[m[K' not handled in switch [[01;35m[K-Wswitch[m[K]
[01m[K/home/szybet/kdesrc/frameworks/solid/src/solid/devices/backends/upower/upowerbattery.cpp:36:12:[m[K [01;35m[Kwarning: [m[Kenumeration value '[01m[KUP_DEVICE_KIND_OTHER_AUDIO[m[K' not handled in switch [[01;35m[K-Wswitch[m[K]
[01m[K/home/szybet/kdesrc/frameworks/solid/src/solid/devices/backends/upower/upowerbattery.cpp:36:12:[m[K [01;35m[Kwarning: [m[Kenumeration value '[01m[KUP_DEVICE_KIND_REMOTE_CONTROL[m[K' not handled in switch [[01;35m[K-Wswitch[m[K]
[01m[K/home/szybet/kdesrc/frameworks/solid/src/solid/devices/backends/upower/upowerbattery.cpp:36:12:[m[K [01;35m[Kwarning: [m[Kenumeration value '[01m[KUP_DEVICE_KIND_PRINTER[m[K' not handled in switch [[01;35m[K-Wswitch[m[K]
[01m[K/home/szybet/kdesrc/frameworks/solid/src/solid/devices/backends/upower/upowerbattery.cpp:36:12:[m[K [01;35m[Kwarning: [m[Kenumeration value '[01m[KUP_DEVICE_KIND_SCANNER[m[K' not handled in switch [[01;35m[K-Wswitch[m[K]
[01m[K/home/szybet/kdesrc/frameworks/solid/src/solid/devices/backends/upower/upowerbattery.cpp:36:12:[m[K [01;35m[Kwarning: [m[Kenumeration value '[01m[KUP_DEVICE_KIND_CAMERA[m[K' not handled in switch [[01;35m[K-Wswitch[m[K]
[01m[K/home/szybet/kdesrc/frameworks/solid/src/solid/devices/backends/upower/upowerbattery.cpp:36:12:[m[K [01;35m[Kwarning: [m[Kenumeration value '[01m[KUP_DEVICE_KIND_WEARABLE[m[K' not handled in switch [[01;35m[K-Wswitch[m[K]
[01m[K/home/szybet/kdesrc/frameworks/solid/src/solid/devices/backends/upower/upowerbattery.cpp:36:12:[m[K [01;35m[Kwarning: [m[Kenumeration value '[01m[KUP_DEVICE_KIND_TOY[m[K' not handled in switch [[01;35m[K-Wswitch[m[K]
[01m[K/home/szybet/kdesrc/frameworks/solid/src/solid/devices/backends/upower/upowerbattery.cpp:36:12:[m[K [01;35m[Kwarning: [m[Kenumeration value '[01m[KUP_DEVICE_KIND_LAST[m[K' not handled in switch [[01;35m[K-Wswitch[m[K]
In file included from [01m[K/home/build/inkbox/compiled-binaries/arm-kobo-linux-gnueabihf/arm-kobo-linux-gnueabihf/sysroot/include/QtCore/qobject.h:54[m[K,
                 from [01m[K/home/build/inkbox/compiled-binaries/arm-kobo-linux-gnueabihf/arm-kobo-linux-gnueabihf/sysroot/include/QtCore/QObject:1[m[K,
                 from [01m[K/home/szybet/kdesrc/frameworks/solid/src/solid/devices/ifaces/device.h:10[m[K,
                 from [01m[K/home/szybet/kdesrc/frameworks/solid/src/solid/devices/backends/upower/upowerdevice.h:12[m[K,
                 from [01m[K/home/szybet/kdesrc/frameworks/solid/src/solid/devices/backends/upower/upowerdevice.cpp:8[m[K:
[01m[K/home/build/inkbox/compiled-binaries/arm-kobo-linux-gnueabihf/arm-kobo-linux-gnueabihf/sysroot/include/QtCore/qmetatype.h:[m[K In static member function '[01m[Kstatic int QtMetaTypePrivate::QAssociativeIterableImpl::sizeImpl(const void*) [with T = QMap<QString, QVariant>][m[K':
[01m[K/home/build/inkbox/compiled-binaries/arm-kobo-linux-gnueabihf/arm-kobo-linux-gnueabihf/sysroot/include/QtCore/qmetatype.h:1310:31:[m[K [01;36m[Knote: [m[Kparameter passing for argument of type '[01m[KQMap<QString, QVariant>::const_iterator[m[K' changed in GCC 7.1
 1310 |     { return int([01;36m[Kstd::distance(static_cast<const T*>(p)->begin(),[m[K
      |                  [01;36m[K~~~~~~~~~~~~~^~~~~~~~~~~~~~~~~~~~~~~~~~~~~~~~~~~[m[K
 1311 | [01;36m[K                               static_cast<const T*>(p)->end())[m[K); }
      |                                [01;36m[K~~~~~~~~~~~~~~~~~~~~~~~~~~~~~~~~[m[K
[01m[K/home/build/inkbox/compiled-binaries/arm-kobo-linux-gnueabihf/arm-kobo-linux-gnueabihf/sysroot/include/QtCore/qmetatype.h:[m[K In static member function '[01m[Kstatic void QtMetaTypePrivate::QAssociativeIterableImpl::findImpl(const void*, const void*, void**) [with T = QMap<QString, QVariant>][m[K':
[01m[K/home/build/inkbox/compiled-binaries/arm-kobo-linux-gnueabihf/arm-kobo-linux-gnueabihf/sysroot/include/QtCore/qmetatype.h:1315:56:[m[K [01;36m[Knote: [m[Kparameter passing for argument of type '[01m[KQMap<QString, QVariant>::const_iterator[m[K' changed in GCC 7.1
 1315 |     { [01;36m[KIteratorOwner<typename T::const_iterator>::assign(iterator,[m[K
      |       [01;36m[K~~~~~~~~~~~~~~~~~~~~~~~~~~~~~~~~~~~~~~~~~~~~~~~~~^~~~~~~~~~[m[K
 1316 | [01;36m[K                                                        static_cast<const T*>(container)->find(*static_cast<const typename T::key_type*>(p)))[m[K; }
      |                                                         [01;36m[K~~~~~~~~~~~~~~~~~~~~~~~~~~~~~~~~~~~~~~~~~~~~~~~~~~~~~~~~~~~~~~~~~~~~~~~~~~~~~~~~~~~~~[m[K
[01m[K/home/build/inkbox/compiled-binaries/arm-kobo-linux-gnueabihf/arm-kobo-linux-gnueabihf/sysroot/include/QtCore/qmetatype.h:[m[K In static member function '[01m[Kstatic void QtMetaTypePrivate::QAssociativeIterableImpl::beginImpl(const void*, void**) [with T = QMap<QString, QVariant>][m[K':
[01m[K/home/build/inkbox/compiled-binaries/arm-kobo-linux-gnueabihf/arm-kobo-linux-gnueabihf/sysroot/include/QtCore/qmetatype.h:1327:56:[m[K [01;36m[Knote: [m[Kparameter passing for argument of type '[01m[KQMap<QString, QVariant>::const_iterator[m[K' changed in GCC 7.1
 1327 |     { [01;36m[KIteratorOwner<typename T::const_iterator>::assign(iterator, static_cast<const T*>(container)->begin())[m[K; }
      |       [01;36m[K~~~~~~~~~~~~~~~~~~~~~~~~~~~~~~~~~~~~~~~~~~~~~~~~~^~~~~~~~~~~~~~~~~~~~~~~~~~~~~~~~~~~~~~~~~~~~~~~~~~~~~[m[K
[01m[K/home/build/inkbox/compiled-binaries/arm-kobo-linux-gnueabihf/arm-kobo-linux-gnueabihf/sysroot/include/QtCore/qmetatype.h:[m[K In static member function '[01m[Kstatic void QtMetaTypePrivate::QAssociativeIterableImpl::endImpl(const void*, void**) [with T = QMap<QString, QVariant>][m[K':
[01m[K/home/build/inkbox/compiled-binaries/arm-kobo-linux-gnueabihf/arm-kobo-linux-gnueabihf/sysroot/include/QtCore/qmetatype.h:1331:56:[m[K [01;36m[Knote: [m[Kparameter passing for argument of type '[01m[KQMap<QString, QVariant>::const_iterator[m[K' changed in GCC 7.1
 1331 |     { [01;36m[KIteratorOwner<typename T::const_iterator>::assign(iterator, static_cast<const T*>(container)->end())[m[K; }
      |       [01;36m[K~~~~~~~~~~~~~~~~~~~~~~~~~~~~~~~~~~~~~~~~~~~~~~~~~^~~~~~~~~~~~~~~~~~~~~~~~~~~~~~~~~~~~~~~~~~~~~~~~~~~[m[K
[01m[K/home/build/inkbox/compiled-binaries/arm-kobo-linux-gnueabihf/arm-kobo-linux-gnueabihf/sysroot/include/QtCore/qmetatype.h:[m[K In static member function '[01m[Kstatic int QtMetaTypePrivate::QAssociativeIterableImpl::sizeImpl(const void*) [with T = QHash<QString, QVariant>][m[K':
[01m[K/home/build/inkbox/compiled-binaries/arm-kobo-linux-gnueabihf/arm-kobo-linux-gnueabihf/sysroot/include/QtCore/qmetatype.h:1310:31:[m[K [01;36m[Knote: [m[Kparameter passing for argument of type '[01m[KQHash<QString, QVariant>::const_iterator[m[K' changed in GCC 7.1
 1310 |     { return int([01;36m[Kstd::distance(static_cast<const T*>(p)->begin(),[m[K
      |                  [01;36m[K~~~~~~~~~~~~~^~~~~~~~~~~~~~~~~~~~~~~~~~~~~~~~~~~[m[K
 1311 | [01;36m[K                               static_cast<const T*>(p)->end())[m[K); }
      |                                [01;36m[K~~~~~~~~~~~~~~~~~~~~~~~~~~~~~~~~[m[K
[01m[K/home/build/inkbox/compiled-binaries/arm-kobo-linux-gnueabihf/arm-kobo-linux-gnueabihf/sysroot/include/QtCore/qmetatype.h:[m[K In static member function '[01m[Kstatic void QtMetaTypePrivate::QAssociativeIterableImpl::findImpl(const void*, const void*, void**) [with T = QHash<QString, QVariant>][m[K':
[01m[K/home/build/inkbox/compiled-binaries/arm-kobo-linux-gnueabihf/arm-kobo-linux-gnueabihf/sysroot/include/QtCore/qmetatype.h:1315:56:[m[K [01;36m[Knote: [m[Kparameter passing for argument of type '[01m[KQHash<QString, QVariant>::const_iterator[m[K' changed in GCC 7.1
 1315 |     { [01;36m[KIteratorOwner<typename T::const_iterator>::assign(iterator,[m[K
      |       [01;36m[K~~~~~~~~~~~~~~~~~~~~~~~~~~~~~~~~~~~~~~~~~~~~~~~~~^~~~~~~~~~[m[K
 1316 | [01;36m[K                                                        static_cast<const T*>(container)->find(*static_cast<const typename T::key_type*>(p)))[m[K; }
      |                                                         [01;36m[K~~~~~~~~~~~~~~~~~~~~~~~~~~~~~~~~~~~~~~~~~~~~~~~~~~~~~~~~~~~~~~~~~~~~~~~~~~~~~~~~~~~~~[m[K
[01m[K/home/build/inkbox/compiled-binaries/arm-kobo-linux-gnueabihf/arm-kobo-linux-gnueabihf/sysroot/include/QtCore/qmetatype.h:[m[K In static member function '[01m[Kstatic void QtMetaTypePrivate::QAssociativeIterableImpl::beginImpl(const void*, void**) [with T = QHash<QString, QVariant>][m[K':
[01m[K/home/build/inkbox/compiled-binaries/arm-kobo-linux-gnueabihf/arm-kobo-linux-gnueabihf/sysroot/include/QtCore/qmetatype.h:1327:56:[m[K [01;36m[Knote: [m[Kparameter passing for argument of type '[01m[KQHash<QString, QVariant>::const_iterator[m[K' changed in GCC 7.1
 1327 |     { [01;36m[KIteratorOwner<typename T::const_iterator>::assign(iterator, static_cast<const T*>(container)->begin())[m[K; }
      |       [01;36m[K~~~~~~~~~~~~~~~~~~~~~~~~~~~~~~~~~~~~~~~~~~~~~~~~~^~~~~~~~~~~~~~~~~~~~~~~~~~~~~~~~~~~~~~~~~~~~~~~~~~~~~[m[K
[01m[K/home/build/inkbox/compiled-binaries/arm-kobo-linux-gnueabihf/arm-kobo-linux-gnueabihf/sysroot/include/QtCore/qmetatype.h:[m[K In static member function '[01m[Kstatic void QtMetaTypePrivate::QAssociativeIterableImpl::endImpl(const void*, void**) [with T = QHash<QString, QVariant>][m[K':
[01m[K/home/build/inkbox/compiled-binaries/arm-kobo-linux-gnueabihf/arm-kobo-linux-gnueabihf/sysroot/include/QtCore/qmetatype.h:1331:56:[m[K [01;36m[Knote: [m[Kparameter passing for argument of type '[01m[KQHash<QString, QVariant>::const_iterator[m[K' changed in GCC 7.1
 1331 |     { [01;36m[KIteratorOwner<typename T::const_iterator>::assign(iterator, static_cast<const T*>(container)->end())[m[K; }
      |       [01;36m[K~~~~~~~~~~~~~~~~~~~~~~~~~~~~~~~~~~~~~~~~~~~~~~~~~^~~~~~~~~~~~~~~~~~~~~~~~~~~~~~~~~~~~~~~~~~~~~~~~~~~[m[K
In file included from [01m[K/mnt/HDD/Project/inkbox-build/inkbox/compiled-binaries/arm-kobo-linux-gnueabihf/arm-kobo-linux-gnueabihf/include/c++/11.2.0/bits/stl_algobase.h:66[m[K,
                 from [01m[K/mnt/HDD/Project/inkbox-build/inkbox/compiled-binaries/arm-kobo-linux-gnueabihf/arm-kobo-linux-gnueabihf/include/c++/11.2.0/algorithm:61[m[K,
                 from [01m[K/home/build/inkbox/compiled-binaries/arm-kobo-linux-gnueabihf/arm-kobo-linux-gnueabihf/sysroot/include/QtCore/qglobal.h:142[m[K,
                 from [01m[K/home/build/inkbox/compiled-binaries/arm-kobo-linux-gnueabihf/arm-kobo-linux-gnueabihf/sysroot/include/QtCore/qnamespace.h:43[m[K,
                 from [01m[K/home/build/inkbox/compiled-binaries/arm-kobo-linux-gnueabihf/arm-kobo-linux-gnueabihf/sysroot/include/QtCore/qobjectdefs.h:48[m[K,
                 from [01m[K/home/build/inkbox/compiled-binaries/arm-kobo-linux-gnueabihf/arm-kobo-linux-gnueabihf/sysroot/include/QtCore/qobject.h:46[m[K,
                 from [01m[K/home/build/inkbox/compiled-binaries/arm-kobo-linux-gnueabihf/arm-kobo-linux-gnueabihf/sysroot/include/QtCore/QObject:1[m[K,
                 from [01m[K/home/szybet/kdesrc/frameworks/solid/src/solid/devices/ifaces/device.h:10[m[K,
                 from [01m[K/home/szybet/kdesrc/frameworks/solid/src/solid/devices/backends/upower/upowerdevice.h:12[m[K,
                 from [01m[K/home/szybet/kdesrc/frameworks/solid/src/solid/devices/backends/upower/upowerdevice.cpp:8[m[K:
[01m[K/mnt/HDD/Project/inkbox-build/inkbox/compiled-binaries/arm-kobo-linux-gnueabihf/arm-kobo-linux-gnueabihf/include/c++/11.2.0/bits/stl_iterator_base_funcs.h:[m[K In function '[01m[Kconstexpr typename std::iterator_traits< <template-parameter-1-1> >::difference_type std::distance(_InputIterator, _InputIterator) [with _InputIterator = QMap<QString, QVariant>::const_iterator][m[K':
[01m[K/mnt/HDD/Project/inkbox-build/inkbox/compiled-binaries/arm-kobo-linux-gnueabihf/arm-kobo-linux-gnueabihf/include/c++/11.2.0/bits/stl_iterator_base_funcs.h:138:5:[m[K [01;36m[Knote: [m[Kparameter passing for argument of type '[01m[KQMap<QString, QVariant>::const_iterator[m[K' changed in GCC 7.1
  138 |     [01;36m[Kdistance[m[K(_InputIterator __first, _InputIterator __last)
      |     [01;36m[K^~~~~~~~[m[K
[01m[K/mnt/HDD/Project/inkbox-build/inkbox/compiled-binaries/arm-kobo-linux-gnueabihf/arm-kobo-linux-gnueabihf/include/c++/11.2.0/bits/stl_iterator_base_funcs.h:138:5:[m[K [01;36m[Knote: [m[Kparameter passing for argument of type '[01m[KQMap<QString, QVariant>::const_iterator[m[K' changed in GCC 7.1
[01m[K/mnt/HDD/Project/inkbox-build/inkbox/compiled-binaries/arm-kobo-linux-gnueabihf/arm-kobo-linux-gnueabihf/include/c++/11.2.0/bits/stl_iterator_base_funcs.h:141:29:[m[K [01;36m[Knote: [m[Kparameter passing for argument of type '[01m[KQMap<QString, QVariant>::const_iterator[m[K' changed in GCC 7.1
  141 |       return [01;36m[Kstd::__distance(__first, __last,[m[K
      |              [01;36m[K~~~~~~~~~~~~~~~^~~~~~~~~~~~~~~~~[m[K
  142 | [01;36m[K                             std::__iterator_category(__first))[m[K;
      |                              [01;36m[K~~~~~~~~~~~~~~~~~~~~~~~~~~~~~~~~~~[m[K
In file included from [01m[K/home/build/inkbox/compiled-binaries/arm-kobo-linux-gnueabihf/arm-kobo-linux-gnueabihf/sysroot/include/QtCore/qobject.h:54[m[K,
                 from [01m[K/home/build/inkbox/compiled-binaries/arm-kobo-linux-gnueabihf/arm-kobo-linux-gnueabihf/sysroot/include/QtCore/QObject:1[m[K,
                 from [01m[K/home/szybet/kdesrc/frameworks/solid/src/solid/devices/ifaces/device.h:10[m[K,
                 from [01m[K/home/szybet/kdesrc/frameworks/solid/src/solid/devices/backends/upower/upowerdevice.h:12[m[K,
                 from [01m[K/home/szybet/kdesrc/frameworks/solid/src/solid/devices/backends/upower/upowerdevice.cpp:8[m[K:
[01m[K/home/build/inkbox/compiled-binaries/arm-kobo-linux-gnueabihf/arm-kobo-linux-gnueabihf/sysroot/include/QtCore/qmetatype.h:[m[K In static member function '[01m[Kstatic void QtMetaTypePrivate::IteratorOwnerCommon<const_iterator>::assign(void**, const_iterator) [with const_iterator = QMap<QString, QVariant>::const_iterator][m[K':
[01m[K/home/build/inkbox/compiled-binaries/arm-kobo-linux-gnueabihf/arm-kobo-linux-gnueabihf/sysroot/include/QtCore/qmetatype.h:878:17:[m[K [01;36m[Knote: [m[Kparameter passing for argument of type '[01m[KQMap<QString, QVariant>::const_iterator[m[K' changed in GCC 7.1
  878 |     static void [01;36m[Kassign[m[K(void **ptr, const_iterator iterator)
      |                 [01;36m[K^~~~~~[m[K
In file included from [01m[K/mnt/HDD/Project/inkbox-build/inkbox/compiled-binaries/arm-kobo-linux-gnueabihf/arm-kobo-linux-gnueabihf/include/c++/11.2.0/bits/stl_algobase.h:66[m[K,
                 from [01m[K/mnt/HDD/Project/inkbox-build/inkbox/compiled-binaries/arm-kobo-linux-gnueabihf/arm-kobo-linux-gnueabihf/include/c++/11.2.0/algorithm:61[m[K,
                 from [01m[K/home/build/inkbox/compiled-binaries/arm-kobo-linux-gnueabihf/arm-kobo-linux-gnueabihf/sysroot/include/QtCore/qglobal.h:142[m[K,
                 from [01m[K/home/build/inkbox/compiled-binaries/arm-kobo-linux-gnueabihf/arm-kobo-linux-gnueabihf/sysroot/include/QtCore/qnamespace.h:43[m[K,
                 from [01m[K/home/build/inkbox/compiled-binaries/arm-kobo-linux-gnueabihf/arm-kobo-linux-gnueabihf/sysroot/include/QtCore/qobjectdefs.h:48[m[K,
                 from [01m[K/home/build/inkbox/compiled-binaries/arm-kobo-linux-gnueabihf/arm-kobo-linux-gnueabihf/sysroot/include/QtCore/qobject.h:46[m[K,
                 from [01m[K/home/build/inkbox/compiled-binaries/arm-kobo-linux-gnueabihf/arm-kobo-linux-gnueabihf/sysroot/include/QtCore/QObject:1[m[K,
                 from [01m[K/home/szybet/kdesrc/frameworks/solid/src/solid/devices/ifaces/device.h:10[m[K,
                 from [01m[K/home/szybet/kdesrc/frameworks/solid/src/solid/devices/backends/upower/upowerdevice.h:12[m[K,
                 from [01m[K/home/szybet/kdesrc/frameworks/solid/src/solid/devices/backends/upower/upowerdevice.cpp:8[m[K:
[01m[K/mnt/HDD/Project/inkbox-build/inkbox/compiled-binaries/arm-kobo-linux-gnueabihf/arm-kobo-linux-gnueabihf/include/c++/11.2.0/bits/stl_iterator_base_funcs.h:[m[K In function '[01m[Kconstexpr typename std::iterator_traits< <template-parameter-1-1> >::difference_type std::distance(_InputIterator, _InputIterator) [with _InputIterator = QHash<QString, QVariant>::const_iterator][m[K':
[01m[K/mnt/HDD/Project/inkbox-build/inkbox/compiled-binaries/arm-kobo-linux-gnueabihf/arm-kobo-linux-gnueabihf/include/c++/11.2.0/bits/stl_iterator_base_funcs.h:138:5:[m[K [01;36m[Knote: [m[Kparameter passing for argument of type '[01m[KQHash<QString, QVariant>::const_iterator[m[K' changed in GCC 7.1
  138 |     [01;36m[Kdistance[m[K(_InputIterator __first, _InputIterator __last)
      |     [01;36m[K^~~~~~~~[m[K
[01m[K/mnt/HDD/Project/inkbox-build/inkbox/compiled-binaries/arm-kobo-linux-gnueabihf/arm-kobo-linux-gnueabihf/include/c++/11.2.0/bits/stl_iterator_base_funcs.h:138:5:[m[K [01;36m[Knote: [m[Kparameter passing for argument of type '[01m[KQHash<QString, QVariant>::const_iterator[m[K' changed in GCC 7.1
[01m[K/mnt/HDD/Project/inkbox-build/inkbox/compiled-binaries/arm-kobo-linux-gnueabihf/arm-kobo-linux-gnueabihf/include/c++/11.2.0/bits/stl_iterator_base_funcs.h:141:29:[m[K [01;36m[Knote: [m[Kparameter passing for argument of type '[01m[KQHash<QString, QVariant>::const_iterator[m[K' changed in GCC 7.1
  141 |       return [01;36m[Kstd::__distance(__first, __last,[m[K
      |              [01;36m[K~~~~~~~~~~~~~~~^~~~~~~~~~~~~~~~~[m[K
  142 | [01;36m[K                             std::__iterator_category(__first))[m[K;
      |                              [01;36m[K~~~~~~~~~~~~~~~~~~~~~~~~~~~~~~~~~~[m[K
In file included from [01m[K/home/build/inkbox/compiled-binaries/arm-kobo-linux-gnueabihf/arm-kobo-linux-gnueabihf/sysroot/include/QtCore/qobject.h:54[m[K,
                 from [01m[K/home/build/inkbox/compiled-binaries/arm-kobo-linux-gnueabihf/arm-kobo-linux-gnueabihf/sysroot/include/QtCore/QObject:1[m[K,
                 from [01m[K/home/szybet/kdesrc/frameworks/solid/src/solid/devices/ifaces/device.h:10[m[K,
                 from [01m[K/home/szybet/kdesrc/frameworks/solid/src/solid/devices/backends/upower/upowerdevice.h:12[m[K,
                 from [01m[K/home/szybet/kdesrc/frameworks/solid/src/solid/devices/backends/upower/upowerdevice.cpp:8[m[K:
[01m[K/home/build/inkbox/compiled-binaries/arm-kobo-linux-gnueabihf/arm-kobo-linux-gnueabihf/sysroot/include/QtCore/qmetatype.h:[m[K In static member function '[01m[Kstatic void QtMetaTypePrivate::IteratorOwnerCommon<const_iterator>::assign(void**, const_iterator) [with const_iterator = QHash<QString, QVariant>::const_iterator][m[K':
[01m[K/home/build/inkbox/compiled-binaries/arm-kobo-linux-gnueabihf/arm-kobo-linux-gnueabihf/sysroot/include/QtCore/qmetatype.h:878:17:[m[K [01;36m[Knote: [m[Kparameter passing for argument of type '[01m[KQHash<QString, QVariant>::const_iterator[m[K' changed in GCC 7.1
  878 |     static void [01;36m[Kassign[m[K(void **ptr, const_iterator iterator)
      |                 [01;36m[K^~~~~~[m[K
In file included from [01m[K/mnt/HDD/Project/inkbox-build/inkbox/compiled-binaries/arm-kobo-linux-gnueabihf/arm-kobo-linux-gnueabihf/include/c++/11.2.0/bits/stl_algobase.h:66[m[K,
                 from [01m[K/mnt/HDD/Project/inkbox-build/inkbox/compiled-binaries/arm-kobo-linux-gnueabihf/arm-kobo-linux-gnueabihf/include/c++/11.2.0/algorithm:61[m[K,
                 from [01m[K/home/build/inkbox/compiled-binaries/arm-kobo-linux-gnueabihf/arm-kobo-linux-gnueabihf/sysroot/include/QtCore/qglobal.h:142[m[K,
                 from [01m[K/home/build/inkbox/compiled-binaries/arm-kobo-linux-gnueabihf/arm-kobo-linux-gnueabihf/sysroot/include/QtCore/qnamespace.h:43[m[K,
                 from [01m[K/home/build/inkbox/compiled-binaries/arm-kobo-linux-gnueabihf/arm-kobo-linux-gnueabihf/sysroot/include/QtCore/qobjectdefs.h:48[m[K,
                 from [01m[K/home/build/inkbox/compiled-binaries/arm-kobo-linux-gnueabihf/arm-kobo-linux-gnueabihf/sysroot/include/QtCore/qobject.h:46[m[K,
                 from [01m[K/home/build/inkbox/compiled-binaries/arm-kobo-linux-gnueabihf/arm-kobo-linux-gnueabihf/sysroot/include/QtCore/QObject:1[m[K,
                 from [01m[K/home/szybet/kdesrc/frameworks/solid/src/solid/devices/ifaces/device.h:10[m[K,
                 from [01m[K/home/szybet/kdesrc/frameworks/solid/src/solid/devices/backends/upower/upowerdevice.h:12[m[K,
                 from [01m[K/home/szybet/kdesrc/frameworks/solid/src/solid/devices/backends/upower/upowerdevice.cpp:8[m[K:
[01m[K/mnt/HDD/Project/inkbox-build/inkbox/compiled-binaries/arm-kobo-linux-gnueabihf/arm-kobo-linux-gnueabihf/include/c++/11.2.0/bits/stl_iterator_base_funcs.h:[m[K In function '[01m[Kconstexpr typename std::iterator_traits< <template-parameter-1-1> >::difference_type std::__distance(_InputIterator, _InputIterator, std::input_iterator_tag) [with _InputIterator = QMap<QString, QVariant>::const_iterator][m[K':
[01m[K/mnt/HDD/Project/inkbox-build/inkbox/compiled-binaries/arm-kobo-linux-gnueabihf/arm-kobo-linux-gnueabihf/include/c++/11.2.0/bits/stl_iterator_base_funcs.h:80:5:[m[K [01;36m[Knote: [m[Kparameter passing for argument of type '[01m[KQMap<QString, QVariant>::const_iterator[m[K' changed in GCC 7.1
   80 |     [01;36m[K__distance[m[K(_InputIterator __first, _InputIterator __last,
      |     [01;36m[K^~~~~~~~~~[m[K
[01m[K/mnt/HDD/Project/inkbox-build/inkbox/compiled-binaries/arm-kobo-linux-gnueabihf/arm-kobo-linux-gnueabihf/include/c++/11.2.0/bits/stl_iterator_base_funcs.h:80:5:[m[K [01;36m[Knote: [m[Kparameter passing for argument of type '[01m[KQMap<QString, QVariant>::const_iterator[m[K' changed in GCC 7.1
[01m[K/mnt/HDD/Project/inkbox-build/inkbox/compiled-binaries/arm-kobo-linux-gnueabihf/arm-kobo-linux-gnueabihf/include/c++/11.2.0/bits/stl_iterator_base_funcs.h:[m[K In function '[01m[Kconstexpr typename std::iterator_traits< <template-parameter-1-1> >::difference_type std::__distance(_InputIterator, _InputIterator, std::input_iterator_tag) [with _InputIterator = QHash<QString, QVariant>::const_iterator][m[K':
[01m[K/mnt/HDD/Project/inkbox-build/inkbox/compiled-binaries/arm-kobo-linux-gnueabihf/arm-kobo-linux-gnueabihf/include/c++/11.2.0/bits/stl_iterator_base_funcs.h:80:5:[m[K [01;36m[Knote: [m[Kparameter passing for argument of type '[01m[KQHash<QString, QVariant>::const_iterator[m[K' changed in GCC 7.1
[01m[K/mnt/HDD/Project/inkbox-build/inkbox/compiled-binaries/arm-kobo-linux-gnueabihf/arm-kobo-linux-gnueabihf/include/c++/11.2.0/bits/stl_iterator_base_funcs.h:80:5:[m[K [01;36m[Knote: [m[Kparameter passing for argument of type '[01m[KQHash<QString, QVariant>::const_iterator[m[K' changed in GCC 7.1
[ 93%] Linking CXX shared library ../../bin/libKF5Solid.so
[ 94%] Built target KF5Solid
[ 94%] Automatic MOC for target solidextensionplugin
[ 94%] Automatic MOC for target solid-hardware5
[ 94%] Built target solid-hardware5_autogen
[ 94%] Built target solidextensionplugin_autogen
[ 95%] Building CXX object src/tools/solid-hardware/CMakeFiles/solid-hardware5.dir/solid-hardware5_autogen/mocs_compilation.cpp.o
[ 95%] Building CXX object src/tools/solid-hardware/CMakeFiles/solid-hardware5.dir/solid-hardware.cpp.o
[ 97%] Building CXX object src/imports/CMakeFiles/solidextensionplugin.dir/solidextensionplugin.cpp.o
[ 97%] Building CXX object src/imports/CMakeFiles/solidextensionplugin.dir/solidextensionplugin_autogen/mocs_compilation.cpp.o
[ 97%] Building CXX object src/imports/CMakeFiles/solidextensionplugin.dir/devices.cpp.o
[ 98%] Linking CXX executable ../../../bin/solid-hardware5
[ 98%] Built target solid-hardware5
[100%] Linking CXX shared library ../../bin/libsolidextensionplugin.so
[100%] Built target solidextensionplugin
