# kdesrc-build running: 'make' '-j' '8'
# from directory: /home/szybet/kdesrc/build/frameworks/kcoreaddons
[  1%] Built target translations_3
[  1%] Built target translations_4
[  1%] Built target translations_6
[  1%] Built target translations_1
[  1%] Built target translations_2
[  1%] Built target translations_8
[  1%] Built target translations_5
[  1%] Built target translations_7
[  1%] Built target translations_9
[  1%] Built target translations_10
[  1%] Built target translations_11
[  1%] Built target translations_12
[  2%] Built target translations_13
[  2%] Built target translations_15
[  2%] Built target translations_16
[  2%] Built target translations_14
[  3%] Built target translations_17
[  3%] Built target translations_18
[  3%] Built target translations_19
[  4%] Built target translations_20
[  4%] Built target translations_22
[  4%] Built target translations_21
[  4%] Built target translations_23
[  5%] Built target translations_24
[  5%] Built target translations_25
[  5%] Built target translations_26
[  6%] Built target translations_28
[  6%] Built target translations_27
[  6%] Built target translations_30
[  6%] Built target translations_29
[  7%] Built target translations_31
[  7%] Built target translations_32
[  7%] Built target translations_33
[  7%] Built target translations_34
[  7%] Built target translations_35
[  8%] Built target translations_36
[  8%] Built target translations_37
[  8%] Built target translations_38
[  8%] Built target translations_39
[  8%] Built target translations_40
[  8%] Built target translations_41
[  8%] Built target translations_42
[  9%] Built target translations_45
[  9%] Built target translations_43
[  9%] Built target translations_44
[  9%] Built target translations_48
[  9%] Built target translations_46
[ 10%] Built target translations_47
[ 10%] Built target translations_49
[ 10%] Built target translations_51
[ 11%] Built target translations_50
[ 11%] Built target translations_52
[ 11%] Built target translations_53
[ 11%] Built target translations_55
[ 12%] Built target translations_54
[ 12%] Built target translations_56
[ 13%] Built target translations_58
[ 13%] Built target translations_57
[ 13%] Built target translations_59
[ 13%] Built target translations_60
[ 13%] Built target translations_62
[ 13%] Built target translations_63
[ 14%] Built target translations_61
[ 14%] Built target translations_64
[ 15%] Built target translations_65
[ 15%] Built target translations_66
[ 16%] Built target translations_69
[ 16%] Built target translations_67
[ 16%] Built target translations_68
[ 16%] Built target translations_70
[ 16%] Built target translations_71
[ 16%] Built target translations_72
[ 16%] Built target translations_75
[ 17%] Built target translations_74
[ 17%] Built target translations_73
[ 17%] Built target translations_76
[ 18%] Built target translations_77
[ 18%] Built target translations_78
[ 18%] Built target translations_79
[ 19%] Built target translations_80
[ 19%] Built target translations_83
[ 19%] Built target translations_82
[ 19%] Built target translations_81
[ 19%] Built target translations_85
[ 19%] Built target translations_86
[ 20%] Built target translations_84
[ 20%] Built target translations_87
[ 21%] Built target translations_88
[ 21%] Built target translations_89
[ 21%] Built target translations_90
[ 22%] Built target translations_91
[ 22%] Built target translations_92
[ 22%] Built target translations_93
[ 22%] Built target translations_94
[ 23%] Built target translations_95
[ 23%] Built target translations_96
[ 23%] Built target translations_97
[ 23%] Built target translations_98
[ 24%] Built target translations_99
[ 24%] Built target translations_100
[ 25%] Built target translations_101
[ 25%] Built target translations_102
[ 25%] Built target translations_103
[ 25%] Built target translations_104
[ 26%] Built target translations_105
[ 26%] Built target translations_106
[ 26%] Automatic MOC for target desktoptojson
[ 26%] Automatic MOC for target KF5CoreAddons
[ 26%] Automatic MOC for target autotests_static
[ 26%] Built target desktoptojson_autogen
[ 26%] Built target autotests_static_autogen
[ 26%] Built target KF5CoreAddons_autogen
[ 28%] Built target desktoptojson
[ 29%] Built target autotests_static
[ 29%] Automatic MOC for target ktexttohtmlteststatic
[ 42%] Built target KF5CoreAddons
[ 42%] Built target ktexttohtmlteststatic_autogen
[ 43%] Automatic MOC for target jsonplugin2
[ 43%] Automatic MOC for target alwaysunloadplugin
[ 43%] Automatic MOC for target versionedplugin
[ 43%] Automatic MOC for target jsonplugin_cmake_macro
[ 43%] Automatic MOC for target jsonplugin
[ 43%] Automatic MOC for target multiplugin
[ 44%] Automatic MOC for target unversionedplugin
[ 44%] Automatic MOC for target qtplugin
[ 44%] Built target versionedplugin_autogen
[ 44%] Built target unversionedplugin_autogen
[ 44%] Built target alwaysunloadplugin_autogen
[ 44%] Built target multiplugin_autogen
[ 44%] Built target jsonplugin_autogen
[ 44%] Built target qtplugin_autogen
[ 44%] Built target jsonplugin_cmake_macro_autogen
[ 44%] Built target jsonplugin2_autogen
[ 44%] Automatic MOC for target org.kde.test
[ 44%] Automatic MOC for target pluginwithoutmetadata
[ 44%] Automatic MOC for target kaboutdatatest
[ 44%] Automatic MOC for target kcompositejobtest
[ 44%] Automatic MOC for target kautosavefiletest
[ 44%] Automatic MOC for target kaboutdataapplicationdatatest
[ 44%] Automatic MOC for target kformattest
[ 44%] Automatic MOC for target kjobtest
[ 44%] Built target org.kde.test_autogen
[ 44%] Built target pluginwithoutmetadata_autogen
[ 44%] Built target kcompositejobtest_autogen
[ 44%] Built target kautosavefiletest_autogen
[ 44%] Built target kaboutdatatest_autogen
[ 44%] Built target kaboutdataapplicationdatatest_autogen
[ 44%] Built target kformattest_autogen
[ 44%] Built target kjobtest_autogen
[ 45%] Automatic MOC for target kosreleasetest
[ 45%] Automatic MOC for target static_jsonplugin_cmake_macro
[ 45%] Automatic MOC for target static_jsonplugin_cmake_macro_2
[ 46%] Automatic MOC for target static_plugin_without_metadata
[ 46%] Automatic MOC for target kpluginloadertest
[ 46%] Automatic MOC for target kprocesstest
[ 46%] Automatic MOC for target krandomtest
[ 46%] Automatic MOC for target kshareddatacachetest
[ 46%] Built target static_jsonplugin_cmake_macro_autogen
[ 46%] Built target kprocesstest_autogen
[ 46%] Built target static_jsonplugin_cmake_macro_2_autogen
[ 46%] Built target static_plugin_without_metadata_autogen
[ 46%] Built target kosreleasetest_autogen
[ 46%] Built target kpluginloadertest_autogen
[ 46%] Built target krandomtest_autogen
[ 46%] Built target kshareddatacachetest_autogen
[ 46%] Automatic MOC for target kstringhandlertest
[ 46%] Automatic MOC for target kusertest
[ 46%] Automatic MOC for target kurlmimedatatest
[ 46%] Automatic MOC for target kshelltest
[ 46%] Automatic MOC for target kprocesslisttest
[ 46%] Automatic MOC for target kmacroexpandertest
[ 46%] Automatic MOC for target kfileutilstest
[ 46%] Built target kstringhandlertest_autogen
[ 46%] Built target kurlmimedatatest_autogen
[ 46%] Automatic MOC for target kfuzzymatchertest
[ 46%] Built target kprocesslisttest_autogen
[ 46%] Built target kusertest_autogen
[ 46%] Built target kshelltest_autogen
[ 46%] Built target kmacroexpandertest_autogen
[ 46%] Built target kfileutilstest_autogen
[ 46%] Built target kfuzzymatchertest_autogen
[ 46%] Automatic MOC for target knetworkmountstestcanonical
[ 46%] Automatic MOC for target knetworkmountstestnoconfig
[ 46%] Automatic MOC for target knetworkmountstestpaths
[ 46%] Automatic MOC for target knetworkmountsteststatic
[ 46%] Automatic MOC for target klibexectest
[ 46%] Automatic MOC for target kmemoryinfotest
[ 46%] Automatic MOC for target kruntimeplatformtest
[ 46%] Automatic MOC for target klistopenfilesjobtest_unix
[ 46%] Built target knetworkmountstestcanonical_autogen
[ 46%] Built target knetworkmountstestnoconfig_autogen
[ 46%] Built target knetworkmountstestpaths_autogen
[ 46%] Built target kmemoryinfotest_autogen
[ 46%] Built target kruntimeplatformtest_autogen
[ 46%] Built target knetworkmountsteststatic_autogen
[ 46%] Built target klistopenfilesjobtest_unix_autogen
[ 46%] Built target klibexectest_autogen
[ 46%] Automatic MOC for target kdelibs4migrationtest
[ 46%] Automatic MOC for target kdelibs4configmigratortest
[ 46%] Automatic MOC for target kprocesstest_helper
[ 47%] Built target ktexttohtmlteststatic
[ 47%] Automatic MOC for target kdirwatch_stat_unittest
[ 47%] Automatic MOC for target kdirwatch_stat_benchmarktest
[ 47%] Built target kdelibs4migrationtest_autogen
[ 47%] Automatic MOC for target kdirwatch_inotify_unittest
[ 47%] Built target kdelibs4configmigratortest_autogen
[ 47%] Automatic MOC for target kdirwatch_inotify_benchmarktest
[ 47%] Built target kprocesstest_helper_autogen
[ 47%] Built target kdirwatch_stat_benchmarktest_autogen
[ 47%] Built target kdirwatch_stat_unittest_autogen
[ 47%] Automatic MOC for target kdirwatch_qfswatch_unittest
[ 47%] Built target kdirwatch_inotify_unittest_autogen
[ 47%] Automatic MOC for target kdirwatch_qfswatch_benchmarktest
[ 47%] Automatic MOC for target kdirwatchtest_gui
[ 47%] Built target kdirwatch_inotify_benchmarktest_autogen
[ 48%] Automatic MOC for target texttohtmltest
[ 48%] Automatic MOC for target faceicontest
[ 48%] Built target kdirwatch_qfswatch_benchmarktest_autogen
[ 48%] Built target kdirwatch_qfswatch_unittest_autogen
[ 48%] Built target jsonplugin
[ 48%] Built target kdirwatchtest_gui_autogen
[ 49%] Built target jsonplugin2
[ 49%] Built target versionedplugin
[ 49%] Built target texttohtmltest_autogen
[ 49%] Built target faceicontest_autogen
[ 49%] Built target unversionedplugin
[ 51%] Built target jsonplugin_cmake_macro
[ 51%] Built target multiplugin
[ 52%] Built target alwaysunloadplugin
[ 53%] Built target qtplugin
[ 54%] Built target pluginwithoutmetadata
[ 55%] Built target kaboutdatatest
[ 56%] Built target org.kde.test
[ 57%] Built target kaboutdataapplicationdatatest
[ 58%] Built target kautosavefiletest
[ 59%] Built target kcompositejobtest
[ 60%] Built target kformattest
[ 61%] Built target kjobtest
[ 62%] Built target kosreleasetest
[ 63%] Built target static_jsonplugin_cmake_macro
[ 63%] Built target static_jsonplugin_cmake_macro_2
[ 63%] Built target static_plugin_without_metadata
[ 64%] Built target kpluginloadertest
[ 65%] Built target kprocesstest
[ 66%] Built target krandomtest
[ 67%] Built target kshareddatacachetest
[ 68%] Built target kshelltest
[ 69%] Built target kurlmimedatatest
[ 70%] Built target kstringhandlertest
[ 71%] Built target kmacroexpandertest
[ 72%] Built target kusertest
[ 73%] Built target kprocesslisttest
[ 74%] Built target kfileutilstest
[ 75%] Built target kfuzzymatchertest
[ 76%] Built target knetworkmountstestcanonical
[ 77%] Built target knetworkmountstestnoconfig
[ 78%] Built target knetworkmountstestpaths
[ 79%] Built target knetworkmountsteststatic
[ 80%] Built target klibexectest
[ 81%] Built target kmemoryinfotest
[ 82%] Built target kruntimeplatformtest
[ 82%] Automatic MOC for target ktexttohtmltest
[ 83%] Built target klistopenfilesjobtest_unix
[ 85%] Built target kdelibs4migrationtest
[ 85%] Built target kdelibs4configmigratortest
[ 85%] Automatic MOC for target ktexttohtmlbenchmarktest
[ 86%] Built target kprocesstest_helper
[ 87%] Built target kdirwatch_stat_unittest
[ 88%] Built target kdirwatch_stat_benchmarktest
[ 88%] Built target ktexttohtmltest_autogen
[ 88%] Built target ktexttohtmlbenchmarktest_autogen
[ 89%] Built target kdirwatch_inotify_unittest
[ 90%] Built target kdirwatch_inotify_benchmarktest
[ 91%] Built target kdirwatch_qfswatch_unittest
[ 92%] Built target kdirwatch_qfswatch_benchmarktest
[ 92%] Built target texttohtmltest
[ 93%] Built target kdirwatchtest_gui
[ 93%] Automatic MOC for target kpluginfactorytest
[ 94%] Built target faceicontest
[ 94%] Automatic MOC for target kpluginmetadatatest
[ 95%] Built target ktexttohtmltest
[ 96%] Built target ktexttohtmlbenchmarktest
[ 96%] Built target kpluginfactorytest_autogen
[ 96%] Built target kpluginmetadatatest_autogen
[ 97%] Built target kpluginfactorytest
[100%] Built target kpluginmetadatatest
