# kdesrc-build running: 'make' '-j' '8'
# from directory: /home/szybet/kdesrc/build/frameworks/kguiaddons
-- 

Installing in /mnt/HDD/Project/Public/okulartry/okular-things. Run /home/szybet/kdesrc/build/frameworks/kguiaddons/prefix.sh to set the environment for KGuiAddons.
-- The following REQUIRED packages have been found:

 * ECM (required version >= 5.106.0), Extra CMake Modules., <https://commits.kde.org/extra-cmake-modules>
 * Qt5Gui (required version >= 5.15.2)

-- The following features have been disabled:

 * QCH, API documentation in QCH format (for e.g. Qt Assistant, Qt Creator & KDevelop)
 * WAYLAND, KeySequenceEditor inhibiting shortcuts on Wayland
 * X11, KeySequenceEditor inhibiting shortcuts on X11

-- Configuring done (0.0s)
-- Generating done (0.0s)
-- Build files have been written to: /home/szybet/kdesrc/build/frameworks/kguiaddons
[  7%] Automatic MOC for target KF5GuiAddons
[  7%] Automatic MOC for target kde-geo-uri-handler
[  7%] Built target kde-geo-uri-handler_autogen
[  7%] Built target KF5GuiAddons_autogen
[ 10%] Linking CXX executable ../../bin/kde-geo-uri-handler
[ 89%] Built target KF5GuiAddons
[100%] Built target kde-geo-uri-handler
