# kdesrc-build running: 'make' '-j' '8'
# from directory: /home/szybet/kdesrc/build/frameworks/kio
-- 

Installing in /mnt/HDD/Project/Public/okulartry/okular-things. Run /home/szybet/kdesrc/build/frameworks/kio/prefix.sh to set the environment for KIO.
CMake Warning at CMakeLists.txt:86 (find_package):
  Could not find a configuration file for package "KDED" that is compatible
  with requested version "".

  The following configuration files were considered but not accepted:

    /lib/cmake/KDED/KDEDConfig.cmake, version: 5.106.0 (64bit)
    /usr/lib/cmake/KDED/KDEDConfig.cmake, version: 5.106.0 (64bit)



CMake Warning at /home/build/inkbox/compiled-binaries/arm-kobo-linux-gnueabihf/arm-kobo-linux-gnueabihf/sysroot/lib/cmake/KF5CoreAddons/KF5CoreAddonsMacros.cmake:37 (message):
  kcoreaddons_desktop_to_json is deprecated and will be removed in KF6.
  Convert the desktop files to JSON in source using the desktoptojson
  executable
Call Stack (most recent call first):
  src/ioslaves/trash/CMakeLists.txt:89 (kcoreaddons_desktop_to_json)


CMake Warning at /home/build/inkbox/compiled-binaries/arm-kobo-linux-gnueabihf/arm-kobo-linux-gnueabihf/sysroot/lib/cmake/KF5CoreAddons/KF5CoreAddonsMacros.cmake:37 (message):
  kcoreaddons_desktop_to_json is deprecated and will be removed in KF6.
  Convert the desktop files to JSON in source using the desktoptojson
  executable
Call Stack (most recent call first):
  src/kcms/webshortcuts/CMakeLists.txt:2 (kcoreaddons_desktop_to_json)


CMake Warning at /home/build/inkbox/compiled-binaries/arm-kobo-linux-gnueabihf/arm-kobo-linux-gnueabihf/sysroot/lib/cmake/KF5CoreAddons/KF5CoreAddonsMacros.cmake:37 (message):
  kcoreaddons_desktop_to_json is deprecated and will be removed in KF6.
  Convert the desktop files to JSON in source using the desktoptojson
  executable
Call Stack (most recent call first):
  src/kcms/cookies/CMakeLists.txt:3 (kcoreaddons_desktop_to_json)


CMake Warning at /home/build/inkbox/compiled-binaries/arm-kobo-linux-gnueabihf/arm-kobo-linux-gnueabihf/sysroot/lib/cmake/KF5CoreAddons/KF5CoreAddonsMacros.cmake:37 (message):
  kcoreaddons_desktop_to_json is deprecated and will be removed in KF6.
  Convert the desktop files to JSON in source using the desktoptojson
  executable
Call Stack (most recent call first):
  src/kcms/smb/CMakeLists.txt:3 (kcoreaddons_desktop_to_json)


CMake Warning at /home/build/inkbox/compiled-binaries/arm-kobo-linux-gnueabihf/arm-kobo-linux-gnueabihf/sysroot/lib/cmake/KF5CoreAddons/KF5CoreAddonsMacros.cmake:37 (message):
  kcoreaddons_desktop_to_json is deprecated and will be removed in KF6.
  Convert the desktop files to JSON in source using the desktoptojson
  executable
Call Stack (most recent call first):
  src/kcms/proxy/CMakeLists.txt:3 (kcoreaddons_desktop_to_json)


CMake Warning at /home/build/inkbox/compiled-binaries/arm-kobo-linux-gnueabihf/arm-kobo-linux-gnueabihf/sysroot/lib/cmake/KF5CoreAddons/KF5CoreAddonsMacros.cmake:37 (message):
  kcoreaddons_desktop_to_json is deprecated and will be removed in KF6.
  Convert the desktop files to JSON in source using the desktoptojson
  executable
Call Stack (most recent call first):
  src/kcms/netpref/CMakeLists.txt:5 (kcoreaddons_desktop_to_json)


-- The following OPTIONAL packages have been found:

 * KF5Wallet (required version >= 5.106.0), Safe desktop-wide storage for passwords
   Required to have permanent storage of passwords for kpasswdserver
 * KF5Notifications (required version >= 5.106.0), Notifications library
   Required to have error notification support in kpac
 * Qt5Qml (required version >= 5.15.2), QtQml, one of the Qt5 modules
   Required to build support for auto-configuration of network proxies

-- The following REQUIRED packages have been found:

 * ECM (required version >= 5.106.0), Extra CMake Modules., <https://commits.kde.org/extra-cmake-modules>
 * Qt5Core (required version >= 5.15.2)
 * KF5Archive (required version >= 5.106.0)
 * KF5Config (required version >= 5.106.0)
 * KF5CoreAddons (required version >= 5.106.0)
 * KF5Service (required version >= 5.106.0)
 * KF5Solid (required version >= 5.106.0)
 * KF5Crash (required version >= 5.106.0)
 * KF5DBusAddons (required version >= 5.106.0)
 * KF5Completion (required version >= 5.106.0)
 * KF5GuiAddons (required version >= 5.106.0)
 * KF5IconThemes (required version >= 5.106.0)
 * KF5ItemViews (required version >= 5.106.0)
 * KF5JobWidgets (required version >= 5.106.0)
 * KF5WidgetsAddons (required version >= 5.106.0)
 * KF5WindowSystem (required version >= 5.106.0)
 * KF5Auth (required version >= 5.106.0)
 * Qt5Network
 * Qt5Concurrent
 * Qt5Xml
 * Qt5Test
 * Qt5 (required version >= 5.15.2)
 * LibMount, API for getting info about mounted filesystems (part of util-linux), <https://www.kernel.org/pub/linux/utils/util-linux/>
 * KF5Bookmarks (required version >= 5.106.0)
 * KF5ConfigWidgets (required version >= 5.106.0)
 * KF5XmlGui (required version >= 5.106.0)
 * Gettext
 * KF5I18n (required version >= 5.106.0)
 * KF5TextWidgets (required version >= 5.106.0)
 * Qt5Gui (required version >= 5.15.2)
 * Qt5Widgets (required version >= 5.15.2)
 * Qt5DBus (required version >= 5.15.2)

-- The following features have been disabled:

 * QCH, API documentation in QCH format (for e.g. Qt Assistant, Qt Creator & KDevelop)
 * DESIGNERPLUGIN, Build plugin for Qt Designer

-- The following RUNTIME packages have not been found:

 * KDED, Daemon providing session services
   KDED is used at runtime for proxy management and cookie storage

-- The following OPTIONAL packages have not been found:

 * GSSAPI, Allows KIO to make use of certain HTTP authentication services, <https://web.mit.edu/kerberos/www/>
   A MIT or HEIMDAL flavor of GSSAPI can be used

-- The following RECOMMENDED packages have not been found:

 * ACL, LibACL, <ftp://oss.sgi.com/projects/xfs/cmd_tars>
   Support for manipulating access control lists
   Support for manipulating access control lists

-- Configuring done (0.2s)
-- Generating done (0.1s)
-- Build files have been written to: /home/szybet/kdesrc/build/frameworks/kio
[  0%] Automatic MOC for target protocoltojson
[  0%] Generating mo...
[  1%] Automatic MOC for target KF5KIOCore
[  1%] Automatic MOC for target KF5KIONTLM
[  2%] Generating ts...
[  2%] Automatic MOC for target kded_kcookiejar
[  2%] Automatic MOC for target kcookiejar5
[  2%] Built target kcm_webshortcuts_link
[  2%] Built target protocoltojson_autogen
[  2%] Built target KF5KIONTLM_autogen
[  2%] Built target kcookiejar5_autogen
[  2%] Built target kded_kcookiejar_autogen
[  2%] Built target tsfiles-583fb853a6311f5cf12fd043f323004c
[  2%] Built target pofiles-583fb853a6311f5cf12fd043f323004c
[  2%] Automatic MOC for target kcm_smb
[  2%] Automatic MOC for target kpac_dhcp_helper
[  2%] Generating kioworker.tar.bz2
[  3%] Linking CXX executable ../../bin/protocoltojson
[  3%] Built target kcm_proxy_link
[  4%] Built target kcm_smb_autogen
[  5%] Built target KF5KIONTLM
[  5%] Built target KF5KIOCore_autogen
[  5%] Built target kpac_dhcp_helper_autogen
[  6%] Linking CXX executable ../../../../bin/kcookiejar5
[  6%] Built target kioworker_kapptemplate
[  6%] Built target kcm_smb
[  8%] Built target kded_kcookiejar
[  8%] Building C object src/kpac/CMakeFiles/kpac_dhcp_helper.dir/kpac_dhcp_helper.c.o
[  8%] Building CXX object src/kpac/CMakeFiles/kpac_dhcp_helper.dir/kpac_dhcp_helper_autogen/mocs_compilation.cpp.o
[  9%] Linking CXX executable ../../bin/kpac_dhcp_helper
[  9%] Built target protocoltojson
[  9%] Built target kpac_dhcp_helper
[ 29%] Built target KF5KIOCore
[ 29%] Automatic MOC for target kio_trash
[ 29%] Automatic MOC for target file_helper
[ 29%] Automatic MOC for target kcm_trash
[ 29%] Automatic MOC for target ktrash5
[ 30%] Automatic MOC for target kio_file
[ 30%] Automatic MOC for target kio_ftp
[ 30%] Automatic MOC for target kio_http_cache_cleaner
[ 30%] Built target file_helper_autogen
[ 30%] Built target kio_trash_autogen
[ 30%] Built target ktrash5_autogen
[ 30%] Built target kcm_trash_autogen
[ 30%] Built target kio_ftp_autogen
[ 30%] Built target kio_http_cache_cleaner_autogen
[ 31%] Built target kcookiejar5
[ 31%] Automatic MOC for target kio_http
[ 31%] Automatic MOC for target kio_remote
[ 31%] Automatic MOC for target remotedirnotify
[ 31%] Automatic MOC for target kiod5
[ 32%] Automatic MOC for target kssld
[ 32%] Automatic MOC for target KF5KIOGui
[ 33%] Automatic MOC for target kioslave5
[ 33%] Built target kio_remote_autogen
[ 33%] Built target kio_http_autogen
[ 33%] Built target kiod5_autogen
[ 33%] Built target remotedirnotify_autogen
[ 33%] Built target kssld_autogen
[ 33%] Built target kioslave5_autogen
[ 33%] Built target KF5KIOGui_autogen
[ 34%] Automatic MOC for target kioexecd
[ 34%] Automatic MOC for target kcm_cookies
[ 34%] Automatic MOC for target kiod_kpasswdserver
[ 34%] Automatic MOC for target kcm_netpref
[ 34%] Automatic MOC for target kded_proxyscout
[ 35%] Built target kcm_cookies_autogen
[ 35%] Linking CXX executable ../../../../bin/file_helper
[ 35%] Built target kioexecd_autogen
[ 35%] Built target kiod_kpasswdserver_autogen
[ 35%] Built target kcm_netpref_autogen
[ 35%] Built target kded_proxyscout_autogen
[ 37%] Built target kio_trash
[ 38%] Building CXX object src/ioslaves/trash/CMakeFiles/ktrash5.dir/ktrash5_autogen/mocs_compilation.cpp.o
[ 38%] Building CXX object src/kioworkers/ftp/CMakeFiles/kio_ftp.dir/kio_ftp_autogen/mocs_compilation.cpp.o
[ 38%] Built target kio_file_autogen
[ 38%] Building CXX object src/ioslaves/trash/CMakeFiles/kcm_trash.dir/kcm_trash_autogen/mocs_compilation.cpp.o
[ 39%] Building CXX object src/kioworkers/http/CMakeFiles/kio_http.dir/kio_http_autogen/mocs_compilation.cpp.o
[ 39%] Building CXX object src/ioslaves/trash/CMakeFiles/kcm_trash.dir/kcmtrash.cpp.o
[ 39%] Building CXX object src/kioworkers/http/CMakeFiles/kio_http_cache_cleaner.dir/kio_http_cache_cleaner_autogen/mocs_compilation.cpp.o
[ 39%] Building CXX object src/kioworkers/remote/CMakeFiles/kio_remote.dir/kio_remote_autogen/mocs_compilation.cpp.o
[ 39%] Building CXX object src/ioslaves/trash/CMakeFiles/ktrash5.dir/ktrash.cpp.o
[ 39%] Building CXX object src/kioworkers/http/CMakeFiles/kio_http_cache_cleaner.dir/http_cache_cleaner.cpp.o
[ 39%] Building CXX object src/kioworkers/remote/CMakeFiles/kio_remote.dir/kio_remote.cpp.o
[ 40%] Built target file_helper
[ 40%] Building CXX object src/kioworkers/remote/CMakeFiles/kio_remote.dir/remoteimpl.cpp.o
[ 40%] Building CXX object src/kioworkers/http/CMakeFiles/kio_http.dir/http.cpp.o
[ 40%] Linking CXX executable ../../../bin/ktrash5
[ 40%] Built target ktrash5
[ 40%] Building CXX object src/kioworkers/http/CMakeFiles/kio_http.dir/httpauthentication.cpp.o
[ 40%] Building CXX object src/kioworkers/ftp/CMakeFiles/kio_ftp.dir/ftp.cpp.o
[01m[K/home/szybet/kdesrc/frameworks/kio/src/kioworkers/http/http_cache_cleaner.cpp:[m[K In member function '[01m[Kvoid CacheIndex::computeHash()[m[K':
[01m[K/home/szybet/kdesrc/frameworks/kio/src/kioworkers/http/http_cache_cleaner.cpp:326:21:[m[K [01;35m[Kwarning: [m[Kcast from '[01m[Kquint8*[m[K' {aka '[01m[Kunsigned char*[m[K'} to '[01m[Kuint*[m[K' {aka '[01m[Kunsigned int*[m[K'} increases required alignment of target type [[01;35m[K-Wcast-align[m[K]
  326 |             hash ^= [01;35m[Kreinterpret_cast<uint *>(&m_index[0])[m[K[i];
      |                     [01;35m[K^~~~~~~~~~~~~~~~~~~~~~~~~~~~~~~~~~~~~[m[K
[ 40%] Building CXX object src/kioworkers/http/CMakeFiles/kio_http.dir/httpfilter.cpp.o
[ 41%] Building CXX object src/kioworkers/remote/CMakeFiles/kio_remote.dir/debug.cpp.o
[01m[K/home/szybet/kdesrc/frameworks/kio/src/kioworkers/http/http_cache_cleaner.cpp:[m[K In member function '[01m[Kvoid Scoreboard::maybeRemoveStaleEntries(const QList<CacheFileInfo*>&)[m[K':
[01m[K/home/szybet/kdesrc/frameworks/kio/src/kioworkers/http/http_cache_cleaner.cpp:528:40:[m[K [01;36m[Knote: [m[Kparameter passing for argument of type '[01m[KQHash<CacheIndex, MiniCacheFileInfo>::Iterator[m[K' {aka '[01m[KQHash<CacheIndex, MiniCacheFileInfo>::iterator[m[K'} changed in GCC 7.1
  528 |                 it = [01;36m[Km_scoreboard.erase(it)[m[K;
      |                      [01;36m[K~~~~~~~~~~~~~~~~~~^~~~[m[K
[ 41%] Building CXX object src/ioslaves/trash/CMakeFiles/kcm_trash.dir/trashimpl.cpp.o
In file included from [01m[K/home/build/inkbox/compiled-binaries/arm-kobo-linux-gnueabihf/arm-kobo-linux-gnueabihf/sysroot/include/QtCore/qvariant.h:48[m[K,
                 from [01m[K/home/build/inkbox/compiled-binaries/arm-kobo-linux-gnueabihf/arm-kobo-linux-gnueabihf/sysroot/include/QtDBus/qtdbusglobal.h:45[m[K,
                 from [01m[K/home/build/inkbox/compiled-binaries/arm-kobo-linux-gnueabihf/arm-kobo-linux-gnueabihf/sysroot/include/QtDBus/qdbusconnection.h:44[m[K,
                 from [01m[K/home/build/inkbox/compiled-binaries/arm-kobo-linux-gnueabihf/arm-kobo-linux-gnueabihf/sysroot/include/QtDBus/QDBusConnection:1[m[K,
                 from [01m[K/home/szybet/kdesrc/frameworks/kio/src/kioworkers/http/http_cache_cleaner.cpp:14[m[K:
[01m[K/home/build/inkbox/compiled-binaries/arm-kobo-linux-gnueabihf/arm-kobo-linux-gnueabihf/sysroot/include/QtCore/qhash.h:[m[K In member function '[01m[KQHash<K, V>::iterator QHash<K, V>::erase(QHash<K, V>::iterator) [with Key = CacheIndex; T = MiniCacheFileInfo][m[K':
[01m[K/home/build/inkbox/compiled-binaries/arm-kobo-linux-gnueabihf/arm-kobo-linux-gnueabihf/sysroot/include/QtCore/qhash.h:521:14:[m[K [01;36m[Knote: [m[Kparameter passing for argument of type '[01m[KQHash<CacheIndex, MiniCacheFileInfo>::iterator[m[K' changed in GCC 7.1
  521 |     iterator [01;36m[Kerase[m[K(iterator it) { return erase(const_iterator(it.i)); }
      |              [01;36m[K^~~~~[m[K
[01m[K/home/build/inkbox/compiled-binaries/arm-kobo-linux-gnueabihf/arm-kobo-linux-gnueabihf/sysroot/include/QtCore/qhash.h:521:47:[m[K [01;36m[Knote: [m[Kparameter passing for argument of type '[01m[KQHash<CacheIndex, MiniCacheFileInfo>::const_iterator[m[K' changed in GCC 7.1
  521 |     iterator erase(iterator it) { return [01;36m[Kerase(const_iterator(it.i))[m[K; }
      |                                          [01;36m[K~~~~~^~~~~~~~~~~~~~~~~~~~~~[m[K
[01m[K/home/build/inkbox/compiled-binaries/arm-kobo-linux-gnueabihf/arm-kobo-linux-gnueabihf/sysroot/include/QtCore/qhash.h:[m[K In member function '[01m[KQHash<K, V>::iterator QHash<K, V>::erase(QHash<K, V>::const_iterator) [with Key = CacheIndex; T = MiniCacheFileInfo][m[K':
[01m[K/home/build/inkbox/compiled-binaries/arm-kobo-linux-gnueabihf/arm-kobo-linux-gnueabihf/sysroot/include/QtCore/qhash.h:854:55:[m[K [01;36m[Knote: [m[Kparameter passing for argument of type '[01m[KQHash<CacheIndex, MiniCacheFileInfo>::const_iterator[m[K' changed in GCC 7.1
  854 | Q_OUTOFLINE_TEMPLATE typename QHash<Key, T>::iterator [01;36m[KQHash<Key, T>[m[K::erase(const_iterator it)
      |                                                       [01;36m[K^~~~~~~~~~~~~[m[K
[ 42%] Linking CXX executable ../../../bin/kio_http_cache_cleaner
[ 42%] Built target kio_http_cache_cleaner
[ 43%] Building CXX object src/ioslaves/trash/CMakeFiles/kcm_trash.dir/discspaceutil.cpp.o
[ 43%] Building CXX object src/ioslaves/trash/CMakeFiles/kcm_trash.dir/trashsizecache.cpp.o
[ 43%] Building CXX object src/kioworkers/remote/kdedmodule/CMakeFiles/remotedirnotify.dir/remotedirnotify_autogen/mocs_compilation.cpp.o
[ 43%] Linking CXX shared module ../../../bin/kf5/kio/kio_remote.so
[ 43%] Building CXX object src/kioworkers/remote/kdedmodule/CMakeFiles/remotedirnotify.dir/remotedirnotify.cpp.o
[ 43%] Built target kio_remote
[ 44%] Building CXX object src/kioworkers/remote/kdedmodule/CMakeFiles/remotedirnotify.dir/remotedirnotifymodule.cpp.o
[ 44%] Linking CXX shared module ../../../bin/kf5/kio/kio_ftp.so
[ 44%] Built target kio_ftp
[ 44%] Building CXX object src/kioworkers/remote/kdedmodule/CMakeFiles/remotedirnotify.dir/__/debug.cpp.o
[ 44%] Building CXX object src/kiod/CMakeFiles/kiod5.dir/kiod5_autogen/mocs_compilation.cpp.o
[ 45%] Building CXX object src/kiod/CMakeFiles/kiod5.dir/kiod_main.cpp.o
[ 45%] Building CXX object src/kssld/CMakeFiles/kssld.dir/kssld_autogen/mocs_compilation.cpp.o
[ 45%] Building CXX object src/kssld/CMakeFiles/kssld.dir/kssld.cpp.o
[ 45%] Building CXX object src/ioslaves/trash/CMakeFiles/kcm_trash.dir/kinterprocesslock.cpp.o
[ 45%] Building CXX object src/ioslaves/trash/CMakeFiles/kcm_trash.dir/kiotrashdebug.cpp.o
[ 45%] Generating unitinterface.cpp, unitinterface.h
[ 45%] Generating managerinterface.cpp, managerinterface.h
[ 45%] Generating propertiesinterface.cpp, propertiesinterface.h
[ 45%] Generating unitinterface.moc
[ 45%] Generating managerinterface.moc
[ 46%] Generating propertiesinterface.moc
[ 46%] Building CXX object src/gui/CMakeFiles/KF5KIOGui.dir/KF5KIOGui_autogen/mocs_compilation.cpp.o
[ 46%] Building CXX object src/gui/CMakeFiles/KF5KIOGui.dir/applicationlauncherjob.cpp.o
[ 46%] Linking CXX shared module ../../../../bin/remotenotifier.so
[ 46%] Built target remotedirnotify
[ 47%] Building CXX object src/gui/CMakeFiles/KF5KIOGui.dir/commandlauncherjob.cpp.o
[ 47%] Building CXX object src/kioslave/CMakeFiles/kioslave5.dir/kioslave5_autogen/mocs_compilation.cpp.o
[ 47%] Building CXX object src/kioslave/CMakeFiles/kioslave5.dir/kioslave.cpp.o
[ 48%] Linking CXX shared module ../../../bin/kcm_trash.so
[ 48%] Linking CXX executable ../../bin/kiod5
[ 48%] Built target kcm_trash
[ 48%] Building CXX object src/gui/CMakeFiles/KF5KIOGui.dir/faviconrequestjob.cpp.o
[ 48%] Linking CXX shared module ../../bin/kf5/kiod/kssld.so
[ 48%] Built target kiod5
[ 48%] Building CXX object src/gui/CMakeFiles/KF5KIOGui.dir/kcoreurlnavigator.cpp.o
[ 49%] Linking CXX shared module ../../../bin/kf5/kio/kio_http.so
[ 49%] Built target kssld
[ 49%] Building CXX object src/gui/CMakeFiles/KF5KIOGui.dir/openurljob.cpp.o
[ 49%] Built target kio_http
[ 49%] Generating kpasswdserveradaptor.cpp, kpasswdserveradaptor.h
[ 49%] Generating kpasswdserveradaptor.moc
[ 50%] Building CXX object src/kpasswdserver/CMakeFiles/kiod_kpasswdserver.dir/kiod_kpasswdserver_autogen/mocs_compilation.cpp.o
[ 51%] Building CXX object src/gui/CMakeFiles/KF5KIOGui.dir/openwithhandlerinterface.cpp.o
[ 51%] Linking CXX executable ../../bin/kioslave5
[ 51%] Built target kioslave5
[ 51%] Generating org.kde.KIOExecd.xml
[ 51%] Generating kioexecdadaptor.cpp, kioexecdadaptor.h
[ 51%] Generating kioexecdadaptor.moc
[ 52%] Building CXX object src/kioexec/CMakeFiles/kioexecd.dir/kioexecd_autogen/mocs_compilation.cpp.o
[ 52%] Building CXX object src/kioexec/CMakeFiles/kioexecd.dir/kioexecd.cpp.o
[ 52%] Building CXX object src/kpasswdserver/CMakeFiles/kiod_kpasswdserver.dir/kpasswdserveradaptor.cpp.o
[ 52%] Building CXX object src/gui/CMakeFiles/KF5KIOGui.dir/openorexecutefileinterface.cpp.o
[ 52%] Building CXX object src/kpasswdserver/CMakeFiles/kiod_kpasswdserver.dir/kpasswdserver.cpp.o
[ 52%] Building CXX object src/gui/CMakeFiles/KF5KIOGui.dir/kprocessrunner.cpp.o
[ 52%] Building CXX object src/kpasswdserver/CMakeFiles/kiod_kpasswdserver.dir/kiod_kpasswdserver.cpp.o
[ 52%] Building CXX object src/gui/CMakeFiles/KF5KIOGui.dir/kterminallauncherjob.cpp.o
[ 52%] Building CXX object src/kioexec/CMakeFiles/kioexecd.dir/kioexecdadaptor.cpp.o
[ 52%] Building CXX object src/kioexec/CMakeFiles/kioexecd.dir/kioexecdebug.cpp.o
[01m[K/home/szybet/kdesrc/frameworks/kio/src/gui/kprocessrunner.cpp:[m[K In member function '[01m[Kvoid KProcessRunner::init(const Ptr&, const QString&, const QString&, const QString&, const QByteArray&)[m[K':
[01m[K/home/szybet/kdesrc/frameworks/kio/src/gui/kprocessrunner.cpp:323:117:[m[K [01;35m[Kwarning: [m[K'[01m[Kbool KService::hasServiceType(const QString&) const[m[K' is deprecated: Since 5.104. Service Types are deprecated [[01;35m[K-Wdeprecated-declarations[m[K]
  323 |         if (m_desktopName.isEmpty() && m_executable == QLatin1String("systemsettings5") && [01;35m[Km_service->hasServiceType(QLatin1String("KCModule"))[m[K) {
      |                                                                                            [01;35m[K~~~~~~~~~~~~~~~~~~~~~~~~~^~~~~~~~~~~~~~~~~~~~~~~~~~~[m[K
In file included from [01m[K/home/build/inkbox/compiled-binaries/arm-kobo-linux-gnueabihf/arm-kobo-linux-gnueabihf/sysroot/include/KF5/KService/KService:1[m[K,
                 from [01m[K/home/szybet/kdesrc/frameworks/kio/src/gui/applicationlauncherjob.h:13[m[K,
                 from [01m[K/home/szybet/kdesrc/frameworks/kio/src/gui/kprocessrunner_p.h:11[m[K,
                 from [01m[K/home/szybet/kdesrc/frameworks/kio/src/gui/kprocessrunner.cpp:8[m[K:
[01m[K/home/build/inkbox/compiled-binaries/arm-kobo-linux-gnueabihf/arm-kobo-linux-gnueabihf/sysroot/include/KF5/KService/kservice.h:306:10:[m[K [01;36m[Knote: [m[Kdeclared here
  306 |     bool [01;36m[KhasServiceType[m[K(const QString &serviceTypePtr) const;
      |          [01;36m[K^~~~~~~~~~~~~~[m[K
[ 52%] Building CXX object src/gui/CMakeFiles/KF5KIOGui.dir/kemailclientlauncherjob.cpp.o
[ 53%] Building CXX object src/gui/CMakeFiles/KF5KIOGui.dir/dbusactivationrunner.cpp.o
[ 54%] Generating ui_kcookiespolicyselectiondlg.h
[ 54%] Building CXX object src/kcms/netpref/CMakeFiles/kcm_netpref.dir/kcm_netpref_autogen/mocs_compilation.cpp.o
[ 54%] Generating ui_kcookiesmanagement.h
[ 54%] Generating ui_kcookiespolicies.h
[ 54%] Building CXX object src/kcms/cookies/CMakeFiles/kcm_cookies.dir/kcm_cookies_autogen/mocs_compilation.cpp.o
[ 54%] Building CXX object src/kcms/cookies/CMakeFiles/kcm_cookies.dir/kcookiesmain.cpp.o
[ 54%] Building CXX object src/kcms/cookies/CMakeFiles/kcm_cookies.dir/kcookiespolicies.cpp.o
[ 54%] Linking CXX shared module ../../bin/kf5/kiod/kioexecd.so
[01m[K/home/szybet/kdesrc/frameworks/kio/src/kpasswdserver/kpasswdserver.cpp:[m[K In member function '[01m[Kvoid KPasswdServer::sendResponse(KPasswdServer::Request*)[m[K':
[01m[K/home/szybet/kdesrc/frameworks/kio/src/kpasswdserver/kpasswdserver.cpp:850:77:[m[K [01;36m[Knote: [m[Kparameter passing for argument of type '[01m[Kstd::initializer_list<QVariant>[m[K' changed in GCC 7.1
  850 |         QDBusConnection::sessionBus().send(request->transaction.createReply([01;36m[KQVariantList{QVariant(replyData), QVariant(m_seqNr)}[m[K));
      |                                                                             [01;36m[K^~~~~~~~~~~~~~~~~~~~~~~~~~~~~~~~~~~~~~~~~~~~~~~~~~~~[m[K
[01m[K/home/szybet/kdesrc/frameworks/kio/src/kpasswdserver/kpasswdserver.cpp:878:89:[m[K [01;36m[Knote: [m[Kparameter passing for argument of type '[01m[Kstd::initializer_list<QVariant>[m[K' changed in GCC 7.1
  878 |                 QDBusConnection::sessionBus().send(waitRequest->transaction.createReply([01;36m[KQVariantList{QVariant(replyData), QVariant(m_seqNr)}[m[K));
      |                                                                                         [01;36m[K^~~~~~~~~~~~~~~~~~~~~~~~~~~~~~~~~~~~~~~~~~~~~~~~~~~~[m[K
In file included from [01m[K/home/build/inkbox/compiled-binaries/arm-kobo-linux-gnueabihf/arm-kobo-linux-gnueabihf/sysroot/include/QtCore/qvariant.h:45[m[K,
                 from [01m[K/home/build/inkbox/compiled-binaries/arm-kobo-linux-gnueabihf/arm-kobo-linux-gnueabihf/sysroot/include/QtDBus/qtdbusglobal.h:45[m[K,
                 from [01m[K/home/build/inkbox/compiled-binaries/arm-kobo-linux-gnueabihf/arm-kobo-linux-gnueabihf/sysroot/include/QtDBus/qdbuscontext.h:43[m[K,
                 from [01m[K/home/build/inkbox/compiled-binaries/arm-kobo-linux-gnueabihf/arm-kobo-linux-gnueabihf/sysroot/include/QtDBus/QDBusContext:1[m[K,
                 from [01m[K/home/szybet/kdesrc/frameworks/kio/src/kpasswdserver/kpasswdserver.h:14[m[K,
                 from [01m[K/home/szybet/kdesrc/frameworks/kio/src/kpasswdserver/kpasswdserver.cpp:13[m[K:
[01m[K/home/build/inkbox/compiled-binaries/arm-kobo-linux-gnueabihf/arm-kobo-linux-gnueabihf/sysroot/include/QtCore/qlist.h:[m[K In constructor '[01m[KQList<T>::QList(std::initializer_list<_Tp>) [with T = QVariant][m[K':
[01m[K/home/build/inkbox/compiled-binaries/arm-kobo-linux-gnueabihf/arm-kobo-linux-gnueabihf/sysroot/include/QtCore/qlist.h:169:12:[m[K [01;36m[Knote: [m[Kparameter passing for argument of type '[01m[Kstd::initializer_list<QVariant>[m[K' changed in GCC 7.1
  169 |     inline [01;36m[KQList[m[K(std::initializer_list<T> args)
      |            [01;36m[K^~~~~[m[K
[ 54%] Built target kioexecd
[ 55%] Building CXX object src/kcms/cookies/CMakeFiles/kcm_cookies.dir/kcookiesmanagement.cpp.o
[ 56%] Linking CXX shared module ../../bin/kf5/kiod/kpasswdserver.so
[ 56%] Built target kiod_kpasswdserver
[ 56%] Building CXX object src/kcms/cookies/CMakeFiles/kcm_cookies.dir/kcookiespolicyselectiondlg.cpp.o
[ 56%] Building CXX object src/gui/CMakeFiles/KF5KIOGui.dir/thumbnailcreator.cpp.o
[ 56%] Building CXX object src/kcms/netpref/CMakeFiles/kcm_netpref.dir/netpref.cpp.o
[ 56%] Building CXX object src/kcms/netpref/CMakeFiles/kcm_netpref.dir/__/ksaveioconfig.cpp.o
[ 56%] Building CXX object src/gui/CMakeFiles/KF5KIOGui.dir/managerinterface.cpp.o
[ 56%] Building CXX object src/gui/CMakeFiles/KF5KIOGui.dir/unitinterface.cpp.o
[ 56%] Building CXX object src/kcms/cookies/CMakeFiles/kcm_cookies.dir/__/ksaveioconfig.cpp.o
[ 57%] Building CXX object src/gui/CMakeFiles/KF5KIOGui.dir/propertiesinterface.cpp.o
[ 57%] Building CXX object src/gui/CMakeFiles/KF5KIOGui.dir/systemd/systemdprocessrunner.cpp.o
[ 57%] Building CXX object src/gui/CMakeFiles/KF5KIOGui.dir/systemd/scopedprocessrunner.cpp.o
[ 57%] Building CXX object src/gui/CMakeFiles/KF5KIOGui.dir/kiogui_debug.cpp.o
[ 58%] Linking CXX shared module ../../../bin/kcm_netpref.so
[ 58%] Built target kcm_netpref
[ 58%] Building CXX object src/gui/CMakeFiles/KF5KIOGui.dir/favicons_debug.cpp.o
[ 58%] Building CXX object src/kpac/CMakeFiles/kded_proxyscout.dir/kded_proxyscout_autogen/mocs_compilation.cpp.o
[ 59%] Building CXX object src/kpac/CMakeFiles/kded_proxyscout.dir/proxyscout.cpp.o
[ 59%] Linking CXX shared module ../../../bin/kcm_cookies.so
[ 59%] Building CXX object src/kpac/CMakeFiles/kded_proxyscout.dir/script.cpp.o
[ 59%] Built target kcm_cookies
[ 59%] Building CXX object src/kpac/CMakeFiles/kded_proxyscout.dir/downloader.cpp.o
[ 59%] Building CXX object src/kpac/CMakeFiles/kded_proxyscout.dir/discovery.cpp.o
[ 60%] Building CXX object src/kpac/CMakeFiles/kded_proxyscout.dir/kio_kpac_debug.cpp.o
[ 60%] Building CXX object src/ioslaves/file/CMakeFiles/kio_file.dir/kio_file_autogen/mocs_compilation.cpp.o
[01m[K/home/szybet/kdesrc/frameworks/kio/src/gui/systemd/systemdprocessrunner.cpp:[m[K In member function '[01m[Kvirtual void SystemdProcessRunner::startProcess()[m[K':
[01m[K/home/szybet/kdesrc/frameworks/kio/src/gui/systemd/systemdprocessrunner.cpp:104:5:[m[K [01;36m[Knote: [m[Kparameter passing for argument of type '[01m[Kstd::initializer_list<QVariantMultiItem>[m[K' changed in GCC 7.1
  104 |     [01;36m[K)[m[K;
      |     [01;36m[K^[m[K
[01m[K/home/szybet/kdesrc/frameworks/kio/src/gui/systemd/scopedprocessrunner.cpp:[m[K In member function '[01m[Kvirtual void ScopedProcessRunner::slotProcessStarted()[m[K':
[01m[K/home/szybet/kdesrc/frameworks/kio/src/gui/systemd/scopedprocessrunner.cpp:30:9:[m[K [01;36m[Knote: [m[Kparameter passing for argument of type '[01m[Kstd::initializer_list<QVariantMultiItem>[m[K' changed in GCC 7.1
   30 |         [01;36m[K)[m[K;
      |         [01;36m[K^[m[K
In file included from [01m[K/home/build/inkbox/compiled-binaries/arm-kobo-linux-gnueabihf/arm-kobo-linux-gnueabihf/sysroot/include/QtCore/qhash.h:46[m[K,
                 from [01m[K/home/build/inkbox/compiled-binaries/arm-kobo-linux-gnueabihf/arm-kobo-linux-gnueabihf/sysroot/include/QtCore/qdebug.h:45[m[K,
                 from [01m[K/home/build/inkbox/compiled-binaries/arm-kobo-linux-gnueabihf/arm-kobo-linux-gnueabihf/sysroot/include/QtCore/qloggingcategory.h:44[m[K,
                 from [01m[K/home/build/inkbox/compiled-binaries/arm-kobo-linux-gnueabihf/arm-kobo-linux-gnueabihf/sysroot/include/QtCore/QLoggingCategory:1[m[K,
                 from [01m[K/home/szybet/kdesrc/build/frameworks/kio/src/gui/kiogui_debug.h:6[m[K,
                 from [01m[K/home/szybet/kdesrc/frameworks/kio/src/gui/systemd/scopedprocessrunner.cpp:1[m[K:
[01m[K/home/build/inkbox/compiled-binaries/arm-kobo-linux-gnueabihf/arm-kobo-linux-gnueabihf/sysroot/include/QtCore/qlist.h:[m[K In constructor '[01m[KQList<T>::QList(std::initializer_list<_Tp>) [with T = QVariantMultiItem][m[K':
[01m[K/home/build/inkbox/compiled-binaries/arm-kobo-linux-gnueabihf/arm-kobo-linux-gnueabihf/sysroot/include/QtCore/qlist.h:169:12:[m[K [01;36m[Knote: [m[Kparameter passing for argument of type '[01m[Kstd::initializer_list<QVariantMultiItem>[m[K' changed in GCC 7.1
  169 |     inline [01;36m[KQList[m[K(std::initializer_list<T> args)
      |            [01;36m[K^~~~~[m[K
In file included from [01m[K/home/build/inkbox/compiled-binaries/arm-kobo-linux-gnueabihf/arm-kobo-linux-gnueabihf/sysroot/include/QtCore/qhash.h:46[m[K,
                 from [01m[K/home/build/inkbox/compiled-binaries/arm-kobo-linux-gnueabihf/arm-kobo-linux-gnueabihf/sysroot/include/QtCore/qdebug.h:45[m[K,
                 from [01m[K/home/build/inkbox/compiled-binaries/arm-kobo-linux-gnueabihf/arm-kobo-linux-gnueabihf/sysroot/include/QtCore/qloggingcategory.h:44[m[K,
                 from [01m[K/home/build/inkbox/compiled-binaries/arm-kobo-linux-gnueabihf/arm-kobo-linux-gnueabihf/sysroot/include/QtCore/QLoggingCategory:1[m[K,
                 from [01m[K/home/szybet/kdesrc/build/frameworks/kio/src/gui/kiogui_debug.h:6[m[K,
                 from [01m[K/home/szybet/kdesrc/frameworks/kio/src/gui/systemd/systemdprocessrunner.cpp:8[m[K:
[01m[K/home/build/inkbox/compiled-binaries/arm-kobo-linux-gnueabihf/arm-kobo-linux-gnueabihf/sysroot/include/QtCore/qlist.h:[m[K In constructor '[01m[KQList<T>::QList(std::initializer_list<_Tp>) [with T = QVariantMultiItem][m[K':
[01m[K/home/build/inkbox/compiled-binaries/arm-kobo-linux-gnueabihf/arm-kobo-linux-gnueabihf/sysroot/include/QtCore/qlist.h:169:12:[m[K [01;36m[Knote: [m[Kparameter passing for argument of type '[01m[Kstd::initializer_list<QVariantMultiItem>[m[K' changed in GCC 7.1
  169 |     inline [01;36m[KQList[m[K(std::initializer_list<T> args)
      |            [01;36m[K^~~~~[m[K
In file included from [01m[K/home/build/inkbox/compiled-binaries/arm-kobo-linux-gnueabihf/arm-kobo-linux-gnueabihf/sysroot/include/QtCore/qobject.h:54[m[K,
                 from [01m[K/home/build/inkbox/compiled-binaries/arm-kobo-linux-gnueabihf/arm-kobo-linux-gnueabihf/sysroot/include/QtCore/qiodevice.h:45[m[K,
                 from [01m[K/home/build/inkbox/compiled-binaries/arm-kobo-linux-gnueabihf/arm-kobo-linux-gnueabihf/sysroot/include/QtCore/qtextstream.h:43[m[K,
                 from [01m[K/home/build/inkbox/compiled-binaries/arm-kobo-linux-gnueabihf/arm-kobo-linux-gnueabihf/sysroot/include/QtCore/qdebug.h:49[m[K,
                 from [01m[K/home/build/inkbox/compiled-binaries/arm-kobo-linux-gnueabihf/arm-kobo-linux-gnueabihf/sysroot/include/QtCore/qloggingcategory.h:44[m[K,
                 from [01m[K/home/build/inkbox/compiled-binaries/arm-kobo-linux-gnueabihf/arm-kobo-linux-gnueabihf/sysroot/include/QtCore/QLoggingCategory:1[m[K,
                 from [01m[K/home/szybet/kdesrc/build/frameworks/kio/src/gui/kiogui_debug.h:6[m[K,
                 from [01m[K/home/szybet/kdesrc/frameworks/kio/src/gui/systemd/systemdprocessrunner.cpp:8[m[K:
[01m[K/home/build/inkbox/compiled-binaries/arm-kobo-linux-gnueabihf/arm-kobo-linux-gnueabihf/sysroot/include/QtCore/qmetatype.h:[m[K In static member function '[01m[Kstatic int QtMetaTypePrivate::QAssociativeIterableImpl::sizeImpl(const void*) [with T = QMap<QString, QVariant>][m[K':
[01m[K/home/build/inkbox/compiled-binaries/arm-kobo-linux-gnueabihf/arm-kobo-linux-gnueabihf/sysroot/include/QtCore/qmetatype.h:1310:31:[m[K [01;36m[Knote: [m[Kparameter passing for argument of type '[01m[KQMap<QString, QVariant>::const_iterator[m[K' changed in GCC 7.1
 1310 |     { return int([01;36m[Kstd::distance(static_cast<const T*>(p)->begin(),[m[K
      |                  [01;36m[K~~~~~~~~~~~~~^~~~~~~~~~~~~~~~~~~~~~~~~~~~~~~~~~~[m[K
 1311 | [01;36m[K                               static_cast<const T*>(p)->end())[m[K); }
      |                                [01;36m[K~~~~~~~~~~~~~~~~~~~~~~~~~~~~~~~~[m[K
[01m[K/home/build/inkbox/compiled-binaries/arm-kobo-linux-gnueabihf/arm-kobo-linux-gnueabihf/sysroot/include/QtCore/qmetatype.h:[m[K In static member function '[01m[Kstatic void QtMetaTypePrivate::QAssociativeIterableImpl::findImpl(const void*, const void*, void**) [with T = QMap<QString, QVariant>][m[K':
[01m[K/home/build/inkbox/compiled-binaries/arm-kobo-linux-gnueabihf/arm-kobo-linux-gnueabihf/sysroot/include/QtCore/qmetatype.h:1315:56:[m[K [01;36m[Knote: [m[Kparameter passing for argument of type '[01m[KQMap<QString, QVariant>::const_iterator[m[K' changed in GCC 7.1
 1315 |     { [01;36m[KIteratorOwner<typename T::const_iterator>::assign(iterator,[m[K
      |       [01;36m[K~~~~~~~~~~~~~~~~~~~~~~~~~~~~~~~~~~~~~~~~~~~~~~~~~^~~~~~~~~~[m[K
 1316 | [01;36m[K                                                        static_cast<const T*>(container)->find(*static_cast<const typename T::key_type*>(p)))[m[K; }
      |                                                         [01;36m[K~~~~~~~~~~~~~~~~~~~~~~~~~~~~~~~~~~~~~~~~~~~~~~~~~~~~~~~~~~~~~~~~~~~~~~~~~~~~~~~~~~~~~[m[K
[01m[K/home/build/inkbox/compiled-binaries/arm-kobo-linux-gnueabihf/arm-kobo-linux-gnueabihf/sysroot/include/QtCore/qmetatype.h:[m[K In static member function '[01m[Kstatic void QtMetaTypePrivate::QAssociativeIterableImpl::beginImpl(const void*, void**) [with T = QMap<QString, QVariant>][m[K':
[01m[K/home/build/inkbox/compiled-binaries/arm-kobo-linux-gnueabihf/arm-kobo-linux-gnueabihf/sysroot/include/QtCore/qmetatype.h:1327:56:[m[K [01;36m[Knote: [m[Kparameter passing for argument of type '[01m[KQMap<QString, QVariant>::const_iterator[m[K' changed in GCC 7.1
 1327 |     { [01;36m[KIteratorOwner<typename T::const_iterator>::assign(iterator, static_cast<const T*>(container)->begin())[m[K; }
      |       [01;36m[K~~~~~~~~~~~~~~~~~~~~~~~~~~~~~~~~~~~~~~~~~~~~~~~~~^~~~~~~~~~~~~~~~~~~~~~~~~~~~~~~~~~~~~~~~~~~~~~~~~~~~~[m[K
[01m[K/home/build/inkbox/compiled-binaries/arm-kobo-linux-gnueabihf/arm-kobo-linux-gnueabihf/sysroot/include/QtCore/qmetatype.h:[m[K In static member function '[01m[Kstatic void QtMetaTypePrivate::QAssociativeIterableImpl::endImpl(const void*, void**) [with T = QMap<QString, QVariant>][m[K':
[01m[K/home/build/inkbox/compiled-binaries/arm-kobo-linux-gnueabihf/arm-kobo-linux-gnueabihf/sysroot/include/QtCore/qmetatype.h:1331:56:[m[K [01;36m[Knote: [m[Kparameter passing for argument of type '[01m[KQMap<QString, QVariant>::const_iterator[m[K' changed in GCC 7.1
 1331 |     { [01;36m[KIteratorOwner<typename T::const_iterator>::assign(iterator, static_cast<const T*>(container)->end())[m[K; }
      |       [01;36m[K~~~~~~~~~~~~~~~~~~~~~~~~~~~~~~~~~~~~~~~~~~~~~~~~~^~~~~~~~~~~~~~~~~~~~~~~~~~~~~~~~~~~~~~~~~~~~~~~~~~~[m[K
[01m[K/home/build/inkbox/compiled-binaries/arm-kobo-linux-gnueabihf/arm-kobo-linux-gnueabihf/sysroot/include/QtCore/qmetatype.h:[m[K In static member function '[01m[Kstatic int QtMetaTypePrivate::QAssociativeIterableImpl::sizeImpl(const void*) [with T = QHash<QString, QVariant>][m[K':
[01m[K/home/build/inkbox/compiled-binaries/arm-kobo-linux-gnueabihf/arm-kobo-linux-gnueabihf/sysroot/include/QtCore/qmetatype.h:1310:31:[m[K [01;36m[Knote: [m[Kparameter passing for argument of type '[01m[KQHash<QString, QVariant>::const_iterator[m[K' changed in GCC 7.1
 1310 |     { return int([01;36m[Kstd::distance(static_cast<const T*>(p)->begin(),[m[K
      |                  [01;36m[K~~~~~~~~~~~~~^~~~~~~~~~~~~~~~~~~~~~~~~~~~~~~~~~~[m[K
 1311 | [01;36m[K                               static_cast<const T*>(p)->end())[m[K); }
      |                                [01;36m[K~~~~~~~~~~~~~~~~~~~~~~~~~~~~~~~~[m[K
[01m[K/home/build/inkbox/compiled-binaries/arm-kobo-linux-gnueabihf/arm-kobo-linux-gnueabihf/sysroot/include/QtCore/qmetatype.h:[m[K In static member function '[01m[Kstatic void QtMetaTypePrivate::QAssociativeIterableImpl::findImpl(const void*, const void*, void**) [with T = QHash<QString, QVariant>][m[K':
[01m[K/home/build/inkbox/compiled-binaries/arm-kobo-linux-gnueabihf/arm-kobo-linux-gnueabihf/sysroot/include/QtCore/qmetatype.h:1315:56:[m[K [01;36m[Knote: [m[Kparameter passing for argument of type '[01m[KQHash<QString, QVariant>::const_iterator[m[K' changed in GCC 7.1
 1315 |     { [01;36m[KIteratorOwner<typename T::const_iterator>::assign(iterator,[m[K
      |       [01;36m[K~~~~~~~~~~~~~~~~~~~~~~~~~~~~~~~~~~~~~~~~~~~~~~~~~^~~~~~~~~~[m[K
 1316 | [01;36m[K                                                        static_cast<const T*>(container)->find(*static_cast<const typename T::key_type*>(p)))[m[K; }
      |                                                         [01;36m[K~~~~~~~~~~~~~~~~~~~~~~~~~~~~~~~~~~~~~~~~~~~~~~~~~~~~~~~~~~~~~~~~~~~~~~~~~~~~~~~~~~~~~[m[K
[01m[K/home/build/inkbox/compiled-binaries/arm-kobo-linux-gnueabihf/arm-kobo-linux-gnueabihf/sysroot/include/QtCore/qmetatype.h:[m[K In static member function '[01m[Kstatic void QtMetaTypePrivate::QAssociativeIterableImpl::beginImpl(const void*, void**) [with T = QHash<QString, QVariant>][m[K':
[01m[K/home/build/inkbox/compiled-binaries/arm-kobo-linux-gnueabihf/arm-kobo-linux-gnueabihf/sysroot/include/QtCore/qmetatype.h:1327:56:[m[K [01;36m[Knote: [m[Kparameter passing for argument of type '[01m[KQHash<QString, QVariant>::const_iterator[m[K' changed in GCC 7.1
 1327 |     { [01;36m[KIteratorOwner<typename T::const_iterator>::assign(iterator, static_cast<const T*>(container)->begin())[m[K; }
      |       [01;36m[K~~~~~~~~~~~~~~~~~~~~~~~~~~~~~~~~~~~~~~~~~~~~~~~~~^~~~~~~~~~~~~~~~~~~~~~~~~~~~~~~~~~~~~~~~~~~~~~~~~~~~~[m[K
[01m[K/home/build/inkbox/compiled-binaries/arm-kobo-linux-gnueabihf/arm-kobo-linux-gnueabihf/sysroot/include/QtCore/qmetatype.h:[m[K In static member function '[01m[Kstatic void QtMetaTypePrivate::QAssociativeIterableImpl::endImpl(const void*, void**) [with T = QHash<QString, QVariant>][m[K':
[01m[K/home/build/inkbox/compiled-binaries/arm-kobo-linux-gnueabihf/arm-kobo-linux-gnueabihf/sysroot/include/QtCore/qmetatype.h:1331:56:[m[K [01;36m[Knote: [m[Kparameter passing for argument of type '[01m[KQHash<QString, QVariant>::const_iterator[m[K' changed in GCC 7.1
 1331 |     { [01;36m[KIteratorOwner<typename T::const_iterator>::assign(iterator, static_cast<const T*>(container)->end())[m[K; }
      |       [01;36m[K~~~~~~~~~~~~~~~~~~~~~~~~~~~~~~~~~~~~~~~~~~~~~~~~~^~~~~~~~~~~~~~~~~~~~~~~~~~~~~~~~~~~~~~~~~~~~~~~~~~~[m[K
In file included from [01m[K/mnt/HDD/Project/inkbox-build/inkbox/compiled-binaries/arm-kobo-linux-gnueabihf/arm-kobo-linux-gnueabihf/include/c++/11.2.0/bits/stl_algobase.h:66[m[K,
                 from [01m[K/mnt/HDD/Project/inkbox-build/inkbox/compiled-binaries/arm-kobo-linux-gnueabihf/arm-kobo-linux-gnueabihf/include/c++/11.2.0/algorithm:61[m[K,
                 from [01m[K/home/build/inkbox/compiled-binaries/arm-kobo-linux-gnueabihf/arm-kobo-linux-gnueabihf/sysroot/include/QtCore/qglobal.h:142[m[K,
                 from [01m[K/home/build/inkbox/compiled-binaries/arm-kobo-linux-gnueabihf/arm-kobo-linux-gnueabihf/sysroot/include/QtCore/qloggingcategory.h:43[m[K,
                 from [01m[K/home/build/inkbox/compiled-binaries/arm-kobo-linux-gnueabihf/arm-kobo-linux-gnueabihf/sysroot/include/QtCore/QLoggingCategory:1[m[K,
                 from [01m[K/home/szybet/kdesrc/build/frameworks/kio/src/gui/kiogui_debug.h:6[m[K,
                 from [01m[K/home/szybet/kdesrc/frameworks/kio/src/gui/systemd/systemdprocessrunner.cpp:8[m[K:
[01m[K/mnt/HDD/Project/inkbox-build/inkbox/compiled-binaries/arm-kobo-linux-gnueabihf/arm-kobo-linux-gnueabihf/include/c++/11.2.0/bits/stl_iterator_base_funcs.h:[m[K In function '[01m[Kconstexpr typename std::iterator_traits< <template-parameter-1-1> >::difference_type std::distance(_InputIterator, _InputIterator) [with _InputIterator = QMap<QString, QVariant>::const_iterator][m[K':
[01m[K/mnt/HDD/Project/inkbox-build/inkbox/compiled-binaries/arm-kobo-linux-gnueabihf/arm-kobo-linux-gnueabihf/include/c++/11.2.0/bits/stl_iterator_base_funcs.h:138:5:[m[K [01;36m[Knote: [m[Kparameter passing for argument of type '[01m[KQMap<QString, QVariant>::const_iterator[m[K' changed in GCC 7.1
  138 |     [01;36m[Kdistance[m[K(_InputIterator __first, _InputIterator __last)
      |     [01;36m[K^~~~~~~~[m[K
[01m[K/mnt/HDD/Project/inkbox-build/inkbox/compiled-binaries/arm-kobo-linux-gnueabihf/arm-kobo-linux-gnueabihf/include/c++/11.2.0/bits/stl_iterator_base_funcs.h:138:5:[m[K [01;36m[Knote: [m[Kparameter passing for argument of type '[01m[KQMap<QString, QVariant>::const_iterator[m[K' changed in GCC 7.1
[01m[K/mnt/HDD/Project/inkbox-build/inkbox/compiled-binaries/arm-kobo-linux-gnueabihf/arm-kobo-linux-gnueabihf/include/c++/11.2.0/bits/stl_iterator_base_funcs.h:141:29:[m[K [01;36m[Knote: [m[Kparameter passing for argument of type '[01m[KQMap<QString, QVariant>::const_iterator[m[K' changed in GCC 7.1
  141 |       return [01;36m[Kstd::__distance(__first, __last,[m[K
      |              [01;36m[K~~~~~~~~~~~~~~~^~~~~~~~~~~~~~~~~[m[K
  142 | [01;36m[K                             std::__iterator_category(__first))[m[K;
      |                              [01;36m[K~~~~~~~~~~~~~~~~~~~~~~~~~~~~~~~~~~[m[K
In file included from [01m[K/home/build/inkbox/compiled-binaries/arm-kobo-linux-gnueabihf/arm-kobo-linux-gnueabihf/sysroot/include/QtCore/qobject.h:54[m[K,
                 from [01m[K/home/build/inkbox/compiled-binaries/arm-kobo-linux-gnueabihf/arm-kobo-linux-gnueabihf/sysroot/include/QtCore/qiodevice.h:45[m[K,
                 from [01m[K/home/build/inkbox/compiled-binaries/arm-kobo-linux-gnueabihf/arm-kobo-linux-gnueabihf/sysroot/include/QtCore/qtextstream.h:43[m[K,
                 from [01m[K/home/build/inkbox/compiled-binaries/arm-kobo-linux-gnueabihf/arm-kobo-linux-gnueabihf/sysroot/include/QtCore/qdebug.h:49[m[K,
                 from [01m[K/home/build/inkbox/compiled-binaries/arm-kobo-linux-gnueabihf/arm-kobo-linux-gnueabihf/sysroot/include/QtCore/qloggingcategory.h:44[m[K,
                 from [01m[K/home/build/inkbox/compiled-binaries/arm-kobo-linux-gnueabihf/arm-kobo-linux-gnueabihf/sysroot/include/QtCore/QLoggingCategory:1[m[K,
                 from [01m[K/home/szybet/kdesrc/build/frameworks/kio/src/gui/kiogui_debug.h:6[m[K,
                 from [01m[K/home/szybet/kdesrc/frameworks/kio/src/gui/systemd/systemdprocessrunner.cpp:8[m[K:
[01m[K/home/build/inkbox/compiled-binaries/arm-kobo-linux-gnueabihf/arm-kobo-linux-gnueabihf/sysroot/include/QtCore/qmetatype.h:[m[K In static member function '[01m[Kstatic void QtMetaTypePrivate::IteratorOwnerCommon<const_iterator>::assign(void**, const_iterator) [with const_iterator = QMap<QString, QVariant>::const_iterator][m[K':
[01m[K/home/build/inkbox/compiled-binaries/arm-kobo-linux-gnueabihf/arm-kobo-linux-gnueabihf/sysroot/include/QtCore/qmetatype.h:878:17:[m[K [01;36m[Knote: [m[Kparameter passing for argument of type '[01m[KQMap<QString, QVariant>::const_iterator[m[K' changed in GCC 7.1
  878 |     static void [01;36m[Kassign[m[K(void **ptr, const_iterator iterator)
      |                 [01;36m[K^~~~~~[m[K
In file included from [01m[K/mnt/HDD/Project/inkbox-build/inkbox/compiled-binaries/arm-kobo-linux-gnueabihf/arm-kobo-linux-gnueabihf/include/c++/11.2.0/bits/stl_algobase.h:66[m[K,
                 from [01m[K/mnt/HDD/Project/inkbox-build/inkbox/compiled-binaries/arm-kobo-linux-gnueabihf/arm-kobo-linux-gnueabihf/include/c++/11.2.0/algorithm:61[m[K,
                 from [01m[K/home/build/inkbox/compiled-binaries/arm-kobo-linux-gnueabihf/arm-kobo-linux-gnueabihf/sysroot/include/QtCore/qglobal.h:142[m[K,
                 from [01m[K/home/build/inkbox/compiled-binaries/arm-kobo-linux-gnueabihf/arm-kobo-linux-gnueabihf/sysroot/include/QtCore/qloggingcategory.h:43[m[K,
                 from [01m[K/home/build/inkbox/compiled-binaries/arm-kobo-linux-gnueabihf/arm-kobo-linux-gnueabihf/sysroot/include/QtCore/QLoggingCategory:1[m[K,
                 from [01m[K/home/szybet/kdesrc/build/frameworks/kio/src/gui/kiogui_debug.h:6[m[K,
                 from [01m[K/home/szybet/kdesrc/frameworks/kio/src/gui/systemd/systemdprocessrunner.cpp:8[m[K:
[01m[K/mnt/HDD/Project/inkbox-build/inkbox/compiled-binaries/arm-kobo-linux-gnueabihf/arm-kobo-linux-gnueabihf/include/c++/11.2.0/bits/stl_iterator_base_funcs.h:[m[K In function '[01m[Kconstexpr typename std::iterator_traits< <template-parameter-1-1> >::difference_type std::distance(_InputIterator, _InputIterator) [with _InputIterator = QHash<QString, QVariant>::const_iterator][m[K':
[01m[K/mnt/HDD/Project/inkbox-build/inkbox/compiled-binaries/arm-kobo-linux-gnueabihf/arm-kobo-linux-gnueabihf/include/c++/11.2.0/bits/stl_iterator_base_funcs.h:138:5:[m[K [01;36m[Knote: [m[Kparameter passing for argument of type '[01m[KQHash<QString, QVariant>::const_iterator[m[K' changed in GCC 7.1
  138 |     [01;36m[Kdistance[m[K(_InputIterator __first, _InputIterator __last)
      |     [01;36m[K^~~~~~~~[m[K
[01m[K/mnt/HDD/Project/inkbox-build/inkbox/compiled-binaries/arm-kobo-linux-gnueabihf/arm-kobo-linux-gnueabihf/include/c++/11.2.0/bits/stl_iterator_base_funcs.h:138:5:[m[K [01;36m[Knote: [m[Kparameter passing for argument of type '[01m[KQHash<QString, QVariant>::const_iterator[m[K' changed in GCC 7.1
[01m[K/mnt/HDD/Project/inkbox-build/inkbox/compiled-binaries/arm-kobo-linux-gnueabihf/arm-kobo-linux-gnueabihf/include/c++/11.2.0/bits/stl_iterator_base_funcs.h:141:29:[m[K [01;36m[Knote: [m[Kparameter passing for argument of type '[01m[KQHash<QString, QVariant>::const_iterator[m[K' changed in GCC 7.1
  141 |       return [01;36m[Kstd::__distance(__first, __last,[m[K
      |              [01;36m[K~~~~~~~~~~~~~~~^~~~~~~~~~~~~~~~~[m[K
  142 | [01;36m[K                             std::__iterator_category(__first))[m[K;
      |                              [01;36m[K~~~~~~~~~~~~~~~~~~~~~~~~~~~~~~~~~~[m[K
In file included from [01m[K/home/build/inkbox/compiled-binaries/arm-kobo-linux-gnueabihf/arm-kobo-linux-gnueabihf/sysroot/include/QtCore/qobject.h:54[m[K,
                 from [01m[K/home/build/inkbox/compiled-binaries/arm-kobo-linux-gnueabihf/arm-kobo-linux-gnueabihf/sysroot/include/QtCore/qiodevice.h:45[m[K,
                 from [01m[K/home/build/inkbox/compiled-binaries/arm-kobo-linux-gnueabihf/arm-kobo-linux-gnueabihf/sysroot/include/QtCore/qtextstream.h:43[m[K,
                 from [01m[K/home/build/inkbox/compiled-binaries/arm-kobo-linux-gnueabihf/arm-kobo-linux-gnueabihf/sysroot/include/QtCore/qdebug.h:49[m[K,
                 from [01m[K/home/build/inkbox/compiled-binaries/arm-kobo-linux-gnueabihf/arm-kobo-linux-gnueabihf/sysroot/include/QtCore/qloggingcategory.h:44[m[K,
                 from [01m[K/home/build/inkbox/compiled-binaries/arm-kobo-linux-gnueabihf/arm-kobo-linux-gnueabihf/sysroot/include/QtCore/QLoggingCategory:1[m[K,
                 from [01m[K/home/szybet/kdesrc/build/frameworks/kio/src/gui/kiogui_debug.h:6[m[K,
                 from [01m[K/home/szybet/kdesrc/frameworks/kio/src/gui/systemd/systemdprocessrunner.cpp:8[m[K:
[01m[K/home/build/inkbox/compiled-binaries/arm-kobo-linux-gnueabihf/arm-kobo-linux-gnueabihf/sysroot/include/QtCore/qmetatype.h:[m[K In static member function '[01m[Kstatic void QtMetaTypePrivate::IteratorOwnerCommon<const_iterator>::assign(void**, const_iterator) [with const_iterator = QHash<QString, QVariant>::const_iterator][m[K':
[01m[K/home/build/inkbox/compiled-binaries/arm-kobo-linux-gnueabihf/arm-kobo-linux-gnueabihf/sysroot/include/QtCore/qmetatype.h:878:17:[m[K [01;36m[Knote: [m[Kparameter passing for argument of type '[01m[KQHash<QString, QVariant>::const_iterator[m[K' changed in GCC 7.1
  878 |     static void [01;36m[Kassign[m[K(void **ptr, const_iterator iterator)
      |                 [01;36m[K^~~~~~[m[K
In file included from [01m[K/mnt/HDD/Project/inkbox-build/inkbox/compiled-binaries/arm-kobo-linux-gnueabihf/arm-kobo-linux-gnueabihf/include/c++/11.2.0/bits/stl_algobase.h:66[m[K,
                 from [01m[K/mnt/HDD/Project/inkbox-build/inkbox/compiled-binaries/arm-kobo-linux-gnueabihf/arm-kobo-linux-gnueabihf/include/c++/11.2.0/algorithm:61[m[K,
                 from [01m[K/home/build/inkbox/compiled-binaries/arm-kobo-linux-gnueabihf/arm-kobo-linux-gnueabihf/sysroot/include/QtCore/qglobal.h:142[m[K,
                 from [01m[K/home/build/inkbox/compiled-binaries/arm-kobo-linux-gnueabihf/arm-kobo-linux-gnueabihf/sysroot/include/QtCore/qloggingcategory.h:43[m[K,
                 from [01m[K/home/build/inkbox/compiled-binaries/arm-kobo-linux-gnueabihf/arm-kobo-linux-gnueabihf/sysroot/include/QtCore/QLoggingCategory:1[m[K,
                 from [01m[K/home/szybet/kdesrc/build/frameworks/kio/src/gui/kiogui_debug.h:6[m[K,
                 from [01m[K/home/szybet/kdesrc/frameworks/kio/src/gui/systemd/systemdprocessrunner.cpp:8[m[K:
[01m[K/mnt/HDD/Project/inkbox-build/inkbox/compiled-binaries/arm-kobo-linux-gnueabihf/arm-kobo-linux-gnueabihf/include/c++/11.2.0/bits/stl_iterator_base_funcs.h:[m[K In function '[01m[Kconstexpr typename std::iterator_traits< <template-parameter-1-1> >::difference_type std::__distance(_InputIterator, _InputIterator, std::input_iterator_tag) [with _InputIterator = QMap<QString, QVariant>::const_iterator][m[K':
[01m[K/mnt/HDD/Project/inkbox-build/inkbox/compiled-binaries/arm-kobo-linux-gnueabihf/arm-kobo-linux-gnueabihf/include/c++/11.2.0/bits/stl_iterator_base_funcs.h:80:5:[m[K [01;36m[Knote: [m[Kparameter passing for argument of type '[01m[KQMap<QString, QVariant>::const_iterator[m[K' changed in GCC 7.1
   80 |     [01;36m[K__distance[m[K(_InputIterator __first, _InputIterator __last,
      |     [01;36m[K^~~~~~~~~~[m[K
[01m[K/mnt/HDD/Project/inkbox-build/inkbox/compiled-binaries/arm-kobo-linux-gnueabihf/arm-kobo-linux-gnueabihf/include/c++/11.2.0/bits/stl_iterator_base_funcs.h:80:5:[m[K [01;36m[Knote: [m[Kparameter passing for argument of type '[01m[KQMap<QString, QVariant>::const_iterator[m[K' changed in GCC 7.1
[01m[K/mnt/HDD/Project/inkbox-build/inkbox/compiled-binaries/arm-kobo-linux-gnueabihf/arm-kobo-linux-gnueabihf/include/c++/11.2.0/bits/stl_iterator_base_funcs.h:[m[K In function '[01m[Kconstexpr typename std::iterator_traits< <template-parameter-1-1> >::difference_type std::__distance(_InputIterator, _InputIterator, std::input_iterator_tag) [with _InputIterator = QHash<QString, QVariant>::const_iterator][m[K':
[01m[K/mnt/HDD/Project/inkbox-build/inkbox/compiled-binaries/arm-kobo-linux-gnueabihf/arm-kobo-linux-gnueabihf/include/c++/11.2.0/bits/stl_iterator_base_funcs.h:80:5:[m[K [01;36m[Knote: [m[Kparameter passing for argument of type '[01m[KQHash<QString, QVariant>::const_iterator[m[K' changed in GCC 7.1
[01m[K/mnt/HDD/Project/inkbox-build/inkbox/compiled-binaries/arm-kobo-linux-gnueabihf/arm-kobo-linux-gnueabihf/include/c++/11.2.0/bits/stl_iterator_base_funcs.h:80:5:[m[K [01;36m[Knote: [m[Kparameter passing for argument of type '[01m[KQHash<QString, QVariant>::const_iterator[m[K' changed in GCC 7.1
[ 60%] Building CXX object src/ioslaves/file/CMakeFiles/kio_file.dir/file.cpp.o
[ 61%] Building CXX object src/ioslaves/file/CMakeFiles/kio_file.dir/file_unix.cpp.o
[ 62%] Linking CXX shared library ../../bin/libKF5KIOGui.so
[ 62%] Linking CXX shared module ../../bin/kf5/kded/proxyscout.so
[ 62%] Built target KF5KIOGui
[ 62%] Automatic MOC for target ktelnetservice5
[ 62%] Automatic MOC for target KF5KIOWidgets
[ 62%] Built target ktelnetservice5_autogen
[ 62%] Building CXX object src/schemehandlers/telnet/CMakeFiles/ktelnetservice5.dir/ktelnetservice5_autogen/mocs_compilation.cpp.o
[ 62%] Building CXX object src/schemehandlers/telnet/CMakeFiles/ktelnetservice5.dir/ktelnetservice.cpp.o
[ 62%] Built target kded_proxyscout
[01m[K/home/szybet/kdesrc/frameworks/kio/src/ioslaves/file/file.cpp:[m[K In member function '[01m[Kvirtual void FileProtocol::chmod(const QUrl&, int)[m[K':
[01m[K/home/szybet/kdesrc/frameworks/kio/src/ioslaves/file/file.cpp:162:49:[m[K [01;36m[Knote: [m[Kparameter passing for argument of type '[01m[Kstd::initializer_list<QVariant>[m[K' changed in GCC 7.1
  162 |         if (auto err = [01;36m[KexecWithElevatedPrivilege(CHMOD, {_path, permissions}, errno)[m[K) {
      |                        [01;36m[K~~~~~~~~~~~~~~~~~~~~~~~~~^~~~~~~~~~~~~~~~~~~~~~~~~~~~~~~~~~~~[m[K
[01m[K/home/szybet/kdesrc/frameworks/kio/src/ioslaves/file/file.cpp:[m[K In member function '[01m[Kvirtual void FileProtocol::setModificationTime(const QUrl&, const QDateTime&)[m[K':
[01m[K/home/szybet/kdesrc/frameworks/kio/src/ioslaves/file/file.cpp:197:53:[m[K [01;36m[Knote: [m[Kparameter passing for argument of type '[01m[Kstd::initializer_list<QVariant>[m[K' changed in GCC 7.1
  197 |             if (auto err = [01;36m[KexecWithElevatedPrivilege(UTIME, {path, qint64(utbuf.actime), qint64(utbuf.modtime)}, errno)[m[K) {
      |                            [01;36m[K~~~~~~~~~~~~~~~~~~~~~~~~~^~~~~~~~~~~~~~~~~~~~~~~~~~~~~~~~~~~~~~~~~~~~~~~~~~~~~~~~~~~~~~~~~~~[m[K
[01m[K/home/szybet/kdesrc/frameworks/kio/src/ioslaves/file/file.cpp:[m[K In member function '[01m[Kvirtual void FileProtocol::mkdir(const QUrl&, int)[m[K':
[01m[K/home/szybet/kdesrc/frameworks/kio/src/ioslaves/file/file.cpp:220:38:[m[K [01;36m[Knote: [m[Kparameter passing for argument of type '[01m[Kstd::initializer_list<QVariant>[m[K' changed in GCC 7.1
  220 |             [01;36m[KexecWithElevatedPrivilege(DEL, {path}, errno)[m[K;
      |             [01;36m[K~~~~~~~~~~~~~~~~~~~~~~~~~^~~~~~~~~~~~~~~~~~~~[m[K
[01m[K/home/szybet/kdesrc/frameworks/kio/src/ioslaves/file/file.cpp:228:53:[m[K [01;36m[Knote: [m[Kparameter passing for argument of type '[01m[Kstd::initializer_list<QVariant>[m[K' changed in GCC 7.1
  228 |             if (auto err = [01;36m[KexecWithElevatedPrivilege(MKDIR, {path}, errno)[m[K) {
      |                            [01;36m[K~~~~~~~~~~~~~~~~~~~~~~~~~^~~~~~~~~~~~~~~~~~~~~~[m[K
[01m[K/home/szybet/kdesrc/frameworks/kio/src/ioslaves/file/file.cpp:[m[K In member function '[01m[Kvirtual void FileProtocol::put(const QUrl&, int, KIO::JobFlags)[m[K':
[01m[K/home/szybet/kdesrc/frameworks/kio/src/ioslaves/file/file.cpp:636:54:[m[K [01;36m[Knote: [m[Kparameter passing for argument of type '[01m[Kstd::initializer_list<QVariant>[m[K' changed in GCC 7.1
  636 |                             [01;36m[KexecWithElevatedPrivilege(CHOWN, {dest, getuid(), getgid()}, errno)[m[K;
      |                             [01;36m[K~~~~~~~~~~~~~~~~~~~~~~~~~^~~~~~~~~~~~~~~~~~~~~~~~~~~~~~~~~~~~~~~~~~[m[K
[01m[K/home/szybet/kdesrc/frameworks/kio/src/ioslaves/file/file.cpp:697:42:[m[K [01;36m[Knote: [m[Kparameter passing for argument of type '[01m[Kstd::initializer_list<QVariant>[m[K' changed in GCC 7.1
  697 |                 [01;36m[KexecWithElevatedPrivilege(DEL, {dest_orig}, errno)[m[K;
      |                 [01;36m[K~~~~~~~~~~~~~~~~~~~~~~~~~^~~~~~~~~~~~~~~~~~~~~~~~~[m[K
[01m[K/home/szybet/kdesrc/frameworks/kio/src/ioslaves/file/file.cpp:702:53:[m[K [01;36m[Knote: [m[Kparameter passing for argument of type '[01m[Kstd::initializer_list<QVariant>[m[K' changed in GCC 7.1
  702 |             if (auto err = [01;36m[KexecWithElevatedPrivilege(RENAME, {dest, dest_orig}, errno)[m[K) {
      |                            [01;36m[K~~~~~~~~~~~~~~~~~~~~~~~~~^~~~~~~~~~~~~~~~~~~~~~~~~~~~~~~~~~[m[K
[01m[K/home/szybet/kdesrc/frameworks/kio/src/ioslaves/file/file.cpp:719:38:[m[K [01;36m[Knote: [m[Kparameter passing for argument of type '[01m[Kstd::initializer_list<QVariant>[m[K' changed in GCC 7.1
  719 |                 if ([01;36m[KtryChangeFileAttr(CHMOD, {dest_orig, _mode}, errno)[m[K) {
      |                     [01;36m[K~~~~~~~~~~~~~~~~~^~~~~~~~~~~~~~~~~~~~~~~~~~~~~~~~~~[m[K
[01m[K/home/szybet/kdesrc/frameworks/kio/src/ioslaves/file/file.cpp:[m[K In member function '[01m[Kbool FileProtocol::deleteRecursive(const QString&)[m[K':
[01m[K/home/szybet/kdesrc/frameworks/kio/src/ioslaves/file/file.cpp:965:57:[m[K [01;36m[Knote: [m[Kparameter passing for argument of type '[01m[Kstd::initializer_list<QVariant>[m[K' changed in GCC 7.1
  965 |                 if (auto err = [01;36m[KexecWithElevatedPrivilege(DEL, {itemPath}, errno)[m[K) {
      |                                [01;36m[K~~~~~~~~~~~~~~~~~~~~~~~~~^~~~~~~~~~~~~~~~~~~~~~~~[m[K
[01m[K/home/szybet/kdesrc/frameworks/kio/src/ioslaves/file/file.cpp:978:53:[m[K [01;36m[Knote: [m[Kparameter passing for argument of type '[01m[Kstd::initializer_list<QVariant>[m[K' changed in GCC 7.1
  978 |             if (auto err = [01;36m[KexecWithElevatedPrivilege(RMDIR, {itemPath}, errno)[m[K) {
      |                            [01;36m[K~~~~~~~~~~~~~~~~~~~~~~~~~^~~~~~~~~~~~~~~~~~~~~~~~~~[m[K
[01m[K/home/szybet/kdesrc/frameworks/kio/src/ioslaves/file/file_unix.cpp:[m[K In member function '[01m[KPrivilegeOperationReturnValue FileProtocol::tryOpen(QFile&, const QByteArray&, int, int, int)[m[K':
[01m[K/home/szybet/kdesrc/frameworks/kio/src/ioslaves/file/file_unix.cpp:534:45:[m[K [01;36m[Knote: [m[Kparameter passing for argument of type '[01m[Kstd::initializer_list<QVariant>[m[K' changed in GCC 7.1
  534 |     if (auto err = [01;36m[KexecWithElevatedPrivilege(OPEN, {path, flags, mode, sockPath}, errcode)[m[K) {
      |                    [01;36m[K~~~~~~~~~~~~~~~~~~~~~~~~~^~~~~~~~~~~~~~~~~~~~~~~~~~~~~~~~~~~~~~~~~~~~~~[m[K
In file included from [01m[K/home/build/inkbox/compiled-binaries/arm-kobo-linux-gnueabihf/arm-kobo-linux-gnueabihf/sysroot/include/QtCore/qobject.h:49[m[K,
                 from [01m[K/home/build/inkbox/compiled-binaries/arm-kobo-linux-gnueabihf/arm-kobo-linux-gnueabihf/sysroot/include/QtCore/qiodevice.h:45[m[K,
                 from [01m[K/home/build/inkbox/compiled-binaries/arm-kobo-linux-gnueabihf/arm-kobo-linux-gnueabihf/sysroot/include/QtCore/qfiledevice.h:43[m[K,
                 from [01m[K/home/build/inkbox/compiled-binaries/arm-kobo-linux-gnueabihf/arm-kobo-linux-gnueabihf/sysroot/include/QtCore/qfile.h:44[m[K,
                 from [01m[K/home/build/inkbox/compiled-binaries/arm-kobo-linux-gnueabihf/arm-kobo-linux-gnueabihf/sysroot/include/QtCore/QFile:1[m[K,
                 from [01m[K/home/szybet/kdesrc/frameworks/kio/src/core/global.h:12[m[K,
                 from [01m[K/home/szybet/kdesrc/build/frameworks/kio/src/core/kio/global.h:1[m[K,
                 from [01m[K/home/szybet/kdesrc/frameworks/kio/src/ioslaves/file/file.h:12[m[K,
                 from [01m[K/home/szybet/kdesrc/frameworks/kio/src/ioslaves/file/file.cpp:11[m[K:
[01m[K/home/build/inkbox/compiled-binaries/arm-kobo-linux-gnueabihf/arm-kobo-linux-gnueabihf/sysroot/include/QtCore/qlist.h:[m[K In constructor '[01m[KQList<T>::QList(std::initializer_list<_Tp>) [with T = QVariant][m[K':
[01m[K/home/build/inkbox/compiled-binaries/arm-kobo-linux-gnueabihf/arm-kobo-linux-gnueabihf/sysroot/include/QtCore/qlist.h:169:12:[m[K [01;36m[Knote: [m[Kparameter passing for argument of type '[01m[Kstd::initializer_list<QVariant>[m[K' changed in GCC 7.1
  169 |     inline [01;36m[KQList[m[K(std::initializer_list<T> args)
      |            [01;36m[K^~~~~[m[K
[01m[K/home/szybet/kdesrc/frameworks/kio/src/ioslaves/file/file_unix.cpp:[m[K In member function '[01m[Kvirtual void FileProtocol::copy(const QUrl&, const QUrl&, int, KIO::JobFlags)[m[K':
[01m[K/home/szybet/kdesrc/frameworks/kio/src/ioslaves/file/file_unix.cpp:730:61:[m[K [01;36m[Knote: [m[Kparameter passing for argument of type '[01m[Kstd::initializer_list<QVariant>[m[K' changed in GCC 7.1
  730 |                     if (auto err = [01;36m[KexecWithElevatedPrivilege(DEL, {_dest}, errno)[m[K) {
      |                                    [01;36m[K~~~~~~~~~~~~~~~~~~~~~~~~~^~~~~~~~~~~~~~~~~~~~~[m[K
[01m[K/home/szybet/kdesrc/frameworks/kio/src/ioslaves/file/file_unix.cpp:786:38:[m[K [01;36m[Knote: [m[Kparameter passing for argument of type '[01m[Kstd::initializer_list<QVariant>[m[K' changed in GCC 7.1
  786 |                 if ([01;36m[KtryChangeFileAttr(CHMOD, {_dest, _mode}, errCode)[m[K) {
      |                     [01;36m[K~~~~~~~~~~~~~~~~~^~~~~~~~~~~~~~~~~~~~~~~~~~~~~~~~[m[K
[01m[K/home/szybet/kdesrc/frameworks/kio/src/ioslaves/file/file_unix.cpp:877:46:[m[K [01;36m[Knote: [m[Kparameter passing for argument of type '[01m[Kstd::initializer_list<QVariant>[m[K' changed in GCC 7.1
  877 |                     [01;36m[KexecWithElevatedPrivilege(DEL, {_dest}, errno)[m[K;
      |                     [01;36m[K~~~~~~~~~~~~~~~~~~~~~~~~~^~~~~~~~~~~~~~~~~~~~~[m[K
[01m[K/home/szybet/kdesrc/frameworks/kio/src/ioslaves/file/file_unix.cpp:899:46:[m[K [01;36m[Knote: [m[Kparameter passing for argument of type '[01m[Kstd::initializer_list<QVariant>[m[K' changed in GCC 7.1
  899 |                     [01;36m[KexecWithElevatedPrivilege(DEL, {_dest}, errno)[m[K;
      |                     [01;36m[K~~~~~~~~~~~~~~~~~~~~~~~~~^~~~~~~~~~~~~~~~~~~~~[m[K
[01m[K/home/szybet/kdesrc/frameworks/kio/src/ioslaves/file/file_unix.cpp:936:34:[m[K [01;36m[Knote: [m[Kparameter passing for argument of type '[01m[Kstd::initializer_list<QVariant>[m[K' changed in GCC 7.1
  936 |             if ([01;36m[KtryChangeFileAttr(UTIME, {_dest, qint64(buffSrc.st_atime), qint64(buffSrc.st_mtime)}, errno)[m[K) {
      |                 [01;36m[K~~~~~~~~~~~~~~~~~^~~~~~~~~~~~~~~~~~~~~~~~~~~~~~~~~~~~~~~~~~~~~~~~~~~~~~~~~~~~~~~~~~~~~~~~~~~[m[K
[01m[K/home/szybet/kdesrc/frameworks/kio/src/ioslaves/file/file_unix.cpp:947:38:[m[K [01;36m[Knote: [m[Kparameter passing for argument of type '[01m[Kstd::initializer_list<QVariant>[m[K' changed in GCC 7.1
  947 |             [01;36m[KexecWithElevatedPrivilege(DEL, {_dest}, errno)[m[K;
      |             [01;36m[K~~~~~~~~~~~~~~~~~~~~~~~~~^~~~~~~~~~~~~~~~~~~~~[m[K
[01m[K/home/szybet/kdesrc/frameworks/kio/src/ioslaves/file/file_unix.cpp:958:38:[m[K [01;36m[Knote: [m[Kparameter passing for argument of type '[01m[Kstd::initializer_list<QVariant>[m[K' changed in GCC 7.1
  958 |             [01;36m[KexecWithElevatedPrivilege(DEL, {_dest}, errno)[m[K;
      |             [01;36m[K~~~~~~~~~~~~~~~~~~~~~~~~~^~~~~~~~~~~~~~~~~~~~~[m[K
[01m[K/home/szybet/kdesrc/frameworks/kio/src/ioslaves/file/file_unix.cpp:980:34:[m[K [01;36m[Knote: [m[Kparameter passing for argument of type '[01m[Kstd::initializer_list<QVariant>[m[K' changed in GCC 7.1
  980 |             if ([01;36m[KtryChangeFileAttr(CHOWN, {_dest, buffSrc.st_uid, buffSrc.st_gid}, errno)[m[K) {
      |                 [01;36m[K~~~~~~~~~~~~~~~~~^~~~~~~~~~~~~~~~~~~~~~~~~~~~~~~~~~~~~~~~~~~~~~~~~~~~~~~[m[K
[01m[K/home/szybet/kdesrc/frameworks/kio/src/ioslaves/file/file_unix.cpp:[m[K In member function '[01m[Kvirtual void FileProtocol::rename(const QUrl&, const QUrl&, KIO::JobFlags)[m[K':
[01m[K/home/szybet/kdesrc/frameworks/kio/src/ioslaves/file/file_unix.cpp:1211:49:[m[K [01;36m[Knote: [m[Kparameter passing for argument of type '[01m[Kstd::initializer_list<QVariant>[m[K' changed in GCC 7.1
 1211 |         if (auto err = [01;36m[KexecWithElevatedPrivilege(RENAME, {_src, _dest}, errno)[m[K) {
      |                        [01;36m[K~~~~~~~~~~~~~~~~~~~~~~~~~^~~~~~~~~~~~~~~~~~~~~~~~~~~~~~[m[K
[01m[K/home/szybet/kdesrc/frameworks/kio/src/ioslaves/file/file_unix.cpp:[m[K In member function '[01m[Kvirtual void FileProtocol::symlink(const QString&, const QUrl&, KIO::JobFlags)[m[K':
[01m[K/home/szybet/kdesrc/frameworks/kio/src/ioslaves/file/file_unix.cpp:1246:57:[m[K [01;36m[Knote: [m[Kparameter passing for argument of type '[01m[Kstd::initializer_list<QVariant>[m[K' changed in GCC 7.1
 1246 |                 if (auto err = [01;36m[KexecWithElevatedPrivilege(DEL, {dest}, errno)[m[K) {
      |                                [01;36m[K~~~~~~~~~~~~~~~~~~~~~~~~~^~~~~~~~~~~~~~~~~~~~[m[K
[01m[K/home/szybet/kdesrc/frameworks/kio/src/ioslaves/file/file_unix.cpp:1289:41:[m[K [01;36m[Knote: [m[Kparameter passing for argument of type '[01m[Kstd::initializer_list<QVariant>[m[K' changed in GCC 7.1
 1289 |     auto res = [01;36m[KexecWithElevatedPrivilege(SYMLINK, {dest, target}, errno)[m[K;
      |                [01;36m[K~~~~~~~~~~~~~~~~~~~~~~~~~^~~~~~~~~~~~~~~~~~~~~~~~~~~~~~~~[m[K
[01m[K/home/szybet/kdesrc/frameworks/kio/src/ioslaves/file/file_unix.cpp:[m[K In member function '[01m[Kvirtual void FileProtocol::del(const QUrl&, bool)[m[K':
[01m[K/home/szybet/kdesrc/frameworks/kio/src/ioslaves/file/file_unix.cpp:1310:53:[m[K [01;36m[Knote: [m[Kparameter passing for argument of type '[01m[Kstd::initializer_list<QVariant>[m[K' changed in GCC 7.1
 1310 |             if (auto err = [01;36m[KexecWithElevatedPrivilege(DEL, {_path}, errno)[m[K) {
      |                            [01;36m[K~~~~~~~~~~~~~~~~~~~~~~~~~^~~~~~~~~~~~~~~~~~~~~[m[K
[01m[K/home/szybet/kdesrc/frameworks/kio/src/ioslaves/file/file_unix.cpp:1335:53:[m[K [01;36m[Knote: [m[Kparameter passing for argument of type '[01m[Kstd::initializer_list<QVariant>[m[K' changed in GCC 7.1
 1335 |             if (auto err = [01;36m[KexecWithElevatedPrivilege(RMDIR, {_path}, errno)[m[K) {
      |                            [01;36m[K~~~~~~~~~~~~~~~~~~~~~~~~~^~~~~~~~~~~~~~~~~~~~~~~[m[K
[01m[K/home/szybet/kdesrc/frameworks/kio/src/ioslaves/file/file_unix.cpp:[m[K In member function '[01m[Kvirtual void FileProtocol::chown(const QUrl&, const QString&, const QString&)[m[K':
[01m[K/home/szybet/kdesrc/frameworks/kio/src/ioslaves/file/file_unix.cpp:1384:49:[m[K [01;36m[Knote: [m[Kparameter passing for argument of type '[01m[Kstd::initializer_list<QVariant>[m[K' changed in GCC 7.1
 1384 |         if (auto err = [01;36m[KexecWithElevatedPrivilege(CHOWN, {_path, uid, gid}, errno)[m[K) {
      |                        [01;36m[K~~~~~~~~~~~~~~~~~~~~~~~~~^~~~~~~~~~~~~~~~~~~~~~~~~~~~~~~~~[m[K
In file included from [01m[K/home/build/inkbox/compiled-binaries/arm-kobo-linux-gnueabihf/arm-kobo-linux-gnueabihf/sysroot/include/QtCore/qobject.h:49[m[K,
                 from [01m[K/home/build/inkbox/compiled-binaries/arm-kobo-linux-gnueabihf/arm-kobo-linux-gnueabihf/sysroot/include/QtCore/qiodevice.h:45[m[K,
                 from [01m[K/home/build/inkbox/compiled-binaries/arm-kobo-linux-gnueabihf/arm-kobo-linux-gnueabihf/sysroot/include/QtCore/qfiledevice.h:43[m[K,
                 from [01m[K/home/build/inkbox/compiled-binaries/arm-kobo-linux-gnueabihf/arm-kobo-linux-gnueabihf/sysroot/include/QtCore/qfile.h:44[m[K,
                 from [01m[K/home/build/inkbox/compiled-binaries/arm-kobo-linux-gnueabihf/arm-kobo-linux-gnueabihf/sysroot/include/QtCore/QFile:1[m[K,
                 from [01m[K/home/szybet/kdesrc/frameworks/kio/src/core/global.h:12[m[K,
                 from [01m[K/home/szybet/kdesrc/build/frameworks/kio/src/core/kio/global.h:1[m[K,
                 from [01m[K/home/szybet/kdesrc/frameworks/kio/src/ioslaves/file/file.h:12[m[K,
                 from [01m[K/home/szybet/kdesrc/frameworks/kio/src/ioslaves/file/file_unix.cpp:12[m[K:
[01m[K/home/build/inkbox/compiled-binaries/arm-kobo-linux-gnueabihf/arm-kobo-linux-gnueabihf/sysroot/include/QtCore/qlist.h:[m[K In constructor '[01m[KQList<T>::QList(std::initializer_list<_Tp>) [with T = QVariant][m[K':
[01m[K/home/build/inkbox/compiled-binaries/arm-kobo-linux-gnueabihf/arm-kobo-linux-gnueabihf/sysroot/include/QtCore/qlist.h:169:12:[m[K [01;36m[Knote: [m[Kparameter passing for argument of type '[01m[Kstd::initializer_list<QVariant>[m[K' changed in GCC 7.1
  169 |     inline [01;36m[KQList[m[K(std::initializer_list<T> args)
      |            [01;36m[K^~~~~[m[K
[ 62%] Linking CXX executable ../../../bin/ktelnetservice5
[ 62%] Linking CXX shared module ../../../bin/kf5/kio/kio_file.so
[ 62%] Built target kio_file
[ 62%] Built target ktelnetservice5
[ 62%] Built target KF5KIOWidgets_autogen
[ 64%] Generating kuiserver_interface.cpp, kuiserver_interface.h
[ 64%] Generating fileundomanager_adaptor.cpp, fileundomanager_adaptor.h
[ 64%] Generating ui_sslinfo.h
[ 64%] Generating ui_checksumswidget.h
[ 64%] Generating ui_kfilepropspluginwidget.h
[ 64%] Generating ui_kpropertiesdesktopadvbase.h
[ 64%] Generating ui_certificateparty.h
[ 64%] Generating ui_kpropertiesdesktopbase.h
[ 64%] Generating fileundomanager_adaptor.moc
[ 64%] Generating kuiserver_interface.moc
[ 65%] Building CXX object src/widgets/CMakeFiles/KF5KIOWidgets.dir/KF5KIOWidgets_autogen/mocs_compilation.cpp.o
[ 65%] Building CXX object src/widgets/CMakeFiles/KF5KIOWidgets.dir/kurlrequesterdialog.cpp.o
[ 65%] Building CXX object src/widgets/CMakeFiles/KF5KIOWidgets.dir/kacleditwidget.cpp.o
[ 65%] Building CXX object src/widgets/CMakeFiles/KF5KIOWidgets.dir/kfileitemactions.cpp.o
[ 65%] Building CXX object src/widgets/CMakeFiles/KF5KIOWidgets.dir/kurlcombobox.cpp.o
[ 65%] Building CXX object src/widgets/CMakeFiles/KF5KIOWidgets.dir/kdesktopfileactions.cpp.o
[ 66%] Building CXX object src/widgets/CMakeFiles/KF5KIOWidgets.dir/imagefilter.cpp.o
[ 66%] Building CXX object src/widgets/CMakeFiles/KF5KIOWidgets.dir/kopenwithdialog.cpp.o
[01m[K/home/szybet/kdesrc/frameworks/kio/src/widgets/imagefilter.cpp:[m[K In function '[01m[Kvoid blurHorizontal(QImage&, unsigned int*, int, int)[m[K':
[01m[K/home/szybet/kdesrc/frameworks/kio/src/widgets/imagefilter.cpp:49:29:[m[K [01;35m[Kwarning: [m[Kcast from '[01m[Kuchar*[m[K' {aka '[01m[Kunsigned char*[m[K'} to '[01m[Kquint32*[m[K' {aka '[01m[Kunsigned int*[m[K'} increases required alignment of target type [[01;35m[K-Wcast-align[m[K]
   49 |     quint32 *const pixels = [01;35m[Kreinterpret_cast<quint32 *>(image.bits())[m[K;
      |                             [01;35m[K^~~~~~~~~~~~~~~~~~~~~~~~~~~~~~~~~~~~~~~~~[m[K
[01m[K/home/szybet/kdesrc/frameworks/kio/src/widgets/imagefilter.cpp:[m[K In function '[01m[Kvoid blurVertical(QImage&, unsigned int*, int, int)[m[K':
[01m[K/home/szybet/kdesrc/frameworks/kio/src/widgets/imagefilter.cpp:122:29:[m[K [01;35m[Kwarning: [m[Kcast from '[01m[Kuchar*[m[K' {aka '[01m[Kunsigned char*[m[K'} to '[01m[Kquint32*[m[K' {aka '[01m[Kunsigned int*[m[K'} increases required alignment of target type [[01;35m[K-Wcast-align[m[K]
  122 |     quint32 *const pixels = [01;35m[Kreinterpret_cast<quint32 *>(image.bits())[m[K;
      |                             [01;35m[K^~~~~~~~~~~~~~~~~~~~~~~~~~~~~~~~~~~~~~~~~[m[K
[ 66%] Building CXX object src/widgets/CMakeFiles/KF5KIOWidgets.dir/kfile.cpp.o
[ 67%] Building CXX object src/widgets/CMakeFiles/KF5KIOWidgets.dir/pastedialog.cpp.o
[ 67%] Building CXX object src/widgets/CMakeFiles/KF5KIOWidgets.dir/clipboardupdater.cpp.o
[ 67%] Building CXX object src/widgets/CMakeFiles/KF5KIOWidgets.dir/kabstractfileitemactionplugin.cpp.o
[ 67%] Building CXX object src/widgets/CMakeFiles/KF5KIOWidgets.dir/koverlayiconplugin.cpp.o
[ 67%] Building CXX object src/widgets/CMakeFiles/KF5KIOWidgets.dir/kurlrequester.cpp.o
[ 68%] Building CXX object src/widgets/CMakeFiles/KF5KIOWidgets.dir/krun.cpp.o
[ 68%] Building CXX object src/widgets/CMakeFiles/KF5KIOWidgets.dir/kurlpixmapprovider.cpp.o
[ 68%] Building CXX object src/widgets/CMakeFiles/KF5KIOWidgets.dir/pixmaploader.cpp.o
[ 68%] Building CXX object src/widgets/CMakeFiles/KF5KIOWidgets.dir/thumbsequencecreator.cpp.o
[ 69%] Building CXX object src/widgets/CMakeFiles/KF5KIOWidgets.dir/thumbdevicepixelratiodependentcreator.cpp.o
[ 69%] Building CXX object src/widgets/CMakeFiles/KF5KIOWidgets.dir/thumbcreator.cpp.o
[ 69%] Building CXX object src/widgets/CMakeFiles/KF5KIOWidgets.dir/kshellcompletion.cpp.o
[ 69%] Building CXX object src/widgets/CMakeFiles/KF5KIOWidgets.dir/kurlcompletion.cpp.o
[ 70%] Building CXX object src/widgets/CMakeFiles/KF5KIOWidgets.dir/kurifilter.cpp.o
[ 70%] Building CXX object src/widgets/CMakeFiles/KF5KIOWidgets.dir/previewjob.cpp.o
[ 70%] Building CXX object src/widgets/CMakeFiles/KF5KIOWidgets.dir/renamedialog.cpp.o
[ 70%] Building CXX object src/widgets/CMakeFiles/KF5KIOWidgets.dir/ksslcertificatebox.cpp.o
[ 70%] Building CXX object src/widgets/CMakeFiles/KF5KIOWidgets.dir/ksslinfodialog.cpp.o
[ 71%] Building CXX object src/widgets/CMakeFiles/KF5KIOWidgets.dir/skipdialog.cpp.o
[ 71%] Building CXX object src/widgets/CMakeFiles/KF5KIOWidgets.dir/jobuidelegate.cpp.o
[ 71%] Building CXX object src/widgets/CMakeFiles/KF5KIOWidgets.dir/kdirlister.cpp.o
[ 71%] Building CXX object src/widgets/CMakeFiles/KF5KIOWidgets.dir/executablefileopendialog.cpp.o
[ 72%] Building CXX object src/widgets/CMakeFiles/KF5KIOWidgets.dir/dndpopupmenuplugin.cpp.o
[ 72%] Building CXX object src/widgets/CMakeFiles/KF5KIOWidgets.dir/kurifiltersearchprovideractions.cpp.o
[ 72%] Building CXX object src/widgets/CMakeFiles/KF5KIOWidgets.dir/widgetsuntrustedprogramhandler.cpp.o
[ 72%] Building CXX object src/widgets/CMakeFiles/KF5KIOWidgets.dir/widgetsopenwithhandler.cpp.o
[ 72%] Building CXX object src/widgets/CMakeFiles/KF5KIOWidgets.dir/widgetsopenorexecutefilehandler.cpp.o
[ 73%] Building CXX object src/widgets/CMakeFiles/KF5KIOWidgets.dir/widgetsaskuseractionhandler.cpp.o
[ 73%] Building CXX object src/widgets/CMakeFiles/KF5KIOWidgets.dir/fileundomanager_adaptor.cpp.o
[ 73%] Building CXX object src/widgets/CMakeFiles/KF5KIOWidgets.dir/kuiserver_interface.cpp.o
[ 73%] Building CXX object src/widgets/CMakeFiles/KF5KIOWidgets.dir/accessmanager.cpp.o
[ 74%] Building CXX object src/widgets/CMakeFiles/KF5KIOWidgets.dir/accessmanagerreply_p.cpp.o
[ 74%] Building CXX object src/widgets/CMakeFiles/KF5KIOWidgets.dir/deleteortrashjob.cpp.o
[ 74%] Building CXX object src/widgets/CMakeFiles/KF5KIOWidgets.dir/fileundomanager.cpp.o
[ 74%] Building CXX object src/widgets/CMakeFiles/KF5KIOWidgets.dir/kpropertiesdialog.cpp.o
[ 75%] Building CXX object src/widgets/CMakeFiles/KF5KIOWidgets.dir/delegateanimationhandler.cpp.o
[ 75%] Building CXX object src/widgets/CMakeFiles/KF5KIOWidgets.dir/kfileitemdelegate.cpp.o
[ 75%] Building CXX object src/widgets/CMakeFiles/KF5KIOWidgets.dir/paste.cpp.o
[ 75%] Building CXX object src/widgets/CMakeFiles/KF5KIOWidgets.dir/kbuildsycocaprogressdialog.cpp.o
[ 75%] Building CXX object src/widgets/CMakeFiles/KF5KIOWidgets.dir/sslui.cpp.o
[ 76%] Building CXX object src/widgets/CMakeFiles/KF5KIOWidgets.dir/dropjob.cpp.o
[ 76%] Building CXX object src/widgets/CMakeFiles/KF5KIOWidgets.dir/openfilemanagerwindowjob.cpp.o
[ 76%] Building CXX object src/widgets/CMakeFiles/KF5KIOWidgets.dir/pastejob.cpp.o
[ 76%] Building CXX object src/widgets/CMakeFiles/KF5KIOWidgets.dir/joburlcache.cpp.o
[ 77%] Building CXX object src/widgets/CMakeFiles/KF5KIOWidgets.dir/kdirmodel.cpp.o
[ 77%] Building CXX object src/widgets/CMakeFiles/KF5KIOWidgets.dir/renamefiledialog.cpp.o
[ 77%] Building CXX object src/widgets/CMakeFiles/KF5KIOWidgets.dir/kdynamicjobtracker.cpp.o
[01m[K/home/szybet/kdesrc/frameworks/kio/src/widgets/dropjob.cpp:[m[K In member function '[01m[Kvoid KIO::DropJobPrivate::slotStart()[m[K':
[01m[K/home/szybet/kdesrc/frameworks/kio/src/widgets/dropjob.cpp:248:29:[m[K [01;36m[Knote: [m[Kparameter passing for argument of type '[01m[Kstd::initializer_list<QVariant>[m[K' changed in GCC 7.1
  248 |         [01;36m[Kmessage.setArguments({m_destUrl.toDisplayString(QUrl::PreferLocalFile)})[m[K;
      |         [01;36m[K~~~~~~~~~~~~~~~~~~~~^~~~~~~~~~~~~~~~~~~~~~~~~~~~~~~~~~~~~~~~~~~~~~~~~~~~[m[K
In file included from [01m[K/home/build/inkbox/compiled-binaries/arm-kobo-linux-gnueabihf/arm-kobo-linux-gnueabihf/sysroot/include/QtCore/qurl.h:47[m[K,
                 from [01m[K/home/build/inkbox/compiled-binaries/arm-kobo-linux-gnueabihf/arm-kobo-linux-gnueabihf/sysroot/include/QtCore/QUrl:1[m[K,
                 from [01m[K/home/szybet/kdesrc/frameworks/kio/src/widgets/dropjob.h:11[m[K,
                 from [01m[K/home/szybet/kdesrc/frameworks/kio/src/widgets/dropjob.cpp:8[m[K:
[01m[K/home/build/inkbox/compiled-binaries/arm-kobo-linux-gnueabihf/arm-kobo-linux-gnueabihf/sysroot/include/QtCore/qlist.h:[m[K In constructor '[01m[KQList<T>::QList(std::initializer_list<_Tp>) [with T = QVariant][m[K':
[01m[K/home/build/inkbox/compiled-binaries/arm-kobo-linux-gnueabihf/arm-kobo-linux-gnueabihf/sysroot/include/QtCore/qlist.h:169:12:[m[K [01;36m[Knote: [m[Kparameter passing for argument of type '[01m[Kstd::initializer_list<QVariant>[m[K' changed in GCC 7.1
  169 |     inline [01;36m[KQList[m[K(std::initializer_list<T> args)
      |            [01;36m[K^~~~~[m[K
[ 77%] Building CXX object src/widgets/CMakeFiles/KF5KIOWidgets.dir/kautomount.cpp.o
[ 77%] Building CXX object src/widgets/CMakeFiles/KF5KIOWidgets.dir/kio_widgets_debug.cpp.o
[ 78%] Linking CXX shared library ../../bin/libKF5KIOWidgets.so
[ 78%] Built target KF5KIOWidgets
[ 80%] Automatic MOC for target localdomainurifilter
[ 80%] Automatic MOC for target KF5KIOFileWidgets
[ 80%] Automatic MOC for target kioexec
[ 80%] Automatic MOC for target kuriikwsfilter
[ 80%] Automatic MOC for target fixhosturifilter
[ 80%] Automatic MOC for target kurisearchfilter
[ 81%] Automatic MOC for target kshorturifilter
[ 81%] Generating webshortcuts.json
Warning: Unable to find service type for service "KCModule" listed in "/home/szybet/kdesrc/frameworks/kio/src/kcms/webshortcuts/webshortcuts.desktop" - service type search directories were ("//mnt/HDD/Project/Public/okulartry/okular-things/share") (:0, )
Unknown property type for key "X-DocPath" -> falling back to string
Unknown property type for key "X-KDE-ParentApp" -> falling back to string
Unknown property type for key "X-KDE-Keywords" -> falling back to string
Unknown property type for key "X-KDE-Keywords" -> falling back to string
Unknown property type for key "X-KDE-Keywords" -> falling back to string
Unknown property type for key "X-KDE-Keywords" -> falling back to string
Unknown property type for key "X-KDE-Keywords" -> falling back to string
Unknown property type for key "X-KDE-Keywords" -> falling back to string
Unknown property type for key "X-KDE-Keywords" -> falling back to string
Unknown property type for key "X-KDE-Keywords" -> falling back to string
Unknown property type for key "X-KDE-Keywords" -> falling back to string
Unknown property type for key "X-KDE-Keywords" -> falling back to string
Unknown property type for key "X-KDE-Keywords" -> falling back to string
Unknown property type for key "X-KDE-Keywords" -> falling back to string
Unknown property type for key "X-KDE-Keywords" -> falling back to string
Unknown property type for key "X-KDE-Keywords" -> falling back to string
Unknown property type for key "X-KDE-Keywords" -> falling back to string
Unknown property type for key "X-KDE-Keywords" -> falling back to string
Unknown property type for key "X-KDE-Keywords" -> falling back to string
Unknown property type for key "X-KDE-Keywords" -> falling back to string
Unknown property type for key "X-KDE-Keywords" -> falling back to string
Unknown property type for key "X-KDE-Keywords" -> falling back to string
Unknown property type for key "X-KDE-Keywords" -> falling back to string
Unknown property type for key "X-KDE-Keywords" -> falling back to string
Unknown property type for key "X-KDE-Keywords" -> falling back to string
Unknown property type for key "X-KDE-Keywords" -> falling back to string
Unknown property type for key "X-KDE-Keywords" -> falling back to string
Unknown property type for key "X-KDE-Keywords" -> falling back to string
Unknown property type for key "X-KDE-Keywords" -> falling back to string
Unknown property type for key "X-KDE-Keywords" -> falling back to string
Unknown property type for key "X-KDE-Keywords" -> falling back to string
Unknown property type for key "X-KDE-Keywords" -> falling back to string
Unknown property type for key "X-KDE-Keywords" -> falling back to string
Unknown property type for key "X-KDE-Keywords" -> falling back to string
Unknown property type for key "X-KDE-Keywords" -> falling back to string
Unknown property type for key "X-KDE-Keywords" -> falling back to string
Unknown property type for key "X-KDE-Keywords" -> falling back to string
Unknown property type for key "X-KDE-Keywords" -> falling back to string
Unknown property type for key "X-KDE-Keywords" -> falling back to string
Unknown property type for key "X-KDE-Keywords" -> falling back to string
Unknown property type for key "X-KDE-Keywords" -> falling back to string
Unknown property type for key "X-KDE-Keywords" -> falling back to string
Unknown property type for key "X-KDE-Keywords" -> falling back to string
Unknown property type for key "X-KDE-Keywords" -> falling back to string
Unknown property type for key "X-KDE-Keywords" -> falling back to string
Unknown property type for key "X-KDE-Keywords" -> falling back to string
Unknown property type for key "X-KDE-Keywords" -> falling back to string
Unknown property type for key "X-KDE-Keywords" -> falling back to string
Unknown property type for key "X-KDE-Keywords" -> falling back to string
Unknown property type for key "X-KDE-Keywords" -> falling back to string
Unknown property type for key "X-KDE-Keywords" -> falling back to string
Unknown property type for key "X-KDE-Keywords" -> falling back to string
Unknown property type for key "X-KDE-Keywords" -> falling back to string
Unknown property type for key "Categories" -> falling back to string
Generated  "/home/szybet/kdesrc/build/frameworks/kio/src/kcms/webshortcuts/webshortcuts.json"
[ 81%] Automatic MOC for target kcm_webshortcuts
[ 81%] Built target kioexec_autogen
[ 82%] Generating proxy.json
Warning: Unable to find service type for service "KCModule" listed in "/home/szybet/kdesrc/frameworks/kio/src/kcms/proxy/proxy.desktop" - service type search directories were ("//mnt/HDD/Project/Public/okulartry/okular-things/share") (:0, )
Unknown property type for key "X-DocPath" -> falling back to string
Unknown property type for key "X-KDE-ParentApp" -> falling back to string
Unknown property type for key "X-KDE-System-Settings-Parent-Category" -> falling back to string
Unknown property type for key "X-KDE-Weight" -> falling back to string
Unknown property type for key "X-KDE-Keywords" -> falling back to string
Unknown property type for key "X-KDE-Keywords" -> falling back to string
Unknown property type for key "X-KDE-Keywords" -> falling back to string
Unknown property type for key "X-KDE-Keywords" -> falling back to string
Unknown property type for key "X-KDE-Keywords" -> falling back to string
Unknown property type for key "X-KDE-Keywords" -> falling back to string
Unknown property type for key "X-KDE-Keywords" -> falling back to string
Unknown property type for key "X-KDE-Keywords" -> falling back to string
Unknown property type for key "X-KDE-Keywords" -> falling back to string
Unknown property type for key "X-KDE-Keywords" -> falling back to string
Unknown property type for key "X-KDE-Keywords" -> falling back to string
Unknown property type for key "X-KDE-Keywords" -> falling back to string
Unknown property type for key "X-KDE-Keywords" -> falling back to string
Unknown property type for key "X-KDE-Keywords" -> falling back to string
Unknown property type for key "X-KDE-Keywords" -> falling back to string
Unknown property type for key "X-KDE-Keywords" -> falling back to string
Unknown property type for key "X-KDE-Keywords" -> falling back to string
Unknown property type for key "X-KDE-Keywords" -> falling back to string
Unknown property type for key "X-KDE-Keywords" -> falling back to string
Unknown property type for key "X-KDE-Keywords" -> falling back to string
Unknown property type for key "X-KDE-Keywords" -> falling back to string
Unknown property type for key "X-KDE-Keywords" -> falling back to string
Unknown property type for key "X-KDE-Keywords" -> falling back to string
Unknown property type for key "X-KDE-Keywords" -> falling back to string
Unknown property type for key "X-KDE-Keywords" -> falling back to string
Unknown property type for key "X-KDE-Keywords" -> falling back to string
Unknown property type for key "X-KDE-Keywords" -> falling back to string
Unknown property type for key "X-KDE-Keywords" -> falling back to string
Unknown property type for key "X-KDE-Keywords" -> falling back to string
Unknown property type for key "X-KDE-Keywords" -> falling back to string
Unknown property type for key "X-KDE-Keywords" -> falling back to string
Unknown property type for key "X-KDE-Keywords" -> falling back to string
Unknown property type for key "X-KDE-Keywords" -> falling back to string
Unknown property type for key "X-KDE-Keywords" -> falling back to string
Unknown property type for key "X-KDE-Keywords" -> falling back to string
Unknown property type for key "X-KDE-Keywords" -> falling back to string
Unknown property type for key "X-KDE-Keywords" -> falling back to string
Unknown property type for key "X-KDE-Keywords" -> falling back to string
Unknown property type for key "X-KDE-Keywords" -> falling back to string
Unknown property type for key "X-KDE-Keywords" -> falling back to string
Unknown property type for key "X-KDE-Keywords" -> falling back to string
Unknown property type for key "X-KDE-Keywords" -> falling back to string
Unknown property type for key "X-KDE-Keywords" -> falling back to string
Unknown property type for key "X-KDE-Keywords" -> falling back to string
Unknown property type for key "X-KDE-Keywords" -> falling back to string
Unknown property type for key "X-KDE-Keywords" -> falling back to string
Unknown property type for key "X-KDE-Keywords" -> falling back to string
Unknown property type for key "X-KDE-Keywords" -> falling back to string
Unknown property type for key "X-KDE-Keywords" -> falling back to string
Unknown property type for key "X-KDE-Keywords" -> falling back to string
Unknown property type for key "X-KDE-Keywords" -> falling back to string
Unknown property type for key "X-KDE-Keywords" -> falling back to string
Unknown property type for key "X-KDE-Keywords" -> falling back to string
Unknown property type for key "X-KDE-Keywords" -> falling back to string
Unknown property type for key "X-KDE-Keywords" -> falling back to string
Unknown property type for key "X-KDE-Keywords" -> falling back to string
Unknown property type for key "X-KDE-Keywords" -> falling back to string
Unknown property type for key "X-KDE-Keywords" -> falling back to string
Generated  "/home/szybet/kdesrc/build/frameworks/kio/src/kcms/proxy/proxy.json"
[ 82%] Built target fixhosturifilter_autogen
[ 82%] Automatic MOC for target kcm_proxy
[ 82%] Generating kioexecdinterface.cpp, kioexecdinterface.h
[ 82%] Generating kioexecdinterface.moc
[ 82%] Building CXX object src/kioexec/CMakeFiles/kioexec.dir/kioexec_autogen/mocs_compilation.cpp.o
[ 82%] Built target localdomainurifilter_autogen
[ 82%] Built target kcm_webshortcuts_autogen
[ 82%] Built target kshorturifilter_autogen
[ 82%] Built target kuriikwsfilter_autogen
[ 82%] Building CXX object src/kioexec/CMakeFiles/kioexec.dir/kioexecdinterface.cpp.o
[ 82%] Building CXX object src/urifilters/fixhost/CMakeFiles/fixhosturifilter.dir/fixhosturifilter_autogen/mocs_compilation.cpp.o
[ 82%] Building CXX object src/urifilters/localdomain/CMakeFiles/localdomainurifilter.dir/localdomainurifilter_autogen/mocs_compilation.cpp.o
[ 82%] Building CXX object src/kcms/webshortcuts/CMakeFiles/kcm_webshortcuts.dir/kcm_webshortcuts_autogen/mocs_compilation.cpp.o
[ 82%] Built target kcm_proxy_autogen
[ 82%] Built target kurisearchfilter_autogen
[ 82%] Generating ui_searchproviderdlg_ui.h
[ 82%] Building CXX object src/urifilters/shorturi/CMakeFiles/kshorturifilter.dir/kshorturifilter_autogen/mocs_compilation.cpp.o
[ 83%] Generating ui_ikwsopts_ui.h
[ 83%] Building CXX object src/urifilters/ikws/CMakeFiles/kuriikwsfilter.dir/kuriikwsfilter_autogen/mocs_compilation.cpp.o
[ 83%] Built target KF5KIOFileWidgets_autogen
[ 83%] Generating ui_kproxydlg.h
[ 83%] Building CXX object src/urifilters/fixhost/CMakeFiles/fixhosturifilter.dir/fixhosturifilter.cpp.o
[ 83%] Building CXX object src/urifilters/localdomain/CMakeFiles/localdomainurifilter.dir/localdomainurifilter.cpp.o
[ 83%] Building CXX object src/kcms/proxy/CMakeFiles/kcm_proxy.dir/kcm_proxy_autogen/mocs_compilation.cpp.o
[ 84%] Building CXX object src/kcms/proxy/CMakeFiles/kcm_proxy.dir/kproxydlg.cpp.o
[ 84%] Building CXX object src/urifilters/shorturi/CMakeFiles/kshorturifilter.dir/kshorturifilter.cpp.o
[ 84%] Building CXX object src/urifilters/ikws/CMakeFiles/kuriikwsfilter.dir/kuriikwsfiltereng.cpp.o
[ 84%] Building CXX object src/kcms/webshortcuts/CMakeFiles/kcm_webshortcuts.dir/main.cpp.o
[ 84%] Building CXX object src/kioexec/CMakeFiles/kioexec.dir/main.cpp.o
[ 85%] Linking CXX shared module ../../../bin/kf5/urifilters/fixhosturifilter.so
[ 86%] Linking CXX shared module ../../../bin/kf5/urifilters/localdomainurifilter.so
[ 86%] Built target localdomainurifilter
[ 86%] Built target fixhosturifilter
[ 86%] Building CXX object src/urifilters/ikws/CMakeFiles/kuriikwsfilter.dir/kuriikwsfilter.cpp.o
[ 86%] Automatic RCC for ../new_file_templates/templates.qrc
[ 86%] Building CXX object src/filewidgets/CMakeFiles/KF5KIOFileWidgets.dir/KF5KIOFileWidgets_autogen/mocs_compilation.cpp.o
[ 86%] Building CXX object src/filewidgets/CMakeFiles/KF5KIOFileWidgets.dir/kstatusbarofflineindicator.cpp.o
[01m[K/home/szybet/kdesrc/frameworks/kio/src/kcms/webshortcuts/main.cpp:[m[K In constructor '[01m[KKURIFilterModule::KURIFilterModule(QWidget*, const QVariantList&)[m[K':
[01m[K/home/szybet/kdesrc/frameworks/kio/src/kcms/webshortcuts/main.cpp:32:17:[m[K [01;35m[Kwarning: [m[K'[01m[Kvoid KCModule::setAboutData(const KAboutData*)[m[K' is deprecated: Since 5.106. See API docs [[01;35m[K-Wdeprecated-declarations[m[K]
   32 |     [01;35m[KsetAboutData(about)[m[K;
      |     [01;35m[K~~~~~~~~~~~~^~~~~~~[m[K
In file included from [01m[K/home/build/inkbox/compiled-binaries/arm-kobo-linux-gnueabihf/arm-kobo-linux-gnueabihf/sysroot/include/KF5/KConfigWidgets/KCModule:1[m[K,
                 from [01m[K/home/szybet/kdesrc/frameworks/kio/src/kcms/webshortcuts/main.h:10[m[K,
                 from [01m[K/home/szybet/kdesrc/frameworks/kio/src/kcms/webshortcuts/main.cpp:8[m[K:
[01m[K/home/build/inkbox/compiled-binaries/arm-kobo-linux-gnueabihf/arm-kobo-linux-gnueabihf/sysroot/include/KF5/KConfigWidgets/kcmodule.h:173:10:[m[K [01;36m[Knote: [m[Kdeclared here
  173 |     void [01;36m[KsetAboutData[m[K(const KAboutData *about);
      |          [01;36m[K^~~~~~~~~~~~[m[K
[ 87%] Building CXX object src/filewidgets/CMakeFiles/KF5KIOFileWidgets.dir/kfilemetapreview.cpp.o
[ 87%] Linking CXX shared module ../../../bin/kf5/urifilters/kshorturifilter.so
[ 87%] Built target kshorturifilter
[ 87%] Building CXX object src/filewidgets/CMakeFiles/KF5KIOFileWidgets.dir/kimagefilepreview.cpp.o
[ 87%] Building CXX object src/kcms/proxy/CMakeFiles/kcm_proxy.dir/__/ksaveioconfig.cpp.o
[ 88%] Linking CXX shared module ../../../bin/kcm_webshortcuts.so
[ 88%] Built target kcm_webshortcuts
[ 88%] Building CXX object src/filewidgets/CMakeFiles/KF5KIOFileWidgets.dir/kpreviewwidgetbase.cpp.o
[ 88%] Building CXX object src/urifilters/ikws/CMakeFiles/kurisearchfilter.dir/kurisearchfilter_autogen/mocs_compilation.cpp.o
[ 88%] Building CXX object src/urifilters/ikws/CMakeFiles/kurisearchfilter.dir/kurisearchfilter.cpp.o
[ 89%] Building CXX object src/urifilters/ikws/CMakeFiles/kuriikwsfilter.dir/searchprovider.cpp.o
[ 89%] Building CXX object src/urifilters/ikws/CMakeFiles/kuriikwsfilter.dir/searchproviderregistry.cpp.o
[ 89%] Linking CXX shared module ../../../bin/kcm_proxy.so
[ 90%] Building CXX object src/urifilters/ikws/CMakeFiles/kurisearchfilter.dir/kuriikwsfiltereng.cpp.o
[ 90%] Building CXX object src/filewidgets/CMakeFiles/KF5KIOFileWidgets.dir/krecentdirs.cpp.o
[ 90%] Built target kcm_proxy
[ 91%] Building CXX object src/filewidgets/CMakeFiles/KF5KIOFileWidgets.dir/defaultviewadapter.cpp.o
[ 91%] Linking CXX executable ../../bin/kioexec
[ 92%] Built target kioexec
[ 92%] Building CXX object src/filewidgets/CMakeFiles/KF5KIOFileWidgets.dir/kdiroperator.cpp.o
[ 92%] Building CXX object src/filewidgets/CMakeFiles/KF5KIOFileWidgets.dir/kdiroperatordetailview.cpp.o
[ 92%] Building CXX object src/filewidgets/CMakeFiles/KF5KIOFileWidgets.dir/kdiroperatoriconview.cpp.o
[ 92%] Building CXX object src/urifilters/ikws/CMakeFiles/kurisearchfilter.dir/ikwsopts.cpp.o
[ 92%] Building CXX object src/filewidgets/CMakeFiles/KF5KIOFileWidgets.dir/kdirsortfilterproxymodel.cpp.o
[ 93%] Building CXX object src/filewidgets/CMakeFiles/KF5KIOFileWidgets.dir/kencodingfiledialog.cpp.o
[ 93%] Linking CXX shared module ../../../bin/kf5/urifilters/kuriikwsfilter.so
[ 93%] Building CXX object src/urifilters/ikws/CMakeFiles/kurisearchfilter.dir/searchproviderdlg.cpp.o
[ 93%] Built target kuriikwsfilter
[ 93%] Building CXX object src/urifilters/ikws/CMakeFiles/kurisearchfilter.dir/searchprovider.cpp.o
[ 93%] Building CXX object src/urifilters/ikws/CMakeFiles/kurisearchfilter.dir/searchproviderregistry.cpp.o
[ 93%] Building CXX object src/filewidgets/CMakeFiles/KF5KIOFileWidgets.dir/kfilebookmarkhandler.cpp.o
[ 93%] Building CXX object src/filewidgets/CMakeFiles/KF5KIOFileWidgets.dir/kfilecopytomenu.cpp.o
[ 93%] Building CXX object src/filewidgets/CMakeFiles/KF5KIOFileWidgets.dir/kfilecustomdialog.cpp.o
[ 94%] Building CXX object src/filewidgets/CMakeFiles/KF5KIOFileWidgets.dir/kfilefiltercombo.cpp.o
[ 94%] Building CXX object src/filewidgets/CMakeFiles/KF5KIOFileWidgets.dir/kfilewidget.cpp.o
[ 94%] Building CXX object src/filewidgets/CMakeFiles/KF5KIOFileWidgets.dir/kfilewidgetdocktitlebar.cpp.o
[ 95%] Linking CXX shared module ../../../bin/kf5/urifilters/kurisearchfilter.so
[ 96%] Built target kurisearchfilter
[ 96%] Building CXX object src/filewidgets/CMakeFiles/KF5KIOFileWidgets.dir/kfileplacesitem.cpp.o
[ 97%] Building CXX object src/filewidgets/CMakeFiles/KF5KIOFileWidgets.dir/kfileplacesmodel.cpp.o
[ 97%] Building CXX object src/filewidgets/CMakeFiles/KF5KIOFileWidgets.dir/kfileplacesview.cpp.o
[ 97%] Building CXX object src/filewidgets/CMakeFiles/KF5KIOFileWidgets.dir/kfileplaceeditdialog.cpp.o
[ 97%] Building CXX object src/filewidgets/CMakeFiles/KF5KIOFileWidgets.dir/kfilepreviewgenerator.cpp.o
[ 97%] Building CXX object src/filewidgets/CMakeFiles/KF5KIOFileWidgets.dir/knameandurlinputdialog.cpp.o
[ 98%] Building CXX object src/filewidgets/CMakeFiles/KF5KIOFileWidgets.dir/knewfilemenu.cpp.o
[ 98%] Building CXX object src/filewidgets/CMakeFiles/KF5KIOFileWidgets.dir/kurlnavigatordropdownbutton.cpp.o
[ 98%] Building CXX object src/filewidgets/CMakeFiles/KF5KIOFileWidgets.dir/kurlnavigatorbuttonbase.cpp.o
[ 98%] Building CXX object src/filewidgets/CMakeFiles/KF5KIOFileWidgets.dir/kurlnavigatorbutton.cpp.o
[ 99%] Building CXX object src/filewidgets/CMakeFiles/KF5KIOFileWidgets.dir/kurlnavigatorplacesselector.cpp.o
[ 99%] Building CXX object src/filewidgets/CMakeFiles/KF5KIOFileWidgets.dir/kurlnavigatorprotocolcombo.cpp.o
[ 99%] Building CXX object src/filewidgets/CMakeFiles/KF5KIOFileWidgets.dir/kurlnavigatortogglebutton.cpp.o
[ 99%] Building CXX object src/filewidgets/CMakeFiles/KF5KIOFileWidgets.dir/kurlnavigator.cpp.o
[ 99%] Building CXX object src/filewidgets/CMakeFiles/KF5KIOFileWidgets.dir/kurlnavigatormenu.cpp.o
[100%] Building CXX object src/filewidgets/CMakeFiles/KF5KIOFileWidgets.dir/kurlnavigatorpathselectoreventfilter.cpp.o
[100%] Building CXX object src/filewidgets/CMakeFiles/KF5KIOFileWidgets.dir/kfilefiltercombo_debug.cpp.o
[100%] Building CXX object src/filewidgets/CMakeFiles/KF5KIOFileWidgets.dir/KF5KIOFileWidgets_autogen/BBAKS3W2WL/qrc_templates.cpp.o
[100%] Linking CXX shared library ../../bin/libKF5KIOFileWidgets.so
[100%] Built target KF5KIOFileWidgets
