# kdesrc-build running: 'make' 'install/fast'
# from directory: /home/szybet/kdesrc/build/frameworks/kio
Install the project...
-- Install configuration: "Debug"
-- Up-to-date: /mnt/HDD/Project/Public/okulartry/okular-things/share/locale
-- Up-to-date: /mnt/HDD/Project/Public/okulartry/okular-things/share/locale/da
-- Up-to-date: /mnt/HDD/Project/Public/okulartry/okular-things/share/locale/da/LC_MESSAGES
-- Installing: /mnt/HDD/Project/Public/okulartry/okular-things/share/locale/da/LC_MESSAGES/kio5.mo
-- Up-to-date: /mnt/HDD/Project/Public/okulartry/okular-things/share/locale/ie
-- Up-to-date: /mnt/HDD/Project/Public/okulartry/okular-things/share/locale/ie/LC_MESSAGES
-- Installing: /mnt/HDD/Project/Public/okulartry/okular-things/share/locale/ie/LC_MESSAGES/kio5.mo
-- Up-to-date: /mnt/HDD/Project/Public/okulartry/okular-things/share/locale/mai
-- Up-to-date: /mnt/HDD/Project/Public/okulartry/okular-things/share/locale/mai/LC_MESSAGES
-- Installing: /mnt/HDD/Project/Public/okulartry/okular-things/share/locale/mai/LC_MESSAGES/kio5.mo
-- Up-to-date: /mnt/HDD/Project/Public/okulartry/okular-things/share/locale/ast
-- Up-to-date: /mnt/HDD/Project/Public/okulartry/okular-things/share/locale/ast/LC_MESSAGES
-- Installing: /mnt/HDD/Project/Public/okulartry/okular-things/share/locale/ast/LC_MESSAGES/kio5.mo
-- Up-to-date: /mnt/HDD/Project/Public/okulartry/okular-things/share/locale/tr
-- Up-to-date: /mnt/HDD/Project/Public/okulartry/okular-things/share/locale/tr/LC_MESSAGES
-- Installing: /mnt/HDD/Project/Public/okulartry/okular-things/share/locale/tr/LC_MESSAGES/kio5.mo
-- Up-to-date: /mnt/HDD/Project/Public/okulartry/okular-things/share/locale/ko
-- Up-to-date: /mnt/HDD/Project/Public/okulartry/okular-things/share/locale/ko/LC_MESSAGES
-- Installing: /mnt/HDD/Project/Public/okulartry/okular-things/share/locale/ko/LC_MESSAGES/kio5.mo
-- Up-to-date: /mnt/HDD/Project/Public/okulartry/okular-things/share/locale/id
-- Up-to-date: /mnt/HDD/Project/Public/okulartry/okular-things/share/locale/id/LC_MESSAGES
-- Installing: /mnt/HDD/Project/Public/okulartry/okular-things/share/locale/id/LC_MESSAGES/kio5.mo
-- Up-to-date: /mnt/HDD/Project/Public/okulartry/okular-things/share/locale/cs
-- Up-to-date: /mnt/HDD/Project/Public/okulartry/okular-things/share/locale/cs/LC_MESSAGES
-- Installing: /mnt/HDD/Project/Public/okulartry/okular-things/share/locale/cs/LC_MESSAGES/kio5.mo
-- Up-to-date: /mnt/HDD/Project/Public/okulartry/okular-things/share/locale/cy
-- Up-to-date: /mnt/HDD/Project/Public/okulartry/okular-things/share/locale/cy/LC_MESSAGES
-- Installing: /mnt/HDD/Project/Public/okulartry/okular-things/share/locale/cy/LC_MESSAGES/kio5.mo
-- Up-to-date: /mnt/HDD/Project/Public/okulartry/okular-things/share/locale/zh_TW
-- Up-to-date: /mnt/HDD/Project/Public/okulartry/okular-things/share/locale/zh_TW/LC_MESSAGES
-- Installing: /mnt/HDD/Project/Public/okulartry/okular-things/share/locale/zh_TW/LC_MESSAGES/kio5.mo
-- Up-to-date: /mnt/HDD/Project/Public/okulartry/okular-things/share/locale/sr
-- Up-to-date: /mnt/HDD/Project/Public/okulartry/okular-things/share/locale/sr/LC_MESSAGES
-- Installing: /mnt/HDD/Project/Public/okulartry/okular-things/share/locale/sr/LC_MESSAGES/kio5.mo
-- Up-to-date: /mnt/HDD/Project/Public/okulartry/okular-things/share/locale/tok
-- Up-to-date: /mnt/HDD/Project/Public/okulartry/okular-things/share/locale/tok/LC_MESSAGES
-- Installing: /mnt/HDD/Project/Public/okulartry/okular-things/share/locale/tok/LC_MESSAGES/kio5.mo
-- Up-to-date: /mnt/HDD/Project/Public/okulartry/okular-things/share/locale/pl
-- Up-to-date: /mnt/HDD/Project/Public/okulartry/okular-things/share/locale/pl/LC_MESSAGES
-- Installing: /mnt/HDD/Project/Public/okulartry/okular-things/share/locale/pl/LC_MESSAGES/kio5.mo
-- Up-to-date: /mnt/HDD/Project/Public/okulartry/okular-things/share/locale/af
-- Up-to-date: /mnt/HDD/Project/Public/okulartry/okular-things/share/locale/af/LC_MESSAGES
-- Installing: /mnt/HDD/Project/Public/okulartry/okular-things/share/locale/af/LC_MESSAGES/kio5.mo
-- Up-to-date: /mnt/HDD/Project/Public/okulartry/okular-things/share/locale/tg
-- Up-to-date: /mnt/HDD/Project/Public/okulartry/okular-things/share/locale/tg/LC_MESSAGES
-- Installing: /mnt/HDD/Project/Public/okulartry/okular-things/share/locale/tg/LC_MESSAGES/kio5.mo
-- Up-to-date: /mnt/HDD/Project/Public/okulartry/okular-things/share/locale/zh_CN
-- Up-to-date: /mnt/HDD/Project/Public/okulartry/okular-things/share/locale/zh_CN/LC_MESSAGES
-- Installing: /mnt/HDD/Project/Public/okulartry/okular-things/share/locale/zh_CN/LC_MESSAGES/kio5.mo
-- Up-to-date: /mnt/HDD/Project/Public/okulartry/okular-things/share/locale/ne
-- Up-to-date: /mnt/HDD/Project/Public/okulartry/okular-things/share/locale/ne/LC_MESSAGES
-- Installing: /mnt/HDD/Project/Public/okulartry/okular-things/share/locale/ne/LC_MESSAGES/kio5.mo
-- Up-to-date: /mnt/HDD/Project/Public/okulartry/okular-things/share/locale/pt_BR
-- Up-to-date: /mnt/HDD/Project/Public/okulartry/okular-things/share/locale/pt_BR/LC_MESSAGES
-- Installing: /mnt/HDD/Project/Public/okulartry/okular-things/share/locale/pt_BR/LC_MESSAGES/kio5.mo
-- Up-to-date: /mnt/HDD/Project/Public/okulartry/okular-things/share/locale/br
-- Up-to-date: /mnt/HDD/Project/Public/okulartry/okular-things/share/locale/br/LC_MESSAGES
-- Installing: /mnt/HDD/Project/Public/okulartry/okular-things/share/locale/br/LC_MESSAGES/kio5.mo
-- Up-to-date: /mnt/HDD/Project/Public/okulartry/okular-things/share/locale/kk
-- Up-to-date: /mnt/HDD/Project/Public/okulartry/okular-things/share/locale/kk/LC_MESSAGES
-- Installing: /mnt/HDD/Project/Public/okulartry/okular-things/share/locale/kk/LC_MESSAGES/kio5.mo
-- Up-to-date: /mnt/HDD/Project/Public/okulartry/okular-things/share/locale/it
-- Up-to-date: /mnt/HDD/Project/Public/okulartry/okular-things/share/locale/it/LC_MESSAGES
-- Installing: /mnt/HDD/Project/Public/okulartry/okular-things/share/locale/it/LC_MESSAGES/kio5.mo
-- Up-to-date: /mnt/HDD/Project/Public/okulartry/okular-things/share/locale/ml
-- Up-to-date: /mnt/HDD/Project/Public/okulartry/okular-things/share/locale/ml/LC_MESSAGES
-- Installing: /mnt/HDD/Project/Public/okulartry/okular-things/share/locale/ml/LC_MESSAGES/kio5.mo
-- Up-to-date: /mnt/HDD/Project/Public/okulartry/okular-things/share/locale/be@latin
-- Up-to-date: /mnt/HDD/Project/Public/okulartry/okular-things/share/locale/be@latin/LC_MESSAGES
-- Installing: /mnt/HDD/Project/Public/okulartry/okular-things/share/locale/be@latin/LC_MESSAGES/kio5.mo
-- Up-to-date: /mnt/HDD/Project/Public/okulartry/okular-things/share/locale/be
-- Up-to-date: /mnt/HDD/Project/Public/okulartry/okular-things/share/locale/be/LC_MESSAGES
-- Installing: /mnt/HDD/Project/Public/okulartry/okular-things/share/locale/be/LC_MESSAGES/kio5.mo
-- Up-to-date: /mnt/HDD/Project/Public/okulartry/okular-things/share/locale/lv
-- Up-to-date: /mnt/HDD/Project/Public/okulartry/okular-things/share/locale/lv/LC_MESSAGES
-- Installing: /mnt/HDD/Project/Public/okulartry/okular-things/share/locale/lv/LC_MESSAGES/kio5.mo
-- Up-to-date: /mnt/HDD/Project/Public/okulartry/okular-things/share/locale/ru
-- Up-to-date: /mnt/HDD/Project/Public/okulartry/okular-things/share/locale/ru/LC_MESSAGES
-- Installing: /mnt/HDD/Project/Public/okulartry/okular-things/share/locale/ru/LC_MESSAGES/kio5.mo
-- Up-to-date: /mnt/HDD/Project/Public/okulartry/okular-things/share/locale/vi
-- Up-to-date: /mnt/HDD/Project/Public/okulartry/okular-things/share/locale/vi/LC_MESSAGES
-- Installing: /mnt/HDD/Project/Public/okulartry/okular-things/share/locale/vi/LC_MESSAGES/kio5.mo
-- Up-to-date: /mnt/HDD/Project/Public/okulartry/okular-things/share/locale/fr
-- Up-to-date: /mnt/HDD/Project/Public/okulartry/okular-things/share/locale/fr/LC_MESSAGES
-- Installing: /mnt/HDD/Project/Public/okulartry/okular-things/share/locale/fr/LC_MESSAGES/kio5.mo
-- Up-to-date: /mnt/HDD/Project/Public/okulartry/okular-things/share/locale/hi
-- Up-to-date: /mnt/HDD/Project/Public/okulartry/okular-things/share/locale/hi/LC_MESSAGES
-- Installing: /mnt/HDD/Project/Public/okulartry/okular-things/share/locale/hi/LC_MESSAGES/kio5.mo
-- Up-to-date: /mnt/HDD/Project/Public/okulartry/okular-things/share/locale/ro
-- Up-to-date: /mnt/HDD/Project/Public/okulartry/okular-things/share/locale/ro/LC_MESSAGES
-- Installing: /mnt/HDD/Project/Public/okulartry/okular-things/share/locale/ro/LC_MESSAGES/kio5.mo
-- Up-to-date: /mnt/HDD/Project/Public/okulartry/okular-things/share/locale/ga
-- Up-to-date: /mnt/HDD/Project/Public/okulartry/okular-things/share/locale/ga/LC_MESSAGES
-- Installing: /mnt/HDD/Project/Public/okulartry/okular-things/share/locale/ga/LC_MESSAGES/kio5.mo
-- Up-to-date: /mnt/HDD/Project/Public/okulartry/okular-things/share/locale/bn
-- Up-to-date: /mnt/HDD/Project/Public/okulartry/okular-things/share/locale/bn/LC_MESSAGES
-- Installing: /mnt/HDD/Project/Public/okulartry/okular-things/share/locale/bn/LC_MESSAGES/kio5.mo
-- Up-to-date: /mnt/HDD/Project/Public/okulartry/okular-things/share/locale/pa
-- Up-to-date: /mnt/HDD/Project/Public/okulartry/okular-things/share/locale/pa/LC_MESSAGES
-- Installing: /mnt/HDD/Project/Public/okulartry/okular-things/share/locale/pa/LC_MESSAGES/kio5.mo
-- Up-to-date: /mnt/HDD/Project/Public/okulartry/okular-things/share/locale/wa
-- Up-to-date: /mnt/HDD/Project/Public/okulartry/okular-things/share/locale/wa/LC_MESSAGES
-- Installing: /mnt/HDD/Project/Public/okulartry/okular-things/share/locale/wa/LC_MESSAGES/kio5.mo
-- Up-to-date: /mnt/HDD/Project/Public/okulartry/okular-things/share/locale/es
-- Up-to-date: /mnt/HDD/Project/Public/okulartry/okular-things/share/locale/es/LC_MESSAGES
-- Installing: /mnt/HDD/Project/Public/okulartry/okular-things/share/locale/es/LC_MESSAGES/kio5.mo
-- Up-to-date: /mnt/HDD/Project/Public/okulartry/okular-things/share/locale/ia
-- Up-to-date: /mnt/HDD/Project/Public/okulartry/okular-things/share/locale/ia/LC_MESSAGES
-- Installing: /mnt/HDD/Project/Public/okulartry/okular-things/share/locale/ia/LC_MESSAGES/kio5.mo
-- Up-to-date: /mnt/HDD/Project/Public/okulartry/okular-things/share/locale/mr
-- Up-to-date: /mnt/HDD/Project/Public/okulartry/okular-things/share/locale/mr/LC_MESSAGES
-- Installing: /mnt/HDD/Project/Public/okulartry/okular-things/share/locale/mr/LC_MESSAGES/kio5.mo
-- Up-to-date: /mnt/HDD/Project/Public/okulartry/okular-things/share/locale/fi
-- Up-to-date: /mnt/HDD/Project/Public/okulartry/okular-things/share/locale/fi/LC_MESSAGES
-- Installing: /mnt/HDD/Project/Public/okulartry/okular-things/share/locale/fi/LC_MESSAGES/kio5.mo
-- Up-to-date: /mnt/HDD/Project/Public/okulartry/okular-things/share/locale/bs
-- Up-to-date: /mnt/HDD/Project/Public/okulartry/okular-things/share/locale/bs/LC_MESSAGES
-- Installing: /mnt/HDD/Project/Public/okulartry/okular-things/share/locale/bs/LC_MESSAGES/kio5.mo
-- Up-to-date: /mnt/HDD/Project/Public/okulartry/okular-things/share/locale/nn
-- Up-to-date: /mnt/HDD/Project/Public/okulartry/okular-things/share/locale/nn/LC_MESSAGES
-- Installing: /mnt/HDD/Project/Public/okulartry/okular-things/share/locale/nn/LC_MESSAGES/kio5.mo
-- Up-to-date: /mnt/HDD/Project/Public/okulartry/okular-things/share/locale/ja
-- Up-to-date: /mnt/HDD/Project/Public/okulartry/okular-things/share/locale/ja/LC_MESSAGES
-- Installing: /mnt/HDD/Project/Public/okulartry/okular-things/share/locale/ja/LC_MESSAGES/kio5.mo
-- Up-to-date: /mnt/HDD/Project/Public/okulartry/okular-things/share/locale/xh
-- Up-to-date: /mnt/HDD/Project/Public/okulartry/okular-things/share/locale/xh/LC_MESSAGES
-- Installing: /mnt/HDD/Project/Public/okulartry/okular-things/share/locale/xh/LC_MESSAGES/kio5.mo
-- Up-to-date: /mnt/HDD/Project/Public/okulartry/okular-things/share/locale/csb
-- Up-to-date: /mnt/HDD/Project/Public/okulartry/okular-things/share/locale/csb/LC_MESSAGES
-- Installing: /mnt/HDD/Project/Public/okulartry/okular-things/share/locale/csb/LC_MESSAGES/kio5.mo
-- Up-to-date: /mnt/HDD/Project/Public/okulartry/okular-things/share/locale/el
-- Up-to-date: /mnt/HDD/Project/Public/okulartry/okular-things/share/locale/el/LC_MESSAGES
-- Installing: /mnt/HDD/Project/Public/okulartry/okular-things/share/locale/el/LC_MESSAGES/kio5.mo
-- Up-to-date: /mnt/HDD/Project/Public/okulartry/okular-things/share/locale/fy
-- Up-to-date: /mnt/HDD/Project/Public/okulartry/okular-things/share/locale/fy/LC_MESSAGES
-- Installing: /mnt/HDD/Project/Public/okulartry/okular-things/share/locale/fy/LC_MESSAGES/kio5.mo
-- Up-to-date: /mnt/HDD/Project/Public/okulartry/okular-things/share/locale/uk
-- Up-to-date: /mnt/HDD/Project/Public/okulartry/okular-things/share/locale/uk/LC_MESSAGES
-- Installing: /mnt/HDD/Project/Public/okulartry/okular-things/share/locale/uk/LC_MESSAGES/kio5.mo
-- Up-to-date: /mnt/HDD/Project/Public/okulartry/okular-things/share/locale/sk
-- Up-to-date: /mnt/HDD/Project/Public/okulartry/okular-things/share/locale/sk/LC_MESSAGES
-- Installing: /mnt/HDD/Project/Public/okulartry/okular-things/share/locale/sk/LC_MESSAGES/kio5.mo
-- Up-to-date: /mnt/HDD/Project/Public/okulartry/okular-things/share/locale/gu
-- Up-to-date: /mnt/HDD/Project/Public/okulartry/okular-things/share/locale/gu/LC_MESSAGES
-- Installing: /mnt/HDD/Project/Public/okulartry/okular-things/share/locale/gu/LC_MESSAGES/kio5.mo
-- Up-to-date: /mnt/HDD/Project/Public/okulartry/okular-things/share/locale/et
-- Up-to-date: /mnt/HDD/Project/Public/okulartry/okular-things/share/locale/et/LC_MESSAGES
-- Installing: /mnt/HDD/Project/Public/okulartry/okular-things/share/locale/et/LC_MESSAGES/kio5.mo
-- Up-to-date: /mnt/HDD/Project/Public/okulartry/okular-things/share/locale/sl
-- Up-to-date: /mnt/HDD/Project/Public/okulartry/okular-things/share/locale/sl/LC_MESSAGES
-- Installing: /mnt/HDD/Project/Public/okulartry/okular-things/share/locale/sl/LC_MESSAGES/kio5.mo
-- Up-to-date: /mnt/HDD/Project/Public/okulartry/okular-things/share/locale/de
-- Up-to-date: /mnt/HDD/Project/Public/okulartry/okular-things/share/locale/de/LC_MESSAGES
-- Installing: /mnt/HDD/Project/Public/okulartry/okular-things/share/locale/de/LC_MESSAGES/kio5.mo
-- Up-to-date: /mnt/HDD/Project/Public/okulartry/okular-things/share/locale/ar
-- Up-to-date: /mnt/HDD/Project/Public/okulartry/okular-things/share/locale/ar/LC_MESSAGES
-- Installing: /mnt/HDD/Project/Public/okulartry/okular-things/share/locale/ar/LC_MESSAGES/kio5.mo
-- Up-to-date: /mnt/HDD/Project/Public/okulartry/okular-things/share/locale/nb
-- Up-to-date: /mnt/HDD/Project/Public/okulartry/okular-things/share/locale/nb/LC_MESSAGES
-- Installing: /mnt/HDD/Project/Public/okulartry/okular-things/share/locale/nb/LC_MESSAGES/kio5.mo
-- Up-to-date: /mnt/HDD/Project/Public/okulartry/okular-things/share/locale/fa
-- Up-to-date: /mnt/HDD/Project/Public/okulartry/okular-things/share/locale/fa/LC_MESSAGES
-- Installing: /mnt/HDD/Project/Public/okulartry/okular-things/share/locale/fa/LC_MESSAGES/kio5.mo
-- Up-to-date: /mnt/HDD/Project/Public/okulartry/okular-things/share/locale/eu
-- Up-to-date: /mnt/HDD/Project/Public/okulartry/okular-things/share/locale/eu/LC_MESSAGES
-- Installing: /mnt/HDD/Project/Public/okulartry/okular-things/share/locale/eu/LC_MESSAGES/kio5.mo
-- Up-to-date: /mnt/HDD/Project/Public/okulartry/okular-things/share/locale/hu
-- Up-to-date: /mnt/HDD/Project/Public/okulartry/okular-things/share/locale/hu/LC_MESSAGES
-- Installing: /mnt/HDD/Project/Public/okulartry/okular-things/share/locale/hu/LC_MESSAGES/kio5.mo
-- Up-to-date: /mnt/HDD/Project/Public/okulartry/okular-things/share/locale/sq
-- Up-to-date: /mnt/HDD/Project/Public/okulartry/okular-things/share/locale/sq/LC_MESSAGES
-- Installing: /mnt/HDD/Project/Public/okulartry/okular-things/share/locale/sq/LC_MESSAGES/kio5.mo
-- Up-to-date: /mnt/HDD/Project/Public/okulartry/okular-things/share/locale/lt
-- Up-to-date: /mnt/HDD/Project/Public/okulartry/okular-things/share/locale/lt/LC_MESSAGES
-- Installing: /mnt/HDD/Project/Public/okulartry/okular-things/share/locale/lt/LC_MESSAGES/kio5.mo
-- Up-to-date: /mnt/HDD/Project/Public/okulartry/okular-things/share/locale/en_GB
-- Up-to-date: /mnt/HDD/Project/Public/okulartry/okular-things/share/locale/en_GB/LC_MESSAGES
-- Installing: /mnt/HDD/Project/Public/okulartry/okular-things/share/locale/en_GB/LC_MESSAGES/kio5.mo
-- Up-to-date: /mnt/HDD/Project/Public/okulartry/okular-things/share/locale/sr@latin
-- Up-to-date: /mnt/HDD/Project/Public/okulartry/okular-things/share/locale/sr@latin/LC_MESSAGES
-- Installing: /mnt/HDD/Project/Public/okulartry/okular-things/share/locale/sr@latin/LC_MESSAGES/kio5.mo
-- Up-to-date: /mnt/HDD/Project/Public/okulartry/okular-things/share/locale/oc
-- Up-to-date: /mnt/HDD/Project/Public/okulartry/okular-things/share/locale/oc/LC_MESSAGES
-- Installing: /mnt/HDD/Project/Public/okulartry/okular-things/share/locale/oc/LC_MESSAGES/kio5.mo
-- Up-to-date: /mnt/HDD/Project/Public/okulartry/okular-things/share/locale/sr@ijekavianlatin
-- Up-to-date: /mnt/HDD/Project/Public/okulartry/okular-things/share/locale/sr@ijekavianlatin/LC_MESSAGES
-- Installing: /mnt/HDD/Project/Public/okulartry/okular-things/share/locale/sr@ijekavianlatin/LC_MESSAGES/kio5.mo
-- Up-to-date: /mnt/HDD/Project/Public/okulartry/okular-things/share/locale/ug
-- Up-to-date: /mnt/HDD/Project/Public/okulartry/okular-things/share/locale/ug/LC_MESSAGES
-- Installing: /mnt/HDD/Project/Public/okulartry/okular-things/share/locale/ug/LC_MESSAGES/kio5.mo
-- Up-to-date: /mnt/HDD/Project/Public/okulartry/okular-things/share/locale/mk
-- Up-to-date: /mnt/HDD/Project/Public/okulartry/okular-things/share/locale/mk/LC_MESSAGES
-- Installing: /mnt/HDD/Project/Public/okulartry/okular-things/share/locale/mk/LC_MESSAGES/kio5.mo
-- Up-to-date: /mnt/HDD/Project/Public/okulartry/okular-things/share/locale/sv
-- Up-to-date: /mnt/HDD/Project/Public/okulartry/okular-things/share/locale/sv/LC_MESSAGES
-- Installing: /mnt/HDD/Project/Public/okulartry/okular-things/share/locale/sv/LC_MESSAGES/kio5.mo
-- Up-to-date: /mnt/HDD/Project/Public/okulartry/okular-things/share/locale/ku
-- Up-to-date: /mnt/HDD/Project/Public/okulartry/okular-things/share/locale/ku/LC_MESSAGES
-- Installing: /mnt/HDD/Project/Public/okulartry/okular-things/share/locale/ku/LC_MESSAGES/kio5.mo
-- Up-to-date: /mnt/HDD/Project/Public/okulartry/okular-things/share/locale/km
-- Up-to-date: /mnt/HDD/Project/Public/okulartry/okular-things/share/locale/km/LC_MESSAGES
-- Installing: /mnt/HDD/Project/Public/okulartry/okular-things/share/locale/km/LC_MESSAGES/kio5.mo
-- Up-to-date: /mnt/HDD/Project/Public/okulartry/okular-things/share/locale/eo
-- Up-to-date: /mnt/HDD/Project/Public/okulartry/okular-things/share/locale/eo/LC_MESSAGES
-- Installing: /mnt/HDD/Project/Public/okulartry/okular-things/share/locale/eo/LC_MESSAGES/kio5.mo
-- Up-to-date: /mnt/HDD/Project/Public/okulartry/okular-things/share/locale/ca
-- Up-to-date: /mnt/HDD/Project/Public/okulartry/okular-things/share/locale/ca/LC_MESSAGES
-- Installing: /mnt/HDD/Project/Public/okulartry/okular-things/share/locale/ca/LC_MESSAGES/kio5.mo
-- Up-to-date: /mnt/HDD/Project/Public/okulartry/okular-things/share/locale/ka
-- Up-to-date: /mnt/HDD/Project/Public/okulartry/okular-things/share/locale/ka/LC_MESSAGES
-- Installing: /mnt/HDD/Project/Public/okulartry/okular-things/share/locale/ka/LC_MESSAGES/kio5.mo
-- Up-to-date: /mnt/HDD/Project/Public/okulartry/okular-things/share/locale/gl
-- Up-to-date: /mnt/HDD/Project/Public/okulartry/okular-things/share/locale/gl/LC_MESSAGES
-- Installing: /mnt/HDD/Project/Public/okulartry/okular-things/share/locale/gl/LC_MESSAGES/kio5.mo
-- Up-to-date: /mnt/HDD/Project/Public/okulartry/okular-things/share/locale/az
-- Up-to-date: /mnt/HDD/Project/Public/okulartry/okular-things/share/locale/az/LC_MESSAGES
-- Installing: /mnt/HDD/Project/Public/okulartry/okular-things/share/locale/az/LC_MESSAGES/kio5.mo
-- Up-to-date: /mnt/HDD/Project/Public/okulartry/okular-things/share/locale/my
-- Up-to-date: /mnt/HDD/Project/Public/okulartry/okular-things/share/locale/my/LC_MESSAGES
-- Installing: /mnt/HDD/Project/Public/okulartry/okular-things/share/locale/my/LC_MESSAGES/kio5.mo
-- Up-to-date: /mnt/HDD/Project/Public/okulartry/okular-things/share/locale/nds
-- Up-to-date: /mnt/HDD/Project/Public/okulartry/okular-things/share/locale/nds/LC_MESSAGES
-- Installing: /mnt/HDD/Project/Public/okulartry/okular-things/share/locale/nds/LC_MESSAGES/kio5.mo
-- Up-to-date: /mnt/HDD/Project/Public/okulartry/okular-things/share/locale/bg
-- Up-to-date: /mnt/HDD/Project/Public/okulartry/okular-things/share/locale/bg/LC_MESSAGES
-- Installing: /mnt/HDD/Project/Public/okulartry/okular-things/share/locale/bg/LC_MESSAGES/kio5.mo
-- Up-to-date: /mnt/HDD/Project/Public/okulartry/okular-things/share/locale/pt
-- Up-to-date: /mnt/HDD/Project/Public/okulartry/okular-things/share/locale/pt/LC_MESSAGES
-- Installing: /mnt/HDD/Project/Public/okulartry/okular-things/share/locale/pt/LC_MESSAGES/kio5.mo
-- Up-to-date: /mnt/HDD/Project/Public/okulartry/okular-things/share/locale/th
-- Up-to-date: /mnt/HDD/Project/Public/okulartry/okular-things/share/locale/th/LC_MESSAGES
-- Installing: /mnt/HDD/Project/Public/okulartry/okular-things/share/locale/th/LC_MESSAGES/kio5.mo
-- Up-to-date: /mnt/HDD/Project/Public/okulartry/okular-things/share/locale/hsb
-- Up-to-date: /mnt/HDD/Project/Public/okulartry/okular-things/share/locale/hsb/LC_MESSAGES
-- Installing: /mnt/HDD/Project/Public/okulartry/okular-things/share/locale/hsb/LC_MESSAGES/kio5.mo
-- Up-to-date: /mnt/HDD/Project/Public/okulartry/okular-things/share/locale/he
-- Up-to-date: /mnt/HDD/Project/Public/okulartry/okular-things/share/locale/he/LC_MESSAGES
-- Installing: /mnt/HDD/Project/Public/okulartry/okular-things/share/locale/he/LC_MESSAGES/kio5.mo
-- Up-to-date: /mnt/HDD/Project/Public/okulartry/okular-things/share/locale/uz@cyrillic
-- Up-to-date: /mnt/HDD/Project/Public/okulartry/okular-things/share/locale/uz@cyrillic/LC_MESSAGES
-- Installing: /mnt/HDD/Project/Public/okulartry/okular-things/share/locale/uz@cyrillic/LC_MESSAGES/kio5.mo
-- Up-to-date: /mnt/HDD/Project/Public/okulartry/okular-things/share/locale/sr@ijekavian
-- Up-to-date: /mnt/HDD/Project/Public/okulartry/okular-things/share/locale/sr@ijekavian/LC_MESSAGES
-- Installing: /mnt/HDD/Project/Public/okulartry/okular-things/share/locale/sr@ijekavian/LC_MESSAGES/kio5.mo
-- Up-to-date: /mnt/HDD/Project/Public/okulartry/okular-things/share/locale/ms
-- Up-to-date: /mnt/HDD/Project/Public/okulartry/okular-things/share/locale/ms/LC_MESSAGES
-- Installing: /mnt/HDD/Project/Public/okulartry/okular-things/share/locale/ms/LC_MESSAGES/kio5.mo
-- Up-to-date: /mnt/HDD/Project/Public/okulartry/okular-things/share/locale/se
-- Up-to-date: /mnt/HDD/Project/Public/okulartry/okular-things/share/locale/se/LC_MESSAGES
-- Installing: /mnt/HDD/Project/Public/okulartry/okular-things/share/locale/se/LC_MESSAGES/kio5.mo
-- Up-to-date: /mnt/HDD/Project/Public/okulartry/okular-things/share/locale/nl
-- Up-to-date: /mnt/HDD/Project/Public/okulartry/okular-things/share/locale/nl/LC_MESSAGES
-- Installing: /mnt/HDD/Project/Public/okulartry/okular-things/share/locale/nl/LC_MESSAGES/kio5.mo
-- Up-to-date: /mnt/HDD/Project/Public/okulartry/okular-things/share/locale/hr
-- Up-to-date: /mnt/HDD/Project/Public/okulartry/okular-things/share/locale/hr/LC_MESSAGES
-- Installing: /mnt/HDD/Project/Public/okulartry/okular-things/share/locale/hr/LC_MESSAGES/kio5.mo
-- Up-to-date: /mnt/HDD/Project/Public/okulartry/okular-things/share/locale/ca@valencia
-- Up-to-date: /mnt/HDD/Project/Public/okulartry/okular-things/share/locale/ca@valencia/LC_MESSAGES
-- Installing: /mnt/HDD/Project/Public/okulartry/okular-things/share/locale/ca@valencia/LC_MESSAGES/kio5.mo
-- Up-to-date: /mnt/HDD/Project/Public/okulartry/okular-things/share/locale/is
-- Up-to-date: /mnt/HDD/Project/Public/okulartry/okular-things/share/locale/is/LC_MESSAGES
-- Installing: /mnt/HDD/Project/Public/okulartry/okular-things/share/locale/is/LC_MESSAGES/kio5.mo
-- Up-to-date: /mnt/HDD/Project/Public/okulartry/okular-things/share/locale/uz
-- Up-to-date: /mnt/HDD/Project/Public/okulartry/okular-things/share/locale/uz/LC_MESSAGES
-- Installing: /mnt/HDD/Project/Public/okulartry/okular-things/share/locale/uz/LC_MESSAGES/kio5.mo
-- Up-to-date: /mnt/HDD/Project/Public/okulartry/okular-things/share/locale/ta
-- Up-to-date: /mnt/HDD/Project/Public/okulartry/okular-things/share/locale/ta/LC_MESSAGES
-- Installing: /mnt/HDD/Project/Public/okulartry/okular-things/share/locale/ta/LC_MESSAGES/kio5.mo
-- Installing: /mnt/HDD/Project/Public/okulartry/okular-things/share/dbus-1/interfaces/kf5_org.kde.KDirNotify.xml
-- Installing: /mnt/HDD/Project/Public/okulartry/okular-things/share/dbus-1/interfaces/kf5_org.kde.KPasswdServer.xml
-- Installing: /mnt/HDD/Project/Public/okulartry/okular-things/share/dbus-1/interfaces/kf5_org.kde.KSlaveLauncher.xml
-- Installing: /mnt/HDD/Project/Public/okulartry/okular-things/lib/libKF5KIOCore.so.5.107.0
-- Installing: /mnt/HDD/Project/Public/okulartry/okular-things/lib/libKF5KIOCore.so.5
-- Set runtime path of "/mnt/HDD/Project/Public/okulartry/okular-things/lib/libKF5KIOCore.so.5.107.0" to "/mnt/HDD/Project/Public/okulartry/okular-things/lib:/home/build/inkbox/compiled-binaries/arm-kobo-linux-gnueabihf/arm-kobo-linux-gnueabihf/sysroot/lib"
-- Installing: /mnt/HDD/Project/Public/okulartry/okular-things/lib/libKF5KIOCore.so
-- Installing: /mnt/HDD/Project/Public/okulartry/okular-things/include/KF5/KIOCore/kio/idleslave.h
-- Installing: /mnt/HDD/Project/Public/okulartry/okular-things/include/KF5/KIOCore/kio/connectionserver.h
-- Installing: /mnt/HDD/Project/Public/okulartry/okular-things/include/KF5/KIOCore/kio/tcpslavebase.h
-- Installing: /mnt/HDD/Project/Public/okulartry/okular-things/include/KF5/KIOCore/kio/tcpworkerbase.h
-- Installing: /mnt/HDD/Project/Public/okulartry/okular-things/include/KF5/KIOCore/kio/directorysizejob.h
-- Installing: /mnt/HDD/Project/Public/okulartry/okular-things/include/KF5/KIOCore/kio/forwardingslavebase.h
-- Installing: /mnt/HDD/Project/Public/okulartry/okular-things/include/KF5/KIOCore/kio/job.h
-- Installing: /mnt/HDD/Project/Public/okulartry/okular-things/include/KF5/KIOCore/kio/jobtracker.h
-- Installing: /mnt/HDD/Project/Public/okulartry/okular-things/include/KF5/KIOCore/kio/global.h
-- Installing: /mnt/HDD/Project/Public/okulartry/okular-things/include/KF5/KIOCore/kio/chmodjob.h
-- Installing: /mnt/HDD/Project/Public/okulartry/okular-things/include/KF5/KIOCore/kio/deletejob.h
-- Installing: /mnt/HDD/Project/Public/okulartry/okular-things/include/KF5/KIOCore/kio/copyjob.h
-- Installing: /mnt/HDD/Project/Public/okulartry/okular-things/include/KF5/KIOCore/kio/emptytrashjob.h
-- Installing: /mnt/HDD/Project/Public/okulartry/okular-things/include/KF5/KIOCore/kio/filejob.h
-- Installing: /mnt/HDD/Project/Public/okulartry/okular-things/include/KF5/KIOCore/kio/mkdirjob.h
-- Installing: /mnt/HDD/Project/Public/okulartry/okular-things/include/KF5/KIOCore/kio/mkpathjob.h
-- Installing: /mnt/HDD/Project/Public/okulartry/okular-things/include/KF5/KIOCore/kio/slavebase.h
-- Installing: /mnt/HDD/Project/Public/okulartry/okular-things/include/KF5/KIOCore/kio/slaveconfig.h
-- Installing: /mnt/HDD/Project/Public/okulartry/okular-things/include/KF5/KIOCore/kio/hostinfo.h
-- Installing: /mnt/HDD/Project/Public/okulartry/okular-things/include/KF5/KIOCore/kio/metadata.h
-- Installing: /mnt/HDD/Project/Public/okulartry/okular-things/include/KF5/KIOCore/kio/udsentry.h
-- Installing: /mnt/HDD/Project/Public/okulartry/okular-things/include/KF5/KIOCore/kio/jobuidelegateextension.h
-- Installing: /mnt/HDD/Project/Public/okulartry/okular-things/include/KF5/KIOCore/kio/jobuidelegatefactory.h
-- Installing: /mnt/HDD/Project/Public/okulartry/okular-things/include/KF5/KIOCore/kio/askuseractioninterface.h
-- Installing: /mnt/HDD/Project/Public/okulartry/okular-things/include/KF5/KIOCore/kio/slaveinterface.h
-- Installing: /mnt/HDD/Project/Public/okulartry/okular-things/include/KF5/KIOCore/kio/slave.h
-- Installing: /mnt/HDD/Project/Public/okulartry/okular-things/include/KF5/KIOCore/kio/filecopyjob.h
-- Installing: /mnt/HDD/Project/Public/okulartry/okular-things/include/KF5/KIOCore/kio/listjob.h
-- Installing: /mnt/HDD/Project/Public/okulartry/okular-things/include/KF5/KIOCore/kio/mimetypejob.h
-- Installing: /mnt/HDD/Project/Public/okulartry/okular-things/include/KF5/KIOCore/kio/mimetypefinderjob.h
-- Installing: /mnt/HDD/Project/Public/okulartry/okular-things/include/KF5/KIOCore/kio/multigetjob.h
-- Installing: /mnt/HDD/Project/Public/okulartry/okular-things/include/KF5/KIOCore/kio/restorejob.h
-- Installing: /mnt/HDD/Project/Public/okulartry/okular-things/include/KF5/KIOCore/kio/simplejob.h
-- Installing: /mnt/HDD/Project/Public/okulartry/okular-things/include/KF5/KIOCore/kio/specialjob.h
-- Installing: /mnt/HDD/Project/Public/okulartry/okular-things/include/KF5/KIOCore/kio/statjob.h
-- Installing: /mnt/HDD/Project/Public/okulartry/okular-things/include/KF5/KIOCore/kio/namefinderjob.h
-- Installing: /mnt/HDD/Project/Public/okulartry/okular-things/include/KF5/KIOCore/kio/storedtransferjob.h
-- Installing: /mnt/HDD/Project/Public/okulartry/okular-things/include/KF5/KIOCore/kio/transferjob.h
-- Installing: /mnt/HDD/Project/Public/okulartry/okular-things/include/KF5/KIOCore/kio/scheduler.h
-- Installing: /mnt/HDD/Project/Public/okulartry/okular-things/include/KF5/KIOCore/kio/authinfo.h
-- Installing: /mnt/HDD/Project/Public/okulartry/okular-things/include/KF5/KIOCore/kio/davjob.h
-- Installing: /mnt/HDD/Project/Public/okulartry/okular-things/include/KF5/KIOCore/kio/desktopexecparser.h
-- Installing: /mnt/HDD/Project/Public/okulartry/okular-things/include/KF5/KIOCore/kio/filesystemfreespacejob.h
-- Installing: /mnt/HDD/Project/Public/okulartry/okular-things/include/KF5/KIOCore/kio/batchrenamejob.h
-- Installing: /mnt/HDD/Project/Public/okulartry/okular-things/include/KF5/KIOCore/kio/workerbase.h
-- Installing: /mnt/HDD/Project/Public/okulartry/okular-things/include/KF5/KIOCore/kio/workerfactory.h
-- Installing: /mnt/HDD/Project/Public/okulartry/okular-things/include/KF5/KIOCore/kio/forwardingworkerbase.h
-- Installing: /mnt/HDD/Project/Public/okulartry/okular-things/include/KF5/KIOCore/kio/http_worker_defaults.h
-- Installing: /mnt/HDD/Project/Public/okulartry/okular-things/include/KF5/KIOCore/kio/ioworker_defaults.h
-- Installing: /mnt/HDD/Project/Public/okulartry/okular-things/include/KF5/KIOCore/kio/job_base.h
-- Installing: /mnt/HDD/Project/Public/okulartry/okular-things/include/KF5/KIOCore/kio/jobclasses.h
-- Installing: /mnt/HDD/Project/Public/okulartry/okular-things/include/KF5/KIOCore/kio/ioslave_defaults.h
-- Installing: /mnt/HDD/Project/Public/okulartry/okular-things/include/KF5/KIOCore/kio/http_slave_defaults.h
-- Installing: /mnt/HDD/Project/Public/okulartry/okular-things/include/KF5/KIOCore/KIO/IdleSlave
-- Installing: /mnt/HDD/Project/Public/okulartry/okular-things/include/KF5/KIOCore/KIO/ConnectionServer
-- Installing: /mnt/HDD/Project/Public/okulartry/okular-things/include/KF5/KIOCore/KIO/TCPSlaveBase
-- Installing: /mnt/HDD/Project/Public/okulartry/okular-things/include/KF5/KIOCore/KIO/TCPWorkerBase
-- Installing: /mnt/HDD/Project/Public/okulartry/okular-things/include/KF5/KIOCore/KIO/DirectorySizeJob
-- Installing: /mnt/HDD/Project/Public/okulartry/okular-things/include/KF5/KIOCore/KIO/ForwardingSlaveBase
-- Installing: /mnt/HDD/Project/Public/okulartry/okular-things/include/KF5/KIOCore/KIO/Job
-- Installing: /mnt/HDD/Project/Public/okulartry/okular-things/include/KF5/KIOCore/KIO/JobTracker
-- Installing: /mnt/HDD/Project/Public/okulartry/okular-things/include/KF5/KIOCore/KIO/Global
-- Installing: /mnt/HDD/Project/Public/okulartry/okular-things/include/KF5/KIOCore/KIO/ChmodJob
-- Installing: /mnt/HDD/Project/Public/okulartry/okular-things/include/KF5/KIOCore/KIO/DeleteJob
-- Installing: /mnt/HDD/Project/Public/okulartry/okular-things/include/KF5/KIOCore/KIO/CopyJob
-- Installing: /mnt/HDD/Project/Public/okulartry/okular-things/include/KF5/KIOCore/KIO/EmptyTrashJob
-- Installing: /mnt/HDD/Project/Public/okulartry/okular-things/include/KF5/KIOCore/KIO/FileJob
-- Installing: /mnt/HDD/Project/Public/okulartry/okular-things/include/KF5/KIOCore/KIO/MkdirJob
-- Installing: /mnt/HDD/Project/Public/okulartry/okular-things/include/KF5/KIOCore/KIO/MkpathJob
-- Installing: /mnt/HDD/Project/Public/okulartry/okular-things/include/KF5/KIOCore/KIO/SlaveBase
-- Installing: /mnt/HDD/Project/Public/okulartry/okular-things/include/KF5/KIOCore/KIO/SlaveConfig
-- Installing: /mnt/HDD/Project/Public/okulartry/okular-things/include/KF5/KIOCore/KIO/HostInfo
-- Installing: /mnt/HDD/Project/Public/okulartry/okular-things/include/KF5/KIOCore/KIO/MetaData
-- Installing: /mnt/HDD/Project/Public/okulartry/okular-things/include/KF5/KIOCore/KIO/UDSEntry
-- Installing: /mnt/HDD/Project/Public/okulartry/okular-things/include/KF5/KIOCore/KIO/JobUiDelegateExtension
-- Installing: /mnt/HDD/Project/Public/okulartry/okular-things/include/KF5/KIOCore/KIO/JobUiDelegateFactory
-- Installing: /mnt/HDD/Project/Public/okulartry/okular-things/include/KF5/KIOCore/KIO/AskUserActionInterface
-- Installing: /mnt/HDD/Project/Public/okulartry/okular-things/include/KF5/KIOCore/KIO/SlaveInterface
-- Installing: /mnt/HDD/Project/Public/okulartry/okular-things/include/KF5/KIOCore/KIO/Slave
-- Installing: /mnt/HDD/Project/Public/okulartry/okular-things/include/KF5/KIOCore/KIO/FileCopyJob
-- Installing: /mnt/HDD/Project/Public/okulartry/okular-things/include/KF5/KIOCore/KIO/ListJob
-- Installing: /mnt/HDD/Project/Public/okulartry/okular-things/include/KF5/KIOCore/KIO/MimetypeJob
-- Installing: /mnt/HDD/Project/Public/okulartry/okular-things/include/KF5/KIOCore/KIO/MimeTypeFinderJob
-- Installing: /mnt/HDD/Project/Public/okulartry/okular-things/include/KF5/KIOCore/KIO/MultiGetJob
-- Installing: /mnt/HDD/Project/Public/okulartry/okular-things/include/KF5/KIOCore/KIO/RestoreJob
-- Installing: /mnt/HDD/Project/Public/okulartry/okular-things/include/KF5/KIOCore/KIO/SimpleJob
-- Installing: /mnt/HDD/Project/Public/okulartry/okular-things/include/KF5/KIOCore/KIO/SpecialJob
-- Installing: /mnt/HDD/Project/Public/okulartry/okular-things/include/KF5/KIOCore/KIO/StatJob
-- Installing: /mnt/HDD/Project/Public/okulartry/okular-things/include/KF5/KIOCore/KIO/NameFinderJob
-- Installing: /mnt/HDD/Project/Public/okulartry/okular-things/include/KF5/KIOCore/KIO/StoredTransferJob
-- Installing: /mnt/HDD/Project/Public/okulartry/okular-things/include/KF5/KIOCore/KIO/TransferJob
-- Installing: /mnt/HDD/Project/Public/okulartry/okular-things/include/KF5/KIOCore/KIO/Scheduler
-- Installing: /mnt/HDD/Project/Public/okulartry/okular-things/include/KF5/KIOCore/KIO/AuthInfo
-- Installing: /mnt/HDD/Project/Public/okulartry/okular-things/include/KF5/KIOCore/KIO/DavJob
-- Installing: /mnt/HDD/Project/Public/okulartry/okular-things/include/KF5/KIOCore/KIO/DesktopExecParser
-- Installing: /mnt/HDD/Project/Public/okulartry/okular-things/include/KF5/KIOCore/KIO/FileSystemFreeSpaceJob
-- Installing: /mnt/HDD/Project/Public/okulartry/okular-things/include/KF5/KIOCore/KIO/BatchRenameJob
-- Installing: /mnt/HDD/Project/Public/okulartry/okular-things/include/KF5/KIOCore/KIO/WorkerBase
-- Installing: /mnt/HDD/Project/Public/okulartry/okular-things/include/KF5/KIOCore/KIO/WorkerFactory
-- Installing: /mnt/HDD/Project/Public/okulartry/okular-things/include/KF5/KIOCore/KIO/ForwardingWorkerBase
-- Installing: /mnt/HDD/Project/Public/okulartry/okular-things/include/KF5/KIOCore/ksslcertificatemanager_p.h
-- Installing: /mnt/HDD/Project/Public/okulartry/okular-things/include/KF5/KIOCore/KACL
-- Installing: /mnt/HDD/Project/Public/okulartry/okular-things/include/KF5/KIOCore/KUrlAuthorized
-- Installing: /mnt/HDD/Project/Public/okulartry/okular-things/include/KF5/KIOCore/KCoreDirLister
-- Installing: /mnt/HDD/Project/Public/okulartry/okular-things/include/KF5/KIOCore/KRemoteEncoding
-- Installing: /mnt/HDD/Project/Public/okulartry/okular-things/include/KF5/KIOCore/KDirNotify
-- Installing: /mnt/HDD/Project/Public/okulartry/okular-things/include/KF5/KIOCore/KDiskFreeSpaceInfo
-- Installing: /mnt/HDD/Project/Public/okulartry/okular-things/include/KF5/KIOCore/KFileItem
-- Installing: /mnt/HDD/Project/Public/okulartry/okular-things/include/KF5/KIOCore/KFileItemListProperties
-- Installing: /mnt/HDD/Project/Public/okulartry/okular-things/include/KF5/KIOCore/KMountPoint
-- Installing: /mnt/HDD/Project/Public/okulartry/okular-things/include/KF5/KIOCore/KNFSShare
-- Installing: /mnt/HDD/Project/Public/okulartry/okular-things/include/KF5/KIOCore/KSambaShare
-- Installing: /mnt/HDD/Project/Public/okulartry/okular-things/include/KF5/KIOCore/KSambaShareData
-- Installing: /mnt/HDD/Project/Public/okulartry/okular-things/include/KF5/KIOCore/KPasswdServerClient
-- Installing: /mnt/HDD/Project/Public/okulartry/okular-things/include/KF5/KIOCore/KProtocolInfo
-- Installing: /mnt/HDD/Project/Public/okulartry/okular-things/include/KF5/KIOCore/KProtocolManager
-- Installing: /mnt/HDD/Project/Public/okulartry/okular-things/include/KF5/KIOCore/KRecentDocument
-- Installing: /mnt/HDD/Project/Public/okulartry/okular-things/include/KF5/KIOCore/KSslCertificateManager
-- Installing: /mnt/HDD/Project/Public/okulartry/okular-things/include/KF5/KIOCore/KSslErrorUiData
-- Installing: /mnt/HDD/Project/Public/okulartry/okular-things/include/KF5/KIOCore/KTcpSocket
-- Installing: /mnt/HDD/Project/Public/okulartry/okular-things/include/KF5/KIOCore/KFileFilter
-- Installing: /mnt/HDD/Project/Public/okulartry/okular-things/include/KF5/KIOCore/kacl.h
-- Installing: /mnt/HDD/Project/Public/okulartry/okular-things/include/KF5/KIOCore/kurlauthorized.h
-- Installing: /mnt/HDD/Project/Public/okulartry/okular-things/include/KF5/KIOCore/kcoredirlister.h
-- Installing: /mnt/HDD/Project/Public/okulartry/okular-things/include/KF5/KIOCore/kremoteencoding.h
-- Installing: /mnt/HDD/Project/Public/okulartry/okular-things/include/KF5/KIOCore/kdirnotify.h
-- Installing: /mnt/HDD/Project/Public/okulartry/okular-things/include/KF5/KIOCore/kdiskfreespaceinfo.h
-- Installing: /mnt/HDD/Project/Public/okulartry/okular-things/include/KF5/KIOCore/kfileitem.h
-- Installing: /mnt/HDD/Project/Public/okulartry/okular-things/include/KF5/KIOCore/kfileitemlistproperties.h
-- Installing: /mnt/HDD/Project/Public/okulartry/okular-things/include/KF5/KIOCore/kmountpoint.h
-- Installing: /mnt/HDD/Project/Public/okulartry/okular-things/include/KF5/KIOCore/knfsshare.h
-- Installing: /mnt/HDD/Project/Public/okulartry/okular-things/include/KF5/KIOCore/ksambashare.h
-- Installing: /mnt/HDD/Project/Public/okulartry/okular-things/include/KF5/KIOCore/ksambasharedata.h
-- Installing: /mnt/HDD/Project/Public/okulartry/okular-things/include/KF5/KIOCore/kpasswdserverclient.h
-- Installing: /mnt/HDD/Project/Public/okulartry/okular-things/include/KF5/KIOCore/kprotocolinfo.h
-- Installing: /mnt/HDD/Project/Public/okulartry/okular-things/include/KF5/KIOCore/kprotocolmanager.h
-- Installing: /mnt/HDD/Project/Public/okulartry/okular-things/include/KF5/KIOCore/krecentdocument.h
-- Installing: /mnt/HDD/Project/Public/okulartry/okular-things/include/KF5/KIOCore/ksslcertificatemanager.h
-- Installing: /mnt/HDD/Project/Public/okulartry/okular-things/include/KF5/KIOCore/ksslerroruidata.h
-- Installing: /mnt/HDD/Project/Public/okulartry/okular-things/include/KF5/KIOCore/ktcpsocket.h
-- Installing: /mnt/HDD/Project/Public/okulartry/okular-things/include/KF5/KIOCore/kfilefilter.h
-- Installing: /mnt/HDD/Project/Public/okulartry/okular-things/include/KF5/KIOCore/KSSLSettings
-- Installing: /mnt/HDD/Project/Public/okulartry/okular-things/include/KF5/KIOCore/ksslsettings.h
-- Installing: /mnt/HDD/Project/Public/okulartry/okular-things/include/KF5/KIOCore/kiocore_export.h
-- Installing: /mnt/HDD/Project/Public/okulartry/okular-things/etc/xdg/accept-languages.codes
-- Installing: /mnt/HDD/Project/Public/okulartry/okular-things/mkspecs/modules/qt_KIOCore.pri
-- Installing: /mnt/HDD/Project/Public/okulartry/okular-things/bin/protocoltojson
-- Set runtime path of "/mnt/HDD/Project/Public/okulartry/okular-things/bin/protocoltojson" to "/mnt/HDD/Project/Public/okulartry/okular-things/lib:/home/build/inkbox/compiled-binaries/arm-kobo-linux-gnueabihf/arm-kobo-linux-gnueabihf/sysroot/lib"
-- Installing: /mnt/HDD/Project/Public/okulartry/okular-things/lib/libKF5KIONTLM.so.5.107.0
-- Installing: /mnt/HDD/Project/Public/okulartry/okular-things/lib/libKF5KIONTLM.so.5
-- Set runtime path of "/mnt/HDD/Project/Public/okulartry/okular-things/lib/libKF5KIONTLM.so.5.107.0" to "/mnt/HDD/Project/Public/okulartry/okular-things/lib:/home/build/inkbox/compiled-binaries/arm-kobo-linux-gnueabihf/arm-kobo-linux-gnueabihf/sysroot/lib"
-- Installing: /mnt/HDD/Project/Public/okulartry/okular-things/lib/libKF5KIONTLM.so
-- Installing: /mnt/HDD/Project/Public/okulartry/okular-things/include/KF5/kio/kntlm_export.h
-- Installing: /mnt/HDD/Project/Public/okulartry/okular-things/include/KF5/kio/kntlm.h
-- Installing: /mnt/HDD/Project/Public/okulartry/okular-things/mkspecs/modules/qt_KNTLM.pri
-- Installing: /mnt/HDD/Project/Public/okulartry/okular-things/lib/plugins/kf5/kio/kio_file.so
-- Set runtime path of "/mnt/HDD/Project/Public/okulartry/okular-things/lib/plugins/kf5/kio/kio_file.so" to "/mnt/HDD/Project/Public/okulartry/okular-things/lib:/home/build/inkbox/compiled-binaries/arm-kobo-linux-gnueabihf/arm-kobo-linux-gnueabihf/sysroot/lib"
-- Installing: /mnt/HDD/Project/Public/okulartry/okular-things/lib/plugins/kf5/kio/kio_trash.so
-- Set runtime path of "/mnt/HDD/Project/Public/okulartry/okular-things/lib/plugins/kf5/kio/kio_trash.so" to "/mnt/HDD/Project/Public/okulartry/okular-things/lib:/home/build/inkbox/compiled-binaries/arm-kobo-linux-gnueabihf/arm-kobo-linux-gnueabihf/sysroot/lib"
-- Installing: /mnt/HDD/Project/Public/okulartry/okular-things/bin/ktrash5
-- Set runtime path of "/mnt/HDD/Project/Public/okulartry/okular-things/bin/ktrash5" to "/mnt/HDD/Project/Public/okulartry/okular-things/lib:/home/build/inkbox/compiled-binaries/arm-kobo-linux-gnueabihf/arm-kobo-linux-gnueabihf/sysroot/lib"
-- Installing: /mnt/HDD/Project/Public/okulartry/okular-things/lib/plugins/kcm_trash.so
-- Set runtime path of "/mnt/HDD/Project/Public/okulartry/okular-things/lib/plugins/kcm_trash.so" to "/mnt/HDD/Project/Public/okulartry/okular-things/lib:/home/build/inkbox/compiled-binaries/arm-kobo-linux-gnueabihf/arm-kobo-linux-gnueabihf/sysroot/lib"
-- Installing: /mnt/HDD/Project/Public/okulartry/okular-things/share/kservices5/kcmtrash.desktop
-- Installing: /mnt/HDD/Project/Public/okulartry/okular-things/share/applications/kcm_trash.desktop
-- Installing: /mnt/HDD/Project/Public/okulartry/okular-things/lib/plugins/kf5/kio/kio_ftp.so
-- Set runtime path of "/mnt/HDD/Project/Public/okulartry/okular-things/lib/plugins/kf5/kio/kio_ftp.so" to "/mnt/HDD/Project/Public/okulartry/okular-things/lib:/home/build/inkbox/compiled-binaries/arm-kobo-linux-gnueabihf/arm-kobo-linux-gnueabihf/sysroot/lib"
-- Installing: /mnt/HDD/Project/Public/okulartry/okular-things/bin/kcookiejar5
-- Set runtime path of "/mnt/HDD/Project/Public/okulartry/okular-things/bin/kcookiejar5" to "/mnt/HDD/Project/Public/okulartry/okular-things/lib:/home/build/inkbox/compiled-binaries/arm-kobo-linux-gnueabihf/arm-kobo-linux-gnueabihf/sysroot/lib"
-- Installing: /mnt/HDD/Project/Public/okulartry/okular-things/lib/plugins/kf5/kded/kcookiejar.so
-- Set runtime path of "/mnt/HDD/Project/Public/okulartry/okular-things/lib/plugins/kf5/kded/kcookiejar.so" to "/mnt/HDD/Project/Public/okulartry/okular-things/lib:/home/build/inkbox/compiled-binaries/arm-kobo-linux-gnueabihf/arm-kobo-linux-gnueabihf/sysroot/lib"
-- Installing: /mnt/HDD/Project/Public/okulartry/okular-things/share/kf5/kcookiejar/domain_info
-- Installing: /mnt/HDD/Project/Public/okulartry/okular-things/share/dbus-1/interfaces/kf5_org.kde.KCookieServer.xml
-- Installing: /mnt/HDD/Project/Public/okulartry/okular-things/share/dbus-1/services/org.kde.kcookiejar5.service
-- Installing: /mnt/HDD/Project/Public/okulartry/okular-things/lib/libexec/kf5/kio_http_cache_cleaner
-- Set runtime path of "/mnt/HDD/Project/Public/okulartry/okular-things/lib/libexec/kf5/kio_http_cache_cleaner" to "/mnt/HDD/Project/Public/okulartry/okular-things/lib:/home/build/inkbox/compiled-binaries/arm-kobo-linux-gnueabihf/arm-kobo-linux-gnueabihf/sysroot/lib"
-- Installing: /mnt/HDD/Project/Public/okulartry/okular-things/lib/plugins/kf5/kio/kio_http.so
-- Set runtime path of "/mnt/HDD/Project/Public/okulartry/okular-things/lib/plugins/kf5/kio/kio_http.so" to "/mnt/HDD/Project/Public/okulartry/okular-things/lib:/home/build/inkbox/compiled-binaries/arm-kobo-linux-gnueabihf/arm-kobo-linux-gnueabihf/sysroot/lib"
-- Installing: /mnt/HDD/Project/Public/okulartry/okular-things/share/kservices5/http_cache_cleaner.desktop
-- Installing: /mnt/HDD/Project/Public/okulartry/okular-things/lib/plugins/kf5/kded/remotenotifier.so
-- Set runtime path of "/mnt/HDD/Project/Public/okulartry/okular-things/lib/plugins/kf5/kded/remotenotifier.so" to "/mnt/HDD/Project/Public/okulartry/okular-things/lib:/home/build/inkbox/compiled-binaries/arm-kobo-linux-gnueabihf/arm-kobo-linux-gnueabihf/sysroot/lib"
-- Installing: /mnt/HDD/Project/Public/okulartry/okular-things/lib/plugins/kf5/kio/kio_remote.so
-- Set runtime path of "/mnt/HDD/Project/Public/okulartry/okular-things/lib/plugins/kf5/kio/kio_remote.so" to "/mnt/HDD/Project/Public/okulartry/okular-things/lib:/home/build/inkbox/compiled-binaries/arm-kobo-linux-gnueabihf/arm-kobo-linux-gnueabihf/sysroot/lib"
-- Installing: /mnt/HDD/Project/Public/okulartry/okular-things/lib/libexec/kf5/kiod5
-- Set runtime path of "/mnt/HDD/Project/Public/okulartry/okular-things/lib/libexec/kf5/kiod5" to "/mnt/HDD/Project/Public/okulartry/okular-things/lib:/home/build/inkbox/compiled-binaries/arm-kobo-linux-gnueabihf/arm-kobo-linux-gnueabihf/sysroot/lib"
-- Installing: /mnt/HDD/Project/Public/okulartry/okular-things/share/dbus-1/services/org.kde.kiod5.service
-- Installing: /mnt/HDD/Project/Public/okulartry/okular-things/lib/plugins/kf5/kiod/kssld.so
-- Set runtime path of "/mnt/HDD/Project/Public/okulartry/okular-things/lib/plugins/kf5/kiod/kssld.so" to "/mnt/HDD/Project/Public/okulartry/okular-things/lib:/home/build/inkbox/compiled-binaries/arm-kobo-linux-gnueabihf/arm-kobo-linux-gnueabihf/sysroot/lib"
-- Installing: /mnt/HDD/Project/Public/okulartry/okular-things/share/dbus-1/services/org.kde.kssld5.service
-- Installing: /mnt/HDD/Project/Public/okulartry/okular-things/bin/ktelnetservice5
-- Set runtime path of "/mnt/HDD/Project/Public/okulartry/okular-things/bin/ktelnetservice5" to "/mnt/HDD/Project/Public/okulartry/okular-things/lib:/home/build/inkbox/compiled-binaries/arm-kobo-linux-gnueabihf/arm-kobo-linux-gnueabihf/sysroot/lib"
-- Installing: /mnt/HDD/Project/Public/okulartry/okular-things/share/applications/ktelnetservice5.desktop
-- Installing: /mnt/HDD/Project/Public/okulartry/okular-things/lib/libexec/kf5/kioslave5
-- Set runtime path of "/mnt/HDD/Project/Public/okulartry/okular-things/lib/libexec/kf5/kioslave5" to "/mnt/HDD/Project/Public/okulartry/okular-things/lib:/home/build/inkbox/compiled-binaries/arm-kobo-linux-gnueabihf/arm-kobo-linux-gnueabihf/sysroot/lib"
-- Installing: /mnt/HDD/Project/Public/okulartry/okular-things/include/KF5/KIOGui/KIO/ApplicationLauncherJob
-- Installing: /mnt/HDD/Project/Public/okulartry/okular-things/include/KF5/KIOGui/KIO/CommandLauncherJob
-- Installing: /mnt/HDD/Project/Public/okulartry/okular-things/include/KF5/KIOGui/KIO/FavIconRequestJob
-- Installing: /mnt/HDD/Project/Public/okulartry/okular-things/include/KF5/KIOGui/KIO/OpenUrlJob
-- Installing: /mnt/HDD/Project/Public/okulartry/okular-things/include/KF5/KIOGui/KIO/OpenWithHandlerInterface
-- Installing: /mnt/HDD/Project/Public/okulartry/okular-things/include/KF5/KIOGui/KIO/ThumbnailCreator
-- Installing: /mnt/HDD/Project/Public/okulartry/okular-things/include/KF5/KIOGui/KIO/KCoreUrlNavigator
-- Installing: /mnt/HDD/Project/Public/okulartry/okular-things/lib/libKF5KIOGui.so.5.107.0
-- Installing: /mnt/HDD/Project/Public/okulartry/okular-things/lib/libKF5KIOGui.so.5
-- Set runtime path of "/mnt/HDD/Project/Public/okulartry/okular-things/lib/libKF5KIOGui.so.5.107.0" to "/mnt/HDD/Project/Public/okulartry/okular-things/lib:/home/build/inkbox/compiled-binaries/arm-kobo-linux-gnueabihf/arm-kobo-linux-gnueabihf/sysroot/lib"
-- Installing: /mnt/HDD/Project/Public/okulartry/okular-things/lib/libKF5KIOGui.so
-- Installing: /mnt/HDD/Project/Public/okulartry/okular-things/include/KF5/KIOGui/kio/applicationlauncherjob.h
-- Installing: /mnt/HDD/Project/Public/okulartry/okular-things/include/KF5/KIOGui/kio/commandlauncherjob.h
-- Installing: /mnt/HDD/Project/Public/okulartry/okular-things/include/KF5/KIOGui/kio/faviconrequestjob.h
-- Installing: /mnt/HDD/Project/Public/okulartry/okular-things/include/KF5/KIOGui/kio/openurljob.h
-- Installing: /mnt/HDD/Project/Public/okulartry/okular-things/include/KF5/KIOGui/kio/openwithhandlerinterface.h
-- Installing: /mnt/HDD/Project/Public/okulartry/okular-things/include/KF5/KIOGui/kio/thumbnailcreator.h
-- Installing: /mnt/HDD/Project/Public/okulartry/okular-things/include/KF5/KIOGui/kio/kcoreurlnavigator.h
-- Installing: /mnt/HDD/Project/Public/okulartry/okular-things/include/KF5/KIOGui/KCoreUrlNavigator
-- Installing: /mnt/HDD/Project/Public/okulartry/okular-things/include/KF5/KIOGui/KEMailClientLauncherJob
-- Installing: /mnt/HDD/Project/Public/okulartry/okular-things/include/KF5/KIOGui/KTerminalLauncherJob
-- Installing: /mnt/HDD/Project/Public/okulartry/okular-things/include/KF5/KIOGui/kcoreurlnavigator.h
-- Installing: /mnt/HDD/Project/Public/okulartry/okular-things/include/KF5/KIOGui/kemailclientlauncherjob.h
-- Installing: /mnt/HDD/Project/Public/okulartry/okular-things/include/KF5/KIOGui/kterminallauncherjob.h
-- Installing: /mnt/HDD/Project/Public/okulartry/okular-things/include/KF5/KIOGui/kiogui_export.h
-- Installing: /mnt/HDD/Project/Public/okulartry/okular-things/mkspecs/modules/qt_KIOGui.pri
-- Installing: /mnt/HDD/Project/Public/okulartry/okular-things/include/KF5/KIOWidgets/KIO/AccessManager
-- Installing: /mnt/HDD/Project/Public/okulartry/okular-things/include/KF5/KIOWidgets/KIO/DeleteOrTrashJob
-- Installing: /mnt/HDD/Project/Public/okulartry/okular-things/include/KF5/KIOWidgets/KIO/SslUi
-- Installing: /mnt/HDD/Project/Public/okulartry/okular-things/include/KF5/KIOWidgets/KIO/ThumbSequenceCreator
-- Installing: /mnt/HDD/Project/Public/okulartry/okular-things/include/KF5/KIOWidgets/KIO/ThumbDevicePixelRatioDependentCreator
-- Installing: /mnt/HDD/Project/Public/okulartry/okular-things/include/KF5/KIOWidgets/KIO/ThumbCreator
-- Installing: /mnt/HDD/Project/Public/okulartry/okular-things/include/KF5/KIOWidgets/KIO/DropJob
-- Installing: /mnt/HDD/Project/Public/okulartry/okular-things/include/KF5/KIOWidgets/KIO/DndPopupMenuPlugin
-- Installing: /mnt/HDD/Project/Public/okulartry/okular-things/include/KF5/KIOWidgets/KIO/OpenFileManagerWindowJob
-- Installing: /mnt/HDD/Project/Public/okulartry/okular-things/include/KF5/KIOWidgets/KIO/PasteJob
-- Installing: /mnt/HDD/Project/Public/okulartry/okular-things/include/KF5/KIOWidgets/KIO/PreviewJob
-- Installing: /mnt/HDD/Project/Public/okulartry/okular-things/include/KF5/KIOWidgets/KIO/RenameDialog
-- Installing: /mnt/HDD/Project/Public/okulartry/okular-things/include/KF5/KIOWidgets/KIO/SkipDialog
-- Installing: /mnt/HDD/Project/Public/okulartry/okular-things/include/KF5/KIOWidgets/KIO/JobUiDelegate
-- Installing: /mnt/HDD/Project/Public/okulartry/okular-things/include/KF5/KIOWidgets/KIO/FileUndoManager
-- Installing: /mnt/HDD/Project/Public/okulartry/okular-things/include/KF5/KIOWidgets/KIO/Paste
-- Installing: /mnt/HDD/Project/Public/okulartry/okular-things/include/KF5/KIOWidgets/KIO/PixmapLoader
-- Installing: /mnt/HDD/Project/Public/okulartry/okular-things/include/KF5/KIOWidgets/KIO/KUriFilterSearchProviderActions
-- Installing: /mnt/HDD/Project/Public/okulartry/okular-things/include/KF5/KIOWidgets/KIO/RenameFileDialog
-- Installing: /mnt/HDD/Project/Public/okulartry/okular-things/include/KF5/KIOWidgets/KIO/WidgetsAskUserActionHandler
-- Installing: /mnt/HDD/Project/Public/okulartry/okular-things/lib/libKF5KIOWidgets.so.5.107.0
-- Installing: /mnt/HDD/Project/Public/okulartry/okular-things/lib/libKF5KIOWidgets.so.5
-- Set runtime path of "/mnt/HDD/Project/Public/okulartry/okular-things/lib/libKF5KIOWidgets.so.5.107.0" to "/mnt/HDD/Project/Public/okulartry/okular-things/lib:/home/build/inkbox/compiled-binaries/arm-kobo-linux-gnueabihf/arm-kobo-linux-gnueabihf/sysroot/lib"
-- Installing: /mnt/HDD/Project/Public/okulartry/okular-things/lib/libKF5KIOWidgets.so
-- Installing: /mnt/HDD/Project/Public/okulartry/okular-things/share/dbus-1/interfaces/kf5_org.kde.kio.FileUndoManager.xml
-- Installing: /mnt/HDD/Project/Public/okulartry/okular-things/include/KF5/KIOWidgets/kio/accessmanager.h
-- Installing: /mnt/HDD/Project/Public/okulartry/okular-things/include/KF5/KIOWidgets/kio/deleteortrashjob.h
-- Installing: /mnt/HDD/Project/Public/okulartry/okular-things/include/KF5/KIOWidgets/kio/sslui.h
-- Installing: /mnt/HDD/Project/Public/okulartry/okular-things/include/KF5/KIOWidgets/kio/thumbsequencecreator.h
-- Installing: /mnt/HDD/Project/Public/okulartry/okular-things/include/KF5/KIOWidgets/kio/thumbdevicepixelratiodependentcreator.h
-- Installing: /mnt/HDD/Project/Public/okulartry/okular-things/include/KF5/KIOWidgets/kio/thumbcreator.h
-- Installing: /mnt/HDD/Project/Public/okulartry/okular-things/include/KF5/KIOWidgets/kio/dropjob.h
-- Installing: /mnt/HDD/Project/Public/okulartry/okular-things/include/KF5/KIOWidgets/kio/dndpopupmenuplugin.h
-- Installing: /mnt/HDD/Project/Public/okulartry/okular-things/include/KF5/KIOWidgets/kio/openfilemanagerwindowjob.h
-- Installing: /mnt/HDD/Project/Public/okulartry/okular-things/include/KF5/KIOWidgets/kio/pastejob.h
-- Installing: /mnt/HDD/Project/Public/okulartry/okular-things/include/KF5/KIOWidgets/kio/previewjob.h
-- Installing: /mnt/HDD/Project/Public/okulartry/okular-things/include/KF5/KIOWidgets/kio/renamedialog.h
-- Installing: /mnt/HDD/Project/Public/okulartry/okular-things/include/KF5/KIOWidgets/kio/skipdialog.h
-- Installing: /mnt/HDD/Project/Public/okulartry/okular-things/include/KF5/KIOWidgets/kio/jobuidelegate.h
-- Installing: /mnt/HDD/Project/Public/okulartry/okular-things/include/KF5/KIOWidgets/kio/fileundomanager.h
-- Installing: /mnt/HDD/Project/Public/okulartry/okular-things/include/KF5/KIOWidgets/kio/paste.h
-- Installing: /mnt/HDD/Project/Public/okulartry/okular-things/include/KF5/KIOWidgets/kio/pixmaploader.h
-- Installing: /mnt/HDD/Project/Public/okulartry/okular-things/include/KF5/KIOWidgets/kio/kurifiltersearchprovideractions.h
-- Installing: /mnt/HDD/Project/Public/okulartry/okular-things/include/KF5/KIOWidgets/kio/renamefiledialog.h
-- Installing: /mnt/HDD/Project/Public/okulartry/okular-things/include/KF5/KIOWidgets/kio/widgetsaskuseractionhandler.h
-- Installing: /mnt/HDD/Project/Public/okulartry/okular-things/include/KF5/KIOWidgets/KPropertiesDialog
-- Installing: /mnt/HDD/Project/Public/okulartry/okular-things/include/KF5/KIOWidgets/KUrlRequesterDialog
-- Installing: /mnt/HDD/Project/Public/okulartry/okular-things/include/KF5/KIOWidgets/KUrlComboBox
-- Installing: /mnt/HDD/Project/Public/okulartry/okular-things/include/KF5/KIOWidgets/KFileItemActions
-- Installing: /mnt/HDD/Project/Public/okulartry/okular-things/include/KF5/KIOWidgets/KFileItemDelegate
-- Installing: /mnt/HDD/Project/Public/okulartry/okular-things/include/KF5/KIOWidgets/KAutoMount
-- Installing: /mnt/HDD/Project/Public/okulartry/okular-things/include/KF5/KIOWidgets/KDesktopFileActions
-- Installing: /mnt/HDD/Project/Public/okulartry/okular-things/include/KF5/KIOWidgets/KOpenWithDialog
-- Installing: /mnt/HDD/Project/Public/okulartry/okular-things/include/KF5/KIOWidgets/KAbstractFileItemActionPlugin
-- Installing: /mnt/HDD/Project/Public/okulartry/okular-things/include/KF5/KIOWidgets/KOverlayIconPlugin
-- Installing: /mnt/HDD/Project/Public/okulartry/okular-things/include/KF5/KIOWidgets/KBuildSycocaProgressDialog
-- Installing: /mnt/HDD/Project/Public/okulartry/okular-things/include/KF5/KIOWidgets/KFile
-- Installing: /mnt/HDD/Project/Public/okulartry/okular-things/include/KF5/KIOWidgets/KUrlRequester
-- Installing: /mnt/HDD/Project/Public/okulartry/okular-things/include/KF5/KIOWidgets/KRun
-- Installing: /mnt/HDD/Project/Public/okulartry/okular-things/include/KF5/KIOWidgets/KUrlPixmapProvider
-- Installing: /mnt/HDD/Project/Public/okulartry/okular-things/include/KF5/KIOWidgets/KSslCertificateBox
-- Installing: /mnt/HDD/Project/Public/okulartry/okular-things/include/KF5/KIOWidgets/KSslInfoDialog
-- Installing: /mnt/HDD/Project/Public/okulartry/okular-things/include/KF5/KIOWidgets/KDirLister
-- Installing: /mnt/HDD/Project/Public/okulartry/okular-things/include/KF5/KIOWidgets/KDirModel
-- Installing: /mnt/HDD/Project/Public/okulartry/okular-things/include/KF5/KIOWidgets/KShellCompletion
-- Installing: /mnt/HDD/Project/Public/okulartry/okular-things/include/KF5/KIOWidgets/KUrlCompletion
-- Installing: /mnt/HDD/Project/Public/okulartry/okular-things/include/KF5/KIOWidgets/KUriFilter
-- Installing: /mnt/HDD/Project/Public/okulartry/okular-things/include/KF5/KIOWidgets/kpropertiesdialog.h
-- Installing: /mnt/HDD/Project/Public/okulartry/okular-things/include/KF5/KIOWidgets/kurlrequesterdialog.h
-- Installing: /mnt/HDD/Project/Public/okulartry/okular-things/include/KF5/KIOWidgets/kurlcombobox.h
-- Installing: /mnt/HDD/Project/Public/okulartry/okular-things/include/KF5/KIOWidgets/kfileitemactions.h
-- Installing: /mnt/HDD/Project/Public/okulartry/okular-things/include/KF5/KIOWidgets/kfileitemdelegate.h
-- Installing: /mnt/HDD/Project/Public/okulartry/okular-things/include/KF5/KIOWidgets/kautomount.h
-- Installing: /mnt/HDD/Project/Public/okulartry/okular-things/include/KF5/KIOWidgets/kdesktopfileactions.h
-- Installing: /mnt/HDD/Project/Public/okulartry/okular-things/include/KF5/KIOWidgets/kopenwithdialog.h
-- Installing: /mnt/HDD/Project/Public/okulartry/okular-things/include/KF5/KIOWidgets/kabstractfileitemactionplugin.h
-- Installing: /mnt/HDD/Project/Public/okulartry/okular-things/include/KF5/KIOWidgets/koverlayiconplugin.h
-- Installing: /mnt/HDD/Project/Public/okulartry/okular-things/include/KF5/KIOWidgets/kbuildsycocaprogressdialog.h
-- Installing: /mnt/HDD/Project/Public/okulartry/okular-things/include/KF5/KIOWidgets/kfile.h
-- Installing: /mnt/HDD/Project/Public/okulartry/okular-things/include/KF5/KIOWidgets/kurlrequester.h
-- Installing: /mnt/HDD/Project/Public/okulartry/okular-things/include/KF5/KIOWidgets/krun.h
-- Installing: /mnt/HDD/Project/Public/okulartry/okular-things/include/KF5/KIOWidgets/kurlpixmapprovider.h
-- Installing: /mnt/HDD/Project/Public/okulartry/okular-things/include/KF5/KIOWidgets/ksslcertificatebox.h
-- Installing: /mnt/HDD/Project/Public/okulartry/okular-things/include/KF5/KIOWidgets/ksslinfodialog.h
-- Installing: /mnt/HDD/Project/Public/okulartry/okular-things/include/KF5/KIOWidgets/kdirlister.h
-- Installing: /mnt/HDD/Project/Public/okulartry/okular-things/include/KF5/KIOWidgets/kdirmodel.h
-- Installing: /mnt/HDD/Project/Public/okulartry/okular-things/include/KF5/KIOWidgets/kshellcompletion.h
-- Installing: /mnt/HDD/Project/Public/okulartry/okular-things/include/KF5/KIOWidgets/kurlcompletion.h
-- Installing: /mnt/HDD/Project/Public/okulartry/okular-things/include/KF5/KIOWidgets/kurifilter.h
-- Installing: /mnt/HDD/Project/Public/okulartry/okular-things/include/KF5/KIOWidgets/kiowidgets_export.h
-- Installing: /mnt/HDD/Project/Public/okulartry/okular-things/share/kservicetypes5/konqpopupmenuplugin.desktop
-- Installing: /mnt/HDD/Project/Public/okulartry/okular-things/share/kservicetypes5/kfileitemactionplugin.desktop
-- Installing: /mnt/HDD/Project/Public/okulartry/okular-things/share/kservicetypes5/kpropertiesdialogplugin.desktop
-- Installing: /mnt/HDD/Project/Public/okulartry/okular-things/mkspecs/modules/qt_KIOWidgets.pri
-- Installing: /mnt/HDD/Project/Public/okulartry/okular-things/lib/plugins/kf5/kiod/kpasswdserver.so
-- Set runtime path of "/mnt/HDD/Project/Public/okulartry/okular-things/lib/plugins/kf5/kiod/kpasswdserver.so" to "/mnt/HDD/Project/Public/okulartry/okular-things/lib:/home/build/inkbox/compiled-binaries/arm-kobo-linux-gnueabihf/arm-kobo-linux-gnueabihf/sysroot/lib"
-- Installing: /mnt/HDD/Project/Public/okulartry/okular-things/share/dbus-1/services/org.kde.kpasswdserver.service
-- Installing: /mnt/HDD/Project/Public/okulartry/okular-things/lib/libKF5KIOFileWidgets.so.5.107.0
-- Installing: /mnt/HDD/Project/Public/okulartry/okular-things/lib/libKF5KIOFileWidgets.so.5
-- Set runtime path of "/mnt/HDD/Project/Public/okulartry/okular-things/lib/libKF5KIOFileWidgets.so.5.107.0" to "/mnt/HDD/Project/Public/okulartry/okular-things/lib:/home/build/inkbox/compiled-binaries/arm-kobo-linux-gnueabihf/arm-kobo-linux-gnueabihf/sysroot/lib"
-- Installing: /mnt/HDD/Project/Public/okulartry/okular-things/lib/libKF5KIOFileWidgets.so
-- Installing: /mnt/HDD/Project/Public/okulartry/okular-things/include/KF5/KIOFileWidgets/KAbstractViewAdapter
-- Installing: /mnt/HDD/Project/Public/okulartry/okular-things/include/KF5/KIOFileWidgets/KImageFilePreview
-- Installing: /mnt/HDD/Project/Public/okulartry/okular-things/include/KF5/KIOFileWidgets/KPreviewWidgetBase
-- Installing: /mnt/HDD/Project/Public/okulartry/okular-things/include/KF5/KIOFileWidgets/KRecentDirs
-- Installing: /mnt/HDD/Project/Public/okulartry/okular-things/include/KF5/KIOFileWidgets/KStatusBarOfflineIndicator
-- Installing: /mnt/HDD/Project/Public/okulartry/okular-things/include/KF5/KIOFileWidgets/KDirOperator
-- Installing: /mnt/HDD/Project/Public/okulartry/okular-things/include/KF5/KIOFileWidgets/KDirSortFilterProxyModel
-- Installing: /mnt/HDD/Project/Public/okulartry/okular-things/include/KF5/KIOFileWidgets/KFileCopyToMenu
-- Installing: /mnt/HDD/Project/Public/okulartry/okular-things/include/KF5/KIOFileWidgets/KFileCustomDialog
-- Installing: /mnt/HDD/Project/Public/okulartry/okular-things/include/KF5/KIOFileWidgets/KFileFilterCombo
-- Installing: /mnt/HDD/Project/Public/okulartry/okular-things/include/KF5/KIOFileWidgets/KFilePlaceEditDialog
-- Installing: /mnt/HDD/Project/Public/okulartry/okular-things/include/KF5/KIOFileWidgets/KFilePlacesModel
-- Installing: /mnt/HDD/Project/Public/okulartry/okular-things/include/KF5/KIOFileWidgets/KFilePlacesView
-- Installing: /mnt/HDD/Project/Public/okulartry/okular-things/include/KF5/KIOFileWidgets/KFilePreviewGenerator
-- Installing: /mnt/HDD/Project/Public/okulartry/okular-things/include/KF5/KIOFileWidgets/KFileWidget
-- Installing: /mnt/HDD/Project/Public/okulartry/okular-things/include/KF5/KIOFileWidgets/KUrlNavigator
-- Installing: /mnt/HDD/Project/Public/okulartry/okular-things/include/KF5/KIOFileWidgets/KNewFileMenu
-- Installing: /mnt/HDD/Project/Public/okulartry/okular-things/include/KF5/KIOFileWidgets/KNameAndUrlInputDialog
-- Installing: /mnt/HDD/Project/Public/okulartry/okular-things/include/KF5/KIOFileWidgets/KEncodingFileDialog
-- Installing: /mnt/HDD/Project/Public/okulartry/okular-things/include/KF5/KIOFileWidgets/kabstractviewadapter.h
-- Installing: /mnt/HDD/Project/Public/okulartry/okular-things/include/KF5/KIOFileWidgets/kimagefilepreview.h
-- Installing: /mnt/HDD/Project/Public/okulartry/okular-things/include/KF5/KIOFileWidgets/kpreviewwidgetbase.h
-- Installing: /mnt/HDD/Project/Public/okulartry/okular-things/include/KF5/KIOFileWidgets/krecentdirs.h
-- Installing: /mnt/HDD/Project/Public/okulartry/okular-things/include/KF5/KIOFileWidgets/kstatusbarofflineindicator.h
-- Installing: /mnt/HDD/Project/Public/okulartry/okular-things/include/KF5/KIOFileWidgets/kdiroperator.h
-- Installing: /mnt/HDD/Project/Public/okulartry/okular-things/include/KF5/KIOFileWidgets/kdirsortfilterproxymodel.h
-- Installing: /mnt/HDD/Project/Public/okulartry/okular-things/include/KF5/KIOFileWidgets/kfilecopytomenu.h
-- Installing: /mnt/HDD/Project/Public/okulartry/okular-things/include/KF5/KIOFileWidgets/kfilecustomdialog.h
-- Installing: /mnt/HDD/Project/Public/okulartry/okular-things/include/KF5/KIOFileWidgets/kfilefiltercombo.h
-- Installing: /mnt/HDD/Project/Public/okulartry/okular-things/include/KF5/KIOFileWidgets/kfileplaceeditdialog.h
-- Installing: /mnt/HDD/Project/Public/okulartry/okular-things/include/KF5/KIOFileWidgets/kfileplacesmodel.h
-- Installing: /mnt/HDD/Project/Public/okulartry/okular-things/include/KF5/KIOFileWidgets/kfileplacesview.h
-- Installing: /mnt/HDD/Project/Public/okulartry/okular-things/include/KF5/KIOFileWidgets/kfilepreviewgenerator.h
-- Installing: /mnt/HDD/Project/Public/okulartry/okular-things/include/KF5/KIOFileWidgets/kfilewidget.h
-- Installing: /mnt/HDD/Project/Public/okulartry/okular-things/include/KF5/KIOFileWidgets/kurlnavigator.h
-- Installing: /mnt/HDD/Project/Public/okulartry/okular-things/include/KF5/KIOFileWidgets/knewfilemenu.h
-- Installing: /mnt/HDD/Project/Public/okulartry/okular-things/include/KF5/KIOFileWidgets/knameandurlinputdialog.h
-- Installing: /mnt/HDD/Project/Public/okulartry/okular-things/include/KF5/KIOFileWidgets/kencodingfiledialog.h
-- Installing: /mnt/HDD/Project/Public/okulartry/okular-things/include/KF5/KIOFileWidgets/kiofilewidgets_export.h
-- Installing: /mnt/HDD/Project/Public/okulartry/okular-things/mkspecs/modules/qt_KIOFileWidgets.pri
-- Installing: /mnt/HDD/Project/Public/okulartry/okular-things/lib/plugins/kf5/kiod/kioexecd.so
-- Set runtime path of "/mnt/HDD/Project/Public/okulartry/okular-things/lib/plugins/kf5/kiod/kioexecd.so" to "/mnt/HDD/Project/Public/okulartry/okular-things/lib:/home/build/inkbox/compiled-binaries/arm-kobo-linux-gnueabihf/arm-kobo-linux-gnueabihf/sysroot/lib"
-- Installing: /mnt/HDD/Project/Public/okulartry/okular-things/share/dbus-1/services/org.kde.kioexecd.service
-- Installing: /mnt/HDD/Project/Public/okulartry/okular-things/lib/libexec/kf5/kioexec
-- Set runtime path of "/mnt/HDD/Project/Public/okulartry/okular-things/lib/libexec/kf5/kioexec" to "/mnt/HDD/Project/Public/okulartry/okular-things/lib:/home/build/inkbox/compiled-binaries/arm-kobo-linux-gnueabihf/arm-kobo-linux-gnueabihf/sysroot/lib"
-- Installing: /mnt/HDD/Project/Public/okulartry/okular-things/lib/plugins/kf5/urifilters/localdomainurifilter.so
-- Set runtime path of "/mnt/HDD/Project/Public/okulartry/okular-things/lib/plugins/kf5/urifilters/localdomainurifilter.so" to "/mnt/HDD/Project/Public/okulartry/okular-things/lib:/home/build/inkbox/compiled-binaries/arm-kobo-linux-gnueabihf/arm-kobo-linux-gnueabihf/sysroot/lib"
-- Installing: /mnt/HDD/Project/Public/okulartry/okular-things/share/kservices5/searchproviders/7digital.desktop
-- Installing: /mnt/HDD/Project/Public/okulartry/okular-things/share/kservices5/searchproviders/acronym.desktop
-- Installing: /mnt/HDD/Project/Public/okulartry/okular-things/share/kservices5/searchproviders/amazon.desktop
-- Installing: /mnt/HDD/Project/Public/okulartry/okular-things/share/kservices5/searchproviders/amazon_mp3.desktop
-- Installing: /mnt/HDD/Project/Public/okulartry/okular-things/share/kservices5/searchproviders/amg.desktop
-- Installing: /mnt/HDD/Project/Public/okulartry/okular-things/share/kservices5/searchproviders/archpkg.desktop
-- Installing: /mnt/HDD/Project/Public/okulartry/okular-things/share/kservices5/searchproviders/archwiki.desktop
-- Installing: /mnt/HDD/Project/Public/okulartry/okular-things/share/kservices5/searchproviders/backports.desktop
-- Installing: /mnt/HDD/Project/Public/okulartry/okular-things/share/kservices5/searchproviders/baidu.desktop
-- Installing: /mnt/HDD/Project/Public/okulartry/okular-things/share/kservices5/searchproviders/beolingus.desktop
-- Installing: /mnt/HDD/Project/Public/okulartry/okular-things/share/kservices5/searchproviders/bing.desktop
-- Installing: /mnt/HDD/Project/Public/okulartry/okular-things/share/kservices5/searchproviders/bug.desktop
-- Installing: /mnt/HDD/Project/Public/okulartry/okular-things/share/kservices5/searchproviders/call.desktop
-- Installing: /mnt/HDD/Project/Public/okulartry/okular-things/share/kservices5/searchproviders/cia.desktop
-- Installing: /mnt/HDD/Project/Public/okulartry/okular-things/share/kservices5/searchproviders/citeseer.desktop
-- Installing: /mnt/HDD/Project/Public/okulartry/okular-things/share/kservices5/searchproviders/cpan.desktop
-- Installing: /mnt/HDD/Project/Public/okulartry/okular-things/share/kservices5/searchproviders/cplusplus.desktop
-- Installing: /mnt/HDD/Project/Public/okulartry/okular-things/share/kservices5/searchproviders/cppreference.desktop
-- Installing: /mnt/HDD/Project/Public/okulartry/okular-things/share/kservices5/searchproviders/ctan.desktop
-- Installing: /mnt/HDD/Project/Public/okulartry/okular-things/share/kservices5/searchproviders/ctan_cat.desktop
-- Installing: /mnt/HDD/Project/Public/okulartry/okular-things/share/kservices5/searchproviders/dbug.desktop
-- Installing: /mnt/HDD/Project/Public/okulartry/okular-things/share/kservices5/searchproviders/de2en.desktop
-- Installing: /mnt/HDD/Project/Public/okulartry/okular-things/share/kservices5/searchproviders/de2fr.desktop
-- Installing: /mnt/HDD/Project/Public/okulartry/okular-things/share/kservices5/searchproviders/deb.desktop
-- Installing: /mnt/HDD/Project/Public/okulartry/okular-things/share/kservices5/searchproviders/deepl.desktop
-- Installing: /mnt/HDD/Project/Public/okulartry/okular-things/share/kservices5/searchproviders/dictfr.desktop
-- Installing: /mnt/HDD/Project/Public/okulartry/okular-things/share/kservices5/searchproviders/docbook.desktop
-- Installing: /mnt/HDD/Project/Public/okulartry/okular-things/share/kservices5/searchproviders/doi.desktop
-- Installing: /mnt/HDD/Project/Public/okulartry/okular-things/share/kservices5/searchproviders/duckduckgo.desktop
-- Installing: /mnt/HDD/Project/Public/okulartry/okular-things/share/kservices5/searchproviders/duckduckgo_info.desktop
-- Installing: /mnt/HDD/Project/Public/okulartry/okular-things/share/kservices5/searchproviders/duckduckgo_shopping.desktop
-- Installing: /mnt/HDD/Project/Public/okulartry/okular-things/share/kservices5/searchproviders/ecosia.desktop
-- Installing: /mnt/HDD/Project/Public/okulartry/okular-things/share/kservices5/searchproviders/en2de.desktop
-- Installing: /mnt/HDD/Project/Public/okulartry/okular-things/share/kservices5/searchproviders/en2es.desktop
-- Installing: /mnt/HDD/Project/Public/okulartry/okular-things/share/kservices5/searchproviders/en2fr.desktop
-- Installing: /mnt/HDD/Project/Public/okulartry/okular-things/share/kservices5/searchproviders/en2it.desktop
-- Installing: /mnt/HDD/Project/Public/okulartry/okular-things/share/kservices5/searchproviders/es2en.desktop
-- Installing: /mnt/HDD/Project/Public/okulartry/okular-things/share/kservices5/searchproviders/facebook.desktop
-- Installing: /mnt/HDD/Project/Public/okulartry/okular-things/share/kservices5/searchproviders/feedster.desktop
-- Installing: /mnt/HDD/Project/Public/okulartry/okular-things/share/kservices5/searchproviders/flatpak.desktop
-- Installing: /mnt/HDD/Project/Public/okulartry/okular-things/share/kservices5/searchproviders/flickr.desktop
-- Installing: /mnt/HDD/Project/Public/okulartry/okular-things/share/kservices5/searchproviders/flickrcc.desktop
-- Installing: /mnt/HDD/Project/Public/okulartry/okular-things/share/kservices5/searchproviders/foldoc.desktop
-- Installing: /mnt/HDD/Project/Public/okulartry/okular-things/share/kservices5/searchproviders/fr2de.desktop
-- Installing: /mnt/HDD/Project/Public/okulartry/okular-things/share/kservices5/searchproviders/fr2en.desktop
-- Installing: /mnt/HDD/Project/Public/okulartry/okular-things/share/kservices5/searchproviders/freecode.desktop
-- Installing: /mnt/HDD/Project/Public/okulartry/okular-things/share/kservices5/searchproviders/freedb.desktop
-- Installing: /mnt/HDD/Project/Public/okulartry/okular-things/share/kservices5/searchproviders/fsd.desktop
-- Installing: /mnt/HDD/Project/Public/okulartry/okular-things/share/kservices5/searchproviders/github.desktop
-- Installing: /mnt/HDD/Project/Public/okulartry/okular-things/share/kservices5/searchproviders/gitlab.desktop
-- Installing: /mnt/HDD/Project/Public/okulartry/okular-things/share/kservices5/searchproviders/google.desktop
-- Installing: /mnt/HDD/Project/Public/okulartry/okular-things/share/kservices5/searchproviders/google_advanced.desktop
-- Installing: /mnt/HDD/Project/Public/okulartry/okular-things/share/kservices5/searchproviders/google_code.desktop
-- Installing: /mnt/HDD/Project/Public/okulartry/okular-things/share/kservices5/searchproviders/google_groups.desktop
-- Installing: /mnt/HDD/Project/Public/okulartry/okular-things/share/kservices5/searchproviders/google_images.desktop
-- Installing: /mnt/HDD/Project/Public/okulartry/okular-things/share/kservices5/searchproviders/google_lucky.desktop
-- Installing: /mnt/HDD/Project/Public/okulartry/okular-things/share/kservices5/searchproviders/google_maps.desktop
-- Installing: /mnt/HDD/Project/Public/okulartry/okular-things/share/kservices5/searchproviders/google_movie.desktop
-- Installing: /mnt/HDD/Project/Public/okulartry/okular-things/share/kservices5/searchproviders/google_news.desktop
-- Installing: /mnt/HDD/Project/Public/okulartry/okular-things/share/kservices5/searchproviders/google_shopping.desktop
-- Installing: /mnt/HDD/Project/Public/okulartry/okular-things/share/kservices5/searchproviders/grec.desktop
-- Installing: /mnt/HDD/Project/Public/okulartry/okular-things/share/kservices5/searchproviders/hyperdictionary.desktop
-- Installing: /mnt/HDD/Project/Public/okulartry/okular-things/share/kservices5/searchproviders/hyperdictionary_thesaurus.desktop
-- Installing: /mnt/HDD/Project/Public/okulartry/okular-things/share/kservices5/searchproviders/identica_groups.desktop
-- Installing: /mnt/HDD/Project/Public/okulartry/okular-things/share/kservices5/searchproviders/identica_notices.desktop
-- Installing: /mnt/HDD/Project/Public/okulartry/okular-things/share/kservices5/searchproviders/identica_people.desktop
-- Installing: /mnt/HDD/Project/Public/okulartry/okular-things/share/kservices5/searchproviders/imdb.desktop
-- Installing: /mnt/HDD/Project/Public/okulartry/okular-things/share/kservices5/searchproviders/invent.desktop
-- Installing: /mnt/HDD/Project/Public/okulartry/okular-things/share/kservices5/searchproviders/invent_issues.desktop
-- Installing: /mnt/HDD/Project/Public/okulartry/okular-things/share/kservices5/searchproviders/invent_mr.desktop
-- Installing: /mnt/HDD/Project/Public/okulartry/okular-things/share/kservices5/searchproviders/invent_repo.desktop
-- Installing: /mnt/HDD/Project/Public/okulartry/okular-things/share/kservices5/searchproviders/it2en.desktop
-- Installing: /mnt/HDD/Project/Public/okulartry/okular-things/share/kservices5/searchproviders/jamendo.desktop
-- Installing: /mnt/HDD/Project/Public/okulartry/okular-things/share/kservices5/searchproviders/jeeves.desktop
-- Installing: /mnt/HDD/Project/Public/okulartry/okular-things/share/kservices5/searchproviders/kde.desktop
-- Installing: /mnt/HDD/Project/Public/okulartry/okular-things/share/kservices5/searchproviders/kde_apps.desktop
-- Installing: /mnt/HDD/Project/Public/okulartry/okular-things/share/kservices5/searchproviders/kde_forums.desktop
-- Installing: /mnt/HDD/Project/Public/okulartry/okular-things/share/kservices5/searchproviders/kde_store.desktop
-- Installing: /mnt/HDD/Project/Public/okulartry/okular-things/share/kservices5/searchproviders/kde_techbase.desktop
-- Installing: /mnt/HDD/Project/Public/okulartry/okular-things/share/kservices5/searchproviders/kde_userbase.desktop
-- Installing: /mnt/HDD/Project/Public/okulartry/okular-things/share/kservices5/searchproviders/kreddit.desktop
-- Installing: /mnt/HDD/Project/Public/okulartry/okular-things/share/kservices5/searchproviders/krita.desktop
-- Installing: /mnt/HDD/Project/Public/okulartry/okular-things/share/kservices5/searchproviders/learncpp.desktop
-- Installing: /mnt/HDD/Project/Public/okulartry/okular-things/share/kservices5/searchproviders/leo.desktop
-- Installing: /mnt/HDD/Project/Public/okulartry/okular-things/share/kservices5/searchproviders/linguee.desktop
-- Installing: /mnt/HDD/Project/Public/okulartry/okular-things/share/kservices5/searchproviders/magnatune.desktop
-- Installing: /mnt/HDD/Project/Public/okulartry/okular-things/share/kservices5/searchproviders/metacrawler.desktop
-- Installing: /mnt/HDD/Project/Public/okulartry/okular-things/share/kservices5/searchproviders/microsoft_cpp.desktop
-- Installing: /mnt/HDD/Project/Public/okulartry/okular-things/share/kservices5/searchproviders/msdn.desktop
-- Installing: /mnt/HDD/Project/Public/okulartry/okular-things/share/kservices5/searchproviders/multitran-deru.desktop
-- Installing: /mnt/HDD/Project/Public/okulartry/okular-things/share/kservices5/searchproviders/multitran-enru.desktop
-- Installing: /mnt/HDD/Project/Public/okulartry/okular-things/share/kservices5/searchproviders/multitran-esru.desktop
-- Installing: /mnt/HDD/Project/Public/okulartry/okular-things/share/kservices5/searchproviders/multitran-frru.desktop
-- Installing: /mnt/HDD/Project/Public/okulartry/okular-things/share/kservices5/searchproviders/multitran-itru.desktop
-- Installing: /mnt/HDD/Project/Public/okulartry/okular-things/share/kservices5/searchproviders/multitran-nlru.desktop
-- Installing: /mnt/HDD/Project/Public/okulartry/okular-things/share/kservices5/searchproviders/netcraft.desktop
-- Installing: /mnt/HDD/Project/Public/okulartry/okular-things/share/kservices5/searchproviders/nl-telephone.desktop
-- Installing: /mnt/HDD/Project/Public/okulartry/okular-things/share/kservices5/searchproviders/nl-teletekst.desktop
-- Installing: /mnt/HDD/Project/Public/okulartry/okular-things/share/kservices5/searchproviders/opendesktop.desktop
-- Installing: /mnt/HDD/Project/Public/okulartry/okular-things/share/kservices5/searchproviders/opensuse.desktop
-- Installing: /mnt/HDD/Project/Public/okulartry/okular-things/share/kservices5/searchproviders/pgpkeys.desktop
-- Installing: /mnt/HDD/Project/Public/okulartry/okular-things/share/kservices5/searchproviders/php.desktop
-- Installing: /mnt/HDD/Project/Public/okulartry/okular-things/share/kservices5/searchproviders/protondb.desktop
-- Installing: /mnt/HDD/Project/Public/okulartry/okular-things/share/kservices5/searchproviders/python.desktop
-- Installing: /mnt/HDD/Project/Public/okulartry/okular-things/share/kservices5/searchproviders/qt5.desktop
-- Installing: /mnt/HDD/Project/Public/okulartry/okular-things/share/kservices5/searchproviders/qt6.desktop
-- Installing: /mnt/HDD/Project/Public/okulartry/okular-things/share/kservices5/searchproviders/qwant.desktop
-- Installing: /mnt/HDD/Project/Public/okulartry/okular-things/share/kservices5/searchproviders/qwant_images.desktop
-- Installing: /mnt/HDD/Project/Public/okulartry/okular-things/share/kservices5/searchproviders/qwant_news.desktop
-- Installing: /mnt/HDD/Project/Public/okulartry/okular-things/share/kservices5/searchproviders/qwant_shopping.desktop
-- Installing: /mnt/HDD/Project/Public/okulartry/okular-things/share/kservices5/searchproviders/qwant_social.desktop
-- Installing: /mnt/HDD/Project/Public/okulartry/okular-things/share/kservices5/searchproviders/qwant_videos.desktop
-- Installing: /mnt/HDD/Project/Public/okulartry/okular-things/share/kservices5/searchproviders/rae.desktop
-- Installing: /mnt/HDD/Project/Public/okulartry/okular-things/share/kservices5/searchproviders/rag.desktop
-- Installing: /mnt/HDD/Project/Public/okulartry/okular-things/share/kservices5/searchproviders/reddit.desktop
-- Installing: /mnt/HDD/Project/Public/okulartry/okular-things/share/kservices5/searchproviders/rfc.desktop
-- Installing: /mnt/HDD/Project/Public/okulartry/okular-things/share/kservices5/searchproviders/rpmfind.desktop
-- Installing: /mnt/HDD/Project/Public/okulartry/okular-things/share/kservices5/searchproviders/ruby_application_archive.desktop
-- Installing: /mnt/HDD/Project/Public/okulartry/okular-things/share/kservices5/searchproviders/rust.desktop
-- Installing: /mnt/HDD/Project/Public/okulartry/okular-things/share/kservices5/searchproviders/soundcloud.desktop
-- Installing: /mnt/HDD/Project/Public/okulartry/okular-things/share/kservices5/searchproviders/sourceforge.desktop
-- Installing: /mnt/HDD/Project/Public/okulartry/okular-things/share/kservices5/searchproviders/technorati.desktop
-- Installing: /mnt/HDD/Project/Public/okulartry/okular-things/share/kservices5/searchproviders/technoratitags.desktop
-- Installing: /mnt/HDD/Project/Public/okulartry/okular-things/share/kservices5/searchproviders/thesaurus.desktop
-- Installing: /mnt/HDD/Project/Public/okulartry/okular-things/share/kservices5/searchproviders/tvtome.desktop
-- Installing: /mnt/HDD/Project/Public/okulartry/okular-things/share/kservices5/searchproviders/ubuntu.desktop
-- Installing: /mnt/HDD/Project/Public/okulartry/okular-things/share/kservices5/searchproviders/urbandictionary.desktop
-- Installing: /mnt/HDD/Project/Public/okulartry/okular-things/share/kservices5/searchproviders/uspto.desktop
-- Installing: /mnt/HDD/Project/Public/okulartry/okular-things/share/kservices5/searchproviders/vimeo.desktop
-- Installing: /mnt/HDD/Project/Public/okulartry/okular-things/share/kservices5/searchproviders/voila.desktop
-- Installing: /mnt/HDD/Project/Public/okulartry/okular-things/share/kservices5/searchproviders/webster.desktop
-- Installing: /mnt/HDD/Project/Public/okulartry/okular-things/share/kservices5/searchproviders/wikia.desktop
-- Installing: /mnt/HDD/Project/Public/okulartry/okular-things/share/kservices5/searchproviders/wikipedia.desktop
-- Installing: /mnt/HDD/Project/Public/okulartry/okular-things/share/kservices5/searchproviders/wiktionary.desktop
-- Installing: /mnt/HDD/Project/Public/okulartry/okular-things/share/kservices5/searchproviders/wine.desktop
-- Installing: /mnt/HDD/Project/Public/okulartry/okular-things/share/kservices5/searchproviders/wolfram_alpha.desktop
-- Installing: /mnt/HDD/Project/Public/okulartry/okular-things/share/kservices5/searchproviders/wordref.desktop
-- Installing: /mnt/HDD/Project/Public/okulartry/okular-things/share/kservices5/searchproviders/yahoo.desktop
-- Installing: /mnt/HDD/Project/Public/okulartry/okular-things/share/kservices5/searchproviders/yahoo_image.desktop
-- Installing: /mnt/HDD/Project/Public/okulartry/okular-things/share/kservices5/searchproviders/yahoo_local.desktop
-- Installing: /mnt/HDD/Project/Public/okulartry/okular-things/share/kservices5/searchproviders/yahoo_shopping.desktop
-- Installing: /mnt/HDD/Project/Public/okulartry/okular-things/share/kservices5/searchproviders/yahoo_video.desktop
-- Installing: /mnt/HDD/Project/Public/okulartry/okular-things/share/kservices5/searchproviders/yandex.desktop
-- Installing: /mnt/HDD/Project/Public/okulartry/okular-things/share/kservices5/searchproviders/youtube.desktop
-- Installing: /mnt/HDD/Project/Public/okulartry/okular-things/lib/plugins/kf5/urifilters/kuriikwsfilter.so
-- Set runtime path of "/mnt/HDD/Project/Public/okulartry/okular-things/lib/plugins/kf5/urifilters/kuriikwsfilter.so" to "/mnt/HDD/Project/Public/okulartry/okular-things/lib:/home/build/inkbox/compiled-binaries/arm-kobo-linux-gnueabihf/arm-kobo-linux-gnueabihf/sysroot/lib"
-- Installing: /mnt/HDD/Project/Public/okulartry/okular-things/lib/plugins/kf5/urifilters/kurisearchfilter.so
-- Set runtime path of "/mnt/HDD/Project/Public/okulartry/okular-things/lib/plugins/kf5/urifilters/kurisearchfilter.so" to "/mnt/HDD/Project/Public/okulartry/okular-things/lib:/home/build/inkbox/compiled-binaries/arm-kobo-linux-gnueabihf/arm-kobo-linux-gnueabihf/sysroot/lib"
-- Installing: /mnt/HDD/Project/Public/okulartry/okular-things/share/kservicetypes5/searchprovider.desktop
-- Installing: /mnt/HDD/Project/Public/okulartry/okular-things/lib/plugins/kf5/urifilters/kshorturifilter.so
-- Set runtime path of "/mnt/HDD/Project/Public/okulartry/okular-things/lib/plugins/kf5/urifilters/kshorturifilter.so" to "/mnt/HDD/Project/Public/okulartry/okular-things/lib:/home/build/inkbox/compiled-binaries/arm-kobo-linux-gnueabihf/arm-kobo-linux-gnueabihf/sysroot/lib"
-- Installing: /mnt/HDD/Project/Public/okulartry/okular-things/etc/xdg/kshorturifilterrc
-- Installing: /mnt/HDD/Project/Public/okulartry/okular-things/lib/plugins/kf5/urifilters/fixhosturifilter.so
-- Set runtime path of "/mnt/HDD/Project/Public/okulartry/okular-things/lib/plugins/kf5/urifilters/fixhosturifilter.so" to "/mnt/HDD/Project/Public/okulartry/okular-things/lib:/home/build/inkbox/compiled-binaries/arm-kobo-linux-gnueabihf/arm-kobo-linux-gnueabihf/sysroot/lib"
-- Installing: /mnt/HDD/Project/Public/okulartry/okular-things/lib/plugins/kcm_webshortcuts.so
-- Set runtime path of "/mnt/HDD/Project/Public/okulartry/okular-things/lib/plugins/kcm_webshortcuts.so" to "/mnt/HDD/Project/Public/okulartry/okular-things/lib:/home/build/inkbox/compiled-binaries/arm-kobo-linux-gnueabihf/arm-kobo-linux-gnueabihf/sysroot/lib"
-- Installing: /mnt/HDD/Project/Public/okulartry/okular-things/lib/plugins/plasma/kcms/systemsettings_qwidgets/kcm_webshortcuts.so
-- Installing: /mnt/HDD/Project/Public/okulartry/okular-things/share/kservices5/webshortcuts.desktop
-- Installing: /mnt/HDD/Project/Public/okulartry/okular-things/lib/plugins/plasma/kcms/systemsettings_qwidgets/kcm_cookies.so
-- Set runtime path of "/mnt/HDD/Project/Public/okulartry/okular-things/lib/plugins/plasma/kcms/systemsettings_qwidgets/kcm_cookies.so" to "/mnt/HDD/Project/Public/okulartry/okular-things/lib:/home/build/inkbox/compiled-binaries/arm-kobo-linux-gnueabihf/arm-kobo-linux-gnueabihf/sysroot/lib"
-- Installing: /mnt/HDD/Project/Public/okulartry/okular-things/share/kservices5/cookies.desktop
-- Installing: /mnt/HDD/Project/Public/okulartry/okular-things/lib/plugins/plasma/kcms/systemsettings/kcm_smb.so
-- Set runtime path of "/mnt/HDD/Project/Public/okulartry/okular-things/lib/plugins/plasma/kcms/systemsettings/kcm_smb.so" to "/mnt/HDD/Project/Public/okulartry/okular-things/lib:/home/build/inkbox/compiled-binaries/arm-kobo-linux-gnueabihf/arm-kobo-linux-gnueabihf/sysroot/lib"
-- Installing: /mnt/HDD/Project/Public/okulartry/okular-things/share/kservices5/smb.desktop
-- Installing: /mnt/HDD/Project/Public/okulartry/okular-things/lib/plugins/kcm_proxy.so
-- Set runtime path of "/mnt/HDD/Project/Public/okulartry/okular-things/lib/plugins/kcm_proxy.so" to "/mnt/HDD/Project/Public/okulartry/okular-things/lib:/home/build/inkbox/compiled-binaries/arm-kobo-linux-gnueabihf/arm-kobo-linux-gnueabihf/sysroot/lib"
-- Installing: /mnt/HDD/Project/Public/okulartry/okular-things/lib/plugins/plasma/kcms/systemsettings_qwidgets/kcm_proxy.so
-- Installing: /mnt/HDD/Project/Public/okulartry/okular-things/share/kservices5/proxy.desktop
-- Installing: /mnt/HDD/Project/Public/okulartry/okular-things/lib/plugins/plasma/kcms/systemsettings_qwidgets/kcm_netpref.so
-- Set runtime path of "/mnt/HDD/Project/Public/okulartry/okular-things/lib/plugins/plasma/kcms/systemsettings_qwidgets/kcm_netpref.so" to "/mnt/HDD/Project/Public/okulartry/okular-things/lib:/home/build/inkbox/compiled-binaries/arm-kobo-linux-gnueabihf/arm-kobo-linux-gnueabihf/sysroot/lib"
-- Installing: /mnt/HDD/Project/Public/okulartry/okular-things/share/kservices5/netpref.desktop
-- Installing: /mnt/HDD/Project/Public/okulartry/okular-things/lib/plugins/kf5/kded/proxyscout.so
-- Set runtime path of "/mnt/HDD/Project/Public/okulartry/okular-things/lib/plugins/kf5/kded/proxyscout.so" to "/mnt/HDD/Project/Public/okulartry/okular-things/lib:/home/build/inkbox/compiled-binaries/arm-kobo-linux-gnueabihf/arm-kobo-linux-gnueabihf/sysroot/lib"
-- Installing: /mnt/HDD/Project/Public/okulartry/okular-things/lib/libexec/kf5/kpac_dhcp_helper
-- Set runtime path of "/mnt/HDD/Project/Public/okulartry/okular-things/lib/libexec/kf5/kpac_dhcp_helper" to "/mnt/HDD/Project/Public/okulartry/okular-things/lib"
-- Installing: /mnt/HDD/Project/Public/okulartry/okular-things/share/knotifications5/proxyscout.notifyrc
-- Installing: /mnt/HDD/Project/Public/okulartry/okular-things/share/qlogging-categories5/kio.categories
-- Installing: /mnt/HDD/Project/Public/okulartry/okular-things/share/qlogging-categories5/kio.renamecategories
-- Installing: /mnt/HDD/Project/Public/okulartry/okular-things/share/kconf_update/filepicker.upd
-- Installing: /mnt/HDD/Project/Public/okulartry/okular-things/share/kdevappwizard/templates/kioworker.tar.bz2
-- Installing: /mnt/HDD/Project/Public/okulartry/okular-things/lib/cmake/KF5KIO/KF5KIOConfig.cmake
-- Installing: /mnt/HDD/Project/Public/okulartry/okular-things/lib/cmake/KF5KIO/KF5KIOConfigVersion.cmake
-- Installing: /mnt/HDD/Project/Public/okulartry/okular-things/lib/cmake/KF5KIO/KF5KIOTargets.cmake
-- Installing: /mnt/HDD/Project/Public/okulartry/okular-things/lib/cmake/KF5KIO/KF5KIOTargets-debug.cmake
-- Installing: /mnt/HDD/Project/Public/okulartry/okular-things/include/KF5/KIO/kio_version.h
