# kdesrc-build running: 'make' 'install/fast'
# from directory: /home/szybet/kdesrc/build/frameworks/threadweaver
Install the project...
-- Install configuration: "Debug"
-- Installing: /mnt/HDD/Project/Public/okulartry/okular-things/lib/libKF5ThreadWeaver.so.5.107.0
-- Installing: /mnt/HDD/Project/Public/okulartry/okular-things/lib/libKF5ThreadWeaver.so.5
-- Set runtime path of "/mnt/HDD/Project/Public/okulartry/okular-things/lib/libKF5ThreadWeaver.so.5.107.0" to "/mnt/HDD/Project/Public/okulartry/okular-things/lib:/home/build/inkbox/compiled-binaries/arm-kobo-linux-gnueabihf/arm-kobo-linux-gnueabihf/sysroot/lib"
-- Installing: /mnt/HDD/Project/Public/okulartry/okular-things/lib/libKF5ThreadWeaver.so
-- Installing: /mnt/HDD/Project/Public/okulartry/okular-things/include/KF5/ThreadWeaver/ThreadWeaver/ThreadWeaver
-- Installing: /mnt/HDD/Project/Public/okulartry/okular-things/include/KF5/ThreadWeaver/ThreadWeaver/Weaver
-- Installing: /mnt/HDD/Project/Public/okulartry/okular-things/include/KF5/ThreadWeaver/ThreadWeaver/WeaverInterface
-- Installing: /mnt/HDD/Project/Public/okulartry/okular-things/include/KF5/ThreadWeaver/ThreadWeaver/QueueAPI
-- Installing: /mnt/HDD/Project/Public/okulartry/okular-things/include/KF5/ThreadWeaver/ThreadWeaver/QueueStream
-- Installing: /mnt/HDD/Project/Public/okulartry/okular-things/include/KF5/ThreadWeaver/ThreadWeaver/Queueing
-- Installing: /mnt/HDD/Project/Public/okulartry/okular-things/include/KF5/ThreadWeaver/ThreadWeaver/Exception
-- Installing: /mnt/HDD/Project/Public/okulartry/okular-things/include/KF5/ThreadWeaver/ThreadWeaver/QueueInterface
-- Installing: /mnt/HDD/Project/Public/okulartry/okular-things/include/KF5/ThreadWeaver/ThreadWeaver/Queue
-- Installing: /mnt/HDD/Project/Public/okulartry/okular-things/include/KF5/ThreadWeaver/ThreadWeaver/DebuggingAids
-- Installing: /mnt/HDD/Project/Public/okulartry/okular-things/include/KF5/ThreadWeaver/ThreadWeaver/Thread
-- Installing: /mnt/HDD/Project/Public/okulartry/okular-things/include/KF5/ThreadWeaver/ThreadWeaver/JobInterface
-- Installing: /mnt/HDD/Project/Public/okulartry/okular-things/include/KF5/ThreadWeaver/ThreadWeaver/Job
-- Installing: /mnt/HDD/Project/Public/okulartry/okular-things/include/KF5/ThreadWeaver/ThreadWeaver/IdDecorator
-- Installing: /mnt/HDD/Project/Public/okulartry/okular-things/include/KF5/ThreadWeaver/ThreadWeaver/QObjectDecorator
-- Installing: /mnt/HDD/Project/Public/okulartry/okular-things/include/KF5/ThreadWeaver/ThreadWeaver/Lambda
-- Installing: /mnt/HDD/Project/Public/okulartry/okular-things/include/KF5/ThreadWeaver/ThreadWeaver/State
-- Installing: /mnt/HDD/Project/Public/okulartry/okular-things/include/KF5/ThreadWeaver/ThreadWeaver/WeaverImplState
-- Installing: /mnt/HDD/Project/Public/okulartry/okular-things/include/KF5/ThreadWeaver/ThreadWeaver/InConstructionState
-- Installing: /mnt/HDD/Project/Public/okulartry/okular-things/include/KF5/ThreadWeaver/ThreadWeaver/WorkingHardState
-- Installing: /mnt/HDD/Project/Public/okulartry/okular-things/include/KF5/ThreadWeaver/ThreadWeaver/SuspendingState
-- Installing: /mnt/HDD/Project/Public/okulartry/okular-things/include/KF5/ThreadWeaver/ThreadWeaver/SuspendedState
-- Installing: /mnt/HDD/Project/Public/okulartry/okular-things/include/KF5/ThreadWeaver/ThreadWeaver/ShuttingDownState
-- Installing: /mnt/HDD/Project/Public/okulartry/okular-things/include/KF5/ThreadWeaver/ThreadWeaver/DestructedState
-- Installing: /mnt/HDD/Project/Public/okulartry/okular-things/include/KF5/ThreadWeaver/ThreadWeaver/Collection
-- Installing: /mnt/HDD/Project/Public/okulartry/okular-things/include/KF5/ThreadWeaver/ThreadWeaver/Sequence
-- Installing: /mnt/HDD/Project/Public/okulartry/okular-things/include/KF5/ThreadWeaver/ThreadWeaver/Dependency
-- Installing: /mnt/HDD/Project/Public/okulartry/okular-things/include/KF5/ThreadWeaver/ThreadWeaver/DependencyPolicy
-- Installing: /mnt/HDD/Project/Public/okulartry/okular-things/include/KF5/ThreadWeaver/ThreadWeaver/ResourceRestrictionPolicy
-- Installing: /mnt/HDD/Project/Public/okulartry/okular-things/include/KF5/ThreadWeaver/ThreadWeaver/QueueSignals
-- Installing: /mnt/HDD/Project/Public/okulartry/okular-things/include/KF5/ThreadWeaver/ThreadWeaver/QueuePolicy
-- Installing: /mnt/HDD/Project/Public/okulartry/okular-things/include/KF5/ThreadWeaver/ThreadWeaver/JobPointer
-- Installing: /mnt/HDD/Project/Public/okulartry/okular-things/include/KF5/ThreadWeaver/ThreadWeaver/ManagedJobPointer
-- Installing: /mnt/HDD/Project/Public/okulartry/okular-things/include/KF5/ThreadWeaver/threadweaver/threadweaver_export.h
-- Installing: /mnt/HDD/Project/Public/okulartry/okular-things/include/KF5/ThreadWeaver/threadweaver/threadweaver.h
-- Installing: /mnt/HDD/Project/Public/okulartry/okular-things/include/KF5/ThreadWeaver/threadweaver/weaver.h
-- Installing: /mnt/HDD/Project/Public/okulartry/okular-things/include/KF5/ThreadWeaver/threadweaver/weaverinterface.h
-- Installing: /mnt/HDD/Project/Public/okulartry/okular-things/include/KF5/ThreadWeaver/threadweaver/queueapi.h
-- Installing: /mnt/HDD/Project/Public/okulartry/okular-things/include/KF5/ThreadWeaver/threadweaver/queuestream.h
-- Installing: /mnt/HDD/Project/Public/okulartry/okular-things/include/KF5/ThreadWeaver/threadweaver/queueing.h
-- Installing: /mnt/HDD/Project/Public/okulartry/okular-things/include/KF5/ThreadWeaver/threadweaver/exception.h
-- Installing: /mnt/HDD/Project/Public/okulartry/okular-things/include/KF5/ThreadWeaver/threadweaver/queueinterface.h
-- Installing: /mnt/HDD/Project/Public/okulartry/okular-things/include/KF5/ThreadWeaver/threadweaver/queue.h
-- Installing: /mnt/HDD/Project/Public/okulartry/okular-things/include/KF5/ThreadWeaver/threadweaver/debuggingaids.h
-- Installing: /mnt/HDD/Project/Public/okulartry/okular-things/include/KF5/ThreadWeaver/threadweaver/thread.h
-- Installing: /mnt/HDD/Project/Public/okulartry/okular-things/include/KF5/ThreadWeaver/threadweaver/jobinterface.h
-- Installing: /mnt/HDD/Project/Public/okulartry/okular-things/include/KF5/ThreadWeaver/threadweaver/job.h
-- Installing: /mnt/HDD/Project/Public/okulartry/okular-things/include/KF5/ThreadWeaver/threadweaver/iddecorator.h
-- Installing: /mnt/HDD/Project/Public/okulartry/okular-things/include/KF5/ThreadWeaver/threadweaver/qobjectdecorator.h
-- Installing: /mnt/HDD/Project/Public/okulartry/okular-things/include/KF5/ThreadWeaver/threadweaver/lambda.h
-- Installing: /mnt/HDD/Project/Public/okulartry/okular-things/include/KF5/ThreadWeaver/threadweaver/state.h
-- Installing: /mnt/HDD/Project/Public/okulartry/okular-things/include/KF5/ThreadWeaver/threadweaver/weaverimplstate.h
-- Installing: /mnt/HDD/Project/Public/okulartry/okular-things/include/KF5/ThreadWeaver/threadweaver/inconstructionstate.h
-- Installing: /mnt/HDD/Project/Public/okulartry/okular-things/include/KF5/ThreadWeaver/threadweaver/workinghardstate.h
-- Installing: /mnt/HDD/Project/Public/okulartry/okular-things/include/KF5/ThreadWeaver/threadweaver/suspendingstate.h
-- Installing: /mnt/HDD/Project/Public/okulartry/okular-things/include/KF5/ThreadWeaver/threadweaver/suspendedstate.h
-- Installing: /mnt/HDD/Project/Public/okulartry/okular-things/include/KF5/ThreadWeaver/threadweaver/shuttingdownstate.h
-- Installing: /mnt/HDD/Project/Public/okulartry/okular-things/include/KF5/ThreadWeaver/threadweaver/destructedstate.h
-- Installing: /mnt/HDD/Project/Public/okulartry/okular-things/include/KF5/ThreadWeaver/threadweaver/collection.h
-- Installing: /mnt/HDD/Project/Public/okulartry/okular-things/include/KF5/ThreadWeaver/threadweaver/sequence.h
-- Installing: /mnt/HDD/Project/Public/okulartry/okular-things/include/KF5/ThreadWeaver/threadweaver/dependency.h
-- Installing: /mnt/HDD/Project/Public/okulartry/okular-things/include/KF5/ThreadWeaver/threadweaver/dependencypolicy.h
-- Installing: /mnt/HDD/Project/Public/okulartry/okular-things/include/KF5/ThreadWeaver/threadweaver/resourcerestrictionpolicy.h
-- Installing: /mnt/HDD/Project/Public/okulartry/okular-things/include/KF5/ThreadWeaver/threadweaver/queuesignals.h
-- Installing: /mnt/HDD/Project/Public/okulartry/okular-things/include/KF5/ThreadWeaver/threadweaver/queuepolicy.h
-- Installing: /mnt/HDD/Project/Public/okulartry/okular-things/include/KF5/ThreadWeaver/threadweaver/jobpointer.h
-- Installing: /mnt/HDD/Project/Public/okulartry/okular-things/include/KF5/ThreadWeaver/threadweaver/managedjobpointer.h
-- Installing: /mnt/HDD/Project/Public/okulartry/okular-things/mkspecs/modules/qt_ThreadWeaver.pri
-- Installing: /mnt/HDD/Project/Public/okulartry/okular-things/include/KF5/ThreadWeaver/threadweaver_version.h
-- Installing: /mnt/HDD/Project/Public/okulartry/okular-things/lib/cmake/KF5ThreadWeaver/KF5ThreadWeaverConfig.cmake
-- Installing: /mnt/HDD/Project/Public/okulartry/okular-things/lib/cmake/KF5ThreadWeaver/KF5ThreadWeaverConfigVersion.cmake
-- Installing: /mnt/HDD/Project/Public/okulartry/okular-things/lib/cmake/KF5ThreadWeaver/KF5ThreadWeaverTargets.cmake
-- Installing: /mnt/HDD/Project/Public/okulartry/okular-things/lib/cmake/KF5ThreadWeaver/KF5ThreadWeaverTargets-debug.cmake
