# kdesrc-build running: 'make' '-j' '8'
# from directory: /home/szybet/kdesrc/build/frameworks/kcompletion
[  0%] Generating ECMPoQm/az/kcompletion5_qt.qm
[  2%] Generating ECMPoQm/be/kcompletion5_qt.qm
[  2%] Generating ECMPoQm/ar/kcompletion5_qt.qm
[  2%] Generating ECMPoQm/be@latin/kcompletion5_qt.qm
[  3%] Generating ECMPoQm/as/kcompletion5_qt.qm
[  4%] Generating ECMPoQm/af/kcompletion5_qt.qm
[  5%] Generating ECMPoQm/bg/kcompletion5_qt.qm
[  5%] Generating ECMPoQm/bn/kcompletion5_qt.qm
[  5%] Built target translations_2
[  5%] Built target translations_4
[  5%] Built target translations_7
[  6%] Generating ECMPoQm/bn_IN/kcompletion5_qt.qm
[  7%] Generating ECMPoQm/bs/kcompletion5_qt.qm
[  8%] Generating ECMPoQm/br/kcompletion5_qt.qm
[  8%] Built target translations_11
[  8%] Built target translations_6
[  9%] Generating ECMPoQm/ca/kcompletion5_qt.qm
[  9%] Built target translations_5
[  9%] Built target translations_3
[  9%] Generating ECMPoQm/ca@valencia/kcompletion5_qt.qm
[  9%] Built target translations_1
[  9%] Built target translations_8
[  9%] Built target translations_12
[ 10%] Generating ECMPoQm/crh/kcompletion5_qt.qm
[ 11%] Generating ECMPoQm/cs/kcompletion5_qt.qm
[ 11%] Built target translations_9
[ 11%] Built target translations_13
[ 12%] Generating ECMPoQm/csb/kcompletion5_qt.qm
[ 13%] Generating ECMPoQm/da/kcompletion5_qt.qm
[ 14%] Generating ECMPoQm/cy/kcompletion5_qt.qm
[ 14%] Built target translations_15
[ 15%] Generating ECMPoQm/de/kcompletion5_qt.qm
[ 15%] Generating ECMPoQm/el/kcompletion5_qt.qm
[ 15%] Built target translations_10
Removed plural forms as the target language has less forms.
If this sounds wrong, possibly the target language is not set or recognized.
[ 16%] Generating ECMPoQm/en_GB/kcompletion5_qt.qm
[ 17%] Generating ECMPoQm/eo/kcompletion5_qt.qm
Removed plural forms as the target language has less forms.
If this sounds wrong, possibly the target language is not set or recognized.
[ 17%] Built target translations_22
[ 18%] Generating ECMPoQm/es/kcompletion5_qt.qm
[ 18%] Built target translations_14
[ 18%] Built target translations_16
[ 18%] Built target translations_18
[ 18%] Built target translations_19
[ 19%] Generating ECMPoQm/et/kcompletion5_qt.qm
[ 20%] Generating ECMPoQm/eu/kcompletion5_qt.qm
[ 20%] Built target translations_17
[ 21%] Generating ECMPoQm/fa/kcompletion5_qt.qm
[ 21%] Built target translations_20
[ 21%] Generating ECMPoQm/fi/kcompletion5_qt.qm
[ 22%] Generating ECMPoQm/fr/kcompletion5_qt.qm
[ 22%] Built target translations_21
[ 23%] Generating ECMPoQm/fy/kcompletion5_qt.qm
[ 24%] Generating ECMPoQm/ga/kcompletion5_qt.qm
[ 24%] Built target translations_23
[ 25%] Generating ECMPoQm/gd/kcompletion5_qt.qm
[ 25%] Built target translations_25
[ 25%] Built target translations_31
Removed plural forms as the target language has less forms.
If this sounds wrong, possibly the target language is not set or recognized.
[ 26%] Built target translations_26
[ 26%] Generating ECMPoQm/gl/kcompletion5_qt.qm
[ 26%] Built target translations_29
[ 26%] Built target translations_24
[ 26%] Built target translations_27
[ 26%] Built target translations_28
[ 26%] Generating ECMPoQm/gu/kcompletion5_qt.qm
[ 27%] Generating ECMPoQm/ha/kcompletion5_qt.qm
[ 28%] Generating ECMPoQm/hi/kcompletion5_qt.qm
[ 29%] Generating ECMPoQm/he/kcompletion5_qt.qm
[ 30%] Generating ECMPoQm/hne/kcompletion5_qt.qm
[ 31%] Generating ECMPoQm/hr/kcompletion5_qt.qm
[ 31%] Built target translations_35
[ 31%] Built target translations_34
[ 31%] Built target translations_30
[ 32%] Generating ECMPoQm/hsb/kcompletion5_qt.qm
[ 33%] Generating ECMPoQm/hu/kcompletion5_qt.qm
[ 34%] Generating ECMPoQm/hy/kcompletion5_qt.qm
Removed plural forms as the target language has less forms.
If this sounds wrong, possibly the target language is not set or recognized.
[ 34%] Built target translations_32
[ 34%] Built target translations_36
[ 34%] Built target translations_33
[ 35%] Generating ECMPoQm/ia/kcompletion5_qt.qm
Removed plural forms as the target language has less forms.
If this sounds wrong, possibly the target language is not set or recognized.
Removed plural forms as the target language has less forms.
If this sounds wrong, possibly the target language is not set or recognized.
Removed plural forms as the target language has less forms.
If this sounds wrong, possibly the target language is not set or recognized.
[ 35%] Built target translations_37
[ 35%] Built target translations_38
[ 36%] Generating ECMPoQm/id/kcompletion5_qt.qm
[ 37%] Generating ECMPoQm/is/kcompletion5_qt.qm
[ 38%] Generating ECMPoQm/it/kcompletion5_qt.qm
[ 39%] Generating ECMPoQm/ja/kcompletion5_qt.qm
[ 39%] Built target translations_39
[ 39%] Built target translations_40
[ 39%] Built target translations_46
[ 39%] Built target translations_41
[ 39%] Generating ECMPoQm/ka/kcompletion5_qt.qm
[ 40%] Generating ECMPoQm/kk/kcompletion5_qt.qm
[ 41%] Generating ECMPoQm/km/kcompletion5_qt.qm
[ 42%] Generating ECMPoQm/kn/kcompletion5_qt.qm
[ 42%] Built target translations_47
[ 42%] Built target translations_42
[ 43%] Generating ECMPoQm/ko/kcompletion5_qt.qm
[ 44%] Generating ECMPoQm/ku/kcompletion5_qt.qm
[ 44%] Built target translations_44
[ 44%] Built target translations_51
[ 44%] Built target translations_43
[ 45%] Generating ECMPoQm/lt/kcompletion5_qt.qm
[ 45%] Generating ECMPoQm/lb/kcompletion5_qt.qm
[ 46%] Generating ECMPoQm/lv/kcompletion5_qt.qm
[ 46%] Built target translations_45
[ 46%] Built target translations_54
[ 47%] Generating ECMPoQm/mai/kcompletion5_qt.qm
[ 47%] Built target translations_48
[ 47%] Built target translations_49
[ 48%] Generating ECMPoQm/mk/kcompletion5_qt.qm
[ 48%] Built target translations_50
[ 49%] Generating ECMPoQm/ml/kcompletion5_qt.qm
[ 50%] Generating ECMPoQm/mr/kcompletion5_qt.qm
Removed plural forms as the target language has less forms.
If this sounds wrong, possibly the target language is not set or recognized.
[ 50%] Built target translations_52
[ 51%] Generating ECMPoQm/ms/kcompletion5_qt.qm
[ 51%] Built target translations_55
[ 52%] Generating ECMPoQm/nds/kcompletion5_qt.qm
[ 53%] Generating ECMPoQm/nb/kcompletion5_qt.qm
[ 53%] Built target translations_56
[ 53%] Built target translations_53
[ 53%] Built target translations_57
Removed plural forms as the target language has less forms.
If this sounds wrong, possibly the target language is not set or recognized.
[ 53%] Built target translations_61
[ 54%] Generating ECMPoQm/ne/kcompletion5_qt.qm
[ 55%] Generating ECMPoQm/nl/kcompletion5_qt.qm
[ 56%] Generating ECMPoQm/nn/kcompletion5_qt.qm
[ 56%] Built target translations_58
[ 56%] Built target translations_59
[ 56%] Built target translations_65
[ 56%] Generating ECMPoQm/oc/kcompletion5_qt.qm
[ 57%] Generating ECMPoQm/or/kcompletion5_qt.qm
[ 58%] Generating ECMPoQm/pa/kcompletion5_qt.qm
[ 58%] Built target translations_60
Removed plural forms as the target language has less forms.
If this sounds wrong, possibly the target language is not set or recognized.
[ 59%] Generating ECMPoQm/pl/kcompletion5_qt.qm
[ 60%] Generating ECMPoQm/ps/kcompletion5_qt.qm
[ 60%] Built target translations_66
[ 60%] Built target translations_64
[ 60%] Built target translations_62
[ 60%] Built target translations_63
[ 61%] Generating ECMPoQm/pt/kcompletion5_qt.qm
[ 61%] Built target translations_67
[ 61%] Generating ECMPoQm/ro/kcompletion5_qt.qm
[ 62%] Generating ECMPoQm/pt_BR/kcompletion5_qt.qm
[ 63%] Generating ECMPoQm/ru/kcompletion5_qt.qm
[ 63%] Built target translations_71
[ 63%] Built target translations_68
[ 64%] Generating ECMPoQm/se/kcompletion5_qt.qm
[ 64%] Built target translations_72
[ 64%] Built target translations_69
[ 65%] Generating ECMPoQm/si/kcompletion5_qt.qm
[ 66%] Generating ECMPoQm/sk/kcompletion5_qt.qm
[ 67%] Generating ECMPoQm/sl/kcompletion5_qt.qm
[ 67%] Built target translations_75
[ 68%] Generating ECMPoQm/sq/kcompletion5_qt.qm
[ 68%] Built target translations_70
Removed plural forms as the target language has less forms.
If this sounds wrong, possibly the target language is not set or recognized.
[ 69%] Generating ECMPoQm/sr/kcompletion5_qt.qm
[ 70%] Generating ECMPoQm/sr@ijekavian/kcompletion5_qt.qm
[ 70%] Built target translations_80
[ 70%] Built target translations_81
[ 70%] Built target translations_74
[ 71%] Generating ECMPoQm/sr@ijekavianlatin/kcompletion5_qt.qm
[ 71%] Built target translations_73
[ 72%] Generating ECMPoQm/sr@latin/kcompletion5_qt.qm
[ 73%] Generating ECMPoQm/sv/kcompletion5_qt.qm
[ 73%] Built target translations_82
[ 74%] Generating ECMPoQm/ta/kcompletion5_qt.qm
[ 74%] Built target translations_79
[ 74%] Built target translations_83
[ 74%] Built target translations_77
[ 74%] Built target translations_78
[ 74%] Built target translations_84
[ 74%] Built target translations_76
[ 74%] Generating ECMPoQm/te/kcompletion5_qt.qm
[ 75%] Generating ECMPoQm/tg/kcompletion5_qt.qm
[ 76%] Generating ECMPoQm/tr/kcompletion5_qt.qm
[ 77%] Generating ECMPoQm/th/kcompletion5_qt.qm
[ 78%] Generating ECMPoQm/ug/kcompletion5_qt.qm
[ 79%] Generating ECMPoQm/tt/kcompletion5_qt.qm
[ 79%] Generating ECMPoQm/uk/kcompletion5_qt.qm
[ 79%] Built target translations_89
[ 79%] Built target translations_92
Removed plural forms as the target language has less forms.
If this sounds wrong, possibly the target language is not set or recognized.
[ 80%] Generating ECMPoQm/uz/kcompletion5_qt.qm
Removed plural forms as the target language has less forms.
If this sounds wrong, possibly the target language is not set or recognized.
[ 81%] Generating ECMPoQm/uz@cyrillic/kcompletion5_qt.qm
[ 81%] Built target translations_85
[ 81%] Built target translations_86
[ 82%] Generating ECMPoQm/vi/kcompletion5_qt.qm
[ 82%] Built target translations_90
[ 82%] Built target translations_88
[ 82%] Built target translations_87
[ 82%] Built target translations_91
[ 82%] Built target translations_95
[ 83%] Generating ECMPoQm/wa/kcompletion5_qt.qm
[ 84%] Generating ECMPoQm/xh/kcompletion5_qt.qm
[ 85%] Generating ECMPoQm/zh_HK/kcompletion5_qt.qm
[ 86%] Generating ECMPoQm/zh_CN/kcompletion5_qt.qm
[ 87%] Generating ECMPoQm/zh_TW/kcompletion5_qt.qm
[ 88%] Automatic MOC for target KF5Completion
[ 88%] Built target translations_98
[ 88%] Built target translations_100
[ 88%] Built target translations_94
[ 88%] Built target translations_93
[ 88%] Built target translations_96
[ 88%] Built target translations_97
[ 88%] Built target translations_99
[ 88%] Built target KF5Completion_autogen
[ 91%] Building CXX object src/CMakeFiles/KF5Completion.dir/kcompletionbase.cpp.o
[ 91%] Building CXX object src/CMakeFiles/KF5Completion.dir/KF5Completion_autogen/mocs_compilation.cpp.o
[ 91%] Building CXX object src/CMakeFiles/KF5Completion.dir/ECMQmLoader-kcompletion5_qt.cpp.o
[ 91%] Building CXX object src/CMakeFiles/KF5Completion.dir/kcombobox.cpp.o
[ 92%] Building CXX object src/CMakeFiles/KF5Completion.dir/kcompletionbox.cpp.o
[ 93%] Building CXX object src/CMakeFiles/KF5Completion.dir/kcompletion.cpp.o
[ 94%] Building CXX object src/CMakeFiles/KF5Completion.dir/kcompletionmatches.cpp.o
[ 94%] Building CXX object src/CMakeFiles/KF5Completion.dir/khistorycombobox.cpp.o
[ 95%] Building CXX object src/CMakeFiles/KF5Completion.dir/klineedit.cpp.o
[ 96%] Building CXX object src/CMakeFiles/KF5Completion.dir/kpixmapprovider.cpp.o
[ 97%] Building CXX object src/CMakeFiles/KF5Completion.dir/kzoneallocator.cpp.o
[ 98%] Building CXX object src/CMakeFiles/KF5Completion.dir/kcompletion_debug.cpp.o
[100%] Linking CXX shared library ../bin/libKF5Completion.so
[100%] Built target KF5Completion
