# kdesrc-build running: 'make' '-j' '8'
# from directory: /home/szybet/kdesrc/build/frameworks/kwindowsystem
-- 

Installing in /mnt/HDD/Project/Public/okulartry/okular-things. Run /home/szybet/kdesrc/build/frameworks/kwindowsystem/prefix.sh to set the environment for KWindowSystem.
-- Could NOT find X11 (missing: X11_X11_INCLUDE_PATH X11_X11_LIB) 
-- The following REQUIRED packages have been found:

 * ECM (required version >= 5.106.0), Extra CMake Modules., <https://commits.kde.org/extra-cmake-modules>
 * Qt5Gui (required version >= 5.15.2)
 * Qt5Widgets (required version >= 5.15.2)
 * Qt5LinguistTools

-- The following features have been disabled:

 * QCH, API documentation in QCH format (for e.g. Qt Assistant, Qt Creator & KDevelop)

-- The following OPTIONAL packages have not been found:

 * X11

-- Configuring done (0.2s)
-- Generating done (0.0s)
-- Build files have been written to: /home/szybet/kdesrc/build/frameworks/kwindowsystem
[  0%] Built target translations_4
[  2%] Built target translations_1
[  3%] Built target translations_5
[  4%] Built target translations_2
[  4%] Built target translations_3
[  4%] Built target translations_7
[  5%] Built target translations_8
[  6%] Built target translations_6
[  6%] Built target translations_10
[  7%] Built target translations_9
[  9%] Built target translations_12
[  9%] Built target translations_11
[ 10%] Built target translations_13
[ 11%] Built target translations_14
[ 12%] Built target translations_15
[ 12%] Built target translations_16
[ 13%] Built target translations_18
[ 14%] Built target translations_17
[ 15%] Built target translations_19
[ 15%] Built target translations_21
[ 16%] Built target translations_20
[ 17%] Built target translations_22
[ 18%] Built target translations_23
[ 19%] Built target translations_24
[ 22%] Built target translations_25
[ 22%] Built target translations_28
[ 22%] Built target translations_27
[ 22%] Built target translations_26
[ 23%] Built target translations_30
[ 24%] Built target translations_29
[ 25%] Built target translations_32
[ 26%] Built target translations_31
[ 28%] Built target translations_34
[ 28%] Built target translations_36
[ 28%] Built target translations_33
[ 29%] Built target translations_37
[ 30%] Built target translations_38
[ 32%] Built target translations_39
[ 32%] Built target translations_35
[ 33%] Built target translations_40
[ 34%] Built target translations_41
[ 35%] Built target translations_42
[ 37%] Built target translations_44
[ 37%] Built target translations_46
[ 37%] Built target translations_43
[ 38%] Built target translations_45
[ 39%] Built target translations_47
[ 40%] Built target translations_48
[ 41%] Built target translations_49
[ 42%] Built target translations_51
[ 42%] Built target translations_50
[ 44%] Built target translations_52
[ 44%] Built target translations_53
[ 45%] Built target translations_54
[ 46%] Built target translations_55
[ 47%] Built target translations_56
[ 48%] Built target translations_57
[ 48%] Built target translations_58
[ 50%] Built target translations_59
[ 51%] Built target translations_60
[ 52%] Built target translations_61
[ 53%] Built target translations_62
[ 53%] Built target translations_63
[ 54%] Built target translations_64
[ 55%] Built target translations_65
[ 56%] Built target translations_66
[ 57%] Built target translations_67
[ 58%] Built target translations_68
[ 59%] Built target translations_69
[ 60%] Built target translations_70
[ 61%] Built target translations_72
[ 62%] Built target translations_71
[ 63%] Built target translations_74
[ 64%] Built target translations_73
[ 64%] Built target translations_75
[ 65%] Built target translations_76
[ 66%] Built target translations_77
[ 67%] Built target translations_78
[ 68%] Built target translations_79
[ 69%] Built target translations_80
[ 69%] Built target translations_81
[ 70%] Built target translations_82
[ 72%] Built target translations_83
[ 72%] Built target translations_84
[ 73%] Built target translations_85
[ 74%] Built target translations_86
[ 75%] Built target translations_89
[ 76%] Built target translations_88
[ 76%] Built target translations_87
[ 77%] Built target translations_90
[ 78%] Built target translations_91
[ 79%] Built target translations_92
[ 80%] Built target translations_94
[ 80%] Built target translations_93
[ 81%] Built target translations_95
[ 82%] Built target translations_96
[ 83%] Built target translations_98
[ 84%] Built target translations_97
[ 85%] Built target translations_99
[ 86%] Automatic MOC for target KF5WindowSystem
[ 87%] Built target translations_100
[ 87%] Built target KF5WindowSystem_autogen
[100%] Built target KF5WindowSystem
