# kdesrc-build running: 'make' '-j' '8'
# from directory: /home/szybet/kdesrc/build/frameworks/kconfig
[  0%] Built target translations_1
[  2%] Built target translations_2
[  2%] Built target translations_3
[  3%] Built target translations_4
[  4%] Built target translations_5
[  6%] Built target translations_7
[  6%] Built target translations_6
[  7%] Built target translations_8
[  8%] Built target translations_9
[  9%] Built target translations_12
[  9%] Built target translations_11
[ 10%] Built target translations_10
[ 10%] Built target translations_13
[ 11%] Built target translations_14
[ 11%] Built target translations_15
[ 12%] Built target translations_16
[ 12%] Built target translations_17
[ 13%] Built target translations_19
[ 13%] Built target translations_18
[ 13%] Built target translations_20
[ 14%] Built target translations_22
[ 14%] Built target translations_21
[ 14%] Built target translations_23
[ 15%] Built target translations_24
[ 15%] Built target translations_25
[ 16%] Built target translations_26
[ 16%] Built target translations_27
[ 17%] Built target translations_28
[ 17%] Built target translations_29
[ 17%] Built target translations_30
[ 18%] Built target translations_32
[ 18%] Built target translations_31
[ 18%] Built target translations_33
[ 19%] Built target translations_34
[ 19%] Built target translations_35
[ 20%] Built target translations_36
[ 20%] Built target translations_37
[ 21%] Built target translations_38
[ 21%] Built target translations_39
[ 21%] Built target translations_40
[ 21%] Built target translations_41
[ 22%] Built target translations_42
[ 22%] Built target translations_43
[ 23%] Built target translations_44
[ 23%] Built target translations_45
[ 24%] Built target translations_46
[ 24%] Built target translations_47
[ 25%] Built target translations_48
[ 25%] Built target translations_50
[ 25%] Built target translations_51
[ 25%] Built target translations_49
[ 27%] Built target translations_52
[ 27%] Built target translations_54
[ 27%] Built target translations_53
[ 27%] Built target translations_55
[ 28%] Built target translations_56
[ 28%] Built target translations_57
[ 29%] Built target translations_58
[ 29%] Built target translations_59
[ 29%] Built target translations_62
[ 30%] Built target translations_61
[ 30%] Built target translations_63
[ 30%] Built target translations_60
[ 31%] Built target translations_64
[ 31%] Built target translations_65
[ 32%] Built target translations_66
[ 33%] Built target translations_69
[ 33%] Built target translations_68
[ 33%] Built target translations_67
[ 33%] Built target translations_70
[ 34%] Built target translations_71
[ 34%] Built target translations_72
[ 34%] Built target translations_73
[ 35%] Built target translations_75
[ 35%] Built target translations_74
[ 36%] Built target translations_76
[ 36%] Built target translations_79
[ 36%] Built target translations_77
[ 37%] Built target translations_78
[ 37%] Built target translations_80
[ 38%] Built target translations_81
[ 38%] Built target translations_82
[ 38%] Built target translations_83
[ 39%] Built target translations_84
[ 40%] Built target translations_86
[ 40%] Built target translations_85
[ 40%] Built target translations_87
[ 41%] Built target translations_88
[ 41%] Built target translations_89
[ 41%] Built target translations_90
[ 42%] Built target translations_91
[ 43%] Built target translations_93
[ 44%] Automatic MOC for target KF5ConfigCore
[ 44%] Built target translations_92
[ 44%] Automatic MOC for target kconfig_compiler
[ 44%] Automatic MOC for target kentrymaptest
[ 44%] Built target kconfig_compiler_autogen
[ 44%] Built target kentrymaptest_autogen
[ 44%] Built target KF5ConfigCore_autogen
[ 48%] Built target kconfig_compiler
[ 50%] Built target kentrymaptest
[ 56%] Built target KF5ConfigCore
[ 57%] Automatic MOC for target KF5ConfigQml
[ 57%] Automatic MOC for target test_kconfigutils
[ 58%] Automatic MOC for target kwriteconfig5
[ 58%] Automatic MOC for target kconfigcore-fallbackconfigresourcestest
[ 59%] Automatic MOC for target KF5ConfigGui
[ 60%] Automatic MOC for target kconfigcore-ksharedconfigtest
[ 60%] Automatic MOC for target kconf_update
[ 61%] Automatic MOC for target kreadconfig5
[ 61%] Built target kconf_update_autogen
[ 61%] Built target kwriteconfig5_autogen
[ 61%] Built target KF5ConfigGui_autogen
[ 61%] Built target test_kconfigutils_autogen
[ 61%] Built target KF5ConfigQml_autogen
[ 61%] Built target kconfigcore-fallbackconfigresourcestest_autogen
[ 61%] Built target kreadconfig5_autogen
[ 61%] Built target kconfigcore-ksharedconfigtest_autogen
[ 62%] Automatic MOC for target kconfignokdehometest
[ 62%] Automatic MOC for target kconfigtest
[ 63%] Automatic MOC for target kdesktopfiletest
[ 64%] Automatic MOC for target ksharedconfig_in_global_object
[ 65%] Automatic MOC for target test_kconf_update
[ 65%] Automatic MOC for target kstandardshortcutwatchertest
[ 66%] Built target KF5ConfigQml
[ 66%] Built target kconfigtest_autogen
[ 66%] Built target kconfignokdehometest_autogen
[ 66%] Built target kdesktopfiletest_autogen
[ 71%] Built target KF5ConfigGui
[ 71%] Built target ksharedconfig_in_global_object_autogen
[ 71%] Built target test_kconf_update_autogen
[ 71%] Built target kstandardshortcutwatchertest_autogen
[ 74%] Built target kconf_update
[ 75%] Built target kreadconfig5
[ 76%] Built target kwriteconfig5
[ 80%] Built target kconfigcore-ksharedconfigtest
[ 81%] Built target kconfigcore-fallbackconfigresourcestest
[ 83%] Built target kconfignokdehometest
[ 85%] Built target test_kconfigutils
[ 86%] Built target kconfigtest
[ 87%] Built target kdesktopfiletest
[ 88%] Automatic MOC for target kconfigguitest
[ 89%] Built target test_kconf_update
[ 90%] Built target ksharedconfig_in_global_object
[ 90%] Automatic MOC for target kconfigskeletontest
[ 90%] Automatic MOC for target kconfigloadertest
[ 91%] Automatic MOC for target kstandardshortcuttest
[ 93%] Built target kstandardshortcutwatchertest
[ 93%] Built target kconfigguitest_autogen
[ 93%] Built target kconfigloadertest_autogen
[ 93%] Automatic MOC for target kwindowstatesavertest
[ 93%] Built target kconfigskeletontest_autogen
[ 93%] Built target kstandardshortcuttest_autogen
[ 93%] Built target kwindowstatesavertest_autogen
[ 94%] Built target kconfigguitest
[ 95%] Built target kconfigloadertest
[ 97%] Built target kconfigskeletontest
[ 98%] Built target kstandardshortcuttest
[100%] Built target kwindowstatesavertest
