This file contains any messages produced by compilers while
running configure, to aid debugging if configure makes a mistake.

It was created by configure, which was
generated by GNU Autoconf 2.69.  Invocation command line was

  $ /mnt/HDD/Project/Public/okulartry/binutils-gdb/libiberty/configure --srcdir=.././libiberty --cache-file=./config.cache --with-gnu-as --with-gnu-ld --prefix=/home/build/inkbox/compiled-binaries/arm-kobo-linux-gnueabihf/arm-kobo-linux-gnueabihf/sysroot/ --with-build-sysroot=/home/build/inkbox/compiled-binaries/arm-kobo-linux-gnueabihf/arm-kobo-linux-gnueabihf/sysroot/ --program-transform-name=s,y,y, --disable-option-checking --disable-year2038 --build=x86_64-pc-linux-gnu --host=arm-linux-gnueabihf --target=arm-linux-gnueabihf --enable-shared

## --------- ##
## Platform. ##
## --------- ##

hostname = hyperbookszyb
uname -m = x86_64
uname -r = 6.1.28-1-lts
uname -s = Linux
uname -v = #1 SMP PREEMPT_DYNAMIC Thu, 11 May 2023 15:52:41 +0000

/usr/bin/uname -p = unknown
/bin/uname -X     = unknown

/bin/arch              = unknown
/usr/bin/arch -k       = unknown
/usr/convex/getsysinfo = unknown
/usr/bin/hostinfo      = unknown
/bin/machine           = unknown
/usr/bin/oslevel       = unknown
/bin/universe          = unknown

PATH: /home/szybet/kde/src/kdesrc-build
PATH: /home/szybet/.cargo/bin
PATH: /sbin
PATH: /bin
PATH: /usr/local/sbin
PATH: /usr/local/bin
PATH: /usr/bin
PATH: /usr/sbin
PATH: /home/szybet/.dotnet/tools
PATH: /usr/lib/jvm/default/bin
PATH: /usr/bin/site_perl
PATH: /usr/bin/vendor_perl
PATH: /usr/bin/core_perl
PATH: /usr/lib/rustup/bin
PATH: /home/build/inkbox/compiled-binaries/arm-kobo-linux-gnueabihf/bin/
PATH: /home/build/inkbox/compiled-binaries/qt-bin/qt-linux-5.15.2-kobo/bin/


## ----------- ##
## Core tests. ##
## ----------- ##

configure:2378: loading cache ./config.cache
configure:2544: checking whether to enable maintainer-specific portions of Makefiles
configure:2554: result: no
configure:2574: checking for makeinfo
configure:2601: result: makeinfo --split-size=5000000
configure:2641: checking for perl
configure:2668: result: perl
configure:2687: checking build system type
configure:2701: result: x86_64-pc-linux-gnu
configure:2721: checking host system type
configure:2734: result: arm-unknown-linux-gnueabihf
configure:2759: checking for arm-linux-gnueabihf-ar
configure:2786: result: arm-kobo-linux-gnueabihf-ar --plugin /mnt/HDD/Project/inkbox-build/inkbox/compiled-binaries/arm-kobo-linux-gnueabihf/bin/../libexec/gcc/arm-kobo-linux-gnueabihf/11.2.0/liblto_plugin.so
configure:2851: checking for arm-linux-gnueabihf-ranlib
configure:2878: result: arm-kobo-linux-gnueabihf-ranlib --plugin /mnt/HDD/Project/inkbox-build/inkbox/compiled-binaries/arm-kobo-linux-gnueabihf/bin/../libexec/gcc/arm-kobo-linux-gnueabihf/11.2.0/liblto_plugin.so
configure:2941: checking for -plugin option
configure:2959: checking for arm-linux-gnueabihf-ar
configure:2986: result: arm-kobo-linux-gnueabihf-ar --plugin /mnt/HDD/Project/inkbox-build/inkbox/compiled-binaries/arm-kobo-linux-gnueabihf/bin/../libexec/gcc/arm-kobo-linux-gnueabihf/11.2.0/liblto_plugin.so
configure:3061: result: --plugin /mnt/HDD/Project/inkbox-build/inkbox/compiled-binaries/arm-kobo-linux-gnueabihf/bin/../libexec/gcc/arm-kobo-linux-gnueabihf/11.2.0/liblto_plugin.so
configure:3101: checking whether to install libiberty headers and static library
configure:3124: result: no
configure:3126: target_header_dir = 
configure:3138: checking for arm-linux-gnueabihf-gcc
configure:3165: result: arm-kobo-linux-gnueabihf-gcc
configure:3434: checking for C compiler version
configure:3443: arm-kobo-linux-gnueabihf-gcc --version >&5
arm-kobo-linux-gnueabihf-gcc (crosstool-NG 1.24.0.519_3e2d99d - NiLuJe) 11.2.0
Copyright (C) 2021 Free Software Foundation, Inc.
This is free software; see the source for copying conditions.  There is NO
warranty; not even for MERCHANTABILITY or FITNESS FOR A PARTICULAR PURPOSE.

configure:3454: $? = 0
configure:3443: arm-kobo-linux-gnueabihf-gcc -v >&5
Using built-in specs.
COLLECT_GCC=arm-kobo-linux-gnueabihf-gcc
COLLECT_LTO_WRAPPER=/mnt/HDD/Project/inkbox-build/inkbox/compiled-binaries/arm-kobo-linux-gnueabihf/bin/../libexec/gcc/arm-kobo-linux-gnueabihf/11.2.0/lto-wrapper
Target: arm-kobo-linux-gnueabihf
Configured with: /home/nicolas/Development/kox/koxtoolchain/build/kobo/.build/arm-kobo-linux-gnueabihf/src/gcc/configure --build=x86_64-build_pc-linux-gnu --host=x86_64-build_pc-linux-gnu --target=arm-kobo-linux-gnueabihf --prefix=/home/nicolas/x-tools/arm-kobo-linux-gnueabihf --exec_prefix=/home/nicolas/x-tools/arm-kobo-linux-gnueabihf --with-sysroot=/home/nicolas/x-tools/arm-kobo-linux-gnueabihf/arm-kobo-linux-gnueabihf/sysroot --enable-languages=c,c++ --with-cpu=cortex-a8 --with-fpu=neon --with-float=hard --with-pkgversion='crosstool-NG 1.24.0.519_3e2d99d - NiLuJe' --enable-__cxa_atexit --disable-libmudflap --disable-libgomp --disable-libssp --disable-libquadmath --disable-libquadmath-support --disable-libsanitizer --disable-libmpx --with-gmp=/home/nicolas/Development/kox/koxtoolchain/build/kobo/.build/arm-kobo-linux-gnueabihf/buildtools --with-mpfr=/home/nicolas/Development/kox/koxtoolchain/build/kobo/.build/arm-kobo-linux-gnueabihf/buildtools --with-mpc=/home/nicolas/Development/kox/koxtoolchain/build/kobo/.build/arm-kobo-linux-gnueabihf/buildtools --with-isl=no --with-cloog=no --enable-lto --enable-threads=posix --with-linker-hash-style=gnu --enable-plugin --enable-gold --disable-nls --disable-multilib --with-diagnostics-color=always --with-local-prefix=/home/nicolas/x-tools/arm-kobo-linux-gnueabihf/arm-kobo-linux-gnueabihf/sysroot --enable-long-long --with-mode=thumb
Thread model: posix
Supported LTO compression algorithms: zlib zstd
gcc version 11.2.0 (crosstool-NG 1.24.0.519_3e2d99d - NiLuJe) 
configure:3454: $? = 0
configure:3443: arm-kobo-linux-gnueabihf-gcc -V >&5
[01m[Karm-kobo-linux-gnueabihf-gcc:[m[K [01;31m[Kerror: [m[Kunrecognized command-line option '[01m[K-V[m[K'
[01m[Karm-kobo-linux-gnueabihf-gcc:[m[K [01;31m[Kfatal error: [m[Kno input files
compilation terminated.
configure:3454: $? = 1
configure:3443: arm-kobo-linux-gnueabihf-gcc -qversion >&5
[01m[Karm-kobo-linux-gnueabihf-gcc:[m[K [01;31m[Kerror: [m[Kunrecognized command-line option '[01m[K-qversion[m[K'; did you mean '[01m[K--version[m[K'?
[01m[Karm-kobo-linux-gnueabihf-gcc:[m[K [01;31m[Kfatal error: [m[Kno input files
compilation terminated.
configure:3454: $? = 1
configure:3470: arm-kobo-linux-gnueabihf-gcc -o conftest -g -O2        conftest.c  >&5
configure:3473: $? = 0
configure:3502: checking whether the C compiler works
configure:3524: arm-kobo-linux-gnueabihf-gcc -g -O2        conftest.c  >&5
configure:3528: $? = 0
configure:3576: result: yes
configure:3579: checking for C compiler default output file name
configure:3581: result: a.out
configure:3587: checking for suffix of executables
configure:3594: arm-kobo-linux-gnueabihf-gcc -o conftest -g -O2        conftest.c  >&5
configure:3598: $? = 0
configure:3620: result: 
configure:3642: checking whether we are cross compiling
configure:3680: result: yes
configure:3686: checking for suffix of object files
configure:3733: result: o
configure:3737: checking whether we are using the GNU C compiler
configure:3765: result: yes
configure:3774: checking whether arm-kobo-linux-gnueabihf-gcc accepts -g
configure:3835: result: yes
configure:3852: checking for arm-kobo-linux-gnueabihf-gcc option to accept ISO C89
configure:3928: result: none needed
configure:3954: checking how to run the C preprocessor
configure:4024: result: arm-kobo-linux-gnueabihf-gcc -E
configure:4044: arm-kobo-linux-gnueabihf-gcc -E  conftest.c
configure:4044: $? = 0
configure:4058: arm-kobo-linux-gnueabihf-gcc -E  conftest.c
[01m[Kconftest.c:9:10:[m[K [01;31m[Kfatal error: [m[Kac_nonexistent.h: No such file or directory
    9 | #include [01;31m[K<ac_nonexistent.h>[m[K
      |          [01;31m[K^~~~~~~~~~~~~~~~~~[m[K
compilation terminated.
configure:4058: $? = 1
configure: failed program was:
| /* confdefs.h */
| #define PACKAGE_NAME ""
| #define PACKAGE_TARNAME ""
| #define PACKAGE_VERSION ""
| #define PACKAGE_STRING ""
| #define PACKAGE_BUGREPORT ""
| #define PACKAGE_URL ""
| /* end confdefs.h.  */
| #include <ac_nonexistent.h>
configure:4087: checking for grep that handles long lines and -e
configure:4145: result: /sbin/grep
configure:4150: checking for egrep
configure:4212: result: /sbin/grep -E
configure:4217: checking for ANSI C header files
configure:4321: result: yes
configure:4334: checking for sys/types.h
configure:4334: result: yes
configure:4334: checking for sys/stat.h
configure:4334: result: yes
configure:4334: checking for stdlib.h
configure:4334: result: yes
configure:4334: checking for string.h
configure:4334: result: yes
configure:4334: checking for memory.h
configure:4334: result: yes
configure:4334: checking for strings.h
configure:4334: result: yes
configure:4334: checking for inttypes.h
configure:4334: result: yes
configure:4334: checking for stdint.h
configure:4334: result: yes
configure:4334: checking for unistd.h
configure:4334: result: yes
configure:4347: checking for minix/config.h
configure:4347: result: no
configure:4368: checking whether it is safe to define __EXTENSIONS__
configure:4393: result: yes
configure:4415: checking for special C compiler options needed for large files
configure:4460: result: no
configure:4466: checking for _FILE_OFFSET_BITS value needed for large files
configure:4523: result: 64
configure:4630: checking whether arm-kobo-linux-gnueabihf-gcc supports -W
configure:4656: result: yes
configure:4630: checking whether arm-kobo-linux-gnueabihf-gcc supports -Wall
configure:4656: result: yes
configure:4630: checking whether arm-kobo-linux-gnueabihf-gcc supports -Wwrite-strings
configure:4656: result: yes
configure:4630: checking whether arm-kobo-linux-gnueabihf-gcc supports -Wc++-compat
configure:4656: result: yes
configure:4630: checking whether arm-kobo-linux-gnueabihf-gcc supports -Wstrict-prototypes
configure:4656: result: yes
configure:4630: checking whether arm-kobo-linux-gnueabihf-gcc supports -Wshadow=local
configure:4656: result: yes
configure:4679: checking whether arm-kobo-linux-gnueabihf-gcc supports -pedantic 
configure:4705: result: yes
configure:4721: checking whether arm-kobo-linux-gnueabihf-gcc and cc understand -c and -o together
configure:4821: result: yes
configure:4840: checking for an ANSI C-conforming const
configure:4913: result: yes
configure:4921: checking for inline
configure:4945: result: inline
configure:4963: checking whether byte ordering is bigendian
configure:5169: result: no
configure:5208: checking for a BSD-compatible install
configure:5276: result: /bin/install -c
configure:5426: checking for CET support
configure:5623: result: no
configure:5658: checking for sys/file.h
configure:5658: result: yes
configure:5658: checking for sys/param.h
configure:5658: result: yes
configure:5658: checking for limits.h
configure:5658: result: yes
configure:5658: checking for stdlib.h
configure:5658: result: yes
configure:5658: checking for malloc.h
configure:5658: result: yes
configure:5658: checking for string.h
configure:5658: result: yes
configure:5658: checking for unistd.h
configure:5658: result: yes
configure:5658: checking for strings.h
configure:5658: result: yes
configure:5658: checking for sys/time.h
configure:5658: result: yes
configure:5658: checking for time.h
configure:5658: result: yes
configure:5658: checking for sys/resource.h
configure:5658: result: yes
configure:5658: checking for sys/stat.h
configure:5658: result: yes
configure:5658: checking for sys/mman.h
configure:5658: result: yes
configure:5658: checking for fcntl.h
configure:5658: result: yes
configure:5658: checking for alloca.h
configure:5658: result: yes
configure:5658: checking for sys/pstat.h
configure:5658: result: no
configure:5658: checking for sys/sysmp.h
configure:5658: result: no
configure:5658: checking for sys/sysinfo.h
configure:5658: result: yes
configure:5658: checking for machine/hal_sysinfo.h
configure:5658: result: no
configure:5658: checking for sys/table.h
configure:5658: result: no
configure:5658: checking for sys/sysctl.h
configure:5658: result: yes
configure:5658: checking for sys/systemcfg.h
configure:5658: result: no
configure:5658: checking for stdint.h
configure:5658: result: yes
configure:5658: checking for stdio_ext.h
configure:5658: result: yes
configure:5658: checking for process.h
configure:5658: result: no
configure:5658: checking for sys/prctl.h
configure:5658: result: yes
configure:5667: checking for sys/wait.h that is POSIX.1 compatible
configure:5700: result: yes
configure:5708: checking whether time.h and sys/time.h may both be included
configure:5735: result: yes
configure:5744: checking whether errno must be declared
configure:5767: result: no
configure:5781: checking size of int
configure:5800: result: 4
configure:5814: checking size of long
configure:5833: result: 4
configure:5847: checking size of size_t
configure:5866: result: 4
configure:5878: checking for long long
configure:5878: result: yes
configure:5886: checking size of long long
configure:5905: result: 8
configure:5919: checking for a 64-bit type
configure:5987: result: uint64_t
configure:5998: checking for intptr_t
configure:5998: result: yes
configure:6034: checking for uintptr_t
configure:6034: result: yes
configure:6070: checking for ssize_t
configure:6070: result: yes
configure:6089: checking for pid_t
configure:6089: result: yes
configure:6794: checking for library containing strerror
configure:6845: result: none required
configure:6856: checking for asprintf
configure:6856: result: yes
configure:6856: checking for atexit
configure:6856: result: yes
configure:6856: checking for basename
configure:6856: result: yes
configure:6856: checking for bcmp
configure:6856: result: yes
configure:6856: checking for bcopy
configure:6856: result: yes
configure:6856: checking for bsearch
configure:6856: result: yes
configure:6856: checking for bzero
configure:6856: result: yes
configure:6856: checking for calloc
configure:6856: result: yes
configure:6856: checking for clock
configure:6856: result: yes
configure:6856: checking for ffs
configure:6856: result: yes
configure:6856: checking for getcwd
configure:6856: result: yes
configure:6856: checking for getpagesize
configure:6856: result: yes
configure:6856: checking for gettimeofday
configure:6856: result: yes
configure:6856: checking for index
configure:6856: result: yes
configure:6856: checking for insque
configure:6856: result: yes
configure:6856: checking for memchr
configure:6856: result: yes
configure:6856: checking for memcmp
configure:6856: result: yes
configure:6856: checking for memcpy
configure:6856: result: yes
configure:6856: checking for memmem
configure:6856: result: yes
configure:6856: checking for memmove
configure:6856: result: yes
configure:6856: checking for mempcpy
configure:6856: result: yes
configure:6856: checking for memset
configure:6856: result: yes
configure:6856: checking for mkstemps
configure:6856: result: yes
configure:6856: checking for putenv
configure:6856: result: yes
configure:6856: checking for random
configure:6856: result: yes
configure:6856: checking for rename
configure:6856: result: yes
configure:6856: checking for rindex
configure:6856: result: yes
configure:6856: checking for setenv
configure:6856: result: yes
configure:6856: checking for snprintf
configure:6856: result: yes
configure:6856: checking for sigsetmask
configure:6856: result: yes
configure:6856: checking for stpcpy
configure:6856: result: yes
configure:6856: checking for stpncpy
configure:6856: result: yes
configure:6856: checking for strcasecmp
configure:6856: result: yes
configure:6856: checking for strchr
configure:6856: result: yes
configure:6856: checking for strdup
configure:6856: result: yes
configure:6856: checking for strncasecmp
configure:6856: result: yes
configure:6856: checking for strndup
configure:6856: result: yes
configure:6856: checking for strnlen
configure:6856: result: yes
configure:6856: checking for strrchr
configure:6856: result: yes
configure:6856: checking for strstr
configure:6856: result: yes
configure:6856: checking for strtod
configure:6856: result: yes
configure:6856: checking for strtol
configure:6856: result: yes
configure:6856: checking for strtoul
configure:6856: result: yes
configure:6856: checking for strtoll
configure:6856: result: yes
configure:6856: checking for strtoull
configure:6856: result: yes
configure:6856: checking for strverscmp
configure:6856: result: yes
configure:6856: checking for tmpnam
configure:6856: result: yes
configure:6856: checking for vasprintf
configure:6856: result: yes
configure:6856: checking for vfprintf
configure:6856: result: yes
configure:6856: checking for vprintf
configure:6856: result: yes
configure:6856: checking for vsnprintf
configure:6856: result: yes
configure:6856: checking for vsprintf
configure:6856: result: yes
configure:6856: checking for waitpid
configure:6856: result: yes
configure:6856: checking for setproctitle
configure:6856: result: no
configure:6872: checking whether alloca needs Cray hooks
configure:6895: result: no
configure:6912: checking stack direction for C alloca
configure:6954: result: 0
configure:6964: checking for vfork.h
configure:6964: result: no
configure:6976: checking for fork
configure:6976: result: yes
configure:6976: checking for vfork
configure:6976: result: yes
configure:6986: checking for working fork
configure:7018: result: yes
configure:7039: checking for working vfork
configure:7149: result: yes
configure:7203: checking for _doprnt
configure:7203: result: no
configure:7215: checking for sys_errlist
configure:7244: result: yes
configure:7215: checking for sys_nerr
configure:7244: result: yes
configure:7215: checking for sys_siglist
configure:7244: result: yes
configure:7259: checking for external symbol _system_configuration
configure:7272: arm-kobo-linux-gnueabihf-gcc -c -g -O2      conftest.c >&5
[01m[Kconftest.c:117:10:[m[K [01;31m[Kfatal error: [m[Ksys/systemcfg.h: No such file or directory
  117 | #include [01;31m[K<sys/systemcfg.h>[m[K
      |          [01;31m[K^~~~~~~~~~~~~~~~~[m[K
compilation terminated.
configure:7272: $? = 1
configure: failed program was:
| /* confdefs.h */
| #define PACKAGE_NAME ""
| #define PACKAGE_TARNAME ""
| #define PACKAGE_VERSION ""
| #define PACKAGE_STRING ""
| #define PACKAGE_BUGREPORT ""
| #define PACKAGE_URL ""
| #define STDC_HEADERS 1
| #define HAVE_SYS_TYPES_H 1
| #define HAVE_SYS_STAT_H 1
| #define HAVE_STDLIB_H 1
| #define HAVE_STRING_H 1
| #define HAVE_MEMORY_H 1
| #define HAVE_STRINGS_H 1
| #define HAVE_INTTYPES_H 1
| #define HAVE_STDINT_H 1
| #define HAVE_UNISTD_H 1
| #define __EXTENSIONS__ 1
| #define _ALL_SOURCE 1
| #define _GNU_SOURCE 1
| #define _POSIX_PTHREAD_SEMANTICS 1
| #define _TANDEM_SOURCE 1
| #define _FILE_OFFSET_BITS 64
| #define HAVE_SYS_FILE_H 1
| #define HAVE_SYS_PARAM_H 1
| #define HAVE_LIMITS_H 1
| #define HAVE_STDLIB_H 1
| #define HAVE_MALLOC_H 1
| #define HAVE_STRING_H 1
| #define HAVE_UNISTD_H 1
| #define HAVE_STRINGS_H 1
| #define HAVE_SYS_TIME_H 1
| #define HAVE_TIME_H 1
| #define HAVE_SYS_RESOURCE_H 1
| #define HAVE_SYS_STAT_H 1
| #define HAVE_SYS_MMAN_H 1
| #define HAVE_FCNTL_H 1
| #define HAVE_ALLOCA_H 1
| #define HAVE_SYS_SYSINFO_H 1
| #define HAVE_SYS_SYSCTL_H 1
| #define HAVE_STDINT_H 1
| #define HAVE_STDIO_EXT_H 1
| #define HAVE_SYS_PRCTL_H 1
| #define HAVE_SYS_WAIT_H 1
| #define TIME_WITH_SYS_TIME 1
| #define SIZEOF_INT 4
| #define SIZEOF_LONG 4
| #define SIZEOF_SIZE_T 4
| #define HAVE_LONG_LONG 1
| #define SIZEOF_LONG_LONG 8
| #define UNSIGNED_64BIT_TYPE uint64_t
| #define HAVE_INTPTR_T 1
| #define HAVE_UINTPTR_T 1
| #define HAVE_UINTPTR_T 1
| #define HAVE_ASPRINTF 1
| #define HAVE_ATEXIT 1
| #define HAVE_BASENAME 1
| #define HAVE_BCMP 1
| #define HAVE_BCOPY 1
| #define HAVE_BSEARCH 1
| #define HAVE_BZERO 1
| #define HAVE_CALLOC 1
| #define HAVE_CLOCK 1
| #define HAVE_FFS 1
| #define HAVE_GETCWD 1
| #define HAVE_GETPAGESIZE 1
| #define HAVE_GETTIMEOFDAY 1
| #define HAVE_INDEX 1
| #define HAVE_INSQUE 1
| #define HAVE_MEMCHR 1
| #define HAVE_MEMCMP 1
| #define HAVE_MEMCPY 1
| #define HAVE_MEMMEM 1
| #define HAVE_MEMMOVE 1
| #define HAVE_MEMPCPY 1
| #define HAVE_MEMSET 1
| #define HAVE_MKSTEMPS 1
| #define HAVE_PUTENV 1
| #define HAVE_RANDOM 1
| #define HAVE_RENAME 1
| #define HAVE_RINDEX 1
| #define HAVE_SETENV 1
| #define HAVE_SNPRINTF 1
| #define HAVE_SIGSETMASK 1
| #define HAVE_STPCPY 1
| #define HAVE_STPNCPY 1
| #define HAVE_STRCASECMP 1
| #define HAVE_STRCHR 1
| #define HAVE_STRDUP 1
| #define HAVE_STRNCASECMP 1
| #define HAVE_STRNDUP 1
| #define HAVE_STRNLEN 1
| #define HAVE_STRRCHR 1
| #define HAVE_STRSTR 1
| #define HAVE_STRTOD 1
| #define HAVE_STRTOL 1
| #define HAVE_STRTOUL 1
| #define HAVE_STRTOLL 1
| #define HAVE_STRTOULL 1
| #define HAVE_STRVERSCMP 1
| #define HAVE_TMPNAM 1
| #define HAVE_VASPRINTF 1
| #define HAVE_VFPRINTF 1
| #define HAVE_VPRINTF 1
| #define HAVE_VSNPRINTF 1
| #define HAVE_VSPRINTF 1
| #define HAVE_WAITPID 1
| #define STACK_DIRECTION 0
| #define HAVE_FORK 1
| #define HAVE_VFORK 1
| #define HAVE_WORKING_VFORK 1
| #define HAVE_WORKING_FORK 1
| #define HAVE_SYS_ERRLIST 1
| #define HAVE_SYS_NERR 1
| #define HAVE_SYS_SIGLIST 1
| /* end confdefs.h.  */
| #include <sys/systemcfg.h>
| int
| main ()
| {
| double x = _system_configuration.physmem;
|   ;
|   return 0;
| }
configure:7279: result: no
configure:7287: checking for __fsetlocking
configure:7287: result: yes
configure:7287: checking for canonicalize_file_name
configure:7287: result: yes
configure:7287: checking for dup3
configure:7287: result: yes
configure:7287: checking for getrlimit
configure:7287: result: yes
configure:7287: checking for getrusage
configure:7287: result: yes
configure:7287: checking for getsysinfo
configure:7287: result: no
configure:7287: checking for gettimeofday
configure:7287: result: yes
configure:7287: checking for on_exit
configure:7287: result: yes
configure:7287: checking for pipe2
configure:7287: result: yes
configure:7287: checking for psignal
configure:7287: result: yes
configure:7287: checking for pstat_getdynamic
configure:7287: result: no
configure:7287: checking for pstat_getstatic
configure:7287: result: no
configure:7287: checking for realpath
configure:7287: result: yes
configure:7287: checking for setrlimit
configure:7287: result: yes
configure:7287: checking for spawnve
configure:7287: result: no
configure:7287: checking for spawnvpe
configure:7287: result: no
configure:7287: checking for strerror
configure:7287: result: yes
configure:7287: checking for strsignal
configure:7287: result: yes
configure:7287: checking for sysconf
configure:7287: result: yes
configure:7287: checking for sysctl
configure:7287: result: yes
configure:7287: checking for sysmp
configure:7287: result: no
configure:7287: checking for table
configure:7287: result: no
configure:7287: checking for times
configure:7287: result: yes
configure:7287: checking for wait3
configure:7287: result: yes
configure:7287: checking for wait4
configure:7287: result: yes
configure:7287: checking for sbrk
configure:7287: result: yes
configure:7297: checking whether basename is declared
configure:7297: result: yes
configure:7307: checking whether ffs is declared
configure:7307: result: yes
configure:7317: checking whether asprintf is declared
configure:7317: result: yes
configure:7327: checking whether vasprintf is declared
configure:7327: result: yes
configure:7337: checking whether snprintf is declared
configure:7337: result: yes
configure:7347: checking whether vsnprintf is declared
configure:7347: result: yes
configure:7358: checking whether calloc is declared
configure:7358: result: yes
configure:7368: checking whether getenv is declared
configure:7368: result: yes
configure:7378: checking whether getopt is declared
configure:7378: result: yes
configure:7388: checking whether malloc is declared
configure:7388: result: yes
configure:7398: checking whether realloc is declared
configure:7398: result: yes
configure:7411: checking whether sbrk is declared
configure:7411: result: yes
configure:7423: checking whether strtol is declared
configure:7423: result: yes
configure:7433: checking whether strtoul is declared
configure:7433: result: yes
configure:7443: checking whether strtoll is declared
configure:7443: result: yes
configure:7453: checking whether strtoull is declared
configure:7453: result: yes
configure:7464: checking whether strverscmp is declared
configure:7464: result: yes
configure:7475: checking whether strnlen is declared
configure:7475: result: yes
configure:7486: checking whether canonicalize_file_name must be declared
configure:7525: result: no
configure:7550: checking for stdlib.h
configure:7550: result: yes
configure:7550: checking for unistd.h
configure:7550: result: yes
configure:7550: checking for sys/param.h
configure:7550: result: yes
configure:7751: checking for working strncmp
configure:7837: result: yes
configure:7984: creating ./config.status

## ---------------------- ##
## Running config.status. ##
## ---------------------- ##

This file was extended by config.status, which was
generated by GNU Autoconf 2.69.  Invocation command line was

  CONFIG_FILES    = 
  CONFIG_HEADERS  = 
  CONFIG_LINKS    = 
  CONFIG_COMMANDS = 
  $ ./config.status 

on hyperbookszyb

config.status:1020: creating Makefile
config.status:1020: creating testsuite/Makefile
config.status:1020: creating config.h
config.status:1200: config.h is unchanged
config.status:1214: executing default commands

## ---------------- ##
## Cache variables. ##
## ---------------- ##

ac_cv_build=x86_64-pc-linux-gnu
ac_cv_c_bigendian=no
ac_cv_c_compiler_gnu=yes
ac_cv_c_const=yes
ac_cv_c_inline=inline
ac_cv_c_stack_direction=0
ac_cv_env_CC_set=set
ac_cv_env_CC_value=arm-kobo-linux-gnueabihf-gcc
ac_cv_env_CFLAGS_set=set
ac_cv_env_CFLAGS_value='-g -O2    '
ac_cv_env_CPPFLAGS_set=
ac_cv_env_CPPFLAGS_value=
ac_cv_env_CPP_set=
ac_cv_env_CPP_value=
ac_cv_env_LDFLAGS_set=set
ac_cv_env_LDFLAGS_value=' '
ac_cv_env_LIBS_set=
ac_cv_env_LIBS_value=
ac_cv_env_build_alias_set=set
ac_cv_env_build_alias_value=x86_64-pc-linux-gnu
ac_cv_env_host_alias_set=set
ac_cv_env_host_alias_value=arm-linux-gnueabihf
ac_cv_env_target_alias_set=set
ac_cv_env_target_alias_value=arm-linux-gnueabihf
ac_cv_func___fsetlocking=yes
ac_cv_func__doprnt=no
ac_cv_func_asprintf=yes
ac_cv_func_atexit=yes
ac_cv_func_basename=yes
ac_cv_func_bcmp=yes
ac_cv_func_bcopy=yes
ac_cv_func_bsearch=yes
ac_cv_func_bzero=yes
ac_cv_func_calloc=yes
ac_cv_func_canonicalize_file_name=yes
ac_cv_func_clock=yes
ac_cv_func_dup3=yes
ac_cv_func_ffs=yes
ac_cv_func_fork=yes
ac_cv_func_fork_works=yes
ac_cv_func_getcwd=yes
ac_cv_func_getpagesize=yes
ac_cv_func_getrlimit=yes
ac_cv_func_getrusage=yes
ac_cv_func_getsysinfo=no
ac_cv_func_gettimeofday=yes
ac_cv_func_index=yes
ac_cv_func_insque=yes
ac_cv_func_memchr=yes
ac_cv_func_memcmp=yes
ac_cv_func_memcpy=yes
ac_cv_func_memmem=yes
ac_cv_func_memmove=yes
ac_cv_func_mempcpy=yes
ac_cv_func_memset=yes
ac_cv_func_mkstemps=yes
ac_cv_func_mmap_fixed_mapped=no
ac_cv_func_on_exit=yes
ac_cv_func_pipe2=yes
ac_cv_func_psignal=yes
ac_cv_func_pstat_getdynamic=no
ac_cv_func_pstat_getstatic=no
ac_cv_func_putenv=yes
ac_cv_func_random=yes
ac_cv_func_realpath=yes
ac_cv_func_rename=yes
ac_cv_func_rindex=yes
ac_cv_func_sbrk=yes
ac_cv_func_setenv=yes
ac_cv_func_setproctitle=no
ac_cv_func_setrlimit=yes
ac_cv_func_sigsetmask=yes
ac_cv_func_snprintf=yes
ac_cv_func_spawnve=no
ac_cv_func_spawnvpe=no
ac_cv_func_stpcpy=yes
ac_cv_func_stpncpy=yes
ac_cv_func_strcasecmp=yes
ac_cv_func_strchr=yes
ac_cv_func_strdup=yes
ac_cv_func_strerror=yes
ac_cv_func_strncasecmp=yes
ac_cv_func_strncmp_works=yes
ac_cv_func_strndup=yes
ac_cv_func_strnlen=yes
ac_cv_func_strrchr=yes
ac_cv_func_strsignal=yes
ac_cv_func_strstr=yes
ac_cv_func_strtod=yes
ac_cv_func_strtol=yes
ac_cv_func_strtoll=yes
ac_cv_func_strtoul=yes
ac_cv_func_strtoull=yes
ac_cv_func_strverscmp=yes
ac_cv_func_sysconf=yes
ac_cv_func_sysctl=yes
ac_cv_func_sysmp=no
ac_cv_func_table=no
ac_cv_func_times=yes
ac_cv_func_tmpnam=yes
ac_cv_func_vasprintf=yes
ac_cv_func_vfork=yes
ac_cv_func_vfork_works=yes
ac_cv_func_vfprintf=yes
ac_cv_func_vprintf=yes
ac_cv_func_vsnprintf=yes
ac_cv_func_vsprintf=yes
ac_cv_func_wait3=yes
ac_cv_func_wait4=yes
ac_cv_func_waitpid=yes
ac_cv_have_decl_asprintf=yes
ac_cv_have_decl_basename_char_p_=yes
ac_cv_have_decl_calloc=yes
ac_cv_have_decl_ffs=yes
ac_cv_have_decl_getenv=yes
ac_cv_have_decl_getopt=yes
ac_cv_have_decl_malloc=yes
ac_cv_have_decl_realloc=yes
ac_cv_have_decl_sbrk=yes
ac_cv_have_decl_snprintf=yes
ac_cv_have_decl_strnlen=yes
ac_cv_have_decl_strtol=yes
ac_cv_have_decl_strtoll=yes
ac_cv_have_decl_strtoul=yes
ac_cv_have_decl_strtoull=yes
ac_cv_have_decl_strverscmp=yes
ac_cv_have_decl_vasprintf=yes
ac_cv_have_decl_vsnprintf=yes
ac_cv_header_alloca_h=yes
ac_cv_header_fcntl_h=yes
ac_cv_header_inttypes_h=yes
ac_cv_header_limits_h=yes
ac_cv_header_machine_hal_sysinfo_h=no
ac_cv_header_malloc_h=yes
ac_cv_header_memory_h=yes
ac_cv_header_minix_config_h=no
ac_cv_header_process_h=no
ac_cv_header_stdc=yes
ac_cv_header_stdint_h=yes
ac_cv_header_stdio_ext_h=yes
ac_cv_header_stdlib_h=yes
ac_cv_header_string_h=yes
ac_cv_header_strings_h=yes
ac_cv_header_sys_file_h=yes
ac_cv_header_sys_mman_h=yes
ac_cv_header_sys_param_h=yes
ac_cv_header_sys_prctl_h=yes
ac_cv_header_sys_pstat_h=no
ac_cv_header_sys_resource_h=yes
ac_cv_header_sys_stat_h=yes
ac_cv_header_sys_sysctl_h=yes
ac_cv_header_sys_sysinfo_h=yes
ac_cv_header_sys_sysmp_h=no
ac_cv_header_sys_systemcfg_h=no
ac_cv_header_sys_table_h=no
ac_cv_header_sys_time_h=yes
ac_cv_header_sys_types_h=yes
ac_cv_header_sys_wait_h=yes
ac_cv_header_time=yes
ac_cv_header_time_h=yes
ac_cv_header_unistd_h=yes
ac_cv_header_vfork_h=no
ac_cv_host=arm-unknown-linux-gnueabihf
ac_cv_objext=o
ac_cv_os_cray=no
ac_cv_path_EGREP='/sbin/grep -E'
ac_cv_path_GREP=/sbin/grep
ac_cv_prog_AR='arm-kobo-linux-gnueabihf-ar --plugin /mnt/HDD/Project/inkbox-build/inkbox/compiled-binaries/arm-kobo-linux-gnueabihf/bin/../libexec/gcc/arm-kobo-linux-gnueabihf/11.2.0/liblto_plugin.so'
ac_cv_prog_CC=arm-kobo-linux-gnueabihf-gcc
ac_cv_prog_CPP='arm-kobo-linux-gnueabihf-gcc -E'
ac_cv_prog_MAKEINFO='makeinfo --split-size=5000000'
ac_cv_prog_PERL=perl
ac_cv_prog_RANLIB='arm-kobo-linux-gnueabihf-ranlib --plugin /mnt/HDD/Project/inkbox-build/inkbox/compiled-binaries/arm-kobo-linux-gnueabihf/bin/../libexec/gcc/arm-kobo-linux-gnueabihf/11.2.0/liblto_plugin.so'
ac_cv_prog_cc_arm_kobo_linux_gnueabihf_gcc_c_o=yes
ac_cv_prog_cc_c89=
ac_cv_prog_cc_g=yes
ac_cv_safe_to_define___extensions__=yes
ac_cv_search_strerror='none required'
ac_cv_sizeof_int=4
ac_cv_sizeof_long=4
ac_cv_sizeof_long_long=8
ac_cv_sizeof_size_t=4
ac_cv_sys_file_offset_bits=64
ac_cv_sys_largefile_CC=no
ac_cv_type_intptr_t=yes
ac_cv_type_long_long=yes
ac_cv_type_pid_t=yes
ac_cv_type_ssize_t=yes
ac_cv_type_uintptr_t=yes
acx_cv_prog_cc_pedantic_=yes
acx_cv_prog_cc_warning__W=yes
acx_cv_prog_cc_warning__Wall=yes
acx_cv_prog_cc_warning__Wcpp_compat=yes
acx_cv_prog_cc_warning__Wshadow_local=yes
acx_cv_prog_cc_warning__Wstrict_prototypes=yes
acx_cv_prog_cc_warning__Wwrite_strings=yes
liberty_cv_uint64=uint64_t
libiberty_cv_decl_needed_canonicalize_file_name=no
libiberty_cv_declare_errno=no
libiberty_cv_var_sys_errlist=yes
libiberty_cv_var_sys_nerr=yes
libiberty_cv_var_sys_siglist=yes

## ----------------- ##
## Output variables. ##
## ----------------- ##

AR='arm-kobo-linux-gnueabihf-ar --plugin /mnt/HDD/Project/inkbox-build/inkbox/compiled-binaries/arm-kobo-linux-gnueabihf/bin/../libexec/gcc/arm-kobo-linux-gnueabihf/11.2.0/liblto_plugin.so'
AR_PLUGIN_OPTION='--plugin /mnt/HDD/Project/inkbox-build/inkbox/compiled-binaries/arm-kobo-linux-gnueabihf/bin/../libexec/gcc/arm-kobo-linux-gnueabihf/11.2.0/liblto_plugin.so'
BUILD_INFO='info'
CC='arm-kobo-linux-gnueabihf-gcc'
CET_HOST_FLAGS=''
CFLAGS='-g -O2    '
CHECK='really-check'
CPP='arm-kobo-linux-gnueabihf-gcc -E'
CPPFLAGS=''
DEFS='-DHAVE_CONFIG_H'
ECHO_C=''
ECHO_N='-n'
ECHO_T=''
EGREP='/sbin/grep -E'
ETAGS='etags'
EXEEXT=''
GREP='/sbin/grep'
HAVE_PERL=''
INSTALL_DATA='/bin/install -c -m 644'
INSTALL_DEST='libdir'
INSTALL_PROGRAM='/bin/install -c'
INSTALL_SCRIPT='/bin/install -c'
LDFLAGS=' '
LIBOBJS=' ${LIBOBJDIR}./setproctitle$U.o'
LIBS=''
LTLIBOBJS=' ${LIBOBJDIR}./setproctitle$U.lo'
MAINT='#'
MAKEINFO='makeinfo --split-size=5000000'
NOASANFLAG=''
NOTMAINT=''
NO_MINUS_C_MINUS_O=''
OBJEXT='o'
OUTPUT_OPTION='-o $@'
PACKAGE_BUGREPORT=''
PACKAGE_NAME=''
PACKAGE_STRING=''
PACKAGE_TARNAME=''
PACKAGE_URL=''
PACKAGE_VERSION=''
PATH_SEPARATOR=':'
PERL='perl'
PICFLAG='-fPIC'
RANLIB='arm-kobo-linux-gnueabihf-ranlib --plugin /mnt/HDD/Project/inkbox-build/inkbox/compiled-binaries/arm-kobo-linux-gnueabihf/bin/../libexec/gcc/arm-kobo-linux-gnueabihf/11.2.0/liblto_plugin.so'
RANLIB_PLUGIN_OPTION='--plugin /mnt/HDD/Project/inkbox-build/inkbox/compiled-binaries/arm-kobo-linux-gnueabihf/bin/../libexec/gcc/arm-kobo-linux-gnueabihf/11.2.0/liblto_plugin.so'
SHELL='/bin/sh'
ac_ct_CC=''
ac_libiberty_warn_cflags='-W -Wall -Wwrite-strings -Wc++-compat -Wstrict-prototypes -Wshadow=local -pedantic '
bindir='${exec_prefix}/bin'
build='x86_64-pc-linux-gnu'
build_alias='x86_64-pc-linux-gnu'
build_cpu='x86_64'
build_os='linux-gnu'
build_vendor='pc'
datadir='${datarootdir}'
datarootdir='${prefix}/share'
docdir='${datarootdir}/doc/${PACKAGE}'
dvidir='${docdir}'
exec_prefix='${prefix}'
host='arm-unknown-linux-gnueabihf'
host_alias='arm-linux-gnueabihf'
host_cpu='arm'
host_os='linux-gnueabihf'
host_vendor='unknown'
htmldir='${docdir}'
includedir='${prefix}/include'
infodir='${datarootdir}/info'
libdir='${exec_prefix}/lib'
libexecdir='${exec_prefix}/libexec'
libiberty_topdir='./..'
localedir='${datarootdir}/locale'
localstatedir='${prefix}/var'
mandir='${datarootdir}/man'
oldincludedir='/usr/include'
pdfdir='${docdir}'
pexecute='pex-unix'
prefix='/home/build/inkbox/compiled-binaries/arm-kobo-linux-gnueabihf/arm-kobo-linux-gnueabihf/sysroot'
program_transform_name='s,y,y,'
psdir='${docdir}'
sbindir='${exec_prefix}/sbin'
sharedstatedir='${prefix}/com'
sysconfdir='${prefix}/etc'
target_alias='arm-linux-gnueabihf'
target_header_dir=''

## ------------------- ##
## File substitutions. ##
## ------------------- ##

host_makefile_frag='xhost-mkfrag'

## ----------- ##
## confdefs.h. ##
## ----------- ##

/* confdefs.h */
#define PACKAGE_NAME ""
#define PACKAGE_TARNAME ""
#define PACKAGE_VERSION ""
#define PACKAGE_STRING ""
#define PACKAGE_BUGREPORT ""
#define PACKAGE_URL ""
#define STDC_HEADERS 1
#define HAVE_SYS_TYPES_H 1
#define HAVE_SYS_STAT_H 1
#define HAVE_STDLIB_H 1
#define HAVE_STRING_H 1
#define HAVE_MEMORY_H 1
#define HAVE_STRINGS_H 1
#define HAVE_INTTYPES_H 1
#define HAVE_STDINT_H 1
#define HAVE_UNISTD_H 1
#define __EXTENSIONS__ 1
#define _ALL_SOURCE 1
#define _GNU_SOURCE 1
#define _POSIX_PTHREAD_SEMANTICS 1
#define _TANDEM_SOURCE 1
#define _FILE_OFFSET_BITS 64
#define HAVE_SYS_FILE_H 1
#define HAVE_SYS_PARAM_H 1
#define HAVE_LIMITS_H 1
#define HAVE_STDLIB_H 1
#define HAVE_MALLOC_H 1
#define HAVE_STRING_H 1
#define HAVE_UNISTD_H 1
#define HAVE_STRINGS_H 1
#define HAVE_SYS_TIME_H 1
#define HAVE_TIME_H 1
#define HAVE_SYS_RESOURCE_H 1
#define HAVE_SYS_STAT_H 1
#define HAVE_SYS_MMAN_H 1
#define HAVE_FCNTL_H 1
#define HAVE_ALLOCA_H 1
#define HAVE_SYS_SYSINFO_H 1
#define HAVE_SYS_SYSCTL_H 1
#define HAVE_STDINT_H 1
#define HAVE_STDIO_EXT_H 1
#define HAVE_SYS_PRCTL_H 1
#define HAVE_SYS_WAIT_H 1
#define TIME_WITH_SYS_TIME 1
#define SIZEOF_INT 4
#define SIZEOF_LONG 4
#define SIZEOF_SIZE_T 4
#define HAVE_LONG_LONG 1
#define SIZEOF_LONG_LONG 8
#define UNSIGNED_64BIT_TYPE uint64_t
#define HAVE_INTPTR_T 1
#define HAVE_UINTPTR_T 1
#define HAVE_UINTPTR_T 1
#define HAVE_ASPRINTF 1
#define HAVE_ATEXIT 1
#define HAVE_BASENAME 1
#define HAVE_BCMP 1
#define HAVE_BCOPY 1
#define HAVE_BSEARCH 1
#define HAVE_BZERO 1
#define HAVE_CALLOC 1
#define HAVE_CLOCK 1
#define HAVE_FFS 1
#define HAVE_GETCWD 1
#define HAVE_GETPAGESIZE 1
#define HAVE_GETTIMEOFDAY 1
#define HAVE_INDEX 1
#define HAVE_INSQUE 1
#define HAVE_MEMCHR 1
#define HAVE_MEMCMP 1
#define HAVE_MEMCPY 1
#define HAVE_MEMMEM 1
#define HAVE_MEMMOVE 1
#define HAVE_MEMPCPY 1
#define HAVE_MEMSET 1
#define HAVE_MKSTEMPS 1
#define HAVE_PUTENV 1
#define HAVE_RANDOM 1
#define HAVE_RENAME 1
#define HAVE_RINDEX 1
#define HAVE_SETENV 1
#define HAVE_SNPRINTF 1
#define HAVE_SIGSETMASK 1
#define HAVE_STPCPY 1
#define HAVE_STPNCPY 1
#define HAVE_STRCASECMP 1
#define HAVE_STRCHR 1
#define HAVE_STRDUP 1
#define HAVE_STRNCASECMP 1
#define HAVE_STRNDUP 1
#define HAVE_STRNLEN 1
#define HAVE_STRRCHR 1
#define HAVE_STRSTR 1
#define HAVE_STRTOD 1
#define HAVE_STRTOL 1
#define HAVE_STRTOUL 1
#define HAVE_STRTOLL 1
#define HAVE_STRTOULL 1
#define HAVE_STRVERSCMP 1
#define HAVE_TMPNAM 1
#define HAVE_VASPRINTF 1
#define HAVE_VFPRINTF 1
#define HAVE_VPRINTF 1
#define HAVE_VSNPRINTF 1
#define HAVE_VSPRINTF 1
#define HAVE_WAITPID 1
#define STACK_DIRECTION 0
#define HAVE_FORK 1
#define HAVE_VFORK 1
#define HAVE_WORKING_VFORK 1
#define HAVE_WORKING_FORK 1
#define HAVE_SYS_ERRLIST 1
#define HAVE_SYS_NERR 1
#define HAVE_SYS_SIGLIST 1
#define HAVE___FSETLOCKING 1
#define HAVE_CANONICALIZE_FILE_NAME 1
#define HAVE_DUP3 1
#define HAVE_GETRLIMIT 1
#define HAVE_GETRUSAGE 1
#define HAVE_GETTIMEOFDAY 1
#define HAVE_ON_EXIT 1
#define HAVE_PIPE2 1
#define HAVE_PSIGNAL 1
#define HAVE_REALPATH 1
#define HAVE_SETRLIMIT 1
#define HAVE_STRERROR 1
#define HAVE_STRSIGNAL 1
#define HAVE_SYSCONF 1
#define HAVE_SYSCTL 1
#define HAVE_TIMES 1
#define HAVE_WAIT3 1
#define HAVE_WAIT4 1
#define HAVE_SBRK 1
#define HAVE_DECL_BASENAME 1
#define HAVE_DECL_FFS 1
#define HAVE_DECL_ASPRINTF 1
#define HAVE_DECL_VASPRINTF 1
#define HAVE_DECL_SNPRINTF 1
#define HAVE_DECL_VSNPRINTF 1
#define HAVE_DECL_CALLOC 1
#define HAVE_DECL_GETENV 1
#define HAVE_DECL_GETOPT 1
#define HAVE_DECL_MALLOC 1
#define HAVE_DECL_REALLOC 1
#define HAVE_DECL_SBRK 1
#define HAVE_DECL_STRTOL 1
#define HAVE_DECL_STRTOUL 1
#define HAVE_DECL_STRTOLL 1
#define HAVE_DECL_STRTOULL 1
#define HAVE_DECL_STRVERSCMP 1
#define HAVE_DECL_STRNLEN 1
#define HAVE_STDLIB_H 1
#define HAVE_UNISTD_H 1
#define HAVE_SYS_PARAM_H 1

configure: exit 0
