# kdesrc-build running: 'make' '-j' '8'
# from directory: /home/szybet/kdesrc/build/frameworks/kbookmarks
-- 

Installing in /mnt/HDD/Project/Public/okulartry/okular-things. Run /home/szybet/kdesrc/build/frameworks/kbookmarks/prefix.sh to set the environment for KBookmarks.
-- The following REQUIRED packages have been found:

 * ECM (required version >= 5.106.0), Extra CMake Modules., <https://commits.kde.org/extra-cmake-modules>
 * Qt5Gui (required version >= 5.15.2)
 * Qt5 (required version >= 5.15.2)
 * Qt5Xml (required version >= 5.15.2)
 * Qt5DBus (required version >= 5.15.2)
 * Qt5Core (required version >= 5.15.2)
 * KF5CoreAddons (required version >= 5.106.0)
 * KF5Codecs (required version >= 5.106.0)
 * KF5Config (required version >= 5.106.0)
 * Qt5Widgets (required version >= 5.15.2)
 * KF5WidgetsAddons (required version >= 5.106.0)
 * KF5ConfigWidgets (required version >= 5.106.0)
 * KF5XmlGui (required version >= 5.106.0)
 * Qt5LinguistTools

-- The following features have been disabled:

 * QCH, API documentation in QCH format (for e.g. Qt Assistant, Qt Creator & KDevelop)

-- Configuring done (0.1s)
-- Generating done (0.0s)
-- Build files have been written to: /home/szybet/kdesrc/build/frameworks/kbookmarks
[  2%] Built target translations_4
[  2%] Built target translations_1
[  3%] Built target translations_5
[  4%] Built target translations_3
[  5%] Built target translations_6
[  6%] Built target translations_7
[  7%] Built target translations_2
[  8%] Built target translations_8
[  8%] Built target translations_10
[  9%] Built target translations_9
[ 10%] Built target translations_11
[ 11%] Built target translations_13
[ 12%] Built target translations_12
[ 13%] Built target translations_14
[ 14%] Built target translations_16
[ 15%] Built target translations_15
[ 16%] Built target translations_19
[ 17%] Built target translations_17
[ 17%] Built target translations_21
[ 18%] Built target translations_20
[ 19%] Built target translations_18
[ 20%] Built target translations_22
[ 21%] Built target translations_23
[ 22%] Built target translations_24
[ 23%] Built target translations_25
[ 24%] Built target translations_26
[ 25%] Built target translations_27
[ 26%] Built target translations_28
[ 27%] Built target translations_30
[ 28%] Built target translations_29
[ 29%] Built target translations_31
[ 29%] Built target translations_32
[ 30%] Built target translations_33
[ 32%] Built target translations_36
[ 32%] Built target translations_38
[ 33%] Built target translations_39
[ 34%] Built target translations_37
[ 35%] Built target translations_40
[ 36%] Built target translations_34
[ 37%] Built target translations_41
[ 38%] Built target translations_35
[ 39%] Built target translations_42
[ 40%] Built target translations_45
[ 41%] Built target translations_44
[ 41%] Built target translations_43
[ 42%] Built target translations_48
[ 43%] Built target translations_46
[ 44%] Built target translations_47
[ 45%] Built target translations_49
[ 46%] Built target translations_50
[ 47%] Built target translations_51
[ 48%] Built target translations_52
[ 50%] Built target translations_53
[ 50%] Built target translations_54
[ 51%] Built target translations_55
[ 52%] Built target translations_56
[ 53%] Built target translations_57
[ 54%] Built target translations_58
[ 55%] Built target translations_59
[ 56%] Built target translations_60
[ 57%] Built target translations_61
[ 58%] Built target translations_62
[ 59%] Built target translations_63
[ 59%] Built target translations_65
[ 60%] Built target translations_64
[ 61%] Built target translations_67
[ 62%] Built target translations_66
[ 63%] Built target translations_68
[ 64%] Built target translations_69
[ 65%] Built target translations_71
[ 66%] Built target translations_72
[ 67%] Built target translations_73
[ 68%] Built target translations_74
[ 69%] Built target translations_70
[ 69%] Built target translations_76
[ 70%] Built target translations_75
[ 71%] Built target translations_77
[ 72%] Built target translations_78
[ 73%] Built target translations_80
[ 74%] Built target translations_81
[ 75%] Built target translations_82
[ 76%] Built target translations_79
[ 77%] Built target translations_83
[ 78%] Built target translations_84
[ 80%] Built target translations_86
[ 80%] Built target translations_85
[ 81%] Automatic MOC for target KF5Bookmarks
[ 81%] Built target KF5Bookmarks_autogen
[100%] Built target KF5Bookmarks
