# kdesrc-build running: 'make' '-j' '8'
# from directory: /home/szybet/kdesrc/build/frameworks/ki18n
-- 

Installing in /mnt/HDD/Project/Public/okulartry/okular-things. Run /home/szybet/kdesrc/build/frameworks/ki18n/prefix.sh to set the environment for KI18n.
-- libintl is part of libc, no extra library is required.
-- The following RUNTIME packages have been found:

 * IsoCodes, Data about various ISO standards (e.g. country, language, language scripts, and currency names), <https://salsa.debian.org/iso-codes-team/iso-codes>
   Translation catalogs for countries, country subdivisions, languages and currencies

-- The following REQUIRED packages have been found:

 * ECM (required version >= 5.106.0), Extra CMake Modules., <https://commits.kde.org/extra-cmake-modules>
 * Qt5Core
 * Qt5Network (required version >= 5.15.2)
 * Qt5Qml (required version >= 5.15.2)
 * LibIntl, <http://gnuwin32.sourceforge.net/packages/libintl.htm>
   Needed for building KI18n unless glibc is the system libc implementation
 * PythonInterp
 * Gettext
 * Qt5Test
 * Qt5Concurrent
 * Qt5 (required version >= 5.15.2)

-- The following features have been disabled:

 * QCH, API documentation in QCH format (for e.g. Qt Assistant, Qt Creator & KDevelop)

-- Configuring done (0.1s)
-- Generating done (0.1s)
-- Build files have been written to: /home/szybet/kdesrc/build/frameworks/ki18n
[  4%] Automatic MOC for target ktranscript
[  4%] Generating mo...
[  4%] Automatic MOC for target KF5I18n
[  5%] Generating ts...
-- copying... /home/szybet/kdesrc/frameworks/ki18n/po/ca/scripts/ki18n5/ki18n5.js DESTINATION /home/szybet/kdesrc/build/frameworks/ki18n/locale/ca/LC_SCRIPTS/ki18n5
-- copying... /home/szybet/kdesrc/frameworks/ki18n/po/ca@valencia/scripts/ki18n5/ki18n5.js DESTINATION /home/szybet/kdesrc/build/frameworks/ki18n/locale/ca@valencia/LC_SCRIPTS/ki18n5
-- copying... /home/szybet/kdesrc/frameworks/ki18n/po/fi/scripts/ki18n5/general.pmap DESTINATION /home/szybet/kdesrc/build/frameworks/ki18n/locale/fi/LC_SCRIPTS/ki18n5
-- copying... /home/szybet/kdesrc/frameworks/ki18n/po/fi/scripts/ki18n5/ki18n5.js DESTINATION /home/szybet/kdesrc/build/frameworks/ki18n/locale/fi/LC_SCRIPTS/ki18n5
-- copying... /home/szybet/kdesrc/frameworks/ki18n/po/gd/scripts/ki18n5/ki18n5.js DESTINATION /home/szybet/kdesrc/build/frameworks/ki18n/locale/gd/LC_SCRIPTS/ki18n5
-- copying... /home/szybet/kdesrc/frameworks/ki18n/po/ja/scripts/ki18n5/ki18n5.js DESTINATION /home/szybet/kdesrc/build/frameworks/ki18n/locale/ja/LC_SCRIPTS/ki18n5
-- copying... /home/szybet/kdesrc/frameworks/ki18n/po/ko/scripts/ki18n5/ki18n5.js DESTINATION /home/szybet/kdesrc/build/frameworks/ki18n/locale/ko/LC_SCRIPTS/ki18n5
-- copying... /home/szybet/kdesrc/frameworks/ki18n/po/nb/scripts/ki18n5/ki18n5.js DESTINATION /home/szybet/kdesrc/build/frameworks/ki18n/locale/nb/LC_SCRIPTS/ki18n5
-- copying... /home/szybet/kdesrc/frameworks/ki18n/po/nn/scripts/ki18n5/ki18n5.js DESTINATION /home/szybet/kdesrc/build/frameworks/ki18n/locale/nn/LC_SCRIPTS/ki18n5
-- copying... /home/szybet/kdesrc/frameworks/ki18n/po/nn/scripts/ki18n5/skjermelement.pmap DESTINATION /home/szybet/kdesrc/build/frameworks/ki18n/locale/nn/LC_SCRIPTS/ki18n5
-- copying... /home/szybet/kdesrc/frameworks/ki18n/po/ru/scripts/ki18n5/ki18n5.js DESTINATION /home/szybet/kdesrc/build/frameworks/ki18n/locale/ru/LC_SCRIPTS/ki18n5
-- copying... /home/szybet/kdesrc/frameworks/ki18n/po/sr/scripts/ki18n5/ki18n5.js DESTINATION /home/szybet/kdesrc/build/frameworks/ki18n/locale/sr/LC_SCRIPTS/ki18n5
-- copying... /home/szybet/kdesrc/frameworks/ki18n/po/sr/scripts/ki18n5/trapnakron.pmap DESTINATION /home/szybet/kdesrc/build/frameworks/ki18n/locale/sr/LC_SCRIPTS/ki18n5
-- copying... /home/szybet/kdesrc/frameworks/ki18n/po/sr@ijekavian/scripts/ki18n5/ki18n5.js DESTINATION /home/szybet/kdesrc/build/frameworks/ki18n/locale/sr@ijekavian/LC_SCRIPTS/ki18n5
-- copying... /home/szybet/kdesrc/frameworks/ki18n/po/sr@ijekavian/scripts/ki18n5/trapnakron.pmap DESTINATION /home/szybet/kdesrc/build/frameworks/ki18n/locale/sr@ijekavian/LC_SCRIPTS/ki18n5
-- copying... /home/szybet/kdesrc/frameworks/ki18n/po/sr@ijekavianlatin/scripts/ki18n5/ki18n5.js DESTINATION /home/szybet/kdesrc/build/frameworks/ki18n/locale/sr@ijekavianlatin/LC_SCRIPTS/ki18n5
-- copying... /home/szybet/kdesrc/frameworks/ki18n/po/sr@ijekavianlatin/scripts/ki18n5/trapnakron.pmap DESTINATION /home/szybet/kdesrc/build/frameworks/ki18n/locale/sr@ijekavianlatin/LC_SCRIPTS/ki18n5
-- copying... /home/szybet/kdesrc/frameworks/ki18n/po/sr@latin/scripts/ki18n5/ki18n5.js DESTINATION /home/szybet/kdesrc/build/frameworks/ki18n/locale/sr@latin/LC_SCRIPTS/ki18n5
-- copying... /home/szybet/kdesrc/frameworks/ki18n/po/sr@latin/scripts/ki18n5/trapnakron.pmap DESTINATION /home/szybet/kdesrc/build/frameworks/ki18n/locale/sr@latin/LC_SCRIPTS/ki18n5
-- copying... /home/szybet/kdesrc/frameworks/ki18n/po/uk/scripts/ki18n5/ki18n5.js DESTINATION /home/szybet/kdesrc/build/frameworks/ki18n/locale/uk/LC_SCRIPTS/ki18n5
[  5%] Built target ktranscript_autogen
[  5%] Built target KF5I18n_autogen
[  5%] Built target tsfiles-cfa32f4b8ec2d9b64b08c8957696e9b3
[  5%] Built target pofiles-cfa32f4b8ec2d9b64b08c8957696e9b3
[ 10%] Built target ktranscript
[ 25%] Built target KF5I18n
[ 28%] Automatic MOC for target ki18n-ktranscripttest
[ 28%] Automatic MOC for target KF5I18nLocaleData
[ 29%] Automatic MOC for target ki18n-klazylocalizedstringtest
[ 30%] Automatic MOC for target ki18n-klocalizedstringtest
[ 32%] Automatic MOC for target ki18n-declarativetest
[ 33%] Automatic MOC for target ki18n-ktranscriptcleantest
[ 33%] Built target KF5I18nLocaleData_autogen
[ 33%] Built target ki18n-ktranscripttest_autogen
[ 33%] Built target ki18n-klocalizedstringtest_autogen
[ 33%] Built target ki18n-declarativetest_autogen
[ 33%] Built target ki18n-klazylocalizedstringtest_autogen
[ 33%] Built target ki18n-ktranscriptcleantest_autogen
[ 34%] Linking CXX executable ../bin/ki18n-declarativetest
[ 36%] Linking CXX executable ../bin/ki18n-klazylocalizedstringtest
[ 37%] Linking CXX executable ../bin/ki18n-klocalizedstringtest
[ 38%] Linking CXX executable ../bin/ki18n-ktranscriptcleantest
[ 40%] Linking CXX executable ../bin/ki18n-ktranscripttest
[ 56%] Built target KF5I18nLocaleData
[ 57%] Automatic MOC for target ki18nlocaledataqmlplugin
[ 58%] Automatic MOC for target kcatalogtest
[ 60%] Automatic MOC for target kcountrytest
[ 60%] Built target ki18nlocaledataqmlplugin_autogen
[ 60%] Built target kcatalogtest_autogen
[ 60%] Built target kcountrytest_autogen
[ 61%] Automatic MOC for target kcountrysubdivisiontest
[ 62%] Automatic MOC for target ktimezonetest
[ 66%] Built target ki18nlocaledataqmlplugin
[ 66%] Built target kcountrysubdivisiontest_autogen
[ 66%] Built target ktimezonetest_autogen
[ 68%] Linking CXX executable ../bin/kcatalogtest
[ 69%] Linking CXX executable ../bin/kcountrytest
[ 70%] Linking CXX executable ../bin/kcountrysubdivisiontest
[ 73%] Built target ki18n-klazylocalizedstringtest
[ 76%] Built target ki18n-klocalizedstringtest
[ 77%] Linking CXX executable ../bin/ktimezonetest
[ 81%] Built target ki18n-ktranscripttest
[ 84%] Built target kcountrytest
[ 86%] Built target kcatalogtest
[ 89%] Built target kcountrysubdivisiontest
[ 92%] Built target ki18n-declarativetest
[100%] Built target ki18n-ktranscriptcleantest
[100%] Built target ktimezonetest
