This file contains any messages produced by compilers while
running configure, to aid debugging if configure makes a mistake.

It was created by configure, which was
generated by GNU Autoconf 2.69.  Invocation command line was

  $ ./configure --host=arm-linux-gnueabihf --prefix=/home/build/inkbox/compiled-binaries/arm-kobo-linux-gnueabihf/arm-kobo-linux-gnueabihf/sysroot/ --with-build-sysroot=/home/build/inkbox/compiled-binaries/arm-kobo-linux-gnueabihf/arm-kobo-linux-gnueabihf/sysroot/

## --------- ##
## Platform. ##
## --------- ##

hostname = hyperbookszyb
uname -m = x86_64
uname -r = 6.1.28-1-lts
uname -s = Linux
uname -v = #1 SMP PREEMPT_DYNAMIC Thu, 11 May 2023 15:52:41 +0000

/usr/bin/uname -p = unknown
/bin/uname -X     = unknown

/bin/arch              = unknown
/usr/bin/arch -k       = unknown
/usr/convex/getsysinfo = unknown
/usr/bin/hostinfo      = unknown
/bin/machine           = unknown
/usr/bin/oslevel       = unknown
/bin/universe          = unknown

PATH: /home/szybet/kde/src/kdesrc-build
PATH: /home/szybet/.cargo/bin
PATH: /sbin
PATH: /bin
PATH: /usr/local/sbin
PATH: /usr/local/bin
PATH: /usr/bin
PATH: /usr/sbin
PATH: /home/szybet/.dotnet/tools
PATH: /usr/lib/jvm/default/bin
PATH: /usr/bin/site_perl
PATH: /usr/bin/vendor_perl
PATH: /usr/bin/core_perl
PATH: /usr/lib/rustup/bin
PATH: /home/build/inkbox/compiled-binaries/arm-kobo-linux-gnueabihf/bin/
PATH: /home/build/inkbox/compiled-binaries/qt-bin/qt-linux-5.15.2-kobo/bin/


## ----------- ##
## Core tests. ##
## ----------- ##

configure:2392: checking build system type
configure:2406: result: x86_64-pc-linux-gnu
configure:2453: checking host system type
configure:2466: result: arm-unknown-linux-gnueabihf
configure:2486: checking target system type
configure:2499: result: arm-unknown-linux-gnueabihf
configure:2553: checking for a BSD-compatible install
configure:2621: result: /bin/install -c
configure:2632: checking whether ln works
configure:2654: result: yes
configure:2658: checking whether ln -s works
configure:2662: result: yes
configure:2669: checking for a sed that does not truncate output
configure:2733: result: /sbin/sed
configure:2742: checking for gawk
configure:2758: found /sbin/gawk
configure:2769: result: gawk
configure:3656: checking for gdbserver support
configure:3666: result: yes
configure:4210: checking for arm-linux-gnueabihf-gcc
configure:4237: result: arm-kobo-linux-gnueabihf-gcc
configure:4506: checking for C compiler version
configure:4515: arm-kobo-linux-gnueabihf-gcc --version >&5
arm-kobo-linux-gnueabihf-gcc (crosstool-NG 1.24.0.519_3e2d99d - NiLuJe) 11.2.0
Copyright (C) 2021 Free Software Foundation, Inc.
This is free software; see the source for copying conditions.  There is NO
warranty; not even for MERCHANTABILITY or FITNESS FOR A PARTICULAR PURPOSE.

configure:4526: $? = 0
configure:4515: arm-kobo-linux-gnueabihf-gcc -v >&5
Using built-in specs.
COLLECT_GCC=arm-kobo-linux-gnueabihf-gcc
COLLECT_LTO_WRAPPER=/mnt/HDD/Project/inkbox-build/inkbox/compiled-binaries/arm-kobo-linux-gnueabihf/bin/../libexec/gcc/arm-kobo-linux-gnueabihf/11.2.0/lto-wrapper
Target: arm-kobo-linux-gnueabihf
Configured with: /home/nicolas/Development/kox/koxtoolchain/build/kobo/.build/arm-kobo-linux-gnueabihf/src/gcc/configure --build=x86_64-build_pc-linux-gnu --host=x86_64-build_pc-linux-gnu --target=arm-kobo-linux-gnueabihf --prefix=/home/nicolas/x-tools/arm-kobo-linux-gnueabihf --exec_prefix=/home/nicolas/x-tools/arm-kobo-linux-gnueabihf --with-sysroot=/home/nicolas/x-tools/arm-kobo-linux-gnueabihf/arm-kobo-linux-gnueabihf/sysroot --enable-languages=c,c++ --with-cpu=cortex-a8 --with-fpu=neon --with-float=hard --with-pkgversion='crosstool-NG 1.24.0.519_3e2d99d - NiLuJe' --enable-__cxa_atexit --disable-libmudflap --disable-libgomp --disable-libssp --disable-libquadmath --disable-libquadmath-support --disable-libsanitizer --disable-libmpx --with-gmp=/home/nicolas/Development/kox/koxtoolchain/build/kobo/.build/arm-kobo-linux-gnueabihf/buildtools --with-mpfr=/home/nicolas/Development/kox/koxtoolchain/build/kobo/.build/arm-kobo-linux-gnueabihf/buildtools --with-mpc=/home/nicolas/Development/kox/koxtoolchain/build/kobo/.build/arm-kobo-linux-gnueabihf/buildtools --with-isl=no --with-cloog=no --enable-lto --enable-threads=posix --with-linker-hash-style=gnu --enable-plugin --enable-gold --disable-nls --disable-multilib --with-diagnostics-color=always --with-local-prefix=/home/nicolas/x-tools/arm-kobo-linux-gnueabihf/arm-kobo-linux-gnueabihf/sysroot --enable-long-long --with-mode=thumb
Thread model: posix
Supported LTO compression algorithms: zlib zstd
gcc version 11.2.0 (crosstool-NG 1.24.0.519_3e2d99d - NiLuJe) 
configure:4526: $? = 0
configure:4515: arm-kobo-linux-gnueabihf-gcc -V >&5
[01m[Karm-kobo-linux-gnueabihf-gcc:[m[K [01;31m[Kerror: [m[Kunrecognized command-line option '[01m[K-V[m[K'
[01m[Karm-kobo-linux-gnueabihf-gcc:[m[K [01;31m[Kfatal error: [m[Kno input files
compilation terminated.
configure:4526: $? = 1
configure:4515: arm-kobo-linux-gnueabihf-gcc -qversion >&5
[01m[Karm-kobo-linux-gnueabihf-gcc:[m[K [01;31m[Kerror: [m[Kunrecognized command-line option '[01m[K-qversion[m[K'; did you mean '[01m[K--version[m[K'?
[01m[Karm-kobo-linux-gnueabihf-gcc:[m[K [01;31m[Kfatal error: [m[Kno input files
compilation terminated.
configure:4526: $? = 1
configure:4546: checking whether the C compiler works
configure:4568: arm-kobo-linux-gnueabihf-gcc    conftest.c  >&5
configure:4572: $? = 0
configure:4620: result: yes
configure:4623: checking for C compiler default output file name
configure:4625: result: a.out
configure:4631: checking for suffix of executables
configure:4638: arm-kobo-linux-gnueabihf-gcc -o conftest    conftest.c  >&5
configure:4642: $? = 0
configure:4664: result: 
configure:4686: checking whether we are cross compiling
configure:4694: arm-kobo-linux-gnueabihf-gcc -o conftest    conftest.c  >&5
configure:4698: $? = 0
configure:4705: ./conftest
./configure: line 4707: ./conftest: cannot execute binary file: Exec format error
configure:4709: $? = 126
configure:4724: result: yes
configure:4729: checking for suffix of object files
configure:4751: arm-kobo-linux-gnueabihf-gcc -c   conftest.c >&5
configure:4755: $? = 0
configure:4776: result: o
configure:4780: checking whether we are using the GNU C compiler
configure:4799: arm-kobo-linux-gnueabihf-gcc -c   conftest.c >&5
configure:4799: $? = 0
configure:4808: result: yes
configure:4817: checking whether arm-kobo-linux-gnueabihf-gcc accepts -g
configure:4837: arm-kobo-linux-gnueabihf-gcc -c -g  conftest.c >&5
configure:4837: $? = 0
configure:4878: result: yes
configure:4895: checking for arm-kobo-linux-gnueabihf-gcc option to accept ISO C89
configure:4958: arm-kobo-linux-gnueabihf-gcc  -c -g -O2  conftest.c >&5
configure:4958: $? = 0
configure:4971: result: none needed
configure:4991: checking for arm-kobo-linux-gnueabihf-gcc option to accept ISO C99
configure:5140: arm-kobo-linux-gnueabihf-gcc  -c -g -O2  conftest.c >&5
configure:5140: $? = 0
configure:5153: result: none needed
configure:5280: checking for C++ compiler version
configure:5289: arm-kobo-linux-gnueabihf-g++ --version >&5
arm-kobo-linux-gnueabihf-g++ (crosstool-NG 1.24.0.519_3e2d99d - NiLuJe) 11.2.0
Copyright (C) 2021 Free Software Foundation, Inc.
This is free software; see the source for copying conditions.  There is NO
warranty; not even for MERCHANTABILITY or FITNESS FOR A PARTICULAR PURPOSE.

configure:5300: $? = 0
configure:5289: arm-kobo-linux-gnueabihf-g++ -v >&5
Using built-in specs.
COLLECT_GCC=arm-kobo-linux-gnueabihf-g++
COLLECT_LTO_WRAPPER=/mnt/HDD/Project/inkbox-build/inkbox/compiled-binaries/arm-kobo-linux-gnueabihf/bin/../libexec/gcc/arm-kobo-linux-gnueabihf/11.2.0/lto-wrapper
Target: arm-kobo-linux-gnueabihf
Configured with: /home/nicolas/Development/kox/koxtoolchain/build/kobo/.build/arm-kobo-linux-gnueabihf/src/gcc/configure --build=x86_64-build_pc-linux-gnu --host=x86_64-build_pc-linux-gnu --target=arm-kobo-linux-gnueabihf --prefix=/home/nicolas/x-tools/arm-kobo-linux-gnueabihf --exec_prefix=/home/nicolas/x-tools/arm-kobo-linux-gnueabihf --with-sysroot=/home/nicolas/x-tools/arm-kobo-linux-gnueabihf/arm-kobo-linux-gnueabihf/sysroot --enable-languages=c,c++ --with-cpu=cortex-a8 --with-fpu=neon --with-float=hard --with-pkgversion='crosstool-NG 1.24.0.519_3e2d99d - NiLuJe' --enable-__cxa_atexit --disable-libmudflap --disable-libgomp --disable-libssp --disable-libquadmath --disable-libquadmath-support --disable-libsanitizer --disable-libmpx --with-gmp=/home/nicolas/Development/kox/koxtoolchain/build/kobo/.build/arm-kobo-linux-gnueabihf/buildtools --with-mpfr=/home/nicolas/Development/kox/koxtoolchain/build/kobo/.build/arm-kobo-linux-gnueabihf/buildtools --with-mpc=/home/nicolas/Development/kox/koxtoolchain/build/kobo/.build/arm-kobo-linux-gnueabihf/buildtools --with-isl=no --with-cloog=no --enable-lto --enable-threads=posix --with-linker-hash-style=gnu --enable-plugin --enable-gold --disable-nls --disable-multilib --with-diagnostics-color=always --with-local-prefix=/home/nicolas/x-tools/arm-kobo-linux-gnueabihf/arm-kobo-linux-gnueabihf/sysroot --enable-long-long --with-mode=thumb
Thread model: posix
Supported LTO compression algorithms: zlib zstd
gcc version 11.2.0 (crosstool-NG 1.24.0.519_3e2d99d - NiLuJe) 
configure:5300: $? = 0
configure:5289: arm-kobo-linux-gnueabihf-g++ -V >&5
[01m[Karm-kobo-linux-gnueabihf-g++:[m[K [01;31m[Kerror: [m[Kunrecognized command-line option '[01m[K-V[m[K'
[01m[Karm-kobo-linux-gnueabihf-g++:[m[K [01;31m[Kfatal error: [m[Kno input files
compilation terminated.
configure:5300: $? = 1
configure:5289: arm-kobo-linux-gnueabihf-g++ -qversion >&5
[01m[Karm-kobo-linux-gnueabihf-g++:[m[K [01;31m[Kerror: [m[Kunrecognized command-line option '[01m[K-qversion[m[K'; did you mean '[01m[K--version[m[K'?
[01m[Karm-kobo-linux-gnueabihf-g++:[m[K [01;31m[Kfatal error: [m[Kno input files
compilation terminated.
configure:5300: $? = 1
configure:5304: checking whether we are using the GNU C++ compiler
configure:5323: arm-kobo-linux-gnueabihf-g++ -c   conftest.cpp >&5
configure:5323: $? = 0
configure:5332: result: yes
configure:5341: checking whether arm-kobo-linux-gnueabihf-g++ accepts -g
configure:5361: arm-kobo-linux-gnueabihf-g++ -c -g  conftest.cpp >&5
configure:5361: $? = 0
configure:5402: result: yes
configure:5451: checking whether g++ accepts -static-libstdc++ -static-libgcc
configure:5468: arm-kobo-linux-gnueabihf-g++ -o conftest -g -O2   -static-libstdc++ -static-libgcc conftest.cpp  >&5
configure:5468: $? = 0
configure:5469: result: yes
configure:5493: checking for arm-linux-gnueabihf-gnatbind
configure:5523: result: no
configure:5533: checking for gnatbind
configure:5563: result: no
configure:5585: checking for arm-linux-gnueabihf-gnatmake
configure:5615: result: no
configure:5625: checking for gnatmake
configure:5655: result: no
configure:5674: checking whether compiler driver understands Ada and is recent enough
configure:5701: result: no
configure:5715: checking for arm-linux-gnueabihf-gdc
configure:5745: result: no
configure:5755: checking for gdc
configure:5785: result: no
configure:5804: checking whether the D compiler works
configure:5821: result: no
configure:5829: checking how to compare bootstrapped objects
configure:5854: result: cmp --ignore-initial=16 $$f1 $$f2
configure:7998: checking for objdir
configure:8013: result: .libs
configure:8562: checking for isl 0.15 or later
configure:8575: arm-kobo-linux-gnueabihf-gcc -o conftest -g -O2      -lisl -lmpc -lmpfr -lgmp conftest.c  -lisl -lgmp >&5
[01m[Kconftest.c:10:10:[m[K [01;31m[Kfatal error: [m[Kisl/schedule.h: No such file or directory
   10 | #include [01;31m[K<isl/schedule.h>[m[K
      |          [01;31m[K^~~~~~~~~~~~~~~~[m[K
compilation terminated.
configure:8575: $? = 1
configure: failed program was:
| /* confdefs.h */
| #define PACKAGE_NAME ""
| #define PACKAGE_TARNAME ""
| #define PACKAGE_VERSION ""
| #define PACKAGE_STRING ""
| #define PACKAGE_BUGREPORT ""
| #define PACKAGE_URL ""
| #define LT_OBJDIR ".libs/"
| /* end confdefs.h.  */
| #include <isl/schedule.h>
| int
| main ()
| {
| isl_options_set_schedule_serialize_sccs (NULL, 0);
|   ;
|   return 0;
| }
configure:8582: result: no
configure:8586: result: required isl version is 0.15 or later
configure:9729: checking for default BUILD_CONFIG
configure:9761: result: 
configure:9766: checking for --enable-vtable-verify
configure:9779: result: no
configure:10432: checking for bison
configure:10448: found /sbin/bison
configure:10459: result: bison -y
configure:10479: checking for bison
configure:10495: found /sbin/bison
configure:10506: result: bison
configure:10526: checking for gm4
configure:10556: result: no
configure:10526: checking for gnum4
configure:10556: result: no
configure:10526: checking for m4
configure:10542: found /sbin/m4
configure:10553: result: m4
configure:10573: checking for flex
configure:10589: found /sbin/flex
configure:10600: result: flex
configure:10621: checking for flex
configure:10637: found /sbin/flex
configure:10648: result: flex
configure:10668: checking for makeinfo
configure:10684: found /sbin/makeinfo
configure:10695: result: makeinfo
configure:10729: checking for expect
configure:10745: found /sbin/expect
configure:10756: result: expect
configure:10778: checking for runtest
configure:10808: result: no
configure:10842: checking for ar
configure:10869: result: arm-kobo-linux-gnueabihf-ar
configure:10884: checking for arm-linux-gnueabihf-ar
configure:10911: result: arm-kobo-linux-gnueabihf-ar
configure:11025: checking for arm-linux-gnueabihf-as
configure:11055: result: no
configure:11166: checking for arm-linux-gnueabihf-dlltool
configure:11196: result: no
configure:11307: checking for arm-linux-gnueabihf-dsymutil
configure:11337: result: no
configure:11406: checking for ld
configure:11433: result: arm-kobo-linux-gnueabihf-ld
configure:11448: checking for arm-linux-gnueabihf-ld
configure:11475: result: arm-kobo-linux-gnueabihf-ld
configure:11589: checking for arm-linux-gnueabihf-lipo
configure:11619: result: no
configure:11730: checking for arm-linux-gnueabihf-nm
configure:11760: result: no
configure:11829: checking for ranlib
configure:11856: result: arm-kobo-linux-gnueabihf-ranlib
configure:11871: checking for arm-linux-gnueabihf-ranlib
configure:11898: result: arm-kobo-linux-gnueabihf-ranlib
configure:12007: checking for arm-linux-gnueabihf-strip
configure:12037: result: no
configure:12143: checking for arm-linux-gnueabihf-windres
configure:12173: result: no
configure:12284: checking for arm-linux-gnueabihf-windmc
configure:12314: result: no
configure:12425: checking for arm-linux-gnueabihf-objcopy
configure:12455: result: no
configure:12566: checking for arm-linux-gnueabihf-objdump
configure:12596: result: no
configure:12707: checking for arm-linux-gnueabihf-otool
configure:12737: result: no
configure:12848: checking for arm-linux-gnueabihf-readelf
configure:12878: result: no
configure:12943: checking for -plugin option
configure:12961: checking for arm-linux-gnueabihf-ar
configure:12988: result: arm-kobo-linux-gnueabihf-ar
configure:13063: result: --plugin /mnt/HDD/Project/inkbox-build/inkbox/compiled-binaries/arm-kobo-linux-gnueabihf/bin/../libexec/gcc/arm-kobo-linux-gnueabihf/11.2.0/liblto_plugin.so
configure:17529: checking where to find the target ar
configure:17539: result: pre-installed
configure:17571: checking where to find the target as
configure:17581: result: pre-installed
configure:17613: checking where to find the target cc
configure:17623: result: pre-installed
configure:17655: checking where to find the target c++
configure:17665: result: pre-installed
configure:17700: checking where to find the target c++ for libstdc++
configure:17710: result: pre-installed
configure:17745: checking where to find the target dlltool
configure:17755: result: pre-installed
configure:17787: checking where to find the target dsymutil
configure:17797: result: pre-installed
configure:17818: checking where to find the target gcc
configure:17828: result: pre-installed
configure:17860: checking where to find the target gfortran
configure:17870: result: pre-installed
configure:17905: checking where to find the target gccgo
configure:17915: result: pre-installed
configure:17950: checking where to find the target gdc
configure:17960: result: pre-installed
configure:17995: checking where to find the target ld
configure:18005: result: pre-installed
configure:18037: checking where to find the target lipo
configure:18047: result: pre-installed
configure:18068: checking where to find the target nm
configure:18078: result: pre-installed
configure:18110: checking where to find the target objcopy
configure:18120: result: pre-installed
configure:18152: checking where to find the target objdump
configure:18162: result: pre-installed
configure:18194: checking where to find the target otool
configure:18204: result: pre-installed
configure:18225: checking where to find the target ranlib
configure:18235: result: pre-installed
configure:18267: checking where to find the target readelf
configure:18277: result: pre-installed
configure:18309: checking where to find the target strip
configure:18319: result: pre-installed
configure:18351: checking where to find the target windres
configure:18361: result: pre-installed
configure:18393: checking where to find the target windmc
configure:18403: result: pre-installed
configure:18463: checking whether to enable maintainer-specific portions of Makefiles
configure:18472: result: no
configure:18707: creating ./config.status

## ---------------------- ##
## Running config.status. ##
## ---------------------- ##

This file was extended by config.status, which was
generated by GNU Autoconf 2.69.  Invocation command line was

  CONFIG_FILES    = 
  CONFIG_HEADERS  = 
  CONFIG_LINKS    = 
  CONFIG_COMMANDS = 
  $ ./config.status 

on hyperbookszyb

config.status:1053: creating Makefile

## ---------------- ##
## Cache variables. ##
## ---------------- ##

ac_cv_build=x86_64-pc-linux-gnu
ac_cv_c_compiler_gnu=yes
ac_cv_cxx_compiler_gnu=yes
ac_cv_env_AR_FOR_TARGET_set=
ac_cv_env_AR_FOR_TARGET_value=
ac_cv_env_AR_set=set
ac_cv_env_AR_value=arm-kobo-linux-gnueabihf-ar
ac_cv_env_AS_FOR_TARGET_set=
ac_cv_env_AS_FOR_TARGET_value=
ac_cv_env_AS_set=
ac_cv_env_AS_value=
ac_cv_env_CCC_set=
ac_cv_env_CCC_value=
ac_cv_env_CC_FOR_TARGET_set=
ac_cv_env_CC_FOR_TARGET_value=
ac_cv_env_CC_set=set
ac_cv_env_CC_value=arm-kobo-linux-gnueabihf-gcc
ac_cv_env_CFLAGS_set=
ac_cv_env_CFLAGS_value=
ac_cv_env_CPPFLAGS_set=
ac_cv_env_CPPFLAGS_value=
ac_cv_env_CXXFLAGS_set=
ac_cv_env_CXXFLAGS_value=
ac_cv_env_CXX_FOR_TARGET_set=
ac_cv_env_CXX_FOR_TARGET_value=
ac_cv_env_CXX_set=set
ac_cv_env_CXX_value=arm-kobo-linux-gnueabihf-g++
ac_cv_env_DLLTOOL_FOR_TARGET_set=
ac_cv_env_DLLTOOL_FOR_TARGET_value=
ac_cv_env_DLLTOOL_set=
ac_cv_env_DLLTOOL_value=
ac_cv_env_DSYMUTIL_FOR_TARGET_set=
ac_cv_env_DSYMUTIL_FOR_TARGET_value=
ac_cv_env_DSYMUTIL_set=
ac_cv_env_DSYMUTIL_value=
ac_cv_env_GCC_FOR_TARGET_set=
ac_cv_env_GCC_FOR_TARGET_value=
ac_cv_env_GDC_FOR_TARGET_set=
ac_cv_env_GDC_FOR_TARGET_value=
ac_cv_env_GFORTRAN_FOR_TARGET_set=
ac_cv_env_GFORTRAN_FOR_TARGET_value=
ac_cv_env_GOC_FOR_TARGET_set=
ac_cv_env_GOC_FOR_TARGET_value=
ac_cv_env_LDFLAGS_set=
ac_cv_env_LDFLAGS_value=
ac_cv_env_LD_FOR_TARGET_set=
ac_cv_env_LD_FOR_TARGET_value=
ac_cv_env_LD_set=set
ac_cv_env_LD_value=arm-kobo-linux-gnueabihf-ld
ac_cv_env_LIBS_set=
ac_cv_env_LIBS_value=
ac_cv_env_LIPO_FOR_TARGET_set=
ac_cv_env_LIPO_FOR_TARGET_value=
ac_cv_env_LIPO_set=
ac_cv_env_LIPO_value=
ac_cv_env_NM_FOR_TARGET_set=
ac_cv_env_NM_FOR_TARGET_value=
ac_cv_env_NM_set=
ac_cv_env_NM_value=
ac_cv_env_OBJCOPY_FOR_TARGET_set=
ac_cv_env_OBJCOPY_FOR_TARGET_value=
ac_cv_env_OBJCOPY_set=
ac_cv_env_OBJCOPY_value=
ac_cv_env_OBJDUMP_FOR_TARGET_set=
ac_cv_env_OBJDUMP_FOR_TARGET_value=
ac_cv_env_OBJDUMP_set=
ac_cv_env_OBJDUMP_value=
ac_cv_env_OTOOL_FOR_TARGET_set=
ac_cv_env_OTOOL_FOR_TARGET_value=
ac_cv_env_OTOOL_set=
ac_cv_env_OTOOL_value=
ac_cv_env_RANLIB_FOR_TARGET_set=
ac_cv_env_RANLIB_FOR_TARGET_value=
ac_cv_env_RANLIB_set=set
ac_cv_env_RANLIB_value=arm-kobo-linux-gnueabihf-ranlib
ac_cv_env_READELF_FOR_TARGET_set=
ac_cv_env_READELF_FOR_TARGET_value=
ac_cv_env_READELF_set=
ac_cv_env_READELF_value=
ac_cv_env_STRIP_FOR_TARGET_set=
ac_cv_env_STRIP_FOR_TARGET_value=
ac_cv_env_STRIP_set=
ac_cv_env_STRIP_value=
ac_cv_env_WINDMC_FOR_TARGET_set=
ac_cv_env_WINDMC_FOR_TARGET_value=
ac_cv_env_WINDMC_set=
ac_cv_env_WINDMC_value=
ac_cv_env_WINDRES_FOR_TARGET_set=
ac_cv_env_WINDRES_FOR_TARGET_value=
ac_cv_env_WINDRES_set=
ac_cv_env_WINDRES_value=
ac_cv_env_build_alias_set=
ac_cv_env_build_alias_value=
ac_cv_env_build_configargs_set=
ac_cv_env_build_configargs_value=
ac_cv_env_host_alias_set=set
ac_cv_env_host_alias_value=arm-linux-gnueabihf
ac_cv_env_host_configargs_set=
ac_cv_env_host_configargs_value=
ac_cv_env_target_alias_set=
ac_cv_env_target_alias_value=
ac_cv_env_target_configargs_set=
ac_cv_env_target_configargs_value=
ac_cv_host=arm-unknown-linux-gnueabihf
ac_cv_objext=o
ac_cv_path_SED=/sbin/sed
ac_cv_path_install='/bin/install -c'
ac_cv_prog_AR=arm-kobo-linux-gnueabihf-ar
ac_cv_prog_AWK=gawk
ac_cv_prog_BISON=bison
ac_cv_prog_CC=arm-kobo-linux-gnueabihf-gcc
ac_cv_prog_EXPECT=expect
ac_cv_prog_FLEX=flex
ac_cv_prog_LD=arm-kobo-linux-gnueabihf-ld
ac_cv_prog_LEX=flex
ac_cv_prog_M4=m4
ac_cv_prog_MAKEINFO=makeinfo
ac_cv_prog_RANLIB=arm-kobo-linux-gnueabihf-ranlib
ac_cv_prog_YACC='bison -y'
ac_cv_prog_cc_c89=
ac_cv_prog_cc_c99=
ac_cv_prog_cc_g=yes
ac_cv_prog_cxx_g=yes
ac_cv_target=arm-unknown-linux-gnueabihf
acx_cv_cc_gcc_supports_ada=no
acx_cv_d_compiler_works=no
acx_cv_prog_LN=ln
gcc_cv_isl=no
gcc_cv_prog_cmp_skip='cmp --ignore-initial=16 $$f1 $$f2'
gcc_cv_tool_dirs=
gcc_cv_tool_prefix=/home/build/inkbox/compiled-binaries/arm-kobo-linux-gnueabihf/arm-kobo-linux-gnueabihf/sysroot
lt_cv_objdir=.libs

## ----------------- ##
## Output variables. ##
## ----------------- ##

AR='arm-kobo-linux-gnueabihf-ar'
AR_FOR_BUILD='ar'
AR_FOR_TARGET='ar'
AR_PLUGIN_OPTION='--plugin /mnt/HDD/Project/inkbox-build/inkbox/compiled-binaries/arm-kobo-linux-gnueabihf/bin/../libexec/gcc/arm-kobo-linux-gnueabihf/11.2.0/liblto_plugin.so'
AS='arm-linux-gnueabihf-as'
AS_FOR_BUILD='as'
AS_FOR_TARGET='as'
AWK='gawk'
BISON='bison'
BUILD_CONFIG=''
CC='arm-kobo-linux-gnueabihf-gcc'
CC_FOR_BUILD='gcc'
CC_FOR_TARGET='cc'
CFLAGS='-g -O2'
CFLAGS_FOR_BUILD=''
CFLAGS_FOR_TARGET='-g -O2'
COMPILER_AS_FOR_TARGET='$(AS_FOR_TARGET)'
COMPILER_LD_FOR_TARGET='$(LD_FOR_TARGET)'
COMPILER_NM_FOR_TARGET='$(NM_FOR_TARGET)'
CONFIGURE_GDB_TK=''
CPPFLAGS=''
CPPFLAGS_FOR_BUILD=''
CPP_FOR_BUILD='$(CC_FOR_BUILD) -E'
CXX='arm-kobo-linux-gnueabihf-g++'
CXXFLAGS='-g -O2'
CXXFLAGS_FOR_BUILD=''
CXXFLAGS_FOR_TARGET='-g -O2'
CXX_FOR_BUILD='g++'
CXX_FOR_TARGET='c++'
DEBUG_PREFIX_CFLAGS_FOR_TARGET=''
DEFS='-DPACKAGE_NAME=\"\" -DPACKAGE_TARNAME=\"\" -DPACKAGE_VERSION=\"\" -DPACKAGE_STRING=\"\" -DPACKAGE_BUGREPORT=\"\" -DPACKAGE_URL=\"\" -DLT_OBJDIR=\".libs/\"'
DLLTOOL='arm-linux-gnueabihf-dlltool'
DLLTOOL_FOR_BUILD='dlltool'
DLLTOOL_FOR_TARGET='dlltool'
DSYMUTIL='arm-linux-gnueabihf-dsymutil'
DSYMUTIL_FOR_BUILD='dsymutil'
DSYMUTIL_FOR_TARGET='dsymutil'
ECHO_C=''
ECHO_N='-n'
ECHO_T=''
EXEEXT=''
EXPECT='expect'
FLAGS_FOR_TARGET=' -L$$r/$(HOST_SUBDIR)/ld'
FLEX='flex'
GCC_FOR_TARGET='cc'
GCC_SHLIB_SUBDIR=''
GDB_TK=''
GDC='no'
GDCFLAGS=''
GDC_FOR_BUILD='gdc'
GDC_FOR_TARGET='gdc'
GFORTRAN_FOR_BUILD='gfortran'
GFORTRAN_FOR_TARGET='gfortran'
GNATBIND='no'
GNATMAKE='no'
GOC_FOR_BUILD='gccgo'
GOC_FOR_TARGET='gccgo'
HAVE_CXX11=''
HAVE_CXX11_FOR_BUILD=''
INSTALL_DATA='${INSTALL} -m 644'
INSTALL_GDB_TK=''
INSTALL_PROGRAM='${INSTALL}'
INSTALL_SCRIPT='${INSTALL}'
LD='arm-kobo-linux-gnueabihf-ld'
LDFLAGS=''
LDFLAGS_FOR_BUILD=''
LDFLAGS_FOR_TARGET=''
LD_FOR_BUILD='ld'
LD_FOR_TARGET='ld'
LEX='flex'
LIBOBJS=''
LIBS=''
LIPO='arm-linux-gnueabihf-lipo'
LIPO_FOR_TARGET='lipo'
LN='ln'
LN_S='ln -s'
LTLIBOBJS=''
M4='m4'
MAINT='#'
MAINTAINER_MODE_FALSE=''
MAINTAINER_MODE_TRUE='#'
MAKEINFO='makeinfo'
NM='arm-linux-gnueabihf-nm'
NM_FOR_BUILD='nm'
NM_FOR_TARGET='nm'
OBJCOPY='arm-linux-gnueabihf-objcopy'
OBJCOPY_FOR_TARGET='objcopy'
OBJDUMP='arm-linux-gnueabihf-objdump'
OBJDUMP_FOR_TARGET='objdump'
OBJEXT='o'
OTOOL='arm-linux-gnueabihf-otool'
OTOOL_FOR_TARGET='otool'
PACKAGE_BUGREPORT=''
PACKAGE_NAME=''
PACKAGE_STRING=''
PACKAGE_TARNAME=''
PACKAGE_URL=''
PACKAGE_VERSION=''
PATH_SEPARATOR=':'
PGO_BUILD_GEN_CFLAGS=''
PGO_BUILD_LTO_CFLAGS=''
PGO_BUILD_USE_CFLAGS=''
PKG_CONFIG_PATH=''
RANLIB='arm-kobo-linux-gnueabihf-ranlib'
RANLIB_FOR_BUILD='ranlib'
RANLIB_FOR_TARGET='ranlib'
RANLIB_PLUGIN_OPTION='--plugin /mnt/HDD/Project/inkbox-build/inkbox/compiled-binaries/arm-kobo-linux-gnueabihf/bin/../libexec/gcc/arm-kobo-linux-gnueabihf/11.2.0/liblto_plugin.so'
RAW_CXX_FOR_TARGET='c++'
READELF='arm-linux-gnueabihf-readelf'
READELF_FOR_TARGET='readelf'
RPATH_ENVVAR='LD_LIBRARY_PATH'
RUNTEST='runtest'
SED='/sbin/sed'
SHELL='/bin/sh'
STRIP='true'
STRIP_FOR_TARGET='strip'
SYSROOT_CFLAGS_FOR_TARGET='--sysroot=/home/build/inkbox/compiled-binaries/arm-kobo-linux-gnueabihf/arm-kobo-linux-gnueabihf/sysroot/'
TOPLEVEL_CONFIGURE_ARGUMENTS='./configure --host=arm-linux-gnueabihf --prefix=/home/build/inkbox/compiled-binaries/arm-kobo-linux-gnueabihf/arm-kobo-linux-gnueabihf/sysroot/ --with-build-sysroot=/home/build/inkbox/compiled-binaries/arm-kobo-linux-gnueabihf/arm-kobo-linux-gnueabihf/sysroot/'
WINDMC='arm-linux-gnueabihf-windmc'
WINDMC_FOR_BUILD='windmc'
WINDMC_FOR_TARGET='windmc'
WINDRES='arm-linux-gnueabihf-windres'
WINDRES_FOR_BUILD='windres'
WINDRES_FOR_TARGET='windres'
YACC='bison -y'
ac_ct_CC=''
ac_ct_CXX=''
bindir='${exec_prefix}/bin'
build='x86_64-pc-linux-gnu'
build_alias=''
build_configargs=' --cache-file=./config.cache '\''--prefix=/home/build/inkbox/compiled-binaries/arm-kobo-linux-gnueabihf/arm-kobo-linux-gnueabihf/sysroot/'\'' '\''--with-build-sysroot=/home/build/inkbox/compiled-binaries/arm-kobo-linux-gnueabihf/arm-kobo-linux-gnueabihf/sysroot/'\'' --program-transform-name='\''s,y,y,'\'' --disable-option-checking --disable-year2038'
build_configdirs=' libiberty'
build_cpu='x86_64'
build_libsubdir='build-x86_64-pc-linux-gnu'
build_noncanonical='x86_64-pc-linux-gnu'
build_os='linux-gnu'
build_subdir='build-x86_64-pc-linux-gnu'
build_tooldir='${exec_prefix}/arm-linux-gnueabihf'
build_vendor='pc'
compare_exclusions='gcc/cc*-checksum$(objext) | gcc/ada/*tools/*'
configdirs=' intl libiberty opcodes bfd readline zlib libbacktrace libdecnumber libctf libsframe binutils gas ld sim gdb gdbserver gprof etc gnulib gdbsupport'
datadir='${datarootdir}'
datarootdir='${prefix}/share'
do_compare='cmp --ignore-initial=16 $$f1 $$f2'
docdir='${datarootdir}/doc/${PACKAGE}'
dvidir='${docdir}'
exec_prefix='${prefix}'
extra_host_libiberty_configure_flags='--enable-shared'
extra_host_zlib_configure_flags=''
extra_isl_gmp_configure_flags=''
extra_liboffloadmic_configure_flags=''
extra_linker_plugin_configure_flags=''
extra_linker_plugin_flags=''
extra_mpc_gmp_configure_flags=''
extra_mpc_mpfr_configure_flags=''
extra_mpfr_configure_flags=''
get_gcc_base_ver='cat'
gmpinc=''
gmplibs='-lmpc -lmpfr -lgmp'
host='arm-unknown-linux-gnueabihf'
host_alias='arm-linux-gnueabihf'
host_configargs=' --cache-file=./config.cache  --with-gnu-as --with-gnu-ld '\''--prefix=/home/build/inkbox/compiled-binaries/arm-kobo-linux-gnueabihf/arm-kobo-linux-gnueabihf/sysroot/'\'' '\''--with-build-sysroot=/home/build/inkbox/compiled-binaries/arm-kobo-linux-gnueabihf/arm-kobo-linux-gnueabihf/sysroot/'\'' --program-transform-name='\''s,y,y,'\'' --disable-option-checking --disable-year2038'
host_cpu='arm'
host_noncanonical='arm-linux-gnueabihf'
host_os='linux-gnueabihf'
host_shared='no'
host_subdir='.'
host_vendor='unknown'
htmldir='${docdir}'
includedir='${prefix}/include'
infodir='${datarootdir}/info'
islinc=''
isllibs=''
libdir='${exec_prefix}/lib'
libexecdir='${exec_prefix}/libexec'
localedir='${datarootdir}/locale'
localstatedir='${prefix}/var'
mandir='${datarootdir}/man'
oldincludedir='/usr/include'
pdfdir='${docdir}'
poststage1_ldflags='-static-libstdc++ -static-libgcc'
poststage1_libs=''
prefix='/home/build/inkbox/compiled-binaries/arm-kobo-linux-gnueabihf/arm-kobo-linux-gnueabihf/sysroot'
program_transform_name='s,y,y,'
psdir='${docdir}'
sbindir='${exec_prefix}/sbin'
sharedstatedir='${prefix}/com'
stage1_cflags='-g'
stage1_checking='--enable-checking=yes,types'
stage1_languages=',c,'
stage1_ldflags=''
stage1_libs=''
stage2_werror_flag=''
sysconfdir='${prefix}/etc'
target='arm-unknown-linux-gnueabihf'
target_alias=''
target_configargs='--cache-file=./config.cache --enable-multilib   '\''--prefix=/home/build/inkbox/compiled-binaries/arm-kobo-linux-gnueabihf/arm-kobo-linux-gnueabihf/sysroot/'\'' '\''--with-build-sysroot=/home/build/inkbox/compiled-binaries/arm-kobo-linux-gnueabihf/arm-kobo-linux-gnueabihf/sysroot/'\'' --program-transform-name='\''s,y,y,'\'' --disable-option-checking --disable-year2038'
target_configdirs=''
target_cpu='arm'
target_noncanonical='arm-linux-gnueabihf'
target_os='linux-gnueabihf'
target_subdir='arm-linux-gnueabihf'
target_vendor='unknown'
tooldir='${exec_prefix}/arm-linux-gnueabihf'

## ------------------- ##
## File substitutions. ##
## ------------------- ##

alphaieee_frag='/dev/null'
host_makefile_frag='/dev/null'
ospace_frag='/dev/null'
serialization_dependencies='serdep.tmp'
target_makefile_frag='./config/mt-gnu'

## ----------- ##
## confdefs.h. ##
## ----------- ##

/* confdefs.h */
#define PACKAGE_NAME ""
#define PACKAGE_TARNAME ""
#define PACKAGE_VERSION ""
#define PACKAGE_STRING ""
#define PACKAGE_BUGREPORT ""
#define PACKAGE_URL ""
#define LT_OBJDIR ".libs/"

configure: exit 0
