# kdesrc-build running: 'make' '-j' '8'
# from directory: /home/szybet/kdesrc/build/frameworks/kio
-- 

Installing in /mnt/HDD/Project/Public/okulartry/okular-things. Run /home/szybet/kdesrc/build/frameworks/kio/prefix.sh to set the environment for KIO.
-- The following REQUIRED packages have been found:

 * ECM (required version >= 5.106.0), Extra CMake Modules., <https://commits.kde.org/extra-cmake-modules>
 * Qt5Core (required version >= 5.15.2)
 * KF5Archive (required version >= 5.106.0)
 * Gettext
 * KF5I18n (required version >= 5.106.0)
 * KF5Config (required version >= 5.106.0)
 * KF5CoreAddons (required version >= 5.106.0)
 * KF5Service (required version >= 5.106.0)
 * KF5Solid (required version >= 5.106.0)
 * KF5Crash (required version >= 5.106.0)
 * KF5DBusAddons (required version >= 5.106.0)
 * KF5Auth (required version >= 5.106.0)
 * Qt5Gui (required version >= 5.15.2)
 * Qt5Widgets
 * Qt5Network
 * Qt5Concurrent
 * Qt5Xml
 * Qt5Test
 * Qt5DBus
 * Qt5 (required version >= 5.15.2)
 * LibMount, API for getting info about mounted filesystems (part of util-linux), <https://www.kernel.org/pub/linux/utils/util-linux/>

-- The following features have been disabled:

 * QCH, API documentation in QCH format (for e.g. Qt Assistant, Qt Creator & KDevelop)
 * DESIGNERPLUGIN, Build plugin for Qt Designer

-- The following OPTIONAL packages have not been found:

 * GSSAPI, Allows KIO to make use of certain HTTP authentication services, <https://web.mit.edu/kerberos/www/>
   A MIT or HEIMDAL flavor of GSSAPI can be used

-- The following RECOMMENDED packages have not been found:

 * ACL, LibACL, <ftp://oss.sgi.com/projects/xfs/cmd_tars>
   Support for manipulating access control lists

-- Configuring done (0.2s)
CMake Error at src/schemehandlers/telnet/CMakeLists.txt:5 (target_link_libraries):
  Target "ktelnetservice5" links to:

    KF5::KIOGui

  but the target was not found.  Possible reasons include:

    * There is a typo in the target name.
    * A find_package call is missing for an IMPORTED target.
    * An ALIAS target is missing.



-- Generating done (0.1s)
CMake Generate step failed.  Build files cannot be regenerated correctly.
make: *** [Makefile:1393: cmake_check_build_system] Error 1
