This file contains any messages produced by compilers while
running configure, to aid debugging if configure makes a mistake.

It was created by gprof configure 2.39.50, which was
generated by GNU Autoconf 2.69.  Invocation command line was

  $ /mnt/HDD/Project/Public/okulartry/binutils-gdb/gprof/configure --srcdir=.././gprof --cache-file=./config.cache --with-gnu-as --with-gnu-ld --prefix=/home/build/inkbox/compiled-binaries/arm-kobo-linux-gnueabihf/arm-kobo-linux-gnueabihf/sysroot/ --with-build-sysroot=/home/build/inkbox/compiled-binaries/arm-kobo-linux-gnueabihf/arm-kobo-linux-gnueabihf/sysroot/ --program-transform-name=s,y,y, --disable-option-checking --disable-year2038 --build=x86_64-pc-linux-gnu --host=arm-linux-gnueabihf --target=arm-linux-gnueabihf

## --------- ##
## Platform. ##
## --------- ##

hostname = hyperbookszyb
uname -m = x86_64
uname -r = 6.1.28-1-lts
uname -s = Linux
uname -v = #1 SMP PREEMPT_DYNAMIC Thu, 11 May 2023 15:52:41 +0000

/usr/bin/uname -p = unknown
/bin/uname -X     = unknown

/bin/arch              = unknown
/usr/bin/arch -k       = unknown
/usr/convex/getsysinfo = unknown
/usr/bin/hostinfo      = unknown
/bin/machine           = unknown
/usr/bin/oslevel       = unknown
/bin/universe          = unknown

PATH: /home/szybet/kde/src/kdesrc-build
PATH: /home/szybet/.cargo/bin
PATH: /sbin
PATH: /bin
PATH: /usr/local/sbin
PATH: /usr/local/bin
PATH: /usr/bin
PATH: /usr/sbin
PATH: /home/szybet/.dotnet/tools
PATH: /usr/lib/jvm/default/bin
PATH: /usr/bin/site_perl
PATH: /usr/bin/vendor_perl
PATH: /usr/bin/core_perl
PATH: /usr/lib/rustup/bin
PATH: /home/build/inkbox/compiled-binaries/arm-kobo-linux-gnueabihf/bin/
PATH: /home/build/inkbox/compiled-binaries/qt-bin/qt-linux-5.15.2-kobo/bin/


## ----------- ##
## Core tests. ##
## ----------- ##

configure:2155: loading cache ./config.cache
configure:2274: checking build system type
configure:2288: result: x86_64-pc-linux-gnu
configure:2308: checking host system type
configure:2321: result: arm-unknown-linux-gnueabihf
configure:2341: checking target system type
configure:2354: result: arm-unknown-linux-gnueabihf
configure:2397: checking for a BSD-compatible install
configure:2465: result: /bin/install -c
configure:2476: checking whether build environment is sane
configure:2531: result: yes
configure:2590: checking for arm-linux-gnueabihf-strip
configure:2617: result: strip
configure:2682: checking for a thread-safe mkdir -p
configure:2721: result: /sbin/mkdir -p
configure:2728: checking for gawk
configure:2755: result: gawk
configure:2766: checking whether make sets $(MAKE)
configure:2788: result: yes
configure:2817: checking whether make supports nested variables
configure:2834: result: yes
configure:2971: checking whether make supports nested variables
configure:2988: result: yes
configure:3011: checking for arm-linux-gnueabihf-gcc
configure:3038: result: arm-kobo-linux-gnueabihf-gcc
configure:3307: checking for C compiler version
configure:3316: arm-kobo-linux-gnueabihf-gcc --version >&5
arm-kobo-linux-gnueabihf-gcc (crosstool-NG 1.24.0.519_3e2d99d - NiLuJe) 11.2.0
Copyright (C) 2021 Free Software Foundation, Inc.
This is free software; see the source for copying conditions.  There is NO
warranty; not even for MERCHANTABILITY or FITNESS FOR A PARTICULAR PURPOSE.

configure:3327: $? = 0
configure:3316: arm-kobo-linux-gnueabihf-gcc -v >&5
Using built-in specs.
COLLECT_GCC=arm-kobo-linux-gnueabihf-gcc
COLLECT_LTO_WRAPPER=/mnt/HDD/Project/inkbox-build/inkbox/compiled-binaries/arm-kobo-linux-gnueabihf/bin/../libexec/gcc/arm-kobo-linux-gnueabihf/11.2.0/lto-wrapper
Target: arm-kobo-linux-gnueabihf
Configured with: /home/nicolas/Development/kox/koxtoolchain/build/kobo/.build/arm-kobo-linux-gnueabihf/src/gcc/configure --build=x86_64-build_pc-linux-gnu --host=x86_64-build_pc-linux-gnu --target=arm-kobo-linux-gnueabihf --prefix=/home/nicolas/x-tools/arm-kobo-linux-gnueabihf --exec_prefix=/home/nicolas/x-tools/arm-kobo-linux-gnueabihf --with-sysroot=/home/nicolas/x-tools/arm-kobo-linux-gnueabihf/arm-kobo-linux-gnueabihf/sysroot --enable-languages=c,c++ --with-cpu=cortex-a8 --with-fpu=neon --with-float=hard --with-pkgversion='crosstool-NG 1.24.0.519_3e2d99d - NiLuJe' --enable-__cxa_atexit --disable-libmudflap --disable-libgomp --disable-libssp --disable-libquadmath --disable-libquadmath-support --disable-libsanitizer --disable-libmpx --with-gmp=/home/nicolas/Development/kox/koxtoolchain/build/kobo/.build/arm-kobo-linux-gnueabihf/buildtools --with-mpfr=/home/nicolas/Development/kox/koxtoolchain/build/kobo/.build/arm-kobo-linux-gnueabihf/buildtools --with-mpc=/home/nicolas/Development/kox/koxtoolchain/build/kobo/.build/arm-kobo-linux-gnueabihf/buildtools --with-isl=no --with-cloog=no --enable-lto --enable-threads=posix --with-linker-hash-style=gnu --enable-plugin --enable-gold --disable-nls --disable-multilib --with-diagnostics-color=always --with-local-prefix=/home/nicolas/x-tools/arm-kobo-linux-gnueabihf/arm-kobo-linux-gnueabihf/sysroot --enable-long-long --with-mode=thumb
Thread model: posix
Supported LTO compression algorithms: zlib zstd
gcc version 11.2.0 (crosstool-NG 1.24.0.519_3e2d99d - NiLuJe) 
configure:3327: $? = 0
configure:3316: arm-kobo-linux-gnueabihf-gcc -V >&5
[01m[Karm-kobo-linux-gnueabihf-gcc:[m[K [01;31m[Kerror: [m[Kunrecognized command-line option '[01m[K-V[m[K'
[01m[Karm-kobo-linux-gnueabihf-gcc:[m[K [01;31m[Kfatal error: [m[Kno input files
compilation terminated.
configure:3327: $? = 1
configure:3316: arm-kobo-linux-gnueabihf-gcc -qversion >&5
[01m[Karm-kobo-linux-gnueabihf-gcc:[m[K [01;31m[Kerror: [m[Kunrecognized command-line option '[01m[K-qversion[m[K'; did you mean '[01m[K--version[m[K'?
[01m[Karm-kobo-linux-gnueabihf-gcc:[m[K [01;31m[Kfatal error: [m[Kno input files
compilation terminated.
configure:3327: $? = 1
configure:3347: checking whether the C compiler works
configure:3369: arm-kobo-linux-gnueabihf-gcc -g -O2        conftest.c  >&5
configure:3373: $? = 0
configure:3421: result: yes
configure:3424: checking for C compiler default output file name
configure:3426: result: a.out
configure:3432: checking for suffix of executables
configure:3439: arm-kobo-linux-gnueabihf-gcc -o conftest -g -O2        conftest.c  >&5
configure:3443: $? = 0
configure:3465: result: 
configure:3487: checking whether we are cross compiling
configure:3525: result: yes
configure:3530: checking for suffix of object files
configure:3577: result: o
configure:3581: checking whether we are using the GNU C compiler
configure:3609: result: yes
configure:3618: checking whether arm-kobo-linux-gnueabihf-gcc accepts -g
configure:3679: result: yes
configure:3696: checking for arm-kobo-linux-gnueabihf-gcc option to accept ISO C89
configure:3772: result: none needed
configure:3797: checking whether arm-kobo-linux-gnueabihf-gcc understands -c and -o together
configure:3834: result: yes
configure:3862: checking for style of include used by make
configure:3890: result: GNU
configure:3916: checking dependency style of arm-kobo-linux-gnueabihf-gcc
configure:4027: result: gcc3
configure:4048: checking how to run the C preprocessor
configure:4118: result: arm-kobo-linux-gnueabihf-gcc -E
configure:4138: arm-kobo-linux-gnueabihf-gcc -E  conftest.c
configure:4138: $? = 0
configure:4152: arm-kobo-linux-gnueabihf-gcc -E  conftest.c
[01m[Kconftest.c:11:10:[m[K [01;31m[Kfatal error: [m[Kac_nonexistent.h: No such file or directory
   11 | #include [01;31m[K<ac_nonexistent.h>[m[K
      |          [01;31m[K^~~~~~~~~~~~~~~~~~[m[K
compilation terminated.
configure:4152: $? = 1
configure: failed program was:
| /* confdefs.h */
| #define PACKAGE_NAME "gprof"
| #define PACKAGE_TARNAME "gprof"
| #define PACKAGE_VERSION "2.39.50"
| #define PACKAGE_STRING "gprof 2.39.50"
| #define PACKAGE_BUGREPORT ""
| #define PACKAGE_URL ""
| #define PACKAGE "gprof"
| #define VERSION "2.39.50"
| /* end confdefs.h.  */
| #include <ac_nonexistent.h>
configure:4181: checking for grep that handles long lines and -e
configure:4239: result: /sbin/grep
configure:4244: checking for egrep
configure:4306: result: /sbin/grep -E
configure:4311: checking for ANSI C header files
configure:4415: result: yes
configure:4428: checking for sys/types.h
configure:4428: result: yes
configure:4428: checking for sys/stat.h
configure:4428: result: yes
configure:4428: checking for stdlib.h
configure:4428: result: yes
configure:4428: checking for string.h
configure:4428: result: yes
configure:4428: checking for memory.h
configure:4428: result: yes
configure:4428: checking for strings.h
configure:4428: result: yes
configure:4428: checking for inttypes.h
configure:4428: result: yes
configure:4428: checking for stdint.h
configure:4428: result: yes
configure:4428: checking for unistd.h
configure:4428: result: yes
configure:4441: checking for minix/config.h
configure:4441: result: no
configure:4462: checking whether it is safe to define __EXTENSIONS__
configure:4487: result: yes
configure:4551: checking how to print strings
configure:4578: result: printf
configure:4599: checking for a sed that does not truncate output
configure:4663: result: /sbin/sed
configure:4681: checking for fgrep
configure:4743: result: /sbin/grep -F
configure:4778: checking for ld used by arm-kobo-linux-gnueabihf-gcc
configure:4845: result: arm-kobo-linux-gnueabihf-ld
configure:4852: checking if the linker (arm-kobo-linux-gnueabihf-ld) is GNU ld
configure:4867: result: yes
configure:4879: checking for BSD- or MS-compatible name lister (nm)
configure:4935: result: no
configure:4949: checking for arm-linux-gnueabihf-dumpbin
configure:4979: result: no
configure:4949: checking for arm-linux-gnueabihf-link
configure:4979: result: no
configure:4993: checking for dumpbin
configure:5020: result: link -dump
configure:5036: WARNING: using cross tools not prefixed with host triplet
configure:5065: checking the name lister (arm-linux-gnueabihf-nm) interface
configure:5085: result: BSD nm
configure:5088: checking whether ln -s works
configure:5092: result: yes
configure:5100: checking the maximum length of command line arguments
configure:5225: result: 1572864
configure:5242: checking whether the shell understands some XSI constructs
configure:5252: result: yes
configure:5256: checking whether the shell understands "+="
configure:5262: result: yes
configure:5297: checking for arm-kobo-linux-gnueabihf-ld option to reload object files
configure:5304: result: -r
configure:5333: checking for arm-linux-gnueabihf-objdump
configure:5360: result: arm-linux-gnueabihf-objdump
configure:5432: checking how to recognize dependent libraries
configure:5633: result: pass_all
configure:5666: checking for arm-linux-gnueabihf-ar
configure:5693: result: arm-kobo-linux-gnueabihf-ar --plugin /mnt/HDD/Project/inkbox-build/inkbox/compiled-binaries/arm-kobo-linux-gnueabihf/bin/../libexec/gcc/arm-kobo-linux-gnueabihf/11.2.0/liblto_plugin.so
configure:5784: checking for arm-linux-gnueabihf-strip
configure:5811: result: strip
configure:5883: checking for arm-linux-gnueabihf-ranlib
configure:5910: result: arm-kobo-linux-gnueabihf-ranlib --plugin /mnt/HDD/Project/inkbox-build/inkbox/compiled-binaries/arm-kobo-linux-gnueabihf/bin/../libexec/gcc/arm-kobo-linux-gnueabihf/11.2.0/liblto_plugin.so
configure:6057: checking command to parse arm-linux-gnueabihf-nm output from arm-kobo-linux-gnueabihf-gcc object
configure:6277: result: failed
configure:7128: checking for dlfcn.h
configure:7128: result: yes
configure:7315: checking for objdir
configure:7330: result: .libs
configure:7601: checking if arm-kobo-linux-gnueabihf-gcc supports -fno-rtti -fno-exceptions
configure:7636: result: no
configure:7656: checking for arm-kobo-linux-gnueabihf-gcc option to produce PIC
configure:7942: result: -fPIC -DPIC
configure:7954: checking if arm-kobo-linux-gnueabihf-gcc PIC flag -fPIC -DPIC works
configure:7989: result: yes
configure:8013: checking if arm-kobo-linux-gnueabihf-gcc static flag -static works
configure:8041: result: yes
configure:8056: checking if arm-kobo-linux-gnueabihf-gcc supports -c -o file.o
configure:8103: result: yes
configure:8111: checking if arm-kobo-linux-gnueabihf-gcc supports -c -o file.o
configure:8158: result: yes
configure:8191: checking whether the arm-kobo-linux-gnueabihf-gcc linker (arm-kobo-linux-gnueabihf-ld) supports shared libraries
configure:9262: result: yes
configure:9299: checking whether -lc should be explicitly linked in
configure:9342: result: no
configure:9507: checking dynamic linker characteristics
configure:10170: result: GNU/Linux ld.so
configure:10277: checking how to hardcode library paths into programs
configure:10302: result: immediate
configure:10842: checking whether stripping libraries is possible
configure:10847: result: yes
configure:10882: checking if libtool supports shared libraries
configure:10884: result: yes
configure:10887: checking whether to build shared libraries
configure:10908: result: yes
configure:10911: checking whether to build static libraries
configure:10915: result: yes
configure:10963: checking for dlfcn.h
configure:10963: result: yes
configure:10976: checking for windows.h
configure:10976: result: no
configure:11003: checking for library containing dlsym
configure:11051: result: -ldl
configure:11123: checking for special C compiler options needed for large files
configure:11168: result: no
configure:11174: checking for _FILE_OFFSET_BITS value needed for large files
configure:11231: result: 64
configure:11321: checking for sys/time.h
configure:11321: result: yes
configure:11333: checking for setitimer
configure:11333: result: yes
configure:11357: checking whether NLS is requested
configure:11363: result: yes
configure:11369: checking for catalogs to be installed
configure:11401: result:  bg da de eo es fi fr ga hu id it ja ka ms nl pt_BR ro ru rw sr sv tr uk vi bg da de eo es fi fr ga hu id it ja ka ms nl pt_BR ro ru rw sr sv tr uk vi
configure:11428: checking whether NLS is requested
configure:11437: result: yes
configure:11475: checking for msgfmt
configure:11506: result: /sbin/msgfmt
configure:11515: checking for gmsgfmt
configure:11546: result: /sbin/msgfmt
configure:11586: checking for xgettext
configure:11617: result: /sbin/xgettext
configure:11657: checking for msgmerge
configure:11687: result: /sbin/msgmerge
configure:11724: checking whether to enable maintainer-specific portions of Makefiles
configure:11733: result: no
configure:11758: checking for sys/gmon_out.h
configure:11758: result: yes
configure:11769: checking for a known getopt prototype in unistd.h
configure:11793: result: yes
configure:11802: checking for library containing fabs
configure:11850: result: -lm
configure:12138: checking that generated files are newer than configure
configure:12144: result: done
configure:12175: creating ./config.status

## ---------------------- ##
## Running config.status. ##
## ---------------------- ##

This file was extended by gprof config.status 2.39.50, which was
generated by GNU Autoconf 2.69.  Invocation command line was

  CONFIG_FILES    = 
  CONFIG_HEADERS  = 
  CONFIG_LINKS    = 
  CONFIG_COMMANDS = 
  $ ./config.status 

on hyperbookszyb

config.status:1120: creating Makefile
config.status:1120: creating po/Makefile.in
config.status:1120: creating gconfig.h
config.status:1301: gconfig.h is unchanged
config.status:1349: executing depfiles commands
config.status:1349: executing libtool commands
config.status:1349: executing default-1 commands

## ---------------- ##
## Cache variables. ##
## ---------------- ##

ac_cv_build=x86_64-pc-linux-gnu
ac_cv_c_compiler_gnu=yes
ac_cv_env_CC_set=set
ac_cv_env_CC_value=arm-kobo-linux-gnueabihf-gcc
ac_cv_env_CFLAGS_set=set
ac_cv_env_CFLAGS_value='-g -O2    '
ac_cv_env_CPPFLAGS_set=
ac_cv_env_CPPFLAGS_value=
ac_cv_env_CPP_set=
ac_cv_env_CPP_value=
ac_cv_env_LDFLAGS_set=set
ac_cv_env_LDFLAGS_value=' '
ac_cv_env_LIBS_set=
ac_cv_env_LIBS_value=
ac_cv_env_build_alias_set=set
ac_cv_env_build_alias_value=x86_64-pc-linux-gnu
ac_cv_env_host_alias_set=set
ac_cv_env_host_alias_value=arm-linux-gnueabihf
ac_cv_env_target_alias_set=set
ac_cv_env_target_alias_value=arm-linux-gnueabihf
ac_cv_func_setitimer=yes
ac_cv_header_dlfcn_h=yes
ac_cv_header_inttypes_h=yes
ac_cv_header_memory_h=yes
ac_cv_header_minix_config_h=no
ac_cv_header_stdc=yes
ac_cv_header_stdint_h=yes
ac_cv_header_stdlib_h=yes
ac_cv_header_string_h=yes
ac_cv_header_strings_h=yes
ac_cv_header_sys_gmon_out_h=yes
ac_cv_header_sys_stat_h=yes
ac_cv_header_sys_time_h=yes
ac_cv_header_sys_types_h=yes
ac_cv_header_unistd_h=yes
ac_cv_header_windows_h=no
ac_cv_host=arm-unknown-linux-gnueabihf
ac_cv_objext=o
ac_cv_path_EGREP='/sbin/grep -E'
ac_cv_path_FGREP='/sbin/grep -F'
ac_cv_path_GMSGFMT=/sbin/msgfmt
ac_cv_path_GREP=/sbin/grep
ac_cv_path_MSGFMT=/sbin/msgfmt
ac_cv_path_MSGMERGE=/sbin/msgmerge
ac_cv_path_SED=/sbin/sed
ac_cv_path_XGETTEXT=/sbin/xgettext
ac_cv_path_mkdir=/sbin/mkdir
ac_cv_prog_AR='arm-kobo-linux-gnueabihf-ar --plugin /mnt/HDD/Project/inkbox-build/inkbox/compiled-binaries/arm-kobo-linux-gnueabihf/bin/../libexec/gcc/arm-kobo-linux-gnueabihf/11.2.0/liblto_plugin.so'
ac_cv_prog_AWK=gawk
ac_cv_prog_CC=arm-kobo-linux-gnueabihf-gcc
ac_cv_prog_CPP='arm-kobo-linux-gnueabihf-gcc -E'
ac_cv_prog_OBJDUMP=arm-linux-gnueabihf-objdump
ac_cv_prog_RANLIB='arm-kobo-linux-gnueabihf-ranlib --plugin /mnt/HDD/Project/inkbox-build/inkbox/compiled-binaries/arm-kobo-linux-gnueabihf/bin/../libexec/gcc/arm-kobo-linux-gnueabihf/11.2.0/liblto_plugin.so'
ac_cv_prog_STRIP=strip
ac_cv_prog_ac_ct_DUMPBIN='link -dump'
ac_cv_prog_ac_ct_STRIP=strip
ac_cv_prog_cc_c89=
ac_cv_prog_cc_g=yes
ac_cv_prog_make_make_set=yes
ac_cv_safe_to_define___extensions__=yes
ac_cv_search_dlsym=-ldl
ac_cv_search_fabs=-lm
ac_cv_sys_file_offset_bits=64
ac_cv_sys_largefile_CC=no
ac_cv_target=arm-unknown-linux-gnueabihf
am_cv_CC_dependencies_compiler_type=gcc3
am_cv_make_support_nested_variables=yes
am_cv_prog_cc_c_o=yes
gprof_cv_decl_getopt_unistd_h=yes
lt_cv_archive_cmds_need_lc=no
lt_cv_deplibs_check_method=pass_all
lt_cv_file_magic_cmd='$MAGIC_CMD'
lt_cv_file_magic_test_file=
lt_cv_ld_reload_flag=-r
lt_cv_nm_interface='BSD nm'
lt_cv_objdir=.libs
lt_cv_path_LD=arm-kobo-linux-gnueabihf-ld
lt_cv_path_NM=no
lt_cv_prog_compiler_c_o=yes
lt_cv_prog_compiler_pic_works=yes
lt_cv_prog_compiler_rtti_exceptions=no
lt_cv_prog_compiler_static_works=yes
lt_cv_prog_gnu_ld=yes
lt_cv_shlibpath_overrides_runpath=no
lt_cv_sys_global_symbol_pipe=
lt_cv_sys_global_symbol_to_c_name_address='sed -n -e '\''s/^: \([^ ]*\) $/  {\"\1\", (void *) 0},/p'\'' -e '\''s/^[BCDEGRST]* \([^ ]*\) \([^ ]*\)$/  {"\2", (void *) \&\2},/p'\'''
lt_cv_sys_global_symbol_to_c_name_address_lib_prefix='sed -n -e '\''s/^: \([^ ]*\) $/  {\"\1\", (void *) 0},/p'\'' -e '\''s/^[BCDEGRST]* \([^ ]*\) \(lib[^ ]*\)$/  {"\2", (void *) \&\2},/p'\'' -e '\''s/^[BCDEGRST]* \([^ ]*\) \([^ ]*\)$/  {"lib\2", (void *) \&\2},/p'\'''
lt_cv_sys_global_symbol_to_cdecl=
lt_cv_sys_max_cmd_len=1572864

## ----------------- ##
## Output variables. ##
## ----------------- ##

ACLOCAL='${SHELL} /mnt/HDD/Project/Public/okulartry/binutils-gdb/missing aclocal-1.15'
AMDEPBACKSLASH='\'
AMDEP_FALSE='#'
AMDEP_TRUE=''
AMTAR='$${TAR-tar}'
AM_BACKSLASH='\'
AM_DEFAULT_V='$(AM_DEFAULT_VERBOSITY)'
AM_DEFAULT_VERBOSITY='0'
AM_V='$(V)'
AR='arm-kobo-linux-gnueabihf-ar --plugin /mnt/HDD/Project/inkbox-build/inkbox/compiled-binaries/arm-kobo-linux-gnueabihf/bin/../libexec/gcc/arm-kobo-linux-gnueabihf/11.2.0/liblto_plugin.so --plugin /mnt/HDD/Project/inkbox-build/inkbox/compiled-binaries/arm-kobo-linux-gnueabihf/bin/../libexec/gcc/arm-kobo-linux-gnueabihf/11.2.0/liblto_plugin.so'
AUTOCONF='${SHELL} /mnt/HDD/Project/Public/okulartry/binutils-gdb/missing autoconf'
AUTOHEADER='${SHELL} /mnt/HDD/Project/Public/okulartry/binutils-gdb/missing autoheader'
AUTOMAKE='${SHELL} /mnt/HDD/Project/Public/okulartry/binutils-gdb/missing automake-1.15'
AWK='gawk'
CATALOGS=' bg.gmo da.gmo de.gmo eo.gmo es.gmo fi.gmo fr.gmo ga.gmo hu.gmo id.gmo it.gmo ja.gmo ka.gmo ms.gmo nl.gmo pt_BR.gmo ro.gmo ru.gmo rw.gmo sr.gmo sv.gmo tr.gmo uk.gmo vi.gmo bg.gmo da.gmo de.gmo eo.gmo es.gmo fi.gmo fr.gmo ga.gmo hu.gmo id.gmo it.gmo ja.gmo ka.gmo ms.gmo nl.gmo pt_BR.gmo ro.gmo ru.gmo rw.gmo sr.gmo sv.gmo tr.gmo uk.gmo vi.gmo'
CATOBJEXT='.gmo'
CC='arm-kobo-linux-gnueabihf-gcc'
CCDEPMODE='depmode=gcc3'
CFLAGS='-g -O2    '
CPP='arm-kobo-linux-gnueabihf-gcc -E'
CPPFLAGS=''
CYGPATH_W='echo'
DATADIRNAME='share'
DEFS='-DHAVE_CONFIG_H'
DEPDIR='.deps'
DSYMUTIL='arm-linux-gnueabihf-dsymutil'
DUMPBIN=':'
ECHO_C=''
ECHO_N='-n'
ECHO_T=''
EGREP='/sbin/grep -E'
EXEEXT=''
FGREP='/sbin/grep -F'
GENCAT='gencat'
GENINSRC_NEVER_FALSE=''
GENINSRC_NEVER_TRUE='#'
GMSGFMT='/sbin/msgfmt'
GREP='/sbin/grep'
INCINTL=''
INSTALL_DATA='/bin/install -c -m 644'
INSTALL_PROGRAM='/bin/install -c'
INSTALL_SCRIPT='/bin/install -c'
INSTALL_STRIP_PROGRAM='$(install_sh) -c -s'
INSTOBJEXT='.mo'
LARGEFILE_CPPFLAGS=''
LD='arm-kobo-linux-gnueabihf-ld'
LDFLAGS=' '
LIBINTL=''
LIBINTL_DEP=''
LIBOBJS=''
LIBS='-lm -ldl '
LIBTOOL='$(SHELL) $(top_builddir)/libtool'
LIPO=''
LN_S='ln -s'
LTLIBOBJS=''
MAINT='#'
MAINTAINER_MODE_FALSE=''
MAINTAINER_MODE_TRUE='#'
MAKEINFO='makeinfo --split-size=5000000'
MKDIR_P='/sbin/mkdir -p'
MKINSTALLDIRS='$(top_builddir)/./../mkinstalldirs'
MSGFMT='/sbin/msgfmt'
MSGMERGE='/sbin/msgmerge'
NM='arm-linux-gnueabihf-nm'
NMEDIT=''
NO_WERROR=''
OBJDUMP='arm-linux-gnueabihf-objdump'
OBJEXT='o'
OTOOL64=''
OTOOL='arm-linux-gnueabihf-otool'
PACKAGE='gprof'
PACKAGE_BUGREPORT=''
PACKAGE_NAME='gprof'
PACKAGE_STRING='gprof 2.39.50'
PACKAGE_TARNAME='gprof'
PACKAGE_URL=''
PACKAGE_VERSION='2.39.50'
PATH_SEPARATOR=':'
POSUB='po'
RANLIB='arm-kobo-linux-gnueabihf-ranlib --plugin /mnt/HDD/Project/inkbox-build/inkbox/compiled-binaries/arm-kobo-linux-gnueabihf/bin/../libexec/gcc/arm-kobo-linux-gnueabihf/11.2.0/liblto_plugin.so --plugin /mnt/HDD/Project/inkbox-build/inkbox/compiled-binaries/arm-kobo-linux-gnueabihf/bin/../libexec/gcc/arm-kobo-linux-gnueabihf/11.2.0/liblto_plugin.so'
SED='/sbin/sed'
SET_MAKE=''
SHELL='/bin/sh'
STRIP='strip'
USE_NLS='yes'
VERSION='2.39.50'
WARN_CFLAGS='-W -Wall -Wstrict-prototypes -Wmissing-prototypes -Wshadow -Wstack-usage=262144'
WARN_CFLAGS_FOR_BUILD='-W -Wall -Wstrict-prototypes -Wmissing-prototypes -Wshadow -Wstack-usage=262144'
WARN_WRITE_STRINGS='-Wwrite-strings'
XGETTEXT='/sbin/xgettext'
ac_ct_CC=''
ac_ct_DUMPBIN='link -dump'
am__EXEEXT_FALSE=''
am__EXEEXT_TRUE='#'
am__fastdepCC_FALSE='#'
am__fastdepCC_TRUE=''
am__include='include'
am__isrc=''
am__leading_dot='.'
am__nodep='_no'
am__quote=''
am__tar='$${TAR-tar} chof - "$$tardir"'
am__untar='$${TAR-tar} xf -'
bindir='${exec_prefix}/bin'
build='x86_64-pc-linux-gnu'
build_alias='x86_64-pc-linux-gnu'
build_cpu='x86_64'
build_os='linux-gnu'
build_vendor='pc'
datadir='${datarootdir}'
datarootdir='${prefix}/share'
docdir='${datarootdir}/doc/${PACKAGE_TARNAME}'
dvidir='${docdir}'
exec_prefix='${prefix}'
host='arm-unknown-linux-gnueabihf'
host_alias='arm-linux-gnueabihf'
host_cpu='arm'
host_os='linux-gnueabihf'
host_vendor='unknown'
htmldir='${docdir}'
includedir='${prefix}/include'
infodir='${datarootdir}/info'
install_sh='${SHELL} /mnt/HDD/Project/Public/okulartry/binutils-gdb/install-sh'
libdir='${exec_prefix}/lib'
libexecdir='${exec_prefix}/libexec'
localedir='${datarootdir}/locale'
localstatedir='${prefix}/var'
mandir='${datarootdir}/man'
mkdir_p='$(MKDIR_P)'
oldincludedir='/usr/include'
pdfdir='${docdir}'
prefix='/home/build/inkbox/compiled-binaries/arm-kobo-linux-gnueabihf/arm-kobo-linux-gnueabihf/sysroot'
program_transform_name='s,y,y,'
psdir='${docdir}'
sbindir='${exec_prefix}/sbin'
sharedstatedir='${prefix}/com'
sysconfdir='${prefix}/etc'
target='arm-unknown-linux-gnueabihf'
target_alias='arm-linux-gnueabihf'
target_cpu='arm'
target_os='linux-gnueabihf'
target_vendor='unknown'

## ----------- ##
## confdefs.h. ##
## ----------- ##

/* confdefs.h */
#define PACKAGE_NAME "gprof"
#define PACKAGE_TARNAME "gprof"
#define PACKAGE_VERSION "2.39.50"
#define PACKAGE_STRING "gprof 2.39.50"
#define PACKAGE_BUGREPORT ""
#define PACKAGE_URL ""
#define PACKAGE "gprof"
#define VERSION "2.39.50"
#define STDC_HEADERS 1
#define HAVE_SYS_TYPES_H 1
#define HAVE_SYS_STAT_H 1
#define HAVE_STDLIB_H 1
#define HAVE_STRING_H 1
#define HAVE_MEMORY_H 1
#define HAVE_STRINGS_H 1
#define HAVE_INTTYPES_H 1
#define HAVE_STDINT_H 1
#define HAVE_UNISTD_H 1
#define __EXTENSIONS__ 1
#define _ALL_SOURCE 1
#define _GNU_SOURCE 1
#define _POSIX_PTHREAD_SEMANTICS 1
#define _TANDEM_SOURCE 1
#define HAVE_DLFCN_H 1
#define LT_OBJDIR ".libs/"
#define HAVE_DLFCN_H 1
#define _FILE_OFFSET_BITS 64
#define HAVE_SYS_TIME_H 1
#define HAVE_SETITIMER 1
#define ENABLE_NLS 1
#define HAVE_SYS_GMON_OUT_H 1
#define HAVE_DECL_GETOPT 1

configure: exit 0
