# kdesrc-build running: 'make' '-j' '8'
# from directory: /home/szybet/kdesrc/build/frameworks/kconfig
[  1%] Built target translations_6
[  2%] Built target translations_3
[  2%] Built target translations_1
[  3%] Built target translations_4
[  4%] Built target translations_2
[  5%] Built target translations_7
[  6%] Built target translations_8
[  7%] Built target translations_5
[  8%] Built target translations_10
[  9%] Built target translations_12
[  9%] Built target translations_13
[ 10%] Built target translations_9
[ 10%] Built target translations_11
[ 11%] Built target translations_16
[ 11%] Built target translations_15
[ 12%] Built target translations_14
[ 12%] Built target translations_20
[ 13%] Built target translations_18
[ 13%] Built target translations_19
[ 13%] Built target translations_17
[ 13%] Built target translations_21
[ 14%] Built target translations_22
[ 14%] Built target translations_23
[ 15%] Built target translations_24
[ 15%] Built target translations_25
[ 16%] Built target translations_26
[ 16%] Built target translations_27
[ 17%] Built target translations_28
[ 17%] Built target translations_29
[ 17%] Built target translations_30
[ 18%] Built target translations_34
[ 19%] Built target translations_32
[ 19%] Built target translations_33
[ 19%] Built target translations_31
[ 20%] Built target translations_36
[ 20%] Built target translations_35
[ 20%] Built target translations_37
[ 21%] Built target translations_38
[ 21%] Built target translations_39
[ 21%] Built target translations_40
[ 21%] Built target translations_43
[ 21%] Built target translations_41
[ 22%] Built target translations_42
[ 23%] Built target translations_44
[ 23%] Built target translations_45
[ 24%] Built target translations_46
[ 24%] Built target translations_47
[ 25%] Built target translations_48
[ 25%] Built target translations_49
[ 25%] Built target translations_50
[ 25%] Built target translations_51
[ 26%] Built target translations_52
[ 26%] Built target translations_53
[ 26%] Built target translations_55
[ 27%] Built target translations_54
[ 28%] Built target translations_56
[ 28%] Built target translations_57
[ 28%] Built target translations_59
[ 29%] Built target translations_58
[ 29%] Built target translations_60
[ 29%] Built target translations_62
[ 30%] Built target translations_64
[ 31%] Built target translations_61
[ 31%] Built target translations_63
[ 31%] Built target translations_65
[ 32%] Built target translations_66
[ 32%] Built target translations_67
[ 32%] Built target translations_69
[ 33%] Built target translations_68
[ 33%] Built target translations_70
[ 34%] Built target translations_71
[ 34%] Built target translations_72
[ 35%] Built target translations_74
[ 35%] Built target translations_73
[ 35%] Built target translations_75
[ 37%] Built target translations_76
[ 37%] Built target translations_78
[ 37%] Built target translations_79
[ 37%] Built target translations_77
[ 38%] Built target translations_80
[ 38%] Built target translations_81
[ 38%] Built target translations_82
[ 38%] Built target translations_85
[ 39%] Built target translations_84
[ 39%] Built target translations_83
[ 39%] Built target translations_87
[ 40%] Built target translations_86
[ 41%] Built target translations_88
[ 42%] Automatic MOC for target KF5ConfigCore
[ 42%] Built target translations_89
[ 42%] Built target translations_90
[ 43%] Built target translations_91
[ 43%] Built target translations_92
[ 43%] Automatic MOC for target kconfig_compiler
[ 43%] Automatic MOC for target kentrymaptest
[ 44%] Built target translations_93
[ 44%] Built target kconfig_compiler_autogen
[ 44%] Built target KF5ConfigCore_autogen
[ 44%] Built target kentrymaptest_autogen
[ 46%] Built target kentrymaptest
[ 52%] Built target KF5ConfigCore
[ 53%] Automatic MOC for target KF5ConfigQml
[ 54%] Automatic MOC for target kconfigcore-ksharedconfigtest
[ 55%] Automatic MOC for target KF5ConfigGui
[ 55%] Automatic MOC for target kconf_update
[ 55%] Automatic MOC for target test_kconfigutils
[ 56%] Automatic MOC for target kreadconfig5
[ 57%] Automatic MOC for target kwriteconfig5
[ 57%] Built target kconf_update_autogen
[ 57%] Built target kconfigcore-ksharedconfigtest_autogen
[ 57%] Built target kreadconfig5_autogen
[ 57%] Built target KF5ConfigGui_autogen
[ 57%] Built target test_kconfigutils_autogen
[ 57%] Built target kwriteconfig5_autogen
[ 61%] Built target kconfig_compiler
[ 61%] Automatic MOC for target kconfigcore-fallbackconfigresourcestest
[ 62%] Automatic MOC for target test_kconf_update
[ 62%] Automatic MOC for target kconfignokdehometest
[ 63%] Automatic MOC for target kdesktopfiletest
[ 64%] Automatic MOC for target kconfigtest
[ 64%] Automatic MOC for target kstandardshortcutwatchertest
[ 65%] Automatic MOC for target ksharedconfig_in_global_object
[ 65%] Built target kconfigcore-fallbackconfigresourcestest_autogen
[ 65%] Built target test_kconf_update_autogen
[ 65%] Built target kconfignokdehometest_autogen
[ 65%] Built target kconfigtest_autogen
[ 65%] Built target kdesktopfiletest_autogen
[ 65%] Built target ksharedconfig_in_global_object_autogen
[ 65%] Built target kstandardshortcutwatchertest_autogen
[ 68%] Built target kconf_update
[ 69%] Built target kreadconfig5
[ 74%] Built target KF5ConfigGui
[ 76%] Built target test_kconfigutils
[ 77%] Built target kwriteconfig5
[ 80%] Built target kconfigcore-fallbackconfigresourcestest
[ 82%] Built target kconfigcore-ksharedconfigtest
[ 82%] Built target KF5ConfigQml_autogen
[ 83%] Automatic MOC for target kconfigskeletontest
[ 84%] Built target kconfignokdehometest
[ 84%] Automatic MOC for target kconfigloadertest
[ 85%] Automatic MOC for target kconfigguitest
[ 86%] Built target kdesktopfiletest
[ 87%] Built target ksharedconfig_in_global_object
[ 88%] Built target test_kconf_update
[ 88%] Built target kconfigloadertest_autogen
[ 88%] Built target kconfigskeletontest_autogen
[ 89%] Automatic MOC for target kstandardshortcuttest
[ 89%] Automatic MOC for target kwindowstatesavertest
[ 89%] Built target kconfigguitest_autogen
[ 90%] Built target KF5ConfigQml
[ 92%] Built target kstandardshortcutwatchertest
[ 92%] Built target kstandardshortcuttest_autogen
[ 93%] Built target kconfigtest
[ 94%] Built target kconfigloadertest
[ 94%] Built target kwindowstatesavertest_autogen
[ 96%] Built target kconfigskeletontest
[ 97%] Built target kconfigguitest
[ 98%] Built target kstandardshortcuttest
[100%] Built target kwindowstatesavertest
