# kdesrc-build running: 'make' 'install/fast'
# from directory: /home/szybet/kdesrc/build/frameworks/ki18n
Install the project...
-- Install configuration: "Debug"
-- Up-to-date: /mnt/HDD/Project/Public/okulartry/okular-things/share/locale
-- Up-to-date: /mnt/HDD/Project/Public/okulartry/okular-things/share/locale/da
-- Up-to-date: /mnt/HDD/Project/Public/okulartry/okular-things/share/locale/da/LC_MESSAGES
-- Up-to-date: /mnt/HDD/Project/Public/okulartry/okular-things/share/locale/da/LC_MESSAGES/ki18n5.mo
-- Up-to-date: /mnt/HDD/Project/Public/okulartry/okular-things/share/locale/ie
-- Up-to-date: /mnt/HDD/Project/Public/okulartry/okular-things/share/locale/ie/LC_MESSAGES
-- Up-to-date: /mnt/HDD/Project/Public/okulartry/okular-things/share/locale/ie/LC_MESSAGES/ki18n5.mo
-- Up-to-date: /mnt/HDD/Project/Public/okulartry/okular-things/share/locale/mai
-- Up-to-date: /mnt/HDD/Project/Public/okulartry/okular-things/share/locale/mai/LC_MESSAGES
-- Up-to-date: /mnt/HDD/Project/Public/okulartry/okular-things/share/locale/mai/LC_MESSAGES/ki18n5.mo
-- Up-to-date: /mnt/HDD/Project/Public/okulartry/okular-things/share/locale/tr
-- Up-to-date: /mnt/HDD/Project/Public/okulartry/okular-things/share/locale/tr/LC_MESSAGES
-- Up-to-date: /mnt/HDD/Project/Public/okulartry/okular-things/share/locale/tr/LC_MESSAGES/ki18n5.mo
-- Up-to-date: /mnt/HDD/Project/Public/okulartry/okular-things/share/locale/ko
-- Up-to-date: /mnt/HDD/Project/Public/okulartry/okular-things/share/locale/ko/LC_SCRIPTS
-- Up-to-date: /mnt/HDD/Project/Public/okulartry/okular-things/share/locale/ko/LC_SCRIPTS/ki18n5
-- Up-to-date: /mnt/HDD/Project/Public/okulartry/okular-things/share/locale/ko/LC_SCRIPTS/ki18n5/ki18n5.js
-- Up-to-date: /mnt/HDD/Project/Public/okulartry/okular-things/share/locale/ko/LC_MESSAGES
-- Up-to-date: /mnt/HDD/Project/Public/okulartry/okular-things/share/locale/ko/LC_MESSAGES/ki18n5.mo
-- Up-to-date: /mnt/HDD/Project/Public/okulartry/okular-things/share/locale/id
-- Up-to-date: /mnt/HDD/Project/Public/okulartry/okular-things/share/locale/id/LC_MESSAGES
-- Up-to-date: /mnt/HDD/Project/Public/okulartry/okular-things/share/locale/id/LC_MESSAGES/ki18n5.mo
-- Up-to-date: /mnt/HDD/Project/Public/okulartry/okular-things/share/locale/cs
-- Up-to-date: /mnt/HDD/Project/Public/okulartry/okular-things/share/locale/cs/LC_MESSAGES
-- Up-to-date: /mnt/HDD/Project/Public/okulartry/okular-things/share/locale/cs/LC_MESSAGES/ki18n5.mo
-- Up-to-date: /mnt/HDD/Project/Public/okulartry/okular-things/share/locale/cy
-- Up-to-date: /mnt/HDD/Project/Public/okulartry/okular-things/share/locale/cy/LC_MESSAGES
-- Up-to-date: /mnt/HDD/Project/Public/okulartry/okular-things/share/locale/cy/LC_MESSAGES/ki18n5.mo
-- Up-to-date: /mnt/HDD/Project/Public/okulartry/okular-things/share/locale/zh_TW
-- Up-to-date: /mnt/HDD/Project/Public/okulartry/okular-things/share/locale/zh_TW/LC_MESSAGES
-- Up-to-date: /mnt/HDD/Project/Public/okulartry/okular-things/share/locale/zh_TW/LC_MESSAGES/ki18n5.mo
-- Up-to-date: /mnt/HDD/Project/Public/okulartry/okular-things/share/locale/tt
-- Up-to-date: /mnt/HDD/Project/Public/okulartry/okular-things/share/locale/tt/LC_MESSAGES
-- Up-to-date: /mnt/HDD/Project/Public/okulartry/okular-things/share/locale/tt/LC_MESSAGES/ki18n5.mo
-- Up-to-date: /mnt/HDD/Project/Public/okulartry/okular-things/share/locale/sr
-- Up-to-date: /mnt/HDD/Project/Public/okulartry/okular-things/share/locale/sr/LC_SCRIPTS
-- Up-to-date: /mnt/HDD/Project/Public/okulartry/okular-things/share/locale/sr/LC_SCRIPTS/ki18n5
-- Up-to-date: /mnt/HDD/Project/Public/okulartry/okular-things/share/locale/sr/LC_SCRIPTS/ki18n5/trapnakron.pmap
-- Up-to-date: /mnt/HDD/Project/Public/okulartry/okular-things/share/locale/sr/LC_SCRIPTS/ki18n5/ki18n5.js
-- Up-to-date: /mnt/HDD/Project/Public/okulartry/okular-things/share/locale/sr/LC_SCRIPTS/ki18n5/trapnakron.pmapc
-- Up-to-date: /mnt/HDD/Project/Public/okulartry/okular-things/share/locale/sr/LC_MESSAGES
-- Up-to-date: /mnt/HDD/Project/Public/okulartry/okular-things/share/locale/sr/LC_MESSAGES/ki18n5.mo
-- Up-to-date: /mnt/HDD/Project/Public/okulartry/okular-things/share/locale/pl
-- Up-to-date: /mnt/HDD/Project/Public/okulartry/okular-things/share/locale/pl/LC_MESSAGES
-- Up-to-date: /mnt/HDD/Project/Public/okulartry/okular-things/share/locale/pl/LC_MESSAGES/ki18n5.mo
-- Up-to-date: /mnt/HDD/Project/Public/okulartry/okular-things/share/locale/as
-- Up-to-date: /mnt/HDD/Project/Public/okulartry/okular-things/share/locale/as/LC_MESSAGES
-- Up-to-date: /mnt/HDD/Project/Public/okulartry/okular-things/share/locale/as/LC_MESSAGES/ki18n5.mo
-- Up-to-date: /mnt/HDD/Project/Public/okulartry/okular-things/share/locale/af
-- Up-to-date: /mnt/HDD/Project/Public/okulartry/okular-things/share/locale/af/LC_MESSAGES
-- Up-to-date: /mnt/HDD/Project/Public/okulartry/okular-things/share/locale/af/LC_MESSAGES/ki18n5.mo
-- Up-to-date: /mnt/HDD/Project/Public/okulartry/okular-things/share/locale/tg
-- Up-to-date: /mnt/HDD/Project/Public/okulartry/okular-things/share/locale/tg/LC_MESSAGES
-- Up-to-date: /mnt/HDD/Project/Public/okulartry/okular-things/share/locale/tg/LC_MESSAGES/ki18n5.mo
-- Up-to-date: /mnt/HDD/Project/Public/okulartry/okular-things/share/locale/zh_CN
-- Up-to-date: /mnt/HDD/Project/Public/okulartry/okular-things/share/locale/zh_CN/LC_MESSAGES
-- Up-to-date: /mnt/HDD/Project/Public/okulartry/okular-things/share/locale/zh_CN/LC_MESSAGES/ki18n5.mo
-- Up-to-date: /mnt/HDD/Project/Public/okulartry/okular-things/share/locale/ne
-- Up-to-date: /mnt/HDD/Project/Public/okulartry/okular-things/share/locale/ne/LC_MESSAGES
-- Up-to-date: /mnt/HDD/Project/Public/okulartry/okular-things/share/locale/ne/LC_MESSAGES/ki18n5.mo
-- Up-to-date: /mnt/HDD/Project/Public/okulartry/okular-things/share/locale/pt_BR
-- Up-to-date: /mnt/HDD/Project/Public/okulartry/okular-things/share/locale/pt_BR/LC_MESSAGES
-- Up-to-date: /mnt/HDD/Project/Public/okulartry/okular-things/share/locale/pt_BR/LC_MESSAGES/ki18n5.mo
-- Up-to-date: /mnt/HDD/Project/Public/okulartry/okular-things/share/locale/br
-- Up-to-date: /mnt/HDD/Project/Public/okulartry/okular-things/share/locale/br/LC_MESSAGES
-- Up-to-date: /mnt/HDD/Project/Public/okulartry/okular-things/share/locale/br/LC_MESSAGES/ki18n5.mo
-- Up-to-date: /mnt/HDD/Project/Public/okulartry/okular-things/share/locale/kk
-- Up-to-date: /mnt/HDD/Project/Public/okulartry/okular-things/share/locale/kk/LC_MESSAGES
-- Up-to-date: /mnt/HDD/Project/Public/okulartry/okular-things/share/locale/kk/LC_MESSAGES/ki18n5.mo
-- Up-to-date: /mnt/HDD/Project/Public/okulartry/okular-things/share/locale/lb
-- Up-to-date: /mnt/HDD/Project/Public/okulartry/okular-things/share/locale/lb/LC_MESSAGES
-- Up-to-date: /mnt/HDD/Project/Public/okulartry/okular-things/share/locale/lb/LC_MESSAGES/ki18n5.mo
-- Up-to-date: /mnt/HDD/Project/Public/okulartry/okular-things/share/locale/it
-- Up-to-date: /mnt/HDD/Project/Public/okulartry/okular-things/share/locale/it/LC_MESSAGES
-- Up-to-date: /mnt/HDD/Project/Public/okulartry/okular-things/share/locale/it/LC_MESSAGES/ki18n5.mo
-- Up-to-date: /mnt/HDD/Project/Public/okulartry/okular-things/share/locale/ml
-- Up-to-date: /mnt/HDD/Project/Public/okulartry/okular-things/share/locale/ml/LC_MESSAGES
-- Up-to-date: /mnt/HDD/Project/Public/okulartry/okular-things/share/locale/ml/LC_MESSAGES/ki18n5.mo
-- Up-to-date: /mnt/HDD/Project/Public/okulartry/okular-things/share/locale/be@latin
-- Up-to-date: /mnt/HDD/Project/Public/okulartry/okular-things/share/locale/be@latin/LC_MESSAGES
-- Up-to-date: /mnt/HDD/Project/Public/okulartry/okular-things/share/locale/be@latin/LC_MESSAGES/ki18n5.mo
-- Up-to-date: /mnt/HDD/Project/Public/okulartry/okular-things/share/locale/be
-- Up-to-date: /mnt/HDD/Project/Public/okulartry/okular-things/share/locale/be/LC_MESSAGES
-- Up-to-date: /mnt/HDD/Project/Public/okulartry/okular-things/share/locale/be/LC_MESSAGES/ki18n5.mo
-- Up-to-date: /mnt/HDD/Project/Public/okulartry/okular-things/share/locale/lv
-- Up-to-date: /mnt/HDD/Project/Public/okulartry/okular-things/share/locale/lv/LC_MESSAGES
-- Up-to-date: /mnt/HDD/Project/Public/okulartry/okular-things/share/locale/lv/LC_MESSAGES/ki18n5.mo
-- Up-to-date: /mnt/HDD/Project/Public/okulartry/okular-things/share/locale/ru
-- Up-to-date: /mnt/HDD/Project/Public/okulartry/okular-things/share/locale/ru/LC_SCRIPTS
-- Up-to-date: /mnt/HDD/Project/Public/okulartry/okular-things/share/locale/ru/LC_SCRIPTS/ki18n5
-- Up-to-date: /mnt/HDD/Project/Public/okulartry/okular-things/share/locale/ru/LC_SCRIPTS/ki18n5/ki18n5.js
-- Up-to-date: /mnt/HDD/Project/Public/okulartry/okular-things/share/locale/ru/LC_MESSAGES
-- Up-to-date: /mnt/HDD/Project/Public/okulartry/okular-things/share/locale/ru/LC_MESSAGES/ki18n5.mo
-- Up-to-date: /mnt/HDD/Project/Public/okulartry/okular-things/share/locale/vi
-- Up-to-date: /mnt/HDD/Project/Public/okulartry/okular-things/share/locale/vi/LC_MESSAGES
-- Up-to-date: /mnt/HDD/Project/Public/okulartry/okular-things/share/locale/vi/LC_MESSAGES/ki18n5.mo
-- Up-to-date: /mnt/HDD/Project/Public/okulartry/okular-things/share/locale/fr
-- Up-to-date: /mnt/HDD/Project/Public/okulartry/okular-things/share/locale/fr/LC_MESSAGES
-- Up-to-date: /mnt/HDD/Project/Public/okulartry/okular-things/share/locale/fr/LC_MESSAGES/ki18n5.mo
-- Up-to-date: /mnt/HDD/Project/Public/okulartry/okular-things/share/locale/hi
-- Up-to-date: /mnt/HDD/Project/Public/okulartry/okular-things/share/locale/hi/LC_MESSAGES
-- Up-to-date: /mnt/HDD/Project/Public/okulartry/okular-things/share/locale/hi/LC_MESSAGES/ki18n5.mo
-- Up-to-date: /mnt/HDD/Project/Public/okulartry/okular-things/share/locale/si
-- Up-to-date: /mnt/HDD/Project/Public/okulartry/okular-things/share/locale/si/LC_MESSAGES
-- Up-to-date: /mnt/HDD/Project/Public/okulartry/okular-things/share/locale/si/LC_MESSAGES/ki18n5.mo
-- Up-to-date: /mnt/HDD/Project/Public/okulartry/okular-things/share/locale/ro
-- Up-to-date: /mnt/HDD/Project/Public/okulartry/okular-things/share/locale/ro/LC_MESSAGES
-- Up-to-date: /mnt/HDD/Project/Public/okulartry/okular-things/share/locale/ro/LC_MESSAGES/ki18n5.mo
-- Up-to-date: /mnt/HDD/Project/Public/okulartry/okular-things/share/locale/ga
-- Up-to-date: /mnt/HDD/Project/Public/okulartry/okular-things/share/locale/ga/LC_MESSAGES
-- Up-to-date: /mnt/HDD/Project/Public/okulartry/okular-things/share/locale/ga/LC_MESSAGES/ki18n5.mo
-- Up-to-date: /mnt/HDD/Project/Public/okulartry/okular-things/share/locale/hne
-- Up-to-date: /mnt/HDD/Project/Public/okulartry/okular-things/share/locale/hne/LC_MESSAGES
-- Up-to-date: /mnt/HDD/Project/Public/okulartry/okular-things/share/locale/hne/LC_MESSAGES/ki18n5.mo
-- Up-to-date: /mnt/HDD/Project/Public/okulartry/okular-things/share/locale/bn
-- Up-to-date: /mnt/HDD/Project/Public/okulartry/okular-things/share/locale/bn/LC_MESSAGES
-- Up-to-date: /mnt/HDD/Project/Public/okulartry/okular-things/share/locale/bn/LC_MESSAGES/ki18n5.mo
-- Up-to-date: /mnt/HDD/Project/Public/okulartry/okular-things/share/locale/pa
-- Up-to-date: /mnt/HDD/Project/Public/okulartry/okular-things/share/locale/pa/LC_MESSAGES
-- Up-to-date: /mnt/HDD/Project/Public/okulartry/okular-things/share/locale/pa/LC_MESSAGES/ki18n5.mo
-- Up-to-date: /mnt/HDD/Project/Public/okulartry/okular-things/share/locale/wa
-- Up-to-date: /mnt/HDD/Project/Public/okulartry/okular-things/share/locale/wa/LC_MESSAGES
-- Up-to-date: /mnt/HDD/Project/Public/okulartry/okular-things/share/locale/wa/LC_MESSAGES/ki18n5.mo
-- Up-to-date: /mnt/HDD/Project/Public/okulartry/okular-things/share/locale/es
-- Up-to-date: /mnt/HDD/Project/Public/okulartry/okular-things/share/locale/es/LC_MESSAGES
-- Up-to-date: /mnt/HDD/Project/Public/okulartry/okular-things/share/locale/es/LC_MESSAGES/ki18n5.mo
-- Up-to-date: /mnt/HDD/Project/Public/okulartry/okular-things/share/locale/ia
-- Up-to-date: /mnt/HDD/Project/Public/okulartry/okular-things/share/locale/ia/LC_MESSAGES
-- Up-to-date: /mnt/HDD/Project/Public/okulartry/okular-things/share/locale/ia/LC_MESSAGES/ki18n5.mo
-- Up-to-date: /mnt/HDD/Project/Public/okulartry/okular-things/share/locale/mr
-- Up-to-date: /mnt/HDD/Project/Public/okulartry/okular-things/share/locale/mr/LC_MESSAGES
-- Up-to-date: /mnt/HDD/Project/Public/okulartry/okular-things/share/locale/mr/LC_MESSAGES/ki18n5.mo
-- Up-to-date: /mnt/HDD/Project/Public/okulartry/okular-things/share/locale/fi
-- Up-to-date: /mnt/HDD/Project/Public/okulartry/okular-things/share/locale/fi/LC_SCRIPTS
-- Up-to-date: /mnt/HDD/Project/Public/okulartry/okular-things/share/locale/fi/LC_SCRIPTS/ki18n5
-- Up-to-date: /mnt/HDD/Project/Public/okulartry/okular-things/share/locale/fi/LC_SCRIPTS/ki18n5/general.pmap
-- Up-to-date: /mnt/HDD/Project/Public/okulartry/okular-things/share/locale/fi/LC_SCRIPTS/ki18n5/general.pmapc
-- Up-to-date: /mnt/HDD/Project/Public/okulartry/okular-things/share/locale/fi/LC_SCRIPTS/ki18n5/ki18n5.js
-- Up-to-date: /mnt/HDD/Project/Public/okulartry/okular-things/share/locale/fi/LC_MESSAGES
-- Up-to-date: /mnt/HDD/Project/Public/okulartry/okular-things/share/locale/fi/LC_MESSAGES/ki18n5.mo
-- Up-to-date: /mnt/HDD/Project/Public/okulartry/okular-things/share/locale/bs
-- Up-to-date: /mnt/HDD/Project/Public/okulartry/okular-things/share/locale/bs/LC_MESSAGES
-- Up-to-date: /mnt/HDD/Project/Public/okulartry/okular-things/share/locale/bs/LC_MESSAGES/ki18n5.mo
-- Up-to-date: /mnt/HDD/Project/Public/okulartry/okular-things/share/locale/nn
-- Up-to-date: /mnt/HDD/Project/Public/okulartry/okular-things/share/locale/nn/LC_SCRIPTS
-- Up-to-date: /mnt/HDD/Project/Public/okulartry/okular-things/share/locale/nn/LC_SCRIPTS/ki18n5
-- Up-to-date: /mnt/HDD/Project/Public/okulartry/okular-things/share/locale/nn/LC_SCRIPTS/ki18n5/skjermelement.pmap
-- Up-to-date: /mnt/HDD/Project/Public/okulartry/okular-things/share/locale/nn/LC_SCRIPTS/ki18n5/ki18n5.js
-- Up-to-date: /mnt/HDD/Project/Public/okulartry/okular-things/share/locale/nn/LC_SCRIPTS/ki18n5/skjermelement.pmapc
-- Up-to-date: /mnt/HDD/Project/Public/okulartry/okular-things/share/locale/nn/LC_MESSAGES
-- Up-to-date: /mnt/HDD/Project/Public/okulartry/okular-things/share/locale/nn/LC_MESSAGES/ki18n5.mo
-- Up-to-date: /mnt/HDD/Project/Public/okulartry/okular-things/share/locale/ja
-- Up-to-date: /mnt/HDD/Project/Public/okulartry/okular-things/share/locale/ja/LC_SCRIPTS
-- Up-to-date: /mnt/HDD/Project/Public/okulartry/okular-things/share/locale/ja/LC_SCRIPTS/ki18n5
-- Up-to-date: /mnt/HDD/Project/Public/okulartry/okular-things/share/locale/ja/LC_SCRIPTS/ki18n5/ki18n5.js
-- Up-to-date: /mnt/HDD/Project/Public/okulartry/okular-things/share/locale/ja/LC_MESSAGES
-- Up-to-date: /mnt/HDD/Project/Public/okulartry/okular-things/share/locale/ja/LC_MESSAGES/ki18n5.mo
-- Up-to-date: /mnt/HDD/Project/Public/okulartry/okular-things/share/locale/xh
-- Up-to-date: /mnt/HDD/Project/Public/okulartry/okular-things/share/locale/xh/LC_MESSAGES
-- Up-to-date: /mnt/HDD/Project/Public/okulartry/okular-things/share/locale/xh/LC_MESSAGES/ki18n5.mo
-- Up-to-date: /mnt/HDD/Project/Public/okulartry/okular-things/share/locale/crh
-- Up-to-date: /mnt/HDD/Project/Public/okulartry/okular-things/share/locale/crh/LC_MESSAGES
-- Up-to-date: /mnt/HDD/Project/Public/okulartry/okular-things/share/locale/crh/LC_MESSAGES/ki18n5.mo
-- Up-to-date: /mnt/HDD/Project/Public/okulartry/okular-things/share/locale/csb
-- Up-to-date: /mnt/HDD/Project/Public/okulartry/okular-things/share/locale/csb/LC_MESSAGES
-- Up-to-date: /mnt/HDD/Project/Public/okulartry/okular-things/share/locale/csb/LC_MESSAGES/ki18n5.mo
-- Up-to-date: /mnt/HDD/Project/Public/okulartry/okular-things/share/locale/el
-- Up-to-date: /mnt/HDD/Project/Public/okulartry/okular-things/share/locale/el/LC_MESSAGES
-- Up-to-date: /mnt/HDD/Project/Public/okulartry/okular-things/share/locale/el/LC_MESSAGES/ki18n5.mo
-- Up-to-date: /mnt/HDD/Project/Public/okulartry/okular-things/share/locale/fy
-- Up-to-date: /mnt/HDD/Project/Public/okulartry/okular-things/share/locale/fy/LC_MESSAGES
-- Up-to-date: /mnt/HDD/Project/Public/okulartry/okular-things/share/locale/fy/LC_MESSAGES/ki18n5.mo
-- Up-to-date: /mnt/HDD/Project/Public/okulartry/okular-things/share/locale/uk
-- Up-to-date: /mnt/HDD/Project/Public/okulartry/okular-things/share/locale/uk/LC_SCRIPTS
-- Up-to-date: /mnt/HDD/Project/Public/okulartry/okular-things/share/locale/uk/LC_SCRIPTS/ki18n5
-- Up-to-date: /mnt/HDD/Project/Public/okulartry/okular-things/share/locale/uk/LC_SCRIPTS/ki18n5/ki18n5.js
-- Up-to-date: /mnt/HDD/Project/Public/okulartry/okular-things/share/locale/uk/LC_MESSAGES
-- Up-to-date: /mnt/HDD/Project/Public/okulartry/okular-things/share/locale/uk/LC_MESSAGES/ki18n5.mo
-- Up-to-date: /mnt/HDD/Project/Public/okulartry/okular-things/share/locale/sk
-- Up-to-date: /mnt/HDD/Project/Public/okulartry/okular-things/share/locale/sk/LC_MESSAGES
-- Up-to-date: /mnt/HDD/Project/Public/okulartry/okular-things/share/locale/sk/LC_MESSAGES/ki18n5.mo
-- Up-to-date: /mnt/HDD/Project/Public/okulartry/okular-things/share/locale/gu
-- Up-to-date: /mnt/HDD/Project/Public/okulartry/okular-things/share/locale/gu/LC_MESSAGES
-- Up-to-date: /mnt/HDD/Project/Public/okulartry/okular-things/share/locale/gu/LC_MESSAGES/ki18n5.mo
-- Up-to-date: /mnt/HDD/Project/Public/okulartry/okular-things/share/locale/et
-- Up-to-date: /mnt/HDD/Project/Public/okulartry/okular-things/share/locale/et/LC_MESSAGES
-- Up-to-date: /mnt/HDD/Project/Public/okulartry/okular-things/share/locale/et/LC_MESSAGES/ki18n5.mo
-- Up-to-date: /mnt/HDD/Project/Public/okulartry/okular-things/share/locale/sl
-- Up-to-date: /mnt/HDD/Project/Public/okulartry/okular-things/share/locale/sl/LC_MESSAGES
-- Up-to-date: /mnt/HDD/Project/Public/okulartry/okular-things/share/locale/sl/LC_MESSAGES/ki18n5.mo
-- Up-to-date: /mnt/HDD/Project/Public/okulartry/okular-things/share/locale/de
-- Up-to-date: /mnt/HDD/Project/Public/okulartry/okular-things/share/locale/de/LC_MESSAGES
-- Up-to-date: /mnt/HDD/Project/Public/okulartry/okular-things/share/locale/de/LC_MESSAGES/ki18n5.mo
-- Up-to-date: /mnt/HDD/Project/Public/okulartry/okular-things/share/locale/ar
-- Up-to-date: /mnt/HDD/Project/Public/okulartry/okular-things/share/locale/ar/LC_MESSAGES
-- Up-to-date: /mnt/HDD/Project/Public/okulartry/okular-things/share/locale/ar/LC_MESSAGES/ki18n5.mo
-- Up-to-date: /mnt/HDD/Project/Public/okulartry/okular-things/share/locale/nb
-- Up-to-date: /mnt/HDD/Project/Public/okulartry/okular-things/share/locale/nb/LC_SCRIPTS
-- Up-to-date: /mnt/HDD/Project/Public/okulartry/okular-things/share/locale/nb/LC_SCRIPTS/ki18n5
-- Up-to-date: /mnt/HDD/Project/Public/okulartry/okular-things/share/locale/nb/LC_SCRIPTS/ki18n5/ki18n5.js
-- Up-to-date: /mnt/HDD/Project/Public/okulartry/okular-things/share/locale/nb/LC_MESSAGES
-- Up-to-date: /mnt/HDD/Project/Public/okulartry/okular-things/share/locale/nb/LC_MESSAGES/ki18n5.mo
-- Up-to-date: /mnt/HDD/Project/Public/okulartry/okular-things/share/locale/fa
-- Up-to-date: /mnt/HDD/Project/Public/okulartry/okular-things/share/locale/fa/LC_MESSAGES
-- Up-to-date: /mnt/HDD/Project/Public/okulartry/okular-things/share/locale/fa/LC_MESSAGES/ki18n5.mo
-- Up-to-date: /mnt/HDD/Project/Public/okulartry/okular-things/share/locale/bn_IN
-- Up-to-date: /mnt/HDD/Project/Public/okulartry/okular-things/share/locale/bn_IN/LC_MESSAGES
-- Up-to-date: /mnt/HDD/Project/Public/okulartry/okular-things/share/locale/bn_IN/LC_MESSAGES/ki18n5.mo
-- Up-to-date: /mnt/HDD/Project/Public/okulartry/okular-things/share/locale/eu
-- Up-to-date: /mnt/HDD/Project/Public/okulartry/okular-things/share/locale/eu/LC_MESSAGES
-- Up-to-date: /mnt/HDD/Project/Public/okulartry/okular-things/share/locale/eu/LC_MESSAGES/ki18n5.mo
-- Up-to-date: /mnt/HDD/Project/Public/okulartry/okular-things/share/locale/hu
-- Up-to-date: /mnt/HDD/Project/Public/okulartry/okular-things/share/locale/hu/LC_MESSAGES
-- Up-to-date: /mnt/HDD/Project/Public/okulartry/okular-things/share/locale/hu/LC_MESSAGES/ki18n5.mo
-- Up-to-date: /mnt/HDD/Project/Public/okulartry/okular-things/share/locale/sq
-- Up-to-date: /mnt/HDD/Project/Public/okulartry/okular-things/share/locale/sq/LC_MESSAGES
-- Up-to-date: /mnt/HDD/Project/Public/okulartry/okular-things/share/locale/sq/LC_MESSAGES/ki18n5.mo
-- Up-to-date: /mnt/HDD/Project/Public/okulartry/okular-things/share/locale/lt
-- Up-to-date: /mnt/HDD/Project/Public/okulartry/okular-things/share/locale/lt/LC_MESSAGES
-- Up-to-date: /mnt/HDD/Project/Public/okulartry/okular-things/share/locale/lt/LC_MESSAGES/ki18n5.mo
-- Up-to-date: /mnt/HDD/Project/Public/okulartry/okular-things/share/locale/en_GB
-- Up-to-date: /mnt/HDD/Project/Public/okulartry/okular-things/share/locale/en_GB/LC_MESSAGES
-- Up-to-date: /mnt/HDD/Project/Public/okulartry/okular-things/share/locale/en_GB/LC_MESSAGES/ki18n5.mo
-- Up-to-date: /mnt/HDD/Project/Public/okulartry/okular-things/share/locale/sr@latin
-- Up-to-date: /mnt/HDD/Project/Public/okulartry/okular-things/share/locale/sr@latin/LC_SCRIPTS
-- Up-to-date: /mnt/HDD/Project/Public/okulartry/okular-things/share/locale/sr@latin/LC_SCRIPTS/ki18n5
-- Up-to-date: /mnt/HDD/Project/Public/okulartry/okular-things/share/locale/sr@latin/LC_SCRIPTS/ki18n5/trapnakron.pmap
-- Up-to-date: /mnt/HDD/Project/Public/okulartry/okular-things/share/locale/sr@latin/LC_SCRIPTS/ki18n5/ki18n5.js
-- Up-to-date: /mnt/HDD/Project/Public/okulartry/okular-things/share/locale/sr@latin/LC_SCRIPTS/ki18n5/trapnakron.pmapc
-- Up-to-date: /mnt/HDD/Project/Public/okulartry/okular-things/share/locale/sr@latin/LC_MESSAGES
-- Up-to-date: /mnt/HDD/Project/Public/okulartry/okular-things/share/locale/sr@latin/LC_MESSAGES/ki18n5.mo
-- Up-to-date: /mnt/HDD/Project/Public/okulartry/okular-things/share/locale/oc
-- Up-to-date: /mnt/HDD/Project/Public/okulartry/okular-things/share/locale/oc/LC_MESSAGES
-- Up-to-date: /mnt/HDD/Project/Public/okulartry/okular-things/share/locale/oc/LC_MESSAGES/ki18n5.mo
-- Up-to-date: /mnt/HDD/Project/Public/okulartry/okular-things/share/locale/sr@ijekavianlatin
-- Up-to-date: /mnt/HDD/Project/Public/okulartry/okular-things/share/locale/sr@ijekavianlatin/LC_SCRIPTS
-- Up-to-date: /mnt/HDD/Project/Public/okulartry/okular-things/share/locale/sr@ijekavianlatin/LC_SCRIPTS/ki18n5
-- Up-to-date: /mnt/HDD/Project/Public/okulartry/okular-things/share/locale/sr@ijekavianlatin/LC_SCRIPTS/ki18n5/trapnakron.pmap
-- Up-to-date: /mnt/HDD/Project/Public/okulartry/okular-things/share/locale/sr@ijekavianlatin/LC_SCRIPTS/ki18n5/ki18n5.js
-- Up-to-date: /mnt/HDD/Project/Public/okulartry/okular-things/share/locale/sr@ijekavianlatin/LC_SCRIPTS/ki18n5/trapnakron.pmapc
-- Up-to-date: /mnt/HDD/Project/Public/okulartry/okular-things/share/locale/sr@ijekavianlatin/LC_MESSAGES
-- Up-to-date: /mnt/HDD/Project/Public/okulartry/okular-things/share/locale/sr@ijekavianlatin/LC_MESSAGES/ki18n5.mo
-- Up-to-date: /mnt/HDD/Project/Public/okulartry/okular-things/share/locale/zh_HK
-- Up-to-date: /mnt/HDD/Project/Public/okulartry/okular-things/share/locale/zh_HK/LC_MESSAGES
-- Up-to-date: /mnt/HDD/Project/Public/okulartry/okular-things/share/locale/zh_HK/LC_MESSAGES/ki18n5.mo
-- Up-to-date: /mnt/HDD/Project/Public/okulartry/okular-things/share/locale/ug
-- Up-to-date: /mnt/HDD/Project/Public/okulartry/okular-things/share/locale/ug/LC_MESSAGES
-- Up-to-date: /mnt/HDD/Project/Public/okulartry/okular-things/share/locale/ug/LC_MESSAGES/ki18n5.mo
-- Up-to-date: /mnt/HDD/Project/Public/okulartry/okular-things/share/locale/mk
-- Up-to-date: /mnt/HDD/Project/Public/okulartry/okular-things/share/locale/mk/LC_MESSAGES
-- Up-to-date: /mnt/HDD/Project/Public/okulartry/okular-things/share/locale/mk/LC_MESSAGES/ki18n5.mo
-- Up-to-date: /mnt/HDD/Project/Public/okulartry/okular-things/share/locale/sv
-- Up-to-date: /mnt/HDD/Project/Public/okulartry/okular-things/share/locale/sv/LC_MESSAGES
-- Up-to-date: /mnt/HDD/Project/Public/okulartry/okular-things/share/locale/sv/LC_MESSAGES/ki18n5.mo
-- Up-to-date: /mnt/HDD/Project/Public/okulartry/okular-things/share/locale/ku
-- Up-to-date: /mnt/HDD/Project/Public/okulartry/okular-things/share/locale/ku/LC_MESSAGES
-- Up-to-date: /mnt/HDD/Project/Public/okulartry/okular-things/share/locale/ku/LC_MESSAGES/ki18n5.mo
-- Up-to-date: /mnt/HDD/Project/Public/okulartry/okular-things/share/locale/km
-- Up-to-date: /mnt/HDD/Project/Public/okulartry/okular-things/share/locale/km/LC_MESSAGES
-- Up-to-date: /mnt/HDD/Project/Public/okulartry/okular-things/share/locale/km/LC_MESSAGES/ki18n5.mo
-- Up-to-date: /mnt/HDD/Project/Public/okulartry/okular-things/share/locale/eo
-- Up-to-date: /mnt/HDD/Project/Public/okulartry/okular-things/share/locale/eo/LC_MESSAGES
-- Up-to-date: /mnt/HDD/Project/Public/okulartry/okular-things/share/locale/eo/LC_MESSAGES/ki18n5.mo
-- Up-to-date: /mnt/HDD/Project/Public/okulartry/okular-things/share/locale/ca
-- Up-to-date: /mnt/HDD/Project/Public/okulartry/okular-things/share/locale/ca/LC_SCRIPTS
-- Up-to-date: /mnt/HDD/Project/Public/okulartry/okular-things/share/locale/ca/LC_SCRIPTS/ki18n5
-- Up-to-date: /mnt/HDD/Project/Public/okulartry/okular-things/share/locale/ca/LC_SCRIPTS/ki18n5/ki18n5.js
-- Up-to-date: /mnt/HDD/Project/Public/okulartry/okular-things/share/locale/ca/LC_MESSAGES
-- Up-to-date: /mnt/HDD/Project/Public/okulartry/okular-things/share/locale/ca/LC_MESSAGES/ki18n5.mo
-- Up-to-date: /mnt/HDD/Project/Public/okulartry/okular-things/share/locale/ka
-- Up-to-date: /mnt/HDD/Project/Public/okulartry/okular-things/share/locale/ka/LC_MESSAGES
-- Up-to-date: /mnt/HDD/Project/Public/okulartry/okular-things/share/locale/ka/LC_MESSAGES/ki18n5.mo
-- Up-to-date: /mnt/HDD/Project/Public/okulartry/okular-things/share/locale/gl
-- Up-to-date: /mnt/HDD/Project/Public/okulartry/okular-things/share/locale/gl/LC_MESSAGES
-- Up-to-date: /mnt/HDD/Project/Public/okulartry/okular-things/share/locale/gl/LC_MESSAGES/ki18n5.mo
-- Up-to-date: /mnt/HDD/Project/Public/okulartry/okular-things/share/locale/ha
-- Up-to-date: /mnt/HDD/Project/Public/okulartry/okular-things/share/locale/ha/LC_MESSAGES
-- Up-to-date: /mnt/HDD/Project/Public/okulartry/okular-things/share/locale/ha/LC_MESSAGES/ki18n5.mo
-- Up-to-date: /mnt/HDD/Project/Public/okulartry/okular-things/share/locale/az
-- Up-to-date: /mnt/HDD/Project/Public/okulartry/okular-things/share/locale/az/LC_MESSAGES
-- Up-to-date: /mnt/HDD/Project/Public/okulartry/okular-things/share/locale/az/LC_MESSAGES/ki18n5.mo
-- Up-to-date: /mnt/HDD/Project/Public/okulartry/okular-things/share/locale/kn
-- Up-to-date: /mnt/HDD/Project/Public/okulartry/okular-things/share/locale/kn/LC_MESSAGES
-- Up-to-date: /mnt/HDD/Project/Public/okulartry/okular-things/share/locale/kn/LC_MESSAGES/ki18n5.mo
-- Up-to-date: /mnt/HDD/Project/Public/okulartry/okular-things/share/locale/nds
-- Up-to-date: /mnt/HDD/Project/Public/okulartry/okular-things/share/locale/nds/LC_MESSAGES
-- Up-to-date: /mnt/HDD/Project/Public/okulartry/okular-things/share/locale/nds/LC_MESSAGES/ki18n5.mo
-- Up-to-date: /mnt/HDD/Project/Public/okulartry/okular-things/share/locale/te
-- Up-to-date: /mnt/HDD/Project/Public/okulartry/okular-things/share/locale/te/LC_MESSAGES
-- Up-to-date: /mnt/HDD/Project/Public/okulartry/okular-things/share/locale/te/LC_MESSAGES/ki18n5.mo
-- Up-to-date: /mnt/HDD/Project/Public/okulartry/okular-things/share/locale/or
-- Up-to-date: /mnt/HDD/Project/Public/okulartry/okular-things/share/locale/or/LC_MESSAGES
-- Up-to-date: /mnt/HDD/Project/Public/okulartry/okular-things/share/locale/or/LC_MESSAGES/ki18n5.mo
-- Up-to-date: /mnt/HDD/Project/Public/okulartry/okular-things/share/locale/bg
-- Up-to-date: /mnt/HDD/Project/Public/okulartry/okular-things/share/locale/bg/LC_MESSAGES
-- Up-to-date: /mnt/HDD/Project/Public/okulartry/okular-things/share/locale/bg/LC_MESSAGES/ki18n5.mo
-- Up-to-date: /mnt/HDD/Project/Public/okulartry/okular-things/share/locale/hy
-- Up-to-date: /mnt/HDD/Project/Public/okulartry/okular-things/share/locale/hy/LC_MESSAGES
-- Up-to-date: /mnt/HDD/Project/Public/okulartry/okular-things/share/locale/hy/LC_MESSAGES/ki18n5.mo
-- Up-to-date: /mnt/HDD/Project/Public/okulartry/okular-things/share/locale/pt
-- Up-to-date: /mnt/HDD/Project/Public/okulartry/okular-things/share/locale/pt/LC_MESSAGES
-- Up-to-date: /mnt/HDD/Project/Public/okulartry/okular-things/share/locale/pt/LC_MESSAGES/ki18n5.mo
-- Up-to-date: /mnt/HDD/Project/Public/okulartry/okular-things/share/locale/gd
-- Up-to-date: /mnt/HDD/Project/Public/okulartry/okular-things/share/locale/gd/LC_SCRIPTS
-- Up-to-date: /mnt/HDD/Project/Public/okulartry/okular-things/share/locale/gd/LC_SCRIPTS/ki18n5
-- Up-to-date: /mnt/HDD/Project/Public/okulartry/okular-things/share/locale/gd/LC_SCRIPTS/ki18n5/ki18n5.js
-- Up-to-date: /mnt/HDD/Project/Public/okulartry/okular-things/share/locale/gd/LC_MESSAGES
-- Up-to-date: /mnt/HDD/Project/Public/okulartry/okular-things/share/locale/gd/LC_MESSAGES/ki18n5.mo
-- Up-to-date: /mnt/HDD/Project/Public/okulartry/okular-things/share/locale/th
-- Up-to-date: /mnt/HDD/Project/Public/okulartry/okular-things/share/locale/th/LC_MESSAGES
-- Up-to-date: /mnt/HDD/Project/Public/okulartry/okular-things/share/locale/th/LC_MESSAGES/ki18n5.mo
-- Up-to-date: /mnt/HDD/Project/Public/okulartry/okular-things/share/locale/hsb
-- Up-to-date: /mnt/HDD/Project/Public/okulartry/okular-things/share/locale/hsb/LC_MESSAGES
-- Up-to-date: /mnt/HDD/Project/Public/okulartry/okular-things/share/locale/hsb/LC_MESSAGES/ki18n5.mo
-- Up-to-date: /mnt/HDD/Project/Public/okulartry/okular-things/share/locale/he
-- Up-to-date: /mnt/HDD/Project/Public/okulartry/okular-things/share/locale/he/LC_MESSAGES
-- Up-to-date: /mnt/HDD/Project/Public/okulartry/okular-things/share/locale/he/LC_MESSAGES/ki18n5.mo
-- Up-to-date: /mnt/HDD/Project/Public/okulartry/okular-things/share/locale/uz@cyrillic
-- Up-to-date: /mnt/HDD/Project/Public/okulartry/okular-things/share/locale/uz@cyrillic/LC_MESSAGES
-- Up-to-date: /mnt/HDD/Project/Public/okulartry/okular-things/share/locale/uz@cyrillic/LC_MESSAGES/ki18n5.mo
-- Up-to-date: /mnt/HDD/Project/Public/okulartry/okular-things/share/locale/sr@ijekavian
-- Up-to-date: /mnt/HDD/Project/Public/okulartry/okular-things/share/locale/sr@ijekavian/LC_SCRIPTS
-- Up-to-date: /mnt/HDD/Project/Public/okulartry/okular-things/share/locale/sr@ijekavian/LC_SCRIPTS/ki18n5
-- Up-to-date: /mnt/HDD/Project/Public/okulartry/okular-things/share/locale/sr@ijekavian/LC_SCRIPTS/ki18n5/trapnakron.pmap
-- Up-to-date: /mnt/HDD/Project/Public/okulartry/okular-things/share/locale/sr@ijekavian/LC_SCRIPTS/ki18n5/ki18n5.js
-- Up-to-date: /mnt/HDD/Project/Public/okulartry/okular-things/share/locale/sr@ijekavian/LC_SCRIPTS/ki18n5/trapnakron.pmapc
-- Up-to-date: /mnt/HDD/Project/Public/okulartry/okular-things/share/locale/sr@ijekavian/LC_MESSAGES
-- Up-to-date: /mnt/HDD/Project/Public/okulartry/okular-things/share/locale/sr@ijekavian/LC_MESSAGES/ki18n5.mo
-- Up-to-date: /mnt/HDD/Project/Public/okulartry/okular-things/share/locale/ms
-- Up-to-date: /mnt/HDD/Project/Public/okulartry/okular-things/share/locale/ms/LC_MESSAGES
-- Up-to-date: /mnt/HDD/Project/Public/okulartry/okular-things/share/locale/ms/LC_MESSAGES/ki18n5.mo
-- Up-to-date: /mnt/HDD/Project/Public/okulartry/okular-things/share/locale/ps
-- Up-to-date: /mnt/HDD/Project/Public/okulartry/okular-things/share/locale/ps/LC_MESSAGES
-- Up-to-date: /mnt/HDD/Project/Public/okulartry/okular-things/share/locale/ps/LC_MESSAGES/ki18n5.mo
-- Up-to-date: /mnt/HDD/Project/Public/okulartry/okular-things/share/locale/se
-- Up-to-date: /mnt/HDD/Project/Public/okulartry/okular-things/share/locale/se/LC_MESSAGES
-- Up-to-date: /mnt/HDD/Project/Public/okulartry/okular-things/share/locale/se/LC_MESSAGES/ki18n5.mo
-- Up-to-date: /mnt/HDD/Project/Public/okulartry/okular-things/share/locale/nl
-- Up-to-date: /mnt/HDD/Project/Public/okulartry/okular-things/share/locale/nl/LC_MESSAGES
-- Up-to-date: /mnt/HDD/Project/Public/okulartry/okular-things/share/locale/nl/LC_MESSAGES/ki18n5.mo
-- Up-to-date: /mnt/HDD/Project/Public/okulartry/okular-things/share/locale/hr
-- Up-to-date: /mnt/HDD/Project/Public/okulartry/okular-things/share/locale/hr/LC_MESSAGES
-- Up-to-date: /mnt/HDD/Project/Public/okulartry/okular-things/share/locale/hr/LC_MESSAGES/ki18n5.mo
-- Up-to-date: /mnt/HDD/Project/Public/okulartry/okular-things/share/locale/ca@valencia
-- Up-to-date: /mnt/HDD/Project/Public/okulartry/okular-things/share/locale/ca@valencia/LC_SCRIPTS
-- Up-to-date: /mnt/HDD/Project/Public/okulartry/okular-things/share/locale/ca@valencia/LC_SCRIPTS/ki18n5
-- Up-to-date: /mnt/HDD/Project/Public/okulartry/okular-things/share/locale/ca@valencia/LC_SCRIPTS/ki18n5/ki18n5.js
-- Up-to-date: /mnt/HDD/Project/Public/okulartry/okular-things/share/locale/ca@valencia/LC_MESSAGES
-- Up-to-date: /mnt/HDD/Project/Public/okulartry/okular-things/share/locale/ca@valencia/LC_MESSAGES/ki18n5.mo
-- Up-to-date: /mnt/HDD/Project/Public/okulartry/okular-things/share/locale/is
-- Up-to-date: /mnt/HDD/Project/Public/okulartry/okular-things/share/locale/is/LC_MESSAGES
-- Up-to-date: /mnt/HDD/Project/Public/okulartry/okular-things/share/locale/is/LC_MESSAGES/ki18n5.mo
-- Up-to-date: /mnt/HDD/Project/Public/okulartry/okular-things/share/locale/uz
-- Up-to-date: /mnt/HDD/Project/Public/okulartry/okular-things/share/locale/uz/LC_MESSAGES
-- Up-to-date: /mnt/HDD/Project/Public/okulartry/okular-things/share/locale/uz/LC_MESSAGES/ki18n5.mo
-- Up-to-date: /mnt/HDD/Project/Public/okulartry/okular-things/share/locale/ta
-- Up-to-date: /mnt/HDD/Project/Public/okulartry/okular-things/share/locale/ta/LC_MESSAGES
-- Up-to-date: /mnt/HDD/Project/Public/okulartry/okular-things/share/locale/ta/LC_MESSAGES/ki18n5.mo
-- Up-to-date: /mnt/HDD/Project/Public/okulartry/okular-things/lib/libKF5I18n.so.5.107.0
-- Up-to-date: /mnt/HDD/Project/Public/okulartry/okular-things/lib/libKF5I18n.so.5
-- Up-to-date: /mnt/HDD/Project/Public/okulartry/okular-things/lib/libKF5I18n.so
-- Up-to-date: /mnt/HDD/Project/Public/okulartry/okular-things/include/KF5/KI18n/KLazyLocalizedString
-- Up-to-date: /mnt/HDD/Project/Public/okulartry/okular-things/include/KF5/KI18n/KLocalizedContext
-- Up-to-date: /mnt/HDD/Project/Public/okulartry/okular-things/include/KF5/KI18n/KLocalizedString
-- Up-to-date: /mnt/HDD/Project/Public/okulartry/okular-things/include/KF5/KI18n/KLocalizedTranslator
-- Up-to-date: /mnt/HDD/Project/Public/okulartry/okular-things/include/KF5/KI18n/KuitSetup
-- Up-to-date: /mnt/HDD/Project/Public/okulartry/okular-things/include/KF5/KI18n/klazylocalizedstring.h
-- Up-to-date: /mnt/HDD/Project/Public/okulartry/okular-things/include/KF5/KI18n/klocalizedcontext.h
-- Up-to-date: /mnt/HDD/Project/Public/okulartry/okular-things/include/KF5/KI18n/klocalizedstring.h
-- Up-to-date: /mnt/HDD/Project/Public/okulartry/okular-things/include/KF5/KI18n/klocalizedtranslator.h
-- Up-to-date: /mnt/HDD/Project/Public/okulartry/okular-things/include/KF5/KI18n/kuitsetup.h
-- Up-to-date: /mnt/HDD/Project/Public/okulartry/okular-things/include/KF5/KI18n/KuitMarkup
-- Up-to-date: /mnt/HDD/Project/Public/okulartry/okular-things/include/KF5/KI18n/kuitmarkup.h
-- Up-to-date: /mnt/HDD/Project/Public/okulartry/okular-things/include/KF5/KI18n/ki18n_export.h
-- Up-to-date: /mnt/HDD/Project/Public/okulartry/okular-things/lib/plugins/kf5/ktranscript.so
-- Up-to-date: /mnt/HDD/Project/Public/okulartry/okular-things/mkspecs/modules/qt_KI18n.pri
-- Up-to-date: /mnt/HDD/Project/Public/okulartry/okular-things/lib/libKF5I18nLocaleData.so.5.107.0
-- Up-to-date: /mnt/HDD/Project/Public/okulartry/okular-things/lib/libKF5I18nLocaleData.so.5
-- Up-to-date: /mnt/HDD/Project/Public/okulartry/okular-things/lib/libKF5I18nLocaleData.so
-- Up-to-date: /mnt/HDD/Project/Public/okulartry/okular-things/include/KF5/KI18nLocaleData/KCountry
-- Up-to-date: /mnt/HDD/Project/Public/okulartry/okular-things/include/KF5/KI18nLocaleData/KCountrySubdivision
-- Up-to-date: /mnt/HDD/Project/Public/okulartry/okular-things/include/KF5/KI18nLocaleData/KTimeZone
-- Up-to-date: /mnt/HDD/Project/Public/okulartry/okular-things/include/KF5/KI18nLocaleData/kcountry.h
-- Up-to-date: /mnt/HDD/Project/Public/okulartry/okular-things/include/KF5/KI18nLocaleData/kcountrysubdivision.h
-- Up-to-date: /mnt/HDD/Project/Public/okulartry/okular-things/include/KF5/KI18nLocaleData/ktimezone.h
-- Up-to-date: /mnt/HDD/Project/Public/okulartry/okular-things/include/KF5/KI18nLocaleData/ki18nlocaledata_export.h
-- Up-to-date: /mnt/HDD/Project/Public/okulartry/okular-things/lib/qml/org/kde/i18n/localeData/qmldir
-- Up-to-date: /mnt/HDD/Project/Public/okulartry/okular-things/lib/qml/org/kde/i18n/localeData/libki18nlocaledataqmlplugin.so
-- Up-to-date: /mnt/HDD/Project/Public/okulartry/okular-things/share/qlogging-categories5/ki18n.categories
-- Up-to-date: /mnt/HDD/Project/Public/okulartry/okular-things/share/qlogging-categories5/ki18n.renamecategories
-- Up-to-date: /mnt/HDD/Project/Public/okulartry/okular-things/lib/cmake/KF5I18n/KF5I18nConfig.cmake
-- Up-to-date: /mnt/HDD/Project/Public/okulartry/okular-things/lib/cmake/KF5I18n/KF5I18nConfigVersion.cmake
-- Up-to-date: /mnt/HDD/Project/Public/okulartry/okular-things/lib/cmake/KF5I18n/KF5I18nTargets.cmake
-- Up-to-date: /mnt/HDD/Project/Public/okulartry/okular-things/lib/cmake/KF5I18n/KF5I18nTargets-debug.cmake
-- Up-to-date: /mnt/HDD/Project/Public/okulartry/okular-things/include/KF5/KI18n/ki18n_version.h
-- Up-to-date: /mnt/HDD/Project/Public/okulartry/okular-things/lib/cmake/KF5I18n/KF5I18nMacros.cmake
-- Up-to-date: /mnt/HDD/Project/Public/okulartry/okular-things/lib/cmake/KF5I18n/kf5i18nuic.cmake
-- Up-to-date: /mnt/HDD/Project/Public/okulartry/okular-things/lib/cmake/KF5I18n/build-pofiles.cmake
-- Up-to-date: /mnt/HDD/Project/Public/okulartry/okular-things/lib/cmake/KF5I18n/build-tsfiles.cmake
-- Up-to-date: /mnt/HDD/Project/Public/okulartry/okular-things/lib/cmake/KF5I18n/ts-pmap-compile.py
