# kdesrc-build running: 'make' '-j' '8'
# from directory: /home/szybet/kdesrc/build/frameworks/kconfigwidgets
[  2%] Generating mo...
[  3%] Generating ts...
[  3%] Automatic MOC for target KF5ConfigWidgets
[  3%] Built target tsfiles-8d8c3442b1b958997ffe00e56a4b21e3
[  3%] Built target pofiles-8d8c3442b1b958997ffe00e56a4b21e3
[  3%] Built target KF5ConfigWidgets_autogen
[ 34%] Built target KF5ConfigWidgets
[ 37%] Automatic MOC for target kcodecactiontest
[ 38%] Automatic MOC for target kcommandbartest
[ 38%] Automatic MOC for target krecentfilesactiontest
[ 39%] Automatic MOC for target klanguagebuttontest
[ 40%] Automatic MOC for target kcolorschemedemo
[ 42%] Automatic MOC for target kcolorutilsdemo
[ 43%] Automatic MOC for target kconfigdialog_unittest
[ 44%] Automatic MOC for target kstandardactiontest
[ 44%] Built target kcommandbartest_autogen
[ 44%] Built target klanguagebuttontest_autogen
[ 44%] Built target kcodecactiontest_autogen
[ 44%] Built target krecentfilesactiontest_autogen
[ 44%] Built target kcolorschemedemo_autogen
[ 44%] Built target kstandardactiontest_autogen
[ 44%] Built target kcolorutilsdemo_autogen
[ 44%] Built target kconfigdialog_unittest_autogen
[ 45%] Automatic MOC for target klanguagenametest
[ 46%] Automatic MOC for target kcmdbartest
[ 48%] Automatic MOC for target kcolorschemetest
[ 49%] Automatic MOC for target krecentfilesaction_test
[ 50%] Building CXX object tests/CMakeFiles/kcolorschemedemo.dir/kcolorschemedemo_autogen/mocs_compilation.cpp.o
[ 50%] Built target kcmdbartest_autogen
[ 54%] Built target klanguagebuttontest
[ 57%] Built target kcommandbartest
[ 57%] Built target klanguagenametest_autogen
[ 61%] Built target kcodecactiontest
[ 61%] Built target krecentfilesaction_test_autogen
[ 62%] Building CXX object tests/CMakeFiles/kcolorschemedemo.dir/kcolorschemedemo.cpp.o
[ 62%] Built target kcolorschemetest_autogen
[ 63%] Generating signaltest.h, signaltest.cpp
[ 65%] Building CXX object autotests/CMakeFiles/klanguagenametest.dir/klanguagenametest_autogen/mocs_compilation.cpp.o
[ 67%] Generating signaltest.moc
[ 71%] Built target krecentfilesactiontest
[ 74%] Built target kstandardactiontest
[ 75%] Building CXX object autotests/CMakeFiles/kcmdbartest.dir/kcmdbartest_autogen/mocs_compilation.cpp.o
[ 81%] Built target kcolorutilsdemo
[ 83%] Building CXX object autotests/CMakeFiles/krecentfilesaction_test.dir/krecentfilesaction_test_autogen/mocs_compilation.cpp.o
[ 84%] Building CXX object autotests/CMakeFiles/kcmdbartest.dir/kcmdbartest.cpp.o
[ 85%] Building CXX object autotests/CMakeFiles/klanguagenametest.dir/klanguagenametest.cpp.o
[ 86%] Building CXX object autotests/CMakeFiles/kcolorschemetest.dir/kcolorschemetest_autogen/mocs_compilation.cpp.o
[ 87%] Building CXX object autotests/CMakeFiles/kcolorschemetest.dir/kcolorschemetest.cpp.o
[ 89%] Building CXX object autotests/CMakeFiles/kconfigdialog_unittest.dir/kconfigdialog_unittest_autogen/mocs_compilation.cpp.o
[ 90%] Building CXX object autotests/CMakeFiles/kconfigdialog_unittest.dir/kconfigdialog_unittest.cpp.o
[ 91%] Building CXX object autotests/CMakeFiles/kconfigdialog_unittest.dir/signaltest.cpp.o
[ 92%] Building CXX object autotests/CMakeFiles/krecentfilesaction_test.dir/krecentfilesactiontest.cpp.o
[ 93%] Linking CXX executable ../bin/kcolorschemedemo
[ 93%] Built target kcolorschemedemo
[ 95%] Linking CXX executable ../bin/klanguagenametest
[ 96%] Linking CXX executable ../bin/kcolorschemetest
[ 97%] Linking CXX executable ../bin/krecentfilesaction_test
[ 98%] Linking CXX executable ../bin/kcmdbartest
[ 98%] Built target klanguagenametest
[ 98%] Built target kcolorschemetest
[ 98%] Built target krecentfilesaction_test
[ 98%] Built target kcmdbartest
[100%] Linking CXX executable ../bin/kconfigdialog_unittest
[100%] Built target kconfigdialog_unittest
