This file contains any messages produced by compilers while
running configure, to aid debugging if configure makes a mistake.

It was created by libctf configure 1.2.0, which was
generated by GNU Autoconf 2.69.  Invocation command line was

  $ /mnt/HDD/Project/Public/okulartry/binutils-gdb/libctf/configure --srcdir=.././libctf --cache-file=./config.cache --with-gnu-as --with-gnu-ld --prefix=/home/build/inkbox/compiled-binaries/arm-kobo-linux-gnueabihf/arm-kobo-linux-gnueabihf/sysroot/ --with-build-sysroot=/home/build/inkbox/compiled-binaries/arm-kobo-linux-gnueabihf/arm-kobo-linux-gnueabihf/sysroot/ --program-transform-name=s,y,y, --disable-option-checking --disable-year2038 --build=x86_64-pc-linux-gnu --host=arm-linux-gnueabihf --target=arm-linux-gnueabihf

## --------- ##
## Platform. ##
## --------- ##

hostname = hyperbookszyb
uname -m = x86_64
uname -r = 6.1.28-1-lts
uname -s = Linux
uname -v = #1 SMP PREEMPT_DYNAMIC Thu, 11 May 2023 15:52:41 +0000

/usr/bin/uname -p = unknown
/bin/uname -X     = unknown

/bin/arch              = unknown
/usr/bin/arch -k       = unknown
/usr/convex/getsysinfo = unknown
/usr/bin/hostinfo      = unknown
/bin/machine           = unknown
/usr/bin/oslevel       = unknown
/bin/universe          = unknown

PATH: /home/szybet/kde/src/kdesrc-build
PATH: /home/szybet/.cargo/bin
PATH: /sbin
PATH: /bin
PATH: /usr/local/sbin
PATH: /usr/local/bin
PATH: /usr/bin
PATH: /usr/sbin
PATH: /home/szybet/.dotnet/tools
PATH: /usr/lib/jvm/default/bin
PATH: /usr/bin/site_perl
PATH: /usr/bin/vendor_perl
PATH: /usr/bin/core_perl
PATH: /usr/lib/rustup/bin
PATH: /home/build/inkbox/compiled-binaries/arm-kobo-linux-gnueabihf/bin/
PATH: /home/build/inkbox/compiled-binaries/qt-bin/qt-linux-5.15.2-kobo/bin/


## ----------- ##
## Core tests. ##
## ----------- ##

configure:2222: loading cache ./config.cache
configure:2344: checking build system type
configure:2358: result: x86_64-pc-linux-gnu
configure:2378: checking host system type
configure:2391: result: arm-unknown-linux-gnueabihf
configure:2411: checking target system type
configure:2424: result: arm-unknown-linux-gnueabihf
configure:2461: checking for arm-linux-gnueabihf-gcc
configure:2488: result: arm-kobo-linux-gnueabihf-gcc
configure:2757: checking for C compiler version
configure:2766: arm-kobo-linux-gnueabihf-gcc --version >&5
arm-kobo-linux-gnueabihf-gcc (crosstool-NG 1.24.0.519_3e2d99d - NiLuJe) 11.2.0
Copyright (C) 2021 Free Software Foundation, Inc.
This is free software; see the source for copying conditions.  There is NO
warranty; not even for MERCHANTABILITY or FITNESS FOR A PARTICULAR PURPOSE.

configure:2777: $? = 0
configure:2766: arm-kobo-linux-gnueabihf-gcc -v >&5
Using built-in specs.
COLLECT_GCC=arm-kobo-linux-gnueabihf-gcc
COLLECT_LTO_WRAPPER=/mnt/HDD/Project/inkbox-build/inkbox/compiled-binaries/arm-kobo-linux-gnueabihf/bin/../libexec/gcc/arm-kobo-linux-gnueabihf/11.2.0/lto-wrapper
Target: arm-kobo-linux-gnueabihf
Configured with: /home/nicolas/Development/kox/koxtoolchain/build/kobo/.build/arm-kobo-linux-gnueabihf/src/gcc/configure --build=x86_64-build_pc-linux-gnu --host=x86_64-build_pc-linux-gnu --target=arm-kobo-linux-gnueabihf --prefix=/home/nicolas/x-tools/arm-kobo-linux-gnueabihf --exec_prefix=/home/nicolas/x-tools/arm-kobo-linux-gnueabihf --with-sysroot=/home/nicolas/x-tools/arm-kobo-linux-gnueabihf/arm-kobo-linux-gnueabihf/sysroot --enable-languages=c,c++ --with-cpu=cortex-a8 --with-fpu=neon --with-float=hard --with-pkgversion='crosstool-NG 1.24.0.519_3e2d99d - NiLuJe' --enable-__cxa_atexit --disable-libmudflap --disable-libgomp --disable-libssp --disable-libquadmath --disable-libquadmath-support --disable-libsanitizer --disable-libmpx --with-gmp=/home/nicolas/Development/kox/koxtoolchain/build/kobo/.build/arm-kobo-linux-gnueabihf/buildtools --with-mpfr=/home/nicolas/Development/kox/koxtoolchain/build/kobo/.build/arm-kobo-linux-gnueabihf/buildtools --with-mpc=/home/nicolas/Development/kox/koxtoolchain/build/kobo/.build/arm-kobo-linux-gnueabihf/buildtools --with-isl=no --with-cloog=no --enable-lto --enable-threads=posix --with-linker-hash-style=gnu --enable-plugin --enable-gold --disable-nls --disable-multilib --with-diagnostics-color=always --with-local-prefix=/home/nicolas/x-tools/arm-kobo-linux-gnueabihf/arm-kobo-linux-gnueabihf/sysroot --enable-long-long --with-mode=thumb
Thread model: posix
Supported LTO compression algorithms: zlib zstd
gcc version 11.2.0 (crosstool-NG 1.24.0.519_3e2d99d - NiLuJe) 
configure:2777: $? = 0
configure:2766: arm-kobo-linux-gnueabihf-gcc -V >&5
[01m[Karm-kobo-linux-gnueabihf-gcc:[m[K [01;31m[Kerror: [m[Kunrecognized command-line option '[01m[K-V[m[K'
[01m[Karm-kobo-linux-gnueabihf-gcc:[m[K [01;31m[Kfatal error: [m[Kno input files
compilation terminated.
configure:2777: $? = 1
configure:2766: arm-kobo-linux-gnueabihf-gcc -qversion >&5
[01m[Karm-kobo-linux-gnueabihf-gcc:[m[K [01;31m[Kerror: [m[Kunrecognized command-line option '[01m[K-qversion[m[K'; did you mean '[01m[K--version[m[K'?
[01m[Karm-kobo-linux-gnueabihf-gcc:[m[K [01;31m[Kfatal error: [m[Kno input files
compilation terminated.
configure:2777: $? = 1
configure:2797: checking whether the C compiler works
configure:2819: arm-kobo-linux-gnueabihf-gcc -g -O2        conftest.c  >&5
configure:2823: $? = 0
configure:2871: result: yes
configure:2874: checking for C compiler default output file name
configure:2876: result: a.out
configure:2882: checking for suffix of executables
configure:2889: arm-kobo-linux-gnueabihf-gcc -o conftest -g -O2        conftest.c  >&5
configure:2893: $? = 0
configure:2915: result: 
configure:2937: checking whether we are cross compiling
configure:2975: result: yes
configure:2980: checking for suffix of object files
configure:3027: result: o
configure:3031: checking whether we are using the GNU C compiler
configure:3059: result: yes
configure:3068: checking whether arm-kobo-linux-gnueabihf-gcc accepts -g
configure:3129: result: yes
configure:3146: checking for arm-kobo-linux-gnueabihf-gcc option to accept ISO C89
configure:3222: result: none needed
configure:3247: checking whether arm-kobo-linux-gnueabihf-gcc understands -c and -o together
configure:3284: result: yes
configure:3307: checking how to run the C preprocessor
configure:3377: result: arm-kobo-linux-gnueabihf-gcc -E
configure:3397: arm-kobo-linux-gnueabihf-gcc -E  conftest.c
configure:3397: $? = 0
configure:3411: arm-kobo-linux-gnueabihf-gcc -E  conftest.c
[01m[Kconftest.c:9:10:[m[K [01;31m[Kfatal error: [m[Kac_nonexistent.h: No such file or directory
    9 | #include [01;31m[K<ac_nonexistent.h>[m[K
      |          [01;31m[K^~~~~~~~~~~~~~~~~~[m[K
compilation terminated.
configure:3411: $? = 1
configure: failed program was:
| /* confdefs.h */
| #define PACKAGE_NAME "libctf"
| #define PACKAGE_TARNAME "libctf"
| #define PACKAGE_VERSION "1.2.0"
| #define PACKAGE_STRING "libctf 1.2.0"
| #define PACKAGE_BUGREPORT ""
| #define PACKAGE_URL ""
| /* end confdefs.h.  */
| #include <ac_nonexistent.h>
configure:3440: checking for grep that handles long lines and -e
configure:3498: result: /sbin/grep
configure:3503: checking for egrep
configure:3565: result: /sbin/grep -E
configure:3570: checking for ANSI C header files
configure:3674: result: yes
configure:3687: checking for sys/types.h
configure:3687: result: yes
configure:3687: checking for sys/stat.h
configure:3687: result: yes
configure:3687: checking for stdlib.h
configure:3687: result: yes
configure:3687: checking for string.h
configure:3687: result: yes
configure:3687: checking for memory.h
configure:3687: result: yes
configure:3687: checking for strings.h
configure:3687: result: yes
configure:3687: checking for inttypes.h
configure:3687: result: yes
configure:3687: checking for stdint.h
configure:3687: result: yes
configure:3687: checking for unistd.h
configure:3687: result: yes
configure:3700: checking for minix/config.h
configure:3700: result: no
configure:3721: checking whether it is safe to define __EXTENSIONS__
configure:3746: result: yes
configure:3776: checking for a BSD-compatible install
configure:3844: result: /bin/install -c
configure:3855: checking whether build environment is sane
configure:3910: result: yes
configure:3966: checking for arm-linux-gnueabihf-strip
configure:3993: result: strip
configure:4058: checking for a thread-safe mkdir -p
configure:4097: result: /sbin/mkdir -p
configure:4104: checking for gawk
configure:4131: result: gawk
configure:4142: checking whether make sets $(MAKE)
configure:4164: result: yes
configure:4194: checking for style of include used by make
configure:4222: result: GNU
configure:4256: checking whether make supports nested variables
configure:4273: result: yes
configure:4358: checking dependency style of arm-kobo-linux-gnueabihf-gcc
configure:4469: result: gcc3
configure:4538: checking whether make supports nested variables
configure:4555: result: yes
configure:4568: checking whether make sets $(MAKE)
configure:4590: result: yes
configure:4607: checking for arm-linux-gnueabihf-gcc
configure:4634: result: arm-kobo-linux-gnueabihf-gcc
configure:4903: checking for C compiler version
configure:4912: arm-kobo-linux-gnueabihf-gcc --version >&5
arm-kobo-linux-gnueabihf-gcc (crosstool-NG 1.24.0.519_3e2d99d - NiLuJe) 11.2.0
Copyright (C) 2021 Free Software Foundation, Inc.
This is free software; see the source for copying conditions.  There is NO
warranty; not even for MERCHANTABILITY or FITNESS FOR A PARTICULAR PURPOSE.

configure:4923: $? = 0
configure:4912: arm-kobo-linux-gnueabihf-gcc -v >&5
Using built-in specs.
COLLECT_GCC=arm-kobo-linux-gnueabihf-gcc
COLLECT_LTO_WRAPPER=/mnt/HDD/Project/inkbox-build/inkbox/compiled-binaries/arm-kobo-linux-gnueabihf/bin/../libexec/gcc/arm-kobo-linux-gnueabihf/11.2.0/lto-wrapper
Target: arm-kobo-linux-gnueabihf
Configured with: /home/nicolas/Development/kox/koxtoolchain/build/kobo/.build/arm-kobo-linux-gnueabihf/src/gcc/configure --build=x86_64-build_pc-linux-gnu --host=x86_64-build_pc-linux-gnu --target=arm-kobo-linux-gnueabihf --prefix=/home/nicolas/x-tools/arm-kobo-linux-gnueabihf --exec_prefix=/home/nicolas/x-tools/arm-kobo-linux-gnueabihf --with-sysroot=/home/nicolas/x-tools/arm-kobo-linux-gnueabihf/arm-kobo-linux-gnueabihf/sysroot --enable-languages=c,c++ --with-cpu=cortex-a8 --with-fpu=neon --with-float=hard --with-pkgversion='crosstool-NG 1.24.0.519_3e2d99d - NiLuJe' --enable-__cxa_atexit --disable-libmudflap --disable-libgomp --disable-libssp --disable-libquadmath --disable-libquadmath-support --disable-libsanitizer --disable-libmpx --with-gmp=/home/nicolas/Development/kox/koxtoolchain/build/kobo/.build/arm-kobo-linux-gnueabihf/buildtools --with-mpfr=/home/nicolas/Development/kox/koxtoolchain/build/kobo/.build/arm-kobo-linux-gnueabihf/buildtools --with-mpc=/home/nicolas/Development/kox/koxtoolchain/build/kobo/.build/arm-kobo-linux-gnueabihf/buildtools --with-isl=no --with-cloog=no --enable-lto --enable-threads=posix --with-linker-hash-style=gnu --enable-plugin --enable-gold --disable-nls --disable-multilib --with-diagnostics-color=always --with-local-prefix=/home/nicolas/x-tools/arm-kobo-linux-gnueabihf/arm-kobo-linux-gnueabihf/sysroot --enable-long-long --with-mode=thumb
Thread model: posix
Supported LTO compression algorithms: zlib zstd
gcc version 11.2.0 (crosstool-NG 1.24.0.519_3e2d99d - NiLuJe) 
configure:4923: $? = 0
configure:4912: arm-kobo-linux-gnueabihf-gcc -V >&5
[01m[Karm-kobo-linux-gnueabihf-gcc:[m[K [01;31m[Kerror: [m[Kunrecognized command-line option '[01m[K-V[m[K'
[01m[Karm-kobo-linux-gnueabihf-gcc:[m[K [01;31m[Kfatal error: [m[Kno input files
compilation terminated.
configure:4923: $? = 1
configure:4912: arm-kobo-linux-gnueabihf-gcc -qversion >&5
[01m[Karm-kobo-linux-gnueabihf-gcc:[m[K [01;31m[Kerror: [m[Kunrecognized command-line option '[01m[K-qversion[m[K'; did you mean '[01m[K--version[m[K'?
[01m[Karm-kobo-linux-gnueabihf-gcc:[m[K [01;31m[Kfatal error: [m[Kno input files
compilation terminated.
configure:4923: $? = 1
configure:4927: checking whether we are using the GNU C compiler
configure:4955: result: yes
configure:4964: checking whether arm-kobo-linux-gnueabihf-gcc accepts -g
configure:5025: result: yes
configure:5042: checking for arm-kobo-linux-gnueabihf-gcc option to accept ISO C89
configure:5118: result: none needed
configure:5143: checking whether arm-kobo-linux-gnueabihf-gcc understands -c and -o together
configure:5180: result: yes
configure:5200: checking for arm-linux-gnueabihf-ranlib
configure:5227: result: arm-kobo-linux-gnueabihf-ranlib --plugin /mnt/HDD/Project/inkbox-build/inkbox/compiled-binaries/arm-kobo-linux-gnueabihf/bin/../libexec/gcc/arm-kobo-linux-gnueabihf/11.2.0/liblto_plugin.so
configure:5294: checking for arm-linux-gnueabihf-ar
configure:5321: result: arm-kobo-linux-gnueabihf-ar --plugin /mnt/HDD/Project/inkbox-build/inkbox/compiled-binaries/arm-kobo-linux-gnueabihf/bin/../libexec/gcc/arm-kobo-linux-gnueabihf/11.2.0/liblto_plugin.so
configure:5391: checking the archiver (arm-kobo-linux-gnueabihf-ar --plugin /mnt/HDD/Project/inkbox-build/inkbox/compiled-binaries/arm-kobo-linux-gnueabihf/bin/../libexec/gcc/arm-kobo-linux-gnueabihf/11.2.0/liblto_plugin.so) interface
configure:5440: result: ar
configure:5473: checking whether NLS is requested
configure:5479: result: yes
configure:5485: checking for catalogs to be installed
configure:5517: result: 
configure:5609: checking how to print strings
configure:5636: result: printf
configure:5657: checking for a sed that does not truncate output
configure:5721: result: /sbin/sed
configure:5739: checking for fgrep
configure:5801: result: /sbin/grep -F
configure:5836: checking for ld used by arm-kobo-linux-gnueabihf-gcc
configure:5903: result: arm-kobo-linux-gnueabihf-ld
configure:5910: checking if the linker (arm-kobo-linux-gnueabihf-ld) is GNU ld
configure:5925: result: yes
configure:5937: checking for BSD- or MS-compatible name lister (nm)
configure:5993: result: no
configure:6007: checking for arm-linux-gnueabihf-dumpbin
configure:6037: result: no
configure:6007: checking for arm-linux-gnueabihf-link
configure:6037: result: no
configure:6051: checking for dumpbin
configure:6078: result: link -dump
configure:6094: WARNING: using cross tools not prefixed with host triplet
configure:6123: checking the name lister (arm-linux-gnueabihf-nm) interface
configure:6143: result: BSD nm
configure:6146: checking whether ln -s works
configure:6150: result: yes
configure:6158: checking the maximum length of command line arguments
configure:6283: result: 1572864
configure:6300: checking whether the shell understands some XSI constructs
configure:6310: result: yes
configure:6314: checking whether the shell understands "+="
configure:6320: result: yes
configure:6355: checking for arm-kobo-linux-gnueabihf-ld option to reload object files
configure:6362: result: -r
configure:6391: checking for arm-linux-gnueabihf-objdump
configure:6418: result: arm-linux-gnueabihf-objdump
configure:6490: checking how to recognize dependent libraries
configure:6691: result: pass_all
configure:6724: checking for arm-linux-gnueabihf-ar
configure:6751: result: arm-kobo-linux-gnueabihf-ar --plugin /mnt/HDD/Project/inkbox-build/inkbox/compiled-binaries/arm-kobo-linux-gnueabihf/bin/../libexec/gcc/arm-kobo-linux-gnueabihf/11.2.0/liblto_plugin.so
configure:6842: checking for arm-linux-gnueabihf-strip
configure:6869: result: strip
configure:6941: checking for arm-linux-gnueabihf-ranlib
configure:6968: result: arm-kobo-linux-gnueabihf-ranlib --plugin /mnt/HDD/Project/inkbox-build/inkbox/compiled-binaries/arm-kobo-linux-gnueabihf/bin/../libexec/gcc/arm-kobo-linux-gnueabihf/11.2.0/liblto_plugin.so
configure:7115: checking command to parse arm-linux-gnueabihf-nm output from arm-kobo-linux-gnueabihf-gcc object
configure:7335: result: failed
configure:8186: checking for dlfcn.h
configure:8186: result: yes
configure:8343: checking for objdir
configure:8358: result: .libs
configure:8629: checking if arm-kobo-linux-gnueabihf-gcc supports -fno-rtti -fno-exceptions
configure:8664: result: no
configure:8684: checking for arm-kobo-linux-gnueabihf-gcc option to produce PIC
configure:8970: result: -fPIC -DPIC
configure:8982: checking if arm-kobo-linux-gnueabihf-gcc PIC flag -fPIC -DPIC works
configure:9017: result: yes
configure:9041: checking if arm-kobo-linux-gnueabihf-gcc static flag -static works
configure:9069: result: yes
configure:9084: checking if arm-kobo-linux-gnueabihf-gcc supports -c -o file.o
configure:9131: result: yes
configure:9139: checking if arm-kobo-linux-gnueabihf-gcc supports -c -o file.o
configure:9186: result: yes
configure:9219: checking whether the arm-kobo-linux-gnueabihf-gcc linker (arm-kobo-linux-gnueabihf-ld) supports shared libraries
configure:10290: result: yes
configure:10535: checking dynamic linker characteristics
configure:11198: result: GNU/Linux ld.so
configure:11305: checking how to hardcode library paths into programs
configure:11330: result: immediate
configure:11870: checking whether stripping libraries is possible
configure:11875: result: yes
configure:11910: checking if libtool supports shared libraries
configure:11912: result: yes
configure:11915: checking whether to build shared libraries
configure:11936: result: no
configure:11939: checking whether to build static libraries
configure:11943: result: yes
configure:11985: checking for special C compiler options needed for large files
configure:12030: result: no
configure:12036: checking for _FILE_OFFSET_BITS value needed for large files
configure:12093: result: 64
configure:12179: creating ./config.lt

## ------------------ ##
## Running config.lt. ##
## ------------------ ##
config.lt:612: creating libtool
configure:13544: checking for aclocal
configure:13571: result: ${SHELL} /mnt/HDD/Project/Public/okulartry/binutils-gdb/missing aclocal-1.15
configure:13587: checking for autoconf
configure:13614: result: ${SHELL} /mnt/HDD/Project/Public/okulartry/binutils-gdb/missing autoconf
configure:13630: checking for autoheader
configure:13657: result: ${SHELL} /mnt/HDD/Project/Public/okulartry/binutils-gdb/missing autoheader
configure:13691: checking whether arm-kobo-linux-gnueabihf-gcc supports -W
configure:13717: result: yes
configure:13691: checking whether arm-kobo-linux-gnueabihf-gcc supports -Wall
configure:13717: result: yes
configure:13691: checking whether arm-kobo-linux-gnueabihf-gcc supports -Wnarrowing
configure:13717: result: yes
configure:13691: checking whether arm-kobo-linux-gnueabihf-gcc supports -Wwrite-strings
configure:13717: result: yes
configure:13691: checking whether arm-kobo-linux-gnueabihf-gcc supports -Wmissing-format-attribute
configure:13717: result: yes
configure:13749: checking whether arm-kobo-linux-gnueabihf-gcc supports -Wstrict-prototypes
configure:13775: result: yes
configure:13749: checking whether arm-kobo-linux-gnueabihf-gcc supports -Wmissing-prototypes
configure:13775: result: yes
configure:13749: checking whether arm-kobo-linux-gnueabihf-gcc supports -Wold-style-definition
configure:13775: result: yes
configure:13799: checking whether arm-kobo-linux-gnueabihf-gcc supports -pedantic -Wlong-long
configure:13825: result: yes
configure:13869: checking whether to enable maintainer-specific portions of Makefiles
configure:13878: result: no
configure:13906: checking whether to install libbfd
configure:13919: result: yes
configure:13964: checking whether arm-kobo-linux-gnueabihf-gcc supports -Wall
configure:13990: result: yes
configure:14011: checking for stdlib.h
configure:14011: result: yes
configure:14011: checking for unistd.h
configure:14011: result: yes
configure:14011: checking for sys/param.h
configure:14011: result: yes
configure:14031: checking for getpagesize
configure:14031: result: yes
configure:14040: checking for working mmap
configure:14197: result: no
configure:14207: checking for library containing dlsym
configure:14255: result: -ldl
configure:14321: checking for ELF support in BFD
configure:14349: result: yes
configure:14362: checking whether byte ordering is bigendian
configure:14568: result: no
configure:14589: checking for byteswap.h
configure:14589: result: yes
configure:14589: checking for endian.h
configure:14589: result: yes
configure:14601: checking for pread
configure:14601: result: yes
configure:14611: checking whether bswap_16 is declared
configure:14611: result: yes
configure:14622: checking whether bswap_32 is declared
configure:14622: result: yes
configure:14633: checking whether bswap_64 is declared
configure:14633: result: yes
configure:14645: checking whether asprintf is declared
configure:14645: result: yes
configure:14655: checking whether vasprintf is declared
configure:14655: result: yes
configure:14665: checking whether stpcpy is declared
configure:14665: result: yes
configure:14683: checking for qsort_r
configure:14683: result: yes
configure:14696: checking for qsort_r signature
configure:14756: result: GNU
configure:14779: checking for O_CLOEXEC
configure:14807: result: yes
configure:14822: checking for makeinfo
configure:14849: result: makeinfo --split-size=5000000
configure:14877: WARNING:
*** Makeinfo is too old. Info documentation will not be built.
configure:14927: checking for expect
configure:14957: result: /sbin/expect
configure:14965: checking for Tcl supporting try/catch
configure:14976: result: yes
configure:14989: checking for linker versioning flags
configure:15033: result: -Wl,--version-script='./libctf.ver'
configure:15158: checking that generated files are newer than configure
configure:15164: result: done
configure:15212: creating ./config.status

## ---------------------- ##
## Running config.status. ##
## ---------------------- ##

This file was extended by libctf config.status 1.2.0, which was
generated by GNU Autoconf 2.69.  Invocation command line was

  CONFIG_FILES    = 
  CONFIG_HEADERS  = 
  CONFIG_LINKS    = 
  CONFIG_COMMANDS = 
  $ ./config.status 

on hyperbookszyb

config.status:1139: creating Makefile
config.status:1139: creating config.h
config.status:1320: config.h is unchanged
config.status:1368: executing depfiles commands
config.status:1368: executing libtool commands

## ---------------- ##
## Cache variables. ##
## ---------------- ##

ac_cv_build=x86_64-pc-linux-gnu
ac_cv_c_bigendian=no
ac_cv_c_compiler_gnu=yes
ac_cv_env_CC_set=set
ac_cv_env_CC_value=arm-kobo-linux-gnueabihf-gcc
ac_cv_env_CFLAGS_set=set
ac_cv_env_CFLAGS_value='-g -O2    '
ac_cv_env_CPPFLAGS_set=
ac_cv_env_CPPFLAGS_value=
ac_cv_env_CPP_set=
ac_cv_env_CPP_value=
ac_cv_env_LDFLAGS_set=set
ac_cv_env_LDFLAGS_value=' '
ac_cv_env_LIBS_set=
ac_cv_env_LIBS_value=
ac_cv_env_build_alias_set=set
ac_cv_env_build_alias_value=x86_64-pc-linux-gnu
ac_cv_env_host_alias_set=set
ac_cv_env_host_alias_value=arm-linux-gnueabihf
ac_cv_env_target_alias_set=set
ac_cv_env_target_alias_value=arm-linux-gnueabihf
ac_cv_func_getpagesize=yes
ac_cv_func_mmap_fixed_mapped=no
ac_cv_func_pread=yes
ac_cv_func_qsort_r=yes
ac_cv_have_decl_asprintf=yes
ac_cv_have_decl_bswap_16=yes
ac_cv_have_decl_bswap_32=yes
ac_cv_have_decl_bswap_64=yes
ac_cv_have_decl_stpcpy=yes
ac_cv_have_decl_vasprintf=yes
ac_cv_header_byteswap_h=yes
ac_cv_header_dlfcn_h=yes
ac_cv_header_endian_h=yes
ac_cv_header_inttypes_h=yes
ac_cv_header_memory_h=yes
ac_cv_header_minix_config_h=no
ac_cv_header_stdc=yes
ac_cv_header_stdint_h=yes
ac_cv_header_stdlib_h=yes
ac_cv_header_string_h=yes
ac_cv_header_strings_h=yes
ac_cv_header_sys_param_h=yes
ac_cv_header_sys_stat_h=yes
ac_cv_header_sys_types_h=yes
ac_cv_header_unistd_h=yes
ac_cv_host=arm-unknown-linux-gnueabihf
ac_cv_libctf_bfd_elf=yes
ac_cv_libctf_macro_O_CLOEXEC=yes
ac_cv_libctf_qsort_r_signature=GNU
ac_cv_libctf_tcl_try=yes
ac_cv_libctf_version_script='-Wl,--version-script='\''./libctf.ver'\'''
ac_cv_objext=o
ac_cv_path_EGREP='/sbin/grep -E'
ac_cv_path_EXPECT=/sbin/expect
ac_cv_path_FGREP='/sbin/grep -F'
ac_cv_path_GREP=/sbin/grep
ac_cv_path_SED=/sbin/sed
ac_cv_path_mkdir=/sbin/mkdir
ac_cv_prog_ACLOCAL='${SHELL} /mnt/HDD/Project/Public/okulartry/binutils-gdb/missing aclocal-1.15'
ac_cv_prog_AR='arm-kobo-linux-gnueabihf-ar --plugin /mnt/HDD/Project/inkbox-build/inkbox/compiled-binaries/arm-kobo-linux-gnueabihf/bin/../libexec/gcc/arm-kobo-linux-gnueabihf/11.2.0/liblto_plugin.so'
ac_cv_prog_AUTOCONF='${SHELL} /mnt/HDD/Project/Public/okulartry/binutils-gdb/missing autoconf'
ac_cv_prog_AUTOHEADER='${SHELL} /mnt/HDD/Project/Public/okulartry/binutils-gdb/missing autoheader'
ac_cv_prog_AWK=gawk
ac_cv_prog_CC=arm-kobo-linux-gnueabihf-gcc
ac_cv_prog_CPP='arm-kobo-linux-gnueabihf-gcc -E'
ac_cv_prog_MAKEINFO='makeinfo --split-size=5000000'
ac_cv_prog_OBJDUMP=arm-linux-gnueabihf-objdump
ac_cv_prog_RANLIB='arm-kobo-linux-gnueabihf-ranlib --plugin /mnt/HDD/Project/inkbox-build/inkbox/compiled-binaries/arm-kobo-linux-gnueabihf/bin/../libexec/gcc/arm-kobo-linux-gnueabihf/11.2.0/liblto_plugin.so'
ac_cv_prog_STRIP=strip
ac_cv_prog_ac_ct_DUMPBIN='link -dump'
ac_cv_prog_ac_ct_STRIP=strip
ac_cv_prog_cc_c89=
ac_cv_prog_cc_g=yes
ac_cv_prog_make_make_set=yes
ac_cv_safe_to_define___extensions__=yes
ac_cv_search_dlsym=-ldl
ac_cv_sys_file_offset_bits=64
ac_cv_sys_largefile_CC=no
ac_cv_target=arm-unknown-linux-gnueabihf
acx_cv_prog_cc_pedantic__Wlong_long=yes
acx_cv_prog_cc_warning__W=yes
acx_cv_prog_cc_warning__Wall=yes
acx_cv_prog_cc_warning__Wmissing_format_attribute=yes
acx_cv_prog_cc_warning__Wmissing_prototypes=yes
acx_cv_prog_cc_warning__Wnarrowing=yes
acx_cv_prog_cc_warning__Wold_style_definition=yes
acx_cv_prog_cc_warning__Wstrict_prototypes=yes
acx_cv_prog_cc_warning__Wwrite_strings=yes
am_cv_CC_dependencies_compiler_type=gcc3
am_cv_ar_interface=ar
am_cv_make_support_nested_variables=yes
am_cv_prog_cc_c_o=yes
lt_cv_deplibs_check_method=pass_all
lt_cv_file_magic_cmd='$MAGIC_CMD'
lt_cv_file_magic_test_file=
lt_cv_ld_reload_flag=-r
lt_cv_nm_interface='BSD nm'
lt_cv_objdir=.libs
lt_cv_path_LD=arm-kobo-linux-gnueabihf-ld
lt_cv_path_NM=no
lt_cv_prog_compiler_c_o=yes
lt_cv_prog_compiler_pic_works=yes
lt_cv_prog_compiler_rtti_exceptions=no
lt_cv_prog_compiler_static_works=yes
lt_cv_prog_gnu_ld=yes
lt_cv_shlibpath_overrides_runpath=no
lt_cv_sys_global_symbol_pipe=
lt_cv_sys_global_symbol_to_c_name_address='sed -n -e '\''s/^: \([^ ]*\) $/  {\"\1\", (void *) 0},/p'\'' -e '\''s/^[BCDEGRST]* \([^ ]*\) \([^ ]*\)$/  {"\2", (void *) \&\2},/p'\'''
lt_cv_sys_global_symbol_to_c_name_address_lib_prefix='sed -n -e '\''s/^: \([^ ]*\) $/  {\"\1\", (void *) 0},/p'\'' -e '\''s/^[BCDEGRST]* \([^ ]*\) \(lib[^ ]*\)$/  {"\2", (void *) \&\2},/p'\'' -e '\''s/^[BCDEGRST]* \([^ ]*\) \([^ ]*\)$/  {"lib\2", (void *) \&\2},/p'\'''
lt_cv_sys_global_symbol_to_cdecl=
lt_cv_sys_max_cmd_len=1572864

## ----------------- ##
## Output variables. ##
## ----------------- ##

ACLOCAL='${SHELL} /mnt/HDD/Project/Public/okulartry/binutils-gdb/missing aclocal-1.15'
AMDEPBACKSLASH='\'
AMDEP_FALSE='#'
AMDEP_TRUE=''
AMTAR='$${TAR-tar}'
AM_BACKSLASH='\'
AM_DEFAULT_V='$(AM_DEFAULT_VERBOSITY)'
AM_DEFAULT_VERBOSITY='0'
AM_V='$(V)'
AR='arm-kobo-linux-gnueabihf-ar --plugin /mnt/HDD/Project/inkbox-build/inkbox/compiled-binaries/arm-kobo-linux-gnueabihf/bin/../libexec/gcc/arm-kobo-linux-gnueabihf/11.2.0/liblto_plugin.so --plugin /mnt/HDD/Project/inkbox-build/inkbox/compiled-binaries/arm-kobo-linux-gnueabihf/bin/../libexec/gcc/arm-kobo-linux-gnueabihf/11.2.0/liblto_plugin.so'
AUTOCONF='${SHELL} /mnt/HDD/Project/Public/okulartry/binutils-gdb/missing autoconf'
AUTOHEADER='${SHELL} /mnt/HDD/Project/Public/okulartry/binutils-gdb/missing autoheader'
AUTOMAKE='${SHELL} /mnt/HDD/Project/Public/okulartry/binutils-gdb/missing automake-1.15'
AWK='gawk'
BUILD_INFO_FALSE=''
BUILD_INFO_TRUE='#'
CATALOGS=''
CATOBJEXT='.gmo'
CC='arm-kobo-linux-gnueabihf-gcc'
CCDEPMODE='depmode=gcc3'
CFLAGS='-g -O2    '
CPP='arm-kobo-linux-gnueabihf-gcc -E'
CPPFLAGS=''
CTF_LIBADD='-L/mnt/HDD/Project/Public/okulartry/binutils-gdb/libctf/../libiberty -liberty '
CYGPATH_W='echo'
DATADIRNAME='share'
DEFS='-DHAVE_CONFIG_H'
DEPDIR='.deps'
DSYMUTIL='arm-linux-gnueabihf-dsymutil'
DUMPBIN=':'
ECHO_C=''
ECHO_N='-n'
ECHO_T=''
EGREP='/sbin/grep -E'
ENABLE_LIBCTF_HASH_DEBUGGING_FALSE=''
ENABLE_LIBCTF_HASH_DEBUGGING_TRUE='#'
EXEEXT=''
EXPECT='/sbin/expect'
FGREP='/sbin/grep -F'
GENCAT='gencat'
GMSGFMT='/sbin/msgfmt'
GREP='/sbin/grep'
INCINTL=''
INSTALL_DATA='/bin/install -c -m 644'
INSTALL_LIBBFD_FALSE='#'
INSTALL_LIBBFD_TRUE=''
INSTALL_PROGRAM='/bin/install -c'
INSTALL_SCRIPT='/bin/install -c'
INSTALL_STRIP_PROGRAM='$(install_sh) -c -s'
INSTOBJEXT='.mo'
LD='arm-kobo-linux-gnueabihf-ld'
LDFLAGS=' '
LIBINTL=''
LIBINTL_DEP=''
LIBOBJS=''
LIBS='-ldl '
LIBTOOL='$(SHELL) $(top_builddir)/libtool'
LIPO=''
LN_S='ln -s'
LTLIBOBJS=''
MAINT='#'
MAINTAINER_MODE_FALSE=''
MAINTAINER_MODE_TRUE='#'
MAKEINFO='makeinfo --split-size=5000000'
MKDIR_P='/sbin/mkdir -p'
NEED_CTF_QSORT_R_FALSE=''
NEED_CTF_QSORT_R_TRUE='#'
NM='arm-linux-gnueabihf-nm'
NMEDIT=''
OBJDUMP='arm-linux-gnueabihf-objdump'
OBJEXT='o'
OTOOL64=''
OTOOL='arm-linux-gnueabihf-otool'
PACKAGE='libctf'
PACKAGE_BUGREPORT=''
PACKAGE_NAME='libctf'
PACKAGE_STRING='libctf 1.2.0'
PACKAGE_TARNAME='libctf'
PACKAGE_URL=''
PACKAGE_VERSION='1.2.0'
PATH_SEPARATOR=':'
POSUB='po'
RANLIB='arm-kobo-linux-gnueabihf-ranlib --plugin /mnt/HDD/Project/inkbox-build/inkbox/compiled-binaries/arm-kobo-linux-gnueabihf/bin/../libexec/gcc/arm-kobo-linux-gnueabihf/11.2.0/liblto_plugin.so --plugin /mnt/HDD/Project/inkbox-build/inkbox/compiled-binaries/arm-kobo-linux-gnueabihf/bin/../libexec/gcc/arm-kobo-linux-gnueabihf/11.2.0/liblto_plugin.so'
SED='/sbin/sed'
SET_MAKE=''
SHARED_LDFLAGS=''
SHELL='/bin/sh'
STRIP='strip'
TCL_TRY_FALSE='#'
TCL_TRY_TRUE=''
USE_NLS='yes'
VERSION='1.2.0'
VERSION_FLAGS='-Wl,--version-script='\''./libctf.ver'\'''
VERSION_FLAGS_NOBFD='-Wl,--version-script='\''./libctf.ver'\'''
WARN_PEDANTIC='-pedantic -Wno-long-long'
WERROR=''
XGETTEXT='/sbin/xgettext'
ac_ct_AR=''
ac_ct_CC=''
ac_ct_DUMPBIN='link -dump'
ac_libctf_warn_cflags='-Wall'
am__EXEEXT_FALSE=''
am__EXEEXT_TRUE='#'
am__fastdepCC_FALSE='#'
am__fastdepCC_TRUE=''
am__include='include'
am__isrc=''
am__leading_dot='.'
am__nodep='_no'
am__quote=''
am__tar='$${TAR-tar} chof - "$$tardir"'
am__untar='$${TAR-tar} xf -'
bfdincludedir='$(includedir)'
bfdlibdir='$(libdir)'
bindir='${exec_prefix}/bin'
build='x86_64-pc-linux-gnu'
build_alias='x86_64-pc-linux-gnu'
build_cpu='x86_64'
build_os='linux-gnu'
build_vendor='pc'
c_warn='-Wstrict-prototypes -Wmissing-prototypes -Wold-style-definition'
datadir='${datarootdir}'
datarootdir='${prefix}/share'
docdir='${datarootdir}/doc/${PACKAGE_TARNAME}'
dvidir='${docdir}'
exec_prefix='${prefix}'
host='arm-unknown-linux-gnueabihf'
host_alias='arm-linux-gnueabihf'
host_cpu='arm'
host_noncanonical='arm-linux-gnueabihf'
host_os='linux-gnueabihf'
host_vendor='unknown'
htmldir='${docdir}'
includedir='${prefix}/include'
infodir='${datarootdir}/info'
install_sh='${SHELL} /mnt/HDD/Project/Public/okulartry/binutils-gdb/install-sh'
libdir='${exec_prefix}/lib'
libexecdir='${exec_prefix}/libexec'
localedir='${datarootdir}/locale'
localstatedir='${prefix}/var'
mandir='${datarootdir}/man'
mkdir_p='$(MKDIR_P)'
oldincludedir='/usr/include'
pdfdir='${docdir}'
prefix='/home/build/inkbox/compiled-binaries/arm-kobo-linux-gnueabihf/arm-kobo-linux-gnueabihf/sysroot'
program_transform_name='s,y,y,'
psdir='${docdir}'
sbindir='${exec_prefix}/sbin'
sharedstatedir='${prefix}/com'
sysconfdir='${prefix}/etc'
target='arm-unknown-linux-gnueabihf'
target_alias='arm-linux-gnueabihf'
target_cpu='arm'
target_noncanonical='arm-linux-gnueabihf'
target_os='linux-gnueabihf'
target_vendor='unknown'
warn='-W -Wall -Wno-narrowing -Wwrite-strings -Wmissing-format-attribute'
zlibdir='-L$(top_builddir)/../zlib'
zlibinc='-I$(top_srcdir)/../zlib'

## ----------- ##
## confdefs.h. ##
## ----------- ##

/* confdefs.h */
#define PACKAGE_NAME "libctf"
#define PACKAGE_TARNAME "libctf"
#define PACKAGE_VERSION "1.2.0"
#define PACKAGE_STRING "libctf 1.2.0"
#define PACKAGE_BUGREPORT ""
#define PACKAGE_URL ""
#define STDC_HEADERS 1
#define HAVE_SYS_TYPES_H 1
#define HAVE_SYS_STAT_H 1
#define HAVE_STDLIB_H 1
#define HAVE_STRING_H 1
#define HAVE_MEMORY_H 1
#define HAVE_STRINGS_H 1
#define HAVE_INTTYPES_H 1
#define HAVE_STDINT_H 1
#define HAVE_UNISTD_H 1
#define __EXTENSIONS__ 1
#define _ALL_SOURCE 1
#define _GNU_SOURCE 1
#define _POSIX_PTHREAD_SEMANTICS 1
#define _TANDEM_SOURCE 1
#define PACKAGE "libctf"
#define VERSION "1.2.0"
#define ENABLE_NLS 1
#define HAVE_DLFCN_H 1
#define LT_OBJDIR ".libs/"
#define _FILE_OFFSET_BITS 64
#define HAVE_STDLIB_H 1
#define HAVE_UNISTD_H 1
#define HAVE_SYS_PARAM_H 1
#define HAVE_GETPAGESIZE 1
#define HAVE_BFD_ELF 1
#define HAVE_BYTESWAP_H 1
#define HAVE_ENDIAN_H 1
#define HAVE_PREAD 1
#define HAVE_DECL_BSWAP_16 1
#define HAVE_DECL_BSWAP_32 1
#define HAVE_DECL_BSWAP_64 1
#define HAVE_DECL_ASPRINTF 1
#define HAVE_DECL_VASPRINTF 1
#define HAVE_DECL_STPCPY 1
#define HAVE_QSORT_R 1
#define HAVE_QSORT_R_ARG_LAST 1
#define HAVE_O_CLOEXEC 1

configure: exit 0
