# kdesrc-build running: 'make' '-j' '8'
# from directory: /home/szybet/kdesrc/build/frameworks/knotifications
[  0%] Generating ECMPoQm/ar/knotifications5_qt.qm
[  0%] Generating ECMPoQm/as/knotifications5_qt.qm
[  0%] Generating ECMPoQm/be@latin/knotifications5_qt.qm
[  0%] Generating ECMPoQm/az/knotifications5_qt.qm
[  0%] Generating ECMPoQm/be/knotifications5_qt.qm
[  0%] Generating ECMPoQm/bg/knotifications5_qt.qm
[  0%] Generating ECMPoQm/bn/knotifications5_qt.qm
[  1%] Generating ECMPoQm/af/knotifications5_qt.qm
[  1%] Built target translations_2
[  1%] Built target translations_7
[  1%] Built target translations_4
[  1%] Generating ECMPoQm/bn_IN/knotifications5_qt.qm
[  1%] Generating ECMPoQm/br/knotifications5_qt.qm
[  2%] Generating ECMPoQm/bs/knotifications5_qt.qm
[  2%] Built target translations_11
[  3%] Generating ECMPoQm/ca/knotifications5_qt.qm
[  3%] Built target translations_3
[  3%] Built target translations_8
[  3%] Built target translations_6
[  3%] Built target translations_5
[  3%] Built target translations_12
[  3%] Generating ECMPoQm/ca@valencia/knotifications5_qt.qm
[  4%] Generating ECMPoQm/cs/knotifications5_qt.qm
[  4%] Built target translations_1
[  5%] Generating ECMPoQm/crh/knotifications5_qt.qm
[  6%] Generating ECMPoQm/csb/knotifications5_qt.qm
[  6%] Generating ECMPoQm/cy/knotifications5_qt.qm
[  6%] Built target translations_15
[  6%] Built target translations_13
[  7%] Generating ECMPoQm/da/knotifications5_qt.qm
[  7%] Built target translations_9
[  8%] Generating ECMPoQm/de/knotifications5_qt.qm
[  8%] Built target translations_10
[  9%] Generating ECMPoQm/el/knotifications5_qt.qm
Removed plural forms as the target language has less forms.
If this sounds wrong, possibly the target language is not set or recognized.
[ 10%] Generating ECMPoQm/en_GB/knotifications5_qt.qm
Removed plural forms as the target language has less forms.
If this sounds wrong, possibly the target language is not set or recognized.
[ 11%] Generating ECMPoQm/eo/knotifications5_qt.qm
[ 11%] Built target translations_14
[ 11%] Built target translations_22
[ 11%] Built target translations_16
[ 11%] Generating ECMPoQm/es/knotifications5_qt.qm
[ 11%] Built target translations_18
[ 12%] Generating ECMPoQm/et/knotifications5_qt.qm
[ 12%] Built target translations_17
[ 13%] Generating ECMPoQm/eu/knotifications5_qt.qm
[ 13%] Built target translations_19
[ 14%] Generating ECMPoQm/fa/knotifications5_qt.qm
[ 14%] Generating ECMPoQm/fi/knotifications5_qt.qm
[ 15%] Generating ECMPoQm/fr/knotifications5_qt.qm
[ 15%] Built target translations_20
[ 16%] Generating ECMPoQm/fy/knotifications5_qt.qm
[ 16%] Built target translations_21
[ 17%] Generating ECMPoQm/ga/knotifications5_qt.qm
[ 17%] Built target translations_23
[ 17%] Built target translations_25
[ 18%] Generating ECMPoQm/gd/knotifications5_qt.qm
[ 19%] Generating ECMPoQm/gl/knotifications5_qt.qm
[ 19%] Built target translations_26
[ 19%] Built target translations_31
[ 19%] Built target translations_24
[ 19%] Built target translations_28
[ 19%] Built target translations_27
[ 19%] Generating ECMPoQm/gu/knotifications5_qt.qm
Removed plural forms as the target language has less forms.
If this sounds wrong, possibly the target language is not set or recognized.
[ 20%] Generating ECMPoQm/ha/knotifications5_qt.qm
[ 21%] Generating ECMPoQm/hi/knotifications5_qt.qm
[ 22%] Generating ECMPoQm/he/knotifications5_qt.qm
[ 22%] Built target translations_29
[ 22%] Generating ECMPoQm/hne/knotifications5_qt.qm
[ 22%] Built target translations_34
[ 22%] Built target translations_35
[ 23%] Generating ECMPoQm/hr/knotifications5_qt.qm
[ 23%] Built target translations_30
[ 24%] Generating ECMPoQm/hu/knotifications5_qt.qm
[ 25%] Generating ECMPoQm/hsb/knotifications5_qt.qm
[ 25%] Built target translations_32
[ 26%] Generating ECMPoQm/hy/knotifications5_qt.qm
Removed plural forms as the target language has less forms.
If this sounds wrong, possibly the target language is not set or recognized.
[ 27%] Generating ECMPoQm/ia/knotifications5_qt.qm
[ 27%] Built target translations_33
[ 27%] Built target translations_36
Removed plural forms as the target language has less forms.
If this sounds wrong, possibly the target language is not set or recognized.
Removed plural forms as the target language has less forms.
If this sounds wrong, possibly the target language is not set or recognized.
[ 27%] Generating ECMPoQm/id/knotifications5_qt.qm
[ 28%] Generating ECMPoQm/is/knotifications5_qt.qm
[ 28%] Built target translations_37
[ 28%] Built target translations_38
Removed plural forms as the target language has less forms.
If this sounds wrong, possibly the target language is not set or recognized.
[ 29%] Generating ECMPoQm/it/knotifications5_qt.qm
[ 29%] Built target translations_40
[ 29%] Generating ECMPoQm/ja/knotifications5_qt.qm
[ 29%] Built target translations_39
[ 29%] Built target translations_42
[ 30%] Generating ECMPoQm/ka/knotifications5_qt.qm
[ 31%] Generating ECMPoQm/kk/knotifications5_qt.qm
[ 31%] Built target translations_46
[ 31%] Built target translations_41
[ 32%] Generating ECMPoQm/km/knotifications5_qt.qm
[ 33%] Generating ECMPoQm/ko/knotifications5_qt.qm
[ 34%] Generating ECMPoQm/kn/knotifications5_qt.qm
[ 34%] Built target translations_44
[ 34%] Built target translations_43
[ 35%] Generating ECMPoQm/ku/knotifications5_qt.qm
[ 35%] Built target translations_51
[ 35%] Generating ECMPoQm/lb/knotifications5_qt.qm
[ 35%] Built target translations_47
[ 36%] Generating ECMPoQm/lt/knotifications5_qt.qm
[ 37%] Generating ECMPoQm/lv/knotifications5_qt.qm
[ 37%] Built target translations_48
[ 37%] Built target translations_49
[ 37%] Built target translations_45
[ 37%] Built target translations_54
[ 37%] Generating ECMPoQm/mai/knotifications5_qt.qm
[ 38%] Generating ECMPoQm/mk/knotifications5_qt.qm
[ 39%] Generating ECMPoQm/ml/knotifications5_qt.qm
[ 40%] Generating ECMPoQm/mr/knotifications5_qt.qm
[ 40%] Built target translations_50
[ 40%] Built target translations_52
Removed plural forms as the target language has less forms.
If this sounds wrong, possibly the target language is not set or recognized.
[ 41%] Generating ECMPoQm/ms/knotifications5_qt.qm
[ 42%] Generating ECMPoQm/nb/knotifications5_qt.qm
[ 42%] Built target translations_55
[ 42%] Built target translations_53
[ 42%] Built target translations_61
[ 43%] Generating ECMPoQm/nds/knotifications5_qt.qm
[ 43%] Generating ECMPoQm/ne/knotifications5_qt.qm
[ 43%] Built target translations_58
[ 43%] Built target translations_56
[ 43%] Built target translations_57
[ 44%] Generating ECMPoQm/nl/knotifications5_qt.qm
[ 45%] Generating ECMPoQm/nn/knotifications5_qt.qm
[ 45%] Generating ECMPoQm/oc/knotifications5_qt.qm
Removed plural forms as the target language has less forms.
If this sounds wrong, possibly the target language is not set or recognized.
[ 46%] Generating ECMPoQm/or/knotifications5_qt.qm
[ 46%] Built target translations_59
[ 47%] Generating ECMPoQm/pa/knotifications5_qt.qm
[ 47%] Built target translations_60
[ 48%] Generating ECMPoQm/pl/knotifications5_qt.qm
[ 48%] Built target translations_65
[ 49%] Generating ECMPoQm/ps/knotifications5_qt.qm
Removed plural forms as the target language has less forms.
If this sounds wrong, possibly the target language is not set or recognized.
[ 49%] Built target translations_66
[ 50%] Generating ECMPoQm/pt/knotifications5_qt.qm
[ 50%] Built target translations_64
[ 50%] Built target translations_67
[ 50%] Built target translations_63
[ 50%] Built target translations_69
[ 50%] Built target translations_68
[ 50%] Built target translations_71
[ 50%] Built target translations_62
[ 51%] Generating ECMPoQm/ro/knotifications5_qt.qm
[ 51%] Generating ECMPoQm/pt_BR/knotifications5_qt.qm
[ 52%] Generating ECMPoQm/ru/knotifications5_qt.qm
[ 53%] Generating ECMPoQm/se/knotifications5_qt.qm
[ 53%] Generating ECMPoQm/si/knotifications5_qt.qm
[ 54%] Generating ECMPoQm/sk/knotifications5_qt.qm
[ 54%] Built target translations_70
[ 55%] Generating ECMPoQm/sl/knotifications5_qt.qm
[ 55%] Built target translations_72
[ 55%] Built target translations_75
[ 56%] Generating ECMPoQm/sr/knotifications5_qt.qm
[ 57%] Generating ECMPoQm/sq/knotifications5_qt.qm
[ 58%] Generating ECMPoQm/sr@ijekavian/knotifications5_qt.qm
Removed plural forms as the target language has less forms.
If this sounds wrong, possibly the target language is not set or recognized.
[ 58%] Built target translations_80
[ 58%] Built target translations_81
[ 58%] Generating ECMPoQm/sr@ijekavianlatin/knotifications5_qt.qm
[ 59%] Generating ECMPoQm/sr@latin/knotifications5_qt.qm
[ 59%] Built target translations_83
[ 59%] Built target translations_82
[ 59%] Built target translations_73
[ 59%] Built target translations_74
[ 59%] Built target translations_77
[ 59%] Built target translations_76
[ 59%] Built target translations_78
[ 59%] Generating ECMPoQm/te/knotifications5_qt.qm
[ 60%] Generating ECMPoQm/sv/knotifications5_qt.qm
[ 61%] Generating ECMPoQm/ta/knotifications5_qt.qm
[ 62%] Generating ECMPoQm/tg/knotifications5_qt.qm
[ 63%] Generating ECMPoQm/th/knotifications5_qt.qm
[ 64%] Generating ECMPoQm/tr/knotifications5_qt.qm
[ 64%] Built target translations_79
[ 65%] Generating ECMPoQm/tt/knotifications5_qt.qm
[ 65%] Built target translations_84
[ 65%] Built target translations_89
[ 66%] Generating ECMPoQm/ug/knotifications5_qt.qm
[ 66%] Generating ECMPoQm/uk/knotifications5_qt.qm
[ 67%] Generating ECMPoQm/uz/knotifications5_qt.qm
Removed plural forms as the target language has less forms.
If this sounds wrong, possibly the target language is not set or recognized.
[ 67%] Built target translations_92
Removed plural forms as the target language has less forms.
If this sounds wrong, possibly the target language is not set or recognized.
[ 68%] Generating ECMPoQm/uz@cyrillic/knotifications5_qt.qm
[ 68%] Built target translations_85
[ 68%] Built target translations_87
[ 69%] Generating ECMPoQm/vi/knotifications5_qt.qm
[ 69%] Built target translations_86
[ 69%] Built target translations_88
[ 69%] Built target translations_90
[ 69%] Built target translations_91
[ 69%] Generating ECMPoQm/wa/knotifications5_qt.qm
[ 69%] Built target translations_95
[ 70%] Generating ECMPoQm/xh/knotifications5_qt.qm
[ 71%] Generating ECMPoQm/zh_CN/knotifications5_qt.qm
[ 72%] Generating ECMPoQm/zh_TW/knotifications5_qt.qm
[ 73%] Generating ECMPoQm/zh_HK/knotifications5_qt.qm
[ 74%] Automatic MOC for target KF5Notifications
[ 74%] Built target translations_93
[ 74%] Built target translations_100
[ 74%] Built target translations_98
[ 74%] Built target translations_94
[ 74%] Built target translations_97
[ 74%] Built target translations_96
[ 74%] Built target translations_99
[ 74%] Built target KF5Notifications_autogen
[ 76%] Generating notifications_interface.cpp, notifications_interface.h
[ 76%] Generating statusnotifierwatcher_interface.cpp, statusnotifierwatcher_interface.h
[ 76%] Generating statusnotifieritemadaptor.cpp, statusnotifieritemadaptor.h
[ 78%] Generating notifications_interface.moc
[ 78%] Generating statusnotifierwatcher_interface.moc
[ 78%] Generating statusnotifieritemadaptor.moc
[ 78%] Building CXX object src/CMakeFiles/KF5Notifications.dir/ECMQmLoader-knotifications5_qt.cpp.o
[ 78%] Building CXX object src/CMakeFiles/KF5Notifications.dir/knotificationmanager.cpp.o
[ 79%] Building CXX object src/CMakeFiles/KF5Notifications.dir/knotificationreplyaction.cpp.o
[ 80%] Building CXX object src/CMakeFiles/KF5Notifications.dir/knotification.cpp.o
[ 81%] Building CXX object src/CMakeFiles/KF5Notifications.dir/KF5Notifications_autogen/mocs_compilation.cpp.o
[ 82%] Building CXX object src/CMakeFiles/KF5Notifications.dir/knotificationplugin.cpp.o
[ 83%] Building CXX object src/CMakeFiles/KF5Notifications.dir/kpassivepopup.cpp.o
[ 84%] Building CXX object src/CMakeFiles/KF5Notifications.dir/knotifyconfig.cpp.o
[ 84%] Building CXX object src/CMakeFiles/KF5Notifications.dir/knotificationjobuidelegate.cpp.o
[ 85%] Building CXX object src/CMakeFiles/KF5Notifications.dir/notifybylogfile.cpp.o
[ 86%] Building CXX object src/CMakeFiles/KF5Notifications.dir/notifybyexecute.cpp.o
[01m[K/home/szybet/kdesrc/frameworks/knotifications/src/knotification.cpp:[m[K In member function '[01m[Kvoid KNotification::Private::raiseWidget(QWidget*)[m[K':
[01m[K/home/szybet/kdesrc/frameworks/knotifications/src/knotification.cpp:390:38:[m[K [01;35m[Kwarning: [m[K'[01m[Kstatic void KWindowSystem::activateWindow(WId, long int)[m[K' is deprecated: Since 5.101. Use KX11Extras::activateWindow() or KWindowSystem::activateWindow(QWindow *) instead [[01;35m[K-Wdeprecated-declarations[m[K]
  390 |         [01;35m[KKWindowSystem::activateWindow(w->winId())[m[K;
      |         [01;35m[K~~~~~~~~~~~~~~~~~~~~~~~~~~~~~^~~~~~~~~~~~[m[K
In file included from [01m[K/home/build/inkbox/compiled-binaries/arm-kobo-linux-gnueabihf/arm-kobo-linux-gnueabihf/sysroot/include/KF5/KWindowSystem/KWindowSystem:1[m[K,
                 from [01m[K/home/szybet/kdesrc/frameworks/knotifications/src/knotification.cpp:26[m[K:
[01m[K/home/build/inkbox/compiled-binaries/arm-kobo-linux-gnueabihf/arm-kobo-linux-gnueabihf/sysroot/include/KF5/KWindowSystem/kwindowsystem.h:158:17:[m[K [01;36m[Knote: [m[Kdeclared here
  158 |     static void [01;36m[KactivateWindow[m[K(WId win, long time = 0);
      |                 [01;36m[K^~~~~~~~~~~~~~[m[K
[ 87%] Building CXX object src/CMakeFiles/KF5Notifications.dir/notifybytaskbar.cpp.o
[ 87%] Building CXX object src/CMakeFiles/KF5Notifications.dir/kstatusnotifieritem.cpp.o
[ 88%] Building CXX object src/CMakeFiles/KF5Notifications.dir/kstatusnotifieritemdbus_p.cpp.o
[ 89%] Building CXX object src/CMakeFiles/KF5Notifications.dir/knotificationrestrictions.cpp.o
[ 89%] Building CXX object src/CMakeFiles/KF5Notifications.dir/imageconverter.cpp.o
[ 90%] Building CXX object src/CMakeFiles/KF5Notifications.dir/notifybypopup.cpp.o
[ 91%] Building CXX object src/CMakeFiles/KF5Notifications.dir/notifybyportal.cpp.o
[ 92%] Building CXX object src/CMakeFiles/KF5Notifications.dir/debug_p.cpp.o
[ 92%] Building CXX object src/CMakeFiles/KF5Notifications.dir/notifybyaudio_phonon.cpp.o
[ 93%] Building CXX object src/CMakeFiles/KF5Notifications.dir/notifybytts.cpp.o
[ 94%] Building CXX object src/CMakeFiles/KF5Notifications.dir/statusnotifieritemadaptor.cpp.o
[ 95%] Building CXX object src/CMakeFiles/KF5Notifications.dir/statusnotifierwatcher_interface.cpp.o
[01m[K/home/szybet/kdesrc/frameworks/knotifications/src/kstatusnotifieritem.cpp:[m[K In member function '[01m[Kvoid KStatusNotifierItem::setAssociatedWidget(QWidget*)[m[K':
[01m[K/home/szybet/kdesrc/frameworks/knotifications/src/kstatusnotifieritem.cpp:487:65:[m[K [01;35m[Kwarning: [m[K'[01m[Kvoid KWindowSystem::windowAdded(WId)[m[K' is deprecated: Since 5.101. Use KX11Extras::windowAdded() [[01;35m[K-Wdeprecated-declarations[m[K]
  487 |         QObject::connect(KWindowSystem::self(), &KWindowSystem::[01;35m[KwindowAdded[m[K, d->associatedWidget, [this](WId id) {
      |                                                                 [01;35m[K^~~~~~~~~~~[m[K
In file included from [01m[K/home/szybet/kdesrc/frameworks/knotifications/src/kstatusnotifieritem.cpp:39[m[K:
[01m[K/home/build/inkbox/compiled-binaries/arm-kobo-linux-gnueabihf/arm-kobo-linux-gnueabihf/sysroot/include/KF5/KWindowSystem/kwindowsystem.h:899:10:[m[K [01;36m[Knote: [m[Kdeclared here
  899 |     void [01;36m[KwindowAdded[m[K(WId id);
      |          [01;36m[K^~~~~~~~~~~[m[K
[01m[K/home/szybet/kdesrc/frameworks/knotifications/src/kstatusnotifieritem.cpp:493:65:[m[K [01;35m[Kwarning: [m[K'[01m[Kvoid KWindowSystem::windowRemoved(WId)[m[K' is deprecated: Since 5.101. Use KX11Extras::windowRemoved() [[01;35m[K-Wdeprecated-declarations[m[K]
  493 |         QObject::connect(KWindowSystem::self(), &KWindowSystem::[01;35m[KwindowRemoved[m[K, d->associatedWidget, [this](WId id) {
      |                                                                 [01;35m[K^~~~~~~~~~~~~[m[K
In file included from [01m[K/home/szybet/kdesrc/frameworks/knotifications/src/kstatusnotifieritem.cpp:39[m[K:
[01m[K/home/build/inkbox/compiled-binaries/arm-kobo-linux-gnueabihf/arm-kobo-linux-gnueabihf/sysroot/include/KF5/KWindowSystem/kwindowsystem.h:909:10:[m[K [01;36m[Knote: [m[Kdeclared here
  909 |     void [01;36m[KwindowRemoved[m[K(WId id);
      |          [01;36m[K^~~~~~~~~~~~~[m[K
[01m[K/home/szybet/kdesrc/frameworks/knotifications/src/kstatusnotifieritem.cpp:[m[K In member function '[01m[Kbool KStatusNotifierItemPrivate::checkVisibility(QPoint, bool)[m[K':
[01m[K/home/szybet/kdesrc/frameworks/knotifications/src/kstatusnotifieritem.cpp:707:46:[m[K [01;35m[Kwarning: [m[K'[01m[Kstatic QList<unsigned int> KWindowSystem::stackingOrder()[m[K' is deprecated: Since 5.101. Use KX11Extras::stackingOrder() instead [[01;35m[K-Wdeprecated-declarations[m[K]
  707 |         QListIterator<WId> it(KWindowSystem::[01;35m[KstackingOrder[m[K());
      |                                              [01;35m[K^~~~~~~~~~~~~[m[K
In file included from [01m[K/home/szybet/kdesrc/frameworks/knotifications/src/kstatusnotifieritem.cpp:39[m[K:
[01m[K/home/build/inkbox/compiled-binaries/arm-kobo-linux-gnueabihf/arm-kobo-linux-gnueabihf/sysroot/include/KF5/KWindowSystem/kwindowsystem.h:115:23:[m[K [01;36m[Knote: [m[Kdeclared here
  115 |     static QList<WId> [01;36m[KstackingOrder[m[K();
      |                       [01;36m[K^~~~~~~~~~~~~[m[K
[01m[K/home/szybet/kdesrc/frameworks/knotifications/src/kstatusnotifieritem.cpp:707:59:[m[K [01;35m[Kwarning: [m[K'[01m[Kstatic QList<unsigned int> KWindowSystem::stackingOrder()[m[K' is deprecated: Since 5.101. Use KX11Extras::stackingOrder() instead [[01;35m[K-Wdeprecated-declarations[m[K]
  707 |         QListIterator<WId> it([01;35m[KKWindowSystem::stackingOrder()[m[K);
      |                               [01;35m[K~~~~~~~~~~~~~~~~~~~~~~~~~~~~^~[m[K
In file included from [01m[K/home/szybet/kdesrc/frameworks/knotifications/src/kstatusnotifieritem.cpp:39[m[K:
[01m[K/home/build/inkbox/compiled-binaries/arm-kobo-linux-gnueabihf/arm-kobo-linux-gnueabihf/sysroot/include/KF5/KWindowSystem/kwindowsystem.h:115:23:[m[K [01;36m[Knote: [m[Kdeclared here
  115 |     static QList<WId> [01;36m[KstackingOrder[m[K();
      |                       [01;36m[K^~~~~~~~~~~~~[m[K
[01m[K/home/szybet/kdesrc/frameworks/knotifications/src/kstatusnotifieritem.cpp:749:32:[m[K [01;35m[Kwarning: [m[K'[01m[Kstatic void KWindowSystem::forceActiveWindow(WId, long int)[m[K' is deprecated: Since 5.101. Use KX11Extras::forceActiveWindow() instead [[01;35m[K-Wdeprecated-declarations[m[K]
  749 |                 KWindowSystem::[01;35m[KforceActiveWindow[m[K(associatedWidget->winId());
      |                                [01;35m[K^~~~~~~~~~~~~~~~~[m[K
In file included from [01m[K/home/szybet/kdesrc/frameworks/knotifications/src/kstatusnotifieritem.cpp:39[m[K:
[01m[K/home/build/inkbox/compiled-binaries/arm-kobo-linux-gnueabihf/arm-kobo-linux-gnueabihf/sysroot/include/KF5/KWindowSystem/kwindowsystem.h:206:17:[m[K [01;36m[Knote: [m[Kdeclared here
  206 |     static void [01;36m[KforceActiveWindow[m[K(WId win, long time = 0);
      |                 [01;36m[K^~~~~~~~~~~~~~~~~[m[K
[01m[K/home/szybet/kdesrc/frameworks/knotifications/src/kstatusnotifieritem.cpp:749:49:[m[K [01;35m[Kwarning: [m[K'[01m[Kstatic void KWindowSystem::forceActiveWindow(WId, long int)[m[K' is deprecated: Since 5.101. Use KX11Extras::forceActiveWindow() instead [[01;35m[K-Wdeprecated-declarations[m[K]
  749 |                 [01;35m[KKWindowSystem::forceActiveWindow(associatedWidget->winId())[m[K;
      |                 [01;35m[K~~~~~~~~~~~~~~~~~~~~~~~~~~~~~~~~^~~~~~~~~~~~~~~~~~~~~~~~~~~[m[K
In file included from [01m[K/home/szybet/kdesrc/frameworks/knotifications/src/kstatusnotifieritem.cpp:39[m[K:
[01m[K/home/build/inkbox/compiled-binaries/arm-kobo-linux-gnueabihf/arm-kobo-linux-gnueabihf/sysroot/include/KF5/KWindowSystem/kwindowsystem.h:206:17:[m[K [01;36m[Knote: [m[Kdeclared here
  206 |     static void [01;36m[KforceActiveWindow[m[K(WId win, long time = 0);
      |                 [01;36m[K^~~~~~~~~~~~~~~~~[m[K
[01m[K/home/szybet/kdesrc/frameworks/knotifications/src/kstatusnotifieritem.cpp:759:46:[m[K [01;35m[Kwarning: [m[K'[01m[Kstatic void KWindowSystem::activateWindow(WId, long int)[m[K' is deprecated: Since 5.101. Use KX11Extras::activateWindow() or KWindowSystem::activateWindow(QWindow *) instead [[01;35m[K-Wdeprecated-declarations[m[K]
  759 |                 [01;35m[KKWindowSystem::activateWindow(associatedWidget->winId())[m[K;
      |                 [01;35m[K~~~~~~~~~~~~~~~~~~~~~~~~~~~~~^~~~~~~~~~~~~~~~~~~~~~~~~~~[m[K
In file included from [01m[K/home/szybet/kdesrc/frameworks/knotifications/src/kstatusnotifieritem.cpp:39[m[K:
[01m[K/home/build/inkbox/compiled-binaries/arm-kobo-linux-gnueabihf/arm-kobo-linux-gnueabihf/sysroot/include/KF5/KWindowSystem/kwindowsystem.h:158:17:[m[K [01;36m[Knote: [m[Kdeclared here
  158 |     static void [01;36m[KactivateWindow[m[K(WId win, long time = 0);
      |                 [01;36m[K^~~~~~~~~~~~~~[m[K
[01m[K/home/szybet/kdesrc/frameworks/knotifications/src/kstatusnotifieritem.cpp:[m[K In member function '[01m[Kvoid KStatusNotifierItemPrivate::minimizeRestore(bool)[m[K':
[01m[K/home/szybet/kdesrc/frameworks/knotifications/src/kstatusnotifieritem.cpp:1163:28:[m[K [01;35m[Kwarning: [m[K'[01m[Kstatic void KWindowSystem::setOnAllDesktops(WId, bool)[m[K' is deprecated: Since 5.101. Use KX11Extras::setOnAllDesktops() instead [[01;35m[K-Wdeprecated-declarations[m[K]
 1163 |             KWindowSystem::[01;35m[KsetOnAllDesktops[m[K(associatedWidget->winId(), true);
      |                            [01;35m[K^~~~~~~~~~~~~~~~[m[K
In file included from [01m[K/home/szybet/kdesrc/frameworks/knotifications/src/kstatusnotifieritem.cpp:39[m[K:
[01m[K/home/build/inkbox/compiled-binaries/arm-kobo-linux-gnueabihf/arm-kobo-linux-gnueabihf/sysroot/include/KF5/KWindowSystem/kwindowsystem.h:276:17:[m[K [01;36m[Knote: [m[Kdeclared here
  276 |     static void [01;36m[KsetOnAllDesktops[m[K(WId win, bool b);
      |                 [01;36m[K^~~~~~~~~~~~~~~~[m[K
[01m[K/home/szybet/kdesrc/frameworks/knotifications/src/kstatusnotifieritem.cpp:1163:44:[m[K [01;35m[Kwarning: [m[K'[01m[Kstatic void KWindowSystem::setOnAllDesktops(WId, bool)[m[K' is deprecated: Since 5.101. Use KX11Extras::setOnAllDesktops() instead [[01;35m[K-Wdeprecated-declarations[m[K]
 1163 |             [01;35m[KKWindowSystem::setOnAllDesktops(associatedWidget->winId(), true)[m[K;
      |             [01;35m[K~~~~~~~~~~~~~~~~~~~~~~~~~~~~~~~^~~~~~~~~~~~~~~~~~~~~~~~~~~~~~~~~[m[K
In file included from [01m[K/home/szybet/kdesrc/frameworks/knotifications/src/kstatusnotifieritem.cpp:39[m[K:
[01m[K/home/build/inkbox/compiled-binaries/arm-kobo-linux-gnueabihf/arm-kobo-linux-gnueabihf/sysroot/include/KF5/KWindowSystem/kwindowsystem.h:276:17:[m[K [01;36m[Knote: [m[Kdeclared here
  276 |     static void [01;36m[KsetOnAllDesktops[m[K(WId win, bool b);
      |                 [01;36m[K^~~~~~~~~~~~~~~~[m[K
[01m[K/home/szybet/kdesrc/frameworks/knotifications/src/kstatusnotifieritem.cpp:1165:28:[m[K [01;35m[Kwarning: [m[K'[01m[Kstatic void KWindowSystem::setCurrentDesktop(int)[m[K' is deprecated: Since 5.101. Use KX11Extras::setCurrentDesktop() instead [[01;35m[K-Wdeprecated-declarations[m[K]
 1165 |             KWindowSystem::[01;35m[KsetCurrentDesktop[m[K(info.desktop());
      |                            [01;35m[K^~~~~~~~~~~~~~~~~[m[K
In file included from [01m[K/home/szybet/kdesrc/frameworks/knotifications/src/kstatusnotifieritem.cpp:39[m[K:
[01m[K/home/build/inkbox/compiled-binaries/arm-kobo-linux-gnueabihf/arm-kobo-linux-gnueabihf/sysroot/include/KF5/KWindowSystem/kwindowsystem.h:262:17:[m[K [01;36m[Knote: [m[Kdeclared here
  262 |     static void [01;36m[KsetCurrentDesktop[m[K(int desktop);
      |                 [01;36m[K^~~~~~~~~~~~~~~~~[m[K
[01m[K/home/szybet/kdesrc/frameworks/knotifications/src/kstatusnotifieritem.cpp:1165:45:[m[K [01;35m[Kwarning: [m[K'[01m[Kstatic void KWindowSystem::setCurrentDesktop(int)[m[K' is deprecated: Since 5.101. Use KX11Extras::setCurrentDesktop() instead [[01;35m[K-Wdeprecated-declarations[m[K]
 1165 |             [01;35m[KKWindowSystem::setCurrentDesktop(info.desktop())[m[K;
      |             [01;35m[K~~~~~~~~~~~~~~~~~~~~~~~~~~~~~~~~^~~~~~~~~~~~~~~~[m[K
In file included from [01m[K/home/szybet/kdesrc/frameworks/knotifications/src/kstatusnotifieritem.cpp:39[m[K:
[01m[K/home/build/inkbox/compiled-binaries/arm-kobo-linux-gnueabihf/arm-kobo-linux-gnueabihf/sysroot/include/KF5/KWindowSystem/kwindowsystem.h:262:17:[m[K [01;36m[Knote: [m[Kdeclared here
  262 |     static void [01;36m[KsetCurrentDesktop[m[K(int desktop);
      |                 [01;36m[K^~~~~~~~~~~~~~~~~[m[K
[01m[K/home/szybet/kdesrc/frameworks/knotifications/src/kstatusnotifieritem.cpp:1173:42:[m[K [01;35m[Kwarning: [m[K'[01m[Kstatic void KWindowSystem::activateWindow(WId, long int)[m[K' is deprecated: Since 5.101. Use KX11Extras::activateWindow() or KWindowSystem::activateWindow(QWindow *) instead [[01;35m[K-Wdeprecated-declarations[m[K]
 1173 |             [01;35m[KKWindowSystem::activateWindow(associatedWidget->window()->winId())[m[K;
      |             [01;35m[K~~~~~~~~~~~~~~~~~~~~~~~~~~~~~^~~~~~~~~~~~~~~~~~~~~~~~~~~~~~~~~~~~~[m[K
In file included from [01m[K/home/szybet/kdesrc/frameworks/knotifications/src/kstatusnotifieritem.cpp:39[m[K:
[01m[K/home/build/inkbox/compiled-binaries/arm-kobo-linux-gnueabihf/arm-kobo-linux-gnueabihf/sysroot/include/KF5/KWindowSystem/kwindowsystem.h:158:17:[m[K [01;36m[Knote: [m[Kdeclared here
  158 |     static void [01;36m[KactivateWindow[m[K(WId win, long time = 0);
      |                 [01;36m[K^~~~~~~~~~~~~~[m[K
[01m[K/home/szybet/kdesrc/frameworks/knotifications/src/kstatusnotifieritem.cpp:[m[K In member function '[01m[KKDbusImageStruct KStatusNotifierItemPrivate::imageToStruct(const QImage&)[m[K':
[01m[K/home/szybet/kdesrc/frameworks/knotifications/src/kstatusnotifieritem.cpp:1196:28:[m[K [01;35m[Kwarning: [m[Kcast from '[01m[Kchar*[m[K' to '[01m[Kquint32*[m[K' {aka '[01m[Kunsigned int*[m[K'} increases required alignment of target type [[01;35m[K-Wcast-align[m[K]
 1196 |         quint32 *uintBuf = [01;35m[K(quint32 *)icon.data.data()[m[K;
      |                            [01;35m[K^~~~~~~~~~~~~~~~~~~~~~~~~~~[m[K
[ 95%] Building CXX object src/CMakeFiles/KF5Notifications.dir/notifications_interface.cpp.o
[01m[K/home/szybet/kdesrc/frameworks/knotifications/src/notifybyportal.cpp:[m[K In member function '[01m[Kvoid NotifyByPortalPrivate::closePortalNotification(KNotification*)[m[K':
[01m[K/home/szybet/kdesrc/frameworks/knotifications/src/notifybyportal.cpp:345:19:[m[K [01;36m[Knote: [m[Kparameter passing for argument of type '[01m[Kstd::initializer_list<QVariant>[m[K' changed in GCC 7.1
  345 |     [01;36m[Km.setArguments({QString::number(id)})[m[K;
      |     [01;36m[K~~~~~~~~~~~~~~^~~~~~~~~~~~~~~~~~~~~~~[m[K
In file included from [01m[K/home/build/inkbox/compiled-binaries/arm-kobo-linux-gnueabihf/arm-kobo-linux-gnueabihf/sysroot/include/QtCore/qobject.h:49[m[K,
                 from [01m[K/home/build/inkbox/compiled-binaries/arm-kobo-linux-gnueabihf/arm-kobo-linux-gnueabihf/sysroot/include/QtCore/QObject:1[m[K,
                 from [01m[K/home/szybet/kdesrc/frameworks/knotifications/src/knotificationplugin.h:10[m[K,
                 from [01m[K/home/szybet/kdesrc/frameworks/knotifications/src/notifybyportal.h:13[m[K,
                 from [01m[K/home/szybet/kdesrc/frameworks/knotifications/src/notifybyportal.cpp:10[m[K:
[01m[K/home/build/inkbox/compiled-binaries/arm-kobo-linux-gnueabihf/arm-kobo-linux-gnueabihf/sysroot/include/QtCore/qlist.h:[m[K In constructor '[01m[KQList<T>::QList(std::initializer_list<_Tp>) [with T = QVariant][m[K':
[01m[K/home/build/inkbox/compiled-binaries/arm-kobo-linux-gnueabihf/arm-kobo-linux-gnueabihf/sysroot/include/QtCore/qlist.h:169:12:[m[K [01;36m[Knote: [m[Kparameter passing for argument of type '[01m[Kstd::initializer_list<QVariant>[m[K' changed in GCC 7.1
  169 |     inline [01;36m[KQList[m[K(std::initializer_list<T> args)
      |            [01;36m[K^~~~~[m[K
[01m[K/home/szybet/kdesrc/frameworks/knotifications/src/kstatusnotifieritem.cpp:[m[K In member function '[01m[Kvoid KStatusNotifierItemPrivate::registerToDaemon()[m[K':
[01m[K/home/szybet/kdesrc/frameworks/knotifications/src/kstatusnotifieritem.cpp:901:26:[m[K [01;36m[Knote: [m[Kparameter passing for argument of type '[01m[Kstd::initializer_list<QVariant>[m[K' changed in GCC 7.1
  901 |         msg.setArguments([01;36m[KQVariantList{QStringLiteral("org.kde.StatusNotifierWatcher"), QStringLiteral("ProtocolVersion")}[m[K);
      |                          [01;36m[K^~~~~~~~~~~~~~~~~~~~~~~~~~~~~~~~~~~~~~~~~~~~~~~~~~~~~~~~~~~~~~~~~~~~~~~~~~~~~~~~~~~~~~~~~~~~~~~~[m[K
In file included from [01m[K/home/build/inkbox/compiled-binaries/arm-kobo-linux-gnueabihf/arm-kobo-linux-gnueabihf/sysroot/include/QtCore/qobject.h:49[m[K,
                 from [01m[K/home/build/inkbox/compiled-binaries/arm-kobo-linux-gnueabihf/arm-kobo-linux-gnueabihf/sysroot/include/QtCore/QObject:1[m[K,
                 from [01m[K/home/szybet/kdesrc/frameworks/knotifications/src/kstatusnotifieritem.h:11[m[K,
                 from [01m[K/home/szybet/kdesrc/frameworks/knotifications/src/kstatusnotifieritem.cpp:8[m[K:
[01m[K/home/build/inkbox/compiled-binaries/arm-kobo-linux-gnueabihf/arm-kobo-linux-gnueabihf/sysroot/include/QtCore/qlist.h:[m[K In constructor '[01m[KQList<T>::QList(std::initializer_list<_Tp>) [with T = QVariant][m[K':
[01m[K/home/build/inkbox/compiled-binaries/arm-kobo-linux-gnueabihf/arm-kobo-linux-gnueabihf/sysroot/include/QtCore/qlist.h:169:12:[m[K [01;36m[Knote: [m[Kparameter passing for argument of type '[01m[Kstd::initializer_list<QVariant>[m[K' changed in GCC 7.1
  169 |     inline [01;36m[KQList[m[K(std::initializer_list<T> args)
      |            [01;36m[K^~~~~[m[K
[ 96%] Linking CXX shared library ../bin/libKF5Notifications.so
/usr/lib/libQt5TextToSpeech.so.5.15.9: file not recognized: file format not recognized
collect2: error: ld returned 1 exit status
make[2]: *** [src/CMakeFiles/KF5Notifications.dir/build.make:501: bin/libKF5Notifications.so.5.107.0] Error 1
make[1]: *** [CMakeFiles/Makefile2:3124: src/CMakeFiles/KF5Notifications.dir/all] Error 2
make: *** [Makefile:136: all] Error 2
