# kdesrc-build running: 'cmake' '-B' '.' '-S' '/home/szybet/kdesrc/frameworks/knotifications' '-G' 'Unix Makefiles' '-DCMAKE_EXPORT_COMPILE_COMMANDS:BOOL=ON' '-DCMAKE_TOOLCHAIN_FILE=/mnt/HDD/Project/Public/okulartry/kobo.cmake' '-DCMAKE_CXX_FLAGS:STRING=-pipe' '-DCMAKE_INSTALL_PREFIX=/mnt/HDD/Project/Public/okulartry/okular-things' '-DCMAKE_PREFIX_PATH=/home/build/inkbox/compiled-binaries/qt-bin/'
# from directory: /home/szybet/kdesrc/build/frameworks/knotifications
-- The C compiler identification is GNU 11.2.0
-- The CXX compiler identification is GNU 11.2.0
-- Detecting C compiler ABI info
-- Detecting C compiler ABI info - done
-- Check for working C compiler: /home/build/inkbox/compiled-binaries/arm-kobo-linux-gnueabihf/bin/arm-kobo-linux-gnueabihf-gcc - skipped
-- Detecting C compile features
-- Detecting C compile features - done
-- Detecting CXX compiler ABI info
-- Detecting CXX compiler ABI info - done
-- Check for working CXX compiler: /home/build/inkbox/compiled-binaries/arm-kobo-linux-gnueabihf/bin/arm-kobo-linux-gnueabihf-g++ - skipped
-- Detecting CXX compile features
-- Detecting CXX compile features - done
-- 

Installing in /mnt/HDD/Project/Public/okulartry/okular-things. Run /home/szybet/kdesrc/build/frameworks/knotifications/prefix.sh to set the environment for KNotifications.
-- Setting build type to 'Debug' as none was specified.
-- Looking for __GLIBC__
-- Looking for __GLIBC__ - found
-- Performing Test _OFFT_IS_64BIT
-- Performing Test _OFFT_IS_64BIT - Failed
-- Performing Test HAVE_DATE_TIME
-- Performing Test HAVE_DATE_TIME - Success
-- Performing Test BSYMBOLICFUNCTIONS_AVAILABLE
-- Performing Test BSYMBOLICFUNCTIONS_AVAILABLE - Success
-- Could NOT find X11 (missing: X11_X11_INCLUDE_PATH X11_X11_LIB) 
-- Could NOT find Canberra (missing: Canberra_LIBRARIES Canberra_INCLUDE_DIRS) (found version "0.30")
CMake Warning at CMakeLists.txt:129 (find_package):
  Could not find a configuration file for package "dbusmenu-qt5" that is
  compatible with requested version "".

  The following configuration files were considered but not accepted:

    /lib/cmake/dbusmenu-qt5/dbusmenu-qt5-config.cmake, version: 0.9.2 (64bit)
    /usr/lib/cmake/dbusmenu-qt5/dbusmenu-qt5-config.cmake, version: 0.9.2 (64bit)



-- Performing Test COMPILER_HAS_HIDDEN_VISIBILITY
-- Performing Test COMPILER_HAS_HIDDEN_VISIBILITY - Success
-- Performing Test COMPILER_HAS_HIDDEN_INLINE_VISIBILITY
-- Performing Test COMPILER_HAS_HIDDEN_INLINE_VISIBILITY - Success
-- Performing Test COMPILER_HAS_DEPRECATED_ATTR
-- Performing Test COMPILER_HAS_DEPRECATED_ATTR - Success
-- The following OPTIONAL packages have been found:

 * Qt5Network (required version >= 5.15.2)
 * Qt5Qml
 * Qt5TextToSpeech (required version >= 5.15.2), Qt text to speech module
   Required to build text to speech notification support
 * PkgConfig
 * Phonon4Qt5Experimental (required version == 4.11.1)

-- The following REQUIRED packages have been found:

 * ECM (required version >= 5.106.0), Extra CMake Modules., <https://commits.kde.org/extra-cmake-modules>
 * Qt5Gui (required version >= 5.15.2)
 * KF5WindowSystem (required version >= 5.106.0)
 * KF5Config (required version >= 5.106.0)
 * KF5CoreAddons (required version >= 5.106.0)
 * Qt5DBus
 * Qt5 (required version >= 5.15.2)
 * Qt5Core
 * Qt5Widgets
 * Phonon4Qt5 (required version >= 4.6.60), Qt-based audio library
   Needed to build audio notification support when Canberra isn't available
 * Qt5LinguistTools

-- The following features have been disabled:

 * QCH, API documentation in QCH format (for e.g. Qt Assistant, Qt Creator & KDevelop)

-- The following OPTIONAL packages have not been found:

 * X11
 * Canberra, Event sound library, <https://0pointer.de/lennart/projects/libcanberra>
   Needed to build audio notification support
 * dbusmenu-qt5, DBusMenuQt, <https://launchpad.net/libdbusmenu-qt>
   Support for notification area menus via the DBusMenu protocol

-- Configuring done (1.2s)
-- Generating done (0.0s)
-- Build files have been written to: /home/szybet/kdesrc/build/frameworks/knotifications
