# kdesrc-build running: 'make' '-j' '8'
# from directory: /home/szybet/kdesrc/build/frameworks/kconfig
-- 

Installing in /mnt/HDD/Project/Public/okulartry/okular-things. Run /home/szybet/kdesrc/build/frameworks/kconfig/prefix.sh to set the environment for KConfig.
CMake Warning at src/kconfig_compiler/CMakeLists.txt:5 (message):
  Testing should be disabled on cross-compilation


-- The following OPTIONAL packages have been found:

 * Qt5Widgets

-- The following REQUIRED packages have been found:

 * ECM (required version >= 5.106.0), Extra CMake Modules., <https://commits.kde.org/extra-cmake-modules>
 * Qt5Xml
 * Qt5Gui
 * Qt5Network (required version >= 5.15.2)
 * Qt5Qml
 * Qt5DBus
 * Qt5
 * Qt5LinguistTools

-- The following features have been disabled:

 * QCH, API documentation in QCH format (for e.g. Qt Assistant, Qt Creator & KDevelop)

-- Configuring done (0.4s)
-- Generating done (0.3s)
-- Build files have been written to: /home/szybet/kdesrc/build/frameworks/kconfig
[  2%] Built target translations_1
[  3%] Built target translations_4
[  3%] Built target translations_2
[  3%] Built target translations_3
[  4%] Built target translations_5
[  5%] Built target translations_7
[  6%] Built target translations_6
[  7%] Built target translations_8
[  8%] Built target translations_9
[  9%] Built target translations_12
[  9%] Built target translations_13
[ 10%] Built target translations_14
[ 10%] Built target translations_11
[ 11%] Built target translations_10
[ 11%] Built target translations_15
[ 12%] Built target translations_16
[ 12%] Built target translations_17
[ 13%] Built target translations_18
[ 13%] Built target translations_19
[ 13%] Built target translations_20
[ 13%] Built target translations_21
[ 14%] Built target translations_22
[ 14%] Built target translations_23
[ 15%] Built target translations_24
[ 15%] Built target translations_25
[ 16%] Built target translations_26
[ 16%] Built target translations_27
[ 16%] Built target translations_29
[ 16%] Built target translations_31
[ 17%] Built target translations_28
[ 17%] Built target translations_30
[ 18%] Built target translations_32
[ 18%] Built target translations_33
[ 19%] Built target translations_34
[ 20%] Built target translations_36
[ 20%] Built target translations_35
[ 21%] Built target translations_38
[ 21%] Built target translations_39
[ 21%] Built target translations_37
[ 21%] Built target translations_40
[ 21%] Built target translations_41
[ 21%] Built target translations_43
[ 21%] Built target translations_45
[ 22%] Built target translations_44
[ 23%] Built target translations_42
[ 24%] Built target translations_46
[ 24%] Built target translations_47
[ 25%] Built target translations_48
[ 25%] Built target translations_49
[ 25%] Built target translations_50
[ 25%] Built target translations_51
[ 27%] Built target translations_54
[ 27%] Built target translations_52
[ 27%] Built target translations_53
[ 27%] Built target translations_55
[ 28%] Built target translations_56
[ 29%] Built target translations_58
[ 29%] Built target translations_57
[ 30%] Built target translations_61
[ 30%] Built target translations_59
[ 30%] Built target translations_60
[ 30%] Built target translations_62
[ 30%] Built target translations_63
[ 31%] Built target translations_64
[ 31%] Built target translations_65
[ 32%] Built target translations_66
[ 32%] Built target translations_67
[ 32%] Built target translations_70
[ 32%] Built target translations_69
[ 33%] Built target translations_68
[ 34%] Built target translations_71
[ 34%] Built target translations_72
[ 35%] Built target translations_74
[ 35%] Built target translations_73
[ 35%] Built target translations_75
[ 36%] Built target translations_77
[ 36%] Built target translations_76
[ 37%] Built target translations_78
[ 37%] Built target translations_79
[ 37%] Built target translations_80
[ 38%] Built target translations_81
[ 38%] Built target translations_83
[ 38%] Built target translations_82
[ 39%] Built target translations_84
[ 39%] Built target translations_85
[ 40%] Built target translations_86
[ 40%] Built target translations_87
[ 41%] Built target translations_88
[ 42%] Built target translations_91
[ 42%] Built target translations_90
[ 42%] Built target translations_89
[ 42%] Built target translations_92
[ 43%] Built target translations_93
[ 44%] Automatic MOC for target KF5ConfigCore
[ 44%] Automatic MOC for target kconfig_compiler
[ 44%] Automatic MOC for target kentrymaptest
[ 44%] Built target kconfig_compiler_autogen
[ 44%] Built target KF5ConfigCore_autogen
[ 44%] Built target kentrymaptest_autogen
[ 45%] Linking CXX executable ../bin/kentrymaptest
[ 46%] Linking CXX executable ../../bin/kconfig_compiler_kf5
[ 52%] Built target KF5ConfigCore
[ 52%] Automatic MOC for target test_kconfigutils
[ 52%] Automatic MOC for target kconf_update
[ 53%] Automatic MOC for target KF5ConfigQml
[ 54%] Automatic MOC for target kwriteconfig5
[ 55%] Automatic MOC for target kreadconfig5
[ 56%] Automatic MOC for target KF5ConfigGui
[ 56%] Built target kconf_update_autogen
[ 56%] Built target kwriteconfig5_autogen
[ 56%] Built target KF5ConfigGui_autogen
[ 56%] Built target test_kconfigutils_autogen
[ 56%] Built target KF5ConfigQml_autogen
[ 56%] Built target kreadconfig5_autogen
[ 57%] Automatic MOC for target kconfigcore-ksharedconfigtest
[ 57%] Automatic MOC for target kconfigcore-fallbackconfigresourcestest
[ 57%] Automatic MOC for target kconfignokdehometest
[ 58%] Automatic MOC for target kconfigtest
[ 59%] Automatic MOC for target test_kconf_update
[ 60%] Automatic MOC for target kdesktopfiletest
[ 60%] Built target kconfigcore-fallbackconfigresourcestest_autogen
[ 60%] Built target kconfigcore-ksharedconfigtest_autogen
[ 60%] Built target test_kconf_update_autogen
[ 60%] Built target kconfignokdehometest_autogen
[ 60%] Built target kconfigtest_autogen
[ 60%] Built target kdesktopfiletest_autogen
[ 61%] Automatic MOC for target ksharedconfig_in_global_object
[ 61%] Automatic MOC for target kstandardshortcutwatchertest
[ 62%] Built target KF5ConfigQml
[ 62%] Built target ksharedconfig_in_global_object_autogen
[ 62%] Built target kstandardshortcutwatchertest_autogen
[ 62%] Linking CXX executable ../../bin/kreadconfig5
[ 63%] Linking CXX executable ../../bin/kconf_update
[ 64%] Built target kentrymaptest
[ 64%] Linking CXX executable ../../bin/kwriteconfig5
[ 65%] Linking CXX executable ../bin/test_kconfigutils
[ 70%] Built target KF5ConfigGui
[ 70%] Linking CXX executable ../bin/kconfigcore-ksharedconfigtest
[ 71%] Linking CXX executable ../bin/kconfigcore-fallbackconfigresourcestest
[ 72%] Linking CXX executable ../bin/kconfignokdehometest
[ 75%] Built target kconfig_compiler
[ 76%] Built target kreadconfig5
[ 77%] Built target kwriteconfig5
[ 79%] Built target kconfigcore-fallbackconfigresourcestest
[ 81%] Built target kconf_update
[ 81%] Linking CXX executable ../bin/kconfigtest
[ 81%] Linking CXX executable ../bin/kdesktopfiletest
[ 81%] Linking CXX executable ../bin/test_kconf_update
[ 82%] Built target test_kconfigutils
[ 84%] Built target kconfigcore-ksharedconfigtest
[ 84%] Linking CXX executable ../bin/ksharedconfig_in_global_object
[ 86%] Automatic MOC for target kconfigguitest
[ 86%] Built target kconfignokdehometest
[ 86%] Automatic MOC for target kconfigloadertest
[ 86%] Automatic MOC for target kconfigskeletontest
[ 86%] Built target kconfigguitest_autogen
[ 87%] Automatic MOC for target kstandardshortcuttest
[ 87%] Built target kconfigskeletontest_autogen
[ 87%] Built target kconfigloadertest_autogen
[ 87%] Built target kstandardshortcuttest_autogen
[ 87%] Automatic MOC for target kwindowstatesavertest
[ 87%] Linking CXX executable ../bin/kconfigguitest
[ 87%] Built target kwindowstatesavertest_autogen
[ 88%] Linking CXX executable ../bin/kstandardshortcutwatchertest
[ 88%] Linking CXX executable ../bin/kconfigloadertest
[ 89%] Linking CXX executable ../bin/kconfigskeletontest
[ 90%] Built target ksharedconfig_in_global_object
[ 90%] Linking CXX executable ../bin/kstandardshortcuttest
[ 91%] Built target test_kconf_update
[ 92%] Built target kdesktopfiletest
[ 93%] Linking CXX executable ../bin/kwindowstatesavertest
[ 94%] Built target kconfigtest
[ 95%] Built target kconfigguitest
[ 96%] Built target kconfigloadertest
[ 97%] Built target kconfigskeletontest
[ 98%] Built target kstandardshortcutwatchertest
[ 99%] Built target kstandardshortcuttest
[100%] Built target kwindowstatesavertest
