# kdesrc-build running: 'cmake' '-B' '.' '-S' '/home/szybet/kdesrc/frameworks/kdbusaddons' '-G' 'Unix Makefiles' '-DCMAKE_EXPORT_COMPILE_COMMANDS:BOOL=ON' '-DCMAKE_TOOLCHAIN_FILE=/mnt/HDD/Project/Public/okulartry/kobo.cmake' '-DCMAKE_CXX_FLAGS:STRING=-pipe' '-DCMAKE_INSTALL_PREFIX=/mnt/HDD/Project/Public/okulartry/okular-things' '-DCMAKE_PREFIX_PATH=/home/build/inkbox/compiled-binaries/qt-bin/'
# from directory: /home/szybet/kdesrc/build/frameworks/kdbusaddons
-- The C compiler identification is GNU 11.2.0
-- The CXX compiler identification is GNU 11.2.0
-- Detecting C compiler ABI info
-- Detecting C compiler ABI info - done
-- Check for working C compiler: /home/build/inkbox/compiled-binaries/arm-kobo-linux-gnueabihf/bin/arm-kobo-linux-gnueabihf-gcc - skipped
-- Detecting C compile features
-- Detecting C compile features - done
-- Detecting CXX compiler ABI info
-- Detecting CXX compiler ABI info - done
-- Check for working CXX compiler: /home/build/inkbox/compiled-binaries/arm-kobo-linux-gnueabihf/bin/arm-kobo-linux-gnueabihf-g++ - skipped
-- Detecting CXX compile features
-- Detecting CXX compile features - done
-- 

Installing in /mnt/HDD/Project/Public/okulartry/okular-things. Run /home/szybet/kdesrc/build/frameworks/kdbusaddons/prefix.sh to set the environment for KDBusAddons.
-- Setting build type to 'Debug' as none was specified.
-- Looking for __GLIBC__
-- Looking for __GLIBC__ - found
-- Performing Test _OFFT_IS_64BIT
-- Performing Test _OFFT_IS_64BIT - Failed
-- Performing Test HAVE_DATE_TIME
-- Performing Test HAVE_DATE_TIME - Success
-- Performing Test BSYMBOLICFUNCTIONS_AVAILABLE
-- Performing Test BSYMBOLICFUNCTIONS_AVAILABLE - Success
-- Performing Test COMPILER_HAS_HIDDEN_VISIBILITY
-- Performing Test COMPILER_HAS_HIDDEN_VISIBILITY - Success
-- Performing Test COMPILER_HAS_HIDDEN_INLINE_VISIBILITY
-- Performing Test COMPILER_HAS_HIDDEN_INLINE_VISIBILITY - Success
-- Performing Test COMPILER_HAS_DEPRECATED_ATTR
-- Performing Test COMPILER_HAS_DEPRECATED_ATTR - Success
-- The following OPTIONAL packages have been found:

 * Qt5Gui (required version >= 5.15.9)
 * Qt5X11Extras (required version >= 5.15.2)

-- The following REQUIRED packages have been found:

 * ECM (required version >= 5.106.0), Extra CMake Modules., <https://commits.kde.org/extra-cmake-modules>
 * Qt5DBus (required version >= 5.15.2)
 * Qt5LinguistTools
 * Qt5Test (required version >= 5.15.2)

-- The following features have been disabled:

 * QCH, API documentation in QCH format (for e.g. Qt Assistant, Qt Creator & KDevelop)

-- Configuring done (0.9s)
CMake Warning at src/CMakeLists.txt:3 (add_library):
  Cannot generate a safe runtime search path for target KF5DBusAddons because
  files in some directories may conflict with libraries in implicit
  directories:

    runtime library [libQt5Gui.so.5] in /usr/lib may be hidden by files in:
      /home/build/inkbox/compiled-binaries/arm-kobo-linux-gnueabihf/arm-kobo-linux-gnueabihf/sysroot/lib

  Some of these libraries may not be found correctly.


CMake Warning at autotests/CMakeLists.txt:9 (add_executable):
  Cannot generate a safe runtime search path for target kdbussimpleservice
  because files in some directories may conflict with libraries in implicit
  directories:

    runtime library [libQt5Gui.so.5] in /usr/lib may be hidden by files in:
      /home/build/inkbox/compiled-binaries/arm-kobo-linux-gnueabihf/arm-kobo-linux-gnueabihf/sysroot/lib

  Some of these libraries may not be found correctly.


CMake Warning at /home/build/inkbox/compiled-binaries/arm-kobo-linux-gnueabihf/arm-kobo-linux-gnueabihf/sysroot/share/ECM/modules/ECMAddTests.cmake:92 (add_executable):
  Cannot generate a safe runtime search path for target deadservicetest
  because files in some directories may conflict with libraries in implicit
  directories:

    runtime library [libQt5Gui.so.5] in /usr/lib may be hidden by files in:
      /home/build/inkbox/compiled-binaries/arm-kobo-linux-gnueabihf/arm-kobo-linux-gnueabihf/sysroot/lib

  Some of these libraries may not be found correctly.
Call Stack (most recent call first):
  /home/build/inkbox/compiled-binaries/arm-kobo-linux-gnueabihf/arm-kobo-linux-gnueabihf/sysroot/share/ECM/modules/ECMAddTests.cmake:131 (ecm_add_test)
  autotests/CMakeLists.txt:12 (ecm_add_tests)


CMake Warning at /home/build/inkbox/compiled-binaries/arm-kobo-linux-gnueabihf/arm-kobo-linux-gnueabihf/sysroot/share/ECM/modules/ECMAddTests.cmake:92 (add_executable):
  Cannot generate a safe runtime search path for target
  kdbusinterprocesslocktest because files in some directories may conflict
  with libraries in implicit directories:

    runtime library [libQt5Gui.so.5] in /usr/lib may be hidden by files in:
      /home/build/inkbox/compiled-binaries/arm-kobo-linux-gnueabihf/arm-kobo-linux-gnueabihf/sysroot/lib

  Some of these libraries may not be found correctly.
Call Stack (most recent call first):
  /home/build/inkbox/compiled-binaries/arm-kobo-linux-gnueabihf/arm-kobo-linux-gnueabihf/sysroot/share/ECM/modules/ECMAddTests.cmake:131 (ecm_add_test)
  autotests/CMakeLists.txt:20 (ecm_add_tests)


CMake Warning at /home/build/inkbox/compiled-binaries/arm-kobo-linux-gnueabihf/arm-kobo-linux-gnueabihf/sysroot/share/ECM/modules/ECMAddTests.cmake:92 (add_executable):
  Cannot generate a safe runtime search path for target kdbusservicetest
  because files in some directories may conflict with libraries in implicit
  directories:

    runtime library [libQt5Gui.so.5] in /usr/lib may be hidden by files in:
      /home/build/inkbox/compiled-binaries/arm-kobo-linux-gnueabihf/arm-kobo-linux-gnueabihf/sysroot/lib

  Some of these libraries may not be found correctly.
Call Stack (most recent call first):
  /home/build/inkbox/compiled-binaries/arm-kobo-linux-gnueabihf/arm-kobo-linux-gnueabihf/sysroot/share/ECM/modules/ECMAddTests.cmake:131 (ecm_add_test)
  autotests/CMakeLists.txt:20 (ecm_add_tests)


CMake Warning at tests/CMakeLists.txt:7 (add_executable):
  Cannot generate a safe runtime search path for target dbuscalltest because
  files in some directories may conflict with libraries in implicit
  directories:

    runtime library [libQt5Gui.so.5] in /usr/lib may be hidden by files in:
      /home/build/inkbox/compiled-binaries/arm-kobo-linux-gnueabihf/arm-kobo-linux-gnueabihf/sysroot/lib

  Some of these libraries may not be found correctly.
Call Stack (most recent call first):
  tests/CMakeLists.txt:13 (kdbusaddons_tests)


CMake Warning at tests/CMakeLists.txt:7 (add_executable):
  Cannot generate a safe runtime search path for target syncdbusenvtest
  because files in some directories may conflict with libraries in implicit
  directories:

    runtime library [libQt5Gui.so.5] in /usr/lib may be hidden by files in:
      /home/build/inkbox/compiled-binaries/arm-kobo-linux-gnueabihf/arm-kobo-linux-gnueabihf/sysroot/lib

  Some of these libraries may not be found correctly.
Call Stack (most recent call first):
  tests/CMakeLists.txt:13 (kdbusaddons_tests)


-- Generating done (0.0s)
-- Build files have been written to: /home/szybet/kdesrc/build/frameworks/kdbusaddons
