# kdesrc-build running: 'make' '-j' '8'
# from directory: /home/szybet/kdesrc/build/frameworks/kactivities
-- 

Installing in /mnt/HDD/Project/Public/okulartry/okular-things. Run /home/szybet/kdesrc/build/frameworks/kactivities/prefix.sh to set the environment for KActivities.
We are using the GNU compiler
-- The following REQUIRED packages have been found:

 * ECM (required version >= 5.106.0), Extra CMake Modules., <https://commits.kde.org/extra-cmake-modules>
 * Qt5DBus
 * Qt5Core
 * Qt5
 * Qt5Gui (required version >= 5.15.2)
 * Qt5Widgets (required version >= 5.15.2)
 * KF5WindowSystem
 * KF5

-- The following features have been disabled:

 * QCH, API documentation in QCH format (for e.g. Qt Assistant, Qt Creator & KDevelop)

-- Configuring done (0.1s)
-- Generating done (0.0s)
-- Build files have been written to: /home/szybet/kdesrc/build/frameworks/kactivities
[  2%] Automatic MOC for target KF5Activities
[  2%] Built target KF5Activities_autogen
[ 88%] Built target KF5Activities
[ 91%] Automatic MOC for target kactivities-cli
[ 91%] Built target kactivities-cli_autogen
[ 94%] Building CXX object src/cli/CMakeFiles/kactivities-cli.dir/kactivities-cli_autogen/mocs_compilation.cpp.o
[ 97%] Building CXX object src/cli/CMakeFiles/kactivities-cli.dir/main.cpp.o
[100%] Linking CXX executable ../../bin/kactivities-cli
[100%] Built target kactivities-cli
