This file contains any messages produced by compilers while
running configure, to aid debugging if configure makes a mistake.

It was created by FreeType configure 2.13, which was
generated by GNU Autoconf 2.71.  Invocation command line was

  $ ./configure --host=arm-linux-gnueabihf --prefix=/home/build/inkbox/compiled-binaries/arm-kobo-linux-gnueabihf/arm-kobo-linux-gnueabihf/sysroot/ --with-harfbuzz=no

## --------- ##
## Platform. ##
## --------- ##

hostname = hyperbookszyb
uname -m = x86_64
uname -r = 6.1.28-1-lts
uname -s = Linux
uname -v = #1 SMP PREEMPT_DYNAMIC Thu, 11 May 2023 15:52:41 +0000

/usr/bin/uname -p = unknown
/bin/uname -X     = unknown

/bin/arch              = unknown
/usr/bin/arch -k       = unknown
/usr/convex/getsysinfo = unknown
/usr/bin/hostinfo      = unknown
/bin/machine           = unknown
/usr/bin/oslevel       = unknown
/bin/universe          = unknown

PATH: /home/szybet/kde/src/kdesrc-build/
PATH: /home/szybet/.cargo/bin/
PATH: /sbin/
PATH: /bin/
PATH: /usr/local/sbin/
PATH: /usr/local/bin/
PATH: /usr/bin/
PATH: /usr/sbin/
PATH: /home/szybet/.dotnet/tools/
PATH: /usr/lib/jvm/default/bin/
PATH: /usr/bin/site_perl/
PATH: /usr/bin/vendor_perl/
PATH: /usr/bin/core_perl/
PATH: /usr/lib/rustup/bin/
PATH: /home/build/inkbox/compiled-binaries/arm-kobo-linux-gnueabihf/bin/
PATH: /home/build/inkbox/compiled-binaries/qt-bin/qt-linux-5.15.2-kobo/bin/


## ----------- ##
## Core tests. ##
## ----------- ##

configure:2581: looking for aux files: install-sh ltmain.sh config.guess config.sub
configure:2594:  trying ./
configure:2605:   ./install-sh found
configure:2623:   ./ltmain.sh found
configure:2623:   ./config.guess found
configure:2623:   ./config.sub found
configure:2754: checking build system type
configure:2769: result: x86_64-pc-linux-gnu
configure:2789: checking host system type
configure:2803: result: arm-unknown-linux-gnueabihf
configure:2844: checking for arm-linux-gnueabihf-gcc
configure:2876: result: arm-kobo-linux-gnueabihf-gcc
configure:3274: checking for C compiler version
configure:3283: arm-kobo-linux-gnueabihf-gcc --version >&5
arm-kobo-linux-gnueabihf-gcc (crosstool-NG 1.24.0.519_3e2d99d - NiLuJe) 11.2.0
Copyright (C) 2021 Free Software Foundation, Inc.
This is free software; see the source for copying conditions.  There is NO
warranty; not even for MERCHANTABILITY or FITNESS FOR A PARTICULAR PURPOSE.

configure:3294: $? = 0
configure:3283: arm-kobo-linux-gnueabihf-gcc -v >&5
Using built-in specs.
COLLECT_GCC=arm-kobo-linux-gnueabihf-gcc
COLLECT_LTO_WRAPPER=/mnt/HDD/Project/inkbox-build/inkbox/compiled-binaries/arm-kobo-linux-gnueabihf/bin/../libexec/gcc/arm-kobo-linux-gnueabihf/11.2.0/lto-wrapper
Target: arm-kobo-linux-gnueabihf
Configured with: /home/nicolas/Development/kox/koxtoolchain/build/kobo/.build/arm-kobo-linux-gnueabihf/src/gcc/configure --build=x86_64-build_pc-linux-gnu --host=x86_64-build_pc-linux-gnu --target=arm-kobo-linux-gnueabihf --prefix=/home/nicolas/x-tools/arm-kobo-linux-gnueabihf --exec_prefix=/home/nicolas/x-tools/arm-kobo-linux-gnueabihf --with-sysroot=/home/nicolas/x-tools/arm-kobo-linux-gnueabihf/arm-kobo-linux-gnueabihf/sysroot --enable-languages=c,c++ --with-cpu=cortex-a8 --with-fpu=neon --with-float=hard --with-pkgversion='crosstool-NG 1.24.0.519_3e2d99d - NiLuJe' --enable-__cxa_atexit --disable-libmudflap --disable-libgomp --disable-libssp --disable-libquadmath --disable-libquadmath-support --disable-libsanitizer --disable-libmpx --with-gmp=/home/nicolas/Development/kox/koxtoolchain/build/kobo/.build/arm-kobo-linux-gnueabihf/buildtools --with-mpfr=/home/nicolas/Development/kox/koxtoolchain/build/kobo/.build/arm-kobo-linux-gnueabihf/buildtools --with-mpc=/home/nicolas/Development/kox/koxtoolchain/build/kobo/.build/arm-kobo-linux-gnueabihf/buildtools --with-isl=no --with-cloog=no --enable-lto --enable-threads=posix --with-linker-hash-style=gnu --enable-plugin --enable-gold --disable-nls --disable-multilib --with-diagnostics-color=always --with-local-prefix=/home/nicolas/x-tools/arm-kobo-linux-gnueabihf/arm-kobo-linux-gnueabihf/sysroot --enable-long-long --with-mode=thumb
Thread model: posix
Supported LTO compression algorithms: zlib zstd
gcc version 11.2.0 (crosstool-NG 1.24.0.519_3e2d99d - NiLuJe) 
configure:3294: $? = 0
configure:3283: arm-kobo-linux-gnueabihf-gcc -V >&5
[01m[Karm-kobo-linux-gnueabihf-gcc:[m[K [01;31m[Kerror: [m[Kunrecognized command-line option '[01m[K-V[m[K'
[01m[Karm-kobo-linux-gnueabihf-gcc:[m[K [01;31m[Kfatal error: [m[Kno input files
compilation terminated.
configure:3294: $? = 1
configure:3283: arm-kobo-linux-gnueabihf-gcc -qversion >&5
[01m[Karm-kobo-linux-gnueabihf-gcc:[m[K [01;31m[Kerror: [m[Kunrecognized command-line option '[01m[K-qversion[m[K'; did you mean '[01m[K--version[m[K'?
[01m[Karm-kobo-linux-gnueabihf-gcc:[m[K [01;31m[Kfatal error: [m[Kno input files
compilation terminated.
configure:3294: $? = 1
configure:3283: arm-kobo-linux-gnueabihf-gcc -version >&5
[01m[Karm-kobo-linux-gnueabihf-gcc:[m[K [01;31m[Kerror: [m[Kunrecognized command-line option '[01m[K-version[m[K'
[01m[Karm-kobo-linux-gnueabihf-gcc:[m[K [01;31m[Kfatal error: [m[Kno input files
compilation terminated.
configure:3294: $? = 1
configure:3314: checking whether the C compiler works
configure:3336: arm-kobo-linux-gnueabihf-gcc    conftest.c  >&5
configure:3340: $? = 0
configure:3390: result: yes
configure:3393: checking for C compiler default output file name
configure:3395: result: a.out
configure:3401: checking for suffix of executables
configure:3408: arm-kobo-linux-gnueabihf-gcc -o conftest    conftest.c  >&5
configure:3412: $? = 0
configure:3435: result: 
configure:3457: checking whether we are cross compiling
configure:3465: arm-kobo-linux-gnueabihf-gcc -o conftest    conftest.c  >&5
configure:3469: $? = 0
configure:3476: ./conftest
./configure: line 3478: ./conftest: cannot execute binary file: Exec format error
configure:3480: $? = 126
configure:3495: result: yes
configure:3500: checking for suffix of object files
configure:3523: arm-kobo-linux-gnueabihf-gcc -c   conftest.c >&5
configure:3527: $? = 0
configure:3549: result: o
configure:3553: checking whether the compiler supports GNU C
configure:3573: arm-kobo-linux-gnueabihf-gcc -c   conftest.c >&5
configure:3573: $? = 0
configure:3583: result: yes
configure:3594: checking whether arm-kobo-linux-gnueabihf-gcc accepts -g
configure:3615: arm-kobo-linux-gnueabihf-gcc -c -g  conftest.c >&5
configure:3615: $? = 0
configure:3659: result: yes
configure:3679: checking for arm-kobo-linux-gnueabihf-gcc option to enable C11 features
configure:3694: arm-kobo-linux-gnueabihf-gcc  -c -g -O2  conftest.c >&5
configure:3694: $? = 0
configure:3712: result: none needed
configure:3827: checking how to run the C preprocessor
configure:3853: arm-kobo-linux-gnueabihf-gcc -E  conftest.c
configure:3853: $? = 0
configure:3868: arm-kobo-linux-gnueabihf-gcc -E  conftest.c
[01m[Kconftest.c:9:10:[m[K [01;31m[Kfatal error: [m[Kac_nonexistent.h: No such file or directory
    9 | #include [01;31m[K<ac_nonexistent.h>[m[K
      |          [01;31m[K^~~~~~~~~~~~~~~~~~[m[K
compilation terminated.
configure:3868: $? = 1
configure: failed program was:
| /* confdefs.h */
| #define PACKAGE_NAME "FreeType"
| #define PACKAGE_TARNAME "freetype"
| #define PACKAGE_VERSION "2.13"
| #define PACKAGE_STRING "FreeType 2.13"
| #define PACKAGE_BUGREPORT "freetype@nongnu.org"
| #define PACKAGE_URL ""
| /* end confdefs.h.  */
| #include <ac_nonexistent.h>
configure:3895: result: arm-kobo-linux-gnueabihf-gcc -E
configure:3909: arm-kobo-linux-gnueabihf-gcc -E  conftest.c
configure:3909: $? = 0
configure:3924: arm-kobo-linux-gnueabihf-gcc -E  conftest.c
[01m[Kconftest.c:9:10:[m[K [01;31m[Kfatal error: [m[Kac_nonexistent.h: No such file or directory
    9 | #include [01;31m[K<ac_nonexistent.h>[m[K
      |          [01;31m[K^~~~~~~~~~~~~~~~~~[m[K
compilation terminated.
configure:3924: $? = 1
configure: failed program was:
| /* confdefs.h */
| #define PACKAGE_NAME "FreeType"
| #define PACKAGE_TARNAME "freetype"
| #define PACKAGE_VERSION "2.13"
| #define PACKAGE_STRING "FreeType 2.13"
| #define PACKAGE_BUGREPORT "freetype@nongnu.org"
| #define PACKAGE_URL ""
| /* end confdefs.h.  */
| #include <ac_nonexistent.h>
configure:3967: checking for arm-linux-gnueabihf-pkg-config
configure:4005: result: no
configure:4015: checking for pkg-config
configure:4038: found /sbin/pkg-config
configure:4050: result: /sbin/pkg-config
configure:4062: WARNING: using cross tools not prefixed with host triplet
configure:4075: checking pkg-config is at least version 0.24
configure:4078: result: yes
configure:4135: checking how to print strings
configure:4162: result: printf
configure:4183: checking for a sed that does not truncate output
configure:4253: result: /sbin/sed
configure:4271: checking for grep that handles long lines and -e
configure:4335: result: /sbin/grep
configure:4340: checking for egrep
configure:4408: result: /sbin/grep -E
configure:4413: checking for fgrep
configure:4481: result: /sbin/grep -F
configure:4517: checking for ld used by arm-kobo-linux-gnueabihf-gcc
configure:4585: result: arm-kobo-linux-gnueabihf-ld
configure:4592: checking if the linker (arm-kobo-linux-gnueabihf-ld) is GNU ld
configure:4608: result: yes
configure:4620: checking for BSD- or MS-compatible name lister (nm)
configure:4675: result: no
configure:4689: checking for arm-linux-gnueabihf-dumpbin
configure:4724: result: no
configure:4689: checking for arm-linux-gnueabihf-link
configure:4724: result: no
configure:4738: checking for dumpbin
configure:4773: result: no
configure:4738: checking for link
configure:4759: found /sbin/link
configure:4770: result: link -dump
configure:4815: checking the name lister (nm) interface
configure:4823: arm-kobo-linux-gnueabihf-gcc -c -g -O2  conftest.c >&5
configure:4826: nm "conftest.o"
configure:4829: output
00000000 b $d
00000000 B some_variable
configure:4836: result: BSD nm
configure:4839: checking whether ln -s works
configure:4843: result: yes
configure:4851: checking the maximum length of command line arguments
configure:4983: result: 1572864
configure:5031: checking how to convert x86_64-pc-linux-gnu file names to arm-unknown-linux-gnueabihf format
configure:5072: result: func_convert_file_noop
configure:5079: checking how to convert x86_64-pc-linux-gnu file names to toolchain format
configure:5100: result: func_convert_file_noop
configure:5107: checking for arm-kobo-linux-gnueabihf-ld option to reload object files
configure:5115: result: -r
configure:5149: checking for arm-linux-gnueabihf-file
configure:5184: result: no
configure:5194: checking for file
configure:5215: found /sbin/file
configure:5226: result: file
configure:5257: checking for arm-linux-gnueabihf-objdump
configure:5292: result: no
configure:5302: checking for objdump
configure:5323: found /sbin/objdump
configure:5334: result: objdump
configure:5363: checking how to recognize dependent libraries
configure:5564: result: pass_all
configure:5609: checking for arm-linux-gnueabihf-dlltool
configure:5644: result: no
configure:5654: checking for dlltool
configure:5689: result: no
configure:5716: checking how to associate runtime and link libraries
configure:5744: result: printf %s\n
configure:5761: checking for arm-linux-gnueabihf-ar
configure:5793: result: arm-kobo-linux-gnueabihf-ar
configure:5895: checking for archiver @FILE support
configure:5913: arm-kobo-linux-gnueabihf-gcc -c -g -O2  conftest.c >&5
configure:5913: $? = 0
configure:5917: arm-kobo-linux-gnueabihf-ar cr libconftest.a @conftest.lst >&5
configure:5920: $? = 0
configure:5925: arm-kobo-linux-gnueabihf-ar cr libconftest.a @conftest.lst >&5
arm-kobo-linux-gnueabihf-ar: conftest.o: No such file or directory
configure:5928: $? = 1
configure:5940: result: @
configure:5958: checking for arm-linux-gnueabihf-strip
configure:5993: result: no
configure:6003: checking for strip
configure:6024: found /sbin/strip
configure:6035: result: strip
configure:6067: checking for arm-linux-gnueabihf-ranlib
configure:6099: result: arm-kobo-linux-gnueabihf-ranlib
configure:6221: checking for gawk
configure:6242: found /sbin/gawk
configure:6253: result: gawk
configure:6293: checking command to parse nm output from arm-kobo-linux-gnueabihf-gcc object
configure:6447: arm-kobo-linux-gnueabihf-gcc -c -g -O2  conftest.c >&5
configure:6450: $? = 0
configure:6454: nm conftest.o \| /sbin/sed -n -e 's/^.*[ ]\([ABCDGIRSTW][ABCDGIRSTW]*\)[ ][ ]*\([_A-Za-z][_A-Za-z0-9]*\)$/\1 \2 \2/p' | /sbin/sed '/ __gnu_lto/d' \> conftest.nm
configure:6457: $? = 0
configure:6523: arm-kobo-linux-gnueabihf-gcc -o conftest -g -O2   conftest.c conftstm.o >&5
configure:6526: $? = 0
configure:6564: result: ok
configure:6611: checking for sysroot
configure:6642: result: no
configure:6649: checking for a working dd
configure:6693: result: /sbin/dd
configure:6697: checking how to truncate binary pipes
configure:6713: result: /sbin/dd bs=4096 count=1
configure:7005: checking for arm-linux-gnueabihf-mt
configure:7040: result: no
configure:7050: checking for mt
configure:7085: result: no
configure:7105: checking if : is a manifest tool
configure:7112: : '-?'
configure:7120: result: no
configure:7845: checking for stdio.h
configure:7845: arm-kobo-linux-gnueabihf-gcc -c -g -O2  conftest.c >&5
configure:7845: $? = 0
configure:7845: result: yes
configure:7845: checking for stdlib.h
configure:7845: arm-kobo-linux-gnueabihf-gcc -c -g -O2  conftest.c >&5
configure:7845: $? = 0
configure:7845: result: yes
configure:7845: checking for string.h
configure:7845: arm-kobo-linux-gnueabihf-gcc -c -g -O2  conftest.c >&5
configure:7845: $? = 0
configure:7845: result: yes
configure:7845: checking for inttypes.h
configure:7845: arm-kobo-linux-gnueabihf-gcc -c -g -O2  conftest.c >&5
configure:7845: $? = 0
configure:7845: result: yes
configure:7845: checking for stdint.h
configure:7845: arm-kobo-linux-gnueabihf-gcc -c -g -O2  conftest.c >&5
configure:7845: $? = 0
configure:7845: result: yes
configure:7845: checking for strings.h
configure:7845: arm-kobo-linux-gnueabihf-gcc -c -g -O2  conftest.c >&5
configure:7845: $? = 0
configure:7845: result: yes
configure:7845: checking for sys/stat.h
configure:7845: arm-kobo-linux-gnueabihf-gcc -c -g -O2  conftest.c >&5
configure:7845: $? = 0
configure:7845: result: yes
configure:7845: checking for sys/types.h
configure:7845: arm-kobo-linux-gnueabihf-gcc -c -g -O2  conftest.c >&5
configure:7845: $? = 0
configure:7845: result: yes
configure:7845: checking for unistd.h
configure:7845: arm-kobo-linux-gnueabihf-gcc -c -g -O2  conftest.c >&5
configure:7845: $? = 0
configure:7845: result: yes
configure:7845: checking for sys/param.h
configure:7845: arm-kobo-linux-gnueabihf-gcc -c -g -O2  conftest.c >&5
configure:7845: $? = 0
configure:7845: result: yes
configure:7870: checking for dlfcn.h
configure:7870: arm-kobo-linux-gnueabihf-gcc -c -g -O2  conftest.c >&5
configure:7870: $? = 0
configure:7870: result: yes
configure:8457: checking for objdir
configure:8473: result: .libs
configure:8733: checking if arm-kobo-linux-gnueabihf-gcc supports -fno-rtti -fno-exceptions
configure:8752: arm-kobo-linux-gnueabihf-gcc -c -g -O2  -fno-rtti -fno-exceptions conftest.c >&5
[01m[Kcc1:[m[K [01;35m[Kwarning: [m[Kcommand-line option '[01m[K-fno-rtti[m[K' is valid for C++/D/ObjC++ but not for C
configure:8756: $? = 0
configure:8769: result: no
configure:9127: checking for arm-kobo-linux-gnueabihf-gcc option to produce PIC
configure:9135: result: -fPIC -DPIC
configure:9143: checking if arm-kobo-linux-gnueabihf-gcc PIC flag -fPIC -DPIC works
configure:9162: arm-kobo-linux-gnueabihf-gcc -c -g -O2  -fPIC -DPIC -DPIC conftest.c >&5
configure:9166: $? = 0
configure:9179: result: yes
configure:9208: checking if arm-kobo-linux-gnueabihf-gcc static flag -static works
configure:9237: result: yes
configure:9252: checking if arm-kobo-linux-gnueabihf-gcc supports -c -o file.o
configure:9274: arm-kobo-linux-gnueabihf-gcc -c -g -O2  -o out/conftest2.o conftest.c >&5
configure:9278: $? = 0
configure:9300: result: yes
configure:9308: checking if arm-kobo-linux-gnueabihf-gcc supports -c -o file.o
configure:9356: result: yes
configure:9389: checking whether the arm-kobo-linux-gnueabihf-gcc linker (arm-kobo-linux-gnueabihf-ld) supports shared libraries
configure:10657: result: yes
configure:10694: checking whether -lc should be explicitly linked in
configure:10703: arm-kobo-linux-gnueabihf-gcc -c -g -O2  conftest.c >&5
configure:10706: $? = 0
configure:10721: arm-kobo-linux-gnueabihf-gcc -shared  -fPIC -DPIC conftest.o  -v -Wl,-soname -Wl,conftest -o conftest 2\>\&1 \| /sbin/grep  -lc  \>/dev/null 2\>\&1
configure:10724: $? = 0
configure:10738: result: no
configure:10898: checking dynamic linker characteristics
configure:11480: arm-kobo-linux-gnueabihf-gcc -o conftest -g -O2   -Wl,-rpath -Wl,/foo conftest.c  >&5
configure:11480: $? = 0
configure:11719: result: GNU/Linux ld.so
configure:11841: checking how to hardcode library paths into programs
configure:11866: result: immediate
configure:12418: checking whether stripping libraries is possible
configure:12427: result: yes
configure:12469: checking if libtool supports shared libraries
configure:12471: result: yes
configure:12474: checking whether to build shared libraries
configure:12499: result: yes
configure:12502: checking whether to build static libraries
configure:12506: result: yes
configure:12543: checking for windows.h
configure:12543: arm-kobo-linux-gnueabihf-gcc -c -g -O2  conftest.c >&5
[01m[Kconftest.c:50:10:[m[K [01;31m[Kfatal error: [m[Kwindows.h: No such file or directory
   50 | #include [01;31m[K<windows.h>[m[K
      |          [01;31m[K^~~~~~~~~~~[m[K
compilation terminated.
configure:12543: $? = 1
configure: failed program was:
| /* confdefs.h */
| #define PACKAGE_NAME "FreeType"
| #define PACKAGE_TARNAME "freetype"
| #define PACKAGE_VERSION "2.13"
| #define PACKAGE_STRING "FreeType 2.13"
| #define PACKAGE_BUGREPORT "freetype@nongnu.org"
| #define PACKAGE_URL ""
| #define HAVE_STDIO_H 1
| #define HAVE_STDLIB_H 1
| #define HAVE_STRING_H 1
| #define HAVE_INTTYPES_H 1
| #define HAVE_STDINT_H 1
| #define HAVE_STRINGS_H 1
| #define HAVE_SYS_STAT_H 1
| #define HAVE_SYS_TYPES_H 1
| #define HAVE_UNISTD_H 1
| #define HAVE_SYS_PARAM_H 1
| #define STDC_HEADERS 1
| #define HAVE_DLFCN_H 1
| #define LT_OBJDIR ".libs/"
| /* end confdefs.h.  */
| #include <stddef.h>
| #ifdef HAVE_STDIO_H
| # include <stdio.h>
| #endif
| #ifdef HAVE_STDLIB_H
| # include <stdlib.h>
| #endif
| #ifdef HAVE_STRING_H
| # include <string.h>
| #endif
| #ifdef HAVE_INTTYPES_H
| # include <inttypes.h>
| #endif
| #ifdef HAVE_STDINT_H
| # include <stdint.h>
| #endif
| #ifdef HAVE_STRINGS_H
| # include <strings.h>
| #endif
| #ifdef HAVE_SYS_TYPES_H
| # include <sys/types.h>
| #endif
| #ifdef HAVE_SYS_STAT_H
| # include <sys/stat.h>
| #endif
| #ifdef HAVE_UNISTD_H
| # include <unistd.h>
| #endif
| #include <windows.h>
configure:12543: result: no
configure:12734: checking for x86_64-pc-linux-gnu-gcc
configure:12755: found /sbin/x86_64-pc-linux-gnu-gcc
configure:12766: result: x86_64-pc-linux-gnu-gcc
configure:12776: checking for x86_64-pc-linux-gnu-gcc
configure:12808: result: x86_64-pc-linux-gnu-gcc
configure:12818: checking for x86_64-pc-linux-gnu-gcc
configure:12867: result: x86_64-pc-linux-gnu-gcc
configure:12877: checking for suffix of native executables
configure:12891: result: 
configure:12922: checking for a BSD-compatible install
configure:12995: result: /bin/install -c
configure:13015: checking for a race-free mkdir -p
configure:13059: result: /sbin/mkdir -p
configure:13073: checking for fcntl.h
configure:13073: arm-kobo-linux-gnueabihf-gcc -c -g -O2  conftest.c >&5
configure:13073: $? = 0
configure:13073: result: yes
configure:13079: checking for unistd.h
configure:13079: result: yes
configure:13090: checking for an ANSI C-conforming const
configure:13157: arm-kobo-linux-gnueabihf-gcc -c -g -O2  conftest.c >&5
configure:13157: $? = 0
configure:13165: result: yes
configure:13200: checking for special C compiler options needed for large files
configure:13248: result: no
configure:13254: checking for _FILE_OFFSET_BITS value needed for large files
configure:13280: arm-kobo-linux-gnueabihf-gcc -c -g -O2  conftest.c >&5
[01m[Kconftest.c:29:39:[m[K [01;35m[Kwarning: [m[Kresult of '[01m[K-2147483648 << 31[m[K' requires 63 bits to represent, but '[01m[Klong int[m[K' only has 32 bits [[01;35m[K-Wshift-overflow=[m[K]
   29 | #define LARGE_OFF_T (((off_t) 1 << 31 [01;35m[K<<[m[K 31) - 1 + ((off_t) 1 << 31 << 31))
      |                                       [01;35m[K^~[m[K
[01m[Kconftest.c:30:23:[m[K [01;36m[Knote: [m[Kin expansion of macro '[01m[KLARGE_OFF_T[m[K'
   30 |   int off_t_is_large[([01;36m[KLARGE_OFF_T[m[K % 2147483629 == 721
      |                       [01;36m[K^~~~~~~~~~~[m[K
[01m[Kconftest.c:29:69:[m[K [01;35m[Kwarning: [m[Kresult of '[01m[K-2147483648 << 31[m[K' requires 63 bits to represent, but '[01m[Klong int[m[K' only has 32 bits [[01;35m[K-Wshift-overflow=[m[K]
   29 | #define LARGE_OFF_T (((off_t) 1 << 31 << 31) - 1 + ((off_t) 1 << 31 [01;35m[K<<[m[K 31))
      |                                                                     [01;35m[K^~[m[K
[01m[Kconftest.c:30:23:[m[K [01;36m[Knote: [m[Kin expansion of macro '[01m[KLARGE_OFF_T[m[K'
   30 |   int off_t_is_large[([01;36m[KLARGE_OFF_T[m[K % 2147483629 == 721
      |                       [01;36m[K^~~~~~~~~~~[m[K
[01m[Kconftest.c:29:39:[m[K [01;35m[Kwarning: [m[Kresult of '[01m[K-2147483648 << 31[m[K' requires 63 bits to represent, but '[01m[Klong int[m[K' only has 32 bits [[01;35m[K-Wshift-overflow=[m[K]
   29 | #define LARGE_OFF_T (((off_t) 1 << 31 [01;35m[K<<[m[K 31) - 1 + ((off_t) 1 << 31 << 31))
      |                                       [01;35m[K^~[m[K
[01m[Kconftest.c:31:27:[m[K [01;36m[Knote: [m[Kin expansion of macro '[01m[KLARGE_OFF_T[m[K'
   31 |                        && [01;36m[KLARGE_OFF_T[m[K % 2147483647 == 1)
      |                           [01;36m[K^~~~~~~~~~~[m[K
[01m[Kconftest.c:29:69:[m[K [01;35m[Kwarning: [m[Kresult of '[01m[K-2147483648 << 31[m[K' requires 63 bits to represent, but '[01m[Klong int[m[K' only has 32 bits [[01;35m[K-Wshift-overflow=[m[K]
   29 | #define LARGE_OFF_T (((off_t) 1 << 31 << 31) - 1 + ((off_t) 1 << 31 [01;35m[K<<[m[K 31))
      |                                                                     [01;35m[K^~[m[K
[01m[Kconftest.c:31:27:[m[K [01;36m[Knote: [m[Kin expansion of macro '[01m[KLARGE_OFF_T[m[K'
   31 |                        && [01;36m[KLARGE_OFF_T[m[K % 2147483647 == 1)
      |                           [01;36m[K^~~~~~~~~~~[m[K
[01m[Kconftest.c:30:7:[m[K [01;31m[Kerror: [m[Kvariably modified '[01m[Koff_t_is_large[m[K' at file scope
   30 |   int [01;31m[Koff_t_is_large[m[K[(LARGE_OFF_T % 2147483629 == 721
      |       [01;31m[K^~~~~~~~~~~~~~[m[K
configure:13280: $? = 1
configure: failed program was:
| /* confdefs.h */
| #define PACKAGE_NAME "FreeType"
| #define PACKAGE_TARNAME "freetype"
| #define PACKAGE_VERSION "2.13"
| #define PACKAGE_STRING "FreeType 2.13"
| #define PACKAGE_BUGREPORT "freetype@nongnu.org"
| #define PACKAGE_URL ""
| #define HAVE_STDIO_H 1
| #define HAVE_STDLIB_H 1
| #define HAVE_STRING_H 1
| #define HAVE_INTTYPES_H 1
| #define HAVE_STDINT_H 1
| #define HAVE_STRINGS_H 1
| #define HAVE_SYS_STAT_H 1
| #define HAVE_SYS_TYPES_H 1
| #define HAVE_UNISTD_H 1
| #define HAVE_SYS_PARAM_H 1
| #define STDC_HEADERS 1
| #define HAVE_DLFCN_H 1
| #define LT_OBJDIR ".libs/"
| #define HAVE_FCNTL_H 1
| #define HAVE_UNISTD_H 1
| /* end confdefs.h.  */
| #include <sys/types.h>
|  /* Check that off_t can represent 2**63 - 1 correctly.
|     We can't simply define LARGE_OFF_T to be 9223372036854775807,
|     since some C++ compilers masquerading as C compilers
|     incorrectly reject 9223372036854775807.  */
| #define LARGE_OFF_T (((off_t) 1 << 31 << 31) - 1 + ((off_t) 1 << 31 << 31))
|   int off_t_is_large[(LARGE_OFF_T % 2147483629 == 721
| 		       && LARGE_OFF_T % 2147483647 == 1)
| 		      ? 1 : -1];
| int
| main (void)
| {
| 
|   ;
|   return 0;
| }
configure:13305: arm-kobo-linux-gnueabihf-gcc -c -g -O2  conftest.c >&5
configure:13305: $? = 0
configure:13314: result: 64
configure:13425: checking for getpagesize
configure:13425: arm-kobo-linux-gnueabihf-gcc -o conftest -g -O2   conftest.c  >&5
configure:13425: $? = 0
configure:13425: result: yes
configure:13436: checking for working mmap
configure:13599: result: yes
configure:13611: checking for arm-kobo-linux-gnueabihf-gcc options needed to detect all undeclared functions
configure:13633: arm-kobo-linux-gnueabihf-gcc -c -g -O2   conftest.c >&5
[01m[Kconftest.c:[m[K In function '[01m[Kmain[m[K':
[01m[Kconftest.c:31:8:[m[K [01;31m[Kerror: [m[K'[01m[Kstrchr[m[K' undeclared (first use in this function)
   31 | (void) [01;31m[Kstrchr[m[K;
      |        [01;31m[K^~~~~~[m[K
[01m[Kconftest.c:1:1:[m[K [01;36m[Knote: [m[K'[01m[Kstrchr[m[K' is defined in header '[01m[K<string.h>[m[K'; did you forget to '[01m[K#include <string.h>[m[K'?
    1 | /* confdefs.h */
[01m[Kconftest.c:31:8:[m[K [01;36m[Knote: [m[Keach undeclared identifier is reported only once for each function it appears in
   31 | (void) [01;36m[Kstrchr[m[K;
      |        [01;36m[K^~~~~~[m[K
configure:13633: $? = 1
configure: failed program was:
| /* confdefs.h */
| #define PACKAGE_NAME "FreeType"
| #define PACKAGE_TARNAME "freetype"
| #define PACKAGE_VERSION "2.13"
| #define PACKAGE_STRING "FreeType 2.13"
| #define PACKAGE_BUGREPORT "freetype@nongnu.org"
| #define PACKAGE_URL ""
| #define HAVE_STDIO_H 1
| #define HAVE_STDLIB_H 1
| #define HAVE_STRING_H 1
| #define HAVE_INTTYPES_H 1
| #define HAVE_STDINT_H 1
| #define HAVE_STRINGS_H 1
| #define HAVE_SYS_STAT_H 1
| #define HAVE_SYS_TYPES_H 1
| #define HAVE_UNISTD_H 1
| #define HAVE_SYS_PARAM_H 1
| #define STDC_HEADERS 1
| #define HAVE_DLFCN_H 1
| #define LT_OBJDIR ".libs/"
| #define HAVE_FCNTL_H 1
| #define HAVE_UNISTD_H 1
| #define _FILE_OFFSET_BITS 64
| #define HAVE_GETPAGESIZE 1
| #define HAVE_MMAP 1
| /* end confdefs.h.  */
| 
| int
| main (void)
| {
| (void) strchr;
|   ;
|   return 0;
| }
configure:13660: arm-kobo-linux-gnueabihf-gcc -c -g -O2   conftest.c >&5
configure:13660: $? = 0
configure:13677: result: none needed
configure:13691: checking whether munmap is declared
configure:13691: arm-kobo-linux-gnueabihf-gcc -c -g -O2   conftest.c >&5
configure:13691: $? = 0
configure:13691: result: yes
configure:13709: checking for munmap's first parameter type
configure:13723: arm-kobo-linux-gnueabihf-gcc -c -g -O2  conftest.c >&5
configure:13723: $? = 0
configure:13725: result: void *
configure:13768: checking arm-kobo-linux-gnueabihf-gcc compiler flag -pedantic to assure ANSI C99 works correctly
configure:13795: arm-kobo-linux-gnueabihf-gcc -c -g -O2  -pedantic  conftest.c >&5
configure:13795: $? = 0
configure:13797: result: ok, adding to XX_ANSIFLAGS
configure:13768: checking arm-kobo-linux-gnueabihf-gcc compiler flag -std=c99 to assure ANSI C99 works correctly
configure:13795: arm-kobo-linux-gnueabihf-gcc -c -g -O2  -pedantic -std=c99  conftest.c >&5
configure:13795: $? = 0
configure:13797: result: ok, adding to XX_ANSIFLAGS
configure:13831: checking for -fvisibility=hidden compiler flag
configure:13846: arm-kobo-linux-gnueabihf-gcc -o conftest -g -O2 -fvisibility=hidden   conftest.c  >&5
configure:13846: $? = 0
configure:13849: result: yes
configure:13924: $PKG_CONFIG --exists --print-errors "$zlib_pkg"
configure:13927: $? = 0
configure:13934: checking for ZLIB
configure:13941: $PKG_CONFIG --exists --print-errors "$zlib_pkg"
configure:13944: $? = 0
configure:13958: $PKG_CONFIG --exists --print-errors "$zlib_pkg"
configure:13961: $? = 0
configure:13999: result: yes
configure:14101: $PKG_CONFIG --exists --print-errors "$bzip2_pkg"
configure:14104: $? = 0
configure:14111: checking for BZIP2
configure:14118: $PKG_CONFIG --exists --print-errors "$bzip2_pkg"
configure:14121: $? = 0
configure:14135: $PKG_CONFIG --exists --print-errors "$bzip2_pkg"
configure:14138: $? = 0
configure:14176: result: yes
configure:14272: $PKG_CONFIG --exists --print-errors "$libpng_pkg"
configure:14275: $? = 0
configure:14282: checking for LIBPNG
configure:14289: $PKG_CONFIG --exists --print-errors "$libpng_pkg"
configure:14292: $? = 0
configure:14306: $PKG_CONFIG --exists --print-errors "$libpng_pkg"
configure:14309: $? = 0
configure:14347: result: yes
configure:14569: $PKG_CONFIG --exists --print-errors "$brotli_pkg"
configure:14572: $? = 0
configure:14579: checking for BROTLI
configure:14586: $PKG_CONFIG --exists --print-errors "$brotli_pkg"
configure:14589: $? = 0
configure:14603: $PKG_CONFIG --exists --print-errors "$brotli_pkg"
configure:14606: $? = 0
configure:14644: result: yes
configure:14686: checking for library containing clock_gettime
configure:14716: arm-kobo-linux-gnueabihf-gcc -o conftest -g -O2 -fvisibility=hidden   conftest.c  >&5
/mnt/HDD/Project/inkbox-build/inkbox/compiled-binaries/arm-kobo-linux-gnueabihf/bin/../lib/gcc/arm-kobo-linux-gnueabihf/11.2.0/../../../../arm-kobo-linux-gnueabihf/bin/ld.bfd: /tmp/ccxSyMab.o: in function `main':
/mnt/HDD/Project/Public/okulartry/freetype/builds/unix/conftest.c:37: undefined reference to `clock_gettime'
collect2: error: ld returned 1 exit status
configure:14716: $? = 1
configure: failed program was:
| /* confdefs.h */
| #define PACKAGE_NAME "FreeType"
| #define PACKAGE_TARNAME "freetype"
| #define PACKAGE_VERSION "2.13"
| #define PACKAGE_STRING "FreeType 2.13"
| #define PACKAGE_BUGREPORT "freetype@nongnu.org"
| #define PACKAGE_URL ""
| #define HAVE_STDIO_H 1
| #define HAVE_STDLIB_H 1
| #define HAVE_STRING_H 1
| #define HAVE_INTTYPES_H 1
| #define HAVE_STDINT_H 1
| #define HAVE_STRINGS_H 1
| #define HAVE_SYS_STAT_H 1
| #define HAVE_SYS_TYPES_H 1
| #define HAVE_UNISTD_H 1
| #define HAVE_SYS_PARAM_H 1
| #define STDC_HEADERS 1
| #define HAVE_DLFCN_H 1
| #define LT_OBJDIR ".libs/"
| #define HAVE_FCNTL_H 1
| #define HAVE_UNISTD_H 1
| #define _FILE_OFFSET_BITS 64
| #define HAVE_GETPAGESIZE 1
| #define HAVE_MMAP 1
| #define HAVE_DECL_MUNMAP 1
| #define MUNMAP_USES_VOIDP /**/
| /* end confdefs.h.  */
| 
| /* Override any GCC internal prototype to avoid an error.
|    Use char because int might match the return type of a GCC
|    builtin and then its argument prototype would still apply.  */
| char clock_gettime ();
| int
| main (void)
| {
| return clock_gettime ();
|   ;
|   return 0;
| }
configure:14716: arm-kobo-linux-gnueabihf-gcc -o conftest -g -O2 -fvisibility=hidden   conftest.c -lrt   >&5
configure:14716: $? = 0
configure:14736: result: -lrt
configure:14765: checking for LIBRSVG
configure:14772: $PKG_CONFIG --exists --print-errors "librsvg-2.0 >= 2.46.0"
configure:14775: $? = 0
configure:14789: $PKG_CONFIG --exists --print-errors "librsvg-2.0 >= 2.46.0"
configure:14792: $? = 0
configure:14830: result: yes
configure:15442: checking target system type
configure:15456: result: arm-unknown-linux-gnueabihf
configure:15643: checking whether arm-kobo-linux-gnueabihf-gcc is Clang
configure:15670: result: no
configure:15735: checking whether pthreads work with "-pthread" and "-lpthread"
configure:15846: arm-kobo-linux-gnueabihf-gcc -o conftest -g -O2 -fvisibility=hidden -pthread   conftest.c -lpthread -lrt  >&5
configure:15846: $? = 0
configure:15856: result: yes
configure:15979: checking for joinable pthread attribute
configure:15998: arm-kobo-linux-gnueabihf-gcc -o conftest -g -O2 -fvisibility=hidden -pthread   conftest.c -lpthread -lrt  >&5
configure:15998: $? = 0
configure:16007: result: PTHREAD_CREATE_JOINABLE
configure:16020: checking whether more special flags are required for pthreads
configure:16034: result: no
configure:16043: checking for PTHREAD_PRIO_INHERIT
configure:16061: arm-kobo-linux-gnueabihf-gcc -o conftest -g -O2 -fvisibility=hidden -pthread   conftest.c -lpthread -lrt  >&5
[01m[Kconftest.c:[m[K In function '[01m[Kmain[m[K':
[01m[Kconftest.c:33:9:[m[K [01;31m[Kerror: [m[K'[01m[KPTHREAD_PRIO_INHERIT[m[K' undeclared (first use in this function); did you mean '[01m[KPTHREAD_ONCE_INIT[m[K'?
   33 | int i = [01;31m[KPTHREAD_PRIO_INHERIT[m[K;
      |         [01;31m[K^~~~~~~~~~~~~~~~~~~~[m[K
      |         [32m[KPTHREAD_ONCE_INIT[m[K
[01m[Kconftest.c:33:9:[m[K [01;36m[Knote: [m[Keach undeclared identifier is reported only once for each function it appears in
configure:16061: $? = 1
configure: failed program was:
| /* confdefs.h */
| #define PACKAGE_NAME "FreeType"
| #define PACKAGE_TARNAME "freetype"
| #define PACKAGE_VERSION "2.13"
| #define PACKAGE_STRING "FreeType 2.13"
| #define PACKAGE_BUGREPORT "freetype@nongnu.org"
| #define PACKAGE_URL ""
| #define HAVE_STDIO_H 1
| #define HAVE_STDLIB_H 1
| #define HAVE_STRING_H 1
| #define HAVE_INTTYPES_H 1
| #define HAVE_STDINT_H 1
| #define HAVE_STRINGS_H 1
| #define HAVE_SYS_STAT_H 1
| #define HAVE_SYS_TYPES_H 1
| #define HAVE_UNISTD_H 1
| #define HAVE_SYS_PARAM_H 1
| #define STDC_HEADERS 1
| #define HAVE_DLFCN_H 1
| #define LT_OBJDIR ".libs/"
| #define HAVE_FCNTL_H 1
| #define HAVE_UNISTD_H 1
| #define _FILE_OFFSET_BITS 64
| #define HAVE_GETPAGESIZE 1
| #define HAVE_MMAP 1
| #define HAVE_DECL_MUNMAP 1
| #define MUNMAP_USES_VOIDP /**/
| /* end confdefs.h.  */
| #include <pthread.h>
| int
| main (void)
| {
| int i = PTHREAD_PRIO_INHERIT;
|                                                return i;
|   ;
|   return 0;
| }
configure:16071: result: no
configure:16255: checking for python3
configure:16276: found /sbin/python3
configure:16287: result: python3
configure:16309: checking for python version
configure:16314: result: 3.11.3
configure:16374: checking for `docwriter' Python module
configure:16382: result: no
configure:16646: creating ./config.status

## ---------------------- ##
## Running config.status. ##
## ---------------------- ##

This file was extended by FreeType config.status 2.13, which was
generated by GNU Autoconf 2.71.  Invocation command line was

  CONFIG_FILES    = 
  CONFIG_HEADERS  = 
  CONFIG_LINKS    = 
  CONFIG_COMMANDS = 
  $ ./config.status 

on hyperbookszyb

config.status:1152: creating ftoption.h
config.status:1152: creating unix-cc.mk
config.status:1152: creating unix-def.mk
config.status:1152: creating ftconfig.h
config.status:1333: ftconfig.h is unchanged
config.status:1347: executing libtool commands
configure:18888:

Library configuration:
  external zlib: yes (pkg-config)
  bzip2:         yes (pkg-config)
  libpng:        yes (pkg-config)
  harfbuzz:      no
  brotli:        yes (pkg-config)
  pthread:       yes

configure:18912: WARNING:
  `make refdoc' will fail since pip package `docwriter' is not installed.
  To install, run `python3 -m pip install docwriter', or to use a Python
  virtual environment, run `make refdoc-venv' (requires pip package
  `virtualenv').  These operations require Python >= 3.5.
  

## ---------------- ##
## Cache variables. ##
## ---------------- ##

ac_cv_build=x86_64-pc-linux-gnu
ac_cv_c_compiler_gnu=yes
ac_cv_c_const=yes
ac_cv_c_undeclared_builtin_options='none needed'
ac_cv_env_BROTLI_CFLAGS_set=
ac_cv_env_BROTLI_CFLAGS_value=
ac_cv_env_BROTLI_LIBS_set=
ac_cv_env_BROTLI_LIBS_value=
ac_cv_env_BZIP2_CFLAGS_set=
ac_cv_env_BZIP2_CFLAGS_value=
ac_cv_env_BZIP2_LIBS_set=
ac_cv_env_BZIP2_LIBS_value=
ac_cv_env_CC_set=set
ac_cv_env_CC_value=arm-kobo-linux-gnueabihf-gcc
ac_cv_env_CFLAGS_set=
ac_cv_env_CFLAGS_value=
ac_cv_env_CPPFLAGS_set=
ac_cv_env_CPPFLAGS_value=
ac_cv_env_CPP_set=
ac_cv_env_CPP_value=
ac_cv_env_HARFBUZZ_CFLAGS_set=
ac_cv_env_HARFBUZZ_CFLAGS_value=
ac_cv_env_HARFBUZZ_LIBS_set=
ac_cv_env_HARFBUZZ_LIBS_value=
ac_cv_env_LDFLAGS_set=
ac_cv_env_LDFLAGS_value=
ac_cv_env_LIBPNG_CFLAGS_set=
ac_cv_env_LIBPNG_CFLAGS_value=
ac_cv_env_LIBPNG_LIBS_set=
ac_cv_env_LIBPNG_LIBS_value=
ac_cv_env_LIBRSVG_CFLAGS_set=
ac_cv_env_LIBRSVG_CFLAGS_value=
ac_cv_env_LIBRSVG_LIBS_set=
ac_cv_env_LIBRSVG_LIBS_value=
ac_cv_env_LIBS_set=
ac_cv_env_LIBS_value=
ac_cv_env_LT_SYS_LIBRARY_PATH_set=
ac_cv_env_LT_SYS_LIBRARY_PATH_value=
ac_cv_env_PKG_CONFIG_LIBDIR_set=
ac_cv_env_PKG_CONFIG_LIBDIR_value=
ac_cv_env_PKG_CONFIG_PATH_set=
ac_cv_env_PKG_CONFIG_PATH_value=
ac_cv_env_PKG_CONFIG_set=
ac_cv_env_PKG_CONFIG_value=
ac_cv_env_ZLIB_CFLAGS_set=
ac_cv_env_ZLIB_CFLAGS_value=
ac_cv_env_ZLIB_LIBS_set=
ac_cv_env_ZLIB_LIBS_value=
ac_cv_env_build_alias_set=
ac_cv_env_build_alias_value=
ac_cv_env_host_alias_set=set
ac_cv_env_host_alias_value=arm-linux-gnueabihf
ac_cv_env_target_alias_set=
ac_cv_env_target_alias_value=
ac_cv_func_getpagesize=yes
ac_cv_func_mmap_fixed_mapped=yes
ac_cv_have_decl_munmap=yes
ac_cv_header_dlfcn_h=yes
ac_cv_header_fcntl_h=yes
ac_cv_header_inttypes_h=yes
ac_cv_header_stdint_h=yes
ac_cv_header_stdio_h=yes
ac_cv_header_stdlib_h=yes
ac_cv_header_string_h=yes
ac_cv_header_strings_h=yes
ac_cv_header_sys_param_h=yes
ac_cv_header_sys_stat_h=yes
ac_cv_header_sys_types_h=yes
ac_cv_header_unistd_h=yes
ac_cv_header_windows_h=no
ac_cv_host=arm-unknown-linux-gnueabihf
ac_cv_objext=o
ac_cv_path_EGREP='/sbin/grep -E'
ac_cv_path_FGREP='/sbin/grep -F'
ac_cv_path_GREP=/sbin/grep
ac_cv_path_SED=/sbin/sed
ac_cv_path_ac_pt_PKG_CONFIG=/sbin/pkg-config
ac_cv_path_install='/bin/install -c'
ac_cv_path_lt_DD=/sbin/dd
ac_cv_path_mkdir=/sbin/mkdir
ac_cv_prog_AR=arm-kobo-linux-gnueabihf-ar
ac_cv_prog_AWK=gawk
ac_cv_prog_CC=arm-kobo-linux-gnueabihf-gcc
ac_cv_prog_CC_BUILD=x86_64-pc-linux-gnu-gcc
ac_cv_prog_CPP='arm-kobo-linux-gnueabihf-gcc -E'
ac_cv_prog_PYTHON=python3
ac_cv_prog_RANLIB=arm-kobo-linux-gnueabihf-ranlib
ac_cv_prog_ac_ct_DUMPBIN='link -dump'
ac_cv_prog_ac_ct_FILECMD=file
ac_cv_prog_ac_ct_OBJDUMP=objdump
ac_cv_prog_ac_ct_STRIP=strip
ac_cv_prog_cc_c11=
ac_cv_prog_cc_g=yes
ac_cv_prog_cc_stdc=
ac_cv_search_clock_gettime=-lrt
ac_cv_sys_file_offset_bits=64
ac_cv_sys_largefile_CC=no
ac_cv_target=arm-unknown-linux-gnueabihf
ax_cv_PTHREAD_CLANG=no
ax_cv_PTHREAD_JOINABLE_ATTR=PTHREAD_CREATE_JOINABLE
ax_cv_PTHREAD_PRIO_INHERIT=no
ax_cv_PTHREAD_SPECIAL_FLAGS=no
lt_cv_ar_at_file=@
lt_cv_archive_cmds_need_lc=no
lt_cv_deplibs_check_method=pass_all
lt_cv_file_magic_cmd='$MAGIC_CMD'
lt_cv_file_magic_test_file=
lt_cv_ld_reload_flag=-r
lt_cv_nm_interface='BSD nm'
lt_cv_objdir=.libs
lt_cv_path_LD=arm-kobo-linux-gnueabihf-ld
lt_cv_path_NM=no
lt_cv_path_mainfest_tool=no
lt_cv_prog_compiler_c_o=yes
lt_cv_prog_compiler_pic='-fPIC -DPIC'
lt_cv_prog_compiler_pic_works=yes
lt_cv_prog_compiler_rtti_exceptions=no
lt_cv_prog_compiler_static_works=yes
lt_cv_prog_gnu_ld=yes
lt_cv_sharedlib_from_linklib_cmd='printf %s\n'
lt_cv_shlibpath_overrides_runpath=no
lt_cv_sys_global_symbol_pipe='/sbin/sed -n -e '\''s/^.*[	 ]\([ABCDGIRSTW][ABCDGIRSTW]*\)[	 ][	 ]*\([_A-Za-z][_A-Za-z0-9]*\)$/\1 \2 \2/p'\'' | /sbin/sed '\''/ __gnu_lto/d'\'''
lt_cv_sys_global_symbol_to_c_name_address='/sbin/sed -n -e '\''s/^: \(.*\) .*$/  {"\1", (void *) 0},/p'\'' -e '\''s/^[ABCDGIRSTW][ABCDGIRSTW]* .* \(.*\)$/  {"\1", (void *) \&\1},/p'\'''
lt_cv_sys_global_symbol_to_c_name_address_lib_prefix='/sbin/sed -n -e '\''s/^: \(.*\) .*$/  {"\1", (void *) 0},/p'\'' -e '\''s/^[ABCDGIRSTW][ABCDGIRSTW]* .* \(lib.*\)$/  {"\1", (void *) \&\1},/p'\'' -e '\''s/^[ABCDGIRSTW][ABCDGIRSTW]* .* \(.*\)$/  {"lib\1", (void *) \&\1},/p'\'''
lt_cv_sys_global_symbol_to_cdecl='/sbin/sed -n -e '\''s/^T .* \(.*\)$/extern int \1();/p'\'' -e '\''s/^[ABCDGIRSTW][ABCDGIRSTW]* .* \(.*\)$/extern char \1;/p'\'''
lt_cv_sys_global_symbol_to_import=
lt_cv_sys_max_cmd_len=1572864
lt_cv_to_host_file_cmd=func_convert_file_noop
lt_cv_to_tool_file_cmd=func_convert_file_noop
lt_cv_truncate_bin='/sbin/dd bs=4096 count=1'
pkg_cv_BROTLI_CFLAGS=
pkg_cv_BROTLI_LIBS='-lbrotlidec '
pkg_cv_BZIP2_CFLAGS=
pkg_cv_BZIP2_LIBS='-lbz2 '
pkg_cv_LIBPNG_CFLAGS='-I/usr/include/libpng16 '
pkg_cv_LIBPNG_LIBS='-lpng16 '
pkg_cv_LIBRSVG_CFLAGS='-I/usr/include/librsvg-2.0 -I/usr/include/glib-2.0 -I/usr/lib/glib-2.0/include -I/usr/include/sysprof-4 -I/usr/include/libmount -I/usr/include/blkid -I/usr/include/gdk-pixbuf-2.0 -I/usr/include/libpng16 -I/usr/include/cairo -I/usr/include/freetype2 -I/usr/include/harfbuzz -pthread -I/usr/include/pixman-1 '
pkg_cv_LIBRSVG_LIBS='-lrsvg-2 -lm -lgio-2.0 -lgdk_pixbuf-2.0 -lgobject-2.0 -lglib-2.0 -lcairo '
pkg_cv_ZLIB_CFLAGS=
pkg_cv_ZLIB_LIBS='-lz '

## ----------------- ##
## Output variables. ##
## ----------------- ##

AR='arm-kobo-linux-gnueabihf-ar'
AS='as'
AWK='gawk'
BROTLI_CFLAGS=''
BROTLI_LIBS='-lbrotlidec '
BZIP2_CFLAGS=''
BZIP2_LIBS='-lbz2 '
CC='arm-kobo-linux-gnueabihf-gcc'
CC_BUILD='x86_64-pc-linux-gnu-gcc'
CFLAGS='-g -O2 -fvisibility=hidden   -I/usr/include/libpng16   -pthread'
CPP='arm-kobo-linux-gnueabihf-gcc -E'
CPPFLAGS=''
DEFS='-DHAVE_CONFIG_H'
DLLTOOL='false'
DSYMUTIL=''
DUMPBIN=':'
ECHO_C=''
ECHO_N='-n'
ECHO_T=''
EGREP='/sbin/grep -E'
EXEEXT=''
EXEEXT_BUILD=''
FGREP='/sbin/grep -F'
FILECMD='file'
FTSYS_SRC='$(PLATFORM_DIR)/ftsystem.c'
FT_DEMO_CFLAGS=' -I/usr/include/librsvg-2.0 -I/usr/include/glib-2.0 -I/usr/lib/glib-2.0/include -I/usr/include/sysprof-4 -I/usr/include/libmount -I/usr/include/blkid -I/usr/include/gdk-pixbuf-2.0 -I/usr/include/libpng16 -I/usr/include/cairo -I/usr/include/freetype2 -I/usr/include/harfbuzz -pthread -I/usr/include/pixman-1  -DHAVE_LIBRSVG'
FT_DEMO_LDFLAGS='-lrt -lrsvg-2 -lm -lgio-2.0 -lgdk_pixbuf-2.0 -lgobject-2.0 -lglib-2.0 -lcairo '
GREP='/sbin/grep'
HARFBUZZ_CFLAGS=''
HARFBUZZ_LIBS=''
INSTALL_DATA='${INSTALL} -m 644'
INSTALL_FT2_CONFIG='FALSE'
INSTALL_PROGRAM='${INSTALL}'
INSTALL_SCRIPT='${INSTALL}'
LD='arm-kobo-linux-gnueabihf-ld'
LDFLAGS=' -lz  -lbz2  -lpng16  -lbrotlidec  -pthread -lpthread'
LIBOBJS=''
LIBPNG_CFLAGS='-I/usr/include/libpng16 '
LIBPNG_LIBS='-lpng16 '
LIBRSVG_CFLAGS='-I/usr/include/librsvg-2.0 -I/usr/include/glib-2.0 -I/usr/lib/glib-2.0/include -I/usr/include/sysprof-4 -I/usr/include/libmount -I/usr/include/blkid -I/usr/include/gdk-pixbuf-2.0 -I/usr/include/libpng16 -I/usr/include/cairo -I/usr/include/freetype2 -I/usr/include/harfbuzz -pthread -I/usr/include/pixman-1 '
LIBRSVG_LIBS='-lrsvg-2 -lm -lgio-2.0 -lgdk_pixbuf-2.0 -lgobject-2.0 -lglib-2.0 -lcairo '
LIBS='-lrt '
LIBSSTATIC_CONFIG='-lfreetype -lz -lbz2 -lpng16 -lm -lz -lm -lz -lbrotlidec -lbrotlicommon'
LIBTOOL='$(SHELL) $(top_builddir)/libtool'
LIPO=''
LN_S='ln -s'
LTLIBOBJS=''
LT_SYS_LIBRARY_PATH=''
MANIFEST_TOOL=':'
MKDIR_P='/sbin/mkdir -p'
NM='nm'
NMEDIT=''
OBJDUMP='objdump'
OBJEXT='o'
OTOOL64=''
OTOOL=''
PACKAGE_BUGREPORT='freetype@nongnu.org'
PACKAGE_NAME='FreeType'
PACKAGE_STRING='FreeType 2.13'
PACKAGE_TARNAME='freetype'
PACKAGE_URL=''
PACKAGE_VERSION='2.13'
PATH_SEPARATOR=':'
PKGCONFIG_LIBS='-L${libdir} -lfreetype'
PKGCONFIG_LIBS_PRIVATE=''
PKGCONFIG_REQUIRES=''
PKGCONFIG_REQUIRES_PRIVATE='zlib, bzip2, libpng, libbrotlidec'
PKG_CONFIG='/sbin/pkg-config'
PKG_CONFIG_LIBDIR=''
PKG_CONFIG_PATH=''
PTHREAD_CC='arm-kobo-linux-gnueabihf-gcc'
PTHREAD_CFLAGS='-pthread'
PTHREAD_CXX='arm-kobo-linux-gnueabihf-g++'
PTHREAD_LIBS='-lpthread'
PYTHON='python3'
PYTHON_VERSION='3.11.3'
RANLIB='arm-kobo-linux-gnueabihf-ranlib'
RC=''
SED='/sbin/sed'
SHELL='/bin/sh'
STRIP='strip'
SYSTEM_ZLIB='yes'
XX_ANSIFLAGS=' -pedantic -std=c99'
XX_CFLAGS='-Wall'
ZLIB_CFLAGS=''
ZLIB_LIBS='-lz '
ac_ct_AR=''
ac_ct_CC=''
ac_ct_DUMPBIN='link -dump'
ax_pthread_config=''
bindir='${exec_prefix}/bin'
build='x86_64-pc-linux-gnu'
build_alias=''
build_cpu='x86_64'
build_libtool_libs=''
build_os='linux-gnu'
build_vendor='pc'
datadir='${datarootdir}'
datarootdir='${prefix}/share'
docdir='${datarootdir}/doc/${PACKAGE_TARNAME}'
dvidir='${docdir}'
exec_prefix='${prefix}'
ft_version='25.0.19'
ftmac_c=''
hardcode_libdir_flag_spec='$wl-rpath $wl$libdir'
have_libpng='yes (pkg-config)'
host='arm-unknown-linux-gnueabihf'
host_alias='arm-linux-gnueabihf'
host_cpu='arm'
host_os='linux-gnueabihf'
host_vendor='unknown'
htmldir='${docdir}'
includedir='${prefix}/include'
infodir='${datarootdir}/info'
libdir='${exec_prefix}/lib'
libexecdir='${exec_prefix}/libexec'
localedir='${datarootdir}/locale'
localstatedir='${prefix}/var'
mandir='${datarootdir}/man'
oldincludedir='/usr/include'
pdfdir='${docdir}'
prefix='/home/build/inkbox/compiled-binaries/arm-kobo-linux-gnueabihf/arm-kobo-linux-gnueabihf/sysroot'
program_transform_name='s,x,x,'
psdir='${docdir}'
runstatedir='${localstatedir}/run'
sbindir='${exec_prefix}/sbin'
sharedstatedir='${prefix}/com'
sysconfdir='${prefix}/etc'
target='arm-unknown-linux-gnueabihf'
target_alias=''
target_cpu='arm'
target_os='linux-gnueabihf'
target_vendor='unknown'
version_info='25:0:19'
wl='-Wl,'

## ----------- ##
## confdefs.h. ##
## ----------- ##

/* confdefs.h */
#define PACKAGE_NAME "FreeType"
#define PACKAGE_TARNAME "freetype"
#define PACKAGE_VERSION "2.13"
#define PACKAGE_STRING "FreeType 2.13"
#define PACKAGE_BUGREPORT "freetype@nongnu.org"
#define PACKAGE_URL ""
#define HAVE_STDIO_H 1
#define HAVE_STDLIB_H 1
#define HAVE_STRING_H 1
#define HAVE_INTTYPES_H 1
#define HAVE_STDINT_H 1
#define HAVE_STRINGS_H 1
#define HAVE_SYS_STAT_H 1
#define HAVE_SYS_TYPES_H 1
#define HAVE_UNISTD_H 1
#define HAVE_SYS_PARAM_H 1
#define STDC_HEADERS 1
#define HAVE_DLFCN_H 1
#define LT_OBJDIR ".libs/"
#define HAVE_FCNTL_H 1
#define HAVE_UNISTD_H 1
#define _FILE_OFFSET_BITS 64
#define HAVE_GETPAGESIZE 1
#define HAVE_MMAP 1
#define HAVE_DECL_MUNMAP 1
#define MUNMAP_USES_VOIDP /**/

configure: exit 0
