# kdesrc-build running: 'make' '-j' '8'
# from directory: /home/szybet/kdesrc/build/frameworks/kcrash
-- 

Installing in /mnt/HDD/Project/Public/okulartry/okular-things. Run /home/szybet/kdesrc/build/frameworks/kcrash/prefix.sh to set the environment for KCrash.
-- The following features have been enabled:

 * Core Pattern Raising, Raising signals to kernel core patterns (iff the pattern is a process). You may wish to not install drkonqi if this can cause a UI conflict.

-- The following REQUIRED packages have been found:

 * ECM (required version >= 5.106.0), Extra CMake Modules., <https://commits.kde.org/extra-cmake-modules>
 * Qt5Gui
 * Qt5 (required version >= 5.15.2)
 * Qt5Test (required version >= 5.15.2)
 * Qt5Core (required version >= 5.15.2)
 * KF5CoreAddons (required version >= 5.106.0)

-- The following features have been disabled:

 * QCH, API documentation in QCH format (for e.g. Qt Assistant, Qt Creator & KDevelop)

-- Configuring done (0.0s)
-- Generating done (0.0s)
-- Build files have been written to: /home/szybet/kdesrc/build/frameworks/kcrash
[ 16%] Automatic MOC for target KF5Crash
[ 16%] Built target KF5Crash_autogen
[100%] Built target KF5Crash
