# kdesrc-build running: 'make' 'install/fast'
# from directory: /home/szybet/kdesrc/build/frameworks/kconfig
Install the project...
-- Install configuration: "Debug"
-- Installing: /mnt/HDD/Project/Public/okulartry/okular-things/lib/libKF5ConfigCore.so.5.107.0
-- Installing: /mnt/HDD/Project/Public/okulartry/okular-things/lib/libKF5ConfigCore.so.5
-- Set runtime path of "/mnt/HDD/Project/Public/okulartry/okular-things/lib/libKF5ConfigCore.so.5.107.0" to "/mnt/HDD/Project/Public/okulartry/okular-things/lib:/home/build/inkbox/compiled-binaries/arm-kobo-linux-gnueabihf/arm-kobo-linux-gnueabihf/sysroot/lib"
-- Installing: /mnt/HDD/Project/Public/okulartry/okular-things/lib/libKF5ConfigCore.so
-- Installing: /mnt/HDD/Project/Public/okulartry/okular-things/include/KF5/KConfigCore/kconfigcore_export.h
-- Installing: /mnt/HDD/Project/Public/okulartry/okular-things/include/KF5/KConfigCore/KAuthorized
-- Installing: /mnt/HDD/Project/Public/okulartry/okular-things/include/KF5/KConfigCore/KConfig
-- Installing: /mnt/HDD/Project/Public/okulartry/okular-things/include/KF5/KConfigCore/KConfigBase
-- Installing: /mnt/HDD/Project/Public/okulartry/okular-things/include/KF5/KConfigCore/KConfigGroup
-- Installing: /mnt/HDD/Project/Public/okulartry/okular-things/include/KF5/KConfigCore/KDesktopFile
-- Installing: /mnt/HDD/Project/Public/okulartry/okular-things/include/KF5/KConfigCore/KSharedConfig
-- Installing: /mnt/HDD/Project/Public/okulartry/okular-things/include/KF5/KConfigCore/KCoreConfigSkeleton
-- Installing: /mnt/HDD/Project/Public/okulartry/okular-things/include/KF5/KConfigCore/KEMailSettings
-- Installing: /mnt/HDD/Project/Public/okulartry/okular-things/include/KF5/KConfigCore/ConversionCheck
-- Installing: /mnt/HDD/Project/Public/okulartry/okular-things/include/KF5/KConfigCore/KConfigWatcher
-- Installing: /mnt/HDD/Project/Public/okulartry/okular-things/include/KF5/KConfigCore/kauthorized.h
-- Installing: /mnt/HDD/Project/Public/okulartry/okular-things/include/KF5/KConfigCore/kconfig.h
-- Installing: /mnt/HDD/Project/Public/okulartry/okular-things/include/KF5/KConfigCore/kconfigbase.h
-- Installing: /mnt/HDD/Project/Public/okulartry/okular-things/include/KF5/KConfigCore/kconfiggroup.h
-- Installing: /mnt/HDD/Project/Public/okulartry/okular-things/include/KF5/KConfigCore/kdesktopfile.h
-- Installing: /mnt/HDD/Project/Public/okulartry/okular-things/include/KF5/KConfigCore/ksharedconfig.h
-- Installing: /mnt/HDD/Project/Public/okulartry/okular-things/include/KF5/KConfigCore/kcoreconfigskeleton.h
-- Installing: /mnt/HDD/Project/Public/okulartry/okular-things/include/KF5/KConfigCore/kemailsettings.h
-- Installing: /mnt/HDD/Project/Public/okulartry/okular-things/include/KF5/KConfigCore/conversioncheck.h
-- Installing: /mnt/HDD/Project/Public/okulartry/okular-things/include/KF5/KConfigCore/kconfigwatcher.h
-- Installing: /mnt/HDD/Project/Public/okulartry/okular-things/mkspecs/modules/qt_KConfigCore.pri
-- Installing: /mnt/HDD/Project/Public/okulartry/okular-things/lib/libKF5ConfigGui.so.5.107.0
-- Installing: /mnt/HDD/Project/Public/okulartry/okular-things/lib/libKF5ConfigGui.so.5
-- Set runtime path of "/mnt/HDD/Project/Public/okulartry/okular-things/lib/libKF5ConfigGui.so.5.107.0" to "/mnt/HDD/Project/Public/okulartry/okular-things/lib:/home/build/inkbox/compiled-binaries/arm-kobo-linux-gnueabihf/arm-kobo-linux-gnueabihf/sysroot/lib"
-- Installing: /mnt/HDD/Project/Public/okulartry/okular-things/lib/libKF5ConfigGui.so
-- Installing: /mnt/HDD/Project/Public/okulartry/okular-things/include/KF5/KConfigGui/kconfiggui_export.h
-- Installing: /mnt/HDD/Project/Public/okulartry/okular-things/include/KF5/KConfigGui/KConfigGui
-- Installing: /mnt/HDD/Project/Public/okulartry/okular-things/include/KF5/KConfigGui/KConfigLoader
-- Installing: /mnt/HDD/Project/Public/okulartry/okular-things/include/KF5/KConfigGui/KConfigSkeleton
-- Installing: /mnt/HDD/Project/Public/okulartry/okular-things/include/KF5/KConfigGui/KStandardShortcut
-- Installing: /mnt/HDD/Project/Public/okulartry/okular-things/include/KF5/KConfigGui/KStandardShortcutWatcher
-- Installing: /mnt/HDD/Project/Public/okulartry/okular-things/include/KF5/KConfigGui/KWindowConfig
-- Installing: /mnt/HDD/Project/Public/okulartry/okular-things/include/KF5/KConfigGui/KWindowStateSaver
-- Installing: /mnt/HDD/Project/Public/okulartry/okular-things/include/KF5/KConfigGui/kconfiggui.h
-- Installing: /mnt/HDD/Project/Public/okulartry/okular-things/include/KF5/KConfigGui/kconfigloader.h
-- Installing: /mnt/HDD/Project/Public/okulartry/okular-things/include/KF5/KConfigGui/kconfigskeleton.h
-- Installing: /mnt/HDD/Project/Public/okulartry/okular-things/include/KF5/KConfigGui/kstandardshortcut.h
-- Installing: /mnt/HDD/Project/Public/okulartry/okular-things/include/KF5/KConfigGui/kstandardshortcutwatcher.h
-- Installing: /mnt/HDD/Project/Public/okulartry/okular-things/include/KF5/KConfigGui/kwindowconfig.h
-- Installing: /mnt/HDD/Project/Public/okulartry/okular-things/include/KF5/KConfigGui/kwindowstatesaver.h
-- Installing: /mnt/HDD/Project/Public/okulartry/okular-things/include/KF5/KConfigGui/kconfigguistaticinitializer.cpp
-- Installing: /mnt/HDD/Project/Public/okulartry/okular-things/mkspecs/modules/qt_KConfigGui.pri
-- Installing: /mnt/HDD/Project/Public/okulartry/okular-things/lib/libKF5ConfigQml.so.5.107.0
-- Installing: /mnt/HDD/Project/Public/okulartry/okular-things/lib/libKF5ConfigQml.so.5
-- Set runtime path of "/mnt/HDD/Project/Public/okulartry/okular-things/lib/libKF5ConfigQml.so.5.107.0" to "/mnt/HDD/Project/Public/okulartry/okular-things/lib:/home/build/inkbox/compiled-binaries/arm-kobo-linux-gnueabihf/arm-kobo-linux-gnueabihf/sysroot/lib"
-- Installing: /mnt/HDD/Project/Public/okulartry/okular-things/lib/libKF5ConfigQml.so
-- Installing: /mnt/HDD/Project/Public/okulartry/okular-things/include/KF5/KConfigQml/kconfigqml_export.h
-- Installing: /mnt/HDD/Project/Public/okulartry/okular-things/include/KF5/KConfigQml/KConfigPropertyMap
-- Installing: /mnt/HDD/Project/Public/okulartry/okular-things/include/KF5/KConfigQml/kconfigpropertymap.h
-- Installing: /mnt/HDD/Project/Public/okulartry/okular-things/lib/libexec/kf5/kconfig_compiler_kf5
-- Set runtime path of "/mnt/HDD/Project/Public/okulartry/okular-things/lib/libexec/kf5/kconfig_compiler_kf5" to "/mnt/HDD/Project/Public/okulartry/okular-things/lib:/home/build/inkbox/compiled-binaries/arm-kobo-linux-gnueabihf/arm-kobo-linux-gnueabihf/sysroot/lib"
-- Installing: /mnt/HDD/Project/Public/okulartry/okular-things/lib/libexec/kf5/kconf_update
-- Set runtime path of "/mnt/HDD/Project/Public/okulartry/okular-things/lib/libexec/kf5/kconf_update" to "/mnt/HDD/Project/Public/okulartry/okular-things/lib:/home/build/inkbox/compiled-binaries/arm-kobo-linux-gnueabihf/arm-kobo-linux-gnueabihf/sysroot/lib"
-- Installing: /mnt/HDD/Project/Public/okulartry/okular-things/bin/kreadconfig5
-- Set runtime path of "/mnt/HDD/Project/Public/okulartry/okular-things/bin/kreadconfig5" to "/mnt/HDD/Project/Public/okulartry/okular-things/lib:/home/build/inkbox/compiled-binaries/arm-kobo-linux-gnueabihf/arm-kobo-linux-gnueabihf/sysroot/lib"
-- Installing: /mnt/HDD/Project/Public/okulartry/okular-things/bin/kwriteconfig5
-- Set runtime path of "/mnt/HDD/Project/Public/okulartry/okular-things/bin/kwriteconfig5" to "/mnt/HDD/Project/Public/okulartry/okular-things/lib:/home/build/inkbox/compiled-binaries/arm-kobo-linux-gnueabihf/arm-kobo-linux-gnueabihf/sysroot/lib"
-- Installing: /mnt/HDD/Project/Public/okulartry/okular-things/share/qlogging-categories5/kconfig.categories
-- Installing: /mnt/HDD/Project/Public/okulartry/okular-things/share/qlogging-categories5/kconfig.renamecategories
-- Installing: /mnt/HDD/Project/Public/okulartry/okular-things/share/locale/af/LC_MESSAGES/kconfig5_qt.qm
-- Installing: /mnt/HDD/Project/Public/okulartry/okular-things/share/locale/ar/LC_MESSAGES/kconfig5_qt.qm
-- Installing: /mnt/HDD/Project/Public/okulartry/okular-things/share/locale/az/LC_MESSAGES/kconfig5_qt.qm
-- Installing: /mnt/HDD/Project/Public/okulartry/okular-things/share/locale/be/LC_MESSAGES/kconfig5_qt.qm
-- Installing: /mnt/HDD/Project/Public/okulartry/okular-things/share/locale/be@latin/LC_MESSAGES/kconfig5_qt.qm
-- Installing: /mnt/HDD/Project/Public/okulartry/okular-things/share/locale/bg/LC_MESSAGES/kconfig5_qt.qm
-- Installing: /mnt/HDD/Project/Public/okulartry/okular-things/share/locale/bn/LC_MESSAGES/kconfig5_qt.qm
-- Installing: /mnt/HDD/Project/Public/okulartry/okular-things/share/locale/bn_IN/LC_MESSAGES/kconfig5_qt.qm
-- Installing: /mnt/HDD/Project/Public/okulartry/okular-things/share/locale/br/LC_MESSAGES/kconfig5_qt.qm
-- Installing: /mnt/HDD/Project/Public/okulartry/okular-things/share/locale/bs/LC_MESSAGES/kconfig5_qt.qm
-- Installing: /mnt/HDD/Project/Public/okulartry/okular-things/share/locale/ca/LC_MESSAGES/kconfig5_qt.qm
-- Installing: /mnt/HDD/Project/Public/okulartry/okular-things/share/locale/ca@valencia/LC_MESSAGES/kconfig5_qt.qm
-- Installing: /mnt/HDD/Project/Public/okulartry/okular-things/share/locale/cs/LC_MESSAGES/kconfig5_qt.qm
-- Installing: /mnt/HDD/Project/Public/okulartry/okular-things/share/locale/csb/LC_MESSAGES/kconfig5_qt.qm
-- Installing: /mnt/HDD/Project/Public/okulartry/okular-things/share/locale/cy/LC_MESSAGES/kconfig5_qt.qm
-- Installing: /mnt/HDD/Project/Public/okulartry/okular-things/share/locale/da/LC_MESSAGES/kconfig5_qt.qm
-- Installing: /mnt/HDD/Project/Public/okulartry/okular-things/share/locale/de/LC_MESSAGES/kconfig5_qt.qm
-- Installing: /mnt/HDD/Project/Public/okulartry/okular-things/share/locale/el/LC_MESSAGES/kconfig5_qt.qm
-- Installing: /mnt/HDD/Project/Public/okulartry/okular-things/share/locale/en_GB/LC_MESSAGES/kconfig5_qt.qm
-- Installing: /mnt/HDD/Project/Public/okulartry/okular-things/share/locale/eo/LC_MESSAGES/kconfig5_qt.qm
-- Installing: /mnt/HDD/Project/Public/okulartry/okular-things/share/locale/es/LC_MESSAGES/kconfig5_qt.qm
-- Installing: /mnt/HDD/Project/Public/okulartry/okular-things/share/locale/et/LC_MESSAGES/kconfig5_qt.qm
-- Installing: /mnt/HDD/Project/Public/okulartry/okular-things/share/locale/eu/LC_MESSAGES/kconfig5_qt.qm
-- Installing: /mnt/HDD/Project/Public/okulartry/okular-things/share/locale/fa/LC_MESSAGES/kconfig5_qt.qm
-- Installing: /mnt/HDD/Project/Public/okulartry/okular-things/share/locale/fi/LC_MESSAGES/kconfig5_qt.qm
-- Installing: /mnt/HDD/Project/Public/okulartry/okular-things/share/locale/fr/LC_MESSAGES/kconfig5_qt.qm
-- Installing: /mnt/HDD/Project/Public/okulartry/okular-things/share/locale/fy/LC_MESSAGES/kconfig5_qt.qm
-- Installing: /mnt/HDD/Project/Public/okulartry/okular-things/share/locale/ga/LC_MESSAGES/kconfig5_qt.qm
-- Installing: /mnt/HDD/Project/Public/okulartry/okular-things/share/locale/gd/LC_MESSAGES/kconfig5_qt.qm
-- Installing: /mnt/HDD/Project/Public/okulartry/okular-things/share/locale/gl/LC_MESSAGES/kconfig5_qt.qm
-- Installing: /mnt/HDD/Project/Public/okulartry/okular-things/share/locale/gu/LC_MESSAGES/kconfig5_qt.qm
-- Installing: /mnt/HDD/Project/Public/okulartry/okular-things/share/locale/he/LC_MESSAGES/kconfig5_qt.qm
-- Installing: /mnt/HDD/Project/Public/okulartry/okular-things/share/locale/hi/LC_MESSAGES/kconfig5_qt.qm
-- Installing: /mnt/HDD/Project/Public/okulartry/okular-things/share/locale/hne/LC_MESSAGES/kconfig5_qt.qm
-- Installing: /mnt/HDD/Project/Public/okulartry/okular-things/share/locale/hr/LC_MESSAGES/kconfig5_qt.qm
-- Installing: /mnt/HDD/Project/Public/okulartry/okular-things/share/locale/hsb/LC_MESSAGES/kconfig5_qt.qm
-- Installing: /mnt/HDD/Project/Public/okulartry/okular-things/share/locale/hu/LC_MESSAGES/kconfig5_qt.qm
-- Installing: /mnt/HDD/Project/Public/okulartry/okular-things/share/locale/ia/LC_MESSAGES/kconfig5_qt.qm
-- Installing: /mnt/HDD/Project/Public/okulartry/okular-things/share/locale/id/LC_MESSAGES/kconfig5_qt.qm
-- Installing: /mnt/HDD/Project/Public/okulartry/okular-things/share/locale/is/LC_MESSAGES/kconfig5_qt.qm
-- Installing: /mnt/HDD/Project/Public/okulartry/okular-things/share/locale/it/LC_MESSAGES/kconfig5_qt.qm
-- Installing: /mnt/HDD/Project/Public/okulartry/okular-things/share/locale/ja/LC_MESSAGES/kconfig5_qt.qm
-- Installing: /mnt/HDD/Project/Public/okulartry/okular-things/share/locale/ka/LC_MESSAGES/kconfig5_qt.qm
-- Installing: /mnt/HDD/Project/Public/okulartry/okular-things/share/locale/kab/LC_MESSAGES/kconfig5_qt.qm
-- Installing: /mnt/HDD/Project/Public/okulartry/okular-things/share/locale/kk/LC_MESSAGES/kconfig5_qt.qm
-- Installing: /mnt/HDD/Project/Public/okulartry/okular-things/share/locale/km/LC_MESSAGES/kconfig5_qt.qm
-- Installing: /mnt/HDD/Project/Public/okulartry/okular-things/share/locale/kn/LC_MESSAGES/kconfig5_qt.qm
-- Installing: /mnt/HDD/Project/Public/okulartry/okular-things/share/locale/ko/LC_MESSAGES/kconfig5_qt.qm
-- Installing: /mnt/HDD/Project/Public/okulartry/okular-things/share/locale/ku/LC_MESSAGES/kconfig5_qt.qm
-- Installing: /mnt/HDD/Project/Public/okulartry/okular-things/share/locale/lb/LC_MESSAGES/kconfig5_qt.qm
-- Installing: /mnt/HDD/Project/Public/okulartry/okular-things/share/locale/lt/LC_MESSAGES/kconfig5_qt.qm
-- Installing: /mnt/HDD/Project/Public/okulartry/okular-things/share/locale/lv/LC_MESSAGES/kconfig5_qt.qm
-- Installing: /mnt/HDD/Project/Public/okulartry/okular-things/share/locale/mai/LC_MESSAGES/kconfig5_qt.qm
-- Installing: /mnt/HDD/Project/Public/okulartry/okular-things/share/locale/mk/LC_MESSAGES/kconfig5_qt.qm
-- Installing: /mnt/HDD/Project/Public/okulartry/okular-things/share/locale/ml/LC_MESSAGES/kconfig5_qt.qm
-- Installing: /mnt/HDD/Project/Public/okulartry/okular-things/share/locale/mr/LC_MESSAGES/kconfig5_qt.qm
-- Installing: /mnt/HDD/Project/Public/okulartry/okular-things/share/locale/ms/LC_MESSAGES/kconfig5_qt.qm
-- Installing: /mnt/HDD/Project/Public/okulartry/okular-things/share/locale/nb/LC_MESSAGES/kconfig5_qt.qm
-- Installing: /mnt/HDD/Project/Public/okulartry/okular-things/share/locale/nds/LC_MESSAGES/kconfig5_qt.qm
-- Installing: /mnt/HDD/Project/Public/okulartry/okular-things/share/locale/ne/LC_MESSAGES/kconfig5_qt.qm
-- Installing: /mnt/HDD/Project/Public/okulartry/okular-things/share/locale/nl/LC_MESSAGES/kconfig5_qt.qm
-- Installing: /mnt/HDD/Project/Public/okulartry/okular-things/share/locale/nn/LC_MESSAGES/kconfig5_qt.qm
-- Installing: /mnt/HDD/Project/Public/okulartry/okular-things/share/locale/or/LC_MESSAGES/kconfig5_qt.qm
-- Installing: /mnt/HDD/Project/Public/okulartry/okular-things/share/locale/pa/LC_MESSAGES/kconfig5_qt.qm
-- Installing: /mnt/HDD/Project/Public/okulartry/okular-things/share/locale/pl/LC_MESSAGES/kconfig5_qt.qm
-- Installing: /mnt/HDD/Project/Public/okulartry/okular-things/share/locale/pt/LC_MESSAGES/kconfig5_qt.qm
-- Installing: /mnt/HDD/Project/Public/okulartry/okular-things/share/locale/pt_BR/LC_MESSAGES/kconfig5_qt.qm
-- Installing: /mnt/HDD/Project/Public/okulartry/okular-things/share/locale/ro/LC_MESSAGES/kconfig5_qt.qm
-- Installing: /mnt/HDD/Project/Public/okulartry/okular-things/share/locale/ru/LC_MESSAGES/kconfig5_qt.qm
-- Installing: /mnt/HDD/Project/Public/okulartry/okular-things/share/locale/se/LC_MESSAGES/kconfig5_qt.qm
-- Installing: /mnt/HDD/Project/Public/okulartry/okular-things/share/locale/si/LC_MESSAGES/kconfig5_qt.qm
-- Installing: /mnt/HDD/Project/Public/okulartry/okular-things/share/locale/sk/LC_MESSAGES/kconfig5_qt.qm
-- Installing: /mnt/HDD/Project/Public/okulartry/okular-things/share/locale/sl/LC_MESSAGES/kconfig5_qt.qm
-- Installing: /mnt/HDD/Project/Public/okulartry/okular-things/share/locale/sq/LC_MESSAGES/kconfig5_qt.qm
-- Installing: /mnt/HDD/Project/Public/okulartry/okular-things/share/locale/sr/LC_MESSAGES/kconfig5_qt.qm
-- Installing: /mnt/HDD/Project/Public/okulartry/okular-things/share/locale/sr@ijekavian/LC_MESSAGES/kconfig5_qt.qm
-- Installing: /mnt/HDD/Project/Public/okulartry/okular-things/share/locale/sr@ijekavianlatin/LC_MESSAGES/kconfig5_qt.qm
-- Installing: /mnt/HDD/Project/Public/okulartry/okular-things/share/locale/sr@latin/LC_MESSAGES/kconfig5_qt.qm
-- Installing: /mnt/HDD/Project/Public/okulartry/okular-things/share/locale/sv/LC_MESSAGES/kconfig5_qt.qm
-- Installing: /mnt/HDD/Project/Public/okulartry/okular-things/share/locale/ta/LC_MESSAGES/kconfig5_qt.qm
-- Installing: /mnt/HDD/Project/Public/okulartry/okular-things/share/locale/te/LC_MESSAGES/kconfig5_qt.qm
-- Installing: /mnt/HDD/Project/Public/okulartry/okular-things/share/locale/tg/LC_MESSAGES/kconfig5_qt.qm
-- Installing: /mnt/HDD/Project/Public/okulartry/okular-things/share/locale/th/LC_MESSAGES/kconfig5_qt.qm
-- Installing: /mnt/HDD/Project/Public/okulartry/okular-things/share/locale/tr/LC_MESSAGES/kconfig5_qt.qm
-- Installing: /mnt/HDD/Project/Public/okulartry/okular-things/share/locale/ug/LC_MESSAGES/kconfig5_qt.qm
-- Installing: /mnt/HDD/Project/Public/okulartry/okular-things/share/locale/uk/LC_MESSAGES/kconfig5_qt.qm
-- Installing: /mnt/HDD/Project/Public/okulartry/okular-things/share/locale/uz/LC_MESSAGES/kconfig5_qt.qm
-- Installing: /mnt/HDD/Project/Public/okulartry/okular-things/share/locale/uz@cyrillic/LC_MESSAGES/kconfig5_qt.qm
-- Installing: /mnt/HDD/Project/Public/okulartry/okular-things/share/locale/vi/LC_MESSAGES/kconfig5_qt.qm
-- Installing: /mnt/HDD/Project/Public/okulartry/okular-things/share/locale/wa/LC_MESSAGES/kconfig5_qt.qm
-- Installing: /mnt/HDD/Project/Public/okulartry/okular-things/share/locale/xh/LC_MESSAGES/kconfig5_qt.qm
-- Installing: /mnt/HDD/Project/Public/okulartry/okular-things/share/locale/zh_CN/LC_MESSAGES/kconfig5_qt.qm
-- Installing: /mnt/HDD/Project/Public/okulartry/okular-things/share/locale/zh_TW/LC_MESSAGES/kconfig5_qt.qm
-- Installing: /mnt/HDD/Project/Public/okulartry/okular-things/lib/cmake/KF5Config/KF5ConfigConfig.cmake
-- Installing: /mnt/HDD/Project/Public/okulartry/okular-things/lib/cmake/KF5Config/KF5ConfigConfigVersion.cmake
-- Installing: /mnt/HDD/Project/Public/okulartry/okular-things/lib/cmake/KF5Config/KF5ConfigMacros.cmake
-- Installing: /mnt/HDD/Project/Public/okulartry/okular-things/lib/cmake/KF5Config/KF5ConfigTargets.cmake
-- Installing: /mnt/HDD/Project/Public/okulartry/okular-things/lib/cmake/KF5Config/KF5ConfigTargets-debug.cmake
-- Installing: /mnt/HDD/Project/Public/okulartry/okular-things/lib/cmake/KF5Config/KF5ConfigCompilerTargets.cmake
-- Installing: /mnt/HDD/Project/Public/okulartry/okular-things/lib/cmake/KF5Config/KF5ConfigCompilerTargets-debug.cmake
-- Installing: /mnt/HDD/Project/Public/okulartry/okular-things/include/KF5/KConfig/kconfig_version.h
