# kdesrc-build running: 'cmake' '-B' '.' '-S' '/home/szybet/kdesrc/frameworks/kio' '-G' 'Unix Makefiles' '-DCMAKE_EXPORT_COMPILE_COMMANDS:BOOL=ON' '-DCMAKE_TOOLCHAIN_FILE=/mnt/HDD/Project/Public/okulartry/kobo.cmake' '-DCMAKE_CXX_FLAGS:STRING=-pipe' '-DCMAKE_INSTALL_PREFIX=/mnt/HDD/Project/Public/okulartry/okular-things' '-DCMAKE_PREFIX_PATH=/home/build/inkbox/compiled-binaries/qt-bin/'
# from directory: /home/szybet/kdesrc/build/frameworks/kio
-- The C compiler identification is GNU 11.2.0
-- The CXX compiler identification is GNU 11.2.0
-- Detecting C compiler ABI info
-- Detecting C compiler ABI info - done
-- Check for working C compiler: /home/build/inkbox/compiled-binaries/arm-kobo-linux-gnueabihf/bin/arm-kobo-linux-gnueabihf-gcc - skipped
-- Detecting C compile features
-- Detecting C compile features - done
-- Detecting CXX compiler ABI info
-- Detecting CXX compiler ABI info - done
-- Check for working CXX compiler: /home/build/inkbox/compiled-binaries/arm-kobo-linux-gnueabihf/bin/arm-kobo-linux-gnueabihf-g++ - skipped
-- Detecting CXX compile features
-- Detecting CXX compile features - done
-- 

Installing in /mnt/HDD/Project/Public/okulartry/okular-things. Run /home/szybet/kdesrc/build/frameworks/kio/prefix.sh to set the environment for KIO.
-- Setting build type to 'Debug' as none was specified.
-- Looking for __GLIBC__
-- Looking for __GLIBC__ - found
-- Performing Test _OFFT_IS_64BIT
-- Performing Test _OFFT_IS_64BIT - Failed
-- Performing Test HAVE_DATE_TIME
-- Performing Test HAVE_DATE_TIME - Success
-- Performing Test BSYMBOLICFUNCTIONS_AVAILABLE
-- Performing Test BSYMBOLICFUNCTIONS_AVAILABLE - Success
-- Found Gettext: /sbin/msgmerge (found version "0.21.1") 
CMake Warning at CMakeLists.txt:86 (find_package):
  Could not find a configuration file for package "KDED" that is compatible
  with requested version "".

  The following configuration files were considered but not accepted:

    /lib/cmake/KDED/KDEDConfig.cmake, version: 5.106.0 (64bit)
    /usr/lib/cmake/KDED/KDEDConfig.cmake, version: 5.106.0 (64bit)



-- Looking for include file attr/libattr.h
-- Looking for include file attr/libattr.h - not found
-- Looking for include file sys/xattr.h
-- Looking for include file sys/xattr.h - found
-- Looking for include file sys/acl.h
-- Looking for include file sys/acl.h - not found
-- Looking for include file acl/libacl.h
-- Looking for include file acl/libacl.h - not found
-- Looking for include files sys/types.h, sys/extattr.h
-- Looking for include files sys/types.h, sys/extattr.h - not found
-- Looking for acl_cmp
-- Looking for acl_cmp - not found
-- Looking for acl_from_mode
-- Looking for acl_from_mode - not found
-- Looking for acl_equiv_mode
-- Looking for acl_equiv_mode - not found
-- Looking for acl_extended_file
-- Looking for acl_extended_file - not found
-- Looking for acl_get_perm
-- Looking for acl_get_perm - not found
-- Looking for acl_cmp_np
-- Looking for acl_cmp_np - not found
-- Looking for acl_from_mode_np
-- Looking for acl_from_mode_np - not found
-- Looking for acl_equiv_mode_np
-- Looking for acl_equiv_mode_np - not found
-- Looking for acl_extended_file_np
-- Looking for acl_extended_file_np - not found
-- Looking for acl_get_perm_np
-- Looking for acl_get_perm_np - not found
-- Found LibMount: /home/build/inkbox/compiled-binaries/arm-kobo-linux-gnueabihf/arm-kobo-linux-gnueabihf/sysroot/include (found version "2.38.1") 
-- Performing Test HAVE_STRUCT_SOCKADDR_SA_LEN
-- Performing Test HAVE_STRUCT_SOCKADDR_SA_LEN - Failed
-- Looking for include files sys/param.h, sys/mount.h
-- Looking for include files sys/param.h, sys/mount.h - found
-- Looking for include file fstab.h
-- Looking for include file fstab.h - found
-- Looking for include file sys/param.h
-- Looking for include file sys/param.h - found
-- Performing Test GETMNTINFO_USES_STATVFS
-- Performing Test GETMNTINFO_USES_STATVFS - Failed
-- Performing Test COMPILER_HAS_HIDDEN_VISIBILITY
-- Performing Test COMPILER_HAS_HIDDEN_VISIBILITY - Success
-- Performing Test COMPILER_HAS_HIDDEN_INLINE_VISIBILITY
-- Performing Test COMPILER_HAS_HIDDEN_INLINE_VISIBILITY - Success
-- Performing Test COMPILER_HAS_DEPRECATED_ATTR
-- Performing Test COMPILER_HAS_DEPRECATED_ATTR - Success
-- Looking for include file sys/time.h
-- Looking for include file sys/time.h - found
-- Looking for include file string.h
-- Looking for include file string.h - found
-- Looking for include file limits.h
-- Looking for include file limits.h - found
-- Looking for copy_file_range
-- Looking for copy_file_range - found
-- Looking for posix_fadvise
-- Looking for posix_fadvise - found
-- Performing Test HAVE_DIRENT_D_TYPE
-- Performing Test HAVE_DIRENT_D_TYPE - Success
-- Performing Test HAVE_STATX
-- Performing Test HAVE_STATX - Failed
CMake Warning at /home/build/inkbox/compiled-binaries/arm-kobo-linux-gnueabihf/arm-kobo-linux-gnueabihf/sysroot/lib/cmake/KF5CoreAddons/KF5CoreAddonsMacros.cmake:37 (message):
  kcoreaddons_desktop_to_json is deprecated and will be removed in KF6.
  Convert the desktop files to JSON in source using the desktoptojson
  executable
Call Stack (most recent call first):
  src/ioslaves/trash/CMakeLists.txt:89 (kcoreaddons_desktop_to_json)


-- Looking for include file sys/time.h
-- Looking for include file sys/time.h - found
-- Looking for strtoll
-- Looking for strtoll - found
-- generating /home/szybet/kdesrc/build/frameworks/kio/src/kioworkers/http/kcookiejar/org.kde.kcookiejar5.service from /mnt/HDD/Project/Public/okulartry/okular-things/lib/cmake/KF5DBusAddons/KF5dbus.service.in
-- generating /home/szybet/kdesrc/build/frameworks/kio/src/kiod/org.kde.kiod5.service from /mnt/HDD/Project/Public/okulartry/okular-things/lib/cmake/KF5DBusAddons/KF5dbus.service.in
-- generating /home/szybet/kdesrc/build/frameworks/kio/src/kssld/org.kde.kssld5.service from /mnt/HDD/Project/Public/okulartry/okular-things/lib/cmake/KF5DBusAddons/KF5dbus.service.in
-- generating /home/szybet/kdesrc/build/frameworks/kio/src/kpasswdserver/org.kde.kpasswdserver.service from /mnt/HDD/Project/Public/okulartry/okular-things/lib/cmake/KF5DBusAddons/KF5dbus.service.in
-- generating /home/szybet/kdesrc/build/frameworks/kio/src/kioexec/org.kde.kioexecd.service from /mnt/HDD/Project/Public/okulartry/okular-things/lib/cmake/KF5DBusAddons/KF5dbus.service.in
CMake Warning at /home/build/inkbox/compiled-binaries/arm-kobo-linux-gnueabihf/arm-kobo-linux-gnueabihf/sysroot/lib/cmake/KF5CoreAddons/KF5CoreAddonsMacros.cmake:37 (message):
  kcoreaddons_desktop_to_json is deprecated and will be removed in KF6.
  Convert the desktop files to JSON in source using the desktoptojson
  executable
Call Stack (most recent call first):
  src/kcms/webshortcuts/CMakeLists.txt:2 (kcoreaddons_desktop_to_json)


CMake Warning at /home/build/inkbox/compiled-binaries/arm-kobo-linux-gnueabihf/arm-kobo-linux-gnueabihf/sysroot/lib/cmake/KF5CoreAddons/KF5CoreAddonsMacros.cmake:37 (message):
  kcoreaddons_desktop_to_json is deprecated and will be removed in KF6.
  Convert the desktop files to JSON in source using the desktoptojson
  executable
Call Stack (most recent call first):
  src/kcms/cookies/CMakeLists.txt:3 (kcoreaddons_desktop_to_json)


CMake Warning at /home/build/inkbox/compiled-binaries/arm-kobo-linux-gnueabihf/arm-kobo-linux-gnueabihf/sysroot/lib/cmake/KF5CoreAddons/KF5CoreAddonsMacros.cmake:37 (message):
  kcoreaddons_desktop_to_json is deprecated and will be removed in KF6.
  Convert the desktop files to JSON in source using the desktoptojson
  executable
Call Stack (most recent call first):
  src/kcms/smb/CMakeLists.txt:3 (kcoreaddons_desktop_to_json)


CMake Warning at /home/build/inkbox/compiled-binaries/arm-kobo-linux-gnueabihf/arm-kobo-linux-gnueabihf/sysroot/lib/cmake/KF5CoreAddons/KF5CoreAddonsMacros.cmake:37 (message):
  kcoreaddons_desktop_to_json is deprecated and will be removed in KF6.
  Convert the desktop files to JSON in source using the desktoptojson
  executable
Call Stack (most recent call first):
  src/kcms/proxy/CMakeLists.txt:3 (kcoreaddons_desktop_to_json)


CMake Warning at /home/build/inkbox/compiled-binaries/arm-kobo-linux-gnueabihf/arm-kobo-linux-gnueabihf/sysroot/lib/cmake/KF5CoreAddons/KF5CoreAddonsMacros.cmake:37 (message):
  kcoreaddons_desktop_to_json is deprecated and will be removed in KF6.
  Convert the desktop files to JSON in source using the desktoptojson
  executable
Call Stack (most recent call first):
  src/kcms/netpref/CMakeLists.txt:5 (kcoreaddons_desktop_to_json)


-- Looking for include file arpa/nameser_compat.h
-- Looking for include file arpa/nameser_compat.h - found
-- Looking for include file arpa/nameser8_compat.h
-- Looking for include file arpa/nameser8_compat.h - not found
-- Looking for include file netinet/in.h
-- Looking for include file netinet/in.h - found
-- Looking for include file stdint.h
-- Looking for include file stdint.h - found
-- Looking for res_init in resolv
-- Looking for res_init in resolv - found
-- Looking for __res_init in resolv
-- Looking for __res_init in resolv - found
-- Looking for gethostbyname in nsl
-- Looking for gethostbyname in nsl - found
-- Looking for connect in socket
-- Looking for connect in socket - found
-- The following features have been enabled:

 * DESIGNERPLUGIN, Build plugin for Qt Designer

-- The following OPTIONAL packages have been found:

 * KF5Wallet (required version >= 5.106.0), Safe desktop-wide storage for passwords
   Required to have permanent storage of passwords for kpasswdserver
 * KF5Notifications (required version >= 5.106.0), Notifications library
   Required to have error notification support in kpac
 * Qt5Qml (required version >= 5.15.2), QtQml, one of the Qt5 modules
   Required to build support for auto-configuration of network proxies

-- The following REQUIRED packages have been found:

 * ECM (required version >= 5.106.0), Extra CMake Modules., <https://commits.kde.org/extra-cmake-modules>
 * Qt5Core (required version >= 5.15.2)
 * KF5Archive (required version >= 5.106.0)
 * KF5Config (required version >= 5.106.0)
 * KF5CoreAddons (required version >= 5.106.0)
 * KF5Service (required version >= 5.106.0)
 * KF5Solid (required version >= 5.106.0)
 * KF5Crash (required version >= 5.106.0)
 * KF5DBusAddons (required version >= 5.106.0)
 * KF5Completion (required version >= 5.106.0)
 * KF5GuiAddons (required version >= 5.106.0)
 * KF5IconThemes (required version >= 5.106.0)
 * KF5ItemViews (required version >= 5.106.0)
 * KF5JobWidgets (required version >= 5.106.0)
 * KF5WidgetsAddons (required version >= 5.106.0)
 * KF5WindowSystem (required version >= 5.106.0)
 * KF5Auth (required version >= 5.106.0)
 * Qt5Network
 * Qt5Concurrent
 * Qt5Xml
 * Qt5Test
 * Qt5 (required version >= 5.15.2)
 * LibMount, API for getting info about mounted filesystems (part of util-linux), <https://www.kernel.org/pub/linux/utils/util-linux/>
 * KF5Bookmarks (required version >= 5.106.0)
 * KF5ConfigWidgets (required version >= 5.106.0)
 * KF5XmlGui (required version >= 5.106.0)
 * Gettext
 * KF5I18n (required version >= 5.106.0)
 * KF5TextWidgets (required version >= 5.106.0)
 * Qt5Gui (required version >= 5.15.2)
 * Qt5Widgets (required version >= 5.15.2)
 * Qt5DBus (required version >= 5.15.2)
 * Qt5UiPlugin
   Required to build Qt Designer plugins

-- The following features have been disabled:

 * QCH, API documentation in QCH format (for e.g. Qt Assistant, Qt Creator & KDevelop)

-- The following RUNTIME packages have not been found:

 * KDED, Daemon providing session services
   KDED is used at runtime for proxy management and cookie storage

-- The following OPTIONAL packages have not been found:

 * GSSAPI, Allows KIO to make use of certain HTTP authentication services, <https://web.mit.edu/kerberos/www/>
   A MIT or HEIMDAL flavor of GSSAPI can be used

-- The following RECOMMENDED packages have not been found:

 * ACL, LibACL, <ftp://oss.sgi.com/projects/xfs/cmd_tars>
   Support for manipulating access control lists
   Support for manipulating access control lists

-- Configuring done (4.1s)
-- Generating done (0.1s)
-- Build files have been written to: /home/szybet/kdesrc/build/frameworks/kio
