# kdesrc-build running: 'make' '-j' '8'
# from directory: /home/szybet/kdesrc/build/frameworks/kwidgetsaddons
-- 

Installing in /mnt/HDD/Project/Public/okulartry/okular-things. Run /home/szybet/kdesrc/build/frameworks/kwidgetsaddons/prefix.sh to set the environment for KWidgetsAddons.
-- The following REQUIRED packages have been found:

 * ECM (required version >= 5.106.0), Extra CMake Modules., <https://commits.kde.org/extra-cmake-modules>
 * Qt5Gui (required version >= 5.15.2)
 * Qt5Widgets
 * Qt5LinguistTools
 * Qt5Test
 * Qt5 (required version >= 5.15.2)

-- The following features have been disabled:

 * QCH, API documentation in QCH format (for e.g. Qt Assistant, Qt Creator & KDevelop)
 * DESIGNERPLUGIN, Build plugin for Qt Designer

-- Configuring done (0.2s)
-- Generating done (0.6s)
-- Build files have been written to: /home/szybet/kdesrc/build/frameworks/kwidgetsaddons
[  0%] Built target translations_1
[  0%] Built target translations_2
[  0%] Built target translations_3
[  0%] Built target translations_5
[  0%] Built target translations_6
[  1%] Built target translations_4
[  2%] Built target translations_7
[  2%] Built target translations_8
[  2%] Built target translations_11
[  2%] Built target translations_9
[  3%] Built target translations_10
[  3%] Built target translations_13
[  3%] Built target translations_12
[  4%] Built target translations_14
[  4%] Built target translations_16
[  4%] Built target translations_15
[  5%] Built target translations_19
[  5%] Built target translations_20
[  5%] Built target translations_17
[  5%] Built target translations_21
[  6%] Built target translations_22
[  6%] Built target translations_18
[  6%] Built target translations_23
[  6%] Built target translations_24
[  6%] Built target translations_25
[  7%] Built target translations_27
[  7%] Built target translations_28
[  7%] Built target translations_30
[  7%] Built target translations_26
[  7%] Built target translations_32
[  8%] Built target translations_31
[  8%] Built target translations_29
[  8%] Built target translations_34
[  9%] Built target translations_33
[  9%] Built target translations_35
[  9%] Built target translations_36
[  9%] Built target translations_37
[  9%] Built target translations_39
[  9%] Built target translations_38
[  9%] Built target translations_40
[  9%] Built target translations_41
[  9%] Built target translations_43
[  9%] Built target translations_42
[ 10%] Built target translations_44
[ 10%] Built target translations_46
[ 10%] Built target translations_47
[ 10%] Built target translations_45
[ 11%] Built target translations_48
[ 11%] Built target translations_50
[ 11%] Built target translations_49
[ 11%] Built target translations_51
[ 12%] Built target translations_52
[ 12%] Built target translations_53
[ 12%] Built target translations_54
[ 12%] Built target translations_55
[ 12%] Built target translations_56
[ 13%] Built target translations_57
[ 13%] Built target translations_58
[ 13%] Built target translations_59
[ 14%] Built target translations_60
[ 14%] Built target translations_61
[ 14%] Built target translations_62
[ 14%] Built target translations_63
[ 14%] Built target translations_64
[ 14%] Built target translations_66
[ 15%] Built target translations_65
[ 15%] Built target translations_67
[ 15%] Built target translations_68
[ 15%] Built target translations_69
[ 15%] Built target translations_70
[ 15%] Built target translations_71
[ 15%] Built target translations_74
[ 15%] Built target translations_72
[ 15%] Built target translations_75
[ 15%] Built target translations_76
[ 16%] Built target translations_73
[ 16%] Built target translations_77
[ 17%] Built target translations_78
[ 17%] Built target translations_79
[ 17%] Built target translations_80
[ 17%] Built target translations_81
[ 17%] Built target translations_83
[ 18%] Built target translations_82
[ 18%] Built target translations_84
[ 18%] Built target translations_85
[ 19%] Built target translations_86
[ 19%] Built target translations_87
[ 19%] Built target translations_88
[ 19%] Built target translations_89
[ 19%] Built target translations_92
[ 20%] Built target translations_90
[ 20%] Built target translations_91
[ 20%] Built target translations_93
[ 20%] Built target translations_94
[ 21%] Built target translations_95
[ 21%] Built target translations_96
[ 21%] Built target translations_98
[ 21%] Built target translations_97
[ 21%] Built target translations_100
[ 22%] Built target translations_99
[ 22%] Automatic MOC for target KF5WidgetsAddons
[ 22%] Automatic MOC for target kdatetabletest
[ 22%] Built target kdatetabletest_autogen
[ 22%] Linking CXX executable ../bin/kdatetabletest
[ 22%] Built target KF5WidgetsAddons_autogen
[ 23%] Built target kdatetabletest
[ 42%] Built target KF5WidgetsAddons
[ 42%] Automatic MOC for target kacceleratormanagertest
[ 43%] Automatic MOC for target kcharselect_unittest
[ 43%] Automatic MOC for target kactionmenutest
[ 43%] Automatic MOC for target kcollapsiblegroupbox_test
[ 44%] Automatic MOC for target kdatecomboboxtest
[ 43%] Automatic MOC for target kcolorbuttontest
[ 44%] Automatic MOC for target kdatepickerautotest
[ 44%] Automatic MOC for target kdatepickerpopupautotest
[ 44%] Built target kcollapsiblegroupbox_test_autogen
[ 44%] Built target kactionmenutest_autogen
[ 44%] Built target kcolorbuttontest_autogen
[ 44%] Built target kcharselect_unittest_autogen
[ 44%] Built target kacceleratormanagertest_autogen
[ 44%] Built target kdatepickerautotest_autogen
[ 44%] Built target kdatecomboboxtest_autogen
[ 44%] Built target kdatepickerpopupautotest_autogen
[ 45%] Automatic MOC for target kdualactiontest
[ 45%] Automatic MOC for target kdatetimeedittest
[ 45%] Automatic MOC for target kpixmapsequencewidgettest
[ 46%] Automatic MOC for target kselectaction_unittest
[ 46%] Automatic MOC for target knewpasswordwidgettest
[ 47%] Automatic MOC for target ktimecomboboxtest
[ 47%] Automatic MOC for target ksqueezedtextlabelautotest
[ 47%] Automatic MOC for target ktoolbarpopupactiontest
[ 47%] Built target kdualactiontest_autogen
[ 47%] Built target kdatetimeedittest_autogen
[ 47%] Built target knewpasswordwidgettest_autogen
[ 47%] Built target kpixmapsequencewidgettest_autogen
[ 47%] Built target ktimecomboboxtest_autogen
[ 47%] Built target ksqueezedtextlabelautotest_autogen
[ 47%] Built target kselectaction_unittest_autogen
[ 47%] Built target ktoolbarpopupactiontest_autogen
[ 47%] Automatic MOC for target ktooltipwidgettest
[ 47%] Automatic MOC for target kmessagewidgetautotest
[ 47%] Automatic MOC for target kpagedialogautotest
[ 47%] Automatic MOC for target kpassworddialogautotest
[ 47%] Automatic MOC for target ksplittercollapserbuttontest
[ 47%] Automatic MOC for target kpasswordlineedittest
[ 47%] Automatic MOC for target ktwofingertaptest
[ 47%] Automatic MOC for target kmultitabbartest
[ 47%] Built target ktooltipwidgettest_autogen
[ 47%] Built target kmessagewidgetautotest_autogen
[ 47%] Built target kpagedialogautotest_autogen
[ 47%] Built target kpassworddialogautotest_autogen
[ 47%] Built target ksplittercollapserbuttontest_autogen
[ 47%] Built target ktwofingertaptest_autogen
[ 47%] Built target kpasswordlineedittest_autogen
[ 47%] Built target kmultitabbartest_autogen
[ 48%] Automatic MOC for target ktwofingerswipetest
[ 49%] Automatic MOC and UIC for target kcolumnresizertest
[ 49%] Automatic MOC for target kanimatedbuttontest
[ 49%] Automatic MOC for target kbusyindicatorwidgettest
[ 49%] Automatic MOC for target kcollapsiblegroupboxtest
[ 49%] Automatic MOC for target kcharselecttest
[ 49%] Automatic MOC for target kdatecomboboxtestapp
[ 49%] Automatic MOC for target kdatepicktest
[ 49%] Built target ktwofingerswipetest_autogen
[ 49%] Built target kcolumnresizertest_autogen
[ 49%] Built target kanimatedbuttontest_autogen
[ 49%] Built target kdatecomboboxtestapp_autogen
[ 49%] Built target kbusyindicatorwidgettest_autogen
[ 49%] Built target kcollapsiblegroupboxtest_autogen
[ 49%] Built target kcharselecttest_autogen
[ 49%] Built target kdatepicktest_autogen
[ 49%] Automatic MOC for target kdatepickerpopuptest
[ 50%] Automatic MOC for target kdatetimeedittestapp
[ 50%] Automatic MOC for target kgradientselectortest
[ 51%] Automatic MOC for target kmessageboxtest
[ 51%] Automatic MOC for target kledtest
[ 51%] Automatic MOC for target kselectactiontest
[ 52%] Automatic MOC for target kmessageboxwidtest
[ 52%] Automatic MOC for target kseparatortest
[ 52%] Built target kdatepickerpopuptest_autogen
[ 52%] Built target kdatetimeedittestapp_autogen
[ 52%] Built target kmessageboxtest_autogen
[ 52%] Built target kgradientselectortest_autogen
[ 52%] Built target kselectactiontest_autogen
[ 52%] Built target kledtest_autogen
[ 52%] Built target kmessageboxwidtest_autogen
[ 52%] Built target kseparatortest_autogen
[ 52%] Automatic MOC for target ksqueezedtextlabeltest
[ 52%] Automatic MOC for target ktitlewidgettest
[ 52%] Automatic MOC for target kfontchooserdialogtest
[ 52%] Automatic MOC for target kfontrequestertest
[ 52%] Automatic MOC for target keditlistwidgettest
[ 53%] Automatic MOC for target kpassworddialogtest
[ 53%] Automatic MOC for target kratingwidgettest
[ 53%] Automatic MOC for target kactionselectortest
[ 53%] Built target ksqueezedtextlabeltest_autogen
[ 53%] Built target ktitlewidgettest_autogen
[ 53%] Built target kfontchooserdialogtest_autogen
[ 53%] Built target kfontrequestertest_autogen
[ 53%] Built target keditlistwidgettest_autogen
[ 53%] Built target kpassworddialogtest_autogen
[ 53%] Built target kratingwidgettest_autogen
[ 53%] Built target kactionselectortest_autogen
[ 53%] Automatic MOC for target kcolorcombotest
[ 53%] Automatic MOC for target kpixmapregionselectordialogtest
[ 53%] Automatic MOC for target ktoolbarlabelactiontest
[ 53%] Automatic MOC for target kpagedialogtest
[ 53%] Automatic MOC for target kpagewidgettest
[ 53%] Automatic MOC for target kassistantdialogtest
[ 53%] Automatic MOC for target kmessagewidgettest
[ 53%] Automatic MOC for target kmessagedialogtest
[ 53%] Built target kcolorcombotest_autogen
[ 53%] Built target ktoolbarlabelactiontest_autogen
[ 53%] Built target kpixmapregionselectordialogtest_autogen
[ 53%] Built target kpagedialogtest_autogen
[ 53%] Built target kassistantdialogtest_autogen
[ 53%] Built target kpagewidgettest_autogen
[ 53%] Built target kmessagewidgettest_autogen
[ 53%] Built target kmessagedialogtest_autogen
[ 54%] Automatic MOC for target knewpassworddialogtest
[ 54%] Automatic MOC for target knewpasswordwidget_test
[ 54%] Automatic MOC for target kpixmapsequenceoverlaypaintertest
[ 54%] Automatic MOC for target kmimetypechoosertest
[ 54%] Automatic MOC for target ksplittercollapserbuttongui_test
[ 54%] Automatic MOC for target ktooltipwidget_test
[ 54%] Automatic MOC for target kpasswordlineedit_test
[ 54%] Automatic MOC for target ktwofingertap_test
[ 54%] Built target knewpassworddialogtest_autogen
[ 54%] Built target knewpasswordwidget_test_autogen
[ 54%] Built target kpixmapsequenceoverlaypaintertest_autogen
[ 54%] Built target kmimetypechoosertest_autogen
[ 54%] Built target kpasswordlineedit_test_autogen
[ 54%] Built target ksplittercollapserbuttongui_test_autogen
[ 54%] Built target ktooltipwidget_test_autogen
[ 54%] Built target ktwofingertap_test_autogen
[ 54%] Automatic MOC for target ktwofingerswipe_test
[ 54%] Automatic MOC for target kcolumnresizertestapp
[ 54%] Automatic MOC for target kwidgetaddons-example-kmessagebox
[ 54%] Linking CXX executable ../bin/kcharselect_unittest
[ 54%] Linking CXX executable ../bin/kacceleratormanagertest
[ 54%] Linking CXX executable ../bin/kactionmenutest
[ 54%] Built target ktwofingerswipe_test_autogen
[ 54%] Built target kcolumnresizertestapp_autogen
[ 54%] Linking CXX executable ../bin/kcollapsiblegroupbox_test
[ 54%] Built target kwidgetaddons-example-kmessagebox_autogen
[ 54%] Linking CXX executable ../bin/kcolorbuttontest
[ 54%] Linking CXX executable ../bin/kdatepickerautotest
[ 54%] Linking CXX executable ../bin/kdatecomboboxtest
[ 54%] Linking CXX executable ../bin/kdatepickerpopupautotest
[ 54%] Built target kcharselect_unittest
[ 55%] Built target kcolorbuttontest
[ 56%] Built target kcollapsiblegroupbox_test
[ 57%] Built target kactionmenutest
[ 58%] Built target kdatepickerpopupautotest
[ 59%] Built target kdatepickerautotest
[ 59%] Built target kacceleratormanagertest
[ 60%] Linking CXX executable ../bin/kdatetimeedittest
[ 60%] Linking CXX executable ../bin/kdualactiontest
[ 61%] Linking CXX executable ../bin/kpixmapsequencewidgettest
[ 61%] Linking CXX executable ../bin/knewpasswordwidgettest
[ 61%] Linking CXX executable ../bin/kselectaction_unittest
[ 62%] Linking CXX executable ../bin/ksqueezedtextlabelautotest
[ 62%] Linking CXX executable ../bin/ktimecomboboxtest
[ 62%] Built target kdatecomboboxtest
[ 62%] Linking CXX executable ../bin/ktoolbarpopupactiontest
[ 62%] Built target kselectaction_unittest
[ 62%] Built target kdualactiontest
[ 62%] Built target kdatetimeedittest
[ 62%] Built target kpixmapsequencewidgettest
[ 63%] Built target knewpasswordwidgettest
[ 63%] Built target ktimecomboboxtest
[ 63%] Built target ksqueezedtextlabelautotest
[ 64%] Linking CXX executable ../bin/ktooltipwidgettest
[ 64%] Linking CXX executable ../bin/kpagedialogautotest
[ 64%] Linking CXX executable ../bin/kmessagewidgetautotest
[ 65%] Linking CXX executable ../bin/kpassworddialogautotest
[ 65%] Linking CXX executable ../bin/kpasswordlineedittest
[ 66%] Built target ktoolbarpopupactiontest
[ 67%] Linking CXX executable ../bin/kmultitabbartest
[ 67%] Linking CXX executable ../bin/ksplittercollapserbuttontest
[ 67%] Linking CXX executable ../bin/ktwofingertaptest
[ 67%] Built target kpassworddialogautotest
[ 68%] Built target kpagedialogautotest
[ 69%] Built target kmessagewidgetautotest
[ 70%] Built target kpasswordlineedittest
[ 71%] Built target ktwofingertaptest
[ 71%] Built target ktooltipwidgettest
[ 72%] Built target ksplittercollapserbuttontest
[ 72%] Built target kmultitabbartest
[ 72%] Linking CXX executable ../bin/kcolumnresizertest
[ 72%] Linking CXX executable ../bin/ktwofingerswipetest
[ 72%] Linking CXX executable ../bin/kdatecomboboxtestapp
[ 72%] Linking CXX executable ../bin/kcharselecttest
[ 73%] Linking CXX executable ../bin/kdatepicktest
[ 73%] Linking CXX executable ../bin/kcollapsiblegroupboxtest
[ 74%] Linking CXX executable ../bin/kbusyindicatorwidgettest
[ 74%] Linking CXX executable ../bin/kanimatedbuttontest
[ 74%] Built target ktwofingerswipetest
[ 74%] Built target kdatecomboboxtestapp
[ 74%] Built target kdatepicktest
[ 74%] Built target kcolumnresizertest
[ 74%] Built target kbusyindicatorwidgettest
[ 75%] Built target kcharselecttest
[ 75%] Built target kcollapsiblegroupboxtest
[ 75%] Linking CXX executable ../bin/kdatepickerpopuptest
[ 75%] Linking CXX executable ../bin/kdatetimeedittestapp
[ 75%] Linking CXX executable ../bin/kgradientselectortest
[ 76%] Built target kanimatedbuttontest
[ 77%] Linking CXX executable ../bin/kledtest
[ 77%] Linking CXX executable ../bin/kmessageboxtest
[ 77%] Linking CXX executable ../bin/kmessageboxwidtest
[ 77%] Linking CXX executable ../bin/kselectactiontest
[ 77%] Linking CXX executable ../bin/kseparatortest
[ 78%] Built target kdatepickerpopuptest
[ 78%] Built target kledtest
[ 78%] Built target kdatetimeedittestapp
[ 79%] Built target kgradientselectortest
[ 79%] Built target kselectactiontest
[ 81%] Built target kseparatortest
[ 81%] Linking CXX executable ../bin/ksqueezedtextlabeltest
[ 81%] Built target kmessageboxwidtest
[ 81%] Linking CXX executable ../bin/ktitlewidgettest
[ 81%] Built target kmessageboxtest
[ 81%] Linking CXX executable ../bin/kfontchooserdialogtest
[ 82%] Linking CXX executable ../bin/kratingwidgettest
[ 82%] Linking CXX executable ../bin/kpassworddialogtest
[ 82%] Linking CXX executable ../bin/kfontrequestertest
[ 82%] Linking CXX executable ../bin/keditlistwidgettest
[ 82%] Linking CXX executable ../bin/kactionselectortest
[ 82%] Built target kratingwidgettest
[ 83%] Built target kfontrequestertest
[ 83%] Built target kpassworddialogtest
[ 84%] Linking CXX executable ../bin/kcolorcombotest
[ 84%] Built target ktitlewidgettest
[ 84%] Built target ksqueezedtextlabeltest
[ 84%] Linking CXX executable ../bin/kpixmapregionselectordialogtest
[ 85%] Built target kfontchooserdialogtest
[ 85%] Built target keditlistwidgettest
[ 85%] Linking CXX executable ../bin/ktoolbarlabelactiontest
[ 86%] Built target kactionselectortest
[ 86%] Linking CXX executable ../bin/kpagedialogtest
[ 87%] Linking CXX executable ../bin/kpagewidgettest
[ 88%] Linking CXX executable ../bin/kassistantdialogtest
[ 88%] Linking CXX executable ../bin/kmessagewidgettest
[ 88%] Linking CXX executable ../bin/kmessagedialogtest
[ 89%] Built target kpixmapregionselectordialogtest
[ 89%] Linking CXX executable ../bin/knewpassworddialogtest
[ 89%] Built target kassistantdialogtest
[ 89%] Built target kcolorcombotest
[ 90%] Built target kmessagewidgettest
[ 91%] Built target ktoolbarlabelactiontest
[ 91%] Linking CXX executable ../bin/knewpasswordwidget_test
[ 91%] Linking CXX executable ../bin/kpixmapsequenceoverlaypaintertest
[ 92%] Built target kpagedialogtest
[ 92%] Linking CXX executable ../bin/kmimetypechoosertest
[ 92%] Built target kpagewidgettest
[ 92%] Linking CXX executable ../bin/ksplittercollapserbuttongui_test
[ 92%] Built target kmessagedialogtest
[ 92%] Linking CXX executable ../bin/ktooltipwidget_test
[ 92%] Linking CXX executable ../bin/kpasswordlineedit_test
[ 92%] Linking CXX executable ../bin/ktwofingertap_test
[ 92%] Built target knewpassworddialogtest
[ 93%] Linking CXX executable ../bin/ktwofingerswipe_test
[ 93%] Built target kpasswordlineedit_test
[ 93%] Built target knewpasswordwidget_test
[ 94%] Built target kmimetypechoosertest
[ 95%] Linking CXX executable ../bin/kcolumnresizertestapp
[ 96%] Built target kpixmapsequenceoverlaypaintertest
[ 97%] Built target ksplittercollapserbuttongui_test
[ 97%] Linking CXX executable ../../bin/kwidgetaddons-example-kmessagebox
[ 97%] Built target ktwofingertap_test
[ 98%] Built target ktooltipwidget_test
[ 98%] Built target kcolumnresizertestapp
[100%] Built target kwidgetaddons-example-kmessagebox
[100%] Built target ktwofingerswipe_test
