# kdesrc-build running: 'make' '-j' '8'
# from directory: /home/szybet/kdesrc/build/frameworks/kiconthemes
[  8%] Generating ts...
[  8%] Automatic MOC for target KF5IconThemes
[ 12%] Generating mo...
[ 12%] Built target tsfiles-33ac1e47cbedcba175c94ecd50d59314
[ 12%] Built target pofiles-33ac1e47cbedcba175c94ecd50d59314
[ 12%] Built target KF5IconThemes_autogen
[ 16%] Generating ui_kicondialog.h
[ 20%] Automatic RCC for hicolor.qrc
[ 24%] Building CXX object src/CMakeFiles/KF5IconThemes.dir/kiconbutton.cpp.o
[ 28%] Building CXX object src/CMakeFiles/KF5IconThemes.dir/kicondialog.cpp.o
[ 32%] Building CXX object src/CMakeFiles/KF5IconThemes.dir/kiconeffect.cpp.o
[ 36%] Building CXX object src/CMakeFiles/KF5IconThemes.dir/KF5IconThemes_autogen/mocs_compilation.cpp.o
[ 40%] Building CXX object src/CMakeFiles/KF5IconThemes.dir/kiconengine.cpp.o
[ 48%] Building CXX object src/CMakeFiles/KF5IconThemes.dir/kiconcolors.cpp.o
[ 44%] Building CXX object src/CMakeFiles/KF5IconThemes.dir/kiconengineplugin.cpp.o
[ 52%] Building CXX object src/CMakeFiles/KF5IconThemes.dir/kiconloader.cpp.o
[ 56%] Building CXX object src/CMakeFiles/KF5IconThemes.dir/kicontheme.cpp.o
[01m[K/home/szybet/kdesrc/frameworks/kiconthemes/src/kiconeffect.cpp:[m[K In constructor '[01m[KKIEImgEdit::KIEImgEdit(QImage&)[m[K':
[01m[K/home/szybet/kdesrc/frameworks/kiconthemes/src/kiconeffect.cpp:287:20:[m[K [01;35m[Kwarning: [m[Kcast from '[01m[Kuchar*[m[K' {aka '[01m[Kunsigned char*[m[K'} to '[01m[Kunsigned int*[m[K' increases required alignment of target type [[01;35m[K-Wcast-align[m[K]
  287 |             data = [01;35m[K(unsigned int *)img.bits()[m[K;
      |                    [01;35m[K^~~~~~~~~~~~~~~~~~~~~~~~~~[m[K
[01m[K/home/szybet/kdesrc/frameworks/kiconthemes/src/kiconeffect.cpp:[m[K In member function '[01m[KQImage KIconEffect::doublePixels(const QImage&) const[m[K':
[01m[K/home/szybet/kdesrc/frameworks/kiconthemes/src/kiconeffect.cpp:597:18:[m[K [01;35m[Kwarning: [m[Kcast from '[01m[Kconst uchar*[m[K' {aka '[01m[Kconst unsigned char*[m[K'} to '[01m[KQRgb*[m[K' {aka '[01m[Kunsigned int*[m[K'} increases required alignment of target type [[01;35m[K-Wcast-align[m[K]
  597 |             l1 = [01;35m[K(QRgb *)src.scanLine(y)[m[K;
      |                  [01;35m[K^~~~~~~~~~~~~~~~~~~~~~~[m[K
[01m[K/home/szybet/kdesrc/frameworks/kiconthemes/src/kiconeffect.cpp:598:18:[m[K [01;35m[Kwarning: [m[Kcast from '[01m[Kuchar*[m[K' {aka '[01m[Kunsigned char*[m[K'} to '[01m[KQRgb*[m[K' {aka '[01m[Kunsigned int*[m[K'} increases required alignment of target type [[01;35m[K-Wcast-align[m[K]
  598 |             l2 = [01;35m[K(QRgb *)dst.scanLine(y * 2)[m[K;
      |                  [01;35m[K^~~~~~~~~~~~~~~~~~~~~~~~~~~[m[K
[01m[K/home/szybet/kdesrc/frameworks/kiconthemes/src/kiconeffect.cpp:[m[K In static member function '[01m[Kstatic void KIconEffect::overlay(QImage&, QImage&)[m[K':
[01m[K/home/szybet/kdesrc/frameworks/kiconthemes/src/kiconeffect.cpp:713:21:[m[K [01;35m[Kwarning: [m[Kcast from '[01m[Kuchar*[m[K' {aka '[01m[Kunsigned char*[m[K'} to '[01m[KQRgb*[m[K' {aka '[01m[Kunsigned int*[m[K'} increases required alignment of target type [[01;35m[K-Wcast-align[m[K]
  713 |             oline = [01;35m[K(QRgb *)overlay.scanLine(i)[m[K;
      |                     [01;35m[K^~~~~~~~~~~~~~~~~~~~~~~~~~~[m[K
[01m[K/home/szybet/kdesrc/frameworks/kiconthemes/src/kiconeffect.cpp:714:21:[m[K [01;35m[Kwarning: [m[Kcast from '[01m[Kuchar*[m[K' {aka '[01m[Kunsigned char*[m[K'} to '[01m[KQRgb*[m[K' {aka '[01m[Kunsigned int*[m[K'} increases required alignment of target type [[01;35m[K-Wcast-align[m[K]
  714 |             sline = [01;35m[K(QRgb *)src.scanLine(i)[m[K;
      |                     [01;35m[K^~~~~~~~~~~~~~~~~~~~~~~[m[K
[ 60%] Building CXX object src/CMakeFiles/KF5IconThemes.dir/debug.cpp.o
[ 64%] Building CXX object src/CMakeFiles/KF5IconThemes.dir/KF5IconThemes_autogen/EWIEGA46WW/qrc_hicolor.cpp.o
[ 68%] Linking CXX shared library ../bin/libKF5IconThemes.so
[ 68%] Built target KF5IconThemes
[ 76%] Automatic MOC for target kiconfinder5
[ 76%] Automatic MOC for target KIconEnginePlugin
[ 76%] Built target kiconfinder5_autogen
[ 84%] Building CXX object src/tools/kiconfinder/CMakeFiles/kiconfinder5.dir/kiconfinder.cpp.o
[ 84%] Building CXX object src/tools/kiconfinder/CMakeFiles/kiconfinder5.dir/kiconfinder5_autogen/mocs_compilation.cpp.o
[ 84%] Built target KIconEnginePlugin_autogen
[ 92%] Building CXX object src/CMakeFiles/KIconEnginePlugin.dir/kiconengineplugin.cpp.o
[ 92%] Building CXX object src/CMakeFiles/KIconEnginePlugin.dir/KIconEnginePlugin_autogen/mocs_compilation.cpp.o
[ 96%] Linking CXX executable ../../../bin/kiconfinder5
[ 96%] Built target kiconfinder5
[100%] Linking CXX shared module ../bin/KIconEnginePlugin.so
[100%] Built target KIconEnginePlugin
