# kdesrc-build running: 'cmake' '-B' '.' '-S' '/home/szybet/kdesrc/frameworks/kcoreaddons' '-G' 'Unix Makefiles' '-DCMAKE_EXPORT_COMPILE_COMMANDS:BOOL=ON' '-DCMAKE_TOOLCHAIN_FILE=/mnt/HDD/Project/Public/okulartry/kobo.cmake' '-DCMAKE_CXX_FLAGS:STRING=-pipe' '-DCMAKE_INSTALL_PREFIX=/mnt/HDD/Project/Public/okulartry/okular-things' '-DCMAKE_PREFIX_PATH=/home/build/inkbox/compiled-binaries/qt-bin/'
# from directory: /home/szybet/kdesrc/build/frameworks/kcoreaddons
-- The C compiler identification is GNU 11.2.0
-- The CXX compiler identification is GNU 11.2.0
-- Detecting C compiler ABI info
-- Detecting C compiler ABI info - done
-- Check for working C compiler: /home/build/inkbox/compiled-binaries/arm-kobo-linux-gnueabihf/bin/arm-kobo-linux-gnueabihf-gcc - skipped
-- Detecting C compile features
-- Detecting C compile features - done
-- Detecting CXX compiler ABI info
-- Detecting CXX compiler ABI info - done
-- Check for working CXX compiler: /home/build/inkbox/compiled-binaries/arm-kobo-linux-gnueabihf/bin/arm-kobo-linux-gnueabihf-g++ - skipped
-- Detecting CXX compile features
-- Detecting CXX compile features - done
-- 

Installing in /mnt/HDD/Project/Public/okulartry/okular-things. Run /home/szybet/kdesrc/build/frameworks/kcoreaddons/prefix.sh to set the environment for KCoreAddons.
-- Setting build type to 'Debug' as none was specified.
-- Looking for __GLIBC__
-- Looking for __GLIBC__ - found
-- Performing Test _OFFT_IS_64BIT
-- Performing Test _OFFT_IS_64BIT - Failed
-- Performing Test HAVE_DATE_TIME
-- Performing Test HAVE_DATE_TIME - Success
-- Performing Test BSYMBOLICFUNCTIONS_AVAILABLE
-- Performing Test BSYMBOLICFUNCTIONS_AVAILABLE - Success
-- Performing Test CMAKE_HAVE_LIBC_PTHREAD
-- Performing Test CMAKE_HAVE_LIBC_PTHREAD - Success
-- Found Threads: TRUE  
-- Could NOT find FAM (missing: FAM_INCLUDE_DIR FAM_LIBRARIES) 
-- Found UDev: /home/build/inkbox/compiled-binaries/arm-kobo-linux-gnueabihf/arm-kobo-linux-gnueabihf/sysroot/usr/include (found version "253") 
-- Looking for include files sys/types.h, sys/mman.h
-- Looking for include files sys/types.h, sys/mman.h - found
-- Looking for getgrouplist
-- Looking for getgrouplist - found
-- Looking for dladdr
-- Looking for dladdr - found
-- Performing Test COMPILER_HAS_HIDDEN_VISIBILITY
-- Performing Test COMPILER_HAS_HIDDEN_VISIBILITY - Success
-- Performing Test COMPILER_HAS_HIDDEN_INLINE_VISIBILITY
-- Performing Test COMPILER_HAS_HIDDEN_INLINE_VISIBILITY - Success
-- Performing Test COMPILER_HAS_DEPRECATED_ATTR
-- Performing Test COMPILER_HAS_DEPRECATED_ATTR - Success
-- Found SharedMimeInfo: /sbin/update-mime-database (found suitable version "2.2", minimum required is "1.8") 
-- Performing Test HAVE_QFILESYSTEMWATCHER
-- Performing Test HAVE_QFILESYSTEMWATCHER - Success
-- The following features have been enabled:

 * XDGPortalDragAndDrop, Drag and Drop support via xdg-desktop-portal requies QtDBus
 * dladdr, Can resolve shared library paths and by extension libexec paths at runtime using dladdr() API

-- The following OPTIONAL packages have been found:

 * Inotify
   Filesystem alteration notifications using inotify
 * Qt5DBus
 * UDev, API for enumerating and introspecting local devices (part of systemd), <https://www.freedesktop.org/wiki/Software/systemd/>
 * SharedMimeInfo (required version >= 1.8), A database of common MIME types, <https://freedesktop.org/wiki/Software/shared-mime-info/>
   Allows KDE applications to determine file types

-- The following REQUIRED packages have been found:

 * ECM (required version >= 5.106.0), Extra CMake Modules., <https://commits.kde.org/extra-cmake-modules>
 * Qt5Core
 * Threads
 * Qt5LinguistTools
 * Qt5 (required version >= 5.15.2)

-- The following features have been disabled:

 * QCH, API documentation in QCH format (for e.g. Qt Assistant, Qt Creator & KDevelop)

-- The following OPTIONAL packages have not been found:

 * FAM, File alteration notification support via a separate service, <http://oss.sgi.com/projects/fam>
   Provides file alteration notification facilities using a separate service. FAM provides additional support for NFS.

-- Configuring done (2.3s)
-- Generating done (0.2s)
-- Build files have been written to: /home/szybet/kdesrc/build/frameworks/kcoreaddons
