This file contains any messages produced by compilers while
running configure, to aid debugging if configure makes a mistake.

It was created by ld configure 2.39.50, which was
generated by GNU Autoconf 2.69.  Invocation command line was

  $ /mnt/HDD/Project/Public/okulartry/binutils-gdb/ld/configure --srcdir=.././ld --cache-file=./config.cache --with-gnu-as --with-gnu-ld --prefix=/home/build/inkbox/compiled-binaries/arm-kobo-linux-gnueabihf/arm-kobo-linux-gnueabihf/sysroot/ --with-build-sysroot=/home/build/inkbox/compiled-binaries/arm-kobo-linux-gnueabihf/arm-kobo-linux-gnueabihf/sysroot/ --program-transform-name=s,y,y, --disable-option-checking --disable-year2038 --build=x86_64-pc-linux-gnu --host=arm-linux-gnueabihf --target=arm-linux-gnueabihf

## --------- ##
## Platform. ##
## --------- ##

hostname = hyperbookszyb
uname -m = x86_64
uname -r = 6.1.28-1-lts
uname -s = Linux
uname -v = #1 SMP PREEMPT_DYNAMIC Thu, 11 May 2023 15:52:41 +0000

/usr/bin/uname -p = unknown
/bin/uname -X     = unknown

/bin/arch              = unknown
/usr/bin/arch -k       = unknown
/usr/convex/getsysinfo = unknown
/usr/bin/hostinfo      = unknown
/bin/machine           = unknown
/usr/bin/oslevel       = unknown
/bin/universe          = unknown

PATH: /home/szybet/kde/src/kdesrc-build
PATH: /home/szybet/.cargo/bin
PATH: /sbin
PATH: /bin
PATH: /usr/local/sbin
PATH: /usr/local/bin
PATH: /usr/bin
PATH: /usr/sbin
PATH: /home/szybet/.dotnet/tools
PATH: /usr/lib/jvm/default/bin
PATH: /usr/bin/site_perl
PATH: /usr/bin/vendor_perl
PATH: /usr/bin/core_perl
PATH: /usr/lib/rustup/bin
PATH: /home/build/inkbox/compiled-binaries/arm-kobo-linux-gnueabihf/bin/
PATH: /home/build/inkbox/compiled-binaries/qt-bin/qt-linux-5.15.2-kobo/bin/


## ----------- ##
## Core tests. ##
## ----------- ##

configure:2646: loading cache ./config.cache
configure:2768: checking build system type
configure:2782: result: x86_64-pc-linux-gnu
configure:2802: checking host system type
configure:2815: result: arm-unknown-linux-gnueabihf
configure:2835: checking target system type
configure:2848: result: arm-unknown-linux-gnueabihf
configure:2892: checking for a BSD-compatible install
configure:2960: result: /bin/install -c
configure:2971: checking whether build environment is sane
configure:3026: result: yes
configure:3085: checking for arm-linux-gnueabihf-strip
configure:3112: result: strip
configure:3177: checking for a thread-safe mkdir -p
configure:3216: result: /sbin/mkdir -p
configure:3223: checking for gawk
configure:3250: result: gawk
configure:3261: checking whether make sets $(MAKE)
configure:3283: result: yes
configure:3312: checking whether make supports nested variables
configure:3329: result: yes
configure:3466: checking whether make supports nested variables
configure:3483: result: yes
configure:3495: checking whether to enable maintainer-specific portions of Makefiles
configure:3504: result: no
configure:3526: checking for arm-linux-gnueabihf-gcc
configure:3553: result: arm-kobo-linux-gnueabihf-gcc
configure:3822: checking for C compiler version
configure:3831: arm-kobo-linux-gnueabihf-gcc --version >&5
arm-kobo-linux-gnueabihf-gcc (crosstool-NG 1.24.0.519_3e2d99d - NiLuJe) 11.2.0
Copyright (C) 2021 Free Software Foundation, Inc.
This is free software; see the source for copying conditions.  There is NO
warranty; not even for MERCHANTABILITY or FITNESS FOR A PARTICULAR PURPOSE.

configure:3842: $? = 0
configure:3831: arm-kobo-linux-gnueabihf-gcc -v >&5
Using built-in specs.
COLLECT_GCC=arm-kobo-linux-gnueabihf-gcc
COLLECT_LTO_WRAPPER=/mnt/HDD/Project/inkbox-build/inkbox/compiled-binaries/arm-kobo-linux-gnueabihf/bin/../libexec/gcc/arm-kobo-linux-gnueabihf/11.2.0/lto-wrapper
Target: arm-kobo-linux-gnueabihf
Configured with: /home/nicolas/Development/kox/koxtoolchain/build/kobo/.build/arm-kobo-linux-gnueabihf/src/gcc/configure --build=x86_64-build_pc-linux-gnu --host=x86_64-build_pc-linux-gnu --target=arm-kobo-linux-gnueabihf --prefix=/home/nicolas/x-tools/arm-kobo-linux-gnueabihf --exec_prefix=/home/nicolas/x-tools/arm-kobo-linux-gnueabihf --with-sysroot=/home/nicolas/x-tools/arm-kobo-linux-gnueabihf/arm-kobo-linux-gnueabihf/sysroot --enable-languages=c,c++ --with-cpu=cortex-a8 --with-fpu=neon --with-float=hard --with-pkgversion='crosstool-NG 1.24.0.519_3e2d99d - NiLuJe' --enable-__cxa_atexit --disable-libmudflap --disable-libgomp --disable-libssp --disable-libquadmath --disable-libquadmath-support --disable-libsanitizer --disable-libmpx --with-gmp=/home/nicolas/Development/kox/koxtoolchain/build/kobo/.build/arm-kobo-linux-gnueabihf/buildtools --with-mpfr=/home/nicolas/Development/kox/koxtoolchain/build/kobo/.build/arm-kobo-linux-gnueabihf/buildtools --with-mpc=/home/nicolas/Development/kox/koxtoolchain/build/kobo/.build/arm-kobo-linux-gnueabihf/buildtools --with-isl=no --with-cloog=no --enable-lto --enable-threads=posix --with-linker-hash-style=gnu --enable-plugin --enable-gold --disable-nls --disable-multilib --with-diagnostics-color=always --with-local-prefix=/home/nicolas/x-tools/arm-kobo-linux-gnueabihf/arm-kobo-linux-gnueabihf/sysroot --enable-long-long --with-mode=thumb
Thread model: posix
Supported LTO compression algorithms: zlib zstd
gcc version 11.2.0 (crosstool-NG 1.24.0.519_3e2d99d - NiLuJe) 
configure:3842: $? = 0
configure:3831: arm-kobo-linux-gnueabihf-gcc -V >&5
[01m[Karm-kobo-linux-gnueabihf-gcc:[m[K [01;31m[Kerror: [m[Kunrecognized command-line option '[01m[K-V[m[K'
[01m[Karm-kobo-linux-gnueabihf-gcc:[m[K [01;31m[Kfatal error: [m[Kno input files
compilation terminated.
configure:3842: $? = 1
configure:3831: arm-kobo-linux-gnueabihf-gcc -qversion >&5
[01m[Karm-kobo-linux-gnueabihf-gcc:[m[K [01;31m[Kerror: [m[Kunrecognized command-line option '[01m[K-qversion[m[K'; did you mean '[01m[K--version[m[K'?
[01m[Karm-kobo-linux-gnueabihf-gcc:[m[K [01;31m[Kfatal error: [m[Kno input files
compilation terminated.
configure:3842: $? = 1
configure:3862: checking whether the C compiler works
configure:3884: arm-kobo-linux-gnueabihf-gcc -g -O2        conftest.c  >&5
configure:3888: $? = 0
configure:3936: result: yes
configure:3939: checking for C compiler default output file name
configure:3941: result: a.out
configure:3947: checking for suffix of executables
configure:3954: arm-kobo-linux-gnueabihf-gcc -o conftest -g -O2        conftest.c  >&5
configure:3958: $? = 0
configure:3980: result: 
configure:4002: checking whether we are cross compiling
configure:4040: result: yes
configure:4045: checking for suffix of object files
configure:4092: result: o
configure:4096: checking whether we are using the GNU C compiler
configure:4124: result: yes
configure:4133: checking whether arm-kobo-linux-gnueabihf-gcc accepts -g
configure:4194: result: yes
configure:4211: checking for arm-kobo-linux-gnueabihf-gcc option to accept ISO C89
configure:4287: result: none needed
configure:4312: checking whether arm-kobo-linux-gnueabihf-gcc understands -c and -o together
configure:4349: result: yes
configure:4377: checking for style of include used by make
configure:4405: result: GNU
configure:4431: checking dependency style of arm-kobo-linux-gnueabihf-gcc
configure:4542: result: gcc3
configure:4669: checking for C++ compiler version
configure:4678: arm-kobo-linux-gnueabihf-g++ --version >&5
arm-kobo-linux-gnueabihf-g++ (crosstool-NG 1.24.0.519_3e2d99d - NiLuJe) 11.2.0
Copyright (C) 2021 Free Software Foundation, Inc.
This is free software; see the source for copying conditions.  There is NO
warranty; not even for MERCHANTABILITY or FITNESS FOR A PARTICULAR PURPOSE.

configure:4689: $? = 0
configure:4678: arm-kobo-linux-gnueabihf-g++ -v >&5
Using built-in specs.
COLLECT_GCC=arm-kobo-linux-gnueabihf-g++
COLLECT_LTO_WRAPPER=/mnt/HDD/Project/inkbox-build/inkbox/compiled-binaries/arm-kobo-linux-gnueabihf/bin/../libexec/gcc/arm-kobo-linux-gnueabihf/11.2.0/lto-wrapper
Target: arm-kobo-linux-gnueabihf
Configured with: /home/nicolas/Development/kox/koxtoolchain/build/kobo/.build/arm-kobo-linux-gnueabihf/src/gcc/configure --build=x86_64-build_pc-linux-gnu --host=x86_64-build_pc-linux-gnu --target=arm-kobo-linux-gnueabihf --prefix=/home/nicolas/x-tools/arm-kobo-linux-gnueabihf --exec_prefix=/home/nicolas/x-tools/arm-kobo-linux-gnueabihf --with-sysroot=/home/nicolas/x-tools/arm-kobo-linux-gnueabihf/arm-kobo-linux-gnueabihf/sysroot --enable-languages=c,c++ --with-cpu=cortex-a8 --with-fpu=neon --with-float=hard --with-pkgversion='crosstool-NG 1.24.0.519_3e2d99d - NiLuJe' --enable-__cxa_atexit --disable-libmudflap --disable-libgomp --disable-libssp --disable-libquadmath --disable-libquadmath-support --disable-libsanitizer --disable-libmpx --with-gmp=/home/nicolas/Development/kox/koxtoolchain/build/kobo/.build/arm-kobo-linux-gnueabihf/buildtools --with-mpfr=/home/nicolas/Development/kox/koxtoolchain/build/kobo/.build/arm-kobo-linux-gnueabihf/buildtools --with-mpc=/home/nicolas/Development/kox/koxtoolchain/build/kobo/.build/arm-kobo-linux-gnueabihf/buildtools --with-isl=no --with-cloog=no --enable-lto --enable-threads=posix --with-linker-hash-style=gnu --enable-plugin --enable-gold --disable-nls --disable-multilib --with-diagnostics-color=always --with-local-prefix=/home/nicolas/x-tools/arm-kobo-linux-gnueabihf/arm-kobo-linux-gnueabihf/sysroot --enable-long-long --with-mode=thumb
Thread model: posix
Supported LTO compression algorithms: zlib zstd
gcc version 11.2.0 (crosstool-NG 1.24.0.519_3e2d99d - NiLuJe) 
configure:4689: $? = 0
configure:4678: arm-kobo-linux-gnueabihf-g++ -V >&5
[01m[Karm-kobo-linux-gnueabihf-g++:[m[K [01;31m[Kerror: [m[Kunrecognized command-line option '[01m[K-V[m[K'
[01m[Karm-kobo-linux-gnueabihf-g++:[m[K [01;31m[Kfatal error: [m[Kno input files
compilation terminated.
configure:4689: $? = 1
configure:4678: arm-kobo-linux-gnueabihf-g++ -qversion >&5
[01m[Karm-kobo-linux-gnueabihf-g++:[m[K [01;31m[Kerror: [m[Kunrecognized command-line option '[01m[K-qversion[m[K'; did you mean '[01m[K--version[m[K'?
[01m[Karm-kobo-linux-gnueabihf-g++:[m[K [01;31m[Kfatal error: [m[Kno input files
compilation terminated.
configure:4689: $? = 1
configure:4693: checking whether we are using the GNU C++ compiler
configure:4721: result: yes
configure:4730: checking whether arm-kobo-linux-gnueabihf-g++ accepts -g
configure:4791: result: yes
configure:4816: checking dependency style of arm-kobo-linux-gnueabihf-g++
configure:4927: result: gcc3
configure:4942: checking for grep that handles long lines and -e
configure:5000: result: /sbin/grep
configure:5011: checking how to run the C preprocessor
configure:5081: result: arm-kobo-linux-gnueabihf-gcc -E
configure:5101: arm-kobo-linux-gnueabihf-gcc -E  conftest.c
configure:5101: $? = 0
configure:5115: arm-kobo-linux-gnueabihf-gcc -E  conftest.c
[01m[Kconftest.c:11:10:[m[K [01;31m[Kfatal error: [m[Kac_nonexistent.h: No such file or directory
   11 | #include [01;31m[K<ac_nonexistent.h>[m[K
      |          [01;31m[K^~~~~~~~~~~~~~~~~~[m[K
compilation terminated.
configure:5115: $? = 1
configure: failed program was:
| /* confdefs.h */
| #define PACKAGE_NAME "ld"
| #define PACKAGE_TARNAME "ld"
| #define PACKAGE_VERSION "2.39.50"
| #define PACKAGE_STRING "ld 2.39.50"
| #define PACKAGE_BUGREPORT ""
| #define PACKAGE_URL ""
| #define PACKAGE "ld"
| #define VERSION "2.39.50"
| /* end confdefs.h.  */
| #include <ac_nonexistent.h>
configure:5144: checking for egrep
configure:5206: result: /sbin/grep -E
configure:5211: checking for ANSI C header files
configure:5315: result: yes
configure:5328: checking for sys/types.h
configure:5328: result: yes
configure:5328: checking for sys/stat.h
configure:5328: result: yes
configure:5328: checking for stdlib.h
configure:5328: result: yes
configure:5328: checking for string.h
configure:5328: result: yes
configure:5328: checking for memory.h
configure:5328: result: yes
configure:5328: checking for strings.h
configure:5328: result: yes
configure:5328: checking for inttypes.h
configure:5328: result: yes
configure:5328: checking for stdint.h
configure:5328: result: yes
configure:5328: checking for unistd.h
configure:5328: result: yes
configure:5341: checking for minix/config.h
configure:5341: result: no
configure:5362: checking whether it is safe to define __EXTENSIONS__
configure:5387: result: yes
configure:5415: checking for arm-linux-gnueabihf-pkg-config
configure:5448: result: no
configure:5458: checking for pkg-config
configure:5488: result: /sbin/pkg-config
configure:5500: WARNING: using cross tools not prefixed with host triplet
configure:5513: checking pkg-config is at least version 0.9.0
configure:5516: result: yes
configure:5571: checking how to print strings
configure:5598: result: printf
configure:5619: checking for a sed that does not truncate output
configure:5683: result: /sbin/sed
configure:5701: checking for fgrep
configure:5763: result: /sbin/grep -F
configure:5798: checking for ld used by arm-kobo-linux-gnueabihf-gcc
configure:5865: result: arm-kobo-linux-gnueabihf-ld
configure:5872: checking if the linker (arm-kobo-linux-gnueabihf-ld) is GNU ld
configure:5887: result: yes
configure:5899: checking for BSD- or MS-compatible name lister (nm)
configure:5955: result: no
configure:5969: checking for arm-linux-gnueabihf-dumpbin
configure:5999: result: no
configure:5969: checking for arm-linux-gnueabihf-link
configure:5999: result: no
configure:6013: checking for dumpbin
configure:6040: result: link -dump
configure:6085: checking the name lister (arm-linux-gnueabihf-nm) interface
configure:6105: result: BSD nm
configure:6108: checking whether ln -s works
configure:6112: result: yes
configure:6120: checking the maximum length of command line arguments
configure:6245: result: 1572864
configure:6262: checking whether the shell understands some XSI constructs
configure:6272: result: yes
configure:6276: checking whether the shell understands "+="
configure:6282: result: yes
configure:6317: checking for arm-kobo-linux-gnueabihf-ld option to reload object files
configure:6324: result: -r
configure:6353: checking for arm-linux-gnueabihf-objdump
configure:6380: result: arm-linux-gnueabihf-objdump
configure:6452: checking how to recognize dependent libraries
configure:6653: result: pass_all
configure:6686: checking for arm-linux-gnueabihf-ar
configure:6713: result: arm-kobo-linux-gnueabihf-ar --plugin /mnt/HDD/Project/inkbox-build/inkbox/compiled-binaries/arm-kobo-linux-gnueabihf/bin/../libexec/gcc/arm-kobo-linux-gnueabihf/11.2.0/liblto_plugin.so
configure:6804: checking for arm-linux-gnueabihf-strip
configure:6831: result: strip
configure:6903: checking for arm-linux-gnueabihf-ranlib
configure:6930: result: arm-kobo-linux-gnueabihf-ranlib --plugin /mnt/HDD/Project/inkbox-build/inkbox/compiled-binaries/arm-kobo-linux-gnueabihf/bin/../libexec/gcc/arm-kobo-linux-gnueabihf/11.2.0/liblto_plugin.so
configure:7077: checking command to parse arm-linux-gnueabihf-nm output from arm-kobo-linux-gnueabihf-gcc object
configure:7297: result: failed
configure:8148: checking for dlfcn.h
configure:8148: result: yes
configure:8336: checking for objdir
configure:8351: result: .libs
configure:8622: checking if arm-kobo-linux-gnueabihf-gcc supports -fno-rtti -fno-exceptions
configure:8657: result: no
configure:8677: checking for arm-kobo-linux-gnueabihf-gcc option to produce PIC
configure:8963: result: -fPIC -DPIC
configure:8975: checking if arm-kobo-linux-gnueabihf-gcc PIC flag -fPIC -DPIC works
configure:9010: result: yes
configure:9034: checking if arm-kobo-linux-gnueabihf-gcc static flag -static works
configure:9062: result: yes
configure:9077: checking if arm-kobo-linux-gnueabihf-gcc supports -c -o file.o
configure:9124: result: yes
configure:9132: checking if arm-kobo-linux-gnueabihf-gcc supports -c -o file.o
configure:9179: result: yes
configure:9212: checking whether the arm-kobo-linux-gnueabihf-gcc linker (arm-kobo-linux-gnueabihf-ld) supports shared libraries
configure:10283: result: yes
configure:10320: checking whether -lc should be explicitly linked in
configure:10363: result: no
configure:10528: checking dynamic linker characteristics
configure:11191: result: GNU/Linux ld.so
configure:11298: checking how to hardcode library paths into programs
configure:11323: result: immediate
configure:11863: checking whether stripping libraries is possible
configure:11868: result: yes
configure:11903: checking if libtool supports shared libraries
configure:11905: result: yes
configure:11908: checking whether to build shared libraries
configure:11929: result: yes
configure:11932: checking whether to build static libraries
configure:11936: result: yes
configure:11959: checking how to run the C++ preprocessor
configure:12025: result: arm-kobo-linux-gnueabihf-g++ -E
configure:12045: arm-kobo-linux-gnueabihf-g++ -E  conftest.cpp
configure:12045: $? = 0
configure:12059: arm-kobo-linux-gnueabihf-g++ -E  conftest.cpp
[01m[Kconftest.cpp:28:10:[m[K [01;31m[Kfatal error: [m[Kac_nonexistent.h: No such file or directory
   28 | #include [01;31m[K<ac_nonexistent.h>[m[K
      |          [01;31m[K^~~~~~~~~~~~~~~~~~[m[K
compilation terminated.
configure:12059: $? = 1
configure: failed program was:
| /* confdefs.h */
| #define PACKAGE_NAME "ld"
| #define PACKAGE_TARNAME "ld"
| #define PACKAGE_VERSION "2.39.50"
| #define PACKAGE_STRING "ld 2.39.50"
| #define PACKAGE_BUGREPORT ""
| #define PACKAGE_URL ""
| #define PACKAGE "ld"
| #define VERSION "2.39.50"
| #define STDC_HEADERS 1
| #define HAVE_SYS_TYPES_H 1
| #define HAVE_SYS_STAT_H 1
| #define HAVE_STDLIB_H 1
| #define HAVE_STRING_H 1
| #define HAVE_MEMORY_H 1
| #define HAVE_STRINGS_H 1
| #define HAVE_INTTYPES_H 1
| #define HAVE_STDINT_H 1
| #define HAVE_UNISTD_H 1
| #define __EXTENSIONS__ 1
| #define _ALL_SOURCE 1
| #define _GNU_SOURCE 1
| #define _POSIX_PTHREAD_SEMANTICS 1
| #define _TANDEM_SOURCE 1
| #define HAVE_DLFCN_H 1
| #define LT_OBJDIR ".libs/"
| /* end confdefs.h.  */
| #include <ac_nonexistent.h>
configure:12227: checking for ld used by arm-kobo-linux-gnueabihf-g++
configure:12294: result: arm-kobo-linux-gnueabihf-ld
configure:12301: checking if the linker (arm-kobo-linux-gnueabihf-ld) is GNU ld
configure:12316: result: yes
configure:12371: checking whether the arm-kobo-linux-gnueabihf-g++ linker (arm-kobo-linux-gnueabihf-ld) supports shared libraries
configure:13303: result: yes
configure:13331: arm-kobo-linux-gnueabihf-g++ -c -g -O2      conftest.cpp >&5
configure:13334: $? = 0
configure:13516: checking for arm-kobo-linux-gnueabihf-g++ option to produce PIC
configure:13839: result: -fPIC -DPIC
configure:13848: checking if arm-kobo-linux-gnueabihf-g++ PIC flag -fPIC -DPIC works
configure:13883: result: yes
configure:13904: checking if arm-kobo-linux-gnueabihf-g++ static flag -static works
configure:13932: result: yes
configure:13944: checking if arm-kobo-linux-gnueabihf-g++ supports -c -o file.o
configure:13991: result: yes
configure:13996: checking if arm-kobo-linux-gnueabihf-g++ supports -c -o file.o
configure:14043: result: yes
configure:14073: checking whether the arm-kobo-linux-gnueabihf-g++ linker (arm-kobo-linux-gnueabihf-ld) supports shared libraries
configure:14101: result: yes
configure:14244: checking dynamic linker characteristics
configure:14841: result: GNU/Linux ld.so
configure:14894: checking how to hardcode library paths into programs
configure:14919: result: immediate
configure:14990: checking for dlfcn.h
configure:14990: result: yes
configure:15003: checking for windows.h
configure:15003: result: no
configure:15030: checking for library containing dlsym
configure:15078: result: -ldl
configure:15150: checking for special C compiler options needed for large files
configure:15195: result: no
configure:15201: checking for _FILE_OFFSET_BITS value needed for large files
configure:15258: result: 64
configure:15397: checking size of void *
configure:15416: result: 4
configure:16008: checking for LC_MESSAGES
configure:16032: result: yes
configure:16070: checking whether NLS is requested
configure:16076: result: yes
configure:16082: checking for catalogs to be installed
configure:16114: result:  bg da de es fi fr ga id it ja pt_BR ru sr sv tr uk vi zh_CN zh_TW bg da de es fi fr ga id it ja pt_BR ru sr sv tr uk vi zh_CN zh_TW
configure:16141: checking whether NLS is requested
configure:16150: result: yes
configure:16188: checking for msgfmt
configure:16219: result: /sbin/msgfmt
configure:16228: checking for gmsgfmt
configure:16259: result: /sbin/msgfmt
configure:16299: checking for xgettext
configure:16330: result: /sbin/xgettext
configure:16370: checking for msgmerge
configure:16400: result: /sbin/msgmerge
configure:16442: checking for bison
configure:16469: result: bison -y
configure:16485: checking for flex
configure:16512: result: flex
configure:16551: flex conftest.l
configure:16555: $? = 0
configure:16557: checking lex output file root
configure:16571: result: lex.yy
configure:16576: checking lex library
configure:16600: result: none needed
configure:16606: checking whether yytext is a pointer
configure:16631: result: no
configure:16646: checking whether to enable maintainer-specific portions of Makefiles
configure:16655: result: no
configure:16676: checking how to compare bootstrapped objects
configure:16701: result: cmp --ignore-initial=16 $$f1 $$f2
configure:16723: checking for fcntl.h
configure:16723: result: yes
configure:16723: checking for elf-hints.h
configure:16723: result: no
configure:16723: checking for limits.h
configure:16723: result: yes
configure:16723: checking for inttypes.h
configure:16723: result: yes
configure:16723: checking for stdint.h
configure:16723: result: yes
configure:16723: checking for sys/file.h
configure:16723: result: yes
configure:16723: checking for sys/mman.h
configure:16723: result: yes
configure:16723: checking for sys/param.h
configure:16723: result: yes
configure:16723: checking for sys/stat.h
configure:16723: result: yes
configure:16723: checking for sys/time.h
configure:16723: result: yes
configure:16723: checking for sys/types.h
configure:16723: result: yes
configure:16723: checking for unistd.h
configure:16723: result: yes
configure:16736: checking for close
configure:16736: result: yes
configure:16736: checking for glob
configure:16736: result: yes
configure:16736: checking for lseek
configure:16736: result: yes
configure:16736: checking for mkstemp
configure:16736: result: yes
configure:16736: checking for open
configure:16736: result: yes
configure:16736: checking for realpath
configure:16736: result: yes
configure:16736: checking for waitpid
configure:16736: result: yes
configure:16754: checking whether asprintf is declared
configure:16754: result: yes
configure:16764: checking whether environ is declared
configure:16764: result: yes
configure:16782: checking for stdlib.h
configure:16782: result: yes
configure:16782: checking for unistd.h
configure:16782: result: yes
configure:16782: checking for sys/param.h
configure:16782: result: yes
configure:16802: checking for getpagesize
configure:16802: result: yes
configure:16811: checking for working mmap
configure:16968: result: no
configure:16978: checking for library containing dlopen
configure:17026: result: none required
configure:17035: checking for a known getopt prototype in unistd.h
configure:17059: result: yes
configure:17099: checking for libzstd >= 1.4.0
configure:17106: $PKG_CONFIG --exists --print-errors "libzstd >= 1.4.0"
configure:17109: $? = 0
configure:17123: $PKG_CONFIG --exists --print-errors "libzstd >= 1.4.0"
configure:17126: $? = 0
configure:17151: arm-kobo-linux-gnueabihf-gcc -o conftest -g -O2        -lzstd  conftest.c -ldl  >&5
configure:17151: $? = 0
configure:17196: result: yes
configure:17214: checking whether ANSI C string concatenation works
configure:17238: result: yes
configure:17633: checking that generated files are newer than configure
configure:17639: result: done
configure:17686: creating ./config.status

## ---------------------- ##
## Running config.status. ##
## ---------------------- ##

This file was extended by ld config.status 2.39.50, which was
generated by GNU Autoconf 2.69.  Invocation command line was

  CONFIG_FILES    = 
  CONFIG_HEADERS  = 
  CONFIG_LINKS    = 
  CONFIG_COMMANDS = 
  $ ./config.status 

on hyperbookszyb

config.status:1267: creating Makefile
config.status:1267: creating po/Makefile.in
config.status:1267: creating config.h
config.status:1448: config.h is unchanged
config.status:1496: executing depfiles commands
config.status:1496: executing libtool commands
config.status:1496: executing default-1 commands
config.status:1496: executing default commands

## ---------------- ##
## Cache variables. ##
## ---------------- ##

ac_cv_build=x86_64-pc-linux-gnu
ac_cv_c_compiler_gnu=yes
ac_cv_cxx_compiler_gnu=yes
ac_cv_env_CCC_set=
ac_cv_env_CCC_value=
ac_cv_env_CC_set=set
ac_cv_env_CC_value=arm-kobo-linux-gnueabihf-gcc
ac_cv_env_CFLAGS_set=set
ac_cv_env_CFLAGS_value='-g -O2    '
ac_cv_env_CPPFLAGS_set=
ac_cv_env_CPPFLAGS_value=
ac_cv_env_CPP_set=
ac_cv_env_CPP_value=
ac_cv_env_CXXCPP_set=
ac_cv_env_CXXCPP_value=
ac_cv_env_CXXFLAGS_set=set
ac_cv_env_CXXFLAGS_value='-g -O2    '
ac_cv_env_CXX_set=set
ac_cv_env_CXX_value=arm-kobo-linux-gnueabihf-g++
ac_cv_env_JANSSON_CFLAGS_set=
ac_cv_env_JANSSON_CFLAGS_value=
ac_cv_env_JANSSON_LIBS_set=
ac_cv_env_JANSSON_LIBS_value=
ac_cv_env_LDFLAGS_set=set
ac_cv_env_LDFLAGS_value=' '
ac_cv_env_LIBS_set=
ac_cv_env_LIBS_value=
ac_cv_env_PKG_CONFIG_LIBDIR_set=
ac_cv_env_PKG_CONFIG_LIBDIR_value=
ac_cv_env_PKG_CONFIG_PATH_set=set
ac_cv_env_PKG_CONFIG_PATH_value=
ac_cv_env_PKG_CONFIG_set=
ac_cv_env_PKG_CONFIG_value=
ac_cv_env_YACC_set=set
ac_cv_env_YACC_value='bison -y'
ac_cv_env_YFLAGS_set=
ac_cv_env_YFLAGS_value=
ac_cv_env_ZSTD_CFLAGS_set=
ac_cv_env_ZSTD_CFLAGS_value=
ac_cv_env_ZSTD_LIBS_set=
ac_cv_env_ZSTD_LIBS_value=
ac_cv_env_build_alias_set=set
ac_cv_env_build_alias_value=x86_64-pc-linux-gnu
ac_cv_env_host_alias_set=set
ac_cv_env_host_alias_value=arm-linux-gnueabihf
ac_cv_env_target_alias_set=set
ac_cv_env_target_alias_value=arm-linux-gnueabihf
ac_cv_func_close=yes
ac_cv_func_getpagesize=yes
ac_cv_func_glob=yes
ac_cv_func_lseek=yes
ac_cv_func_mkstemp=yes
ac_cv_func_mmap_fixed_mapped=no
ac_cv_func_open=yes
ac_cv_func_realpath=yes
ac_cv_func_sbrk=yes
ac_cv_func_waitpid=yes
ac_cv_have_decl_asprintf=yes
ac_cv_have_decl_environ=yes
ac_cv_have_decl_sbrk=yes
ac_cv_header_dlfcn_h=yes
ac_cv_header_elf_hints_h=no
ac_cv_header_fcntl_h=yes
ac_cv_header_inttypes_h=yes
ac_cv_header_limits_h=yes
ac_cv_header_memory_h=yes
ac_cv_header_minix_config_h=no
ac_cv_header_stdc=yes
ac_cv_header_stdint_h=yes
ac_cv_header_stdlib_h=yes
ac_cv_header_string_h=yes
ac_cv_header_strings_h=yes
ac_cv_header_sys_file_h=yes
ac_cv_header_sys_mman_h=yes
ac_cv_header_sys_param_h=yes
ac_cv_header_sys_stat_h=yes
ac_cv_header_sys_time_h=yes
ac_cv_header_sys_types_h=yes
ac_cv_header_unistd_h=yes
ac_cv_header_windows_h=no
ac_cv_host=arm-unknown-linux-gnueabihf
ac_cv_lib_lex='none needed'
ac_cv_objext=o
ac_cv_path_EGREP='/sbin/grep -E'
ac_cv_path_FGREP='/sbin/grep -F'
ac_cv_path_GMSGFMT=/sbin/msgfmt
ac_cv_path_GREP=/sbin/grep
ac_cv_path_MSGFMT=/sbin/msgfmt
ac_cv_path_MSGMERGE=/sbin/msgmerge
ac_cv_path_SED=/sbin/sed
ac_cv_path_XGETTEXT=/sbin/xgettext
ac_cv_path_ac_pt_PKG_CONFIG=/sbin/pkg-config
ac_cv_path_mkdir=/sbin/mkdir
ac_cv_prog_AR='arm-kobo-linux-gnueabihf-ar --plugin /mnt/HDD/Project/inkbox-build/inkbox/compiled-binaries/arm-kobo-linux-gnueabihf/bin/../libexec/gcc/arm-kobo-linux-gnueabihf/11.2.0/liblto_plugin.so'
ac_cv_prog_AWK=gawk
ac_cv_prog_CC=arm-kobo-linux-gnueabihf-gcc
ac_cv_prog_CPP='arm-kobo-linux-gnueabihf-gcc -E'
ac_cv_prog_CXXCPP='arm-kobo-linux-gnueabihf-g++ -E'
ac_cv_prog_LEX=flex
ac_cv_prog_OBJDUMP=arm-linux-gnueabihf-objdump
ac_cv_prog_RANLIB='arm-kobo-linux-gnueabihf-ranlib --plugin /mnt/HDD/Project/inkbox-build/inkbox/compiled-binaries/arm-kobo-linux-gnueabihf/bin/../libexec/gcc/arm-kobo-linux-gnueabihf/11.2.0/liblto_plugin.so'
ac_cv_prog_STRIP=strip
ac_cv_prog_YACC='bison -y'
ac_cv_prog_ac_ct_DUMPBIN='link -dump'
ac_cv_prog_ac_ct_STRIP=strip
ac_cv_prog_cc_c89=
ac_cv_prog_cc_g=yes
ac_cv_prog_cxx_g=yes
ac_cv_prog_lex_root=lex.yy
ac_cv_prog_lex_yytext_pointer=no
ac_cv_prog_make_make_set=yes
ac_cv_safe_to_define___extensions__=yes
ac_cv_search_dlopen='none required'
ac_cv_search_dlsym=-ldl
ac_cv_sizeof_void_p=4
ac_cv_sys_file_offset_bits=64
ac_cv_sys_largefile_CC=no
ac_cv_target=arm-unknown-linux-gnueabihf
am_cv_CC_dependencies_compiler_type=gcc3
am_cv_CXX_dependencies_compiler_type=gcc3
am_cv_make_support_nested_variables=yes
am_cv_prog_cc_c_o=yes
am_cv_val_LC_MESSAGES=yes
gcc_cv_prog_cmp_skip='cmp --ignore-initial=16 $$f1 $$f2'
ld_cv_decl_getopt_unistd_h=yes
ld_cv_string_concatenation=yes
lt_cv_archive_cmds_need_lc=no
lt_cv_deplibs_check_method=pass_all
lt_cv_file_magic_cmd='$MAGIC_CMD'
lt_cv_file_magic_test_file=
lt_cv_ld_reload_flag=-r
lt_cv_nm_interface='BSD nm'
lt_cv_objdir=.libs
lt_cv_path_LD=arm-kobo-linux-gnueabihf-ld
lt_cv_path_LDCXX=arm-kobo-linux-gnueabihf-ld
lt_cv_path_NM=no
lt_cv_prog_compiler_c_o=yes
lt_cv_prog_compiler_c_o_CXX=yes
lt_cv_prog_compiler_pic_works=yes
lt_cv_prog_compiler_pic_works_CXX=yes
lt_cv_prog_compiler_rtti_exceptions=no
lt_cv_prog_compiler_static_works=yes
lt_cv_prog_compiler_static_works_CXX=yes
lt_cv_prog_gnu_ld=yes
lt_cv_prog_gnu_ldcxx=yes
lt_cv_shlibpath_overrides_runpath=no
lt_cv_sys_global_symbol_pipe=
lt_cv_sys_global_symbol_to_c_name_address='sed -n -e '\''s/^: \([^ ]*\) $/  {\"\1\", (void *) 0},/p'\'' -e '\''s/^[BCDEGRST]* \([^ ]*\) \([^ ]*\)$/  {"\2", (void *) \&\2},/p'\'''
lt_cv_sys_global_symbol_to_c_name_address_lib_prefix='sed -n -e '\''s/^: \([^ ]*\) $/  {\"\1\", (void *) 0},/p'\'' -e '\''s/^[BCDEGRST]* \([^ ]*\) \(lib[^ ]*\)$/  {"\2", (void *) \&\2},/p'\'' -e '\''s/^[BCDEGRST]* \([^ ]*\) \([^ ]*\)$/  {"lib\2", (void *) \&\2},/p'\'''
lt_cv_sys_global_symbol_to_cdecl=
lt_cv_sys_max_cmd_len=1572864
pkg_cv_ZSTD_CFLAGS=
pkg_cv_ZSTD_LIBS='-lzstd '

## ----------------- ##
## Output variables. ##
## ----------------- ##

ACLOCAL='${SHELL} /mnt/HDD/Project/Public/okulartry/binutils-gdb/missing aclocal-1.15'
AMDEPBACKSLASH='\'
AMDEP_FALSE='#'
AMDEP_TRUE=''
AMTAR='$${TAR-tar}'
AM_BACKSLASH='\'
AM_DEFAULT_V='$(AM_DEFAULT_VERBOSITY)'
AM_DEFAULT_VERBOSITY='0'
AM_V='$(V)'
AR='arm-kobo-linux-gnueabihf-ar --plugin /mnt/HDD/Project/inkbox-build/inkbox/compiled-binaries/arm-kobo-linux-gnueabihf/bin/../libexec/gcc/arm-kobo-linux-gnueabihf/11.2.0/liblto_plugin.so --plugin /mnt/HDD/Project/inkbox-build/inkbox/compiled-binaries/arm-kobo-linux-gnueabihf/bin/../libexec/gcc/arm-kobo-linux-gnueabihf/11.2.0/liblto_plugin.so'
AUTOCONF='${SHELL} /mnt/HDD/Project/Public/okulartry/binutils-gdb/missing autoconf'
AUTOHEADER='${SHELL} /mnt/HDD/Project/Public/okulartry/binutils-gdb/missing autoheader'
AUTOMAKE='${SHELL} /mnt/HDD/Project/Public/okulartry/binutils-gdb/missing automake-1.15'
AWK='gawk'
CATALOGS=' bg.gmo da.gmo de.gmo es.gmo fi.gmo fr.gmo ga.gmo id.gmo it.gmo ja.gmo pt_BR.gmo ru.gmo sr.gmo sv.gmo tr.gmo uk.gmo vi.gmo zh_CN.gmo zh_TW.gmo bg.gmo da.gmo de.gmo es.gmo fi.gmo fr.gmo ga.gmo id.gmo it.gmo ja.gmo pt_BR.gmo ru.gmo sr.gmo sv.gmo tr.gmo uk.gmo vi.gmo zh_CN.gmo zh_TW.gmo'
CATOBJEXT='.gmo'
CC='arm-kobo-linux-gnueabihf-gcc'
CCDEPMODE='depmode=gcc3'
CFLAGS='-g -O2    '
CPP='arm-kobo-linux-gnueabihf-gcc -E'
CPPFLAGS=''
CXX='arm-kobo-linux-gnueabihf-g++'
CXXCPP='arm-kobo-linux-gnueabihf-g++ -E'
CXXDEPMODE='depmode=gcc3'
CXXFLAGS='-g -O2    '
CYGPATH_W='echo'
DATADIRNAME='share'
DEFS='-DHAVE_CONFIG_H'
DEPDIR='.deps'
DSYMUTIL='arm-linux-gnueabihf-dsymutil'
DUMPBIN=':'
ECHO_C=''
ECHO_N='-n'
ECHO_T=''
EGREP='/sbin/grep -E'
EMUL='armelf_linux_eabi'
EMULATION_LIBPATH='armelf_linux_eabi armelfb_linux_eabi'
EMULATION_OFILES=' earmelf_linux_eabi.o earmelfb_linux_eabi.o'
EMUL_EXTRA_OFILES=' ldelf.o ldelfgen.o'
ENABLE_BFD_64_BIT_FALSE=''
ENABLE_BFD_64_BIT_TRUE='#'
ENABLE_LIBCTF_FALSE='#'
ENABLE_LIBCTF_TRUE=''
EXEEXT=''
FGREP='/sbin/grep -F'
GENCAT='gencat'
GENINSRC_NEVER_FALSE=''
GENINSRC_NEVER_TRUE='#'
GMSGFMT='/sbin/msgfmt'
GREP='/sbin/grep'
HDEFINES=''
INCINTL=''
INSTALL_DATA='/bin/install -c -m 644'
INSTALL_PROGRAM='/bin/install -c'
INSTALL_SCRIPT='/bin/install -c'
INSTALL_STRIP_PROGRAM='$(install_sh) -c -s'
INSTOBJEXT='.mo'
JANSSON_CFLAGS=''
JANSSON_LIBS=''
LARGEFILE_CPPFLAGS=''
LD='arm-kobo-linux-gnueabihf-ld'
LDFLAGS=' '
LEX='flex'
LEXLIB=''
LEX_OUTPUT_ROOT='lex.yy'
LIBINTL=''
LIBINTL_DEP=''
LIBOBJS=''
LIBS='-ldl '
LIBTOOL='$(SHELL) $(top_builddir)/libtool'
LIB_PATH=''
LIPO=''
LN_S='ln -s'
LTLIBOBJS=''
MAINT='#'
MAINTAINER_MODE_FALSE=''
MAINTAINER_MODE_TRUE='#'
MAKEINFO='makeinfo --split-size=5000000'
MKDIR_P='/sbin/mkdir -p'
MKINSTALLDIRS='$(top_builddir)/./../mkinstalldirs'
MSGFMT='/sbin/msgfmt'
MSGMERGE='/sbin/msgmerge'
NATIVE_LIB_DIRS='/usr/local/lib /lib /usr/lib'
NM='arm-linux-gnueabihf-nm'
NMEDIT=''
NO_WERROR=''
OBJDUMP='arm-linux-gnueabihf-objdump'
OBJEXT='o'
OTOOL64=''
OTOOL='arm-linux-gnueabihf-otool'
PACKAGE='ld'
PACKAGE_BUGREPORT=''
PACKAGE_NAME='ld'
PACKAGE_STRING='ld 2.39.50'
PACKAGE_TARNAME='ld'
PACKAGE_URL=''
PACKAGE_VERSION='2.39.50'
PATH_SEPARATOR=':'
PKG_CONFIG='/sbin/pkg-config'
PKG_CONFIG_LIBDIR=''
PKG_CONFIG_PATH=''
POSUB='po'
RANLIB='arm-kobo-linux-gnueabihf-ranlib --plugin /mnt/HDD/Project/inkbox-build/inkbox/compiled-binaries/arm-kobo-linux-gnueabihf/bin/../libexec/gcc/arm-kobo-linux-gnueabihf/11.2.0/liblto_plugin.so --plugin /mnt/HDD/Project/inkbox-build/inkbox/compiled-binaries/arm-kobo-linux-gnueabihf/bin/../libexec/gcc/arm-kobo-linux-gnueabihf/11.2.0/liblto_plugin.so'
SED='/sbin/sed'
SET_MAKE=''
SHELL='/bin/sh'
STRINGIFY='astring.sed'
STRIP='strip'
TARGET_SYSTEM_ROOT=''
TARGET_SYSTEM_ROOT_DEFINE='-DTARGET_SYSTEM_ROOT=\"\"'
TDIRS='
TESTBFDLIB='../bfd/.libs/libbfd.a'
TESTCTFLIB='../libctf/.libs/libctf.a'
TESTSFRAMELIB='../libsframe/.libs/libsframe.a'
USE_NLS='yes'
VERSION='2.39.50'
WARN_CFLAGS='-W -Wall -Wstrict-prototypes -Wmissing-prototypes -Wshadow -Wstack-usage=262144'
WARN_CFLAGS_FOR_BUILD='-W -Wall -Wstrict-prototypes -Wmissing-prototypes -Wshadow -Wstack-usage=262144'
WARN_WRITE_STRINGS='-Wwrite-strings'
XGETTEXT='/sbin/xgettext'
YACC='bison -y'
YFLAGS=''
ZSTD_CFLAGS=''
ZSTD_LIBS='-lzstd '
ac_ct_CC=''
ac_ct_CXX=''
ac_ct_DUMPBIN='link -dump'
am__EXEEXT_FALSE=''
am__EXEEXT_TRUE='#'
am__fastdepCC_FALSE='#'
am__fastdepCC_TRUE=''
am__fastdepCXX_FALSE='#'
am__fastdepCXX_TRUE=''
am__include='include'
am__isrc=''
am__leading_dot='.'
am__nodep='_no'
am__quote=''
am__tar='$${TAR-tar} chof - "$$tardir"'
am__untar='$${TAR-tar} xf -'
bindir='${exec_prefix}/bin'
build='x86_64-pc-linux-gnu'
build_alias='x86_64-pc-linux-gnu'
build_cpu='x86_64'
build_os='linux-gnu'
build_vendor='pc'
datadir='${datarootdir}'
datarootdir='${prefix}/share'
do_compare='cmp --ignore-initial=16 $$f1 $$f2'
docdir='${datarootdir}/doc/${PACKAGE_TARNAME}'
dvidir='${docdir}'
elf_list_options='true'
elf_plt_unwind_list_options='false'
elf_shlib_list_options='true'
enable_initfini_array='yes'
enable_libctf='yes'
exec_prefix='${prefix}'
host='arm-unknown-linux-gnueabihf'
host_alias='arm-linux-gnueabihf'
host_cpu='arm'
host_os='linux-gnueabihf'
host_vendor='unknown'
htmldir='${docdir}'
includedir='${prefix}/include'
infodir='${datarootdir}/info'
install_as_default='yes'
install_sh='${SHELL} /mnt/HDD/Project/Public/okulartry/binutils-gdb/install-sh'
installed_linker='ld.bfd'
libdir='${exec_prefix}/lib'
libexecdir='${exec_prefix}/libexec'
localedir='${datarootdir}/locale'
localstatedir='${prefix}/var'
mandir='${datarootdir}/man'
mkdir_p='$(MKDIR_P)'
oldincludedir='/usr/include'
pdfdir='${docdir}'
prefix='/home/build/inkbox/compiled-binaries/arm-kobo-linux-gnueabihf/arm-kobo-linux-gnueabihf/sysroot'
program_transform_name='s,y,y,'
psdir='${docdir}'
sbindir='${exec_prefix}/sbin'
sharedstatedir='${prefix}/com'
sysconfdir='${prefix}/etc'
target='arm-unknown-linux-gnueabihf'
target_alias='arm-linux-gnueabihf'
target_cpu='arm'
target_os='linux-gnueabihf'
target_vendor='unknown'
tdir_armelf_linux_eabi=arm-linux-gnueabihf
tdir_armelfb_linux_eabi=arm-linux-gnueabihf'
use_sysroot='no'
zlibdir='-L$(top_builddir)/../zlib'
zlibinc='-I$(top_srcdir)/../zlib'

## ----------- ##
## confdefs.h. ##
## ----------- ##

/* confdefs.h */
#define PACKAGE_NAME "ld"
#define PACKAGE_TARNAME "ld"
#define PACKAGE_VERSION "2.39.50"
#define PACKAGE_STRING "ld 2.39.50"
#define PACKAGE_BUGREPORT ""
#define PACKAGE_URL ""
#define PACKAGE "ld"
#define VERSION "2.39.50"
#define STDC_HEADERS 1
#define HAVE_SYS_TYPES_H 1
#define HAVE_SYS_STAT_H 1
#define HAVE_STDLIB_H 1
#define HAVE_STRING_H 1
#define HAVE_MEMORY_H 1
#define HAVE_STRINGS_H 1
#define HAVE_INTTYPES_H 1
#define HAVE_STDINT_H 1
#define HAVE_UNISTD_H 1
#define __EXTENSIONS__ 1
#define _ALL_SOURCE 1
#define _GNU_SOURCE 1
#define _POSIX_PTHREAD_SEMANTICS 1
#define _TANDEM_SOURCE 1
#define HAVE_DLFCN_H 1
#define LT_OBJDIR ".libs/"
#define HAVE_DLFCN_H 1
#define _FILE_OFFSET_BITS 64
#define SIZEOF_VOID_P 4
#define GOT_HANDLING_DEFAULT GOT_HANDLING_TARGET_DEFAULT
#define HAVE_INITFINI_ARRAY 1
#define ENABLE_LIBCTF 1
#define HAVE_LC_MESSAGES 1
#define ENABLE_NLS 1
#define HAVE_FCNTL_H 1
#define HAVE_LIMITS_H 1
#define HAVE_INTTYPES_H 1
#define HAVE_STDINT_H 1
#define HAVE_SYS_FILE_H 1
#define HAVE_SYS_MMAN_H 1
#define HAVE_SYS_PARAM_H 1
#define HAVE_SYS_STAT_H 1
#define HAVE_SYS_TIME_H 1
#define HAVE_SYS_TYPES_H 1
#define HAVE_UNISTD_H 1
#define HAVE_CLOSE 1
#define HAVE_GLOB 1
#define HAVE_LSEEK 1
#define HAVE_MKSTEMP 1
#define HAVE_OPEN 1
#define HAVE_REALPATH 1
#define HAVE_WAITPID 1
#define HAVE_DECL_ASPRINTF 1
#define HAVE_DECL_ENVIRON 1
#define HAVE_STDLIB_H 1
#define HAVE_UNISTD_H 1
#define HAVE_SYS_PARAM_H 1
#define HAVE_GETPAGESIZE 1
#define HAVE_DECL_GETOPT 1
#define HAVE_ZSTD 1
#define DEFAULT_COMPRESSED_DEBUG_ALGORITHM COMPRESS_DEBUG_GABI_ZLIB
#define DEFAULT_NEW_DTAGS 0
#define DEFAULT_LD_Z_RELRO 1
#define DEFAULT_LD_TEXTREL_CHECK textrel_check_none
#define DEFAULT_LD_TEXTREL_CHECK_WARNING 0
#define DEFAULT_LD_Z_SEPARATE_CODE 0
#define DEFAULT_LD_WARN_EXECSTACK 2
#define DEFAULT_LD_WARN_RWX_SEGMENTS 1
#define DEFAULT_LD_EXECSTACK 1
#define SUPPORT_ERROR_HANDLING_SCRIPT 1
#define DEFAULT_EMIT_SYSV_HASH 1
#define DEFAULT_EMIT_GNU_HASH 1

configure: exit 0
