This file contains any messages produced by compilers while
running configure, to aid debugging if configure makes a mistake.

It was created by libxslt configure 1.1.31, which was
generated by GNU Autoconf 2.71.  Invocation command line was

  $ ./configure --prefix=/home/build/inkbox/compiled-binaries/arm-kobo-linux-gnueabihf/arm-kobo-linux-gnueabihf/sysroot --host=arm-linux-gnueabihf

## --------- ##
## Platform. ##
## --------- ##

hostname = hyperbookszyb
uname -m = x86_64
uname -r = 6.1.28-1-lts
uname -s = Linux
uname -v = #1 SMP PREEMPT_DYNAMIC Thu, 11 May 2023 15:52:41 +0000

/usr/bin/uname -p = unknown
/bin/uname -X     = unknown

/bin/arch              = unknown
/usr/bin/arch -k       = unknown
/usr/convex/getsysinfo = unknown
/usr/bin/hostinfo      = unknown
/bin/machine           = unknown
/usr/bin/oslevel       = unknown
/bin/universe          = unknown

PATH: /home/szybet/kde/src/kdesrc-build/
PATH: /home/szybet/.cargo/bin/
PATH: /sbin/
PATH: /bin/
PATH: /usr/local/sbin/
PATH: /usr/local/bin/
PATH: /usr/bin/
PATH: /usr/sbin/
PATH: /home/szybet/.dotnet/tools/
PATH: /usr/lib/jvm/default/bin/
PATH: /usr/bin/site_perl/
PATH: /usr/bin/vendor_perl/
PATH: /usr/bin/core_perl/
PATH: /usr/lib/rustup/bin/
PATH: /home/build/inkbox/compiled-binaries/arm-kobo-linux-gnueabihf/bin/
PATH: /home/build/inkbox/compiled-binaries/qt-bin/qt-linux-5.15.2-kobo/bin/


## ----------- ##
## Core tests. ##
## ----------- ##

configure:2505: looking for aux files: ltmain.sh missing install-sh compile config.guess config.sub
configure:2518:  trying ./
configure:2547:   ./ltmain.sh found
configure:2547:   ./missing found
configure:2529:   ./install-sh found
configure:2547:   ./compile found
configure:2547:   ./config.guess found
configure:2547:   ./config.sub found
configure:2668: checking build system type
configure:2683: result: x86_64-pc-linux-gnu
configure:2703: checking host system type
configure:2717: result: arm-unknown-linux-gnueabihf
configure:2758: checking for arm-linux-gnueabihf-gcc
configure:2790: result: arm-kobo-linux-gnueabihf-gcc
configure:3188: checking for C compiler version
configure:3197: arm-kobo-linux-gnueabihf-gcc --version >&5
arm-kobo-linux-gnueabihf-gcc (crosstool-NG 1.24.0.519_3e2d99d - NiLuJe) 11.2.0
Copyright (C) 2021 Free Software Foundation, Inc.
This is free software; see the source for copying conditions.  There is NO
warranty; not even for MERCHANTABILITY or FITNESS FOR A PARTICULAR PURPOSE.

configure:3208: $? = 0
configure:3197: arm-kobo-linux-gnueabihf-gcc -v >&5
Using built-in specs.
COLLECT_GCC=arm-kobo-linux-gnueabihf-gcc
COLLECT_LTO_WRAPPER=/mnt/HDD/Project/inkbox-build/inkbox/compiled-binaries/arm-kobo-linux-gnueabihf/bin/../libexec/gcc/arm-kobo-linux-gnueabihf/11.2.0/lto-wrapper
Target: arm-kobo-linux-gnueabihf
Configured with: /home/nicolas/Development/kox/koxtoolchain/build/kobo/.build/arm-kobo-linux-gnueabihf/src/gcc/configure --build=x86_64-build_pc-linux-gnu --host=x86_64-build_pc-linux-gnu --target=arm-kobo-linux-gnueabihf --prefix=/home/nicolas/x-tools/arm-kobo-linux-gnueabihf --exec_prefix=/home/nicolas/x-tools/arm-kobo-linux-gnueabihf --with-sysroot=/home/nicolas/x-tools/arm-kobo-linux-gnueabihf/arm-kobo-linux-gnueabihf/sysroot --enable-languages=c,c++ --with-cpu=cortex-a8 --with-fpu=neon --with-float=hard --with-pkgversion='crosstool-NG 1.24.0.519_3e2d99d - NiLuJe' --enable-__cxa_atexit --disable-libmudflap --disable-libgomp --disable-libssp --disable-libquadmath --disable-libquadmath-support --disable-libsanitizer --disable-libmpx --with-gmp=/home/nicolas/Development/kox/koxtoolchain/build/kobo/.build/arm-kobo-linux-gnueabihf/buildtools --with-mpfr=/home/nicolas/Development/kox/koxtoolchain/build/kobo/.build/arm-kobo-linux-gnueabihf/buildtools --with-mpc=/home/nicolas/Development/kox/koxtoolchain/build/kobo/.build/arm-kobo-linux-gnueabihf/buildtools --with-isl=no --with-cloog=no --enable-lto --enable-threads=posix --with-linker-hash-style=gnu --enable-plugin --enable-gold --disable-nls --disable-multilib --with-diagnostics-color=always --with-local-prefix=/home/nicolas/x-tools/arm-kobo-linux-gnueabihf/arm-kobo-linux-gnueabihf/sysroot --enable-long-long --with-mode=thumb
Thread model: posix
Supported LTO compression algorithms: zlib zstd
gcc version 11.2.0 (crosstool-NG 1.24.0.519_3e2d99d - NiLuJe) 
configure:3208: $? = 0
configure:3197: arm-kobo-linux-gnueabihf-gcc -V >&5
[01m[Karm-kobo-linux-gnueabihf-gcc:[m[K [01;31m[Kerror: [m[Kunrecognized command-line option '[01m[K-V[m[K'
[01m[Karm-kobo-linux-gnueabihf-gcc:[m[K [01;31m[Kfatal error: [m[Kno input files
compilation terminated.
configure:3208: $? = 1
configure:3197: arm-kobo-linux-gnueabihf-gcc -qversion >&5
[01m[Karm-kobo-linux-gnueabihf-gcc:[m[K [01;31m[Kerror: [m[Kunrecognized command-line option '[01m[K-qversion[m[K'; did you mean '[01m[K--version[m[K'?
[01m[Karm-kobo-linux-gnueabihf-gcc:[m[K [01;31m[Kfatal error: [m[Kno input files
compilation terminated.
configure:3208: $? = 1
configure:3197: arm-kobo-linux-gnueabihf-gcc -version >&5
[01m[Karm-kobo-linux-gnueabihf-gcc:[m[K [01;31m[Kerror: [m[Kunrecognized command-line option '[01m[K-version[m[K'
[01m[Karm-kobo-linux-gnueabihf-gcc:[m[K [01;31m[Kfatal error: [m[Kno input files
compilation terminated.
configure:3208: $? = 1
configure:3228: checking whether the C compiler works
configure:3250: arm-kobo-linux-gnueabihf-gcc    conftest.c  >&5
configure:3254: $? = 0
configure:3304: result: yes
configure:3307: checking for C compiler default output file name
configure:3309: result: a.out
configure:3315: checking for suffix of executables
configure:3322: arm-kobo-linux-gnueabihf-gcc -o conftest    conftest.c  >&5
configure:3326: $? = 0
configure:3349: result: 
configure:3371: checking whether we are cross compiling
configure:3379: arm-kobo-linux-gnueabihf-gcc -o conftest    conftest.c  >&5
configure:3383: $? = 0
configure:3390: ./conftest
./configure: line 3392: ./conftest: cannot execute binary file: Exec format error
configure:3394: $? = 126
configure:3409: result: yes
configure:3414: checking for suffix of object files
configure:3437: arm-kobo-linux-gnueabihf-gcc -c   conftest.c >&5
configure:3441: $? = 0
configure:3463: result: o
configure:3467: checking whether the compiler supports GNU C
configure:3487: arm-kobo-linux-gnueabihf-gcc -c   conftest.c >&5
configure:3487: $? = 0
configure:3497: result: yes
configure:3508: checking whether arm-kobo-linux-gnueabihf-gcc accepts -g
configure:3529: arm-kobo-linux-gnueabihf-gcc -c -g  conftest.c >&5
configure:3529: $? = 0
configure:3573: result: yes
configure:3593: checking for arm-kobo-linux-gnueabihf-gcc option to enable C11 features
configure:3608: arm-kobo-linux-gnueabihf-gcc  -c -g -O2  conftest.c >&5
configure:3608: $? = 0
configure:3626: result: none needed
configure:3742: checking whether arm-kobo-linux-gnueabihf-gcc understands -c and -o together
configure:3765: arm-kobo-linux-gnueabihf-gcc -c conftest.c -o conftest2.o
configure:3768: $? = 0
configure:3765: arm-kobo-linux-gnueabihf-gcc -c conftest.c -o conftest2.o
configure:3768: $? = 0
configure:3780: result: yes
configure:3802: checking for stdio.h
configure:3802: arm-kobo-linux-gnueabihf-gcc -c -g -O2  conftest.c >&5
configure:3802: $? = 0
configure:3802: result: yes
configure:3802: checking for stdlib.h
configure:3802: arm-kobo-linux-gnueabihf-gcc -c -g -O2  conftest.c >&5
configure:3802: $? = 0
configure:3802: result: yes
configure:3802: checking for string.h
configure:3802: arm-kobo-linux-gnueabihf-gcc -c -g -O2  conftest.c >&5
configure:3802: $? = 0
configure:3802: result: yes
configure:3802: checking for inttypes.h
configure:3802: arm-kobo-linux-gnueabihf-gcc -c -g -O2  conftest.c >&5
configure:3802: $? = 0
configure:3802: result: yes
configure:3802: checking for stdint.h
configure:3802: arm-kobo-linux-gnueabihf-gcc -c -g -O2  conftest.c >&5
configure:3802: $? = 0
configure:3802: result: yes
configure:3802: checking for strings.h
configure:3802: arm-kobo-linux-gnueabihf-gcc -c -g -O2  conftest.c >&5
configure:3802: $? = 0
configure:3802: result: yes
configure:3802: checking for sys/stat.h
configure:3802: arm-kobo-linux-gnueabihf-gcc -c -g -O2  conftest.c >&5
configure:3802: $? = 0
configure:3802: result: yes
configure:3802: checking for sys/types.h
configure:3802: arm-kobo-linux-gnueabihf-gcc -c -g -O2  conftest.c >&5
configure:3802: $? = 0
configure:3802: result: yes
configure:3802: checking for unistd.h
configure:3802: arm-kobo-linux-gnueabihf-gcc -c -g -O2  conftest.c >&5
configure:3802: $? = 0
configure:3802: result: yes
configure:3802: checking for wchar.h
configure:3802: arm-kobo-linux-gnueabihf-gcc -c -g -O2  conftest.c >&5
configure:3802: $? = 0
configure:3802: result: yes
configure:3802: checking for minix/config.h
configure:3802: arm-kobo-linux-gnueabihf-gcc -c -g -O2  conftest.c >&5
[01m[Kconftest.c:47:10:[m[K [01;31m[Kfatal error: [m[Kminix/config.h: No such file or directory
   47 | #include [01;31m[K<minix/config.h>[m[K
      |          [01;31m[K^~~~~~~~~~~~~~~~[m[K
compilation terminated.
configure:3802: $? = 1
configure: failed program was:
| /* confdefs.h */
| #define PACKAGE_NAME "libxslt"
| #define PACKAGE_TARNAME "libxslt"
| #define PACKAGE_VERSION "1.1.31"
| #define PACKAGE_STRING "libxslt 1.1.31"
| #define PACKAGE_BUGREPORT ""
| #define PACKAGE_URL ""
| #define HAVE_STDIO_H 1
| #define HAVE_STDLIB_H 1
| #define HAVE_STRING_H 1
| #define HAVE_INTTYPES_H 1
| #define HAVE_STDINT_H 1
| #define HAVE_STRINGS_H 1
| #define HAVE_SYS_STAT_H 1
| #define HAVE_SYS_TYPES_H 1
| #define HAVE_UNISTD_H 1
| #define HAVE_WCHAR_H 1
| /* end confdefs.h.  */
| #include <stddef.h>
| #ifdef HAVE_STDIO_H
| # include <stdio.h>
| #endif
| #ifdef HAVE_STDLIB_H
| # include <stdlib.h>
| #endif
| #ifdef HAVE_STRING_H
| # include <string.h>
| #endif
| #ifdef HAVE_INTTYPES_H
| # include <inttypes.h>
| #endif
| #ifdef HAVE_STDINT_H
| # include <stdint.h>
| #endif
| #ifdef HAVE_STRINGS_H
| # include <strings.h>
| #endif
| #ifdef HAVE_SYS_TYPES_H
| # include <sys/types.h>
| #endif
| #ifdef HAVE_SYS_STAT_H
| # include <sys/stat.h>
| #endif
| #ifdef HAVE_UNISTD_H
| # include <unistd.h>
| #endif
| #include <minix/config.h>
configure:3802: result: no
configure:3833: checking whether it is safe to define __EXTENSIONS__
configure:3852: arm-kobo-linux-gnueabihf-gcc -c -g -O2  conftest.c >&5
configure:3852: $? = 0
configure:3860: result: yes
configure:3863: checking whether _XOPEN_SOURCE should be defined
configure:3885: arm-kobo-linux-gnueabihf-gcc -c -g -O2  conftest.c >&5
configure:3885: $? = 0
configure:3912: result: no
configure:4053: checking for a BSD-compatible install
configure:4126: result: /bin/install -c
configure:4137: checking whether build environment is sane
configure:4192: result: yes
configure:4244: checking for arm-linux-gnueabihf-strip
configure:4279: result: no
configure:4289: checking for strip
configure:4310: found /sbin/strip
configure:4321: result: strip
configure:4333: WARNING: using cross tools not prefixed with host triplet
configure:4347: checking for a race-free mkdir -p
configure:4391: result: /sbin/mkdir -p
configure:4398: checking for gawk
configure:4419: found /sbin/gawk
configure:4430: result: gawk
configure:4441: checking whether make sets $(MAKE)
configure:4464: result: yes
configure:4486: checking whether make supports the include directive
configure:4501: make -f confmf.GNU && cat confinc.out
this is the am__doit target
configure:4504: $? = 0
configure:4523: result: yes (GNU style)
configure:4558: checking whether make supports nested variables
configure:4576: result: yes
configure:4657: checking dependency style of arm-kobo-linux-gnueabihf-gcc
configure:4769: result: gcc3
configure:4859: checking whether make supports nested variables
configure:4877: result: yes
configure:4921: checking for arm-linux-gnueabihf-gcc
configure:4953: result: arm-kobo-linux-gnueabihf-gcc
configure:5351: checking for C compiler version
configure:5360: arm-kobo-linux-gnueabihf-gcc --version >&5
arm-kobo-linux-gnueabihf-gcc (crosstool-NG 1.24.0.519_3e2d99d - NiLuJe) 11.2.0
Copyright (C) 2021 Free Software Foundation, Inc.
This is free software; see the source for copying conditions.  There is NO
warranty; not even for MERCHANTABILITY or FITNESS FOR A PARTICULAR PURPOSE.

configure:5371: $? = 0
configure:5360: arm-kobo-linux-gnueabihf-gcc -v >&5
Using built-in specs.
COLLECT_GCC=arm-kobo-linux-gnueabihf-gcc
COLLECT_LTO_WRAPPER=/mnt/HDD/Project/inkbox-build/inkbox/compiled-binaries/arm-kobo-linux-gnueabihf/bin/../libexec/gcc/arm-kobo-linux-gnueabihf/11.2.0/lto-wrapper
Target: arm-kobo-linux-gnueabihf
Configured with: /home/nicolas/Development/kox/koxtoolchain/build/kobo/.build/arm-kobo-linux-gnueabihf/src/gcc/configure --build=x86_64-build_pc-linux-gnu --host=x86_64-build_pc-linux-gnu --target=arm-kobo-linux-gnueabihf --prefix=/home/nicolas/x-tools/arm-kobo-linux-gnueabihf --exec_prefix=/home/nicolas/x-tools/arm-kobo-linux-gnueabihf --with-sysroot=/home/nicolas/x-tools/arm-kobo-linux-gnueabihf/arm-kobo-linux-gnueabihf/sysroot --enable-languages=c,c++ --with-cpu=cortex-a8 --with-fpu=neon --with-float=hard --with-pkgversion='crosstool-NG 1.24.0.519_3e2d99d - NiLuJe' --enable-__cxa_atexit --disable-libmudflap --disable-libgomp --disable-libssp --disable-libquadmath --disable-libquadmath-support --disable-libsanitizer --disable-libmpx --with-gmp=/home/nicolas/Development/kox/koxtoolchain/build/kobo/.build/arm-kobo-linux-gnueabihf/buildtools --with-mpfr=/home/nicolas/Development/kox/koxtoolchain/build/kobo/.build/arm-kobo-linux-gnueabihf/buildtools --with-mpc=/home/nicolas/Development/kox/koxtoolchain/build/kobo/.build/arm-kobo-linux-gnueabihf/buildtools --with-isl=no --with-cloog=no --enable-lto --enable-threads=posix --with-linker-hash-style=gnu --enable-plugin --enable-gold --disable-nls --disable-multilib --with-diagnostics-color=always --with-local-prefix=/home/nicolas/x-tools/arm-kobo-linux-gnueabihf/arm-kobo-linux-gnueabihf/sysroot --enable-long-long --with-mode=thumb
Thread model: posix
Supported LTO compression algorithms: zlib zstd
gcc version 11.2.0 (crosstool-NG 1.24.0.519_3e2d99d - NiLuJe) 
configure:5371: $? = 0
configure:5360: arm-kobo-linux-gnueabihf-gcc -V >&5
[01m[Karm-kobo-linux-gnueabihf-gcc:[m[K [01;31m[Kerror: [m[Kunrecognized command-line option '[01m[K-V[m[K'
[01m[Karm-kobo-linux-gnueabihf-gcc:[m[K [01;31m[Kfatal error: [m[Kno input files
compilation terminated.
configure:5371: $? = 1
configure:5360: arm-kobo-linux-gnueabihf-gcc -qversion >&5
[01m[Karm-kobo-linux-gnueabihf-gcc:[m[K [01;31m[Kerror: [m[Kunrecognized command-line option '[01m[K-qversion[m[K'; did you mean '[01m[K--version[m[K'?
[01m[Karm-kobo-linux-gnueabihf-gcc:[m[K [01;31m[Kfatal error: [m[Kno input files
compilation terminated.
configure:5371: $? = 1
configure:5360: arm-kobo-linux-gnueabihf-gcc -version >&5
[01m[Karm-kobo-linux-gnueabihf-gcc:[m[K [01;31m[Kerror: [m[Kunrecognized command-line option '[01m[K-version[m[K'
[01m[Karm-kobo-linux-gnueabihf-gcc:[m[K [01;31m[Kfatal error: [m[Kno input files
compilation terminated.
configure:5371: $? = 1
configure:5375: checking whether the compiler supports GNU C
configure:5405: result: yes
configure:5416: checking whether arm-kobo-linux-gnueabihf-gcc accepts -g
configure:5481: result: yes
configure:5501: checking for arm-kobo-linux-gnueabihf-gcc option to enable C11 features
configure:5534: result: none needed
configure:5650: checking whether arm-kobo-linux-gnueabihf-gcc understands -c and -o together
configure:5688: result: yes
configure:5711: checking how to run the C preprocessor
configure:5737: arm-kobo-linux-gnueabihf-gcc -E  conftest.c
configure:5737: $? = 0
configure:5752: arm-kobo-linux-gnueabihf-gcc -E  conftest.c
[01m[Kconftest.c:38:10:[m[K [01;31m[Kfatal error: [m[Kac_nonexistent.h: No such file or directory
   38 | #include [01;31m[K<ac_nonexistent.h>[m[K
      |          [01;31m[K^~~~~~~~~~~~~~~~~~[m[K
compilation terminated.
configure:5752: $? = 1
configure: failed program was:
| /* confdefs.h */
| #define PACKAGE_NAME "libxslt"
| #define PACKAGE_TARNAME "libxslt"
| #define PACKAGE_VERSION "1.1.31"
| #define PACKAGE_STRING "libxslt 1.1.31"
| #define PACKAGE_BUGREPORT ""
| #define PACKAGE_URL ""
| #define HAVE_STDIO_H 1
| #define HAVE_STDLIB_H 1
| #define HAVE_STRING_H 1
| #define HAVE_INTTYPES_H 1
| #define HAVE_STDINT_H 1
| #define HAVE_STRINGS_H 1
| #define HAVE_SYS_STAT_H 1
| #define HAVE_SYS_TYPES_H 1
| #define HAVE_UNISTD_H 1
| #define HAVE_WCHAR_H 1
| #define STDC_HEADERS 1
| #define _ALL_SOURCE 1
| #define _DARWIN_C_SOURCE 1
| #define _GNU_SOURCE 1
| #define _HPUX_ALT_XOPEN_SOCKET_API 1
| #define _NETBSD_SOURCE 1
| #define _OPENBSD_SOURCE 1
| #define _POSIX_PTHREAD_SEMANTICS 1
| #define __STDC_WANT_IEC_60559_ATTRIBS_EXT__ 1
| #define __STDC_WANT_IEC_60559_BFP_EXT__ 1
| #define __STDC_WANT_IEC_60559_DFP_EXT__ 1
| #define __STDC_WANT_IEC_60559_FUNCS_EXT__ 1
| #define __STDC_WANT_IEC_60559_TYPES_EXT__ 1
| #define __STDC_WANT_LIB_EXT2__ 1
| #define __STDC_WANT_MATH_SPEC_FUNCS__ 1
| #define _TANDEM_SOURCE 1
| #define __EXTENSIONS__ 1
| #define PACKAGE "libxslt"
| #define VERSION "1.1.31"
| /* end confdefs.h.  */
| #include <ac_nonexistent.h>
configure:5779: result: arm-kobo-linux-gnueabihf-gcc -E
configure:5793: arm-kobo-linux-gnueabihf-gcc -E  conftest.c
configure:5793: $? = 0
configure:5808: arm-kobo-linux-gnueabihf-gcc -E  conftest.c
[01m[Kconftest.c:38:10:[m[K [01;31m[Kfatal error: [m[Kac_nonexistent.h: No such file or directory
   38 | #include [01;31m[K<ac_nonexistent.h>[m[K
      |          [01;31m[K^~~~~~~~~~~~~~~~~~[m[K
compilation terminated.
configure:5808: $? = 1
configure: failed program was:
| /* confdefs.h */
| #define PACKAGE_NAME "libxslt"
| #define PACKAGE_TARNAME "libxslt"
| #define PACKAGE_VERSION "1.1.31"
| #define PACKAGE_STRING "libxslt 1.1.31"
| #define PACKAGE_BUGREPORT ""
| #define PACKAGE_URL ""
| #define HAVE_STDIO_H 1
| #define HAVE_STDLIB_H 1
| #define HAVE_STRING_H 1
| #define HAVE_INTTYPES_H 1
| #define HAVE_STDINT_H 1
| #define HAVE_STRINGS_H 1
| #define HAVE_SYS_STAT_H 1
| #define HAVE_SYS_TYPES_H 1
| #define HAVE_UNISTD_H 1
| #define HAVE_WCHAR_H 1
| #define STDC_HEADERS 1
| #define _ALL_SOURCE 1
| #define _DARWIN_C_SOURCE 1
| #define _GNU_SOURCE 1
| #define _HPUX_ALT_XOPEN_SOCKET_API 1
| #define _NETBSD_SOURCE 1
| #define _OPENBSD_SOURCE 1
| #define _POSIX_PTHREAD_SEMANTICS 1
| #define __STDC_WANT_IEC_60559_ATTRIBS_EXT__ 1
| #define __STDC_WANT_IEC_60559_BFP_EXT__ 1
| #define __STDC_WANT_IEC_60559_DFP_EXT__ 1
| #define __STDC_WANT_IEC_60559_FUNCS_EXT__ 1
| #define __STDC_WANT_IEC_60559_TYPES_EXT__ 1
| #define __STDC_WANT_LIB_EXT2__ 1
| #define __STDC_WANT_MATH_SPEC_FUNCS__ 1
| #define _TANDEM_SOURCE 1
| #define __EXTENSIONS__ 1
| #define PACKAGE "libxslt"
| #define VERSION "1.1.31"
| /* end confdefs.h.  */
| #include <ac_nonexistent.h>
configure:5840: checking for xmllint
configure:5863: found /sbin/xmllint
configure:5876: result: /sbin/xmllint
configure:5886: checking for xsltproc
configure:5909: found /sbin/xsltproc
configure:5922: result: /sbin/xsltproc
configure:5941: checking for arm-linux-gnueabihf-pkg-config
configure:5979: result: no
configure:5989: checking for pkg-config
configure:6012: found /sbin/pkg-config
configure:6024: result: /sbin/pkg-config
configure:6049: checking pkg-config is at least version 0.9.0
configure:6052: result: yes
configure:6061: checking for grep that handles long lines and -e
configure:6125: result: /sbin/grep
configure:6133: checking for egrep
configure:6201: result: /sbin/grep -E
configure:6255: checking how to print strings
configure:6282: result: printf
configure:6303: checking for a sed that does not truncate output
configure:6373: result: /sbin/sed
configure:6391: checking for fgrep
configure:6459: result: /sbin/grep -F
configure:6495: checking for ld used by arm-kobo-linux-gnueabihf-gcc
configure:6563: result: /mnt/HDD/Project/inkbox-build/inkbox/compiled-binaries/arm-kobo-linux-gnueabihf/arm-kobo-linux-gnueabihf/bin/ld
configure:6570: checking if the linker (/mnt/HDD/Project/inkbox-build/inkbox/compiled-binaries/arm-kobo-linux-gnueabihf/arm-kobo-linux-gnueabihf/bin/ld) is GNU ld
configure:6586: result: yes
configure:6598: checking for BSD- or MS-compatible name lister (nm)
configure:6653: result: no
configure:6667: checking for arm-linux-gnueabihf-dumpbin
configure:6702: result: no
configure:6667: checking for arm-linux-gnueabihf-link
configure:6702: result: no
configure:6716: checking for dumpbin
configure:6751: result: no
configure:6716: checking for link
configure:6737: found /sbin/link
configure:6748: result: link -dump
configure:6793: checking the name lister (nm) interface
configure:6801: arm-kobo-linux-gnueabihf-gcc -c -g -O2  conftest.c >&5
configure:6804: nm "conftest.o"
configure:6807: output
00000000 b $d
00000000 B some_variable
configure:6814: result: BSD nm
configure:6817: checking whether ln -s works
configure:6821: result: yes
configure:6829: checking the maximum length of command line arguments
configure:6961: result: 1572864
configure:7009: checking how to convert x86_64-pc-linux-gnu file names to arm-unknown-linux-gnueabihf format
configure:7050: result: func_convert_file_noop
configure:7057: checking how to convert x86_64-pc-linux-gnu file names to toolchain format
configure:7078: result: func_convert_file_noop
configure:7085: checking for /mnt/HDD/Project/inkbox-build/inkbox/compiled-binaries/arm-kobo-linux-gnueabihf/arm-kobo-linux-gnueabihf/bin/ld option to reload object files
configure:7093: result: -r
configure:7127: checking for arm-linux-gnueabihf-file
configure:7162: result: no
configure:7172: checking for file
configure:7193: found /sbin/file
configure:7204: result: file
configure:7235: checking for arm-linux-gnueabihf-objdump
configure:7270: result: no
configure:7280: checking for objdump
configure:7301: found /sbin/objdump
configure:7312: result: objdump
configure:7341: checking how to recognize dependent libraries
configure:7542: result: pass_all
configure:7587: checking for arm-linux-gnueabihf-dlltool
configure:7622: result: no
configure:7632: checking for dlltool
configure:7667: result: no
configure:7694: checking how to associate runtime and link libraries
configure:7722: result: printf %s\n
configure:7738: checking for arm-linux-gnueabihf-ar
configure:7770: result: arm-kobo-linux-gnueabihf-ar
configure:7872: checking for archiver @FILE support
configure:7890: arm-kobo-linux-gnueabihf-gcc -c -g -O2  conftest.c >&5
configure:7890: $? = 0
configure:7894: arm-kobo-linux-gnueabihf-ar cr libconftest.a @conftest.lst >&5
configure:7897: $? = 0
configure:7902: arm-kobo-linux-gnueabihf-ar cr libconftest.a @conftest.lst >&5
arm-kobo-linux-gnueabihf-ar: conftest.o: No such file or directory
configure:7905: $? = 1
configure:7917: result: @
configure:7935: checking for arm-linux-gnueabihf-strip
configure:7967: result: strip
configure:8044: checking for arm-linux-gnueabihf-ranlib
configure:8076: result: arm-kobo-linux-gnueabihf-ranlib
configure:8223: checking command to parse nm output from arm-kobo-linux-gnueabihf-gcc object
configure:8377: arm-kobo-linux-gnueabihf-gcc -c -g -O2  conftest.c >&5
configure:8380: $? = 0
configure:8384: nm conftest.o \| /sbin/sed -n -e 's/^.*[ ]\([ABCDGIRSTW][ABCDGIRSTW]*\)[ ][ ]*\([_A-Za-z][_A-Za-z0-9]*\)$/\1 \2 \2/p' | /sbin/sed '/ __gnu_lto/d' \> conftest.nm
configure:8387: $? = 0
configure:8453: arm-kobo-linux-gnueabihf-gcc -o conftest -g -O2   conftest.c conftstm.o >&5
configure:8456: $? = 0
configure:8494: result: ok
configure:8541: checking for sysroot
configure:8572: result: no
configure:8579: checking for a working dd
configure:8623: result: /sbin/dd
configure:8627: checking how to truncate binary pipes
configure:8643: result: /sbin/dd bs=4096 count=1
configure:8935: checking for arm-linux-gnueabihf-mt
configure:8970: result: no
configure:8980: checking for mt
configure:9015: result: no
configure:9035: checking if : is a manifest tool
configure:9042: : '-?'
configure:9050: result: no
configure:9771: checking for dlfcn.h
configure:9771: arm-kobo-linux-gnueabihf-gcc -c -g -O2  conftest.c >&5
configure:9771: $? = 0
configure:9771: result: yes
configure:10358: checking for objdir
configure:10374: result: .libs
configure:10634: checking if arm-kobo-linux-gnueabihf-gcc supports -fno-rtti -fno-exceptions
configure:10653: arm-kobo-linux-gnueabihf-gcc -c -g -O2  -fno-rtti -fno-exceptions conftest.c >&5
[01m[Kcc1:[m[K [01;35m[Kwarning: [m[Kcommand-line option '[01m[K-fno-rtti[m[K' is valid for C++/D/ObjC++ but not for C
configure:10657: $? = 0
configure:10670: result: no
configure:11028: checking for arm-kobo-linux-gnueabihf-gcc option to produce PIC
configure:11036: result: -fPIC -DPIC
configure:11044: checking if arm-kobo-linux-gnueabihf-gcc PIC flag -fPIC -DPIC works
configure:11063: arm-kobo-linux-gnueabihf-gcc -c -g -O2  -fPIC -DPIC -DPIC conftest.c >&5
configure:11067: $? = 0
configure:11080: result: yes
configure:11109: checking if arm-kobo-linux-gnueabihf-gcc static flag -static works
configure:11138: result: yes
configure:11153: checking if arm-kobo-linux-gnueabihf-gcc supports -c -o file.o
configure:11175: arm-kobo-linux-gnueabihf-gcc -c -g -O2  -o out/conftest2.o conftest.c >&5
configure:11179: $? = 0
configure:11201: result: yes
configure:11209: checking if arm-kobo-linux-gnueabihf-gcc supports -c -o file.o
configure:11257: result: yes
configure:11290: checking whether the arm-kobo-linux-gnueabihf-gcc linker (/mnt/HDD/Project/inkbox-build/inkbox/compiled-binaries/arm-kobo-linux-gnueabihf/arm-kobo-linux-gnueabihf/bin/ld) supports shared libraries
configure:12558: result: yes
configure:12595: checking whether -lc should be explicitly linked in
configure:12604: arm-kobo-linux-gnueabihf-gcc -c -g -O2  conftest.c >&5
configure:12607: $? = 0
configure:12622: arm-kobo-linux-gnueabihf-gcc -shared  -fPIC -DPIC conftest.o  -v -Wl,-soname -Wl,conftest -o conftest 2\>\&1 \| /sbin/grep  -lc  \>/dev/null 2\>\&1
configure:12625: $? = 0
configure:12639: result: no
configure:12799: checking dynamic linker characteristics
configure:13381: arm-kobo-linux-gnueabihf-gcc -o conftest -g -O2   -Wl,-rpath -Wl,/foo conftest.c  >&5
configure:13381: $? = 0
configure:13620: result: GNU/Linux ld.so
configure:13742: checking how to hardcode library paths into programs
configure:13767: result: immediate
configure:14319: checking whether stripping libraries is possible
configure:14328: result: yes
configure:14370: checking if libtool supports shared libraries
configure:14372: result: yes
configure:14375: checking whether to build shared libraries
configure:14400: result: yes
configure:14403: checking whether to build static libraries
configure:14407: result: yes
configure:14446: checking for sys/types.h
configure:14446: result: yes
configure:14452: checking for sys/time.h
configure:14452: arm-kobo-linux-gnueabihf-gcc -c -g -O2  conftest.c >&5
configure:14452: $? = 0
configure:14452: result: yes
configure:14458: checking for stdlib.h
configure:14458: result: yes
configure:14464: checking for unistd.h
configure:14464: result: yes
configure:14470: checking for string.h
configure:14470: result: yes
configure:14478: checking how to pass version script to the linker (/mnt/HDD/Project/inkbox-build/inkbox/compiled-binaries/arm-kobo-linux-gnueabihf/arm-kobo-linux-gnueabihf/bin/ld)
configure:14486: result: -Wl,--version-script=
configure:14502: checking for pthread.h
configure:14502: arm-kobo-linux-gnueabihf-gcc -c -g -O2  conftest.c >&5
configure:14502: $? = 0
configure:14502: result: yes
configure:14505: checking for pthread_join in -lpthread
configure:14528: arm-kobo-linux-gnueabihf-gcc -o conftest -g -O2   conftest.c -lpthread   >&5
configure:14528: $? = 0
configure:14538: result: yes
configure:14563: checking for locale.h
configure:14563: arm-kobo-linux-gnueabihf-gcc -c -g -O2  conftest.c >&5
configure:14563: $? = 0
configure:14563: result: yes
configure:14569: checking for xlocale.h
configure:14569: arm-kobo-linux-gnueabihf-gcc -c -g -O2  conftest.c >&5
configure:14569: $? = 0
configure:14569: result: yes
configure:14577: checking if xlocale program link
configure:14635: arm-kobo-linux-gnueabihf-gcc -o conftest -g -O2   conftest.c  >&5
configure:14635: $? = 0
configure:14637: result: yes
configure:14659: checking for ieeefp.h
configure:14659: arm-kobo-linux-gnueabihf-gcc -c -g -O2  conftest.c >&5
[01m[Kconftest.c:77:10:[m[K [01;31m[Kfatal error: [m[Kieeefp.h: No such file or directory
   77 | #include [01;31m[K<ieeefp.h>[m[K
      |          [01;31m[K^~~~~~~~~~[m[K
compilation terminated.
configure:14659: $? = 1
configure: failed program was:
| /* confdefs.h */
| #define PACKAGE_NAME "libxslt"
| #define PACKAGE_TARNAME "libxslt"
| #define PACKAGE_VERSION "1.1.31"
| #define PACKAGE_STRING "libxslt 1.1.31"
| #define PACKAGE_BUGREPORT ""
| #define PACKAGE_URL ""
| #define HAVE_STDIO_H 1
| #define HAVE_STDLIB_H 1
| #define HAVE_STRING_H 1
| #define HAVE_INTTYPES_H 1
| #define HAVE_STDINT_H 1
| #define HAVE_STRINGS_H 1
| #define HAVE_SYS_STAT_H 1
| #define HAVE_SYS_TYPES_H 1
| #define HAVE_UNISTD_H 1
| #define HAVE_WCHAR_H 1
| #define STDC_HEADERS 1
| #define _ALL_SOURCE 1
| #define _DARWIN_C_SOURCE 1
| #define _GNU_SOURCE 1
| #define _HPUX_ALT_XOPEN_SOCKET_API 1
| #define _NETBSD_SOURCE 1
| #define _OPENBSD_SOURCE 1
| #define _POSIX_PTHREAD_SEMANTICS 1
| #define __STDC_WANT_IEC_60559_ATTRIBS_EXT__ 1
| #define __STDC_WANT_IEC_60559_BFP_EXT__ 1
| #define __STDC_WANT_IEC_60559_DFP_EXT__ 1
| #define __STDC_WANT_IEC_60559_FUNCS_EXT__ 1
| #define __STDC_WANT_IEC_60559_TYPES_EXT__ 1
| #define __STDC_WANT_LIB_EXT2__ 1
| #define __STDC_WANT_MATH_SPEC_FUNCS__ 1
| #define _TANDEM_SOURCE 1
| #define __EXTENSIONS__ 1
| #define PACKAGE "libxslt"
| #define VERSION "1.1.31"
| #define HAVE_DLFCN_H 1
| #define LT_OBJDIR ".libs/"
| #define HAVE_SYS_TYPES_H 1
| #define HAVE_SYS_TIME_H 1
| #define HAVE_STDLIB_H 1
| #define HAVE_UNISTD_H 1
| #define HAVE_STRING_H 1
| #define HAVE_LIBPTHREAD /**/
| #define HAVE_PTHREAD_H /**/
| #define HAVE_LOCALE_H 1
| #define HAVE_XLOCALE_H 1
| /* end confdefs.h.  */
| #include <stddef.h>
| #ifdef HAVE_STDIO_H
| # include <stdio.h>
| #endif
| #ifdef HAVE_STDLIB_H
| # include <stdlib.h>
| #endif
| #ifdef HAVE_STRING_H
| # include <string.h>
| #endif
| #ifdef HAVE_INTTYPES_H
| # include <inttypes.h>
| #endif
| #ifdef HAVE_STDINT_H
| # include <stdint.h>
| #endif
| #ifdef HAVE_STRINGS_H
| # include <strings.h>
| #endif
| #ifdef HAVE_SYS_TYPES_H
| # include <sys/types.h>
| #endif
| #ifdef HAVE_SYS_STAT_H
| # include <sys/stat.h>
| #endif
| #ifdef HAVE_UNISTD_H
| # include <unistd.h>
| #endif
| #include <ieeefp.h>
configure:14659: result: no
configure:14665: checking for nan.h
configure:14665: arm-kobo-linux-gnueabihf-gcc -c -g -O2  conftest.c >&5
[01m[Kconftest.c:77:10:[m[K [01;31m[Kfatal error: [m[Knan.h: No such file or directory
   77 | #include [01;31m[K<nan.h>[m[K
      |          [01;31m[K^~~~~~~[m[K
compilation terminated.
configure:14665: $? = 1
configure: failed program was:
| /* confdefs.h */
| #define PACKAGE_NAME "libxslt"
| #define PACKAGE_TARNAME "libxslt"
| #define PACKAGE_VERSION "1.1.31"
| #define PACKAGE_STRING "libxslt 1.1.31"
| #define PACKAGE_BUGREPORT ""
| #define PACKAGE_URL ""
| #define HAVE_STDIO_H 1
| #define HAVE_STDLIB_H 1
| #define HAVE_STRING_H 1
| #define HAVE_INTTYPES_H 1
| #define HAVE_STDINT_H 1
| #define HAVE_STRINGS_H 1
| #define HAVE_SYS_STAT_H 1
| #define HAVE_SYS_TYPES_H 1
| #define HAVE_UNISTD_H 1
| #define HAVE_WCHAR_H 1
| #define STDC_HEADERS 1
| #define _ALL_SOURCE 1
| #define _DARWIN_C_SOURCE 1
| #define _GNU_SOURCE 1
| #define _HPUX_ALT_XOPEN_SOCKET_API 1
| #define _NETBSD_SOURCE 1
| #define _OPENBSD_SOURCE 1
| #define _POSIX_PTHREAD_SEMANTICS 1
| #define __STDC_WANT_IEC_60559_ATTRIBS_EXT__ 1
| #define __STDC_WANT_IEC_60559_BFP_EXT__ 1
| #define __STDC_WANT_IEC_60559_DFP_EXT__ 1
| #define __STDC_WANT_IEC_60559_FUNCS_EXT__ 1
| #define __STDC_WANT_IEC_60559_TYPES_EXT__ 1
| #define __STDC_WANT_LIB_EXT2__ 1
| #define __STDC_WANT_MATH_SPEC_FUNCS__ 1
| #define _TANDEM_SOURCE 1
| #define __EXTENSIONS__ 1
| #define PACKAGE "libxslt"
| #define VERSION "1.1.31"
| #define HAVE_DLFCN_H 1
| #define LT_OBJDIR ".libs/"
| #define HAVE_SYS_TYPES_H 1
| #define HAVE_SYS_TIME_H 1
| #define HAVE_STDLIB_H 1
| #define HAVE_UNISTD_H 1
| #define HAVE_STRING_H 1
| #define HAVE_LIBPTHREAD /**/
| #define HAVE_PTHREAD_H /**/
| #define HAVE_LOCALE_H 1
| #define HAVE_XLOCALE_H 1
| /* end confdefs.h.  */
| #include <stddef.h>
| #ifdef HAVE_STDIO_H
| # include <stdio.h>
| #endif
| #ifdef HAVE_STDLIB_H
| # include <stdlib.h>
| #endif
| #ifdef HAVE_STRING_H
| # include <string.h>
| #endif
| #ifdef HAVE_INTTYPES_H
| # include <inttypes.h>
| #endif
| #ifdef HAVE_STDINT_H
| # include <stdint.h>
| #endif
| #ifdef HAVE_STRINGS_H
| # include <strings.h>
| #endif
| #ifdef HAVE_SYS_TYPES_H
| # include <sys/types.h>
| #endif
| #ifdef HAVE_SYS_STAT_H
| # include <sys/stat.h>
| #endif
| #ifdef HAVE_UNISTD_H
| # include <unistd.h>
| #endif
| #include <nan.h>
configure:14665: result: no
configure:14671: checking for math.h
configure:14671: arm-kobo-linux-gnueabihf-gcc -c -g -O2  conftest.c >&5
configure:14671: $? = 0
configure:14671: result: yes
configure:14677: checking for fp_class.h
configure:14677: arm-kobo-linux-gnueabihf-gcc -c -g -O2  conftest.c >&5
[01m[Kconftest.c:78:10:[m[K [01;31m[Kfatal error: [m[Kfp_class.h: No such file or directory
   78 | #include [01;31m[K<fp_class.h>[m[K
      |          [01;31m[K^~~~~~~~~~~~[m[K
compilation terminated.
configure:14677: $? = 1
configure: failed program was:
| /* confdefs.h */
| #define PACKAGE_NAME "libxslt"
| #define PACKAGE_TARNAME "libxslt"
| #define PACKAGE_VERSION "1.1.31"
| #define PACKAGE_STRING "libxslt 1.1.31"
| #define PACKAGE_BUGREPORT ""
| #define PACKAGE_URL ""
| #define HAVE_STDIO_H 1
| #define HAVE_STDLIB_H 1
| #define HAVE_STRING_H 1
| #define HAVE_INTTYPES_H 1
| #define HAVE_STDINT_H 1
| #define HAVE_STRINGS_H 1
| #define HAVE_SYS_STAT_H 1
| #define HAVE_SYS_TYPES_H 1
| #define HAVE_UNISTD_H 1
| #define HAVE_WCHAR_H 1
| #define STDC_HEADERS 1
| #define _ALL_SOURCE 1
| #define _DARWIN_C_SOURCE 1
| #define _GNU_SOURCE 1
| #define _HPUX_ALT_XOPEN_SOCKET_API 1
| #define _NETBSD_SOURCE 1
| #define _OPENBSD_SOURCE 1
| #define _POSIX_PTHREAD_SEMANTICS 1
| #define __STDC_WANT_IEC_60559_ATTRIBS_EXT__ 1
| #define __STDC_WANT_IEC_60559_BFP_EXT__ 1
| #define __STDC_WANT_IEC_60559_DFP_EXT__ 1
| #define __STDC_WANT_IEC_60559_FUNCS_EXT__ 1
| #define __STDC_WANT_IEC_60559_TYPES_EXT__ 1
| #define __STDC_WANT_LIB_EXT2__ 1
| #define __STDC_WANT_MATH_SPEC_FUNCS__ 1
| #define _TANDEM_SOURCE 1
| #define __EXTENSIONS__ 1
| #define PACKAGE "libxslt"
| #define VERSION "1.1.31"
| #define HAVE_DLFCN_H 1
| #define LT_OBJDIR ".libs/"
| #define HAVE_SYS_TYPES_H 1
| #define HAVE_SYS_TIME_H 1
| #define HAVE_STDLIB_H 1
| #define HAVE_UNISTD_H 1
| #define HAVE_STRING_H 1
| #define HAVE_LIBPTHREAD /**/
| #define HAVE_PTHREAD_H /**/
| #define HAVE_LOCALE_H 1
| #define HAVE_XLOCALE_H 1
| #define HAVE_MATH_H 1
| /* end confdefs.h.  */
| #include <stddef.h>
| #ifdef HAVE_STDIO_H
| # include <stdio.h>
| #endif
| #ifdef HAVE_STDLIB_H
| # include <stdlib.h>
| #endif
| #ifdef HAVE_STRING_H
| # include <string.h>
| #endif
| #ifdef HAVE_INTTYPES_H
| # include <inttypes.h>
| #endif
| #ifdef HAVE_STDINT_H
| # include <stdint.h>
| #endif
| #ifdef HAVE_STRINGS_H
| # include <strings.h>
| #endif
| #ifdef HAVE_SYS_TYPES_H
| # include <sys/types.h>
| #endif
| #ifdef HAVE_SYS_STAT_H
| # include <sys/stat.h>
| #endif
| #ifdef HAVE_UNISTD_H
| # include <unistd.h>
| #endif
| #include <fp_class.h>
configure:14677: result: no
configure:14683: checking for float.h
configure:14683: arm-kobo-linux-gnueabihf-gcc -c -g -O2  conftest.c >&5
configure:14683: $? = 0
configure:14683: result: yes
configure:14689: checking for ansidecl.h
configure:14689: arm-kobo-linux-gnueabihf-gcc -c -g -O2  conftest.c >&5
[01m[Kconftest.c:79:10:[m[K [01;31m[Kfatal error: [m[Kansidecl.h: No such file or directory
   79 | #include [01;31m[K<ansidecl.h>[m[K
      |          [01;31m[K^~~~~~~~~~~~[m[K
compilation terminated.
configure:14689: $? = 1
configure: failed program was:
| /* confdefs.h */
| #define PACKAGE_NAME "libxslt"
| #define PACKAGE_TARNAME "libxslt"
| #define PACKAGE_VERSION "1.1.31"
| #define PACKAGE_STRING "libxslt 1.1.31"
| #define PACKAGE_BUGREPORT ""
| #define PACKAGE_URL ""
| #define HAVE_STDIO_H 1
| #define HAVE_STDLIB_H 1
| #define HAVE_STRING_H 1
| #define HAVE_INTTYPES_H 1
| #define HAVE_STDINT_H 1
| #define HAVE_STRINGS_H 1
| #define HAVE_SYS_STAT_H 1
| #define HAVE_SYS_TYPES_H 1
| #define HAVE_UNISTD_H 1
| #define HAVE_WCHAR_H 1
| #define STDC_HEADERS 1
| #define _ALL_SOURCE 1
| #define _DARWIN_C_SOURCE 1
| #define _GNU_SOURCE 1
| #define _HPUX_ALT_XOPEN_SOCKET_API 1
| #define _NETBSD_SOURCE 1
| #define _OPENBSD_SOURCE 1
| #define _POSIX_PTHREAD_SEMANTICS 1
| #define __STDC_WANT_IEC_60559_ATTRIBS_EXT__ 1
| #define __STDC_WANT_IEC_60559_BFP_EXT__ 1
| #define __STDC_WANT_IEC_60559_DFP_EXT__ 1
| #define __STDC_WANT_IEC_60559_FUNCS_EXT__ 1
| #define __STDC_WANT_IEC_60559_TYPES_EXT__ 1
| #define __STDC_WANT_LIB_EXT2__ 1
| #define __STDC_WANT_MATH_SPEC_FUNCS__ 1
| #define _TANDEM_SOURCE 1
| #define __EXTENSIONS__ 1
| #define PACKAGE "libxslt"
| #define VERSION "1.1.31"
| #define HAVE_DLFCN_H 1
| #define LT_OBJDIR ".libs/"
| #define HAVE_SYS_TYPES_H 1
| #define HAVE_SYS_TIME_H 1
| #define HAVE_STDLIB_H 1
| #define HAVE_UNISTD_H 1
| #define HAVE_STRING_H 1
| #define HAVE_LIBPTHREAD /**/
| #define HAVE_PTHREAD_H /**/
| #define HAVE_LOCALE_H 1
| #define HAVE_XLOCALE_H 1
| #define HAVE_MATH_H 1
| #define HAVE_FLOAT_H 1
| /* end confdefs.h.  */
| #include <stddef.h>
| #ifdef HAVE_STDIO_H
| # include <stdio.h>
| #endif
| #ifdef HAVE_STDLIB_H
| # include <stdlib.h>
| #endif
| #ifdef HAVE_STRING_H
| # include <string.h>
| #endif
| #ifdef HAVE_INTTYPES_H
| # include <inttypes.h>
| #endif
| #ifdef HAVE_STDINT_H
| # include <stdint.h>
| #endif
| #ifdef HAVE_STRINGS_H
| # include <strings.h>
| #endif
| #ifdef HAVE_SYS_TYPES_H
| # include <sys/types.h>
| #endif
| #ifdef HAVE_SYS_STAT_H
| # include <sys/stat.h>
| #endif
| #ifdef HAVE_UNISTD_H
| # include <unistd.h>
| #endif
| #include <ansidecl.h>
configure:14689: result: no
configure:14696: checking for sys/timeb.h
configure:14696: arm-kobo-linux-gnueabihf-gcc -c -g -O2  conftest.c >&5
configure:14696: $? = 0
configure:14696: result: yes
configure:14702: checking for time.h
configure:14702: arm-kobo-linux-gnueabihf-gcc -c -g -O2  conftest.c >&5
configure:14702: $? = 0
configure:14702: result: yes
configure:14708: checking for sys/stat.h
configure:14708: result: yes
configure:14714: checking for sys/select.h
configure:14714: arm-kobo-linux-gnueabihf-gcc -c -g -O2  conftest.c >&5
configure:14714: $? = 0
configure:14714: result: yes
configure:14720: checking for stdarg.h
configure:14720: arm-kobo-linux-gnueabihf-gcc -c -g -O2  conftest.c >&5
configure:14720: $? = 0
configure:14720: result: yes
configure:14727: checking for errno.h
configure:14727: arm-kobo-linux-gnueabihf-gcc -c -g -O2  conftest.c >&5
configure:14727: $? = 0
configure:14727: result: yes
configure:14734: checking for stat
configure:14734: arm-kobo-linux-gnueabihf-gcc -o conftest -g -O2   conftest.c  >&5
configure:14734: $? = 0
configure:14734: result: yes
configure:14740: checking for _stat
configure:14740: arm-kobo-linux-gnueabihf-gcc -o conftest -g -O2   conftest.c  >&5
/mnt/HDD/Project/inkbox-build/inkbox/compiled-binaries/arm-kobo-linux-gnueabihf/bin/../lib/gcc/arm-kobo-linux-gnueabihf/11.2.0/../../../../arm-kobo-linux-gnueabihf/bin/ld.bfd: /tmp/ccpHEdJ2.o: in function `main':
/mnt/HDD/Project/Public/okulartry/libxslt/conftest.c:85: undefined reference to `_stat'
collect2: error: ld returned 1 exit status
configure:14740: $? = 1
configure: failed program was:
| /* confdefs.h */
| #define PACKAGE_NAME "libxslt"
| #define PACKAGE_TARNAME "libxslt"
| #define PACKAGE_VERSION "1.1.31"
| #define PACKAGE_STRING "libxslt 1.1.31"
| #define PACKAGE_BUGREPORT ""
| #define PACKAGE_URL ""
| #define HAVE_STDIO_H 1
| #define HAVE_STDLIB_H 1
| #define HAVE_STRING_H 1
| #define HAVE_INTTYPES_H 1
| #define HAVE_STDINT_H 1
| #define HAVE_STRINGS_H 1
| #define HAVE_SYS_STAT_H 1
| #define HAVE_SYS_TYPES_H 1
| #define HAVE_UNISTD_H 1
| #define HAVE_WCHAR_H 1
| #define STDC_HEADERS 1
| #define _ALL_SOURCE 1
| #define _DARWIN_C_SOURCE 1
| #define _GNU_SOURCE 1
| #define _HPUX_ALT_XOPEN_SOCKET_API 1
| #define _NETBSD_SOURCE 1
| #define _OPENBSD_SOURCE 1
| #define _POSIX_PTHREAD_SEMANTICS 1
| #define __STDC_WANT_IEC_60559_ATTRIBS_EXT__ 1
| #define __STDC_WANT_IEC_60559_BFP_EXT__ 1
| #define __STDC_WANT_IEC_60559_DFP_EXT__ 1
| #define __STDC_WANT_IEC_60559_FUNCS_EXT__ 1
| #define __STDC_WANT_IEC_60559_TYPES_EXT__ 1
| #define __STDC_WANT_LIB_EXT2__ 1
| #define __STDC_WANT_MATH_SPEC_FUNCS__ 1
| #define _TANDEM_SOURCE 1
| #define __EXTENSIONS__ 1
| #define PACKAGE "libxslt"
| #define VERSION "1.1.31"
| #define HAVE_DLFCN_H 1
| #define LT_OBJDIR ".libs/"
| #define HAVE_SYS_TYPES_H 1
| #define HAVE_SYS_TIME_H 1
| #define HAVE_STDLIB_H 1
| #define HAVE_UNISTD_H 1
| #define HAVE_STRING_H 1
| #define HAVE_LIBPTHREAD /**/
| #define HAVE_PTHREAD_H /**/
| #define HAVE_LOCALE_H 1
| #define HAVE_XLOCALE_H 1
| #define HAVE_MATH_H 1
| #define HAVE_FLOAT_H 1
| #define HAVE_SYS_TIMEB_H 1
| #define HAVE_TIME_H 1
| #define HAVE_SYS_STAT_H 1
| #define HAVE_SYS_SELECT_H 1
| #define HAVE_STDARG_H 1
| #define HAVE_ERRNO_H 1
| #define HAVE_STAT 1
| /* end confdefs.h.  */
| /* Define _stat to an innocuous variant, in case <limits.h> declares _stat.
|    For example, HP-UX 11i <limits.h> declares gettimeofday.  */
| #define _stat innocuous__stat
| 
| /* System header to define __stub macros and hopefully few prototypes,
|    which can conflict with char _stat (); below.  */
| 
| #include <limits.h>
| #undef _stat
| 
| /* Override any GCC internal prototype to avoid an error.
|    Use char because int might match the return type of a GCC
|    builtin and then its argument prototype would still apply.  */
| #ifdef __cplusplus
| extern "C"
| #endif
| char _stat ();
| /* The GNU C library defines this for functions which it implements
|     to always fail with ENOSYS.  Some functions are actually named
|     something starting with __ and the normal name is an alias.  */
| #if defined __stub__stat || defined __stub____stat
| choke me
| #endif
| 
| int
| main (void)
| {
| return _stat ();
|   ;
|   return 0;
| }
configure:14740: result: no
configure:14747: checking for pow
configure:14747: arm-kobo-linux-gnueabihf-gcc -o conftest -g -O2   conftest.c  >&5
[01m[Kconftest.c:74:6:[m[K [01;35m[Kwarning: [m[Kconflicting types for built-in function '[01m[Kpow[m[K'; expected '[01m[Kdouble(double,  double)[m[K' [[01;35m[K-Wbuiltin-declaration-mismatch[m[K]
   74 | char [01;35m[Kpow[m[K ();
      |      [01;35m[K^~~[m[K
[01m[Kconftest.c:66:1:[m[K [01;36m[Knote: [m[K'[01m[Kpow[m[K' is declared in header '[01m[K<math.h>[m[K'
   65 | #include <limits.h>
   66 | #undef pow
/mnt/HDD/Project/inkbox-build/inkbox/compiled-binaries/arm-kobo-linux-gnueabihf/bin/../lib/gcc/arm-kobo-linux-gnueabihf/11.2.0/../../../../arm-kobo-linux-gnueabihf/bin/ld.bfd: /tmp/ccRWnRKK.o: in function `main':
/mnt/HDD/Project/Public/okulartry/libxslt/conftest.c:85: undefined reference to `pow'
collect2: error: ld returned 1 exit status
configure:14747: $? = 1
configure: failed program was:
| /* confdefs.h */
| #define PACKAGE_NAME "libxslt"
| #define PACKAGE_TARNAME "libxslt"
| #define PACKAGE_VERSION "1.1.31"
| #define PACKAGE_STRING "libxslt 1.1.31"
| #define PACKAGE_BUGREPORT ""
| #define PACKAGE_URL ""
| #define HAVE_STDIO_H 1
| #define HAVE_STDLIB_H 1
| #define HAVE_STRING_H 1
| #define HAVE_INTTYPES_H 1
| #define HAVE_STDINT_H 1
| #define HAVE_STRINGS_H 1
| #define HAVE_SYS_STAT_H 1
| #define HAVE_SYS_TYPES_H 1
| #define HAVE_UNISTD_H 1
| #define HAVE_WCHAR_H 1
| #define STDC_HEADERS 1
| #define _ALL_SOURCE 1
| #define _DARWIN_C_SOURCE 1
| #define _GNU_SOURCE 1
| #define _HPUX_ALT_XOPEN_SOCKET_API 1
| #define _NETBSD_SOURCE 1
| #define _OPENBSD_SOURCE 1
| #define _POSIX_PTHREAD_SEMANTICS 1
| #define __STDC_WANT_IEC_60559_ATTRIBS_EXT__ 1
| #define __STDC_WANT_IEC_60559_BFP_EXT__ 1
| #define __STDC_WANT_IEC_60559_DFP_EXT__ 1
| #define __STDC_WANT_IEC_60559_FUNCS_EXT__ 1
| #define __STDC_WANT_IEC_60559_TYPES_EXT__ 1
| #define __STDC_WANT_LIB_EXT2__ 1
| #define __STDC_WANT_MATH_SPEC_FUNCS__ 1
| #define _TANDEM_SOURCE 1
| #define __EXTENSIONS__ 1
| #define PACKAGE "libxslt"
| #define VERSION "1.1.31"
| #define HAVE_DLFCN_H 1
| #define LT_OBJDIR ".libs/"
| #define HAVE_SYS_TYPES_H 1
| #define HAVE_SYS_TIME_H 1
| #define HAVE_STDLIB_H 1
| #define HAVE_UNISTD_H 1
| #define HAVE_STRING_H 1
| #define HAVE_LIBPTHREAD /**/
| #define HAVE_PTHREAD_H /**/
| #define HAVE_LOCALE_H 1
| #define HAVE_XLOCALE_H 1
| #define HAVE_MATH_H 1
| #define HAVE_FLOAT_H 1
| #define HAVE_SYS_TIMEB_H 1
| #define HAVE_TIME_H 1
| #define HAVE_SYS_STAT_H 1
| #define HAVE_SYS_SELECT_H 1
| #define HAVE_STDARG_H 1
| #define HAVE_ERRNO_H 1
| #define HAVE_STAT 1
| /* end confdefs.h.  */
| /* Define pow to an innocuous variant, in case <limits.h> declares pow.
|    For example, HP-UX 11i <limits.h> declares gettimeofday.  */
| #define pow innocuous_pow
| 
| /* System header to define __stub macros and hopefully few prototypes,
|    which can conflict with char pow (); below.  */
| 
| #include <limits.h>
| #undef pow
| 
| /* Override any GCC internal prototype to avoid an error.
|    Use char because int might match the return type of a GCC
|    builtin and then its argument prototype would still apply.  */
| #ifdef __cplusplus
| extern "C"
| #endif
| char pow ();
| /* The GNU C library defines this for functions which it implements
|     to always fail with ENOSYS.  Some functions are actually named
|     something starting with __ and the normal name is an alias.  */
| #if defined __stub_pow || defined __stub___pow
| choke me
| #endif
| 
| int
| main (void)
| {
| return pow ();
|   ;
|   return 0;
| }
configure:14747: result: no
configure:14752: checking for pow in -lm
configure:14775: arm-kobo-linux-gnueabihf-gcc -o conftest -g -O2   conftest.c -lm   >&5
[01m[Kconftest.c:62:6:[m[K [01;35m[Kwarning: [m[Kconflicting types for built-in function '[01m[Kpow[m[K'; expected '[01m[Kdouble(double,  double)[m[K' [[01;35m[K-Wbuiltin-declaration-mismatch[m[K]
   62 | char [01;35m[Kpow[m[K ();
      |      [01;35m[K^~~[m[K
[01m[Kconftest.c:1:1:[m[K [01;36m[Knote: [m[K'[01m[Kpow[m[K' is declared in header '[01m[K<math.h>[m[K'
    1 | /* confdefs.h */
configure:14775: $? = 0
configure:14785: result: yes
configure:14797: checking for floor
configure:14797: arm-kobo-linux-gnueabihf-gcc -o conftest -g -O2   conftest.c  >&5
[01m[Kconftest.c:75:6:[m[K [01;35m[Kwarning: [m[Kconflicting types for built-in function '[01m[Kfloor[m[K'; expected '[01m[Kdouble(double)[m[K' [[01;35m[K-Wbuiltin-declaration-mismatch[m[K]
   75 | char [01;35m[Kfloor[m[K ();
      |      [01;35m[K^~~~~[m[K
[01m[Kconftest.c:67:1:[m[K [01;36m[Knote: [m[K'[01m[Kfloor[m[K' is declared in header '[01m[K<math.h>[m[K'
   66 | #include <limits.h>
   67 | #undef floor
/mnt/HDD/Project/inkbox-build/inkbox/compiled-binaries/arm-kobo-linux-gnueabihf/bin/../lib/gcc/arm-kobo-linux-gnueabihf/11.2.0/../../../../arm-kobo-linux-gnueabihf/bin/ld.bfd: /tmp/cc4oBjnr.o: in function `main':
/mnt/HDD/Project/Public/okulartry/libxslt/conftest.c:86: undefined reference to `floor'
collect2: error: ld returned 1 exit status
configure:14797: $? = 1
configure: failed program was:
| /* confdefs.h */
| #define PACKAGE_NAME "libxslt"
| #define PACKAGE_TARNAME "libxslt"
| #define PACKAGE_VERSION "1.1.31"
| #define PACKAGE_STRING "libxslt 1.1.31"
| #define PACKAGE_BUGREPORT ""
| #define PACKAGE_URL ""
| #define HAVE_STDIO_H 1
| #define HAVE_STDLIB_H 1
| #define HAVE_STRING_H 1
| #define HAVE_INTTYPES_H 1
| #define HAVE_STDINT_H 1
| #define HAVE_STRINGS_H 1
| #define HAVE_SYS_STAT_H 1
| #define HAVE_SYS_TYPES_H 1
| #define HAVE_UNISTD_H 1
| #define HAVE_WCHAR_H 1
| #define STDC_HEADERS 1
| #define _ALL_SOURCE 1
| #define _DARWIN_C_SOURCE 1
| #define _GNU_SOURCE 1
| #define _HPUX_ALT_XOPEN_SOCKET_API 1
| #define _NETBSD_SOURCE 1
| #define _OPENBSD_SOURCE 1
| #define _POSIX_PTHREAD_SEMANTICS 1
| #define __STDC_WANT_IEC_60559_ATTRIBS_EXT__ 1
| #define __STDC_WANT_IEC_60559_BFP_EXT__ 1
| #define __STDC_WANT_IEC_60559_DFP_EXT__ 1
| #define __STDC_WANT_IEC_60559_FUNCS_EXT__ 1
| #define __STDC_WANT_IEC_60559_TYPES_EXT__ 1
| #define __STDC_WANT_LIB_EXT2__ 1
| #define __STDC_WANT_MATH_SPEC_FUNCS__ 1
| #define _TANDEM_SOURCE 1
| #define __EXTENSIONS__ 1
| #define PACKAGE "libxslt"
| #define VERSION "1.1.31"
| #define HAVE_DLFCN_H 1
| #define LT_OBJDIR ".libs/"
| #define HAVE_SYS_TYPES_H 1
| #define HAVE_SYS_TIME_H 1
| #define HAVE_STDLIB_H 1
| #define HAVE_UNISTD_H 1
| #define HAVE_STRING_H 1
| #define HAVE_LIBPTHREAD /**/
| #define HAVE_PTHREAD_H /**/
| #define HAVE_LOCALE_H 1
| #define HAVE_XLOCALE_H 1
| #define HAVE_MATH_H 1
| #define HAVE_FLOAT_H 1
| #define HAVE_SYS_TIMEB_H 1
| #define HAVE_TIME_H 1
| #define HAVE_SYS_STAT_H 1
| #define HAVE_SYS_SELECT_H 1
| #define HAVE_STDARG_H 1
| #define HAVE_ERRNO_H 1
| #define HAVE_STAT 1
| #define HAVE_POW /**/
| /* end confdefs.h.  */
| /* Define floor to an innocuous variant, in case <limits.h> declares floor.
|    For example, HP-UX 11i <limits.h> declares gettimeofday.  */
| #define floor innocuous_floor
| 
| /* System header to define __stub macros and hopefully few prototypes,
|    which can conflict with char floor (); below.  */
| 
| #include <limits.h>
| #undef floor
| 
| /* Override any GCC internal prototype to avoid an error.
|    Use char because int might match the return type of a GCC
|    builtin and then its argument prototype would still apply.  */
| #ifdef __cplusplus
| extern "C"
| #endif
| char floor ();
| /* The GNU C library defines this for functions which it implements
|     to always fail with ENOSYS.  Some functions are actually named
|     something starting with __ and the normal name is an alias.  */
| #if defined __stub_floor || defined __stub___floor
| choke me
| #endif
| 
| int
| main (void)
| {
| return floor ();
|   ;
|   return 0;
| }
configure:14797: result: no
configure:14802: checking for floor in -lm
configure:14825: arm-kobo-linux-gnueabihf-gcc -o conftest -g -O2   conftest.c -lm   >&5
[01m[Kconftest.c:63:6:[m[K [01;35m[Kwarning: [m[Kconflicting types for built-in function '[01m[Kfloor[m[K'; expected '[01m[Kdouble(double)[m[K' [[01;35m[K-Wbuiltin-declaration-mismatch[m[K]
   63 | char [01;35m[Kfloor[m[K ();
      |      [01;35m[K^~~~~[m[K
[01m[Kconftest.c:1:1:[m[K [01;36m[Knote: [m[K'[01m[Kfloor[m[K' is declared in header '[01m[K<math.h>[m[K'
    1 | /* confdefs.h */
configure:14825: $? = 0
configure:14835: result: yes
configure:14847: checking for fabs
configure:14847: arm-kobo-linux-gnueabihf-gcc -o conftest -g -O2   conftest.c  >&5
[01m[Kconftest.c:76:6:[m[K [01;35m[Kwarning: [m[Kconflicting types for built-in function '[01m[Kfabs[m[K'; expected '[01m[Kdouble(double)[m[K' [[01;35m[K-Wbuiltin-declaration-mismatch[m[K]
   76 | char [01;35m[Kfabs[m[K ();
      |      [01;35m[K^~~~[m[K
[01m[Kconftest.c:68:1:[m[K [01;36m[Knote: [m[K'[01m[Kfabs[m[K' is declared in header '[01m[K<math.h>[m[K'
   67 | #include <limits.h>
   68 | #undef fabs
/mnt/HDD/Project/inkbox-build/inkbox/compiled-binaries/arm-kobo-linux-gnueabihf/bin/../lib/gcc/arm-kobo-linux-gnueabihf/11.2.0/../../../../arm-kobo-linux-gnueabihf/bin/ld.bfd: /tmp/ccVcldCh.o: in function `main':
/mnt/HDD/Project/Public/okulartry/libxslt/conftest.c:87: undefined reference to `fabs'
collect2: error: ld returned 1 exit status
configure:14847: $? = 1
configure: failed program was:
| /* confdefs.h */
| #define PACKAGE_NAME "libxslt"
| #define PACKAGE_TARNAME "libxslt"
| #define PACKAGE_VERSION "1.1.31"
| #define PACKAGE_STRING "libxslt 1.1.31"
| #define PACKAGE_BUGREPORT ""
| #define PACKAGE_URL ""
| #define HAVE_STDIO_H 1
| #define HAVE_STDLIB_H 1
| #define HAVE_STRING_H 1
| #define HAVE_INTTYPES_H 1
| #define HAVE_STDINT_H 1
| #define HAVE_STRINGS_H 1
| #define HAVE_SYS_STAT_H 1
| #define HAVE_SYS_TYPES_H 1
| #define HAVE_UNISTD_H 1
| #define HAVE_WCHAR_H 1
| #define STDC_HEADERS 1
| #define _ALL_SOURCE 1
| #define _DARWIN_C_SOURCE 1
| #define _GNU_SOURCE 1
| #define _HPUX_ALT_XOPEN_SOCKET_API 1
| #define _NETBSD_SOURCE 1
| #define _OPENBSD_SOURCE 1
| #define _POSIX_PTHREAD_SEMANTICS 1
| #define __STDC_WANT_IEC_60559_ATTRIBS_EXT__ 1
| #define __STDC_WANT_IEC_60559_BFP_EXT__ 1
| #define __STDC_WANT_IEC_60559_DFP_EXT__ 1
| #define __STDC_WANT_IEC_60559_FUNCS_EXT__ 1
| #define __STDC_WANT_IEC_60559_TYPES_EXT__ 1
| #define __STDC_WANT_LIB_EXT2__ 1
| #define __STDC_WANT_MATH_SPEC_FUNCS__ 1
| #define _TANDEM_SOURCE 1
| #define __EXTENSIONS__ 1
| #define PACKAGE "libxslt"
| #define VERSION "1.1.31"
| #define HAVE_DLFCN_H 1
| #define LT_OBJDIR ".libs/"
| #define HAVE_SYS_TYPES_H 1
| #define HAVE_SYS_TIME_H 1
| #define HAVE_STDLIB_H 1
| #define HAVE_UNISTD_H 1
| #define HAVE_STRING_H 1
| #define HAVE_LIBPTHREAD /**/
| #define HAVE_PTHREAD_H /**/
| #define HAVE_LOCALE_H 1
| #define HAVE_XLOCALE_H 1
| #define HAVE_MATH_H 1
| #define HAVE_FLOAT_H 1
| #define HAVE_SYS_TIMEB_H 1
| #define HAVE_TIME_H 1
| #define HAVE_SYS_STAT_H 1
| #define HAVE_SYS_SELECT_H 1
| #define HAVE_STDARG_H 1
| #define HAVE_ERRNO_H 1
| #define HAVE_STAT 1
| #define HAVE_POW /**/
| #define HAVE_FLOOR /**/
| /* end confdefs.h.  */
| /* Define fabs to an innocuous variant, in case <limits.h> declares fabs.
|    For example, HP-UX 11i <limits.h> declares gettimeofday.  */
| #define fabs innocuous_fabs
| 
| /* System header to define __stub macros and hopefully few prototypes,
|    which can conflict with char fabs (); below.  */
| 
| #include <limits.h>
| #undef fabs
| 
| /* Override any GCC internal prototype to avoid an error.
|    Use char because int might match the return type of a GCC
|    builtin and then its argument prototype would still apply.  */
| #ifdef __cplusplus
| extern "C"
| #endif
| char fabs ();
| /* The GNU C library defines this for functions which it implements
|     to always fail with ENOSYS.  Some functions are actually named
|     something starting with __ and the normal name is an alias.  */
| #if defined __stub_fabs || defined __stub___fabs
| choke me
| #endif
| 
| int
| main (void)
| {
| return fabs ();
|   ;
|   return 0;
| }
configure:14847: result: no
configure:14852: checking for fabs in -lm
configure:14875: arm-kobo-linux-gnueabihf-gcc -o conftest -g -O2   conftest.c -lm   >&5
[01m[Kconftest.c:64:6:[m[K [01;35m[Kwarning: [m[Kconflicting types for built-in function '[01m[Kfabs[m[K'; expected '[01m[Kdouble(double)[m[K' [[01;35m[K-Wbuiltin-declaration-mismatch[m[K]
   64 | char [01;35m[Kfabs[m[K ();
      |      [01;35m[K^~~~[m[K
[01m[Kconftest.c:1:1:[m[K [01;36m[Knote: [m[K'[01m[Kfabs[m[K' is declared in header '[01m[K<math.h>[m[K'
    1 | /* confdefs.h */
configure:14875: $? = 0
configure:14885: result: yes
configure:14898: checking for gettimeofday
configure:14898: arm-kobo-linux-gnueabihf-gcc -o conftest -g -O2   conftest.c  >&5
configure:14898: $? = 0
configure:14898: result: yes
configure:14905: checking for localtime
configure:14905: arm-kobo-linux-gnueabihf-gcc -o conftest -g -O2   conftest.c  >&5
configure:14905: $? = 0
configure:14905: result: yes
configure:14911: checking for localtime_r
configure:14911: arm-kobo-linux-gnueabihf-gcc -o conftest -g -O2   conftest.c  >&5
configure:14911: $? = 0
configure:14911: result: yes
configure:14917: checking for time
configure:14917: arm-kobo-linux-gnueabihf-gcc -o conftest -g -O2   conftest.c  >&5
configure:14917: $? = 0
configure:14917: result: yes
configure:14923: checking for gmtime
configure:14923: arm-kobo-linux-gnueabihf-gcc -o conftest -g -O2   conftest.c  >&5
configure:14923: $? = 0
configure:14923: result: yes
configure:14929: checking for gmtime_r
configure:14929: arm-kobo-linux-gnueabihf-gcc -o conftest -g -O2   conftest.c  >&5
configure:14929: $? = 0
configure:14929: result: yes
configure:14935: checking for ftime
configure:14935: arm-kobo-linux-gnueabihf-gcc -o conftest -g -O2   conftest.c  >&5
configure:14935: $? = 0
configure:14935: result: yes
configure:14947: checking for printf
configure:14947: arm-kobo-linux-gnueabihf-gcc -o conftest -g -O2   conftest.c  >&5
[01m[Kconftest.c:84:6:[m[K [01;35m[Kwarning: [m[Kconflicting types for built-in function '[01m[Kprintf[m[K'; expected '[01m[Kint(const char *, ...)[m[K' [[01;35m[K-Wbuiltin-declaration-mismatch[m[K]
   84 | char [01;35m[Kprintf[m[K ();
      |      [01;35m[K^~~~~~[m[K
[01m[Kconftest.c:76:1:[m[K [01;36m[Knote: [m[K'[01m[Kprintf[m[K' is declared in header '[01m[K<stdio.h>[m[K'
   75 | #include <limits.h>
   76 | #undef printf
configure:14947: $? = 0
configure:14947: result: yes
configure:14947: checking for sprintf
configure:14947: arm-kobo-linux-gnueabihf-gcc -o conftest -g -O2   conftest.c  >&5
[01m[Kconftest.c:85:6:[m[K [01;35m[Kwarning: [m[Kconflicting types for built-in function '[01m[Ksprintf[m[K'; expected '[01m[Kint(char *, const char *, ...)[m[K' [[01;35m[K-Wbuiltin-declaration-mismatch[m[K]
   85 | char [01;35m[Ksprintf[m[K ();
      |      [01;35m[K^~~~~~~[m[K
[01m[Kconftest.c:77:1:[m[K [01;36m[Knote: [m[K'[01m[Ksprintf[m[K' is declared in header '[01m[K<stdio.h>[m[K'
   76 | #include <limits.h>
   77 | #undef sprintf
configure:14947: $? = 0
configure:14947: result: yes
configure:14947: checking for fprintf
configure:14947: arm-kobo-linux-gnueabihf-gcc -o conftest -g -O2   conftest.c  >&5
[01m[Kconftest.c:86:6:[m[K [01;35m[Kwarning: [m[Kconflicting types for built-in function '[01m[Kfprintf[m[K'; expected '[01m[Kint(void *, const char *, ...)[m[K' [[01;35m[K-Wbuiltin-declaration-mismatch[m[K]
   86 | char [01;35m[Kfprintf[m[K ();
      |      [01;35m[K^~~~~~~[m[K
[01m[Kconftest.c:78:1:[m[K [01;36m[Knote: [m[K'[01m[Kfprintf[m[K' is declared in header '[01m[K<stdio.h>[m[K'
   77 | #include <limits.h>
   78 | #undef fprintf
configure:14947: $? = 0
configure:14947: result: yes
configure:14947: checking for snprintf
configure:14947: arm-kobo-linux-gnueabihf-gcc -o conftest -g -O2   conftest.c  >&5
[01m[Kconftest.c:87:6:[m[K [01;35m[Kwarning: [m[Kconflicting types for built-in function '[01m[Ksnprintf[m[K'; expected '[01m[Kint(char *, unsigned int,  const char *, ...)[m[K' [[01;35m[K-Wbuiltin-declaration-mismatch[m[K]
   87 | char [01;35m[Ksnprintf[m[K ();
      |      [01;35m[K^~~~~~~~[m[K
[01m[Kconftest.c:79:1:[m[K [01;36m[Knote: [m[K'[01m[Ksnprintf[m[K' is declared in header '[01m[K<stdio.h>[m[K'
   78 | #include <limits.h>
   79 | #undef snprintf
configure:14947: $? = 0
configure:14947: result: yes
configure:14947: checking for vfprintf
configure:14947: arm-kobo-linux-gnueabihf-gcc -o conftest -g -O2   conftest.c  >&5
[01m[Kconftest.c:88:6:[m[K [01;35m[Kwarning: [m[Kconflicting types for built-in function '[01m[Kvfprintf[m[K'; expected '[01m[Kint(void *, const char *, __va_list)[m[K' [[01;35m[K-Wbuiltin-declaration-mismatch[m[K]
   88 | char [01;35m[Kvfprintf[m[K ();
      |      [01;35m[K^~~~~~~~[m[K
[01m[Kconftest.c:80:1:[m[K [01;36m[Knote: [m[K'[01m[Kvfprintf[m[K' is declared in header '[01m[K<stdio.h>[m[K'
   79 | #include <limits.h>
   80 | #undef vfprintf
configure:14947: $? = 0
configure:14947: result: yes
configure:14947: checking for vsprintf
configure:14947: arm-kobo-linux-gnueabihf-gcc -o conftest -g -O2   conftest.c  >&5
[01m[Kconftest.c:89:6:[m[K [01;35m[Kwarning: [m[Kconflicting types for built-in function '[01m[Kvsprintf[m[K'; expected '[01m[Kint(char *, const char *, __va_list)[m[K' [[01;35m[K-Wbuiltin-declaration-mismatch[m[K]
   89 | char [01;35m[Kvsprintf[m[K ();
      |      [01;35m[K^~~~~~~~[m[K
[01m[Kconftest.c:81:1:[m[K [01;36m[Knote: [m[K'[01m[Kvsprintf[m[K' is declared in header '[01m[K<stdio.h>[m[K'
   80 | #include <limits.h>
   81 | #undef vsprintf
configure:14947: $? = 0
configure:14947: result: yes
configure:14947: checking for vsnprintf
configure:14947: arm-kobo-linux-gnueabihf-gcc -o conftest -g -O2   conftest.c  >&5
[01m[Kconftest.c:90:6:[m[K [01;35m[Kwarning: [m[Kconflicting types for built-in function '[01m[Kvsnprintf[m[K'; expected '[01m[Kint(char *, unsigned int,  const char *, __va_list)[m[K' [[01;35m[K-Wbuiltin-declaration-mismatch[m[K]
   90 | char [01;35m[Kvsnprintf[m[K ();
      |      [01;35m[K^~~~~~~~~[m[K
[01m[Kconftest.c:82:1:[m[K [01;36m[Knote: [m[K'[01m[Kvsnprintf[m[K' is declared in header '[01m[K<stdio.h>[m[K'
   81 | #include <limits.h>
   82 | #undef vsnprintf
configure:14947: $? = 0
configure:14947: result: yes
configure:14947: checking for sscanf
configure:14947: arm-kobo-linux-gnueabihf-gcc -o conftest -g -O2   conftest.c  >&5
[01m[Kconftest.c:91:6:[m[K [01;35m[Kwarning: [m[Kconflicting types for built-in function '[01m[Ksscanf[m[K'; expected '[01m[Kint(const char *, const char *, ...)[m[K' [[01;35m[K-Wbuiltin-declaration-mismatch[m[K]
   91 | char [01;35m[Ksscanf[m[K ();
      |      [01;35m[K^~~~~~[m[K
[01m[Kconftest.c:83:1:[m[K [01;36m[Knote: [m[K'[01m[Ksscanf[m[K' is declared in header '[01m[K<stdio.h>[m[K'
   82 | #include <limits.h>
   83 | #undef sscanf
configure:14947: $? = 0
configure:14947: result: yes
configure:14963: checking for clock_gettime
configure:14963: arm-kobo-linux-gnueabihf-gcc -o conftest -g -O2   conftest.c  >&5
/mnt/HDD/Project/inkbox-build/inkbox/compiled-binaries/arm-kobo-linux-gnueabihf/bin/../lib/gcc/arm-kobo-linux-gnueabihf/11.2.0/../../../../arm-kobo-linux-gnueabihf/bin/ld.bfd: /tmp/ccuYA9H1.o: in function `main':
/mnt/HDD/Project/Public/okulartry/libxslt/conftest.c:103: undefined reference to `clock_gettime'
collect2: error: ld returned 1 exit status
configure:14963: $? = 1
configure: failed program was:
| /* confdefs.h */
| #define PACKAGE_NAME "libxslt"
| #define PACKAGE_TARNAME "libxslt"
| #define PACKAGE_VERSION "1.1.31"
| #define PACKAGE_STRING "libxslt 1.1.31"
| #define PACKAGE_BUGREPORT ""
| #define PACKAGE_URL ""
| #define HAVE_STDIO_H 1
| #define HAVE_STDLIB_H 1
| #define HAVE_STRING_H 1
| #define HAVE_INTTYPES_H 1
| #define HAVE_STDINT_H 1
| #define HAVE_STRINGS_H 1
| #define HAVE_SYS_STAT_H 1
| #define HAVE_SYS_TYPES_H 1
| #define HAVE_UNISTD_H 1
| #define HAVE_WCHAR_H 1
| #define STDC_HEADERS 1
| #define _ALL_SOURCE 1
| #define _DARWIN_C_SOURCE 1
| #define _GNU_SOURCE 1
| #define _HPUX_ALT_XOPEN_SOCKET_API 1
| #define _NETBSD_SOURCE 1
| #define _OPENBSD_SOURCE 1
| #define _POSIX_PTHREAD_SEMANTICS 1
| #define __STDC_WANT_IEC_60559_ATTRIBS_EXT__ 1
| #define __STDC_WANT_IEC_60559_BFP_EXT__ 1
| #define __STDC_WANT_IEC_60559_DFP_EXT__ 1
| #define __STDC_WANT_IEC_60559_FUNCS_EXT__ 1
| #define __STDC_WANT_IEC_60559_TYPES_EXT__ 1
| #define __STDC_WANT_LIB_EXT2__ 1
| #define __STDC_WANT_MATH_SPEC_FUNCS__ 1
| #define _TANDEM_SOURCE 1
| #define __EXTENSIONS__ 1
| #define PACKAGE "libxslt"
| #define VERSION "1.1.31"
| #define HAVE_DLFCN_H 1
| #define LT_OBJDIR ".libs/"
| #define HAVE_SYS_TYPES_H 1
| #define HAVE_SYS_TIME_H 1
| #define HAVE_STDLIB_H 1
| #define HAVE_UNISTD_H 1
| #define HAVE_STRING_H 1
| #define HAVE_LIBPTHREAD /**/
| #define HAVE_PTHREAD_H /**/
| #define HAVE_LOCALE_H 1
| #define HAVE_XLOCALE_H 1
| #define HAVE_MATH_H 1
| #define HAVE_FLOAT_H 1
| #define HAVE_SYS_TIMEB_H 1
| #define HAVE_TIME_H 1
| #define HAVE_SYS_STAT_H 1
| #define HAVE_SYS_SELECT_H 1
| #define HAVE_STDARG_H 1
| #define HAVE_ERRNO_H 1
| #define HAVE_STAT 1
| #define HAVE_POW /**/
| #define HAVE_FLOOR /**/
| #define HAVE_FABS /**/
| #define HAVE_GETTIMEOFDAY 1
| #define HAVE_LOCALTIME 1
| #define HAVE_LOCALTIME_R 1
| #define HAVE_TIME 1
| #define HAVE_GMTIME 1
| #define HAVE_GMTIME_R 1
| #define HAVE_FTIME 1
| #define HAVE_PRINTF 1
| #define HAVE_SPRINTF 1
| #define HAVE_FPRINTF 1
| #define HAVE_SNPRINTF 1
| #define HAVE_VFPRINTF 1
| #define HAVE_VSPRINTF 1
| #define HAVE_VSNPRINTF 1
| #define HAVE_SSCANF 1
| /* end confdefs.h.  */
| /* Define clock_gettime to an innocuous variant, in case <limits.h> declares clock_gettime.
|    For example, HP-UX 11i <limits.h> declares gettimeofday.  */
| #define clock_gettime innocuous_clock_gettime
| 
| /* System header to define __stub macros and hopefully few prototypes,
|    which can conflict with char clock_gettime (); below.  */
| 
| #include <limits.h>
| #undef clock_gettime
| 
| /* Override any GCC internal prototype to avoid an error.
|    Use char because int might match the return type of a GCC
|    builtin and then its argument prototype would still apply.  */
| #ifdef __cplusplus
| extern "C"
| #endif
| char clock_gettime ();
| /* The GNU C library defines this for functions which it implements
|     to always fail with ENOSYS.  Some functions are actually named
|     something starting with __ and the normal name is an alias.  */
| #if defined __stub_clock_gettime || defined __stub___clock_gettime
| choke me
| #endif
| 
| int
| main (void)
| {
| return clock_gettime ();
|   ;
|   return 0;
| }
configure:14963: result: no
configure:14970: checking for clock_gettime in -lrt
configure:14993: arm-kobo-linux-gnueabihf-gcc -o conftest -g -O2   conftest.c -lrt   >&5
configure:14993: $? = 0
configure:15003: result: yes
configure:15033: checking for perl
configure:15054: found /sbin/perl
configure:15066: result: perl
configure:15249: checking for arm-linux-gnueabihf-libgcrypt-config
configure:15287: result: no
configure:15297: checking for libgcrypt-config
configure:15320: found /sbin/libgcrypt-config
configure:15332: result: /sbin/libgcrypt-config
configure:15599: checking for arm-linux-gnueabihf-xml2-config
configure:15637: result: no
configure:15647: checking for xml2-config
configure:15670: found /sbin/xml2-config
configure:15682: result: /sbin/xml2-config
configure:15749: checking for LIBXML
configure:15756: $PKG_CONFIG --exists --print-errors "libxml-2.0 >= $LIBXML_REQUIRED_VERSION"
configure:15759: $? = 0
configure:15773: $PKG_CONFIG --exists --print-errors "libxml-2.0 >= $LIBXML_REQUIRED_VERSION"
configure:15776: $? = 0
configure:15814: result: yes
configure:15862: checking whether shared libraries will be built (required for plugins)
configure:15873: result: yes
configure:15878: checking libxml2 module support
configure:15881: result: yes
configure:16076: checking that generated files are newer than configure
configure:16082: result: done
configure:16121: creating ./config.status

## ---------------------- ##
## Running config.status. ##
## ---------------------- ##

This file was extended by libxslt config.status 1.1.31, which was
generated by GNU Autoconf 2.71.  Invocation command line was

  CONFIG_FILES    = 
  CONFIG_HEADERS  = 
  CONFIG_LINKS    = 
  CONFIG_COMMANDS = 
  $ ./config.status 

on hyperbookszyb

config.status:1252: creating Makefile
config.status:1252: creating libxslt.pc
config.status:1252: creating libexslt.pc
config.status:1252: creating libxslt/Makefile
config.status:1252: creating libxslt/xsltconfig.h
config.status:1252: creating libxslt/xsltwin32config.h
config.status:1252: creating libexslt/Makefile
config.status:1252: creating libexslt/exsltconfig.h
config.status:1252: creating xsltproc/Makefile
config.status:1252: creating python/Makefile
config.status:1252: creating python/tests/Makefile
config.status:1252: creating tests/Makefile
config.status:1252: creating tests/docs/Makefile
config.status:1252: creating tests/REC1/Makefile
config.status:1252: creating tests/REC2/Makefile
config.status:1252: creating tests/REC/Makefile
config.status:1252: creating tests/general/Makefile
config.status:1252: creating tests/reports/Makefile
config.status:1252: creating tests/extensions/Makefile
config.status:1252: creating tests/namespaces/Makefile
config.status:1252: creating tests/keys/Makefile
config.status:1252: creating tests/numbers/Makefile
config.status:1252: creating tests/documents/Makefile
config.status:1252: creating tests/xmlspec/Makefile
config.status:1252: creating tests/multiple/Makefile
config.status:1252: creating tests/xinclude/Makefile
config.status:1252: creating tests/XSLTMark/Makefile
config.status:1252: creating tests/docbook/Makefile
config.status:1252: creating tests/exslt/Makefile
config.status:1252: creating tests/exslt/common/Makefile
config.status:1252: creating tests/exslt/functions/Makefile
config.status:1252: creating tests/exslt/math/Makefile
config.status:1252: creating tests/exslt/saxon/Makefile
config.status:1252: creating tests/exslt/sets/Makefile
config.status:1252: creating tests/exslt/strings/Makefile
config.status:1252: creating tests/exslt/date/Makefile
config.status:1252: creating tests/exslt/dynamic/Makefile
config.status:1252: creating tests/exslt/crypto/Makefile
config.status:1252: creating tests/plugins/Makefile
config.status:1252: creating doc/Makefile
config.status:1252: creating xslt-config
config.status:1252: creating libxslt.spec
config.status:1252: creating config.h
config.status:1433: config.h is unchanged
config.status:1481: executing depfiles commands
config.status:1558: cd libxslt       && sed -e '/# am--include-marker/d' Makefile         | make -f - am--depfiles
make: Nothing to be done for 'am--depfiles'.
config.status:1563: $? = 0
config.status:1558: cd libexslt       && sed -e '/# am--include-marker/d' Makefile         | make -f - am--depfiles
make: Nothing to be done for 'am--depfiles'.
config.status:1563: $? = 0
config.status:1558: cd xsltproc       && sed -e '/# am--include-marker/d' Makefile         | make -f - am--depfiles
make: Nothing to be done for 'am--depfiles'.
config.status:1563: $? = 0
config.status:1558: cd python       && sed -e '/# am--include-marker/d' Makefile         | make -f - am--depfiles
make: Nothing to be done for 'am--depfiles'.
config.status:1563: $? = 0
config.status:1558: cd tests/plugins       && sed -e '/# am--include-marker/d' Makefile         | make -f - am--depfiles
make: Nothing to be done for 'am--depfiles'.
config.status:1563: $? = 0
config.status:1481: executing libtool commands

## ---------------- ##
## Cache variables. ##
## ---------------- ##

ac_cv_build=x86_64-pc-linux-gnu
ac_cv_c_compiler_gnu=yes
ac_cv_env_CC_set=set
ac_cv_env_CC_value=arm-kobo-linux-gnueabihf-gcc
ac_cv_env_CFLAGS_set=
ac_cv_env_CFLAGS_value=
ac_cv_env_CPPFLAGS_set=
ac_cv_env_CPPFLAGS_value=
ac_cv_env_CPP_set=
ac_cv_env_CPP_value=
ac_cv_env_LDFLAGS_set=
ac_cv_env_LDFLAGS_value=
ac_cv_env_LIBS_set=
ac_cv_env_LIBS_value=
ac_cv_env_LIBXML_CFLAGS_set=
ac_cv_env_LIBXML_CFLAGS_value=
ac_cv_env_LIBXML_LIBS_set=
ac_cv_env_LIBXML_LIBS_value=
ac_cv_env_LT_SYS_LIBRARY_PATH_set=
ac_cv_env_LT_SYS_LIBRARY_PATH_value=
ac_cv_env_PKG_CONFIG_LIBDIR_set=
ac_cv_env_PKG_CONFIG_LIBDIR_value=
ac_cv_env_PKG_CONFIG_PATH_set=
ac_cv_env_PKG_CONFIG_PATH_value=
ac_cv_env_PKG_CONFIG_set=
ac_cv_env_PKG_CONFIG_value=
ac_cv_env_build_alias_set=
ac_cv_env_build_alias_value=
ac_cv_env_host_alias_set=set
ac_cv_env_host_alias_value=arm-linux-gnueabihf
ac_cv_env_target_alias_set=
ac_cv_env_target_alias_value=
ac_cv_func__stat=no
ac_cv_func_clock_gettime=no
ac_cv_func_fabs=no
ac_cv_func_floor=no
ac_cv_func_fprintf=yes
ac_cv_func_ftime=yes
ac_cv_func_gettimeofday=yes
ac_cv_func_gmtime=yes
ac_cv_func_gmtime_r=yes
ac_cv_func_localtime=yes
ac_cv_func_localtime_r=yes
ac_cv_func_pow=no
ac_cv_func_printf=yes
ac_cv_func_snprintf=yes
ac_cv_func_sprintf=yes
ac_cv_func_sscanf=yes
ac_cv_func_stat=yes
ac_cv_func_time=yes
ac_cv_func_vfprintf=yes
ac_cv_func_vsnprintf=yes
ac_cv_func_vsprintf=yes
ac_cv_header_ansidecl_h=no
ac_cv_header_dlfcn_h=yes
ac_cv_header_errno_h=yes
ac_cv_header_float_h=yes
ac_cv_header_fp_class_h=no
ac_cv_header_ieeefp_h=no
ac_cv_header_inttypes_h=yes
ac_cv_header_locale_h=yes
ac_cv_header_math_h=yes
ac_cv_header_minix_config_h=no
ac_cv_header_nan_h=no
ac_cv_header_pthread_h=yes
ac_cv_header_stdarg_h=yes
ac_cv_header_stdint_h=yes
ac_cv_header_stdio_h=yes
ac_cv_header_stdlib_h=yes
ac_cv_header_string_h=yes
ac_cv_header_strings_h=yes
ac_cv_header_sys_select_h=yes
ac_cv_header_sys_stat_h=yes
ac_cv_header_sys_time_h=yes
ac_cv_header_sys_timeb_h=yes
ac_cv_header_sys_types_h=yes
ac_cv_header_time_h=yes
ac_cv_header_unistd_h=yes
ac_cv_header_wchar_h=yes
ac_cv_header_xlocale_h=yes
ac_cv_host=arm-unknown-linux-gnueabihf
ac_cv_lib_m_fabs=yes
ac_cv_lib_m_floor=yes
ac_cv_lib_m_pow=yes
ac_cv_lib_pthread_pthread_join=yes
ac_cv_lib_rt_clock_gettime=yes
ac_cv_objext=o
ac_cv_path_EGREP='/sbin/grep -E'
ac_cv_path_FGREP='/sbin/grep -F'
ac_cv_path_GREP=/sbin/grep
ac_cv_path_SED=/sbin/sed
ac_cv_path_XMLLINT=/sbin/xmllint
ac_cv_path_XSLTPROC=/sbin/xsltproc
ac_cv_path_ac_pt_LIBGCRYPT_CONFIG=/sbin/libgcrypt-config
ac_cv_path_ac_pt_PKG_CONFIG=/sbin/pkg-config
ac_cv_path_ac_pt_XML_CONFIG=/sbin/xml2-config
ac_cv_path_install='/bin/install -c'
ac_cv_path_lt_DD=/sbin/dd
ac_cv_path_mkdir=/sbin/mkdir
ac_cv_prog_AR=arm-kobo-linux-gnueabihf-ar
ac_cv_prog_AWK=gawk
ac_cv_prog_CC=arm-kobo-linux-gnueabihf-gcc
ac_cv_prog_CPP='arm-kobo-linux-gnueabihf-gcc -E'
ac_cv_prog_PERL=perl
ac_cv_prog_RANLIB=arm-kobo-linux-gnueabihf-ranlib
ac_cv_prog_STRIP=strip
ac_cv_prog_ac_ct_DUMPBIN='link -dump'
ac_cv_prog_ac_ct_FILECMD=file
ac_cv_prog_ac_ct_OBJDUMP=objdump
ac_cv_prog_ac_ct_STRIP=strip
ac_cv_prog_cc_c11=
ac_cv_prog_cc_g=yes
ac_cv_prog_cc_stdc=
ac_cv_prog_make_make_set=yes
ac_cv_safe_to_define___extensions__=yes
ac_cv_should_define__xopen_source=no
am_cv_CC_dependencies_compiler_type=gcc3
am_cv_make_support_nested_variables=yes
am_cv_prog_cc_c_o=yes
lt_cv_ar_at_file=@
lt_cv_archive_cmds_need_lc=no
lt_cv_deplibs_check_method=pass_all
lt_cv_file_magic_cmd='$MAGIC_CMD'
lt_cv_file_magic_test_file=
lt_cv_ld_reload_flag=-r
lt_cv_nm_interface='BSD nm'
lt_cv_objdir=.libs
lt_cv_path_LD=/mnt/HDD/Project/inkbox-build/inkbox/compiled-binaries/arm-kobo-linux-gnueabihf/arm-kobo-linux-gnueabihf/bin/ld
lt_cv_path_NM=no
lt_cv_path_mainfest_tool=no
lt_cv_prog_compiler_c_o=yes
lt_cv_prog_compiler_pic='-fPIC -DPIC'
lt_cv_prog_compiler_pic_works=yes
lt_cv_prog_compiler_rtti_exceptions=no
lt_cv_prog_compiler_static_works=yes
lt_cv_prog_gnu_ld=yes
lt_cv_sharedlib_from_linklib_cmd='printf %s\n'
lt_cv_shlibpath_overrides_runpath=no
lt_cv_sys_global_symbol_pipe='/sbin/sed -n -e '\''s/^.*[	 ]\([ABCDGIRSTW][ABCDGIRSTW]*\)[	 ][	 ]*\([_A-Za-z][_A-Za-z0-9]*\)$/\1 \2 \2/p'\'' | /sbin/sed '\''/ __gnu_lto/d'\'''
lt_cv_sys_global_symbol_to_c_name_address='/sbin/sed -n -e '\''s/^: \(.*\) .*$/  {"\1", (void *) 0},/p'\'' -e '\''s/^[ABCDGIRSTW][ABCDGIRSTW]* .* \(.*\)$/  {"\1", (void *) \&\1},/p'\'''
lt_cv_sys_global_symbol_to_c_name_address_lib_prefix='/sbin/sed -n -e '\''s/^: \(.*\) .*$/  {"\1", (void *) 0},/p'\'' -e '\''s/^[ABCDGIRSTW][ABCDGIRSTW]* .* \(lib.*\)$/  {"\1", (void *) \&\1},/p'\'' -e '\''s/^[ABCDGIRSTW][ABCDGIRSTW]* .* \(.*\)$/  {"lib\1", (void *) \&\1},/p'\'''
lt_cv_sys_global_symbol_to_cdecl='/sbin/sed -n -e '\''s/^T .* \(.*\)$/extern int \1();/p'\'' -e '\''s/^[ABCDGIRSTW][ABCDGIRSTW]* .* \(.*\)$/extern char \1;/p'\'''
lt_cv_sys_global_symbol_to_import=
lt_cv_sys_max_cmd_len=1572864
lt_cv_to_host_file_cmd=func_convert_file_noop
lt_cv_to_tool_file_cmd=func_convert_file_noop
lt_cv_truncate_bin='/sbin/dd bs=4096 count=1'
pkg_cv_LIBXML_CFLAGS='-I/usr/include/libxml2 '
pkg_cv_LIBXML_LIBS='-lxml2 '

## ----------------- ##
## Output variables. ##
## ----------------- ##

ACLOCAL='${SHELL} '\''/mnt/HDD/Project/Public/okulartry/libxslt/missing'\'' aclocal-1.16'
AMDEPBACKSLASH='\'
AMDEP_FALSE='#'
AMDEP_TRUE=''
AMTAR='$${TAR-tar}'
AM_BACKSLASH='\'
AM_DEFAULT_V='$(AM_DEFAULT_VERBOSITY)'
AM_DEFAULT_VERBOSITY='0'
AM_V='$(V)'
AR='arm-kobo-linux-gnueabihf-ar'
AS='as'
AUTOCONF='${SHELL} '\''/mnt/HDD/Project/Public/okulartry/libxslt/missing'\'' autoconf'
AUTOHEADER='${SHELL} '\''/mnt/HDD/Project/Public/okulartry/libxslt/missing'\'' autoheader'
AUTOMAKE='${SHELL} '\''/mnt/HDD/Project/Public/okulartry/libxslt/missing'\'' automake-1.16'
AWK='gawk'
CC='arm-kobo-linux-gnueabihf-gcc'
CCDEPMODE='depmode=gcc3'
CFLAGS='-g -O2 -Wall -Wformat=2 -Wmissing-format-attribute'
CPP='arm-kobo-linux-gnueabihf-gcc -E'
CPPFLAGS=''
CRYPTO_TESTDIR='crypto'
CSCOPE='cscope'
CTAGS='ctags'
CYGPATH_W='echo'
DEFS='-DHAVE_CONFIG_H'
DEPDIR='.deps'
DLLTOOL='false'
DSYMUTIL=''
DUMPBIN=':'
ECHO_C=''
ECHO_N='-n'
ECHO_T=''
EGREP='/sbin/grep -E'
ETAGS='etags'
EXEEXT=''
EXSLT_INCLUDEDIR='-I${includedir}'
EXSLT_LIBDIR='-L${libdir}'
EXSLT_LIBS='-lexslt -lxslt -lxml2  -lm -lgcrypt -lgpg-error'
EXTRA_LIBS=' -lrt'
FGREP='/sbin/grep -F'
FILECMD='file'
GREP='/sbin/grep'
HTML_DIR='$(datadir)/doc/$(PACKAGE)-$(VERSION)/html'
INSTALL_DATA='${INSTALL} -m 644'
INSTALL_PROGRAM='${INSTALL}'
INSTALL_SCRIPT='${INSTALL}'
INSTALL_STRIP_PROGRAM='$(install_sh) -c -s'
LD='/mnt/HDD/Project/inkbox-build/inkbox/compiled-binaries/arm-kobo-linux-gnueabihf/arm-kobo-linux-gnueabihf/bin/ld'
LDFLAGS=''
LIBEXSLT_MAJOR_VERSION='0'
LIBEXSLT_MICRO_VERSION='19'
LIBEXSLT_MINOR_VERSION='8'
LIBEXSLT_VERSION='0.8.19'
LIBEXSLT_VERSION_EXTRA=''
LIBEXSLT_VERSION_INFO='8:19:8'
LIBEXSLT_VERSION_NUMBER='819'
LIBGCRYPT_CFLAGS=''
LIBGCRYPT_CONFIG='/sbin/libgcrypt-config'
LIBGCRYPT_LIBS='-lgcrypt -lgpg-error'
LIBOBJS=''
LIBS=''
LIBTOOL='$(SHELL) $(top_builddir)/libtool'
LIBXML_CFLAGS='-I/usr/include/libxml2 '
LIBXML_LIBS='-lxml2 '
LIBXML_REQUIRED_VERSION='2.6.27'
LIBXML_SRC=''
LIBXSLT_DEFAULT_PLUGINS_PATH='/home/build/inkbox/compiled-binaries/arm-kobo-linux-gnueabihf/arm-kobo-linux-gnueabihf/sysroot/lib/libxslt-plugins'
LIBXSLT_MAJOR_MINOR_VERSION='1.1'
LIBXSLT_MAJOR_VERSION='1'
LIBXSLT_MICRO_VERSION='31'
LIBXSLT_MINOR_VERSION='1'
LIBXSLT_VERSION='1.1.31'
LIBXSLT_VERSION_EXTRA='-GITv1.1.31'
LIBXSLT_VERSION_INFO='2:31:1'
LIBXSLT_VERSION_NUMBER='10131'
LIPO=''
LN_S='ln -s'
LTLIBOBJS=''
LT_SYS_LIBRARY_PATH=''
MAKEINFO='${SHELL} '\''/mnt/HDD/Project/Public/okulartry/libxslt/missing'\'' makeinfo'
MANIFEST_TOOL=':'
MKDIR_P='/sbin/mkdir -p'
M_LIBS='-lm'
NM='nm'
NMEDIT=''
OBJDUMP='objdump'
OBJEXT='o'
OTOOL64=''
OTOOL=''
PACKAGE='libxslt'
PACKAGE_BUGREPORT=''
PACKAGE_NAME='libxslt'
PACKAGE_STRING='libxslt 1.1.31'
PACKAGE_TARNAME='libxslt'
PACKAGE_URL=''
PACKAGE_VERSION='1.1.31'
PATH_SEPARATOR=':'
PERL='perl'
PKG_CONFIG='/sbin/pkg-config'
PKG_CONFIG_LIBDIR=''
PKG_CONFIG_PATH=''
PYTHON='/bin/python'
PYTHONSODV=''
PYTHON_INCLUDES=''
PYTHON_LIBS=''
PYTHON_SITE_PACKAGES=''
PYTHON_SUBDIR=''
PYTHON_VERSION=''
RANLIB='arm-kobo-linux-gnueabihf-ranlib'
RELDATE='Mon May 15 2023'
SED='/sbin/sed'
SET_MAKE=''
SHELL='/bin/sh'
STRIP='strip'
THREAD_LIBS='-lpthread'
USE_VERSION_SCRIPT_FALSE='#'
USE_VERSION_SCRIPT_TRUE=''
VERSION='1.1.31'
VERSION_SCRIPT_FLAGS='-Wl,--version-script='
WIN32_EXTRA_LDFLAGS=''
WIN32_EXTRA_LIBADD=''
WITH_CRYPTO='1'
WITH_DEBUGGER='1'
WITH_MEM_DEBUG='0'
WITH_MODULES='1'
WITH_MODULES_FALSE='#'
WITH_MODULES_TRUE=''
WITH_PERL_FALSE='#'
WITH_PERL_TRUE=''
WITH_PYTHON_FALSE=''
WITH_PYTHON_TRUE='#'
WITH_TRIO='0'
WITH_XSLT_DEBUG='1'
XMLLINT='/sbin/xmllint'
XML_CONFIG='/sbin/xml2-config'
XSLTPROC='/sbin/xsltproc'
XSLTPROCDV=''
XSLT_INCLUDEDIR='-I${includedir}'
XSLT_LIBDIR='-L${libdir}'
XSLT_LIBS='-lxslt -lxml2  -lm'
XSLT_LOCALE_WINAPI='0'
XSLT_LOCALE_XLOCALE='1'
ac_ct_AR=''
ac_ct_CC=''
ac_ct_DUMPBIN='link -dump'
am__EXEEXT_FALSE=''
am__EXEEXT_TRUE='#'
am__fastdepCC_FALSE='#'
am__fastdepCC_TRUE=''
am__include='include'
am__isrc=''
am__leading_dot='.'
am__nodep='_no'
am__quote=''
am__tar='$${TAR-tar} chof - "$$tardir"'
am__untar='$${TAR-tar} xf -'
bindir='${exec_prefix}/bin'
build='x86_64-pc-linux-gnu'
build_alias=''
build_cpu='x86_64'
build_os='linux-gnu'
build_vendor='pc'
datadir='${datarootdir}'
datarootdir='${prefix}/share'
docdir='${datarootdir}/doc/${PACKAGE_TARNAME}'
dvidir='${docdir}'
exec_prefix='${prefix}'
host='arm-unknown-linux-gnueabihf'
host_alias='arm-linux-gnueabihf'
host_cpu='arm'
host_os='linux-gnueabihf'
host_vendor='unknown'
htmldir='${docdir}'
includedir='${prefix}/include'
infodir='${datarootdir}/info'
install_sh='${SHELL} /mnt/HDD/Project/Public/okulartry/libxslt/install-sh'
libdir='${exec_prefix}/lib'
libexecdir='${exec_prefix}/libexec'
localedir='${datarootdir}/locale'
localstatedir='${prefix}/var'
mandir='${datarootdir}/man'
mkdir_p='$(MKDIR_P)'
oldincludedir='/usr/include'
pdfdir='${docdir}'
prefix='/home/build/inkbox/compiled-binaries/arm-kobo-linux-gnueabihf/arm-kobo-linux-gnueabihf/sysroot'
program_transform_name='s,x,x,'
psdir='${docdir}'
pythondir='$(libdir)/python$(PYTHON_VERSION)/site-packages'
runstatedir='${localstatedir}/run'
sbindir='${exec_prefix}/sbin'
sharedstatedir='${prefix}/com'
sysconfdir='${prefix}/etc'
target_alias=''

## ----------- ##
## confdefs.h. ##
## ----------- ##

/* confdefs.h */
#define PACKAGE_NAME "libxslt"
#define PACKAGE_TARNAME "libxslt"
#define PACKAGE_VERSION "1.1.31"
#define PACKAGE_STRING "libxslt 1.1.31"
#define PACKAGE_BUGREPORT ""
#define PACKAGE_URL ""
#define HAVE_STDIO_H 1
#define HAVE_STDLIB_H 1
#define HAVE_STRING_H 1
#define HAVE_INTTYPES_H 1
#define HAVE_STDINT_H 1
#define HAVE_STRINGS_H 1
#define HAVE_SYS_STAT_H 1
#define HAVE_SYS_TYPES_H 1
#define HAVE_UNISTD_H 1
#define HAVE_WCHAR_H 1
#define STDC_HEADERS 1
#define _ALL_SOURCE 1
#define _DARWIN_C_SOURCE 1
#define _GNU_SOURCE 1
#define _HPUX_ALT_XOPEN_SOCKET_API 1
#define _NETBSD_SOURCE 1
#define _OPENBSD_SOURCE 1
#define _POSIX_PTHREAD_SEMANTICS 1
#define __STDC_WANT_IEC_60559_ATTRIBS_EXT__ 1
#define __STDC_WANT_IEC_60559_BFP_EXT__ 1
#define __STDC_WANT_IEC_60559_DFP_EXT__ 1
#define __STDC_WANT_IEC_60559_FUNCS_EXT__ 1
#define __STDC_WANT_IEC_60559_TYPES_EXT__ 1
#define __STDC_WANT_LIB_EXT2__ 1
#define __STDC_WANT_MATH_SPEC_FUNCS__ 1
#define _TANDEM_SOURCE 1
#define __EXTENSIONS__ 1
#define PACKAGE "libxslt"
#define VERSION "1.1.31"
#define HAVE_DLFCN_H 1
#define LT_OBJDIR ".libs/"
#define HAVE_SYS_TYPES_H 1
#define HAVE_SYS_TIME_H 1
#define HAVE_STDLIB_H 1
#define HAVE_UNISTD_H 1
#define HAVE_STRING_H 1
#define HAVE_LIBPTHREAD /**/
#define HAVE_PTHREAD_H /**/
#define HAVE_LOCALE_H 1
#define HAVE_XLOCALE_H 1
#define HAVE_MATH_H 1
#define HAVE_FLOAT_H 1
#define HAVE_SYS_TIMEB_H 1
#define HAVE_TIME_H 1
#define HAVE_SYS_STAT_H 1
#define HAVE_SYS_SELECT_H 1
#define HAVE_STDARG_H 1
#define HAVE_ERRNO_H 1
#define HAVE_STAT 1
#define HAVE_POW /**/
#define HAVE_FLOOR /**/
#define HAVE_FABS /**/
#define HAVE_GETTIMEOFDAY 1
#define HAVE_LOCALTIME 1
#define HAVE_LOCALTIME_R 1
#define HAVE_TIME 1
#define HAVE_GMTIME 1
#define HAVE_GMTIME_R 1
#define HAVE_FTIME 1
#define HAVE_PRINTF 1
#define HAVE_SPRINTF 1
#define HAVE_FPRINTF 1
#define HAVE_SNPRINTF 1
#define HAVE_VFPRINTF 1
#define HAVE_VSPRINTF 1
#define HAVE_VSNPRINTF 1
#define HAVE_SSCANF 1
#define HAVE_CLOCK_GETTIME 1
#define HAVE_GCRYPT 1
#define WITH_DEBUGGER /**/

configure: exit 0
