# kdesrc-build running: 'make' '-j' '8'
# from directory: /home/szybet/kdesrc/build/frameworks/knotifications
-- 

Installing in /mnt/HDD/Project/Public/okulartry/okular-things. Run /home/szybet/kdesrc/build/frameworks/knotifications/prefix.sh to set the environment for KNotifications.
-- Could NOT find X11 (missing: X11_X11_INCLUDE_PATH X11_X11_LIB) 
-- Could NOT find Canberra (missing: Canberra_LIBRARIES Canberra_INCLUDE_DIRS) (found version "0.30")
CMake Warning at CMakeLists.txt:129 (find_package):
  Could not find a configuration file for package "dbusmenu-qt5" that is
  compatible with requested version "".

  The following configuration files were considered but not accepted:

    /lib/cmake/dbusmenu-qt5/dbusmenu-qt5-config.cmake, version: 0.9.2 (64bit)
    /usr/lib/cmake/dbusmenu-qt5/dbusmenu-qt5-config.cmake, version: 0.9.2 (64bit)



-- The following OPTIONAL packages have been found:

 * Qt5Network (required version >= 5.15.2)
 * Qt5Qml
 * PkgConfig
 * Phonon4Qt5Experimental (required version == 4.11.1)

-- The following REQUIRED packages have been found:

 * ECM (required version >= 5.106.0), Extra CMake Modules., <https://commits.kde.org/extra-cmake-modules>
 * Qt5Gui (required version >= 5.15.2)
 * KF5WindowSystem (required version >= 5.106.0)
 * KF5Config (required version >= 5.106.0)
 * KF5CoreAddons (required version >= 5.106.0)
 * Qt5DBus
 * Qt5 (required version >= 5.15.2)
 * Qt5Core
 * Qt5Widgets
 * Phonon4Qt5 (required version >= 4.6.60), Qt-based audio library
   Needed to build audio notification support when Canberra isn't available
 * Qt5LinguistTools

-- The following features have been disabled:

 * QCH, API documentation in QCH format (for e.g. Qt Assistant, Qt Creator & KDevelop)

-- The following OPTIONAL packages have not been found:

 * X11
 * Canberra, Event sound library, <https://0pointer.de/lennart/projects/libcanberra>
   Needed to build audio notification support
 * dbusmenu-qt5, DBusMenuQt, <https://launchpad.net/libdbusmenu-qt>
   Support for notification area menus via the DBusMenu protocol

-- Configuring done (0.3s)
-- Generating done (0.1s)
-- Build files have been written to: /home/szybet/kdesrc/build/frameworks/knotifications
[  1%] Built target translations_5
[  2%] Built target translations_2
[  3%] Built target translations_4
[  4%] Built target translations_6
[  4%] Built target translations_1
[  5%] Built target translations_3
[  6%] Built target translations_7
[  7%] Built target translations_8
[  8%] Built target translations_9
[  9%] Built target translations_10
[  9%] Built target translations_11
[ 10%] Built target translations_12
[ 11%] Built target translations_13
[ 12%] Built target translations_14
[ 12%] Built target translations_15
[ 13%] Built target translations_16
[ 14%] Built target translations_17
[ 15%] Built target translations_18
[ 16%] Built target translations_20
[ 16%] Built target translations_21
[ 17%] Built target translations_22
[ 17%] Built target translations_19
[ 18%] Built target translations_23
[ 19%] Built target translations_24
[ 20%] Built target translations_26
[ 21%] Built target translations_27
[ 21%] Built target translations_25
[ 22%] Built target translations_28
[ 22%] Built target translations_29
[ 22%] Built target translations_31
[ 23%] Built target translations_30
[ 24%] Built target translations_32
[ 24%] Built target translations_35
[ 25%] Built target translations_33
[ 26%] Built target translations_34
[ 27%] Built target translations_36
[ 28%] Built target translations_37
[ 29%] Built target translations_38
[ 29%] Built target translations_39
[ 30%] Built target translations_40
[ 31%] Built target translations_41
[ 31%] Built target translations_42
[ 32%] Built target translations_43
[ 33%] Built target translations_44
[ 33%] Built target translations_45
[ 34%] Built target translations_46
[ 35%] Built target translations_47
[ 36%] Built target translations_48
[ 36%] Built target translations_49
[ 37%] Built target translations_50
[ 38%] Built target translations_53
[ 39%] Built target translations_51
[ 39%] Built target translations_52
[ 40%] Built target translations_54
[ 42%] Built target translations_56
[ 42%] Built target translations_58
[ 43%] Built target translations_57
[ 43%] Built target translations_55
[ 43%] Built target translations_59
[ 45%] Built target translations_60
[ 45%] Built target translations_61
[ 45%] Built target translations_62
[ 46%] Built target translations_64
[ 47%] Built target translations_63
[ 48%] Built target translations_67
[ 50%] Built target translations_66
[ 50%] Built target translations_65
[ 51%] Built target translations_68
[ 51%] Built target translations_69
[ 52%] Built target translations_70
[ 53%] Built target translations_71
[ 54%] Built target translations_73
[ 54%] Built target translations_72
[ 55%] Built target translations_74
[ 56%] Built target translations_75
[ 56%] Built target translations_76
[ 57%] Built target translations_77
[ 58%] Built target translations_78
[ 58%] Built target translations_79
[ 59%] Built target translations_80
[ 59%] Built target translations_82
[ 60%] Built target translations_81
[ 61%] Built target translations_83
[ 62%] Built target translations_85
[ 63%] Built target translations_84
[ 63%] Built target translations_86
[ 64%] Built target translations_87
[ 64%] Built target translations_89
[ 65%] Built target translations_88
[ 66%] Built target translations_90
[ 66%] Built target translations_92
[ 68%] Built target translations_93
[ 68%] Built target translations_91
[ 69%] Built target translations_94
[ 70%] Built target translations_95
[ 70%] Built target translations_96
[ 71%] Built target translations_97
[ 73%] Built target translations_99
[ 73%] Built target translations_100
[ 74%] Built target translations_98
[ 75%] Automatic MOC for target KF5Notifications
[ 75%] Built target KF5Notifications_autogen
[ 76%] Building CXX object src/CMakeFiles/KF5Notifications.dir/KF5Notifications_autogen/mocs_compilation.cpp.o
[ 77%] Building CXX object src/CMakeFiles/KF5Notifications.dir/knotification.cpp.o
[ 77%] Building CXX object src/CMakeFiles/KF5Notifications.dir/ECMQmLoader-knotifications5_qt.cpp.o
[ 78%] Building CXX object src/CMakeFiles/KF5Notifications.dir/knotificationreplyaction.cpp.o
[ 78%] Building CXX object src/CMakeFiles/KF5Notifications.dir/kpassivepopup.cpp.o
[ 79%] Building CXX object src/CMakeFiles/KF5Notifications.dir/knotificationmanager.cpp.o
[ 80%] Building CXX object src/CMakeFiles/KF5Notifications.dir/knotifyconfig.cpp.o
[ 81%] Building CXX object src/CMakeFiles/KF5Notifications.dir/knotificationplugin.cpp.o
[ 81%] Building CXX object src/CMakeFiles/KF5Notifications.dir/knotificationjobuidelegate.cpp.o
[01m[K/home/szybet/kdesrc/frameworks/knotifications/src/knotification.cpp:[m[K In member function '[01m[Kvoid KNotification::Private::raiseWidget(QWidget*)[m[K':
[01m[K/home/szybet/kdesrc/frameworks/knotifications/src/knotification.cpp:390:38:[m[K [01;35m[Kwarning: [m[K'[01m[Kstatic void KWindowSystem::activateWindow(WId, long int)[m[K' is deprecated: Since 5.101. Use KX11Extras::activateWindow() or KWindowSystem::activateWindow(QWindow *) instead [[01;35m[K-Wdeprecated-declarations[m[K]
  390 |         [01;35m[KKWindowSystem::activateWindow(w->winId())[m[K;
      |         [01;35m[K~~~~~~~~~~~~~~~~~~~~~~~~~~~~~^~~~~~~~~~~~[m[K
In file included from [01m[K/home/build/inkbox/compiled-binaries/arm-kobo-linux-gnueabihf/arm-kobo-linux-gnueabihf/sysroot/include/KF5/KWindowSystem/KWindowSystem:1[m[K,
                 from [01m[K/home/szybet/kdesrc/frameworks/knotifications/src/knotification.cpp:26[m[K:
[01m[K/home/build/inkbox/compiled-binaries/arm-kobo-linux-gnueabihf/arm-kobo-linux-gnueabihf/sysroot/include/KF5/KWindowSystem/kwindowsystem.h:158:17:[m[K [01;36m[Knote: [m[Kdeclared here
  158 |     static void [01;36m[KactivateWindow[m[K(WId win, long time = 0);
      |                 [01;36m[K^~~~~~~~~~~~~~[m[K
[ 82%] Building CXX object src/CMakeFiles/KF5Notifications.dir/notifybylogfile.cpp.o
[ 83%] Building CXX object src/CMakeFiles/KF5Notifications.dir/notifybyexecute.cpp.o
[ 84%] Building CXX object src/CMakeFiles/KF5Notifications.dir/notifybytaskbar.cpp.o
[ 84%] Building CXX object src/CMakeFiles/KF5Notifications.dir/kstatusnotifieritem.cpp.o
[ 85%] Building CXX object src/CMakeFiles/KF5Notifications.dir/kstatusnotifieritemdbus_p.cpp.o
[ 86%] Building CXX object src/CMakeFiles/KF5Notifications.dir/knotificationrestrictions.cpp.o
[ 87%] Building CXX object src/CMakeFiles/KF5Notifications.dir/imageconverter.cpp.o
[ 87%] Building CXX object src/CMakeFiles/KF5Notifications.dir/notifybypopup.cpp.o
[ 88%] Building CXX object src/CMakeFiles/KF5Notifications.dir/notifybyportal.cpp.o
[ 89%] Building CXX object src/CMakeFiles/KF5Notifications.dir/debug_p.cpp.o
[ 89%] Building CXX object src/CMakeFiles/KF5Notifications.dir/notifybyaudio_phonon.cpp.o
[ 90%] Building CXX object src/CMakeFiles/KF5Notifications.dir/statusnotifieritemadaptor.cpp.o
[ 91%] Building CXX object src/CMakeFiles/KF5Notifications.dir/statusnotifierwatcher_interface.cpp.o
[ 92%] Building CXX object src/CMakeFiles/KF5Notifications.dir/notifications_interface.cpp.o
[01m[K/home/szybet/kdesrc/frameworks/knotifications/src/kstatusnotifieritem.cpp:[m[K In member function '[01m[Kvoid KStatusNotifierItem::setAssociatedWidget(QWidget*)[m[K':
[01m[K/home/szybet/kdesrc/frameworks/knotifications/src/kstatusnotifieritem.cpp:487:65:[m[K [01;35m[Kwarning: [m[K'[01m[Kvoid KWindowSystem::windowAdded(WId)[m[K' is deprecated: Since 5.101. Use KX11Extras::windowAdded() [[01;35m[K-Wdeprecated-declarations[m[K]
  487 |         QObject::connect(KWindowSystem::self(), &KWindowSystem::[01;35m[KwindowAdded[m[K, d->associatedWidget, [this](WId id) {
      |                                                                 [01;35m[K^~~~~~~~~~~[m[K
In file included from [01m[K/home/szybet/kdesrc/frameworks/knotifications/src/kstatusnotifieritem.cpp:39[m[K:
[01m[K/home/build/inkbox/compiled-binaries/arm-kobo-linux-gnueabihf/arm-kobo-linux-gnueabihf/sysroot/include/KF5/KWindowSystem/kwindowsystem.h:899:10:[m[K [01;36m[Knote: [m[Kdeclared here
  899 |     void [01;36m[KwindowAdded[m[K(WId id);
      |          [01;36m[K^~~~~~~~~~~[m[K
[01m[K/home/szybet/kdesrc/frameworks/knotifications/src/kstatusnotifieritem.cpp:493:65:[m[K [01;35m[Kwarning: [m[K'[01m[Kvoid KWindowSystem::windowRemoved(WId)[m[K' is deprecated: Since 5.101. Use KX11Extras::windowRemoved() [[01;35m[K-Wdeprecated-declarations[m[K]
  493 |         QObject::connect(KWindowSystem::self(), &KWindowSystem::[01;35m[KwindowRemoved[m[K, d->associatedWidget, [this](WId id) {
      |                                                                 [01;35m[K^~~~~~~~~~~~~[m[K
In file included from [01m[K/home/szybet/kdesrc/frameworks/knotifications/src/kstatusnotifieritem.cpp:39[m[K:
[01m[K/home/build/inkbox/compiled-binaries/arm-kobo-linux-gnueabihf/arm-kobo-linux-gnueabihf/sysroot/include/KF5/KWindowSystem/kwindowsystem.h:909:10:[m[K [01;36m[Knote: [m[Kdeclared here
  909 |     void [01;36m[KwindowRemoved[m[K(WId id);
      |          [01;36m[K^~~~~~~~~~~~~[m[K
[01m[K/home/szybet/kdesrc/frameworks/knotifications/src/kstatusnotifieritem.cpp:[m[K In member function '[01m[Kbool KStatusNotifierItemPrivate::checkVisibility(QPoint, bool)[m[K':
[01m[K/home/szybet/kdesrc/frameworks/knotifications/src/kstatusnotifieritem.cpp:707:46:[m[K [01;35m[Kwarning: [m[K'[01m[Kstatic QList<unsigned int> KWindowSystem::stackingOrder()[m[K' is deprecated: Since 5.101. Use KX11Extras::stackingOrder() instead [[01;35m[K-Wdeprecated-declarations[m[K]
  707 |         QListIterator<WId> it(KWindowSystem::[01;35m[KstackingOrder[m[K());
      |                                              [01;35m[K^~~~~~~~~~~~~[m[K
In file included from [01m[K/home/szybet/kdesrc/frameworks/knotifications/src/kstatusnotifieritem.cpp:39[m[K:
[01m[K/home/build/inkbox/compiled-binaries/arm-kobo-linux-gnueabihf/arm-kobo-linux-gnueabihf/sysroot/include/KF5/KWindowSystem/kwindowsystem.h:115:23:[m[K [01;36m[Knote: [m[Kdeclared here
  115 |     static QList<WId> [01;36m[KstackingOrder[m[K();
      |                       [01;36m[K^~~~~~~~~~~~~[m[K
[01m[K/home/szybet/kdesrc/frameworks/knotifications/src/kstatusnotifieritem.cpp:707:59:[m[K [01;35m[Kwarning: [m[K'[01m[Kstatic QList<unsigned int> KWindowSystem::stackingOrder()[m[K' is deprecated: Since 5.101. Use KX11Extras::stackingOrder() instead [[01;35m[K-Wdeprecated-declarations[m[K]
  707 |         QListIterator<WId> it([01;35m[KKWindowSystem::stackingOrder()[m[K);
      |                               [01;35m[K~~~~~~~~~~~~~~~~~~~~~~~~~~~~^~[m[K
In file included from [01m[K/home/szybet/kdesrc/frameworks/knotifications/src/kstatusnotifieritem.cpp:39[m[K:
[01m[K/home/build/inkbox/compiled-binaries/arm-kobo-linux-gnueabihf/arm-kobo-linux-gnueabihf/sysroot/include/KF5/KWindowSystem/kwindowsystem.h:115:23:[m[K [01;36m[Knote: [m[Kdeclared here
  115 |     static QList<WId> [01;36m[KstackingOrder[m[K();
      |                       [01;36m[K^~~~~~~~~~~~~[m[K
[01m[K/home/szybet/kdesrc/frameworks/knotifications/src/kstatusnotifieritem.cpp:749:32:[m[K [01;35m[Kwarning: [m[K'[01m[Kstatic void KWindowSystem::forceActiveWindow(WId, long int)[m[K' is deprecated: Since 5.101. Use KX11Extras::forceActiveWindow() instead [[01;35m[K-Wdeprecated-declarations[m[K]
  749 |                 KWindowSystem::[01;35m[KforceActiveWindow[m[K(associatedWidget->winId());
      |                                [01;35m[K^~~~~~~~~~~~~~~~~[m[K
In file included from [01m[K/home/szybet/kdesrc/frameworks/knotifications/src/kstatusnotifieritem.cpp:39[m[K:
[01m[K/home/build/inkbox/compiled-binaries/arm-kobo-linux-gnueabihf/arm-kobo-linux-gnueabihf/sysroot/include/KF5/KWindowSystem/kwindowsystem.h:206:17:[m[K [01;36m[Knote: [m[Kdeclared here
  206 |     static void [01;36m[KforceActiveWindow[m[K(WId win, long time = 0);
      |                 [01;36m[K^~~~~~~~~~~~~~~~~[m[K
[01m[K/home/szybet/kdesrc/frameworks/knotifications/src/kstatusnotifieritem.cpp:749:49:[m[K [01;35m[Kwarning: [m[K'[01m[Kstatic void KWindowSystem::forceActiveWindow(WId, long int)[m[K' is deprecated: Since 5.101. Use KX11Extras::forceActiveWindow() instead [[01;35m[K-Wdeprecated-declarations[m[K]
  749 |                 [01;35m[KKWindowSystem::forceActiveWindow(associatedWidget->winId())[m[K;
      |                 [01;35m[K~~~~~~~~~~~~~~~~~~~~~~~~~~~~~~~~^~~~~~~~~~~~~~~~~~~~~~~~~~~[m[K
In file included from [01m[K/home/szybet/kdesrc/frameworks/knotifications/src/kstatusnotifieritem.cpp:39[m[K:
[01m[K/home/build/inkbox/compiled-binaries/arm-kobo-linux-gnueabihf/arm-kobo-linux-gnueabihf/sysroot/include/KF5/KWindowSystem/kwindowsystem.h:206:17:[m[K [01;36m[Knote: [m[Kdeclared here
  206 |     static void [01;36m[KforceActiveWindow[m[K(WId win, long time = 0);
      |                 [01;36m[K^~~~~~~~~~~~~~~~~[m[K
[01m[K/home/szybet/kdesrc/frameworks/knotifications/src/kstatusnotifieritem.cpp:759:46:[m[K [01;35m[Kwarning: [m[K'[01m[Kstatic void KWindowSystem::activateWindow(WId, long int)[m[K' is deprecated: Since 5.101. Use KX11Extras::activateWindow() or KWindowSystem::activateWindow(QWindow *) instead [[01;35m[K-Wdeprecated-declarations[m[K]
  759 |                 [01;35m[KKWindowSystem::activateWindow(associatedWidget->winId())[m[K;
      |                 [01;35m[K~~~~~~~~~~~~~~~~~~~~~~~~~~~~~^~~~~~~~~~~~~~~~~~~~~~~~~~~[m[K
In file included from [01m[K/home/szybet/kdesrc/frameworks/knotifications/src/kstatusnotifieritem.cpp:39[m[K:
[01m[K/home/build/inkbox/compiled-binaries/arm-kobo-linux-gnueabihf/arm-kobo-linux-gnueabihf/sysroot/include/KF5/KWindowSystem/kwindowsystem.h:158:17:[m[K [01;36m[Knote: [m[Kdeclared here
  158 |     static void [01;36m[KactivateWindow[m[K(WId win, long time = 0);
      |                 [01;36m[K^~~~~~~~~~~~~~[m[K
[01m[K/home/szybet/kdesrc/frameworks/knotifications/src/kstatusnotifieritem.cpp:[m[K In member function '[01m[Kvoid KStatusNotifierItemPrivate::minimizeRestore(bool)[m[K':
[01m[K/home/szybet/kdesrc/frameworks/knotifications/src/kstatusnotifieritem.cpp:1163:28:[m[K [01;35m[Kwarning: [m[K'[01m[Kstatic void KWindowSystem::setOnAllDesktops(WId, bool)[m[K' is deprecated: Since 5.101. Use KX11Extras::setOnAllDesktops() instead [[01;35m[K-Wdeprecated-declarations[m[K]
 1163 |             KWindowSystem::[01;35m[KsetOnAllDesktops[m[K(associatedWidget->winId(), true);
      |                            [01;35m[K^~~~~~~~~~~~~~~~[m[K
In file included from [01m[K/home/szybet/kdesrc/frameworks/knotifications/src/kstatusnotifieritem.cpp:39[m[K:
[01m[K/home/build/inkbox/compiled-binaries/arm-kobo-linux-gnueabihf/arm-kobo-linux-gnueabihf/sysroot/include/KF5/KWindowSystem/kwindowsystem.h:276:17:[m[K [01;36m[Knote: [m[Kdeclared here
  276 |     static void [01;36m[KsetOnAllDesktops[m[K(WId win, bool b);
      |                 [01;36m[K^~~~~~~~~~~~~~~~[m[K
[01m[K/home/szybet/kdesrc/frameworks/knotifications/src/kstatusnotifieritem.cpp:1163:44:[m[K [01;35m[Kwarning: [m[K'[01m[Kstatic void KWindowSystem::setOnAllDesktops(WId, bool)[m[K' is deprecated: Since 5.101. Use KX11Extras::setOnAllDesktops() instead [[01;35m[K-Wdeprecated-declarations[m[K]
 1163 |             [01;35m[KKWindowSystem::setOnAllDesktops(associatedWidget->winId(), true)[m[K;
      |             [01;35m[K~~~~~~~~~~~~~~~~~~~~~~~~~~~~~~~^~~~~~~~~~~~~~~~~~~~~~~~~~~~~~~~~[m[K
In file included from [01m[K/home/szybet/kdesrc/frameworks/knotifications/src/kstatusnotifieritem.cpp:39[m[K:
[01m[K/home/build/inkbox/compiled-binaries/arm-kobo-linux-gnueabihf/arm-kobo-linux-gnueabihf/sysroot/include/KF5/KWindowSystem/kwindowsystem.h:276:17:[m[K [01;36m[Knote: [m[Kdeclared here
  276 |     static void [01;36m[KsetOnAllDesktops[m[K(WId win, bool b);
      |                 [01;36m[K^~~~~~~~~~~~~~~~[m[K
[01m[K/home/szybet/kdesrc/frameworks/knotifications/src/kstatusnotifieritem.cpp:1165:28:[m[K [01;35m[Kwarning: [m[K'[01m[Kstatic void KWindowSystem::setCurrentDesktop(int)[m[K' is deprecated: Since 5.101. Use KX11Extras::setCurrentDesktop() instead [[01;35m[K-Wdeprecated-declarations[m[K]
 1165 |             KWindowSystem::[01;35m[KsetCurrentDesktop[m[K(info.desktop());
      |                            [01;35m[K^~~~~~~~~~~~~~~~~[m[K
In file included from [01m[K/home/szybet/kdesrc/frameworks/knotifications/src/kstatusnotifieritem.cpp:39[m[K:
[01m[K/home/build/inkbox/compiled-binaries/arm-kobo-linux-gnueabihf/arm-kobo-linux-gnueabihf/sysroot/include/KF5/KWindowSystem/kwindowsystem.h:262:17:[m[K [01;36m[Knote: [m[Kdeclared here
  262 |     static void [01;36m[KsetCurrentDesktop[m[K(int desktop);
      |                 [01;36m[K^~~~~~~~~~~~~~~~~[m[K
[01m[K/home/szybet/kdesrc/frameworks/knotifications/src/kstatusnotifieritem.cpp:1165:45:[m[K [01;35m[Kwarning: [m[K'[01m[Kstatic void KWindowSystem::setCurrentDesktop(int)[m[K' is deprecated: Since 5.101. Use KX11Extras::setCurrentDesktop() instead [[01;35m[K-Wdeprecated-declarations[m[K]
 1165 |             [01;35m[KKWindowSystem::setCurrentDesktop(info.desktop())[m[K;
      |             [01;35m[K~~~~~~~~~~~~~~~~~~~~~~~~~~~~~~~~^~~~~~~~~~~~~~~~[m[K
In file included from [01m[K/home/szybet/kdesrc/frameworks/knotifications/src/kstatusnotifieritem.cpp:39[m[K:
[01m[K/home/build/inkbox/compiled-binaries/arm-kobo-linux-gnueabihf/arm-kobo-linux-gnueabihf/sysroot/include/KF5/KWindowSystem/kwindowsystem.h:262:17:[m[K [01;36m[Knote: [m[Kdeclared here
  262 |     static void [01;36m[KsetCurrentDesktop[m[K(int desktop);
      |                 [01;36m[K^~~~~~~~~~~~~~~~~[m[K
[01m[K/home/szybet/kdesrc/frameworks/knotifications/src/kstatusnotifieritem.cpp:1173:42:[m[K [01;35m[Kwarning: [m[K'[01m[Kstatic void KWindowSystem::activateWindow(WId, long int)[m[K' is deprecated: Since 5.101. Use KX11Extras::activateWindow() or KWindowSystem::activateWindow(QWindow *) instead [[01;35m[K-Wdeprecated-declarations[m[K]
 1173 |             [01;35m[KKWindowSystem::activateWindow(associatedWidget->window()->winId())[m[K;
      |             [01;35m[K~~~~~~~~~~~~~~~~~~~~~~~~~~~~~^~~~~~~~~~~~~~~~~~~~~~~~~~~~~~~~~~~~~[m[K
In file included from [01m[K/home/szybet/kdesrc/frameworks/knotifications/src/kstatusnotifieritem.cpp:39[m[K:
[01m[K/home/build/inkbox/compiled-binaries/arm-kobo-linux-gnueabihf/arm-kobo-linux-gnueabihf/sysroot/include/KF5/KWindowSystem/kwindowsystem.h:158:17:[m[K [01;36m[Knote: [m[Kdeclared here
  158 |     static void [01;36m[KactivateWindow[m[K(WId win, long time = 0);
      |                 [01;36m[K^~~~~~~~~~~~~~[m[K
[01m[K/home/szybet/kdesrc/frameworks/knotifications/src/kstatusnotifieritem.cpp:[m[K In member function '[01m[KKDbusImageStruct KStatusNotifierItemPrivate::imageToStruct(const QImage&)[m[K':
[01m[K/home/szybet/kdesrc/frameworks/knotifications/src/kstatusnotifieritem.cpp:1196:28:[m[K [01;35m[Kwarning: [m[Kcast from '[01m[Kchar*[m[K' to '[01m[Kquint32*[m[K' {aka '[01m[Kunsigned int*[m[K'} increases required alignment of target type [[01;35m[K-Wcast-align[m[K]
 1196 |         quint32 *uintBuf = [01;35m[K(quint32 *)icon.data.data()[m[K;
      |                            [01;35m[K^~~~~~~~~~~~~~~~~~~~~~~~~~~[m[K
[01m[K/home/szybet/kdesrc/frameworks/knotifications/src/notifybyportal.cpp:[m[K In member function '[01m[Kvoid NotifyByPortalPrivate::closePortalNotification(KNotification*)[m[K':
[01m[K/home/szybet/kdesrc/frameworks/knotifications/src/notifybyportal.cpp:345:19:[m[K [01;36m[Knote: [m[Kparameter passing for argument of type '[01m[Kstd::initializer_list<QVariant>[m[K' changed in GCC 7.1
  345 |     [01;36m[Km.setArguments({QString::number(id)})[m[K;
      |     [01;36m[K~~~~~~~~~~~~~~^~~~~~~~~~~~~~~~~~~~~~~[m[K
In file included from [01m[K/home/build/inkbox/compiled-binaries/arm-kobo-linux-gnueabihf/arm-kobo-linux-gnueabihf/sysroot/include/QtCore/qobject.h:49[m[K,
                 from [01m[K/home/build/inkbox/compiled-binaries/arm-kobo-linux-gnueabihf/arm-kobo-linux-gnueabihf/sysroot/include/QtCore/QObject:1[m[K,
                 from [01m[K/home/szybet/kdesrc/frameworks/knotifications/src/knotificationplugin.h:10[m[K,
                 from [01m[K/home/szybet/kdesrc/frameworks/knotifications/src/notifybyportal.h:13[m[K,
                 from [01m[K/home/szybet/kdesrc/frameworks/knotifications/src/notifybyportal.cpp:10[m[K:
[01m[K/home/build/inkbox/compiled-binaries/arm-kobo-linux-gnueabihf/arm-kobo-linux-gnueabihf/sysroot/include/QtCore/qlist.h:[m[K In constructor '[01m[KQList<T>::QList(std::initializer_list<_Tp>) [with T = QVariant][m[K':
[01m[K/home/build/inkbox/compiled-binaries/arm-kobo-linux-gnueabihf/arm-kobo-linux-gnueabihf/sysroot/include/QtCore/qlist.h:169:12:[m[K [01;36m[Knote: [m[Kparameter passing for argument of type '[01m[Kstd::initializer_list<QVariant>[m[K' changed in GCC 7.1
  169 |     inline [01;36m[KQList[m[K(std::initializer_list<T> args)
      |            [01;36m[K^~~~~[m[K
[01m[K/home/szybet/kdesrc/frameworks/knotifications/src/kstatusnotifieritem.cpp:[m[K In member function '[01m[Kvoid KStatusNotifierItemPrivate::registerToDaemon()[m[K':
[01m[K/home/szybet/kdesrc/frameworks/knotifications/src/kstatusnotifieritem.cpp:901:26:[m[K [01;36m[Knote: [m[Kparameter passing for argument of type '[01m[Kstd::initializer_list<QVariant>[m[K' changed in GCC 7.1
  901 |         msg.setArguments([01;36m[KQVariantList{QStringLiteral("org.kde.StatusNotifierWatcher"), QStringLiteral("ProtocolVersion")}[m[K);
      |                          [01;36m[K^~~~~~~~~~~~~~~~~~~~~~~~~~~~~~~~~~~~~~~~~~~~~~~~~~~~~~~~~~~~~~~~~~~~~~~~~~~~~~~~~~~~~~~~~~~~~~~~[m[K
In file included from [01m[K/home/build/inkbox/compiled-binaries/arm-kobo-linux-gnueabihf/arm-kobo-linux-gnueabihf/sysroot/include/QtCore/qobject.h:49[m[K,
                 from [01m[K/home/build/inkbox/compiled-binaries/arm-kobo-linux-gnueabihf/arm-kobo-linux-gnueabihf/sysroot/include/QtCore/QObject:1[m[K,
                 from [01m[K/home/szybet/kdesrc/frameworks/knotifications/src/kstatusnotifieritem.h:11[m[K,
                 from [01m[K/home/szybet/kdesrc/frameworks/knotifications/src/kstatusnotifieritem.cpp:8[m[K:
[01m[K/home/build/inkbox/compiled-binaries/arm-kobo-linux-gnueabihf/arm-kobo-linux-gnueabihf/sysroot/include/QtCore/qlist.h:[m[K In constructor '[01m[KQList<T>::QList(std::initializer_list<_Tp>) [with T = QVariant][m[K':
[01m[K/home/build/inkbox/compiled-binaries/arm-kobo-linux-gnueabihf/arm-kobo-linux-gnueabihf/sysroot/include/QtCore/qlist.h:169:12:[m[K [01;36m[Knote: [m[Kparameter passing for argument of type '[01m[Kstd::initializer_list<QVariant>[m[K' changed in GCC 7.1
  169 |     inline [01;36m[KQList[m[K(std::initializer_list<T> args)
      |            [01;36m[K^~~~~[m[K
[ 92%] Linking CXX shared library ../bin/libKF5Notifications.so
[ 96%] Built target KF5Notifications
[ 97%] Automatic MOC for target knotificationqmlplugin
[ 97%] Built target knotificationqmlplugin_autogen
[ 98%] Building CXX object src/qml/CMakeFiles/knotificationqmlplugin.dir/knotificationqmlplugin.cpp.o
[ 98%] Building CXX object src/qml/CMakeFiles/knotificationqmlplugin.dir/knotificationqmlplugin_autogen/mocs_compilation.cpp.o
[100%] Linking CXX shared library ../../bin/libknotificationqmlplugin.so
[100%] Built target knotificationqmlplugin
