# kdesrc-build running: 'make' '-j' '8'
# from directory: /home/szybet/kdesrc/build/frameworks/kxmlgui
[  1%] Generating ts...
[  3%] Generating mo...
[  5%] Automatic MOC for target KF5XmlGui
[  7%] Automatic MOC for target ksendbugmail
[  7%] Built target tsfiles-c6090ddd75a8ae84c3fd16dc0511905e
[  7%] Built target ksendbugmail_autogen
[  8%] Building CXX object src/ksendbugmail/CMakeFiles/ksendbugmail.dir/ksendbugmail_autogen/mocs_compilation.cpp.o
[ 10%] Building CXX object src/ksendbugmail/CMakeFiles/ksendbugmail.dir/main.cpp.o
[ 12%] Building CXX object src/ksendbugmail/CMakeFiles/ksendbugmail.dir/smtp.cpp.o
[ 12%] Built target pofiles-c6090ddd75a8ae84c3fd16dc0511905e
[ 12%] Built target KF5XmlGui_autogen
[ 14%] Generating ui_kshortcutwidget.h
[ 17%] Generating ui_kshortcutsdialog.h
[ 17%] Automatic RCC for kxmlgui.qrc
[ 21%] Building CXX object src/CMakeFiles/KF5XmlGui.dir/kaboutapplicationcomponentlistdelegate_p.cpp.o
[ 21%] Building CXX object src/CMakeFiles/KF5XmlGui.dir/KF5XmlGui_autogen/mocs_compilation.cpp.o
[ 22%] Building CXX object src/CMakeFiles/KF5XmlGui.dir/kaboutapplicationcomponentmodel_p.cpp.o
[ 24%] Building CXX object src/CMakeFiles/KF5XmlGui.dir/kaboutapplicationdialog.cpp.o
[ 26%] Building CXX object src/CMakeFiles/KF5XmlGui.dir/kaboutapplicationlistview_p.cpp.o
[ 28%] Building CXX object src/CMakeFiles/KF5XmlGui.dir/kaboutapplicationpersonlistdelegate_p.cpp.o
[ 29%] Building CXX object src/CMakeFiles/KF5XmlGui.dir/kaboutapplicationpersonmodel_p.cpp.o
[ 31%] Linking CXX executable ../../bin/ksendbugmail
[ 31%] Built target ksendbugmail
[ 33%] Building CXX object src/CMakeFiles/KF5XmlGui.dir/kaboutkdedialog_p.cpp.o
[ 35%] Building CXX object src/CMakeFiles/KF5XmlGui.dir/kaboutplugindialog.cpp.o
[ 36%] Building CXX object src/CMakeFiles/KF5XmlGui.dir/kabstractaboutdialog_p.cpp.o
[ 38%] Building CXX object src/CMakeFiles/KF5XmlGui.dir/kactioncategory.cpp.o
[ 40%] Building CXX object src/CMakeFiles/KF5XmlGui.dir/kactioncollection.cpp.o
[ 42%] Building CXX object src/CMakeFiles/KF5XmlGui.dir/kactionconflictdetector.cpp.o
[ 43%] Building CXX object src/CMakeFiles/KF5XmlGui.dir/kbugreport.cpp.o
[ 45%] Building CXX object src/CMakeFiles/KF5XmlGui.dir/kedittoolbar.cpp.o
[ 47%] Building CXX object src/CMakeFiles/KF5XmlGui.dir/khelpmenu.cpp.o
[ 49%] Building CXX object src/CMakeFiles/KF5XmlGui.dir/kkeysequencewidget.cpp.o
[ 50%] Building CXX object src/CMakeFiles/KF5XmlGui.dir/klicensedialog_p.cpp.o
[ 52%] Building CXX object src/CMakeFiles/KF5XmlGui.dir/kmainwindow.cpp.o
[ 54%] Building CXX object src/CMakeFiles/KF5XmlGui.dir/kmenumenuhandler_p.cpp.o
[ 56%] Building CXX object src/CMakeFiles/KF5XmlGui.dir/kshortcuteditwidget.cpp.o
[ 57%] Building CXX object src/CMakeFiles/KF5XmlGui.dir/kshortcutschemeseditor.cpp.o
[ 59%] Building CXX object src/CMakeFiles/KF5XmlGui.dir/kshortcutschemeshelper.cpp.o
[ 61%] Building CXX object src/CMakeFiles/KF5XmlGui.dir/kshortcutsdialog.cpp.o
[ 63%] Building CXX object src/CMakeFiles/KF5XmlGui.dir/kshortcutseditor.cpp.o
[ 64%] Building CXX object src/CMakeFiles/KF5XmlGui.dir/kshortcutseditordelegate.cpp.o
[ 66%] Building CXX object src/CMakeFiles/KF5XmlGui.dir/kshortcutseditoritem.cpp.o
[ 68%] Building CXX object src/CMakeFiles/KF5XmlGui.dir/kshortcutwidget.cpp.o
[ 70%] Building CXX object src/CMakeFiles/KF5XmlGui.dir/kswitchlanguagedialog_p.cpp.o
[ 71%] Building CXX object src/CMakeFiles/KF5XmlGui.dir/ktoggletoolbaraction.cpp.o
[ 73%] Building CXX object src/CMakeFiles/KF5XmlGui.dir/ktoolbar.cpp.o
[ 75%] Building CXX object src/CMakeFiles/KF5XmlGui.dir/ktoolbarhandler.cpp.o
[ 77%] Building CXX object src/CMakeFiles/KF5XmlGui.dir/ktoolbarhelper.cpp.o
[ 78%] Building CXX object src/CMakeFiles/KF5XmlGui.dir/ktooltiphelper.cpp.o
[ 80%] Building CXX object src/CMakeFiles/KF5XmlGui.dir/kxmlguibuilder.cpp.o
[ 82%] Building CXX object src/CMakeFiles/KF5XmlGui.dir/kxmlguiclient.cpp.o
[ 84%] Building CXX object src/CMakeFiles/KF5XmlGui.dir/kxmlguifactory.cpp.o
[ 85%] Building CXX object src/CMakeFiles/KF5XmlGui.dir/kxmlguifactory_p.cpp.o
[ 87%] Building CXX object src/CMakeFiles/KF5XmlGui.dir/kxmlguiversionhandler.cpp.o
[ 89%] Building CXX object src/CMakeFiles/KF5XmlGui.dir/kxmlguiwindow.cpp.o
[ 91%] Building CXX object src/CMakeFiles/KF5XmlGui.dir/kundoactions.cpp.o
[ 92%] Building CXX object src/CMakeFiles/KF5XmlGui.dir/kcheckaccelerators.cpp.o
[ 94%] Building CXX object src/CMakeFiles/KF5XmlGui.dir/kmainwindowiface.cpp.o
[ 96%] Building CXX object src/CMakeFiles/KF5XmlGui.dir/debug.cpp.o
[ 98%] Building CXX object src/CMakeFiles/KF5XmlGui.dir/KF5XmlGui_autogen/EWIEGA46WW/qrc_kxmlgui.cpp.o
[100%] Linking CXX shared library ../bin/libKF5XmlGui.so
[100%] Built target KF5XmlGui
