# kdesrc-build running: 'make' '-j' '8'
# from directory: /home/szybet/kdesrc/build/kdesupport/polkit-qt-1
-- The following REQUIRED packages have been found:

 * Qt5Core
 * Qt5DBus
 * Qt5Gui (required version >= 5.15.2)
 * Qt5Widgets
 * Qt5 (required version >= 5.5.0)
 * PkgConfig

-- Configuring done (0.1s)
-- Generating done (0.1s)
-- Build files have been written to: /home/szybet/kdesrc/build/kdesupport/polkit-qt-1
[  4%] Automatic MOC and UIC for target polkit-qt5-core-1
[  4%] Built target polkit-qt5-core-1_autogen
[  9%] Linking CXX shared library libpolkit-qt5-core-1.so
[ 40%] Built target polkit-qt5-core-1
[ 45%] Automatic MOC and UIC for target polkit-qt5-gui-1
[ 50%] Automatic MOC and UIC for target polkit-qt5-agent-1
[ 50%] Built target polkit-qt5-agent-1_autogen
[ 50%] Built target polkit-qt5-gui-1_autogen
[ 54%] Linking CXX shared library libpolkit-qt5-gui-1.so
[ 59%] Linking CXX shared library libpolkit-qt5-agent-1.so
[ 81%] Built target polkit-qt5-agent-1
[100%] Built target polkit-qt5-gui-1
