# kdesrc-build running: 'make' '-j' '8'
# from directory: /home/szybet/kdesrc/build/frameworks/kwindowsystem
[  1%] Generating ECMPoQm/af/kwindowsystem5_qt.qm
[  2%] Generating ECMPoQm/ar/kwindowsystem5_qt.qm
[  3%] Generating ECMPoQm/as/kwindowsystem5_qt.qm
[  4%] Generating ECMPoQm/az/kwindowsystem5_qt.qm
[  5%] Generating ECMPoQm/be/kwindowsystem5_qt.qm
[  6%] Generating ECMPoQm/bg/kwindowsystem5_qt.qm
[  6%] Generating ECMPoQm/be@latin/kwindowsystem5_qt.qm
[  6%] Built target translations_2
[  7%] Generating ECMPoQm/bn/kwindowsystem5_qt.qm
[  7%] Built target translations_4
[  7%] Built target translations_7
[  8%] Generating ECMPoQm/bn_IN/kwindowsystem5_qt.qm
[  8%] Generating ECMPoQm/br/kwindowsystem5_qt.qm
[  9%] Generating ECMPoQm/bs/kwindowsystem5_qt.qm
[  9%] Built target translations_3
[  9%] Built target translations_11
[  9%] Built target translations_6
[ 10%] Generating ECMPoQm/ca/kwindowsystem5_qt.qm
[ 10%] Built target translations_1
[ 10%] Built target translations_5
[ 10%] Built target translations_8
[ 10%] Generating ECMPoQm/ca@valencia/kwindowsystem5_qt.qm
[ 10%] Built target translations_12
[ 11%] Generating ECMPoQm/crh/kwindowsystem5_qt.qm
[ 11%] Built target translations_9
[ 12%] Generating ECMPoQm/cs/kwindowsystem5_qt.qm
[ 13%] Generating ECMPoQm/csb/kwindowsystem5_qt.qm
[ 14%] Generating ECMPoQm/da/kwindowsystem5_qt.qm
[ 14%] Generating ECMPoQm/cy/kwindowsystem5_qt.qm
[ 14%] Built target translations_13
[ 14%] Built target translations_15
[ 14%] Built target translations_10
[ 15%] Generating ECMPoQm/de/kwindowsystem5_qt.qm
Removed plural forms as the target language has less forms.
If this sounds wrong, possibly the target language is not set or recognized.
[ 15%] Generating ECMPoQm/el/kwindowsystem5_qt.qm
Removed plural forms as the target language has less forms.
If this sounds wrong, possibly the target language is not set or recognized.
[ 16%] Generating ECMPoQm/en_GB/kwindowsystem5_qt.qm
[ 17%] Generating ECMPoQm/eo/kwindowsystem5_qt.qm
[ 17%] Built target translations_22
[ 17%] Built target translations_14
[ 18%] Generating ECMPoQm/es/kwindowsystem5_qt.qm
[ 18%] Built target translations_19
[ 18%] Built target translations_16
[ 18%] Built target translations_17
[ 18%] Built target translations_18
[ 18%] Generating ECMPoQm/et/kwindowsystem5_qt.qm
[ 19%] Generating ECMPoQm/fa/kwindowsystem5_qt.qm
[ 20%] Generating ECMPoQm/eu/kwindowsystem5_qt.qm
[ 20%] Generating ECMPoQm/fr/kwindowsystem5_qt.qm
[ 21%] Generating ECMPoQm/fi/kwindowsystem5_qt.qm
[ 21%] Built target translations_20
[ 21%] Built target translations_21
[ 22%] Generating ECMPoQm/fy/kwindowsystem5_qt.qm
[ 23%] Generating ECMPoQm/ga/kwindowsystem5_qt.qm
[ 23%] Built target translations_23
[ 23%] Generating ECMPoQm/gd/kwindowsystem5_qt.qm
[ 23%] Built target translations_25
[ 23%] Built target translations_24
[ 23%] Built target translations_28
[ 23%] Built target translations_31
[ 23%] Built target translations_27
[ 24%] Generating ECMPoQm/gl/kwindowsystem5_qt.qm
Removed plural forms as the target language has less forms.
If this sounds wrong, possibly the target language is not set or recognized.
[ 25%] Generating ECMPoQm/gu/kwindowsystem5_qt.qm
[ 25%] Built target translations_26
[ 26%] Generating ECMPoQm/ha/kwindowsystem5_qt.qm
[ 27%] Generating ECMPoQm/hi/kwindowsystem5_qt.qm
[ 27%] Generating ECMPoQm/he/kwindowsystem5_qt.qm
[ 28%] Generating ECMPoQm/hne/kwindowsystem5_qt.qm
[ 28%] Built target translations_29
[ 28%] Built target translations_34
[ 28%] Built target translations_30
[ 28%] Built target translations_35
[ 29%] Generating ECMPoQm/hr/kwindowsystem5_qt.qm
[ 29%] Generating ECMPoQm/hsb/kwindowsystem5_qt.qm
Removed plural forms as the target language has less forms.
If this sounds wrong, possibly the target language is not set or recognized.
[ 29%] Built target translations_32
[ 29%] Generating ECMPoQm/hy/kwindowsystem5_qt.qm
[ 30%] Generating ECMPoQm/hu/kwindowsystem5_qt.qm
[ 30%] Built target translations_33
[ 31%] Generating ECMPoQm/ia/kwindowsystem5_qt.qm
[ 31%] Built target translations_36
[ 32%] Generating ECMPoQm/id/kwindowsystem5_qt.qm
[ 32%] Built target translations_37
Removed plural forms as the target language has less forms.
If this sounds wrong, possibly the target language is not set or recognized.
Removed plural forms as the target language has less forms.
If this sounds wrong, possibly the target language is not set or recognized.
Removed plural forms as the target language has less forms.
If this sounds wrong, possibly the target language is not set or recognized.
[ 33%] Generating ECMPoQm/is/kwindowsystem5_qt.qm
[ 33%] Built target translations_38
[ 33%] Generating ECMPoQm/it/kwindowsystem5_qt.qm
[ 33%] Built target translations_39
[ 33%] Built target translations_40
[ 34%] Generating ECMPoQm/ja/kwindowsystem5_qt.qm
[ 34%] Built target translations_41
[ 34%] Built target translations_46
[ 34%] Built target translations_42
[ 35%] Generating ECMPoQm/ka/kwindowsystem5_qt.qm
[ 36%] Generating ECMPoQm/kk/kwindowsystem5_qt.qm
[ 36%] Built target translations_43
[ 36%] Generating ECMPoQm/km/kwindowsystem5_qt.qm
[ 37%] Generating ECMPoQm/kn/kwindowsystem5_qt.qm
[ 38%] Generating ECMPoQm/ko/kwindowsystem5_qt.qm
[ 38%] Built target translations_44
[ 38%] Built target translations_47
[ 38%] Generating ECMPoQm/ku/kwindowsystem5_qt.qm
[ 39%] Generating ECMPoQm/lb/kwindowsystem5_qt.qm
[ 39%] Built target translations_51
[ 40%] Generating ECMPoQm/lt/kwindowsystem5_qt.qm
[ 41%] Generating ECMPoQm/lv/kwindowsystem5_qt.qm
[ 41%] Built target translations_54
[ 41%] Built target translations_45
[ 41%] Built target translations_48
[ 41%] Built target translations_49
[ 41%] Generating ECMPoQm/mai/kwindowsystem5_qt.qm
[ 41%] Built target translations_50
[ 42%] Generating ECMPoQm/ml/kwindowsystem5_qt.qm
[ 43%] Generating ECMPoQm/mk/kwindowsystem5_qt.qm
[ 44%] Generating ECMPoQm/mr/kwindowsystem5_qt.qm
[ 44%] Built target translations_52
[ 45%] Generating ECMPoQm/ms/kwindowsystem5_qt.qm
Removed plural forms as the target language has less forms.
If this sounds wrong, possibly the target language is not set or recognized.
[ 45%] Built target translations_55
[ 45%] Built target translations_53
[ 46%] Generating ECMPoQm/nb/kwindowsystem5_qt.qm
[ 47%] Generating ECMPoQm/nds/kwindowsystem5_qt.qm
[ 47%] Built target translations_56
[ 47%] Generating ECMPoQm/ne/kwindowsystem5_qt.qm
Removed plural forms as the target language has less forms.
If this sounds wrong, possibly the target language is not set or recognized.
[ 47%] Built target translations_61
[ 48%] Generating ECMPoQm/nl/kwindowsystem5_qt.qm
[ 50%] Generating ECMPoQm/nn/kwindowsystem5_qt.qm
[ 50%] Built target translations_57
[ 50%] Built target translations_58
[ 50%] Built target translations_60
[ 51%] Generating ECMPoQm/oc/kwindowsystem5_qt.qm
[ 51%] Built target translations_65
[ 51%] Built target translations_59
Removed plural forms as the target language has less forms.
If this sounds wrong, possibly the target language is not set or recognized.
[ 51%] Generating ECMPoQm/or/kwindowsystem5_qt.qm
[ 52%] Generating ECMPoQm/pa/kwindowsystem5_qt.qm
[ 53%] Generating ECMPoQm/pl/kwindowsystem5_qt.qm
[ 53%] Generating ECMPoQm/ps/kwindowsystem5_qt.qm
[ 53%] Built target translations_66
[ 53%] Built target translations_64
[ 53%] Built target translations_63
[ 54%] Generating ECMPoQm/pt_BR/kwindowsystem5_qt.qm
[ 55%] Generating ECMPoQm/ro/kwindowsystem5_qt.qm
[ 55%] Built target translations_62
[ 56%] Generating ECMPoQm/pt/kwindowsystem5_qt.qm
[ 56%] Built target translations_72
[ 56%] Built target translations_68
[ 56%] Built target translations_71
[ 56%] Built target translations_67
[ 56%] Built target translations_69
[ 56%] Generating ECMPoQm/ru/kwindowsystem5_qt.qm
[ 57%] Generating ECMPoQm/se/kwindowsystem5_qt.qm
[ 57%] Built target translations_70
[ 58%] Generating ECMPoQm/sk/kwindowsystem5_qt.qm
[ 59%] Generating ECMPoQm/si/kwindowsystem5_qt.qm
[ 59%] Generating ECMPoQm/sl/kwindowsystem5_qt.qm
[ 59%] Built target translations_75
[ 60%] Generating ECMPoQm/sq/kwindowsystem5_qt.qm
[ 61%] Generating ECMPoQm/sr/kwindowsystem5_qt.qm
Removed plural forms as the target language has less forms.
If this sounds wrong, possibly the target language is not set or recognized.
[ 61%] Generating ECMPoQm/sr@ijekavian/kwindowsystem5_qt.qm
[ 61%] Built target translations_73
[ 61%] Built target translations_80
[ 61%] Built target translations_81
[ 62%] Generating ECMPoQm/sr@ijekavianlatin/kwindowsystem5_qt.qm
[ 62%] Built target translations_74
[ 63%] Generating ECMPoQm/sr@latin/kwindowsystem5_qt.qm
[ 64%] Generating ECMPoQm/sv/kwindowsystem5_qt.qm
[ 64%] Built target translations_77
[ 64%] Built target translations_82
[ 64%] Generating ECMPoQm/ta/kwindowsystem5_qt.qm
[ 64%] Built target translations_78
[ 64%] Built target translations_76
[ 64%] Built target translations_84
[ 64%] Built target translations_79
[ 64%] Built target translations_83
[ 65%] Generating ECMPoQm/te/kwindowsystem5_qt.qm
[ 66%] Generating ECMPoQm/tg/kwindowsystem5_qt.qm
[ 67%] Generating ECMPoQm/th/kwindowsystem5_qt.qm
[ 68%] Generating ECMPoQm/tt/kwindowsystem5_qt.qm
[ 69%] Generating ECMPoQm/ug/kwindowsystem5_qt.qm
[ 69%] Generating ECMPoQm/uk/kwindowsystem5_qt.qm
[ 69%] Generating ECMPoQm/tr/kwindowsystem5_qt.qm
[ 69%] Built target translations_92
[ 69%] Built target translations_89
Removed plural forms as the target language has less forms.
If this sounds wrong, possibly the target language is not set or recognized.
Removed plural forms as the target language has less forms.
If this sounds wrong, possibly the target language is not set or recognized.
[ 70%] Generating ECMPoQm/uz/kwindowsystem5_qt.qm
[ 70%] Built target translations_85
[ 71%] Generating ECMPoQm/uz@cyrillic/kwindowsystem5_qt.qm
[ 72%] Generating ECMPoQm/vi/kwindowsystem5_qt.qm
[ 72%] Built target translations_86
[ 72%] Built target translations_90
[ 72%] Built target translations_87
[ 72%] Built target translations_91
[ 72%] Built target translations_95
[ 72%] Built target translations_88
[ 73%] Generating ECMPoQm/xh/kwindowsystem5_qt.qm
[ 73%] Generating ECMPoQm/wa/kwindowsystem5_qt.qm
[ 74%] Generating ECMPoQm/zh_CN/kwindowsystem5_qt.qm
[ 75%] Generating ECMPoQm/zh_HK/kwindowsystem5_qt.qm
[ 76%] Generating ECMPoQm/zh_TW/kwindowsystem5_qt.qm
[ 76%] Automatic MOC for target KF5WindowSystem
[ 76%] Built target translations_98
[ 76%] Built target translations_100
[ 76%] Built target translations_93
[ 76%] Built target translations_94
[ 76%] Built target translations_97
[ 76%] Built target translations_96
[ 76%] Built target translations_99
[ 76%] Built target KF5WindowSystem_autogen
[ 77%] Building CXX object src/CMakeFiles/KF5WindowSystem.dir/KF5WindowSystem_autogen/mocs_compilation.cpp.o
[ 78%] Building CXX object src/CMakeFiles/KF5WindowSystem.dir/kkeyserver.cpp.o
[ 78%] Building CXX object src/CMakeFiles/KF5WindowSystem.dir/kstartupinfo.cpp.o
[ 78%] Building CXX object src/CMakeFiles/KF5WindowSystem.dir/ECMQmLoader-kwindowsystem5_qt.cpp.o
[ 79%] Building CXX object src/CMakeFiles/KF5WindowSystem.dir/kusertimestamp.cpp.o
[ 80%] Building CXX object src/CMakeFiles/KF5WindowSystem.dir/kwindoweffects.cpp.o
[ 81%] Building CXX object src/CMakeFiles/KF5WindowSystem.dir/kwindoweffects_dummy.cpp.o
[ 81%] Building CXX object src/CMakeFiles/KF5WindowSystem.dir/kwindowinfo.cpp.o
[ 82%] Building CXX object src/CMakeFiles/KF5WindowSystem.dir/kwindowshadow.cpp.o
[ 83%] Building CXX object src/CMakeFiles/KF5WindowSystem.dir/kwindowsystem.cpp.o
[ 84%] Building CXX object src/CMakeFiles/KF5WindowSystem.dir/pluginwrapper.cpp.o
[ 84%] Building CXX object src/CMakeFiles/KF5WindowSystem.dir/kwindowsystemplugininterface.cpp.o
[ 85%] Building CXX object src/CMakeFiles/KF5WindowSystem.dir/kwindowsystem_debug.cpp.o
[ 86%] Building CXX object src/CMakeFiles/KF5WindowSystem.dir/kwindowsystem_xcb_debug.cpp.o
[ 87%] Linking CXX shared library ../bin/libKF5WindowSystem.so
[ 87%] Built target KF5WindowSystem
[ 87%] Automatic MOC for target blurbehindtest
[ 87%] Automatic MOC for target backgroundcontrasttest
[ 88%] Automatic MOC for target kwindowsystemplatformwaylandtest
[ 88%] Built target blurbehindtest_autogen
[ 88%] Built target backgroundcontrasttest_autogen
[ 89%] Building CXX object tests/CMakeFiles/blurbehindtest.dir/blurbehindtest_autogen/mocs_compilation.cpp.o
[ 90%] Building CXX object tests/CMakeFiles/backgroundcontrasttest.dir/backgroundcontrasttest_autogen/mocs_compilation.cpp.o
[ 92%] Building CXX object tests/CMakeFiles/backgroundcontrasttest.dir/backgroundcontrasttest.cpp.o
[ 92%] Building CXX object tests/CMakeFiles/blurbehindtest.dir/blurbehindtest.cpp.o
[ 92%] Built target kwindowsystemplatformwaylandtest_autogen
[ 93%] Building CXX object autotests/CMakeFiles/kwindowsystemplatformwaylandtest.dir/kwindowsystemplatformwaylandtest_autogen/mocs_compilation.cpp.o
[ 93%] Building CXX object autotests/CMakeFiles/kwindowsystemplatformwaylandtest.dir/kwindowsystem_platform_wayland_test.cpp.o
[ 94%] Linking CXX executable ../bin/blurbehindtest
[ 94%] Built target blurbehindtest
[ 95%] Linking CXX executable ../bin/backgroundcontrasttest
[ 95%] Built target backgroundcontrasttest
[ 96%] Linking CXX executable ../bin/kwindowsystemplatformwaylandtest
[ 96%] Built target kwindowsystemplatformwaylandtest
[ 97%] Automatic MOC for target kwindowsystem_platform_wayland_helper
[ 97%] Built target kwindowsystem_platform_wayland_helper_autogen
[ 98%] Building CXX object autotests/helper/CMakeFiles/kwindowsystem_platform_wayland_helper.dir/kwindowsystem_platform_wayland_helper_autogen/mocs_compilation.cpp.o
[ 98%] Building CXX object autotests/helper/CMakeFiles/kwindowsystem_platform_wayland_helper.dir/wayland_platform.cpp.o
[100%] Linking CXX executable ../../bin/kwindowsystem_platform_wayland_helper
[100%] Built target kwindowsystem_platform_wayland_helper
