# kdesrc-build running: 'make' '-j' '8'
# from directory: /home/szybet/kdesrc/build/frameworks/kconfig
-- 

Installing in /mnt/HDD/Project/Public/okulartry/okular-things. Run /home/szybet/kdesrc/build/frameworks/kconfig/prefix.sh to set the environment for KConfig.
-- The following REQUIRED packages have been found:

 * ECM (required version >= 5.106.0), Extra CMake Modules., <https://commits.kde.org/extra-cmake-modules>
 * Qt5Xml
 * Qt5Gui
 * Qt5Network (required version >= 5.15.2)
 * Qt5Qml
 * Qt5DBus
 * Qt5 (required version >= 5.15.2)
 * Qt5LinguistTools

-- The following features have been disabled:

 * QCH, API documentation in QCH format (for e.g. Qt Assistant, Qt Creator & KDevelop)

-- Configuring done (0.1s)
-- Generating done (0.0s)
-- Build files have been written to: /home/szybet/kdesrc/build/frameworks/kconfig
[  2%] Built target translations_3
[  2%] Built target translations_1
[  3%] Built target translations_5
[  3%] Built target translations_4
[  4%] Built target translations_2
[  4%] Built target translations_7
[  5%] Built target translations_6
[  6%] Built target translations_8
[  7%] Built target translations_10
[  7%] Built target translations_9
[  8%] Built target translations_11
[  9%] Built target translations_12
[  9%] Built target translations_13
[ 10%] Built target translations_14
[ 11%] Built target translations_15
[ 11%] Built target translations_16
[ 12%] Built target translations_18
[ 12%] Built target translations_19
[ 13%] Built target translations_17
[ 14%] Built target translations_20
[ 14%] Built target translations_21
[ 15%] Built target translations_22
[ 16%] Built target translations_23
[ 16%] Built target translations_24
[ 17%] Built target translations_25
[ 17%] Built target translations_26
[ 18%] Built target translations_27
[ 19%] Built target translations_28
[ 19%] Built target translations_29
[ 20%] Built target translations_30
[ 20%] Built target translations_31
[ 21%] Built target translations_32
[ 22%] Built target translations_33
[ 22%] Built target translations_34
[ 23%] Built target translations_35
[ 24%] Built target translations_36
[ 25%] Built target translations_37
[ 25%] Built target translations_38
[ 26%] Built target translations_39
[ 27%] Built target translations_40
[ 28%] Built target translations_41
[ 28%] Built target translations_42
[ 29%] Built target translations_43
[ 30%] Built target translations_44
[ 30%] Built target translations_45
[ 31%] Built target translations_46
[ 32%] Built target translations_47
[ 32%] Built target translations_48
[ 33%] Built target translations_49
[ 33%] Built target translations_50
[ 34%] Built target translations_51
[ 35%] Built target translations_52
[ 35%] Built target translations_53
[ 36%] Built target translations_54
[ 37%] Built target translations_55
[ 38%] Built target translations_57
[ 38%] Built target translations_56
[ 39%] Built target translations_58
[ 39%] Built target translations_59
[ 40%] Built target translations_60
[ 40%] Built target translations_61
[ 41%] Built target translations_62
[ 42%] Built target translations_63
[ 42%] Built target translations_64
[ 43%] Built target translations_65
[ 44%] Built target translations_67
[ 44%] Built target translations_66
[ 45%] Built target translations_68
[ 46%] Built target translations_69
[ 47%] Built target translations_70
[ 48%] Built target translations_71
[ 48%] Built target translations_72
[ 50%] Built target translations_73
[ 51%] Built target translations_74
[ 52%] Built target translations_76
[ 52%] Built target translations_75
[ 53%] Built target translations_77
[ 54%] Built target translations_78
[ 54%] Built target translations_79
[ 54%] Built target translations_80
[ 55%] Built target translations_81
[ 56%] Built target translations_82
[ 56%] Built target translations_83
[ 57%] Built target translations_84
[ 58%] Built target translations_85
[ 58%] Built target translations_86
[ 59%] Built target translations_87
[ 60%] Built target translations_88
[ 60%] Built target translations_89
[ 61%] Built target translations_92
[ 62%] Built target translations_90
[ 62%] Built target translations_91
[ 63%] Built target translations_93
[ 64%] Automatic MOC for target KF5ConfigCore
[ 65%] Automatic MOC for target kconfig_compiler
[ 65%] Built target kconfig_compiler_autogen
[ 65%] Built target KF5ConfigCore_autogen
[ 66%] Linking CXX executable ../../bin/kconfig_compiler_kf5
[ 75%] Built target KF5ConfigCore
[ 75%] Automatic MOC for target KF5ConfigQml
[ 76%] Automatic MOC for target kconf_update
[ 77%] Automatic MOC for target KF5ConfigGui
[ 78%] Automatic MOC for target kwriteconfig5
[ 78%] Automatic MOC for target kreadconfig5
[ 78%] Built target kconf_update_autogen
[ 78%] Built target KF5ConfigQml_autogen
[ 78%] Built target kwriteconfig5_autogen
[ 78%] Built target KF5ConfigGui_autogen
[ 78%] Built target kreadconfig5_autogen
[ 79%] Linking CXX executable ../../bin/kreadconfig5
[ 79%] Linking CXX executable ../../bin/kwriteconfig5
[ 80%] Linking CXX executable ../../bin/kconf_update
[ 82%] Built target KF5ConfigQml
[ 90%] Built target KF5ConfigGui
[ 94%] Built target kconfig_compiler
[ 96%] Built target kconf_update
[ 97%] Built target kreadconfig5
[100%] Built target kwriteconfig5
