# kdesrc-build running: 'make' 'install/fast'
# from directory: /home/szybet/kdesrc/build/frameworks/extra-cmake-modules
Install the project...
-- Install configuration: ""
-- Installing: /mnt/HDD/Project/Public/okulartry/okular-things/share/man/man7/ecm-developer.7
-- Installing: /mnt/HDD/Project/Public/okulartry/okular-things/share/man/man7/ecm-find-modules.7
-- Installing: /mnt/HDD/Project/Public/okulartry/okular-things/share/man/man7/ecm-kde-modules.7
-- Installing: /mnt/HDD/Project/Public/okulartry/okular-things/share/man/man7/ecm-modules.7
-- Installing: /mnt/HDD/Project/Public/okulartry/okular-things/share/man/man7/ecm-toolchains.7
-- Installing: /mnt/HDD/Project/Public/okulartry/okular-things/share/man/man7/ecm.7
-- Up-to-date: /mnt/HDD/Project/Public/okulartry/okular-things/share/doc/ECM/html
-- Installing: /mnt/HDD/Project/Public/okulartry/okular-things/share/doc/ECM/html/index.html
-- Up-to-date: /mnt/HDD/Project/Public/okulartry/okular-things/share/doc/ECM/html/toolchain
-- Installing: /mnt/HDD/Project/Public/okulartry/okular-things/share/doc/ECM/html/toolchain/Android.html
-- Up-to-date: /mnt/HDD/Project/Public/okulartry/okular-things/share/doc/ECM/html/_sources
-- Up-to-date: /mnt/HDD/Project/Public/okulartry/okular-things/share/doc/ECM/html/_sources/toolchain
-- Installing: /mnt/HDD/Project/Public/okulartry/okular-things/share/doc/ECM/html/_sources/toolchain/Android.rst.txt
-- Up-to-date: /mnt/HDD/Project/Public/okulartry/okular-things/share/doc/ECM/html/_sources/find-module
-- Installing: /mnt/HDD/Project/Public/okulartry/okular-things/share/doc/ECM/html/_sources/find-module/FindPhoneNumber.rst.txt
-- Installing: /mnt/HDD/Project/Public/okulartry/okular-things/share/doc/ECM/html/_sources/find-module/FindWayland.rst.txt
-- Installing: /mnt/HDD/Project/Public/okulartry/okular-things/share/doc/ECM/html/_sources/find-module/Findgzip.rst.txt
-- Installing: /mnt/HDD/Project/Public/okulartry/okular-things/share/doc/ECM/html/_sources/find-module/Find7z.rst.txt
-- Installing: /mnt/HDD/Project/Public/okulartry/okular-things/share/doc/ECM/html/_sources/find-module/FindLibExiv2.rst.txt
-- Installing: /mnt/HDD/Project/Public/okulartry/okular-things/share/doc/ECM/html/_sources/find-module/FindInotify.rst.txt
-- Installing: /mnt/HDD/Project/Public/okulartry/okular-things/share/doc/ECM/html/_sources/find-module/FindSharedMimeInfo.rst.txt
-- Installing: /mnt/HDD/Project/Public/okulartry/okular-things/share/doc/ECM/html/_sources/find-module/FindTaglib.rst.txt
-- Installing: /mnt/HDD/Project/Public/okulartry/okular-things/share/doc/ECM/html/_sources/find-module/FindLibcap.rst.txt
-- Installing: /mnt/HDD/Project/Public/okulartry/okular-things/share/doc/ECM/html/_sources/find-module/Findepoxy.rst.txt
-- Installing: /mnt/HDD/Project/Public/okulartry/okular-things/share/doc/ECM/html/_sources/find-module/FindWaylandProtocols.rst.txt
-- Installing: /mnt/HDD/Project/Public/okulartry/okular-things/share/doc/ECM/html/_sources/find-module/FindPulseAudio.rst.txt
-- Installing: /mnt/HDD/Project/Public/okulartry/okular-things/share/doc/ECM/html/_sources/find-module/FindEGL.rst.txt
-- Installing: /mnt/HDD/Project/Public/okulartry/okular-things/share/doc/ECM/html/_sources/find-module/FindIcoTool.rst.txt
-- Installing: /mnt/HDD/Project/Public/okulartry/okular-things/share/doc/ECM/html/_sources/find-module/FindX11_XCB.rst.txt
-- Installing: /mnt/HDD/Project/Public/okulartry/okular-things/share/doc/ECM/html/_sources/find-module/FindGLIB2.rst.txt
-- Installing: /mnt/HDD/Project/Public/okulartry/okular-things/share/doc/ECM/html/_sources/find-module/FindQtWaylandScanner.rst.txt
-- Installing: /mnt/HDD/Project/Public/okulartry/okular-things/share/doc/ECM/html/_sources/find-module/FindSasl2.rst.txt
-- Installing: /mnt/HDD/Project/Public/okulartry/okular-things/share/doc/ECM/html/_sources/find-module/FindCanberra.rst.txt
-- Installing: /mnt/HDD/Project/Public/okulartry/okular-things/share/doc/ECM/html/_sources/find-module/FindWaylandScanner.rst.txt
-- Installing: /mnt/HDD/Project/Public/okulartry/okular-things/share/doc/ECM/html/_sources/find-module/FindKF5.rst.txt
-- Installing: /mnt/HDD/Project/Public/okulartry/okular-things/share/doc/ECM/html/_sources/find-module/FindUDev.rst.txt
-- Installing: /mnt/HDD/Project/Public/okulartry/okular-things/share/doc/ECM/html/_sources/find-module/FindLibGit2.rst.txt
-- Installing: /mnt/HDD/Project/Public/okulartry/okular-things/share/doc/ECM/html/_sources/find-module/FindLibMount.rst.txt
-- Installing: /mnt/HDD/Project/Public/okulartry/okular-things/share/doc/ECM/html/_sources/find-module/FindOpenEXR.rst.txt
-- Installing: /mnt/HDD/Project/Public/okulartry/okular-things/share/doc/ECM/html/_sources/find-module/FindGperf.rst.txt
-- Installing: /mnt/HDD/Project/Public/okulartry/okular-things/share/doc/ECM/html/_sources/find-module/FindPoppler.rst.txt
-- Installing: /mnt/HDD/Project/Public/okulartry/okular-things/share/doc/ECM/html/_sources/find-module/FindIsoCodes.rst.txt
-- Installing: /mnt/HDD/Project/Public/okulartry/okular-things/share/doc/ECM/html/_sources/find-module/FindXCB.rst.txt
-- Installing: /mnt/HDD/Project/Public/okulartry/okular-things/share/doc/ECM/html/_sources/find-module/FindGradle.rst.txt
-- Installing: /mnt/HDD/Project/Public/okulartry/okular-things/share/doc/ECM/html/_sources/find-module/FindSeccomp.rst.txt
-- Up-to-date: /mnt/HDD/Project/Public/okulartry/okular-things/share/doc/ECM/html/_sources/manual
-- Installing: /mnt/HDD/Project/Public/okulartry/okular-things/share/doc/ECM/html/_sources/manual/ecm-developer.7.rst.txt
-- Installing: /mnt/HDD/Project/Public/okulartry/okular-things/share/doc/ECM/html/_sources/manual/ecm.7.rst.txt
-- Installing: /mnt/HDD/Project/Public/okulartry/okular-things/share/doc/ECM/html/_sources/manual/ecm-find-modules.7.rst.txt
-- Installing: /mnt/HDD/Project/Public/okulartry/okular-things/share/doc/ECM/html/_sources/manual/ecm-kde-modules.7.rst.txt
-- Installing: /mnt/HDD/Project/Public/okulartry/okular-things/share/doc/ECM/html/_sources/manual/ecm-toolchains.7.rst.txt
-- Installing: /mnt/HDD/Project/Public/okulartry/okular-things/share/doc/ECM/html/_sources/manual/ecm-modules.7.rst.txt
-- Installing: /mnt/HDD/Project/Public/okulartry/okular-things/share/doc/ECM/html/_sources/index.rst.txt
-- Up-to-date: /mnt/HDD/Project/Public/okulartry/okular-things/share/doc/ECM/html/_sources/module
-- Installing: /mnt/HDD/Project/Public/okulartry/okular-things/share/doc/ECM/html/_sources/module/ECMGeneratePriFile.rst.txt
-- Installing: /mnt/HDD/Project/Public/okulartry/okular-things/share/doc/ECM/html/_sources/module/ECMGeneratePkgConfigFile.rst.txt
-- Installing: /mnt/HDD/Project/Public/okulartry/okular-things/share/doc/ECM/html/_sources/module/ECMCoverageOption.rst.txt
-- Installing: /mnt/HDD/Project/Public/okulartry/okular-things/share/doc/ECM/html/_sources/module/ECMOptionalAddSubdirectory.rst.txt
-- Installing: /mnt/HDD/Project/Public/okulartry/okular-things/share/doc/ECM/html/_sources/module/ECMPoQmTools.rst.txt
-- Installing: /mnt/HDD/Project/Public/okulartry/okular-things/share/doc/ECM/html/_sources/module/ECMUseFindModules.rst.txt
-- Installing: /mnt/HDD/Project/Public/okulartry/okular-things/share/doc/ECM/html/_sources/module/ECMQueryQt.rst.txt
-- Installing: /mnt/HDD/Project/Public/okulartry/okular-things/share/doc/ECM/html/_sources/module/ECMQtDeclareLoggingCategory.rst.txt
-- Installing: /mnt/HDD/Project/Public/okulartry/okular-things/share/doc/ECM/html/_sources/module/ECMFindQmlModule.rst.txt
-- Installing: /mnt/HDD/Project/Public/okulartry/okular-things/share/doc/ECM/html/_sources/module/ECMSetupVersion.rst.txt
-- Installing: /mnt/HDD/Project/Public/okulartry/okular-things/share/doc/ECM/html/_sources/module/ECMSetupQtPluginMacroNames.rst.txt
-- Installing: /mnt/HDD/Project/Public/okulartry/okular-things/share/doc/ECM/html/_sources/module/ECMGenerateExportHeader.rst.txt
-- Installing: /mnt/HDD/Project/Public/okulartry/okular-things/share/doc/ECM/html/_sources/module/ECMPackageConfigHelpers.rst.txt
-- Installing: /mnt/HDD/Project/Public/okulartry/okular-things/share/doc/ECM/html/_sources/module/ECMWinResolveSymlinks.rst.txt
-- Installing: /mnt/HDD/Project/Public/okulartry/okular-things/share/doc/ECM/html/_sources/module/ECMEnableSanitizers.rst.txt
-- Installing: /mnt/HDD/Project/Public/okulartry/okular-things/share/doc/ECM/html/_sources/module/ECMInstallIcons.rst.txt
-- Installing: /mnt/HDD/Project/Public/okulartry/okular-things/share/doc/ECM/html/_sources/module/ECMDeprecationSettings.rst.txt
-- Installing: /mnt/HDD/Project/Public/okulartry/okular-things/share/doc/ECM/html/_sources/module/ECMUninstallTarget.rst.txt
-- Installing: /mnt/HDD/Project/Public/okulartry/okular-things/share/doc/ECM/html/_sources/module/ECMConfiguredInstall.rst.txt
-- Installing: /mnt/HDD/Project/Public/okulartry/okular-things/share/doc/ECM/html/_sources/module/ECMAddQch.rst.txt
-- Installing: /mnt/HDD/Project/Public/okulartry/okular-things/share/doc/ECM/html/_sources/module/ECMAddTests.rst.txt
-- Installing: /mnt/HDD/Project/Public/okulartry/okular-things/share/doc/ECM/html/_sources/module/ECMGenerateQmlTypes.rst.txt
-- Installing: /mnt/HDD/Project/Public/okulartry/okular-things/share/doc/ECM/html/_sources/module/QtVersionOption.rst.txt
-- Installing: /mnt/HDD/Project/Public/okulartry/okular-things/share/doc/ECM/html/_sources/module/ECMGenerateDBusServiceFile.rst.txt
-- Installing: /mnt/HDD/Project/Public/okulartry/okular-things/share/doc/ECM/html/_sources/module/ECMCheckOutboundLicense.rst.txt
-- Installing: /mnt/HDD/Project/Public/okulartry/okular-things/share/doc/ECM/html/_sources/module/ECMQmlModule.rst.txt
-- Installing: /mnt/HDD/Project/Public/okulartry/okular-things/share/doc/ECM/html/_sources/module/ECMFindModuleHelpers.rst.txt
-- Installing: /mnt/HDD/Project/Public/okulartry/okular-things/share/doc/ECM/html/_sources/module/ECMMarkAsTest.rst.txt
-- Installing: /mnt/HDD/Project/Public/okulartry/okular-things/share/doc/ECM/html/_sources/module/ECMMarkNonGuiExecutable.rst.txt
-- Installing: /mnt/HDD/Project/Public/okulartry/okular-things/share/doc/ECM/html/_sources/module/ECMSourceVersionControl.rst.txt
-- Installing: /mnt/HDD/Project/Public/okulartry/okular-things/share/doc/ECM/html/_sources/module/ECMAddAppIcon.rst.txt
-- Installing: /mnt/HDD/Project/Public/okulartry/okular-things/share/doc/ECM/html/_sources/module/ECMGenerateHeaders.rst.txt
-- Installing: /mnt/HDD/Project/Public/okulartry/okular-things/share/doc/ECM/html/_sources/module/ECMCreateQmFromPoFiles.rst.txt
-- Installing: /mnt/HDD/Project/Public/okulartry/okular-things/share/doc/ECM/html/_sources/module/CheckAtomic.rst.txt
-- Installing: /mnt/HDD/Project/Public/okulartry/okular-things/share/doc/ECM/html/_sources/module/ECMAddQtDesignerPlugin.rst.txt
-- Up-to-date: /mnt/HDD/Project/Public/okulartry/okular-things/share/doc/ECM/html/_sources/kde-module
-- Installing: /mnt/HDD/Project/Public/okulartry/okular-things/share/doc/ECM/html/_sources/kde-module/KDEClangFormat.rst.txt
-- Installing: /mnt/HDD/Project/Public/okulartry/okular-things/share/doc/ECM/html/_sources/kde-module/KDEInstallDirs.rst.txt
-- Installing: /mnt/HDD/Project/Public/okulartry/okular-things/share/doc/ECM/html/_sources/kde-module/KDECompilerSettings.rst.txt
-- Installing: /mnt/HDD/Project/Public/okulartry/okular-things/share/doc/ECM/html/_sources/kde-module/KDEFrameworkCompilerSettings.rst.txt
-- Installing: /mnt/HDD/Project/Public/okulartry/okular-things/share/doc/ECM/html/_sources/kde-module/KDEInstallDirs6.rst.txt
-- Installing: /mnt/HDD/Project/Public/okulartry/okular-things/share/doc/ECM/html/_sources/kde-module/KDEGitCommitHooks.rst.txt
-- Installing: /mnt/HDD/Project/Public/okulartry/okular-things/share/doc/ECM/html/_sources/kde-module/KDEInstallDirs5.rst.txt
-- Installing: /mnt/HDD/Project/Public/okulartry/okular-things/share/doc/ECM/html/_sources/kde-module/KDEPackageAppTemplates.rst.txt
-- Installing: /mnt/HDD/Project/Public/okulartry/okular-things/share/doc/ECM/html/_sources/kde-module/KDEMetaInfoPlatformCheck.rst.txt
-- Installing: /mnt/HDD/Project/Public/okulartry/okular-things/share/doc/ECM/html/_sources/kde-module/KDECMakeSettings.rst.txt
-- Up-to-date: /mnt/HDD/Project/Public/okulartry/okular-things/share/doc/ECM/html/find-module
-- Installing: /mnt/HDD/Project/Public/okulartry/okular-things/share/doc/ECM/html/find-module/FindXCB.html
-- Installing: /mnt/HDD/Project/Public/okulartry/okular-things/share/doc/ECM/html/find-module/FindSeccomp.html
-- Installing: /mnt/HDD/Project/Public/okulartry/okular-things/share/doc/ECM/html/find-module/FindPhoneNumber.html
-- Installing: /mnt/HDD/Project/Public/okulartry/okular-things/share/doc/ECM/html/find-module/FindPoppler.html
-- Installing: /mnt/HDD/Project/Public/okulartry/okular-things/share/doc/ECM/html/find-module/Findgzip.html
-- Installing: /mnt/HDD/Project/Public/okulartry/okular-things/share/doc/ECM/html/find-module/Findepoxy.html
-- Installing: /mnt/HDD/Project/Public/okulartry/okular-things/share/doc/ECM/html/find-module/FindEGL.html
-- Installing: /mnt/HDD/Project/Public/okulartry/okular-things/share/doc/ECM/html/find-module/Find7z.html
-- Installing: /mnt/HDD/Project/Public/okulartry/okular-things/share/doc/ECM/html/find-module/FindGLIB2.html
-- Installing: /mnt/HDD/Project/Public/okulartry/okular-things/share/doc/ECM/html/find-module/FindWayland.html
-- Installing: /mnt/HDD/Project/Public/okulartry/okular-things/share/doc/ECM/html/find-module/FindOpenEXR.html
-- Installing: /mnt/HDD/Project/Public/okulartry/okular-things/share/doc/ECM/html/find-module/FindLibGit2.html
-- Installing: /mnt/HDD/Project/Public/okulartry/okular-things/share/doc/ECM/html/find-module/FindLibExiv2.html
-- Installing: /mnt/HDD/Project/Public/okulartry/okular-things/share/doc/ECM/html/find-module/FindLibMount.html
-- Installing: /mnt/HDD/Project/Public/okulartry/okular-things/share/doc/ECM/html/find-module/FindPulseAudio.html
-- Installing: /mnt/HDD/Project/Public/okulartry/okular-things/share/doc/ECM/html/find-module/FindSharedMimeInfo.html
-- Installing: /mnt/HDD/Project/Public/okulartry/okular-things/share/doc/ECM/html/find-module/FindGperf.html
-- Installing: /mnt/HDD/Project/Public/okulartry/okular-things/share/doc/ECM/html/find-module/FindTaglib.html
-- Installing: /mnt/HDD/Project/Public/okulartry/okular-things/share/doc/ECM/html/find-module/FindIsoCodes.html
-- Installing: /mnt/HDD/Project/Public/okulartry/okular-things/share/doc/ECM/html/find-module/FindWaylandScanner.html
-- Installing: /mnt/HDD/Project/Public/okulartry/okular-things/share/doc/ECM/html/find-module/FindQtWaylandScanner.html
-- Installing: /mnt/HDD/Project/Public/okulartry/okular-things/share/doc/ECM/html/find-module/FindUDev.html
-- Installing: /mnt/HDD/Project/Public/okulartry/okular-things/share/doc/ECM/html/find-module/FindKF5.html
-- Installing: /mnt/HDD/Project/Public/okulartry/okular-things/share/doc/ECM/html/find-module/FindWaylandProtocols.html
-- Installing: /mnt/HDD/Project/Public/okulartry/okular-things/share/doc/ECM/html/find-module/FindX11_XCB.html
-- Installing: /mnt/HDD/Project/Public/okulartry/okular-things/share/doc/ECM/html/find-module/FindInotify.html
-- Installing: /mnt/HDD/Project/Public/okulartry/okular-things/share/doc/ECM/html/find-module/FindIcoTool.html
-- Installing: /mnt/HDD/Project/Public/okulartry/okular-things/share/doc/ECM/html/find-module/FindSasl2.html
-- Installing: /mnt/HDD/Project/Public/okulartry/okular-things/share/doc/ECM/html/find-module/FindGradle.html
-- Installing: /mnt/HDD/Project/Public/okulartry/okular-things/share/doc/ECM/html/find-module/FindCanberra.html
-- Installing: /mnt/HDD/Project/Public/okulartry/okular-things/share/doc/ECM/html/find-module/FindLibcap.html
-- Up-to-date: /mnt/HDD/Project/Public/okulartry/okular-things/share/doc/ECM/html/manual
-- Installing: /mnt/HDD/Project/Public/okulartry/okular-things/share/doc/ECM/html/manual/ecm-kde-modules.7.html
-- Installing: /mnt/HDD/Project/Public/okulartry/okular-things/share/doc/ECM/html/manual/ecm-modules.7.html
-- Installing: /mnt/HDD/Project/Public/okulartry/okular-things/share/doc/ECM/html/manual/ecm-toolchains.7.html
-- Installing: /mnt/HDD/Project/Public/okulartry/okular-things/share/doc/ECM/html/manual/ecm-find-modules.7.html
-- Installing: /mnt/HDD/Project/Public/okulartry/okular-things/share/doc/ECM/html/manual/ecm-developer.7.html
-- Installing: /mnt/HDD/Project/Public/okulartry/okular-things/share/doc/ECM/html/manual/ecm.7.html
-- Installing: /mnt/HDD/Project/Public/okulartry/okular-things/share/doc/ECM/html/genindex.html
-- Installing: /mnt/HDD/Project/Public/okulartry/okular-things/share/doc/ECM/html/searchindex.js
-- Up-to-date: /mnt/HDD/Project/Public/okulartry/okular-things/share/doc/ECM/html/module
-- Installing: /mnt/HDD/Project/Public/okulartry/okular-things/share/doc/ECM/html/module/ECMSetupVersion.html
-- Installing: /mnt/HDD/Project/Public/okulartry/okular-things/share/doc/ECM/html/module/ECMQmlModule.html
-- Installing: /mnt/HDD/Project/Public/okulartry/okular-things/share/doc/ECM/html/module/ECMQueryQt.html
-- Installing: /mnt/HDD/Project/Public/okulartry/okular-things/share/doc/ECM/html/module/ECMGenerateExportHeader.html
-- Installing: /mnt/HDD/Project/Public/okulartry/okular-things/share/doc/ECM/html/module/ECMFindModuleHelpers.html
-- Installing: /mnt/HDD/Project/Public/okulartry/okular-things/share/doc/ECM/html/module/ECMWinResolveSymlinks.html
-- Installing: /mnt/HDD/Project/Public/okulartry/okular-things/share/doc/ECM/html/module/ECMGenerateHeaders.html
-- Installing: /mnt/HDD/Project/Public/okulartry/okular-things/share/doc/ECM/html/module/ECMGeneratePriFile.html
-- Installing: /mnt/HDD/Project/Public/okulartry/okular-things/share/doc/ECM/html/module/ECMConfiguredInstall.html
-- Installing: /mnt/HDD/Project/Public/okulartry/okular-things/share/doc/ECM/html/module/ECMPoQmTools.html
-- Installing: /mnt/HDD/Project/Public/okulartry/okular-things/share/doc/ECM/html/module/ECMUninstallTarget.html
-- Installing: /mnt/HDD/Project/Public/okulartry/okular-things/share/doc/ECM/html/module/ECMAddAppIcon.html
-- Installing: /mnt/HDD/Project/Public/okulartry/okular-things/share/doc/ECM/html/module/ECMDeprecationSettings.html
-- Installing: /mnt/HDD/Project/Public/okulartry/okular-things/share/doc/ECM/html/module/ECMMarkAsTest.html
-- Installing: /mnt/HDD/Project/Public/okulartry/okular-things/share/doc/ECM/html/module/ECMMarkNonGuiExecutable.html
-- Installing: /mnt/HDD/Project/Public/okulartry/okular-things/share/doc/ECM/html/module/ECMOptionalAddSubdirectory.html
-- Installing: /mnt/HDD/Project/Public/okulartry/okular-things/share/doc/ECM/html/module/ECMInstallIcons.html
-- Installing: /mnt/HDD/Project/Public/okulartry/okular-things/share/doc/ECM/html/module/ECMCoverageOption.html
-- Installing: /mnt/HDD/Project/Public/okulartry/okular-things/share/doc/ECM/html/module/ECMSourceVersionControl.html
-- Installing: /mnt/HDD/Project/Public/okulartry/okular-things/share/doc/ECM/html/module/QtVersionOption.html
-- Installing: /mnt/HDD/Project/Public/okulartry/okular-things/share/doc/ECM/html/module/ECMAddQtDesignerPlugin.html
-- Installing: /mnt/HDD/Project/Public/okulartry/okular-things/share/doc/ECM/html/module/ECMUseFindModules.html
-- Installing: /mnt/HDD/Project/Public/okulartry/okular-things/share/doc/ECM/html/module/ECMCreateQmFromPoFiles.html
-- Installing: /mnt/HDD/Project/Public/okulartry/okular-things/share/doc/ECM/html/module/ECMGenerateQmlTypes.html
-- Installing: /mnt/HDD/Project/Public/okulartry/okular-things/share/doc/ECM/html/module/ECMFindQmlModule.html
-- Installing: /mnt/HDD/Project/Public/okulartry/okular-things/share/doc/ECM/html/module/ECMQtDeclareLoggingCategory.html
-- Installing: /mnt/HDD/Project/Public/okulartry/okular-things/share/doc/ECM/html/module/CheckAtomic.html
-- Installing: /mnt/HDD/Project/Public/okulartry/okular-things/share/doc/ECM/html/module/ECMSetupQtPluginMacroNames.html
-- Installing: /mnt/HDD/Project/Public/okulartry/okular-things/share/doc/ECM/html/module/ECMCheckOutboundLicense.html
-- Installing: /mnt/HDD/Project/Public/okulartry/okular-things/share/doc/ECM/html/module/ECMGeneratePkgConfigFile.html
-- Installing: /mnt/HDD/Project/Public/okulartry/okular-things/share/doc/ECM/html/module/ECMPackageConfigHelpers.html
-- Installing: /mnt/HDD/Project/Public/okulartry/okular-things/share/doc/ECM/html/module/ECMEnableSanitizers.html
-- Installing: /mnt/HDD/Project/Public/okulartry/okular-things/share/doc/ECM/html/module/ECMAddQch.html
-- Installing: /mnt/HDD/Project/Public/okulartry/okular-things/share/doc/ECM/html/module/ECMAddTests.html
-- Installing: /mnt/HDD/Project/Public/okulartry/okular-things/share/doc/ECM/html/module/ECMGenerateDBusServiceFile.html
-- Up-to-date: /mnt/HDD/Project/Public/okulartry/okular-things/share/doc/ECM/html/_static
-- Up-to-date: /mnt/HDD/Project/Public/okulartry/okular-things/share/doc/ECM/html/_static/plus.png
-- Up-to-date: /mnt/HDD/Project/Public/okulartry/okular-things/share/doc/ECM/html/_static/file.png
-- Up-to-date: /mnt/HDD/Project/Public/okulartry/okular-things/share/doc/ECM/html/_static/minus.png
-- Installing: /mnt/HDD/Project/Public/okulartry/okular-things/share/doc/ECM/html/_static/ecm.css
-- Installing: /mnt/HDD/Project/Public/okulartry/okular-things/share/doc/ECM/html/_static/documentation_options.js
-- Installing: /mnt/HDD/Project/Public/okulartry/okular-things/share/doc/ECM/html/_static/classic.css
-- Installing: /mnt/HDD/Project/Public/okulartry/okular-things/share/doc/ECM/html/_static/kde-favicon.ico
-- Installing: /mnt/HDD/Project/Public/okulartry/okular-things/share/doc/ECM/html/_static/basic.css
-- Up-to-date: /mnt/HDD/Project/Public/okulartry/okular-things/share/doc/ECM/html/_static/searchtools.js
-- Installing: /mnt/HDD/Project/Public/okulartry/okular-things/share/doc/ECM/html/_static/language_data.js
-- Installing: /mnt/HDD/Project/Public/okulartry/okular-things/share/doc/ECM/html/_static/sidebar.js
-- Installing: /mnt/HDD/Project/Public/okulartry/okular-things/share/doc/ECM/html/_static/pygments.css
-- Up-to-date: /mnt/HDD/Project/Public/okulartry/okular-things/share/doc/ECM/html/_static/default.css
-- Up-to-date: /mnt/HDD/Project/Public/okulartry/okular-things/share/doc/ECM/html/_static/doctools.js
-- Up-to-date: /mnt/HDD/Project/Public/okulartry/okular-things/share/doc/ECM/html/_static/sphinx_highlight.js
-- Installing: /mnt/HDD/Project/Public/okulartry/okular-things/share/doc/ECM/html/search.html
-- Up-to-date: /mnt/HDD/Project/Public/okulartry/okular-things/share/doc/ECM/html/kde-module
-- Installing: /mnt/HDD/Project/Public/okulartry/okular-things/share/doc/ECM/html/kde-module/KDEMetaInfoPlatformCheck.html
-- Installing: /mnt/HDD/Project/Public/okulartry/okular-things/share/doc/ECM/html/kde-module/KDEClangFormat.html
-- Installing: /mnt/HDD/Project/Public/okulartry/okular-things/share/doc/ECM/html/kde-module/KDECMakeSettings.html
-- Installing: /mnt/HDD/Project/Public/okulartry/okular-things/share/doc/ECM/html/kde-module/KDEInstallDirs6.html
-- Installing: /mnt/HDD/Project/Public/okulartry/okular-things/share/doc/ECM/html/kde-module/KDEGitCommitHooks.html
-- Installing: /mnt/HDD/Project/Public/okulartry/okular-things/share/doc/ECM/html/kde-module/KDEInstallDirs5.html
-- Installing: /mnt/HDD/Project/Public/okulartry/okular-things/share/doc/ECM/html/kde-module/KDEInstallDirs.html
-- Installing: /mnt/HDD/Project/Public/okulartry/okular-things/share/doc/ECM/html/kde-module/KDEPackageAppTemplates.html
-- Installing: /mnt/HDD/Project/Public/okulartry/okular-things/share/doc/ECM/html/kde-module/KDECompilerSettings.html
-- Installing: /mnt/HDD/Project/Public/okulartry/okular-things/share/doc/ECM/html/kde-module/KDEFrameworkCompilerSettings.html
-- Installing: /mnt/HDD/Project/Public/okulartry/okular-things/share/ECM/modules/CheckAtomic.cmake
-- Installing: /mnt/HDD/Project/Public/okulartry/okular-things/share/ECM/modules/ECMAddAppIcon.cmake
-- Installing: /mnt/HDD/Project/Public/okulartry/okular-things/share/ECM/modules/ECMAddQch.cmake
-- Installing: /mnt/HDD/Project/Public/okulartry/okular-things/share/ECM/modules/ECMAddQtDesignerPlugin.cmake
-- Installing: /mnt/HDD/Project/Public/okulartry/okular-things/share/ECM/modules/ECMAddTests.cmake
-- Installing: /mnt/HDD/Project/Public/okulartry/okular-things/share/ECM/modules/ECMCheckOutboundLicense.cmake
-- Installing: /mnt/HDD/Project/Public/okulartry/okular-things/share/ECM/modules/ECMConfiguredInstall.cmake
-- Installing: /mnt/HDD/Project/Public/okulartry/okular-things/share/ECM/modules/ECMCoverageOption.cmake
-- Installing: /mnt/HDD/Project/Public/okulartry/okular-things/share/ECM/modules/ECMCreateQmFromPoFiles.cmake
-- Installing: /mnt/HDD/Project/Public/okulartry/okular-things/share/ECM/modules/ECMDeprecationSettings.cmake
-- Installing: /mnt/HDD/Project/Public/okulartry/okular-things/share/ECM/modules/ECMEnableSanitizers.cmake
-- Installing: /mnt/HDD/Project/Public/okulartry/okular-things/share/ECM/modules/ECMFindModuleHelpers.cmake
-- Installing: /mnt/HDD/Project/Public/okulartry/okular-things/share/ECM/modules/ECMFindQmlModule.cmake
-- Installing: /mnt/HDD/Project/Public/okulartry/okular-things/share/ECM/modules/ECMFindQmlModule.cmake.in
-- Installing: /mnt/HDD/Project/Public/okulartry/okular-things/share/ECM/modules/ECMGenerateDBusServiceFile.cmake
-- Installing: /mnt/HDD/Project/Public/okulartry/okular-things/share/ECM/modules/ECMGenerateExportHeader.cmake
-- Installing: /mnt/HDD/Project/Public/okulartry/okular-things/share/ECM/modules/ECMGenerateHeaders.cmake
-- Installing: /mnt/HDD/Project/Public/okulartry/okular-things/share/ECM/modules/ECMGeneratePkgConfigFile.cmake
-- Installing: /mnt/HDD/Project/Public/okulartry/okular-things/share/ECM/modules/ECMGeneratePriFile.cmake
-- Installing: /mnt/HDD/Project/Public/okulartry/okular-things/share/ECM/modules/ECMGenerateQmlTypes.cmake
-- Installing: /mnt/HDD/Project/Public/okulartry/okular-things/share/ECM/modules/ECMInstallIcons.cmake
-- Installing: /mnt/HDD/Project/Public/okulartry/okular-things/share/ECM/modules/ECMMarkAsTest.cmake
-- Installing: /mnt/HDD/Project/Public/okulartry/okular-things/share/ECM/modules/ECMMarkNonGuiExecutable.cmake
-- Installing: /mnt/HDD/Project/Public/okulartry/okular-things/share/ECM/modules/ECMOptionalAddSubdirectory.cmake
-- Installing: /mnt/HDD/Project/Public/okulartry/okular-things/share/ECM/modules/ECMPackageConfigHelpers.cmake
-- Installing: /mnt/HDD/Project/Public/okulartry/okular-things/share/ECM/modules/ECMPoQmTools.cmake
-- Installing: /mnt/HDD/Project/Public/okulartry/okular-things/share/ECM/modules/ECMQMLModules.cmake
-- Installing: /mnt/HDD/Project/Public/okulartry/okular-things/share/ECM/modules/ECMQchDoxygen.config.in
-- Installing: /mnt/HDD/Project/Public/okulartry/okular-things/share/ECM/modules/ECMQchDoxygenLayout.xml
-- Installing: /mnt/HDD/Project/Public/okulartry/okular-things/share/ECM/modules/ECMQmLoader.cpp.in
-- Installing: /mnt/HDD/Project/Public/okulartry/okular-things/share/ECM/modules/ECMQmlModule.cmake
-- Installing: /mnt/HDD/Project/Public/okulartry/okular-things/share/ECM/modules/ECMQmlModule.cpp.in
-- Installing: /mnt/HDD/Project/Public/okulartry/okular-things/share/ECM/modules/ECMQmlModule.cpp.in.license
-- Installing: /mnt/HDD/Project/Public/okulartry/okular-things/share/ECM/modules/ECMQmlModule.h.in
-- Installing: /mnt/HDD/Project/Public/okulartry/okular-things/share/ECM/modules/ECMQmlModule.h.in.license
-- Installing: /mnt/HDD/Project/Public/okulartry/okular-things/share/ECM/modules/ECMQtDeclareLoggingCategory.cmake
-- Installing: /mnt/HDD/Project/Public/okulartry/okular-things/share/ECM/modules/ECMQtDeclareLoggingCategory.cpp.in
-- Installing: /mnt/HDD/Project/Public/okulartry/okular-things/share/ECM/modules/ECMQtDeclareLoggingCategory.h.in
-- Installing: /mnt/HDD/Project/Public/okulartry/okular-things/share/ECM/modules/ECMQueryQmake.cmake
-- Installing: /mnt/HDD/Project/Public/okulartry/okular-things/share/ECM/modules/ECMQueryQt.cmake
-- Installing: /mnt/HDD/Project/Public/okulartry/okular-things/share/ECM/modules/ECMSetupQtPluginMacroNames.cmake
-- Installing: /mnt/HDD/Project/Public/okulartry/okular-things/share/ECM/modules/ECMSetupVersion.cmake
-- Installing: /mnt/HDD/Project/Public/okulartry/okular-things/share/ECM/modules/ECMSourceVersionControl.cmake
-- Installing: /mnt/HDD/Project/Public/okulartry/okular-things/share/ECM/modules/ECMUninstallTarget.cmake
-- Installing: /mnt/HDD/Project/Public/okulartry/okular-things/share/ECM/modules/ECMUseFindModules.cmake
-- Installing: /mnt/HDD/Project/Public/okulartry/okular-things/share/ECM/modules/ECMVersionHeader.h.in
-- Installing: /mnt/HDD/Project/Public/okulartry/okular-things/share/ECM/modules/ECMWinResolveSymlinks.cmake
-- Installing: /mnt/HDD/Project/Public/okulartry/okular-things/share/ECM/modules/QtVersionOption.cmake
-- Installing: /mnt/HDD/Project/Public/okulartry/okular-things/share/ECM/modules/check-outbound-license.py
-- Installing: /mnt/HDD/Project/Public/okulartry/okular-things/share/ECM/modules/ecm_uninstall.cmake.in
-- Installing: /mnt/HDD/Project/Public/okulartry/okular-things/share/ECM/test-modules/test_execute_and_compare.cmake
-- Installing: /mnt/HDD/Project/Public/okulartry/okular-things/share/ECM/kde-modules/KDECMakeSettings.cmake
-- Installing: /mnt/HDD/Project/Public/okulartry/okular-things/share/ECM/kde-modules/KDEClangFormat.cmake
-- Installing: /mnt/HDD/Project/Public/okulartry/okular-things/share/ECM/kde-modules/KDECompilerSettings.cmake
-- Installing: /mnt/HDD/Project/Public/okulartry/okular-things/share/ECM/kde-modules/KDEFrameworkCompilerLegacySettings.cmake
-- Installing: /mnt/HDD/Project/Public/okulartry/okular-things/share/ECM/kde-modules/KDEFrameworkCompilerSettings.cmake
-- Installing: /mnt/HDD/Project/Public/okulartry/okular-things/share/ECM/kde-modules/KDEGitCommitHooks.cmake
-- Installing: /mnt/HDD/Project/Public/okulartry/okular-things/share/ECM/kde-modules/KDEInstallDirs.cmake
-- Installing: /mnt/HDD/Project/Public/okulartry/okular-things/share/ECM/kde-modules/KDEInstallDirs5.cmake
-- Installing: /mnt/HDD/Project/Public/okulartry/okular-things/share/ECM/kde-modules/KDEInstallDirs6.cmake
-- Installing: /mnt/HDD/Project/Public/okulartry/okular-things/share/ECM/kde-modules/KDEInstallDirsCommon.cmake
-- Installing: /mnt/HDD/Project/Public/okulartry/okular-things/share/ECM/kde-modules/KDEMetaInfoPlatformCheck.cmake
-- Installing: /mnt/HDD/Project/Public/okulartry/okular-things/share/ECM/kde-modules/KDEPackageAppTemplates.cmake
-- Installing: /mnt/HDD/Project/Public/okulartry/okular-things/share/ECM/kde-modules/KDESetupPrefixScript.cmake
-- Installing: /mnt/HDD/Project/Public/okulartry/okular-things/share/ECM/kde-modules/appstreamtest.cmake
-- Installing: /mnt/HDD/Project/Public/okulartry/okular-things/share/ECM/kde-modules/clang-format.cmake
-- Installing: /mnt/HDD/Project/Public/okulartry/okular-things/share/ECM/kde-modules/prefix.sh.cmake
-- Installing: /mnt/HDD/Project/Public/okulartry/okular-things/share/ECM/kde-modules/prefix.sh.fish.cmake
-- Installing: /mnt/HDD/Project/Public/okulartry/okular-things/share/ECM/kde-modules/kde-git-commit-hooks/clang-format.sh
-- Installing: /mnt/HDD/Project/Public/okulartry/okular-things/share/ECM/kde-modules/kde-git-commit-hooks/pre-commit.in
-- Installing: /mnt/HDD/Project/Public/okulartry/okular-things/share/ECM/find-modules/ECMFindModuleHelpersStub.cmake
-- Installing: /mnt/HDD/Project/Public/okulartry/okular-things/share/ECM/find-modules/Find7z.cmake
-- Installing: /mnt/HDD/Project/Public/okulartry/okular-things/share/ECM/find-modules/FindCanberra.cmake
-- Installing: /mnt/HDD/Project/Public/okulartry/okular-things/share/ECM/find-modules/FindEGL.cmake
-- Installing: /mnt/HDD/Project/Public/okulartry/okular-things/share/ECM/find-modules/FindGLIB2.cmake
-- Installing: /mnt/HDD/Project/Public/okulartry/okular-things/share/ECM/find-modules/FindGperf.cmake
-- Installing: /mnt/HDD/Project/Public/okulartry/okular-things/share/ECM/find-modules/FindGradle.cmake
-- Installing: /mnt/HDD/Project/Public/okulartry/okular-things/share/ECM/find-modules/FindIcoTool.cmake
-- Installing: /mnt/HDD/Project/Public/okulartry/okular-things/share/ECM/find-modules/FindInotify.cmake
-- Installing: /mnt/HDD/Project/Public/okulartry/okular-things/share/ECM/find-modules/FindIsoCodes.cmake
-- Installing: /mnt/HDD/Project/Public/okulartry/okular-things/share/ECM/find-modules/FindKF5.cmake
-- Installing: /mnt/HDD/Project/Public/okulartry/okular-things/share/ECM/find-modules/FindLibExiv2.cmake
-- Installing: /mnt/HDD/Project/Public/okulartry/okular-things/share/ECM/find-modules/FindLibGit2.cmake
-- Installing: /mnt/HDD/Project/Public/okulartry/okular-things/share/ECM/find-modules/FindLibMount.cmake
-- Installing: /mnt/HDD/Project/Public/okulartry/okular-things/share/ECM/find-modules/FindLibcap.cmake
-- Installing: /mnt/HDD/Project/Public/okulartry/okular-things/share/ECM/find-modules/FindOpenEXR.cmake
-- Installing: /mnt/HDD/Project/Public/okulartry/okular-things/share/ECM/find-modules/FindPhoneNumber.cmake
-- Installing: /mnt/HDD/Project/Public/okulartry/okular-things/share/ECM/find-modules/FindPoppler.cmake
-- Installing: /mnt/HDD/Project/Public/okulartry/okular-things/share/ECM/find-modules/FindPulseAudio.cmake
-- Installing: /mnt/HDD/Project/Public/okulartry/okular-things/share/ECM/find-modules/FindPythonModuleGeneration.cmake
-- Installing: /mnt/HDD/Project/Public/okulartry/okular-things/share/ECM/find-modules/FindQHelpGenerator.cmake
-- Installing: /mnt/HDD/Project/Public/okulartry/okular-things/share/ECM/find-modules/FindQtWaylandScanner.cmake
-- Installing: /mnt/HDD/Project/Public/okulartry/okular-things/share/ECM/find-modules/FindReuseTool.cmake
-- Installing: /mnt/HDD/Project/Public/okulartry/okular-things/share/ECM/find-modules/FindSasl2.cmake
-- Installing: /mnt/HDD/Project/Public/okulartry/okular-things/share/ECM/find-modules/FindSeccomp.cmake
-- Installing: /mnt/HDD/Project/Public/okulartry/okular-things/share/ECM/find-modules/FindSharedMimeInfo.cmake
-- Installing: /mnt/HDD/Project/Public/okulartry/okular-things/share/ECM/find-modules/FindTaglib.cmake
-- Installing: /mnt/HDD/Project/Public/okulartry/okular-things/share/ECM/find-modules/FindUDev.cmake
-- Installing: /mnt/HDD/Project/Public/okulartry/okular-things/share/ECM/find-modules/FindWayland.cmake
-- Installing: /mnt/HDD/Project/Public/okulartry/okular-things/share/ECM/find-modules/FindWaylandProtocols.cmake
-- Installing: /mnt/HDD/Project/Public/okulartry/okular-things/share/ECM/find-modules/FindWaylandScanner.cmake
-- Installing: /mnt/HDD/Project/Public/okulartry/okular-things/share/ECM/find-modules/FindX11_XCB.cmake
-- Installing: /mnt/HDD/Project/Public/okulartry/okular-things/share/ECM/find-modules/FindXCB.cmake
-- Installing: /mnt/HDD/Project/Public/okulartry/okular-things/share/ECM/find-modules/Findepoxy.cmake
-- Installing: /mnt/HDD/Project/Public/okulartry/okular-things/share/ECM/find-modules/Findgzip.cmake
-- Installing: /mnt/HDD/Project/Public/okulartry/okular-things/share/ECM/find-modules/GeneratePythonBindingUmbrellaModule.cmake
-- Installing: /mnt/HDD/Project/Public/okulartry/okular-things/share/ECM/find-modules/Qt5Ruleset.py
-- Installing: /mnt/HDD/Project/Public/okulartry/okular-things/share/ECM/find-modules/local.properties.cmake
-- Installing: /mnt/HDD/Project/Public/okulartry/okular-things/share/ECM/find-modules/rules_engine.py
-- Installing: /mnt/HDD/Project/Public/okulartry/okular-things/share/ECM/find-modules/run-sip.py
-- Installing: /mnt/HDD/Project/Public/okulartry/okular-things/share/ECM/find-modules/settings.gradle.cmake
-- Installing: /mnt/HDD/Project/Public/okulartry/okular-things/share/ECM/find-modules/sip_generator.py
-- Installing: /mnt/HDD/Project/Public/okulartry/okular-things/share/ECM/toolchain/Android.cmake
-- Installing: /mnt/HDD/Project/Public/okulartry/okular-things/share/ECM/toolchain/ECMAndroidDeployQt.cmake
-- Installing: /mnt/HDD/Project/Public/okulartry/okular-things/share/ECM/toolchain/deployment-file-qt514.json.in
-- Installing: /mnt/HDD/Project/Public/okulartry/okular-things/share/ECM/toolchain/deployment-file.json.in
-- Installing: /mnt/HDD/Project/Public/okulartry/okular-things/share/ECM/toolchain/generate-fastlane-metadata.py
-- Installing: /mnt/HDD/Project/Public/okulartry/okular-things/share/ECM/toolchain/hasMainSymbol.cmake
-- Installing: /mnt/HDD/Project/Public/okulartry/okular-things/share/ECM/toolchain/specifydependencies.cmake
-- Installing: /mnt/HDD/Project/Public/okulartry/okular-things/share/ECM/cmake/ECMConfig.cmake
-- Installing: /mnt/HDD/Project/Public/okulartry/okular-things/share/ECM/cmake/ECMConfigVersion.cmake
