# kdesrc-build running: 'make' '-j' '8'
# from directory: /home/szybet/kdesrc/build/frameworks/kcoreaddons
-- 

Installing in /mnt/HDD/Project/Public/okulartry/okular-things. Run /home/szybet/kdesrc/build/frameworks/kcoreaddons/prefix.sh to set the environment for KCoreAddons.
-- Could NOT find FAM (missing: FAM_INCLUDE_DIR FAM_LIBRARIES) 
-- The following features have been enabled:

 * XDGPortalDragAndDrop, Drag and Drop support via xdg-desktop-portal requies QtDBus
 * dladdr, Can resolve shared library paths and by extension libexec paths at runtime using dladdr() API

-- The following OPTIONAL packages have been found:

 * Inotify
   Filesystem alteration notifications using inotify
 * Qt5DBus
 * UDev, API for enumerating and introspecting local devices (part of systemd), <https://www.freedesktop.org/wiki/Software/systemd/>
 * SharedMimeInfo (required version >= 1.8), A database of common MIME types, <https://freedesktop.org/wiki/Software/shared-mime-info/>
   Allows KDE applications to determine file types

-- The following REQUIRED packages have been found:

 * ECM (required version >= 5.106.0), Extra CMake Modules., <https://commits.kde.org/extra-cmake-modules>
 * Qt5Core
 * Qt5 (required version >= 5.15.2)
 * Threads
 * Qt5LinguistTools

-- The following features have been disabled:

 * QCH, API documentation in QCH format (for e.g. Qt Assistant, Qt Creator & KDevelop)

-- The following OPTIONAL packages have not been found:

 * FAM, File alteration notification support via a separate service, <http://oss.sgi.com/projects/fam>
   Provides file alteration notification facilities using a separate service. FAM provides additional support for NFS.

-- Configuring done (0.1s)
-- Generating done (0.1s)
-- Build files have been written to: /home/szybet/kdesrc/build/frameworks/kcoreaddons
[  1%] Built target translations_1
[  1%] Built target translations_2
[  2%] Built target translations_4
[  2%] Built target translations_3
[  2%] Built target translations_5
[  3%] Built target translations_6
[  4%] Built target translations_7
[  4%] Built target translations_8
[  5%] Built target translations_9
[  7%] Built target translations_10
[  7%] Built target translations_13
[  7%] Built target translations_12
[  8%] Built target translations_11
[  9%] Built target translations_15
[  9%] Built target translations_14
[ 10%] Built target translations_17
[ 10%] Built target translations_16
[ 11%] Built target translations_18
[ 11%] Built target translations_19
[ 12%] Built target translations_20
[ 12%] Built target translations_21
[ 13%] Built target translations_24
[ 13%] Built target translations_25
[ 13%] Built target translations_23
[ 14%] Built target translations_22
[ 15%] Built target translations_26
[ 15%] Built target translations_28
[ 16%] Built target translations_27
[ 18%] Built target translations_29
[ 18%] Built target translations_30
[ 19%] Built target translations_32
[ 19%] Built target translations_31
[ 19%] Built target translations_34
[ 20%] Built target translations_33
[ 21%] Built target translations_35
[ 22%] Built target translations_36
[ 22%] Built target translations_38
[ 23%] Built target translations_37
[ 23%] Built target translations_40
[ 23%] Built target translations_39
[ 24%] Built target translations_41
[ 24%] Built target translations_42
[ 25%] Built target translations_43
[ 26%] Built target translations_44
[ 26%] Built target translations_45
[ 27%] Built target translations_46
[ 27%] Built target translations_47
[ 28%] Built target translations_48
[ 29%] Built target translations_49
[ 30%] Built target translations_50
[ 30%] Built target translations_51
[ 31%] Built target translations_52
[ 31%] Built target translations_53
[ 32%] Built target translations_55
[ 33%] Built target translations_54
[ 33%] Built target translations_56
[ 34%] Built target translations_57
[ 34%] Built target translations_58
[ 35%] Built target translations_59
[ 35%] Built target translations_60
[ 36%] Built target translations_63
[ 37%] Built target translations_61
[ 37%] Built target translations_62
[ 37%] Built target translations_64
[ 38%] Built target translations_65
[ 39%] Built target translations_66
[ 39%] Built target translations_67
[ 40%] Built target translations_68
[ 40%] Built target translations_70
[ 40%] Built target translations_69
[ 42%] Built target translations_71
[ 42%] Built target translations_72
[ 42%] Built target translations_73
[ 43%] Built target translations_74
[ 43%] Built target translations_75
[ 44%] Built target translations_76
[ 45%] Built target translations_77
[ 45%] Built target translations_78
[ 46%] Built target translations_79
[ 47%] Built target translations_80
[ 47%] Built target translations_81
[ 48%] Built target translations_82
[ 49%] Built target translations_83
[ 49%] Built target translations_84
[ 50%] Built target translations_85
[ 50%] Built target translations_86
[ 51%] Built target translations_87
[ 51%] Built target translations_89
[ 52%] Built target translations_88
[ 53%] Built target translations_90
[ 53%] Built target translations_91
[ 53%] Built target translations_92
[ 55%] Built target translations_93
[ 55%] Built target translations_94
[ 56%] Built target translations_95
[ 56%] Built target translations_96
[ 56%] Built target translations_97
[ 57%] Built target translations_98
[ 58%] Built target translations_99
[ 59%] Built target translations_100
[ 60%] Built target translations_102
[ 60%] Built target translations_101
[ 60%] Built target translations_103
[ 61%] Built target translations_104
[ 62%] Built target translations_105
[ 62%] Built target translations_106
[ 63%] Automatic MOC for target KF5CoreAddons
[ 64%] Automatic MOC for target desktoptojson
[ 64%] Built target desktoptojson_autogen
[ 64%] Built target KF5CoreAddons_autogen
[ 64%] Linking CXX executable ../../bin/desktoptojson
[ 96%] Built target KF5CoreAddons
[100%] Built target desktoptojson
