This file contains any messages produced by compilers while
running configure, to aid debugging if configure makes a mistake.

It was created by opcodes configure 2.39.50, which was
generated by GNU Autoconf 2.69.  Invocation command line was

  $ /mnt/HDD/Project/Public/okulartry/binutils-gdb/opcodes/configure --srcdir=.././opcodes --cache-file=./config.cache --with-gnu-as --with-gnu-ld --prefix=/home/build/inkbox/compiled-binaries/arm-kobo-linux-gnueabihf/arm-kobo-linux-gnueabihf/sysroot/ --with-build-sysroot=/home/build/inkbox/compiled-binaries/arm-kobo-linux-gnueabihf/arm-kobo-linux-gnueabihf/sysroot/ --program-transform-name=s,y,y, --disable-option-checking --disable-year2038 --build=x86_64-pc-linux-gnu --host=arm-linux-gnueabihf --target=arm-linux-gnueabihf

## --------- ##
## Platform. ##
## --------- ##

hostname = hyperbookszyb
uname -m = x86_64
uname -r = 6.1.28-1-lts
uname -s = Linux
uname -v = #1 SMP PREEMPT_DYNAMIC Thu, 11 May 2023 15:52:41 +0000

/usr/bin/uname -p = unknown
/bin/uname -X     = unknown

/bin/arch              = unknown
/usr/bin/arch -k       = unknown
/usr/convex/getsysinfo = unknown
/usr/bin/hostinfo      = unknown
/bin/machine           = unknown
/usr/bin/oslevel       = unknown
/bin/universe          = unknown

PATH: /home/szybet/kde/src/kdesrc-build
PATH: /home/szybet/.cargo/bin
PATH: /sbin
PATH: /bin
PATH: /usr/local/sbin
PATH: /usr/local/bin
PATH: /usr/bin
PATH: /usr/sbin
PATH: /home/szybet/.dotnet/tools
PATH: /usr/lib/jvm/default/bin
PATH: /usr/bin/site_perl
PATH: /usr/bin/vendor_perl
PATH: /usr/bin/core_perl
PATH: /usr/lib/rustup/bin
PATH: /home/build/inkbox/compiled-binaries/arm-kobo-linux-gnueabihf/bin/
PATH: /home/build/inkbox/compiled-binaries/qt-bin/qt-linux-5.15.2-kobo/bin/


## ----------- ##
## Core tests. ##
## ----------- ##

configure:2409: loading cache ./config.cache
configure:2528: checking build system type
configure:2542: result: x86_64-pc-linux-gnu
configure:2562: checking host system type
configure:2575: result: arm-unknown-linux-gnueabihf
configure:2595: checking target system type
configure:2608: result: arm-unknown-linux-gnueabihf
configure:2651: checking for a BSD-compatible install
configure:2719: result: /bin/install -c
configure:2730: checking whether build environment is sane
configure:2785: result: yes
configure:2844: checking for arm-linux-gnueabihf-strip
configure:2871: result: strip
configure:2936: checking for a thread-safe mkdir -p
configure:2975: result: /sbin/mkdir -p
configure:2982: checking for gawk
configure:3009: result: gawk
configure:3020: checking whether make sets $(MAKE)
configure:3042: result: yes
configure:3071: checking whether make supports nested variables
configure:3088: result: yes
configure:3225: checking whether make supports nested variables
configure:3242: result: yes
configure:3262: checking for arm-linux-gnueabihf-gcc
configure:3289: result: arm-kobo-linux-gnueabihf-gcc
configure:3558: checking for C compiler version
configure:3567: arm-kobo-linux-gnueabihf-gcc --version >&5
arm-kobo-linux-gnueabihf-gcc (crosstool-NG 1.24.0.519_3e2d99d - NiLuJe) 11.2.0
Copyright (C) 2021 Free Software Foundation, Inc.
This is free software; see the source for copying conditions.  There is NO
warranty; not even for MERCHANTABILITY or FITNESS FOR A PARTICULAR PURPOSE.

configure:3578: $? = 0
configure:3567: arm-kobo-linux-gnueabihf-gcc -v >&5
Using built-in specs.
COLLECT_GCC=arm-kobo-linux-gnueabihf-gcc
COLLECT_LTO_WRAPPER=/mnt/HDD/Project/inkbox-build/inkbox/compiled-binaries/arm-kobo-linux-gnueabihf/bin/../libexec/gcc/arm-kobo-linux-gnueabihf/11.2.0/lto-wrapper
Target: arm-kobo-linux-gnueabihf
Configured with: /home/nicolas/Development/kox/koxtoolchain/build/kobo/.build/arm-kobo-linux-gnueabihf/src/gcc/configure --build=x86_64-build_pc-linux-gnu --host=x86_64-build_pc-linux-gnu --target=arm-kobo-linux-gnueabihf --prefix=/home/nicolas/x-tools/arm-kobo-linux-gnueabihf --exec_prefix=/home/nicolas/x-tools/arm-kobo-linux-gnueabihf --with-sysroot=/home/nicolas/x-tools/arm-kobo-linux-gnueabihf/arm-kobo-linux-gnueabihf/sysroot --enable-languages=c,c++ --with-cpu=cortex-a8 --with-fpu=neon --with-float=hard --with-pkgversion='crosstool-NG 1.24.0.519_3e2d99d - NiLuJe' --enable-__cxa_atexit --disable-libmudflap --disable-libgomp --disable-libssp --disable-libquadmath --disable-libquadmath-support --disable-libsanitizer --disable-libmpx --with-gmp=/home/nicolas/Development/kox/koxtoolchain/build/kobo/.build/arm-kobo-linux-gnueabihf/buildtools --with-mpfr=/home/nicolas/Development/kox/koxtoolchain/build/kobo/.build/arm-kobo-linux-gnueabihf/buildtools --with-mpc=/home/nicolas/Development/kox/koxtoolchain/build/kobo/.build/arm-kobo-linux-gnueabihf/buildtools --with-isl=no --with-cloog=no --enable-lto --enable-threads=posix --with-linker-hash-style=gnu --enable-plugin --enable-gold --disable-nls --disable-multilib --with-diagnostics-color=always --with-local-prefix=/home/nicolas/x-tools/arm-kobo-linux-gnueabihf/arm-kobo-linux-gnueabihf/sysroot --enable-long-long --with-mode=thumb
Thread model: posix
Supported LTO compression algorithms: zlib zstd
gcc version 11.2.0 (crosstool-NG 1.24.0.519_3e2d99d - NiLuJe) 
configure:3578: $? = 0
configure:3567: arm-kobo-linux-gnueabihf-gcc -V >&5
[01m[Karm-kobo-linux-gnueabihf-gcc:[m[K [01;31m[Kerror: [m[Kunrecognized command-line option '[01m[K-V[m[K'
[01m[Karm-kobo-linux-gnueabihf-gcc:[m[K [01;31m[Kfatal error: [m[Kno input files
compilation terminated.
configure:3578: $? = 1
configure:3567: arm-kobo-linux-gnueabihf-gcc -qversion >&5
[01m[Karm-kobo-linux-gnueabihf-gcc:[m[K [01;31m[Kerror: [m[Kunrecognized command-line option '[01m[K-qversion[m[K'; did you mean '[01m[K--version[m[K'?
[01m[Karm-kobo-linux-gnueabihf-gcc:[m[K [01;31m[Kfatal error: [m[Kno input files
compilation terminated.
configure:3578: $? = 1
configure:3598: checking whether the C compiler works
configure:3620: arm-kobo-linux-gnueabihf-gcc -g -O2        conftest.c  >&5
configure:3624: $? = 0
configure:3672: result: yes
configure:3675: checking for C compiler default output file name
configure:3677: result: a.out
configure:3683: checking for suffix of executables
configure:3690: arm-kobo-linux-gnueabihf-gcc -o conftest -g -O2        conftest.c  >&5
configure:3694: $? = 0
configure:3716: result: 
configure:3738: checking whether we are cross compiling
configure:3776: result: yes
configure:3781: checking for suffix of object files
configure:3828: result: o
configure:3832: checking whether we are using the GNU C compiler
configure:3860: result: yes
configure:3869: checking whether arm-kobo-linux-gnueabihf-gcc accepts -g
configure:3930: result: yes
configure:3947: checking for arm-kobo-linux-gnueabihf-gcc option to accept ISO C89
configure:4023: result: none needed
configure:4048: checking whether arm-kobo-linux-gnueabihf-gcc understands -c and -o together
configure:4085: result: yes
configure:4113: checking for style of include used by make
configure:4141: result: GNU
configure:4167: checking dependency style of arm-kobo-linux-gnueabihf-gcc
configure:4278: result: gcc3
configure:4299: checking how to run the C preprocessor
configure:4369: result: arm-kobo-linux-gnueabihf-gcc -E
configure:4389: arm-kobo-linux-gnueabihf-gcc -E  conftest.c
configure:4389: $? = 0
configure:4403: arm-kobo-linux-gnueabihf-gcc -E  conftest.c
[01m[Kconftest.c:11:10:[m[K [01;31m[Kfatal error: [m[Kac_nonexistent.h: No such file or directory
   11 | #include [01;31m[K<ac_nonexistent.h>[m[K
      |          [01;31m[K^~~~~~~~~~~~~~~~~~[m[K
compilation terminated.
configure:4403: $? = 1
configure: failed program was:
| /* confdefs.h */
| #define PACKAGE_NAME "opcodes"
| #define PACKAGE_TARNAME "opcodes"
| #define PACKAGE_VERSION "2.39.50"
| #define PACKAGE_STRING "opcodes 2.39.50"
| #define PACKAGE_BUGREPORT ""
| #define PACKAGE_URL ""
| #define PACKAGE "opcodes"
| #define VERSION "2.39.50"
| /* end confdefs.h.  */
| #include <ac_nonexistent.h>
configure:4432: checking for grep that handles long lines and -e
configure:4490: result: /sbin/grep
configure:4495: checking for egrep
configure:4557: result: /sbin/grep -E
configure:4562: checking for ANSI C header files
configure:4666: result: yes
configure:4679: checking for sys/types.h
configure:4679: result: yes
configure:4679: checking for sys/stat.h
configure:4679: result: yes
configure:4679: checking for stdlib.h
configure:4679: result: yes
configure:4679: checking for string.h
configure:4679: result: yes
configure:4679: checking for memory.h
configure:4679: result: yes
configure:4679: checking for strings.h
configure:4679: result: yes
configure:4679: checking for inttypes.h
configure:4679: result: yes
configure:4679: checking for stdint.h
configure:4679: result: yes
configure:4679: checking for unistd.h
configure:4679: result: yes
configure:4692: checking for minix/config.h
configure:4692: result: no
configure:4713: checking whether it is safe to define __EXTENSIONS__
configure:4738: result: yes
configure:4758: checking for arm-linux-gnueabihf-ar
configure:4785: result: arm-kobo-linux-gnueabihf-ar --plugin /mnt/HDD/Project/inkbox-build/inkbox/compiled-binaries/arm-kobo-linux-gnueabihf/bin/../libexec/gcc/arm-kobo-linux-gnueabihf/11.2.0/liblto_plugin.so
configure:4850: checking for arm-linux-gnueabihf-ranlib
configure:4877: result: arm-kobo-linux-gnueabihf-ranlib --plugin /mnt/HDD/Project/inkbox-build/inkbox/compiled-binaries/arm-kobo-linux-gnueabihf/bin/../libexec/gcc/arm-kobo-linux-gnueabihf/11.2.0/liblto_plugin.so
configure:5018: checking how to print strings
configure:5045: result: printf
configure:5066: checking for a sed that does not truncate output
configure:5130: result: /sbin/sed
configure:5148: checking for fgrep
configure:5210: result: /sbin/grep -F
configure:5245: checking for ld used by arm-kobo-linux-gnueabihf-gcc
configure:5312: result: arm-kobo-linux-gnueabihf-ld
configure:5319: checking if the linker (arm-kobo-linux-gnueabihf-ld) is GNU ld
configure:5334: result: yes
configure:5346: checking for BSD- or MS-compatible name lister (nm)
configure:5402: result: no
configure:5416: checking for arm-linux-gnueabihf-dumpbin
configure:5446: result: no
configure:5416: checking for arm-linux-gnueabihf-link
configure:5446: result: no
configure:5460: checking for dumpbin
configure:5487: result: link -dump
configure:5503: WARNING: using cross tools not prefixed with host triplet
configure:5532: checking the name lister (arm-linux-gnueabihf-nm) interface
configure:5552: result: BSD nm
configure:5555: checking whether ln -s works
configure:5559: result: yes
configure:5567: checking the maximum length of command line arguments
configure:5692: result: 1572864
configure:5709: checking whether the shell understands some XSI constructs
configure:5719: result: yes
configure:5723: checking whether the shell understands "+="
configure:5729: result: yes
configure:5764: checking for arm-kobo-linux-gnueabihf-ld option to reload object files
configure:5771: result: -r
configure:5800: checking for arm-linux-gnueabihf-objdump
configure:5827: result: arm-linux-gnueabihf-objdump
configure:5899: checking how to recognize dependent libraries
configure:6100: result: pass_all
configure:6133: checking for arm-linux-gnueabihf-ar
configure:6160: result: arm-kobo-linux-gnueabihf-ar --plugin /mnt/HDD/Project/inkbox-build/inkbox/compiled-binaries/arm-kobo-linux-gnueabihf/bin/../libexec/gcc/arm-kobo-linux-gnueabihf/11.2.0/liblto_plugin.so
configure:6251: checking for arm-linux-gnueabihf-strip
configure:6278: result: strip
configure:6350: checking for arm-linux-gnueabihf-ranlib
configure:6377: result: arm-kobo-linux-gnueabihf-ranlib --plugin /mnt/HDD/Project/inkbox-build/inkbox/compiled-binaries/arm-kobo-linux-gnueabihf/bin/../libexec/gcc/arm-kobo-linux-gnueabihf/11.2.0/liblto_plugin.so
configure:6524: checking command to parse arm-linux-gnueabihf-nm output from arm-kobo-linux-gnueabihf-gcc object
configure:6744: result: failed
configure:7595: checking for dlfcn.h
configure:7595: result: yes
configure:7752: checking for objdir
configure:7767: result: .libs
configure:8038: checking if arm-kobo-linux-gnueabihf-gcc supports -fno-rtti -fno-exceptions
configure:8073: result: no
configure:8093: checking for arm-kobo-linux-gnueabihf-gcc option to produce PIC
configure:8379: result: -fPIC -DPIC
configure:8391: checking if arm-kobo-linux-gnueabihf-gcc PIC flag -fPIC -DPIC works
configure:8426: result: yes
configure:8450: checking if arm-kobo-linux-gnueabihf-gcc static flag -static works
configure:8478: result: yes
configure:8493: checking if arm-kobo-linux-gnueabihf-gcc supports -c -o file.o
configure:8540: result: yes
configure:8548: checking if arm-kobo-linux-gnueabihf-gcc supports -c -o file.o
configure:8595: result: yes
configure:8628: checking whether the arm-kobo-linux-gnueabihf-gcc linker (arm-kobo-linux-gnueabihf-ld) supports shared libraries
configure:9699: result: yes
configure:9944: checking dynamic linker characteristics
configure:10607: result: GNU/Linux ld.so
configure:10714: checking how to hardcode library paths into programs
configure:10739: result: immediate
configure:11279: checking whether stripping libraries is possible
configure:11284: result: yes
configure:11319: checking if libtool supports shared libraries
configure:11321: result: yes
configure:11324: checking whether to build shared libraries
configure:11345: result: no
configure:11348: checking whether to build static libraries
configure:11352: result: yes
configure:11596: checking whether to enable maintainer-specific portions of Makefiles
configure:11605: result: no
configure:11633: checking whether to install libbfd
configure:11646: result: yes
configure:11692: checking whether NLS is requested
configure:11698: result: yes
configure:11704: checking for catalogs to be installed
configure:11736: result:  da de es fi fr ga id it nl pt_BR ro sr sv tr uk vi zh_CN da de es fi fr ga id it nl pt_BR ro sr sv tr uk vi zh_CN
configure:11763: checking whether NLS is requested
configure:11772: result: yes
configure:11810: checking for msgfmt
configure:11841: result: /sbin/msgfmt
configure:11850: checking for gmsgfmt
configure:11881: result: /sbin/msgfmt
configure:11921: checking for xgettext
configure:11952: result: /sbin/xgettext
configure:11992: checking for msgmerge
configure:12022: result: /sbin/msgmerge
configure:12073: checking for build system executable suffix
configure:12091: result: no
configure:12117: checking size of void *
configure:12136: result: 4
configure:12165: checking whether basename is declared
configure:12165: result: yes
configure:12175: checking whether stpcpy is declared
configure:12175: result: yes
configure:12189: checking for sigsetjmp
configure:12207: arm-kobo-linux-gnueabihf-gcc -c -g -O2      conftest.c >&5
configure:12207: $? = 0
configure:12214: result: 
configure:12258: checking linker --as-needed support
configure:12269: result: yes
configure:12360: checking for cos in -lm
configure:12394: result: yes
configure:12749: checking that generated files are newer than configure
configure:12755: result: done
configure:12794: creating ./config.status

## ---------------------- ##
## Running config.status. ##
## ---------------------- ##

This file was extended by opcodes config.status 2.39.50, which was
generated by GNU Autoconf 2.69.  Invocation command line was

  CONFIG_FILES    = 
  CONFIG_HEADERS  = 
  CONFIG_LINKS    = 
  CONFIG_COMMANDS = 
  $ ./config.status 

on hyperbookszyb

config.status:1136: creating Makefile
config.status:1136: creating po/Makefile.in
config.status:1136: creating config.h
config.status:1317: config.h is unchanged
config.status:1365: executing depfiles commands
config.status:1365: executing libtool commands
config.status:1365: executing default-1 commands

## ---------------- ##
## Cache variables. ##
## ---------------- ##

ac_cv_build=x86_64-pc-linux-gnu
ac_cv_c_compiler_gnu=yes
ac_cv_env_CC_set=set
ac_cv_env_CC_value=arm-kobo-linux-gnueabihf-gcc
ac_cv_env_CFLAGS_set=set
ac_cv_env_CFLAGS_value='-g -O2    '
ac_cv_env_CPPFLAGS_set=
ac_cv_env_CPPFLAGS_value=
ac_cv_env_CPP_set=
ac_cv_env_CPP_value=
ac_cv_env_LDFLAGS_set=set
ac_cv_env_LDFLAGS_value=' '
ac_cv_env_LIBS_set=
ac_cv_env_LIBS_value=
ac_cv_env_build_alias_set=set
ac_cv_env_build_alias_value=x86_64-pc-linux-gnu
ac_cv_env_host_alias_set=set
ac_cv_env_host_alias_value=arm-linux-gnueabihf
ac_cv_env_target_alias_set=set
ac_cv_env_target_alias_value=arm-linux-gnueabihf
ac_cv_have_decl_basename=yes
ac_cv_have_decl_stpcpy=yes
ac_cv_header_dlfcn_h=yes
ac_cv_header_inttypes_h=yes
ac_cv_header_memory_h=yes
ac_cv_header_minix_config_h=no
ac_cv_header_stdc=yes
ac_cv_header_stdint_h=yes
ac_cv_header_stdlib_h=yes
ac_cv_header_string_h=yes
ac_cv_header_strings_h=yes
ac_cv_header_sys_stat_h=yes
ac_cv_header_sys_types_h=yes
ac_cv_header_unistd_h=yes
ac_cv_host=arm-unknown-linux-gnueabihf
ac_cv_lib_m_cos=yes
ac_cv_objext=o
ac_cv_path_EGREP='/sbin/grep -E'
ac_cv_path_FGREP='/sbin/grep -F'
ac_cv_path_GMSGFMT=/sbin/msgfmt
ac_cv_path_GREP=/sbin/grep
ac_cv_path_MSGFMT=/sbin/msgfmt
ac_cv_path_MSGMERGE=/sbin/msgmerge
ac_cv_path_SED=/sbin/sed
ac_cv_path_XGETTEXT=/sbin/xgettext
ac_cv_path_mkdir=/sbin/mkdir
ac_cv_prog_AR='arm-kobo-linux-gnueabihf-ar --plugin /mnt/HDD/Project/inkbox-build/inkbox/compiled-binaries/arm-kobo-linux-gnueabihf/bin/../libexec/gcc/arm-kobo-linux-gnueabihf/11.2.0/liblto_plugin.so'
ac_cv_prog_AWK=gawk
ac_cv_prog_CC=arm-kobo-linux-gnueabihf-gcc
ac_cv_prog_CPP='arm-kobo-linux-gnueabihf-gcc -E'
ac_cv_prog_OBJDUMP=arm-linux-gnueabihf-objdump
ac_cv_prog_RANLIB='arm-kobo-linux-gnueabihf-ranlib --plugin /mnt/HDD/Project/inkbox-build/inkbox/compiled-binaries/arm-kobo-linux-gnueabihf/bin/../libexec/gcc/arm-kobo-linux-gnueabihf/11.2.0/liblto_plugin.so'
ac_cv_prog_STRIP=strip
ac_cv_prog_ac_ct_DUMPBIN='link -dump'
ac_cv_prog_ac_ct_STRIP=strip
ac_cv_prog_cc_c89=
ac_cv_prog_cc_g=yes
ac_cv_prog_make_make_set=yes
ac_cv_safe_to_define___extensions__=yes
ac_cv_sizeof_void_p=4
ac_cv_target=arm-unknown-linux-gnueabihf
am_cv_CC_dependencies_compiler_type=gcc3
am_cv_make_support_nested_variables=yes
am_cv_prog_cc_c_o=yes
bfd_cv_build_exeext=no
bfd_cv_func_sigsetjmp=yes
bfd_cv_ld_as_needed=yes
lt_cv_deplibs_check_method=pass_all
lt_cv_file_magic_cmd='$MAGIC_CMD'
lt_cv_file_magic_test_file=
lt_cv_ld_reload_flag=-r
lt_cv_nm_interface='BSD nm'
lt_cv_objdir=.libs
lt_cv_path_LD=arm-kobo-linux-gnueabihf-ld
lt_cv_path_NM=no
lt_cv_prog_compiler_c_o=yes
lt_cv_prog_compiler_pic_works=yes
lt_cv_prog_compiler_rtti_exceptions=no
lt_cv_prog_compiler_static_works=yes
lt_cv_prog_gnu_ld=yes
lt_cv_shlibpath_overrides_runpath=no
lt_cv_sys_global_symbol_pipe=
lt_cv_sys_global_symbol_to_c_name_address='sed -n -e '\''s/^: \([^ ]*\) $/  {\"\1\", (void *) 0},/p'\'' -e '\''s/^[BCDEGRST]* \([^ ]*\) \([^ ]*\)$/  {"\2", (void *) \&\2},/p'\'''
lt_cv_sys_global_symbol_to_c_name_address_lib_prefix='sed -n -e '\''s/^: \([^ ]*\) $/  {\"\1\", (void *) 0},/p'\'' -e '\''s/^[BCDEGRST]* \([^ ]*\) \(lib[^ ]*\)$/  {"\2", (void *) \&\2},/p'\'' -e '\''s/^[BCDEGRST]* \([^ ]*\) \([^ ]*\)$/  {"lib\2", (void *) \&\2},/p'\'''
lt_cv_sys_global_symbol_to_cdecl=
lt_cv_sys_max_cmd_len=1572864

## ----------------- ##
## Output variables. ##
## ----------------- ##

ACLOCAL='${SHELL} /mnt/HDD/Project/Public/okulartry/binutils-gdb/missing aclocal-1.15'
AMDEPBACKSLASH='\'
AMDEP_FALSE='#'
AMDEP_TRUE=''
AMTAR='$${TAR-tar}'
AM_BACKSLASH='\'
AM_DEFAULT_V='$(AM_DEFAULT_VERBOSITY)'
AM_DEFAULT_VERBOSITY='0'
AM_V='$(V)'
AR='arm-kobo-linux-gnueabihf-ar --plugin /mnt/HDD/Project/inkbox-build/inkbox/compiled-binaries/arm-kobo-linux-gnueabihf/bin/../libexec/gcc/arm-kobo-linux-gnueabihf/11.2.0/liblto_plugin.so --plugin /mnt/HDD/Project/inkbox-build/inkbox/compiled-binaries/arm-kobo-linux-gnueabihf/bin/../libexec/gcc/arm-kobo-linux-gnueabihf/11.2.0/liblto_plugin.so'
AUTOCONF='${SHELL} /mnt/HDD/Project/Public/okulartry/binutils-gdb/missing autoconf'
AUTOHEADER='${SHELL} /mnt/HDD/Project/Public/okulartry/binutils-gdb/missing autoheader'
AUTOMAKE='${SHELL} /mnt/HDD/Project/Public/okulartry/binutils-gdb/missing automake-1.15'
AWK='gawk'
BFD_MACHINES=' arm-dis.lo'
BUILD_LIBS='-liberty '
BUILD_LIB_DEPS=' '
CATALOGS=' da.gmo de.gmo es.gmo fi.gmo fr.gmo ga.gmo id.gmo it.gmo nl.gmo pt_BR.gmo ro.gmo sr.gmo sv.gmo tr.gmo uk.gmo vi.gmo zh_CN.gmo da.gmo de.gmo es.gmo fi.gmo fr.gmo ga.gmo id.gmo it.gmo nl.gmo pt_BR.gmo ro.gmo sr.gmo sv.gmo tr.gmo uk.gmo vi.gmo zh_CN.gmo'
CATOBJEXT='.gmo'
CC='arm-kobo-linux-gnueabihf-gcc'
CCDEPMODE='depmode=gcc3'
CC_FOR_BUILD='gcc'
CFLAGS='-g -O2    '
CGEN_MAINT_FALSE=''
CGEN_MAINT_TRUE='#'
CPP='arm-kobo-linux-gnueabihf-gcc -E'
CPPFLAGS=''
CYGPATH_W='echo'
DATADIRNAME='share'
DEFS='-DHAVE_CONFIG_H'
DEPDIR='.deps'
DSYMUTIL='arm-linux-gnueabihf-dsymutil'
DUMPBIN=':'
ECHO_C=''
ECHO_N='-n'
ECHO_T=''
EGREP='/sbin/grep -E'
ENABLE_BFD_64_BIT_FALSE=''
ENABLE_BFD_64_BIT_TRUE='#'
EXEEXT=''
EXEEXT_FOR_BUILD=''
FGREP='/sbin/grep -F'
GENCAT='gencat'
GMSGFMT='/sbin/msgfmt'
GREP='/sbin/grep'
HDEFINES=''
INCINTL=''
INSTALL_DATA='/bin/install -c -m 644'
INSTALL_LIBBFD_FALSE='#'
INSTALL_LIBBFD_TRUE=''
INSTALL_PROGRAM='/bin/install -c'
INSTALL_SCRIPT='/bin/install -c'
INSTALL_STRIP_PROGRAM='$(install_sh) -c -s'
INSTOBJEXT='.mo'
LD='arm-kobo-linux-gnueabihf-ld'
LDFLAGS=' '
LIBINTL=''
LIBINTL_DEP=''
LIBM='-lm'
LIBOBJS=''
LIBS=''
LIBTOOL='$(SHELL) $(top_builddir)/libtool'
LIPO=''
LN_S='ln -s'
LTLIBOBJS=''
MAINT='#'
MAINTAINER_MODE_FALSE=''
MAINTAINER_MODE_TRUE='#'
MAKEINFO='makeinfo --split-size=5000000'
MKDIR_P='/sbin/mkdir -p'
MKINSTALLDIRS='$(top_builddir)/./../mkinstalldirs'
MSGFMT='/sbin/msgfmt'
MSGMERGE='/sbin/msgmerge'
NM='arm-linux-gnueabihf-nm'
NMEDIT=''
NO_WERROR=''
OBJDUMP='arm-linux-gnueabihf-objdump'
OBJEXT='o'
OTOOL64=''
OTOOL='arm-linux-gnueabihf-otool'
PACKAGE='opcodes'
PACKAGE_BUGREPORT=''
PACKAGE_NAME='opcodes'
PACKAGE_STRING='opcodes 2.39.50'
PACKAGE_TARNAME='opcodes'
PACKAGE_URL=''
PACKAGE_VERSION='2.39.50'
PATH_SEPARATOR=':'
POSUB='po'
RANLIB='arm-kobo-linux-gnueabihf-ranlib --plugin /mnt/HDD/Project/inkbox-build/inkbox/compiled-binaries/arm-kobo-linux-gnueabihf/bin/../libexec/gcc/arm-kobo-linux-gnueabihf/11.2.0/liblto_plugin.so --plugin /mnt/HDD/Project/inkbox-build/inkbox/compiled-binaries/arm-kobo-linux-gnueabihf/bin/../libexec/gcc/arm-kobo-linux-gnueabihf/11.2.0/liblto_plugin.so'
SED='/sbin/sed'
SET_MAKE=''
SHARED_DEPENDENCIES=''
SHARED_LDFLAGS=''
SHARED_LIBADD=' '
SHELL='/bin/sh'
STRIP='strip'
USE_NLS='yes'
VERSION='2.39.50'
WARN_CFLAGS='-W -Wall -Wstrict-prototypes -Wmissing-prototypes -Wshadow -Wstack-usage=262144'
WARN_CFLAGS_FOR_BUILD='-W -Wall -Wstrict-prototypes -Wmissing-prototypes -Wshadow -Wstack-usage=262144'
WARN_WRITE_STRINGS='-Wwrite-strings'
XGETTEXT='/sbin/xgettext'
ac_ct_CC=''
ac_ct_DUMPBIN='link -dump'
am__EXEEXT_FALSE=''
am__EXEEXT_TRUE='#'
am__fastdepCC_FALSE='#'
am__fastdepCC_TRUE=''
am__include='include'
am__isrc=''
am__leading_dot='.'
am__nodep='_no'
am__quote=''
am__tar='$${TAR-tar} chof - "$$tardir"'
am__untar='$${TAR-tar} xf -'
archdefs=' -DARCH_arm'
bfdincludedir='$(includedir)'
bfdlibdir='$(libdir)'
bindir='${exec_prefix}/bin'
build='x86_64-pc-linux-gnu'
build_alias='x86_64-pc-linux-gnu'
build_cpu='x86_64'
build_os='linux-gnu'
build_vendor='pc'
cgendir='$(srcdir)/../cgen'
datadir='${datarootdir}'
datarootdir='${prefix}/share'
docdir='${datarootdir}/doc/${PACKAGE_TARNAME}'
dvidir='${docdir}'
exec_prefix='${prefix}'
host='arm-unknown-linux-gnueabihf'
host_alias='arm-linux-gnueabihf'
host_cpu='arm'
host_noncanonical='arm-linux-gnueabihf'
host_os='linux-gnueabihf'
host_vendor='unknown'
htmldir='${docdir}'
includedir='${prefix}/include'
infodir='${datarootdir}/info'
install_sh='${SHELL} /mnt/HDD/Project/Public/okulartry/binutils-gdb/install-sh'
libdir='${exec_prefix}/lib'
libexecdir='${exec_prefix}/libexec'
localedir='${datarootdir}/locale'
localstatedir='${prefix}/var'
mandir='${datarootdir}/man'
mkdir_p='$(MKDIR_P)'
oldincludedir='/usr/include'
pdfdir='${docdir}'
prefix='/home/build/inkbox/compiled-binaries/arm-kobo-linux-gnueabihf/arm-kobo-linux-gnueabihf/sysroot'
program_transform_name='s,y,y,'
psdir='${docdir}'
sbindir='${exec_prefix}/sbin'
sharedstatedir='${prefix}/com'
sysconfdir='${prefix}/etc'
target='arm-unknown-linux-gnueabihf'
target_alias='arm-linux-gnueabihf'
target_cpu='arm'
target_noncanonical='arm-linux-gnueabihf'
target_os='linux-gnueabihf'
target_vendor='unknown'

## ----------- ##
## confdefs.h. ##
## ----------- ##

/* confdefs.h */
#define PACKAGE_NAME "opcodes"
#define PACKAGE_TARNAME "opcodes"
#define PACKAGE_VERSION "2.39.50"
#define PACKAGE_STRING "opcodes 2.39.50"
#define PACKAGE_BUGREPORT ""
#define PACKAGE_URL ""
#define PACKAGE "opcodes"
#define VERSION "2.39.50"
#define STDC_HEADERS 1
#define HAVE_SYS_TYPES_H 1
#define HAVE_SYS_STAT_H 1
#define HAVE_STDLIB_H 1
#define HAVE_STRING_H 1
#define HAVE_MEMORY_H 1
#define HAVE_STRINGS_H 1
#define HAVE_INTTYPES_H 1
#define HAVE_STDINT_H 1
#define HAVE_UNISTD_H 1
#define __EXTENSIONS__ 1
#define _ALL_SOURCE 1
#define _GNU_SOURCE 1
#define _POSIX_PTHREAD_SEMANTICS 1
#define _TANDEM_SOURCE 1
#define HAVE_DLFCN_H 1
#define LT_OBJDIR ".libs/"
#define ENABLE_NLS 1
#define SIZEOF_VOID_P 4
#define HAVE_DECL_BASENAME 1
#define HAVE_DECL_STPCPY 1
#define HAVE_SIGSETJMP 1

configure: exit 0
