# kdesrc-build running: 'make' '-j' '8'
# from directory: /home/szybet/kdesrc/build/frameworks/kcoreaddons
[  0%] Built target translations_2
[  0%] Built target translations_5
[  0%] Built target translations_6
[  0%] Built target translations_3
[  1%] Built target translations_4
[  1%] Built target translations_1
[  1%] Built target translations_8
[  1%] Built target translations_7
[  1%] Built target translations_9
[  1%] Built target translations_10
[  1%] Built target translations_11
[  1%] Built target translations_12
[  2%] Built target translations_13
[  2%] Built target translations_14
[  2%] Built target translations_16
[  2%] Built target translations_15
[  3%] Built target translations_17
[  3%] Built target translations_18
[  3%] Built target translations_19
[  4%] Built target translations_20
[  4%] Built target translations_21
[  4%] Built target translations_22
[  5%] Built target translations_23
[  5%] Built target translations_24
[  5%] Built target translations_25
[  5%] Built target translations_27
[  5%] Built target translations_26
[  6%] Built target translations_28
[  6%] Built target translations_29
[  6%] Built target translations_30
[  7%] Built target translations_31
[  7%] Built target translations_32
[  7%] Built target translations_33
[  7%] Built target translations_35
[  8%] Built target translations_36
[  8%] Built target translations_38
[  8%] Built target translations_34
[  8%] Built target translations_37
[  8%] Built target translations_39
[  8%] Built target translations_40
[  8%] Built target translations_41
[  8%] Built target translations_42
[  8%] Built target translations_44
[  9%] Built target translations_43
[  9%] Built target translations_45
[  9%] Built target translations_46
[ 10%] Built target translations_47
[ 10%] Built target translations_48
[ 10%] Built target translations_49
[ 11%] Built target translations_50
[ 11%] Built target translations_51
[ 12%] Built target translations_54
[ 12%] Built target translations_52
[ 12%] Built target translations_53
[ 12%] Built target translations_55
[ 12%] Built target translations_56
[ 13%] Built target translations_58
[ 13%] Built target translations_60
[ 13%] Built target translations_59
[ 14%] Built target translations_61
[ 14%] Built target translations_57
[ 14%] Built target translations_62
[ 15%] Built target translations_65
[ 15%] Built target translations_64
[ 15%] Built target translations_63
[ 15%] Built target translations_66
[ 15%] Built target translations_67
[ 15%] Built target translations_68
[ 16%] Built target translations_69
[ 16%] Built target translations_70
[ 16%] Built target translations_71
[ 16%] Built target translations_74
[ 16%] Built target translations_72
[ 16%] Built target translations_76
[ 17%] Built target translations_73
[ 17%] Built target translations_75
[ 18%] Built target translations_77
[ 18%] Built target translations_78
[ 19%] Built target translations_80
[ 19%] Built target translations_79
[ 19%] Built target translations_83
[ 20%] Built target translations_84
[ 20%] Built target translations_82
[ 20%] Built target translations_81
[ 20%] Built target translations_85
[ 20%] Built target translations_86
[ 20%] Built target translations_87
[ 21%] Built target translations_88
[ 21%] Built target translations_90
[ 22%] Built target translations_91
[ 22%] Built target translations_93
[ 22%] Built target translations_89
[ 22%] Built target translations_92
[ 22%] Built target translations_94
[ 23%] Built target translations_95
[ 23%] Built target translations_97
[ 23%] Built target translations_96
[ 23%] Built target translations_98
[ 24%] Built target translations_101
[ 24%] Built target translations_100
[ 25%] Built target translations_99
[ 25%] Built target translations_102
[ 26%] Built target translations_105
[ 26%] Built target translations_103
[ 26%] Built target translations_106
[ 26%] Automatic MOC for target desktoptojson
[ 26%] Automatic MOC for target KF5CoreAddons
[ 26%] Built target translations_104
[ 26%] Automatic MOC for target autotests_static
[ 26%] Built target desktoptojson_autogen
[ 26%] Built target autotests_static_autogen
[ 28%] Built target desktoptojson
[ 29%] Built target autotests_static
[ 29%] Built target KF5CoreAddons_autogen
[ 29%] Automatic MOC for target ktexttohtmlteststatic
[ 29%] Built target ktexttohtmlteststatic_autogen
[ 30%] Built target ktexttohtmlteststatic
[ 30%] Automatic MOC for target ktexttohtmltest
[ 30%] Automatic MOC for target ktexttohtmlbenchmarktest
[ 30%] Built target ktexttohtmltest_autogen
[ 31%] Built target ktexttohtmltest
[ 31%] Built target ktexttohtmlbenchmarktest_autogen
[ 32%] Built target ktexttohtmlbenchmarktest
[ 45%] Built target KF5CoreAddons
[ 45%] Automatic MOC for target jsonplugin
[ 45%] Automatic MOC for target jsonplugin2
[ 47%] Automatic MOC for target unversionedplugin
[ 47%] Automatic MOC for target versionedplugin
[ 47%] Automatic MOC for target multiplugin
[ 47%] Automatic MOC for target alwaysunloadplugin
[ 47%] Automatic MOC for target qtplugin
[ 47%] Built target jsonplugin_autogen
[ 47%] Automatic MOC for target jsonplugin_cmake_macro
[ 47%] Built target versionedplugin_autogen
[ 47%] Built target multiplugin_autogen
[ 47%] Built target jsonplugin2_autogen
[ 47%] Built target unversionedplugin_autogen
[ 47%] Built target alwaysunloadplugin_autogen
[ 47%] Built target qtplugin_autogen
[ 47%] Automatic MOC for target kaboutdatatest
[ 47%] Automatic MOC for target pluginwithoutmetadata
[ 47%] Automatic MOC for target org.kde.test
[ 47%] Built target jsonplugin_cmake_macro_autogen
[ 47%] Automatic MOC for target kaboutdataapplicationdatatest
[ 47%] Automatic MOC for target kautosavefiletest
[ 47%] Built target pluginwithoutmetadata_autogen
[ 47%] Automatic MOC for target kformattest
[ 47%] Automatic MOC for target kcompositejobtest
[ 47%] Built target kaboutdatatest_autogen
[ 47%] Built target org.kde.test_autogen
[ 47%] Built target kautosavefiletest_autogen
[ 47%] Automatic MOC for target kjobtest
[ 47%] Built target kaboutdataapplicationdatatest_autogen
[ 47%] Built target kcompositejobtest_autogen
[ 47%] Built target kformattest_autogen
[ 48%] Automatic MOC for target static_jsonplugin_cmake_macro_2
[ 48%] Automatic MOC for target kosreleasetest
[ 48%] Automatic MOC for target static_jsonplugin_cmake_macro
[ 48%] Built target kjobtest_autogen
[ 48%] Automatic MOC for target krandomtest
[ 48%] Built target kosreleasetest_autogen
[ 48%] Built target static_jsonplugin_cmake_macro_2_autogen
[ 48%] Automatic MOC for target kprocesstest
[ 48%] Automatic MOC for target kpluginloadertest
[ 49%] Automatic MOC for target static_plugin_without_metadata
[ 49%] Automatic MOC for target kshareddatacachetest
[ 49%] Built target static_jsonplugin_cmake_macro_autogen
[ 49%] Built target krandomtest_autogen
[ 49%] Automatic MOC for target kshelltest
[ 49%] Automatic MOC for target kurlmimedatatest
[ 49%] Built target kpluginloadertest_autogen
[ 49%] Built target static_plugin_without_metadata_autogen
[ 49%] Built target kshareddatacachetest_autogen
[ 49%] Built target kprocesstest_autogen
[ 49%] Automatic MOC for target kstringhandlertest
[ 49%] Built target kshelltest_autogen
[ 49%] Automatic MOC for target kmacroexpandertest
[ 49%] Built target kurlmimedatatest_autogen
[ 49%] Automatic MOC for target kusertest
[ 49%] Automatic MOC for target kprocesslisttest
[ 49%] Built target kstringhandlertest_autogen
[ 49%] Automatic MOC for target kfuzzymatchertest
[ 49%] Automatic MOC for target kfileutilstest
[ 49%] Built target kmacroexpandertest_autogen
[ 49%] Automatic MOC for target knetworkmountstestcanonical
[ 49%] Automatic MOC for target knetworkmountstestnoconfig
[ 49%] Built target kfuzzymatchertest_autogen
[ 49%] Automatic MOC for target knetworkmountstestpaths
[ 49%] Built target kprocesslisttest_autogen
[ 49%] Built target kusertest_autogen
[ 49%] Built target kfileutilstest_autogen
[ 49%] Automatic MOC for target knetworkmountsteststatic
[ 49%] Built target knetworkmountstestcanonical_autogen
[ 49%] Built target knetworkmountstestnoconfig_autogen
[ 49%] Built target knetworkmountstestpaths_autogen
[ 49%] Automatic MOC for target kmemoryinfotest
[ 49%] Automatic MOC for target kruntimeplatformtest
[ 49%] Automatic MOC for target klibexectest
[ 49%] Built target knetworkmountsteststatic_autogen
[ 49%] Automatic MOC for target klistopenfilesjobtest_unix
[ 49%] Built target klibexectest_autogen
[ 49%] Automatic MOC for target kdelibs4migrationtest
[ 49%] Built target kmemoryinfotest_autogen
[ 49%] Built target kruntimeplatformtest_autogen
[ 49%] Automatic MOC for target kdelibs4configmigratortest
[ 49%] Automatic MOC for target kdirwatch_stat_unittest
[ 49%] Automatic MOC for target kprocesstest_helper
[ 49%] Built target klistopenfilesjobtest_unix_autogen
[ 49%] Automatic MOC for target kdirwatch_stat_benchmarktest
[ 49%] Automatic MOC for target kdirwatch_inotify_unittest
[ 49%] Built target kdirwatch_stat_unittest_autogen
[ 49%] Built target kdelibs4migrationtest_autogen
[ 49%] Built target kprocesstest_helper_autogen
[ 49%] Built target kdelibs4configmigratortest_autogen
[ 49%] Automatic MOC for target kdirwatch_inotify_benchmarktest
[ 49%] Automatic MOC for target kdirwatch_qfswatch_unittest
[ 49%] Built target kdirwatch_stat_benchmarktest_autogen
[ 49%] Built target kdirwatch_inotify_unittest_autogen
[ 49%] Automatic MOC for target kdirwatchtest_gui
[ 49%] Automatic MOC for target kdirwatch_qfswatch_benchmarktest
[ 49%] Automatic MOC for target faceicontest
[ 49%] Built target kdirwatch_qfswatch_unittest_autogen
[ 50%] Automatic MOC for target texttohtmltest
[ 50%] Built target kdirwatch_inotify_benchmarktest_autogen
[ 50%] Built target kdirwatch_qfswatch_benchmarktest_autogen
[ 50%] Built target jsonplugin
[ 51%] Built target jsonplugin2
[ 51%] Built target texttohtmltest_autogen
[ 51%] Built target versionedplugin
[ 52%] Built target multiplugin
[ 52%] Built target unversionedplugin
[ 53%] Built target alwaysunloadplugin
[ 54%] Built target jsonplugin_cmake_macro
[ 55%] Built target qtplugin
[ 56%] Built target pluginwithoutmetadata
[ 57%] Built target kaboutdataapplicationdatatest
[ 57%] Built target kdirwatchtest_gui_autogen
[ 58%] Built target org.kde.test
[ 59%] Built target kautosavefiletest
[ 59%] Built target faceicontest_autogen
[ 60%] Built target kcompositejobtest
[ 61%] Built target kaboutdatatest
[ 62%] Built target kformattest
[ 64%] Built target static_jsonplugin_cmake_macro
[ 64%] Built target kosreleasetest
[ 64%] Built target static_jsonplugin_cmake_macro_2
[ 65%] Built target kjobtest
[ 65%] Built target static_plugin_without_metadata
[ 66%] Built target kprocesstest
[ 67%] Built target kpluginloadertest
[ 68%] Built target krandomtest
[ 69%] Built target kshareddatacachetest
[ 70%] Built target kstringhandlertest
[ 71%] Built target kurlmimedatatest
[ 72%] Built target kshelltest
[ 73%] Built target kusertest
[ 74%] Built target kmacroexpandertest
[ 75%] Built target kprocesslisttest
[ 76%] Built target kfileutilstest
[ 77%] Built target kfuzzymatchertest
[ 78%] Built target knetworkmountstestcanonical
[ 79%] Built target knetworkmountsteststatic
[ 80%] Built target knetworkmountstestnoconfig
[ 81%] Built target knetworkmountstestpaths
[ 82%] Built target kmemoryinfotest
[ 83%] Built target kruntimeplatformtest
[ 84%] Built target klibexectest
[ 86%] Built target kdelibs4migrationtest
[ 86%] Built target klistopenfilesjobtest_unix
[ 87%] Built target kdelibs4configmigratortest
[ 88%] Built target kprocesstest_helper
[ 89%] Built target kdirwatch_inotify_unittest
[ 90%] Built target kdirwatch_stat_benchmarktest
[ 91%] Built target kdirwatch_inotify_benchmarktest
[ 92%] Built target kdirwatch_stat_unittest
[ 92%] Automatic MOC for target kpluginfactorytest
[ 93%] Built target kdirwatch_qfswatch_unittest
[ 93%] Automatic MOC for target kpluginmetadatatest
[ 94%] Built target kdirwatchtest_gui
[ 95%] Built target kdirwatch_qfswatch_benchmarktest
[ 96%] Built target faceicontest
[ 96%] Built target texttohtmltest
[ 96%] Built target kpluginfactorytest_autogen
[ 96%] Built target kpluginmetadatatest_autogen
[ 97%] Built target kpluginfactorytest
[100%] Built target kpluginmetadatatest
