# kdesrc-build running: 'make' '-j' '8'
# from directory: /home/szybet/kdesrc/build/frameworks/kio
-- 

Installing in /mnt/HDD/Project/Public/okulartry/okular-things. Run /home/szybet/kdesrc/build/frameworks/kio/prefix.sh to set the environment for KIO.
CMake Warning at CMakeLists.txt:86 (find_package):
  Could not find a configuration file for package "KDED" that is compatible
  with requested version "".

  The following configuration files were considered but not accepted:

    /lib/cmake/KDED/KDEDConfig.cmake, version: 5.106.0 (64bit)
    /usr/lib/cmake/KDED/KDEDConfig.cmake, version: 5.106.0 (64bit)



CMake Warning at /home/build/inkbox/compiled-binaries/arm-kobo-linux-gnueabihf/arm-kobo-linux-gnueabihf/sysroot/lib/cmake/KF5CoreAddons/KF5CoreAddonsMacros.cmake:37 (message):
  kcoreaddons_desktop_to_json is deprecated and will be removed in KF6.
  Convert the desktop files to JSON in source using the desktoptojson
  executable
Call Stack (most recent call first):
  src/ioslaves/trash/CMakeLists.txt:89 (kcoreaddons_desktop_to_json)


CMake Warning at /home/build/inkbox/compiled-binaries/arm-kobo-linux-gnueabihf/arm-kobo-linux-gnueabihf/sysroot/lib/cmake/KF5CoreAddons/KF5CoreAddonsMacros.cmake:37 (message):
  kcoreaddons_desktop_to_json is deprecated and will be removed in KF6.
  Convert the desktop files to JSON in source using the desktoptojson
  executable
Call Stack (most recent call first):
  src/kcms/webshortcuts/CMakeLists.txt:2 (kcoreaddons_desktop_to_json)


CMake Warning at /home/build/inkbox/compiled-binaries/arm-kobo-linux-gnueabihf/arm-kobo-linux-gnueabihf/sysroot/lib/cmake/KF5CoreAddons/KF5CoreAddonsMacros.cmake:37 (message):
  kcoreaddons_desktop_to_json is deprecated and will be removed in KF6.
  Convert the desktop files to JSON in source using the desktoptojson
  executable
Call Stack (most recent call first):
  src/kcms/cookies/CMakeLists.txt:3 (kcoreaddons_desktop_to_json)


CMake Warning at /home/build/inkbox/compiled-binaries/arm-kobo-linux-gnueabihf/arm-kobo-linux-gnueabihf/sysroot/lib/cmake/KF5CoreAddons/KF5CoreAddonsMacros.cmake:37 (message):
  kcoreaddons_desktop_to_json is deprecated and will be removed in KF6.
  Convert the desktop files to JSON in source using the desktoptojson
  executable
Call Stack (most recent call first):
  src/kcms/smb/CMakeLists.txt:3 (kcoreaddons_desktop_to_json)


CMake Warning at /home/build/inkbox/compiled-binaries/arm-kobo-linux-gnueabihf/arm-kobo-linux-gnueabihf/sysroot/lib/cmake/KF5CoreAddons/KF5CoreAddonsMacros.cmake:37 (message):
  kcoreaddons_desktop_to_json is deprecated and will be removed in KF6.
  Convert the desktop files to JSON in source using the desktoptojson
  executable
Call Stack (most recent call first):
  src/kcms/proxy/CMakeLists.txt:3 (kcoreaddons_desktop_to_json)


CMake Warning at /home/build/inkbox/compiled-binaries/arm-kobo-linux-gnueabihf/arm-kobo-linux-gnueabihf/sysroot/lib/cmake/KF5CoreAddons/KF5CoreAddonsMacros.cmake:37 (message):
  kcoreaddons_desktop_to_json is deprecated and will be removed in KF6.
  Convert the desktop files to JSON in source using the desktoptojson
  executable
Call Stack (most recent call first):
  src/kcms/netpref/CMakeLists.txt:5 (kcoreaddons_desktop_to_json)


-- The following OPTIONAL packages have been found:

 * KF5Wallet (required version >= 5.106.0), Safe desktop-wide storage for passwords
   Required to have permanent storage of passwords for kpasswdserver
 * KF5Notifications (required version >= 5.106.0), Notifications library
   Required to have error notification support in kpac
 * Qt5Qml (required version >= 5.15.2), QtQml, one of the Qt5 modules
   Required to build support for auto-configuration of network proxies

-- The following REQUIRED packages have been found:

 * ECM (required version >= 5.106.0), Extra CMake Modules., <https://commits.kde.org/extra-cmake-modules>
 * Qt5Core (required version >= 5.15.2)
 * KF5Archive (required version >= 5.106.0)
 * KF5Config (required version >= 5.106.0)
 * KF5CoreAddons (required version >= 5.106.0)
 * KF5Service (required version >= 5.106.0)
 * KF5Solid (required version >= 5.106.0)
 * KF5Crash (required version >= 5.106.0)
 * KF5DBusAddons (required version >= 5.106.0)
 * KF5Completion (required version >= 5.106.0)
 * KF5GuiAddons (required version >= 5.106.0)
 * KF5IconThemes (required version >= 5.106.0)
 * KF5ItemViews (required version >= 5.106.0)
 * KF5JobWidgets (required version >= 5.106.0)
 * KF5WidgetsAddons (required version >= 5.106.0)
 * KF5WindowSystem (required version >= 5.106.0)
 * KF5Auth (required version >= 5.106.0)
 * Qt5Network
 * Qt5Concurrent
 * Qt5Xml
 * Qt5Test
 * Qt5 (required version >= 5.15.2)
 * LibMount, API for getting info about mounted filesystems (part of util-linux), <https://www.kernel.org/pub/linux/utils/util-linux/>
 * KF5Bookmarks (required version >= 5.106.0)
 * KF5ConfigWidgets (required version >= 5.106.0)
 * KF5XmlGui (required version >= 5.106.0)
 * Gettext
 * KF5I18n (required version >= 5.106.0)
 * KF5TextWidgets (required version >= 5.106.0)
 * Qt5Gui (required version >= 5.15.2)
 * Qt5Widgets (required version >= 5.15.2)
 * Qt5DBus (required version >= 5.15.2)

-- The following features have been disabled:

 * QCH, API documentation in QCH format (for e.g. Qt Assistant, Qt Creator & KDevelop)
 * DESIGNERPLUGIN, Build plugin for Qt Designer

-- The following RUNTIME packages have not been found:

 * KDED, Daemon providing session services
   KDED is used at runtime for proxy management and cookie storage

-- The following OPTIONAL packages have not been found:

 * GSSAPI, Allows KIO to make use of certain HTTP authentication services, <https://web.mit.edu/kerberos/www/>
   A MIT or HEIMDAL flavor of GSSAPI can be used

-- The following RECOMMENDED packages have not been found:

 * ACL, LibACL, <ftp://oss.sgi.com/projects/xfs/cmd_tars>
   Support for manipulating access control lists
   Support for manipulating access control lists

-- Configuring done (0.2s)
-- Generating done (0.2s)
-- Build files have been written to: /home/szybet/kdesrc/build/frameworks/kio
[  2%] Generating ts...
[  2%] Automatic MOC for target KF5KIOCore
[  2%] Generating mo...
[  2%] Automatic MOC for target kcookiejar5
[  2%] Automatic MOC for target protocoltojson
[  2%] Automatic MOC for target KF5KIONTLM
[  2%] Automatic MOC for target kded_kcookiejar
[  2%] Built target kcm_webshortcuts_link
[  2%] Built target kcookiejar5_autogen
[  2%] Built target protocoltojson_autogen
[  2%] Built target KF5KIONTLM_autogen
[  2%] Built target tsfiles-583fb853a6311f5cf12fd043f323004c
[  2%] Built target pofiles-583fb853a6311f5cf12fd043f323004c
[  2%] Built target kded_kcookiejar_autogen
[  2%] Automatic MOC for target kcm_smb
[  2%] Generating kioworker.tar.bz2
[  2%] Automatic MOC for target kpac_dhcp_helper
[  2%] Built target kcm_proxy_link
[  2%] Built target KF5KIOCore_autogen
[  3%] Linking CXX executable ../../bin/protocoltojson
[  4%] Built target kcm_smb_autogen
[  5%] Built target KF5KIONTLM
[  6%] Linking CXX executable ../../../../bin/kcookiejar5
[  6%] Built target kioworker_kapptemplate
[  6%] Built target kpac_dhcp_helper_autogen
[  6%] Building C object src/kpac/CMakeFiles/kpac_dhcp_helper.dir/kpac_dhcp_helper.c.o
[  6%] Building CXX object src/kpac/CMakeFiles/kpac_dhcp_helper.dir/kpac_dhcp_helper_autogen/mocs_compilation.cpp.o
[  6%] Built target kcm_smb
[  8%] Built target kded_kcookiejar
[  9%] Linking CXX executable ../../bin/kpac_dhcp_helper
[  9%] Built target protocoltojson
[  9%] Built target kpac_dhcp_helper
[ 29%] Built target KF5KIOCore
[ 29%] Automatic MOC for target ktrash5
[ 29%] Automatic MOC for target file_helper
[ 30%] Automatic MOC for target kio_file
[ 30%] Automatic MOC for target kcm_trash
[ 30%] Automatic MOC for target kio_trash
[ 30%] Automatic MOC for target kio_ftp
[ 30%] Automatic MOC for target kio_http_cache_cleaner
[ 30%] Built target kio_trash_autogen
[ 30%] Built target kio_file_autogen
[ 30%] Built target ktrash5_autogen
[ 30%] Built target file_helper_autogen
[ 30%] Built target kio_ftp_autogen
[ 30%] Built target kio_http_cache_cleaner_autogen
[ 30%] Built target kcm_trash_autogen
[ 31%] Built target kcookiejar5
[ 31%] Automatic MOC for target kio_remote
[ 31%] Automatic MOC for target remotedirnotify
[ 31%] Automatic MOC for target kio_http
[ 32%] Automatic MOC for target kssld
[ 32%] Automatic MOC for target kiod5
[ 32%] Automatic MOC for target KF5KIOGui
[ 33%] Automatic MOC for target kioslave5
[ 33%] Built target remotedirnotify_autogen
[ 33%] Built target kio_remote_autogen
[ 33%] Built target kiod5_autogen
[ 33%] Built target kio_http_autogen
[ 33%] Built target kioslave5_autogen
[ 33%] Built target kssld_autogen
[ 33%] Automatic MOC for target kiod_kpasswdserver
[ 33%] Built target KF5KIOGui_autogen
[ 34%] Automatic MOC for target kioexecd
[ 34%] Automatic MOC for target kcm_cookies
[ 34%] Automatic MOC for target kcm_netpref
[ 34%] Built target kiod_kpasswdserver_autogen
[ 34%] Linking CXX executable ../../../../bin/file_helper
[ 34%] Automatic MOC for target kded_proxyscout
[ 35%] Built target kcm_cookies_autogen
[ 35%] Built target kioexecd_autogen
[ 35%] Built target kcm_netpref_autogen
[ 36%] Built target kio_file
[ 36%] Linking CXX executable ../../../bin/ktrash5
[ 38%] Built target kio_trash
[ 38%] Built target kded_proxyscout_autogen
[ 39%] Linking CXX executable ../../../bin/kio_http_cache_cleaner
[ 39%] Built target kio_ftp
[ 41%] Built target kcm_trash
[ 43%] Built target kio_http
[ 44%] Built target kio_remote
[ 45%] Built target remotedirnotify
[ 45%] Linking CXX executable ../../bin/kiod5
[ 45%] Built target kssld
[ 45%] Linking CXX executable ../../bin/kioslave5
[ 47%] Built target kiod_kpasswdserver
[ 48%] Built target kioexecd
[ 54%] Built target KF5KIOGui
[ 56%] Built target kcm_cookies
[ 57%] Built target kcm_netpref
[ 57%] Automatic MOC for target ktelnetservice5
[ 59%] Built target kded_proxyscout
[ 59%] Automatic MOC for target KF5KIOWidgets
[ 59%] Built target ktelnetservice5_autogen
[ 59%] Linking CXX executable ../../../bin/ktelnetservice5
[ 60%] Built target file_helper
[ 61%] Built target ktrash5
[ 61%] Built target KF5KIOWidgets_autogen
[ 61%] Built target kio_http_cache_cleaner
[ 61%] Built target kioslave5
[ 62%] Built target kiod5
[ 78%] Built target KF5KIOWidgets
[ 79%] Automatic MOC for target KF5KIOFileWidgets
[ 80%] Automatic MOC for target kioexec
[ 80%] Automatic MOC for target localdomainurifilter
[ 81%] Automatic MOC for target kshorturifilter
[ 81%] Automatic MOC for target kuriikwsfilter
[ 81%] Automatic MOC for target fixhosturifilter
[ 81%] Automatic MOC for target kurisearchfilter
[ 81%] Built target localdomainurifilter_autogen
[ 81%] Built target kshorturifilter_autogen
[ 81%] Built target kioexec_autogen
[ 81%] Built target kurisearchfilter_autogen
[ 81%] Built target kuriikwsfilter_autogen
[ 81%] Built target fixhosturifilter_autogen
[ 81%] Built target KF5KIOFileWidgets_autogen
[ 81%] Automatic MOC for target kcm_webshortcuts
[ 81%] Automatic MOC for target kcm_proxy
[ 83%] Built target kcm_proxy_autogen
[ 83%] Built target localdomainurifilter
[ 82%] Built target kcm_webshortcuts_autogen
[ 83%] Built target ktelnetservice5
[ 83%] Built target kshorturifilter
[ 83%] Linking CXX executable ../../bin/kioexec
[ 85%] Built target fixhosturifilter
[ 87%] Built target kurisearchfilter
[ 88%] Built target kcm_webshortcuts
[ 90%] Built target kuriikwsfilter
[ 91%] Built target kcm_proxy
[ 99%] Built target KF5KIOFileWidgets
[100%] Built target kioexec
