# kdesrc-build running: 'make' '-j' '8'
# from directory: /home/szybet/kdesrc/build/frameworks/kpty
[ 11%] Generating mo...
[ 22%] Automatic MOC for target KF5Pty
[ 33%] Generating ts...
[ 33%] Built target tsfiles-c2ccbc57b07e194e0d0c4a390493e760
[ 33%] Built target KF5Pty_autogen
[ 44%] Building CXX object src/CMakeFiles/KF5Pty.dir/KF5Pty_autogen/mocs_compilation.cpp.o
[ 55%] Building CXX object src/CMakeFiles/KF5Pty.dir/kpty.cpp.o
[ 77%] Building CXX object src/CMakeFiles/KF5Pty.dir/kptyprocess.cpp.o
[ 77%] Building CXX object src/CMakeFiles/KF5Pty.dir/kptydevice.cpp.o
[ 88%] Building CXX object src/CMakeFiles/KF5Pty.dir/kpty_debug.cpp.o
[ 88%] Built target pofiles-c2ccbc57b07e194e0d0c4a390493e760
[01m[K/home/szybet/kdesrc/frameworks/kpty/src/kpty.cpp:[m[K In member function '[01m[Kvoid KPty::login(const char*, const char*)[m[K':
[01m[K/home/szybet/kdesrc/frameworks/kpty/src/kpty.cpp:512:29:[m[K [01;35m[Kwarning: [m[Kzero as null pointer constant [[01;35m[K-Wzero-as-null-pointer-constant[m[K]
  512 |     l_struct.ut_time = time([01;35m[K0[m[K);
      |                             [01;35m[K^[m[K
[100%] Linking CXX shared library ../bin/libKF5Pty.so
/mnt/HDD/Project/inkbox-build/inkbox/compiled-binaries/arm-kobo-linux-gnueabihf/bin/../lib/gcc/arm-kobo-linux-gnueabihf/11.2.0/../../../../arm-kobo-linux-gnueabihf/bin/ld.bfd: CMakeFiles/KF5Pty.dir/kpty.cpp.o: in function `KPty::open()':
/home/szybet/kdesrc/frameworks/kpty/src/kpty.cpp:218: undefined reference to `openpty'
/mnt/HDD/Project/inkbox-build/inkbox/compiled-binaries/arm-kobo-linux-gnueabihf/bin/../lib/gcc/arm-kobo-linux-gnueabihf/11.2.0/../../../../arm-kobo-linux-gnueabihf/bin/ld.bfd: CMakeFiles/KF5Pty.dir/kpty.cpp.o: in function `KPty::login(char const*, char const*)':
/home/szybet/kdesrc/frameworks/kpty/src/kpty.cpp:519: undefined reference to `login'
/mnt/HDD/Project/inkbox-build/inkbox/compiled-binaries/arm-kobo-linux-gnueabihf/bin/../lib/gcc/arm-kobo-linux-gnueabihf/11.2.0/../../../../arm-kobo-linux-gnueabihf/bin/ld.bfd: CMakeFiles/KF5Pty.dir/kpty.cpp.o: in function `KPty::logout()':
/home/szybet/kdesrc/frameworks/kpty/src/kpty.cpp:583: undefined reference to `logout'
collect2: error: ld returned 1 exit status
make[2]: *** [src/CMakeFiles/KF5Pty.dir/build.make:161: bin/libKF5Pty.so.5.107.0] Error 1
make[1]: *** [CMakeFiles/Makefile2:263: src/CMakeFiles/KF5Pty.dir/all] Error 2
make: *** [Makefile:136: all] Error 2
