# kdesrc-build running: 'make' '-j' '8'
# from directory: /home/szybet/kdesrc/build/frameworks/karchive
[  4%] Generating ECMPoQm/ca@valencia/karchive5_qt.qm
[  4%] Generating ECMPoQm/ar/karchive5_qt.qm
[  4%] Generating ECMPoQm/cs/karchive5_qt.qm
[  4%] Generating ECMPoQm/ca/karchive5_qt.qm
[  5%] Generating ECMPoQm/de/karchive5_qt.qm
[  7%] Generating ECMPoQm/en_GB/karchive5_qt.qm
[  8%] Generating ECMPoQm/fi/karchive5_qt.qm
[  9%] Generating ECMPoQm/es/karchive5_qt.qm
[  9%] Built target translations_6
[  9%] Built target translations_2
[  9%] Built target translations_1
[  9%] Built target translations_3
[  9%] Built target translations_5
[  9%] Built target translations_4
[  9%] Built target translations_8
[  9%] Built target translations_7
[ 11%] Generating ECMPoQm/fr/karchive5_qt.qm
[ 11%] Generating ECMPoQm/ia/karchive5_qt.qm
[ 12%] Generating ECMPoQm/ja/karchive5_qt.qm
[ 15%] Generating ECMPoQm/ka/karchive5_qt.qm
[ 15%] Generating ECMPoQm/it/karchive5_qt.qm
[ 16%] Generating ECMPoQm/lt/karchive5_qt.qm
[ 17%] Generating ECMPoQm/nl/karchive5_qt.qm
[ 18%] Generating ECMPoQm/nn/karchive5_qt.qm
[ 18%] Built target translations_12
[ 18%] Built target translations_10
[ 18%] Built target translations_9
[ 18%] Built target translations_11
[ 18%] Built target translations_13
[ 18%] Built target translations_15
[ 18%] Built target translations_14
[ 18%] Built target translations_16
[ 20%] Generating ECMPoQm/pl/karchive5_qt.qm
[ 21%] Generating ECMPoQm/pt/karchive5_qt.qm
[ 22%] Generating ECMPoQm/ru/karchive5_qt.qm
[ 23%] Generating ECMPoQm/sk/karchive5_qt.qm
[ 24%] Generating ECMPoQm/tr/karchive5_qt.qm
[ 25%] Generating ECMPoQm/sl/karchive5_qt.qm
[ 28%] Generating ECMPoQm/zh_CN/karchive5_qt.qm
[ 27%] Generating ECMPoQm/uk/karchive5_qt.qm
[ 28%] Built target translations_18
[ 28%] Built target translations_19
[ 28%] Built target translations_17
[ 28%] Built target translations_20
[ 28%] Built target translations_22
[ 28%] Built target translations_24
[ 28%] Built target translations_21
[ 28%] Built target translations_23
[ 29%] Generating ECMPoQm/zh_TW/karchive5_qt.qm
[ 30%] Automatic MOC for target KF5Archive
[ 31%] Automatic MOC for target klimitediodevicetest
[ 31%] Built target translations_25
[ 31%] Built target KF5Archive_autogen
[ 32%] Building CXX object src/CMakeFiles/KF5Archive.dir/KF5Archive_autogen/mocs_compilation.cpp.o
[ 34%] Building CXX object src/CMakeFiles/KF5Archive.dir/kxzfilter.cpp.o
[ 35%] Building CXX object src/CMakeFiles/KF5Archive.dir/ECMQmLoader-karchive5_qt.cpp.o
[ 36%] Building CXX object src/CMakeFiles/KF5Archive.dir/kzstdfilter.cpp.o
[ 37%] Building CXX object src/CMakeFiles/KF5Archive.dir/k7zip.cpp.o
[ 38%] Building CXX object src/CMakeFiles/KF5Archive.dir/karchive.cpp.o
[ 40%] Building CXX object src/CMakeFiles/KF5Archive.dir/kar.cpp.o
[ 40%] Built target klimitediodevicetest_autogen
[ 41%] Building CXX object autotests/CMakeFiles/klimitediodevicetest.dir/klimitediodevicetest_autogen/mocs_compilation.cpp.o
[01m[K/home/szybet/kdesrc/frameworks/karchive/src/kzstdfilter.cpp:15:10:[m[K [01;31m[Kfatal error: [m[Kzstd.h: No such file or directory
   15 | #include [01;31m[K<zstd.h>[m[K
      |          [01;31m[K^~~~~~~~[m[K
compilation terminated.
make[2]: *** [src/CMakeFiles/KF5Archive.dir/build.make:132: src/CMakeFiles/KF5Archive.dir/kzstdfilter.cpp.o] Error 1
make[2]: *** Waiting for unfinished jobs....
[ 42%] Building CXX object autotests/CMakeFiles/klimitediodevicetest.dir/klimitediodevicetest.cpp.o
[ 43%] Building CXX object autotests/CMakeFiles/klimitediodevicetest.dir/__/src/klimitediodevice.cpp.o
make[1]: *** [CMakeFiles/Makefile2:993: src/CMakeFiles/KF5Archive.dir/all] Error 2
make[1]: *** Waiting for unfinished jobs....
[ 44%] Linking CXX executable ../bin/klimitediodevicetest
[ 44%] Built target klimitediodevicetest
make: *** [Makefile:146: all] Error 2
