# kdesrc-build running: 'cmake' '-B' '.' '-S' '/home/szybet/kdesrc/frameworks/karchive' '-G' 'Unix Makefiles' '-DCMAKE_EXPORT_COMPILE_COMMANDS:BOOL=ON' '-DCMAKE_TOOLCHAIN_FILE=/mnt/HDD/Project/Public/okulartry/kobo.cmake' '-DCMAKE_CXX_FLAGS:STRING=-pipe' '-DCMAKE_INSTALL_PREFIX=/mnt/HDD/Project/Public/okulartry/okular-things' '-DCMAKE_PREFIX_PATH=/home/build/inkbox/compiled-binaries/qt-bin/'
# from directory: /home/szybet/kdesrc/build/frameworks/karchive
-- The C compiler identification is GNU 11.2.0
-- The CXX compiler identification is GNU 11.2.0
-- Detecting C compiler ABI info
-- Detecting C compiler ABI info - done
-- Check for working C compiler: /home/build/inkbox/compiled-binaries/arm-kobo-linux-gnueabihf/bin/arm-kobo-linux-gnueabihf-gcc - skipped
-- Detecting C compile features
-- Detecting C compile features - done
-- Detecting CXX compiler ABI info
-- Detecting CXX compiler ABI info - done
-- Check for working CXX compiler: /home/build/inkbox/compiled-binaries/arm-kobo-linux-gnueabihf/bin/arm-kobo-linux-gnueabihf-g++ - skipped
-- Detecting CXX compile features
-- Detecting CXX compile features - done
-- 

Installing in /mnt/HDD/Project/Public/okulartry/okular-things. Run /home/szybet/kdesrc/build/frameworks/karchive/prefix.sh to set the environment for KArchive.
-- Setting build type to 'Debug' as none was specified.
-- Looking for __GLIBC__
-- Looking for __GLIBC__ - found
-- Performing Test _OFFT_IS_64BIT
-- Performing Test _OFFT_IS_64BIT - Failed
-- Performing Test HAVE_DATE_TIME
-- Performing Test HAVE_DATE_TIME - Success
-- Performing Test BSYMBOLICFUNCTIONS_AVAILABLE
-- Performing Test BSYMBOLICFUNCTIONS_AVAILABLE - Success
-- Found ZLIB: /home/build/inkbox/compiled-binaries/arm-kobo-linux-gnueabihf/arm-kobo-linux-gnueabihf/sysroot/lib/libz.so (found version "1.2.12")  
-- Could NOT find BZip2 (missing: BZIP2_LIBRARIES BZIP2_INCLUDE_DIR) 
-- Looking for lzma_auto_decoder in /home/build/inkbox/compiled-binaries/arm-kobo-linux-gnueabihf/arm-kobo-linux-gnueabihf/sysroot/lib/liblzma.so
-- Looking for lzma_auto_decoder in /home/build/inkbox/compiled-binaries/arm-kobo-linux-gnueabihf/arm-kobo-linux-gnueabihf/sysroot/lib/liblzma.so - found
-- Looking for lzma_easy_encoder in /home/build/inkbox/compiled-binaries/arm-kobo-linux-gnueabihf/arm-kobo-linux-gnueabihf/sysroot/lib/liblzma.so
-- Looking for lzma_easy_encoder in /home/build/inkbox/compiled-binaries/arm-kobo-linux-gnueabihf/arm-kobo-linux-gnueabihf/sysroot/lib/liblzma.so - found
-- Looking for lzma_lzma_preset in /home/build/inkbox/compiled-binaries/arm-kobo-linux-gnueabihf/arm-kobo-linux-gnueabihf/sysroot/lib/liblzma.so
-- Looking for lzma_lzma_preset in /home/build/inkbox/compiled-binaries/arm-kobo-linux-gnueabihf/arm-kobo-linux-gnueabihf/sysroot/lib/liblzma.so - found
-- Found LibLZMA: /home/build/inkbox/compiled-binaries/arm-kobo-linux-gnueabihf/arm-kobo-linux-gnueabihf/sysroot/lib/liblzma.so (found version "5.2.6") 
-- Found PkgConfig: /sbin/pkg-config (found version "1.8.1") 
-- Checking for module 'libzstd'
--   Found libzstd, version 1.5.5
-- Performing Test COMPILER_HAS_HIDDEN_VISIBILITY
-- Performing Test COMPILER_HAS_HIDDEN_VISIBILITY - Success
-- Performing Test COMPILER_HAS_HIDDEN_INLINE_VISIBILITY
-- Performing Test COMPILER_HAS_HIDDEN_INLINE_VISIBILITY - Success
-- Performing Test COMPILER_HAS_DEPRECATED_ATTR
-- Performing Test COMPILER_HAS_DEPRECATED_ATTR - Success
-- The following features have been enabled:

 * LibZstd, Support for zstd compressed files and data streams

-- The following OPTIONAL packages have been found:

 * LibLZMA, Support for xz compressed files and data streams, <https://tukaani.org/xz/>
   Support for xz compressed files and data streams
 * PkgConfig
 * Qt5Network

-- The following REQUIRED packages have been found:

 * ECM (required version >= 5.106.0), Extra CMake Modules., <https://commits.kde.org/extra-cmake-modules>
 * ZLIB, Support for gzip compressed files and data streams, <https://www.zlib.net>
   Support for gzip compressed files and data streams
 * Qt5Core
 * Qt5LinguistTools

-- The following features have been disabled:

 * QCH, API documentation in QCH format (for e.g. Qt Assistant, Qt Creator & KDevelop)

-- The following RECOMMENDED packages have not been found:

 * BZip2, Support for BZip2 compressed files and data streams, <https://sourceware.org/bzip2/>
   Support for BZip2 compressed files and data streams

-- Configuring done (1.6s)
-- Generating done (0.1s)
-- Build files have been written to: /home/szybet/kdesrc/build/frameworks/karchive
