# kdesrc-build running: 'make' 'install/fast'
# from directory: /home/szybet/kdesrc/build/frameworks/karchive
Install the project...
-- Install configuration: "Debug"
-- Up-to-date: /mnt/HDD/Project/Public/okulartry/okular-things/lib/libKF5Archive.so.5.107.0
-- Up-to-date: /mnt/HDD/Project/Public/okulartry/okular-things/lib/libKF5Archive.so.5
-- Up-to-date: /mnt/HDD/Project/Public/okulartry/okular-things/lib/libKF5Archive.so
-- Up-to-date: /mnt/HDD/Project/Public/okulartry/okular-things/include/KF5/KArchive/karchive_export.h
-- Up-to-date: /mnt/HDD/Project/Public/okulartry/okular-things/include/KF5/KArchive/KArchive
-- Up-to-date: /mnt/HDD/Project/Public/okulartry/okular-things/include/KF5/KArchive/KArchiveEntry
-- Up-to-date: /mnt/HDD/Project/Public/okulartry/okular-things/include/KF5/KArchive/KArchiveFile
-- Up-to-date: /mnt/HDD/Project/Public/okulartry/okular-things/include/KF5/KArchive/KArchiveDirectory
-- Up-to-date: /mnt/HDD/Project/Public/okulartry/okular-things/include/KF5/KArchive/KAr
-- Up-to-date: /mnt/HDD/Project/Public/okulartry/okular-things/include/KF5/KArchive/KCompressionDevice
-- Up-to-date: /mnt/HDD/Project/Public/okulartry/okular-things/include/KF5/KArchive/KFilterBase
-- Up-to-date: /mnt/HDD/Project/Public/okulartry/okular-things/include/KF5/KArchive/KRcc
-- Up-to-date: /mnt/HDD/Project/Public/okulartry/okular-things/include/KF5/KArchive/KTar
-- Up-to-date: /mnt/HDD/Project/Public/okulartry/okular-things/include/KF5/KArchive/KZip
-- Up-to-date: /mnt/HDD/Project/Public/okulartry/okular-things/include/KF5/KArchive/KZipFileEntry
-- Up-to-date: /mnt/HDD/Project/Public/okulartry/okular-things/include/KF5/KArchive/KFilterDev
-- Up-to-date: /mnt/HDD/Project/Public/okulartry/okular-things/include/KF5/KArchive/karchive.h
-- Up-to-date: /mnt/HDD/Project/Public/okulartry/okular-things/include/KF5/KArchive/karchiveentry.h
-- Up-to-date: /mnt/HDD/Project/Public/okulartry/okular-things/include/KF5/KArchive/karchivefile.h
-- Up-to-date: /mnt/HDD/Project/Public/okulartry/okular-things/include/KF5/KArchive/karchivedirectory.h
-- Up-to-date: /mnt/HDD/Project/Public/okulartry/okular-things/include/KF5/KArchive/kar.h
-- Up-to-date: /mnt/HDD/Project/Public/okulartry/okular-things/include/KF5/KArchive/kcompressiondevice.h
-- Up-to-date: /mnt/HDD/Project/Public/okulartry/okular-things/include/KF5/KArchive/kfilterbase.h
-- Up-to-date: /mnt/HDD/Project/Public/okulartry/okular-things/include/KF5/KArchive/krcc.h
-- Up-to-date: /mnt/HDD/Project/Public/okulartry/okular-things/include/KF5/KArchive/ktar.h
-- Up-to-date: /mnt/HDD/Project/Public/okulartry/okular-things/include/KF5/KArchive/kzip.h
-- Up-to-date: /mnt/HDD/Project/Public/okulartry/okular-things/include/KF5/KArchive/kzipfileentry.h
-- Up-to-date: /mnt/HDD/Project/Public/okulartry/okular-things/include/KF5/KArchive/kfilterdev.h
-- Up-to-date: /mnt/HDD/Project/Public/okulartry/okular-things/include/KF5/KArchive/K7Zip
-- Up-to-date: /mnt/HDD/Project/Public/okulartry/okular-things/include/KF5/KArchive/k7zip.h
-- Up-to-date: /mnt/HDD/Project/Public/okulartry/okular-things/share/qlogging-categories5/karchive.categories
-- Up-to-date: /mnt/HDD/Project/Public/okulartry/okular-things/share/qlogging-categories5/karchive.renamecategories
-- Up-to-date: /mnt/HDD/Project/Public/okulartry/okular-things/mkspecs/modules/qt_KArchive.pri
-- Up-to-date: /mnt/HDD/Project/Public/okulartry/okular-things/share/locale/ar/LC_MESSAGES/karchive5_qt.qm
-- Up-to-date: /mnt/HDD/Project/Public/okulartry/okular-things/share/locale/ca/LC_MESSAGES/karchive5_qt.qm
-- Up-to-date: /mnt/HDD/Project/Public/okulartry/okular-things/share/locale/ca@valencia/LC_MESSAGES/karchive5_qt.qm
-- Up-to-date: /mnt/HDD/Project/Public/okulartry/okular-things/share/locale/cs/LC_MESSAGES/karchive5_qt.qm
-- Up-to-date: /mnt/HDD/Project/Public/okulartry/okular-things/share/locale/de/LC_MESSAGES/karchive5_qt.qm
-- Up-to-date: /mnt/HDD/Project/Public/okulartry/okular-things/share/locale/en_GB/LC_MESSAGES/karchive5_qt.qm
-- Up-to-date: /mnt/HDD/Project/Public/okulartry/okular-things/share/locale/es/LC_MESSAGES/karchive5_qt.qm
-- Up-to-date: /mnt/HDD/Project/Public/okulartry/okular-things/share/locale/fi/LC_MESSAGES/karchive5_qt.qm
-- Up-to-date: /mnt/HDD/Project/Public/okulartry/okular-things/share/locale/fr/LC_MESSAGES/karchive5_qt.qm
-- Up-to-date: /mnt/HDD/Project/Public/okulartry/okular-things/share/locale/ia/LC_MESSAGES/karchive5_qt.qm
-- Up-to-date: /mnt/HDD/Project/Public/okulartry/okular-things/share/locale/it/LC_MESSAGES/karchive5_qt.qm
-- Up-to-date: /mnt/HDD/Project/Public/okulartry/okular-things/share/locale/ja/LC_MESSAGES/karchive5_qt.qm
-- Up-to-date: /mnt/HDD/Project/Public/okulartry/okular-things/share/locale/ka/LC_MESSAGES/karchive5_qt.qm
-- Up-to-date: /mnt/HDD/Project/Public/okulartry/okular-things/share/locale/lt/LC_MESSAGES/karchive5_qt.qm
-- Up-to-date: /mnt/HDD/Project/Public/okulartry/okular-things/share/locale/nl/LC_MESSAGES/karchive5_qt.qm
-- Up-to-date: /mnt/HDD/Project/Public/okulartry/okular-things/share/locale/nn/LC_MESSAGES/karchive5_qt.qm
-- Up-to-date: /mnt/HDD/Project/Public/okulartry/okular-things/share/locale/pl/LC_MESSAGES/karchive5_qt.qm
-- Up-to-date: /mnt/HDD/Project/Public/okulartry/okular-things/share/locale/pt/LC_MESSAGES/karchive5_qt.qm
-- Up-to-date: /mnt/HDD/Project/Public/okulartry/okular-things/share/locale/ru/LC_MESSAGES/karchive5_qt.qm
-- Up-to-date: /mnt/HDD/Project/Public/okulartry/okular-things/share/locale/sk/LC_MESSAGES/karchive5_qt.qm
-- Up-to-date: /mnt/HDD/Project/Public/okulartry/okular-things/share/locale/sl/LC_MESSAGES/karchive5_qt.qm
-- Up-to-date: /mnt/HDD/Project/Public/okulartry/okular-things/share/locale/tr/LC_MESSAGES/karchive5_qt.qm
-- Up-to-date: /mnt/HDD/Project/Public/okulartry/okular-things/share/locale/uk/LC_MESSAGES/karchive5_qt.qm
-- Up-to-date: /mnt/HDD/Project/Public/okulartry/okular-things/share/locale/zh_CN/LC_MESSAGES/karchive5_qt.qm
-- Up-to-date: /mnt/HDD/Project/Public/okulartry/okular-things/share/locale/zh_TW/LC_MESSAGES/karchive5_qt.qm
-- Up-to-date: /mnt/HDD/Project/Public/okulartry/okular-things/include/KF5/KArchive/karchive_version.h
-- Up-to-date: /mnt/HDD/Project/Public/okulartry/okular-things/lib/cmake/KF5Archive/KF5ArchiveConfig.cmake
-- Up-to-date: /mnt/HDD/Project/Public/okulartry/okular-things/lib/cmake/KF5Archive/KF5ArchiveConfigVersion.cmake
-- Up-to-date: /mnt/HDD/Project/Public/okulartry/okular-things/lib/cmake/KF5Archive/KF5ArchiveTargets.cmake
-- Up-to-date: /mnt/HDD/Project/Public/okulartry/okular-things/lib/cmake/KF5Archive/KF5ArchiveTargets-debug.cmake
