# kdesrc-build running: 'make' '-j' '8'
# from directory: /home/szybet/kdesrc/build/frameworks/kcodecs
-- 

Installing in /mnt/HDD/Project/Public/okulartry/okular-things. Run /home/szybet/kdesrc/build/frameworks/kcodecs/prefix.sh to set the environment for KCodecs.
-- The following REQUIRED packages have been found:

 * ECM (required version >= 5.106.0), Extra CMake Modules., <https://commits.kde.org/extra-cmake-modules>
 * Gperf, Perfect hash function generator, <https://www.gnu.org/software/gperf/>
 * Qt5Core
 * Qt5LinguistTools

-- The following features have been disabled:

 * QCH, API documentation in QCH format (for e.g. Qt Assistant, Qt Creator & KDevelop)

-- Configuring done (0.3s)
-- Generating done (0.3s)
-- Build files have been written to: /home/szybet/kdesrc/build/frameworks/kcodecs
[  1%] Built target translations_3
[  1%] Built target translations_2
[  2%] Built target translations_4
[  1%] Built target translations_7
[  3%] Built target translations_1
[  4%] Built target translations_5
[  4%] Built target translations_6
[  5%] Built target translations_8
[  5%] Built target translations_10
[  6%] Built target translations_9
[  6%] Built target translations_11
[  7%] Built target translations_12
[  8%] Built target translations_14
[  8%] Built target translations_13
[  8%] Built target translations_16
[  9%] Built target translations_15
[ 10%] Built target translations_17
[ 10%] Built target translations_18
[ 11%] Built target translations_19
[ 12%] Built target translations_20
[ 12%] Built target translations_21
[ 13%] Built target translations_22
[ 14%] Built target translations_23
[ 14%] Built target translations_24
[ 14%] Built target translations_26
[ 15%] Built target translations_25
[ 16%] Built target translations_27
[ 16%] Built target translations_28
[ 17%] Built target translations_29
[ 17%] Built target translations_30
[ 18%] Built target translations_31
[ 19%] Built target translations_35
[ 20%] Built target translations_32
[ 20%] Built target translations_33
[ 20%] Built target translations_34
[ 21%] Built target translations_36
[ 21%] Built target translations_37
[ 21%] Built target translations_39
[ 22%] Built target translations_38
[ 22%] Built target translations_42
[ 22%] Built target translations_40
[ 23%] Built target translations_43
[ 24%] Built target translations_41
[ 25%] Built target translations_44
[ 25%] Built target translations_45
[ 26%] Built target translations_46
[ 26%] Built target translations_47
[ 27%] Built target translations_50
[ 28%] Built target translations_48
[ 28%] Built target translations_49
[ 29%] Built target translations_52
[ 29%] Built target translations_53
[ 29%] Built target translations_51
[ 30%] Built target translations_54
[ 30%] Built target translations_55
[ 31%] Built target translations_56
[ 32%] Built target translations_57
[ 33%] Built target translations_60
[ 34%] Built target translations_59
[ 35%] Built target translations_62
[ 35%] Built target translations_63
[ 35%] Built target translations_61
[ 35%] Built target translations_58
[ 37%] Built target translations_64
[ 37%] Built target translations_65
[ 37%] Built target translations_66
[ 37%] Built target translations_68
[ 38%] Built target translations_67
[ 39%] Built target translations_69
[ 40%] Built target translations_71
[ 41%] Built target translations_70
[ 41%] Built target translations_74
[ 42%] Built target translations_73
[ 43%] Built target translations_75
[ 44%] Built target translations_77
[ 44%] Built target translations_72
[ 44%] Built target translations_76
[ 45%] Built target translations_78
[ 45%] Built target translations_79
[ 45%] Built target translations_80
[ 45%] Built target translations_82
[ 46%] Built target translations_83
[ 47%] Built target translations_81
[ 47%] Built target translations_84
[ 48%] Built target translations_85
[ 49%] Built target translations_86
[ 49%] Built target translations_87
[ 50%] Built target translations_88
[ 50%] Built target translations_89
[ 50%] Built target translations_90
[ 51%] Built target translations_91
[ 52%] Built target translations_92
[ 52%] Built target translations_93
[ 53%] Built target translations_94
[ 53%] Built target translations_95
[ 54%] Built target translations_96
[ 55%] Built target translations_98
[ 55%] Built target translations_97
[ 56%] Built target translations_99
[ 57%] Built target translations_100
[ 57%] Automatic MOC for target KF5Codecs
[ 58%] Automatic MOC for target kusasciitextcodectest
[ 58%] Built target KF5Codecs_autogen
[ 58%] Built target kusasciitextcodectest_autogen
[ 58%] Linking CXX executable ../bin/kusasciitextcodectest
[ 81%] Built target KF5Codecs
[ 85%] Automatic MOC for target base64benchmark
[ 85%] Automatic MOC for target codectest
[ 85%] Automatic MOC for target rfc2047test
[ 85%] Automatic MOC for target kencodingprobertest
[ 85%] Automatic MOC for target base45test
[ 85%] Automatic MOC for target kcharsetstest
[ 86%] Automatic MOC for target kemailaddresstest
[ 86%] Built target base45test_autogen
[ 86%] Built target rfc2047test_autogen
[ 86%] Built target kcharsetstest_autogen
[ 86%] Built target kencodingprobertest_autogen
[ 86%] Built target codectest_autogen
[ 86%] Built target base64benchmark_autogen
[ 86%] Built target kemailaddresstest_autogen
[ 88%] Built target kusasciitextcodectest
[ 88%] Linking CXX executable ../bin/rfc2047test
[ 89%] Linking CXX executable ../bin/base45test
[ 89%] Linking CXX executable ../bin/kencodingprobertest
[ 89%] Linking CXX executable ../bin/base64benchmark
[ 90%] Linking CXX executable ../bin/kcharsetstest
[ 90%] Linking CXX executable ../bin/codectest
[ 90%] Linking CXX executable ../bin/kemailaddresstest
[ 91%] Built target base45test
[ 93%] Built target base64benchmark
[ 94%] Built target kencodingprobertest
[ 95%] Built target rfc2047test
[ 97%] Built target codectest
[ 97%] Built target kcharsetstest
[100%] Built target kemailaddresstest
