# kdesrc-build running: 'make' '-j' '8'
# from directory: /home/szybet/kdesrc/build/frameworks/kcodecs
-- 

Installing in /mnt/HDD/Project/Public/okulartry/okular-things. Run /home/szybet/kdesrc/build/frameworks/kcodecs/prefix.sh to set the environment for KCodecs.
-- The following REQUIRED packages have been found:

 * ECM (required version >= 5.106.0), Extra CMake Modules., <https://commits.kde.org/extra-cmake-modules>
 * Gperf, Perfect hash function generator, <https://www.gnu.org/software/gperf/>
 * Qt5Core
 * Qt5LinguistTools

-- The following features have been disabled:

 * QCH, API documentation in QCH format (for e.g. Qt Assistant, Qt Creator & KDevelop)

-- Configuring done (0.1s)
-- Generating done (0.0s)
-- Build files have been written to: /home/szybet/kdesrc/build/frameworks/kcodecs
[  2%] Built target translations_1
[  2%] Built target translations_2
[  4%] Built target translations_3
[  4%] Built target translations_6
[  2%] Built target translations_4
[  5%] Built target translations_5
[  6%] Built target translations_8
[  6%] Built target translations_7
[  7%] Built target translations_9
[  8%] Built target translations_11
[  8%] Built target translations_13
[  9%] Built target translations_12
[  9%] Built target translations_10
[ 10%] Built target translations_14
[ 11%] Built target translations_15
[ 11%] Built target translations_16
[ 12%] Built target translations_17
[ 12%] Built target translations_19
[ 13%] Built target translations_20
[ 14%] Built target translations_18
[ 15%] Built target translations_22
[ 15%] Built target translations_21
[ 16%] Built target translations_23
[ 17%] Built target translations_24
[ 17%] Built target translations_25
[ 18%] Built target translations_26
[ 19%] Built target translations_27
[ 19%] Built target translations_28
[ 20%] Built target translations_29
[ 20%] Built target translations_30
[ 21%] Built target translations_31
[ 22%] Built target translations_32
[ 23%] Built target translations_35
[ 24%] Built target translations_33
[ 24%] Built target translations_34
[ 25%] Built target translations_36
[ 24%] Built target translations_37
[ 26%] Built target translations_39
[ 27%] Built target translations_38
[ 28%] Built target translations_40
[ 29%] Built target translations_41
[ 29%] Built target translations_42
[ 30%] Built target translations_43
[ 31%] Built target translations_45
[ 31%] Built target translations_46
[ 33%] Built target translations_48
[ 33%] Built target translations_47
[ 34%] Built target translations_44
[ 34%] Built target translations_49
[ 35%] Built target translations_50
[ 35%] Built target translations_51
[ 35%] Built target translations_54
[ 36%] Built target translations_52
[ 37%] Built target translations_53
[ 38%] Built target translations_56
[ 39%] Built target translations_55
[ 40%] Built target translations_57
[ 40%] Built target translations_58
[ 41%] Built target translations_59
[ 41%] Built target translations_60
[ 42%] Built target translations_61
[ 43%] Built target translations_62
[ 43%] Built target translations_63
[ 44%] Built target translations_64
[ 45%] Built target translations_65
[ 46%] Built target translations_66
[ 46%] Built target translations_67
[ 47%] Built target translations_68
[ 48%] Built target translations_69
[ 49%] Built target translations_70
[ 50%] Built target translations_71
[ 50%] Built target translations_72
[ 51%] Built target translations_73
[ 52%] Built target translations_74
[ 53%] Built target translations_76
[ 53%] Built target translations_75
[ 54%] Built target translations_78
[ 55%] Built target translations_77
[ 55%] Built target translations_79
[ 56%] Built target translations_80
[ 56%] Built target translations_81
[ 57%] Built target translations_83
[ 58%] Built target translations_82
[ 59%] Built target translations_85
[ 60%] Built target translations_86
[ 60%] Built target translations_84
[ 60%] Built target translations_87
[ 61%] Built target translations_88
[ 61%] Built target translations_90
[ 62%] Built target translations_91
[ 63%] Built target translations_89
[ 63%] Built target translations_93
[ 64%] Built target translations_94
[ 65%] Built target translations_92
[ 65%] Built target translations_96
[ 66%] Built target translations_95
[ 67%] Built target translations_97
[ 68%] Built target translations_98
[ 69%] Built target translations_99
[ 71%] Built target translations_100
[ 71%] Automatic MOC for target KF5Codecs
[ 71%] Built target KF5Codecs_autogen
[100%] Built target KF5Codecs
